(             libc.so[0xCBC2B000])[08 B5       ]0x0000E2F8:	PUSH	{R3, LR}	;(SP=0x10100000 R3=0x00000000 LR=0x0113D9CD )
(             libc.so[0xCBC2B000])[00 22       ]0x0000E2FA:	MOVS	R2, #0
(             libc.so[0xCBC2B000])[1D EE 70 3F ]0x0000E2FC:	MRC	P15, #0, R3, C13, C0, #3	;(R3=0x00000000 )
(             libc.so[0xCBC2B000])[D8 68       ]0x0000E300:	LDR	R0, [R3, #0XC]	;(R3=0x00000000 )
(             libc.so[0xCBC2B000])[DA 60       ]0x0000E302:	STR	R2, [R3, #0XC]	;(R2=0x00000000 R3=0x00000000 )
(             libc.so[0xCBC2B000])[03 F0 96 FF ]0x0000E304:	BL	#0XCBC3D234	;(PC=0xCBC39304 )
(             libc.so[0xCBC2B000])[16 4A       ]0x00012234:	LDR	R2, [PC, #0X58]	;(PC=0xCBC3D234 )
(             libc.so[0xCBC2B000])[38 B5       ]0x00012236:	PUSH	{R3, R4, R5, LR}	;(SP=0x100FFFF8 R3=0x00000000 R4=0x00000000 R5=0x00000000 LR=0xCBC39309 )
(             libc.so[0xCBC2B000])[7A 44       ]0x00012238:	ADD	R2, PC	;(R2=0x0003C14C PC=0xCBC3D238 )
(             libc.so[0xCBC2B000])[83 68       ]0x0001223A:	LDR	R3, [R0, #8]	;(R0=0x00000000 )
(             libc.so[0xCBC2B000])[04 46       ]0x0001223C:	MOV	R4, R0	;(R0=0x00000000 )
(             libc.so[0xCBC2B000])[15 4D       ]0x0001223E:	LDR	R5, [PC, #0X54]	;(PC=0xCBC3D23E )
(             libc.so[0xCBC2B000])[13 60       ]0x00012240:	STR	R3, [R2]	;(R3=0x00000000 R2=0xCBC79388 )
(             libc.so[0xCBC2B000])[02 F0 01 F9 ]0x00012242:	BL	#0XCBC3F448	;(PC=0xCBC3D242 )
(             libc.so[0xCBC2B000])[1D EE 70 0F ]0x00014448:	MRC	P15, #0, R0, C13, C0, #3 ; __errno	;(R0=0x00000000 )
(             libc.so[0xCBC2B000])[08 30       ]0x0001444C:	ADDS	R0, #8	;(R0=0x00000000 )
(             libc.so[0xCBC2B000])[70 47       ]0x0001444E:	BX	LR	;(LR=0xCBC3D247 )
(             libc.so[0xCBC2B000])[00 21       ]0x00012246:	MOVS	R1, #0
(             libc.so[0xCBC2B000])[7D 44       ]0x00012248:	ADD	R5, PC	;(R5=0x00037D8C PC=0xCBC3D248 )
(             libc.so[0xCBC2B000])[E2 68       ]0x0001224A:	LDR	R2, [R4, #0XC]	;(R4=0x00000000 )
(             libc.so[0xCBC2B000])[01 60       ]0x0001224C:	STR	R1, [R0]	;(R1=0x00000000 R0=0x00000008 )
(             libc.so[0xCBC2B000])[12 48       ]0x0001224E:	LDR	R0, [PC, #0X48]	;(PC=0xCBC3D24E )
(             libc.so[0xCBC2B000])[61 68       ]0x00012250:	LDR	R1, [R4, #4]	;(R4=0x00000000 )
(             libc.so[0xCBC2B000])[2B 58       ]0x00012252:	LDR	R3, [R5, R0]	;(R5=0xCBC74FD8 R0=0xFFFFFF6C )
(             libc.so[0xCBC2B000])[1A 60       ]0x00012254:	STR	R2, [R3]	;(R2=0x00000000 R3=0xCBC7937C )
(             libc.so[0xCBC2B000])[08 68       ]0x00012256:	LDR	R0, [R1]	;(R1=0x00000000 )
(             libc.so[0xCBC2B000])[08 B9       ]0x00012258:	CBNZ	R0, #0XCBC3D25E	;(R0=0x00000000 )
(             libc.so[0xCBC2B000])[10 48       ]0x0001225A:	LDR	R0, [PC, #0X40]	;(PC=0xCBC3D25A )
(             libc.so[0xCBC2B000])[78 44       ]0x0001225C:	ADD	R0, PC	;(R0=0x0002DAE0 PC=0xCBC3D25C )
(             libc.so[0xCBC2B000])[10 4B       ]0x0001225E:	LDR	R3, [PC, #0X40]	;(PC=0xCBC3D25E )
(             libc.so[0xCBC2B000])[10 4A       ]0x00012260:	LDR	R2, [PC, #0X40]	;(PC=0xCBC3D260 )
(             libc.so[0xCBC2B000])[7B 44       ]0x00012262:	ADD	R3, PC	;(R3=0x0003C11A PC=0xCBC3D262 )
(             libc.so[0xCBC2B000])[18 60       ]0x00012264:	STR	R0, [R3]	;(R0=0xCBC6AD40 R3=0xCBC79380 )
(             libc.so[0xCBC2B000])[20 69       ]0x00012266:	LDR	R0, [R4, #0X10]	;(R4=0x00000000 )
(             libc.so[0xCBC2B000])[A9 58       ]0x00012268:	LDR	R1, [R5, R2]	;(R5=0xCBC74FD8 R2=0xFFFFFF70 )
(             libc.so[0xCBC2B000])[08 60       ]0x0001226A:	STR	R0, [R1]	;(R0=0x00000000 R1=0xCBC79390 )
(             libc.so[0xCBC2B000])[19 20       ]0x0001226C:	MOVS	R0, #0X19
(             libc.so[0xCBC2B000])[FF F7 93 FF ]0x0001226E:	BL	#0XCBC3D198	;(PC=0xCBC3D26E )
(             libc.so[0xCBC2B000])[06 4B       ]0x00012198:	LDR	R3, [PC, #0X18] ; getauxval	;(PC=0xCBC3D198 )
(             libc.so[0xCBC2B000])[7B 44       ]0x0001219A:	ADD	R3, PC	;(R3=0x0003C1DE PC=0xCBC3D19A )
(             libc.so[0xCBC2B000])[19 68       ]0x0001219C:	LDR	R1, [R3]	;(R3=0xCBC7937C )
(             libc.so[0xCBC2B000])[04 E0       ]0x0001219E:	B	#0XCBC3D1AA
(             libc.so[0xCBC2B000])[0A 68       ]0x000121AA:	LDR	R2, [R1]	;(R1=0x00000000 )
(             libc.so[0xCBC2B000])[00 2A       ]0x000121AC:	CMP	R2, #0	;(R2=0x00000000 )
(             libc.so[0xCBC2B000])[F7 D1       ]0x000121AE:	BNE	#0XCBC3D1A0
(             libc.so[0xCBC2B000])[10 46       ]0x000121B0:	MOV	R0, R2	;(R2=0x00000000 )
(             libc.so[0xCBC2B000])[70 47       ]0x000121B2:	BX	LR	;(LR=0xCBC3D273 )
(             libc.so[0xCBC2B000])[0D 4B       ]0x00012272:	LDR	R3, [PC, #0X34]	;(PC=0xCBC3D272 )
(             libc.so[0xCBC2B000])[7B 44       ]0x00012274:	ADD	R3, PC	;(R3=0x0003C10C PC=0xCBC3D274 )
(             libc.so[0xCBC2B000])[02 68       ]0x00012276:	LDR	R2, [R0]	;(R0=0x00000000 )
(             libc.so[0xCBC2B000])[1A 60       ]0x00012278:	STR	R2, [R3]	;(R2=0x00000000 R3=0xCBC79384 )
(             libc.so[0xCBC2B000])[00 F0 51 FE ]0x0001227A:	BL	#0XCBC3DF20	;(PC=0xCBC3D27A )
(             libc.so[0xCBC2B000])[1D EE 70 3F ]0x00012F20:	MRC	P15, #0, R3, C13, C0, #3 ; __get_thread	;(R3=0xCBC79384 )
(             libc.so[0xCBC2B000])[58 68       ]0x00012F24:	LDR	R0, [R3, #4]	;(R3=0x00000000 )
(             libc.so[0xCBC2B000])[70 47       ]0x00012F26:	BX	LR	;(LR=0xCBC3D27F )
(             libc.so[0xCBC2B000])[00 22       ]0x0001227E:	MOVS	R2, #0
(             libc.so[0xCBC2B000])[80 F8 24 20 ]0x00012280:	STRB.W	R2, [R0, #0X24]	;(R2=0x00000000 R0=0x00000000 )
(             libc.so[0xCBC2B000])[00 F0 2C FE ]0x00012284:	BL	#0XCBC3DEE0	;(PC=0xCBC3D284 )
(             libc.so[0xCBC2B000])[10 B5       ]0x00012EE0:	PUSH	{R4, LR} ; _pthread_internal_add	;(SP=0x100FFFE8 R4=0x00000000 LR=0xCBC3D289 )
(             libc.so[0xCBC2B000])[04 46       ]0x00012EE2:	MOV	R4, R0	;(R0=0x00000000 )
(             libc.so[0xCBC2B000])[0A 48       ]0x00012EE4:	LDR	R0, [PC, #0X28]	;(PC=0xCBC3DEE4 )
(             libc.so[0xCBC2B000])[78 44       ]0x00012EE6:	ADD	R0, PC	;(R0=0x0003B4B6 PC=0xCBC3DEE6 )
(             libc.so[0xCBC2B000])[FB F7 78 EC ]0x00012EE8:	BLX	#0XCBC397DC	;(PC=0xCBC3DEE8 )
(             libc.so[0xCBC2B000])[90 FF FF EA ]0x0000E7DC:	B	#0XCBC39624 ; pthread_mutex_lock	;(PC=0xCBC397DC )
(             libc.so[0xCBC2B000])[F0 41 2D E9 ]0x0000E624:	PUSH	{R4, R5, R6, R7, R8, LR}	;(SP=0x100FFFE0 R4=0x00000000 R5=0xCBC74FD8 R6=0x00000000 R7=0x00000000 R8=0x00000000 LR=0xCBC3DEED )
(             libc.so[0xCBC2B000])[00 40 50 E2 ]0x0000E628:	SUBS	R4, R0, #0	;(R0=0xCBC793A0 )
(             libc.so[0xCBC2B000])[1B 00 00 0A ]0x0000E62C:	BEQ	#0XCBC396A0	;(PC=0xCBC3962C )
(             libc.so[0xCBC2B000])[00 50 94 E5 ]0x0000E630:	LDR	R5, [R4]	;(R4=0xCBC793A0 )
(             libc.so[0xCBC2B000])[03 79 15 E2 ]0x0000E634:	ANDS	R7, R5, #0XC000	;(R5=0x00000000 )
(             libc.so[0xCBC2B000])[02 6A 05 E2 ]0x0000E638:	AND	R6, R5, #0X2000	;(R5=0x00000000 )
(             libc.so[0xCBC2B000])[19 00 00 1A ]0x0000E63C:	BNE	#0XCBC396A8	;(PC=0xCBC3963C )
(             libc.so[0xCBC2B000])[01 00 86 E3 ]0x0000E640:	ORR	R0, R6, #1	;(R6=0x00000000 )
(             libc.so[0xCBC2B000])[9F 3F 94 E1 ]0x0000E644:	LDREX	R3, [R4]	;(R4=0xCBC793A0 )
(             libc.so[0xCBC2B000])[00 10 A0 E3 ]0x0000E648:	MOV	R1, #0
(             libc.so[0xCBC2B000])[06 00 33 E1 ]0x0000E64C:	TEQ	R3, R6	;(R3=0x00000000 R6=0x00000000 )
(             libc.so[0xCBC2B000])[90 1F 84 01 ]0x0000E650:	STREXEQ	R1, R0, [R4]	;(R0=0x00000001 R4=0xCBC793A0 )
(             libc.so[0xCBC2B000])[00 00 51 E3 ]0x0000E654:	CMP	R1, #0	;(R1=0x00000000 )
(             libc.so[0xCBC2B000])[F9 FF FF 1A ]0x0000E658:	BNE	#0XCBC39644	;(PC=0xCBC39658 )
(             libc.so[0xCBC2B000])[03 00 56 E1 ]0x0000E65C:	CMP	R6, R3	;(R6=0x00000000 R3=0x00000000 )
(             libc.so[0xCBC2B000])[02 50 86 13 ]0x0000E660:	ORRNE	R5, R6, #2	;(R6=0x00000000 )
(             libc.so[0xCBC2B000])[01 00 00 1A ]0x0000E664:	BNE	#0XCBC39670	;(PC=0xCBC39664 )
(             libc.so[0xCBC2B000])[09 00 00 EA ]0x0000E668:	B	#0XCBC39694	;(PC=0xCBC39668 )
(             libc.so[0xCBC2B000])[5F F0 7F F5 ]0x0000E694:	DMB	SY
(             libc.so[0xCBC2B000])[00 00 A0 E3 ]0x0000E698:	MOV	R0, #0
(             libc.so[0xCBC2B000])[F0 81 BD E8 ]0x0000E69C:	POP	{R4, R5, R6, R7, R8, PC}	;(SP=0x100FFFC8 )
(             libc.so[0xCBC2B000])[09 4B       ]0x00012EEC:	LDR	R3, [PC, #0X24]	;(PC=0xCBC3DEEC )
(             libc.so[0xCBC2B000])[00 22       ]0x00012EEE:	MOVS	R2, #0
(             libc.so[0xCBC2B000])[62 60       ]0x00012EF0:	STR	R2, [R4, #4]	;(R2=0x00000000 R4=0x00000000 )
(             libc.so[0xCBC2B000])[7B 44       ]0x00012EF2:	ADD	R3, PC	;(R3=0x0003B4A6 PC=0xCBC3DEF2 )
(             libc.so[0xCBC2B000])[18 68       ]0x00012EF4:	LDR	R0, [R3]	;(R3=0xCBC7939C )
(             libc.so[0xCBC2B000])[20 60       ]0x00012EF6:	STR	R0, [R4]	;(R0=0x00000000 R4=0x00000000 )
(             libc.so[0xCBC2B000])[00 B1       ]0x00012EF8:	CBZ	R0, #0XCBC3DEFC	;(R0=0x00000000 )
(             libc.so[0xCBC2B000])[06 49       ]0x00012EFC:	LDR	R1, [PC, #0X18]	;(PC=0xCBC3DEFC )
(             libc.so[0xCBC2B000])[07 48       ]0x00012EFE:	LDR	R0, [PC, #0X1C]	;(PC=0xCBC3DEFE )
(             libc.so[0xCBC2B000])[79 44       ]0x00012F00:	ADD	R1, PC	;(R1=0x0003B498 PC=0xCBC3DF00 )
(             libc.so[0xCBC2B000])[78 44       ]0x00012F02:	ADD	R0, PC	;(R0=0x0003B49A PC=0xCBC3DF02 )
(             libc.so[0xCBC2B000])[0C 60       ]0x00012F04:	STR	R4, [R1]	;(R4=0x00000000 R1=0xCBC7939C )
(             libc.so[0xCBC2B000])[BD E8 10 40 ]0x00012F06:	POP.W	{R4, LR}	;(SP=0x100FFFE0 )
(             libc.so[0xCBC2B000])[2A F0 E7 BA ]0x00012F0A:	B.W	#0XCBC684DC
(             libc.so[0xCBC2B000])[78 47       ]0x0003D4DC:	BX	PC	;(PC=0xCBC684DC )
(             libc.so[0xCBC2B000])[00 C0 9F E5 ]0x0003D4E0:	LDR	IP, [PC]	;(PC=0xCBC684E0 )
(             libc.so[0xCBC2B000])[0F F0 8C E0 ]0x0003D4E4:	ADD	PC, IP, PC	;(IP=0xFFFD13F4 PC=0xCBC684E4 )
(             libc.so[0xCBC2B000])[BE FF FF EA ]0x0000E8E0:	B	#0XCBC397E0 ; pthread_mutex_unlock	;(PC=0xCBC398E0 )
(             libc.so[0xCBC2B000])[70 40 2D E9 ]0x0000E7E0:	PUSH	{R4, R5, R6, LR}	;(SP=0x100FFFE8 R4=0x00000000 R5=0xCBC74FD8 R6=0x00000000 LR=0xCBC3D289 )
(             libc.so[0xCBC2B000])[00 40 50 E2 ]0x0000E7E4:	SUBS	R4, R0, #0	;(R0=0xCBC793A0 )
(             libc.so[0xCBC2B000])[08 D0 4D E2 ]0x0000E7E8:	SUB	SP, SP, #8	;(SP=0x100FFFD8 )
(             libc.so[0xCBC2B000])[2B 00 00 0A ]0x0000E7EC:	BEQ	#0XCBC398A0	;(PC=0xCBC397EC )
(             libc.so[0xCBC2B000])[00 50 94 E5 ]0x0000E7F0:	LDR	R5, [R4]	;(R4=0xCBC793A0 )
(             libc.so[0xCBC2B000])[03 69 15 E2 ]0x0000E7F4:	ANDS	R6, R5, #0XC000	;(R5=0x00000001 )
(             libc.so[0xCBC2B000])[02 1A 05 E2 ]0x0000E7F8:	AND	R1, R5, #0X2000	;(R5=0x00000001 )
(             libc.so[0xCBC2B000])[11 00 00 1A ]0x0000E7FC:	BNE	#0XCBC39848	;(PC=0xCBC397FC )
(             libc.so[0xCBC2B000])[5F F0 7F F5 ]0x0000E800:	DMB	SY
(             libc.so[0xCBC2B000])[9F 2F 94 E1 ]0x0000E804:	LDREX	R2, [R4]	;(R4=0xCBC793A0 )
(             libc.so[0xCBC2B000])[01 30 42 E2 ]0x0000E808:	SUB	R3, R2, #1	;(R2=0x00000001 )
(             libc.so[0xCBC2B000])[93 5F 84 E1 ]0x0000E80C:	STREX	R5, R3, [R4]	;(R3=0x00000000 R4=0xCBC793A0 )
(             libc.so[0xCBC2B000])[00 00 55 E3 ]0x0000E810:	CMP	R5, #0	;(R5=0x00000000 )
(             libc.so[0xCBC2B000])[FA FF FF 1A ]0x0000E814:	BNE	#0XCBC39804	;(PC=0xCBC39814 )
(             libc.so[0xCBC2B000])[01 C0 81 E3 ]0x0000E818:	ORR	IP, R1, #1	;(R1=0x00000000 )
(             libc.so[0xCBC2B000])[0C 00 52 E1 ]0x0000E81C:	CMP	R2, IP	;(R2=0x00000001 IP=0x00000001 )
(             libc.so[0xCBC2B000])[06 00 00 0A ]0x0000E820:	BEQ	#0XCBC39840	;(PC=0xCBC39820 )
(             libc.so[0xCBC2B000])[00 00 A0 E3 ]0x0000E840:	MOV	R0, #0
(             libc.so[0xCBC2B000])[FB FF FF EA ]0x0000E844:	B	#0XCBC39838	;(PC=0xCBC39844 )
(             libc.so[0xCBC2B000])[08 D0 8D E2 ]0x0000E838:	ADD	SP, SP, #8	;(SP=0x100FFFD0 )
(             libc.so[0xCBC2B000])[70 80 BD E8 ]0x0000E83C:	POP	{R4, R5, R6, PC}	;(SP=0x100FFFD8 )
(             libc.so[0xCBC2B000])[BD E8 38 40 ]0x00012288:	POP.W	{R3, R4, R5, LR}	;(SP=0x100FFFE8 )
(             libc.so[0xCBC2B000])[1C F0 1A B9 ]0x0001228C:	B.W	#0XCBC594C4
(             libc.so[0xCBC2B000])[3C 48       ]0x0002E4C4:	LDR	R0, [PC, #0XF0] ; __system_properties_init	;(PC=0xCBC594C4 )
(             libc.so[0xCBC2B000])[4F F4 08 21 ]0x0002E4C6:	MOV.W	R1, #0X88000
(             libc.so[0xCBC2B000])[F0 B5       ]0x0002E4CA:	PUSH	{R4, R5, R6, R7, LR}	;(SP=0x100FFFF8 R4=0x00000000 R5=0x00000000 R6=0x00000000 R7=0x00000000 LR=0xCBC39309 )
(             libc.so[0xCBC2B000])[78 44       ]0x0002E4CC:	ADD	R0, PC	;(R0=0x0001BE14 PC=0xCBC594CC )
(             libc.so[0xCBC2B000])[9D B0       ]0x0002E4CE:	SUB	SP, #0X74	;(SP=0x100FFFE4 )
(             libc.so[0xCBC2B000])[3A 4C       ]0x0002E4D0:	LDR	R4, [PC, #0XE8]	;(PC=0xCBC594D0 )
(             libc.so[0xCBC2B000])[FF F7 37 F9 ]0x0002E4D2:	BL	#0XCBC58744	;(PC=0xCBC594D2 )
(             libc.so[0xCBC2B000])[0E B4       ]0x0002D744:	PUSH	{R1, R2, R3} ; open	;(SP=0x100FFF70 R1=0x00088000 R2=0x00000001 R3=0x00000000 )
(             libc.so[0xCBC2B000])[03 B5       ]0x0002D746:	PUSH	{R0, R1, LR}	;(SP=0x100FFF64 R0=0xCBC752E4 R1=0x00088000 LR=0xCBC594D7 )
(             libc.so[0xCBC2B000])[03 9A       ]0x0002D748:	LDR	R2, [SP, #0XC]	;(SP=0x100FFF58 )
(             libc.so[0xCBC2B000])[42 F4 00 31 ]0x0002D74A:	ORR	R1, R2, #0X20000	;(R2=0x00088000 )
(             libc.so[0xCBC2B000])[12 F0 40 02 ]0x0002D74E:	ANDS	R2, R2, #0X40	;(R2=0x00088000 )
(             libc.so[0xCBC2B000])[03 D0       ]0x0002D752:	BEQ	#0XCBC5875C
(             libc.so[0xCBC2B000])[F2 F7 F6 ED ]0x0002D75C:	BLX	#0XCBC4B34C	;(PC=0xCBC5875C )
(             libc.so[0xCBC2B000])[07 C0 A0 E1 ]0x0002034C:	MOV	IP, R7 ; __open	;(R7=0x00000000 )
(             libc.so[0xCBC2B000])[05 70 A0 E3 ]0x00020350:	MOV	R7, #5
(             libc.so[0xCBC2B000])[00 00 00 EF ]0x00020354:	SVC	#0	;(PC=0xCBC4B354 )
(             libc.so[0xCBC2B000])[0C 70 A0 E1 ]0x00020358:	MOV	R7, IP	;(IP=0x00000000 )
(             libc.so[0xCBC2B000])[01 0A 70 E3 ]0x0002035C:	CMN	R0, #0X1000	;(R0=0xFFFFFFFF )
(             libc.so[0xCBC2B000])[1E FF 2F 91 ]0x00020360:	BXLS	LR
(             libc.so[0xCBC2B000])[00 00 60 E2 ]0x00020364:	RSB	R0, R0, #0	;(R0=0xFFFFFFFF )
(             libc.so[0xCBC2B000])[87 74 00 EA ]0x00020368:	B	#0XCBC6858C	;(PC=0xCBC4B368 )
(             libc.so[0xCBC2B000])[04 C0 9F E5 ]0x0003D58C:	LDR	IP, [PC, #4]	;(PC=0xCBC6858C )
(             libc.so[0xCBC2B000])[0C C0 8F E0 ]0x0003D590:	ADD	IP, PC, IP	;(PC=0xCBC68590 IP=0xFFFD5D77 )
(             libc.so[0xCBC2B000])[1C FF 2F E1 ]0x0003D594:	BX	IP	;(IP=0xCBC3E30F )
(             libc.so[0xCBC2B000])[10 B5       ]0x0001330E:	PUSH	{R4, LR} ; __set_errno	;(SP=0x100FFF58 R4=0x0001BAFE LR=0xCBC58761 )
(             libc.so[0xCBC2B000])[04 46       ]0x00013310:	MOV	R4, R0	;(R0=0x00000001 )
(             libc.so[0xCBC2B000])[01 F0 99 F8 ]0x00013312:	BL	#0XCBC3F448	;(PC=0xCBC3E312 )
(             libc.so[0xCBC2B000])[1D EE 70 0F ]0x00014448:	MRC	P15, #0, R0, C13, C0, #3 ; __errno	;(R0=0x00000001 )
(             libc.so[0xCBC2B000])[08 30       ]0x0001444C:	ADDS	R0, #8	;(R0=0x00000000 )
(             libc.so[0xCBC2B000])[70 47       ]0x0001444E:	BX	LR	;(LR=0xCBC3E317 )
(             libc.so[0xCBC2B000])[04 60       ]0x00013316:	STR	R4, [R0]	;(R4=0x00000001 R0=0x00000008 )
(             libc.so[0xCBC2B000])[4F F0 FF 30 ]0x00013318:	MOV.W	R0, #-1
(             libc.so[0xCBC2B000])[10 BD       ]0x0001331C:	POP	{R4, PC}	;(SP=0x100FFF50 )
(             libc.so[0xCBC2B000])[BD E8 0C 40 ]0x0002D760:	POP.W	{R2, R3, LR}	;(SP=0x100FFF58 )
(             libc.so[0xCBC2B000])[03 B0       ]0x0002D764:	ADD	SP, #0XC	;(SP=0x100FFF64 )
(             libc.so[0xCBC2B000])[70 47       ]0x0002D766:	BX	LR	;(LR=0xCBC594D7 )
(             libc.so[0xCBC2B000])[7C 44       ]0x0002E4D6:	ADD	R4, PC	;(R4=0x0001BAFE PC=0xCBC594D6 )
(             libc.so[0xCBC2B000])[05 1E       ]0x0002E4D8:	SUBS	R5, R0, #0	;(R0=0xFFFFFFFF )
(             libc.so[0xCBC2B000])[5D DB       ]0x0002E4DA:	BLT	#0XCBC59598
(             libc.so[0xCBC2B000])[E5 F7 56 FF ]0x0002E598:	BL	#0XCBC3F448	;(PC=0xCBC59598 )
(             libc.so[0xCBC2B000])[1D EE 70 0F ]0x00014448:	MRC	P15, #0, R0, C13, C0, #3 ; __errno	;(R0=0xFFFFFFFF )
(             libc.so[0xCBC2B000])[08 30       ]0x0001444C:	ADDS	R0, #8	;(R0=0x00000000 )
(             libc.so[0xCBC2B000])[70 47       ]0x0001444E:	BX	LR	;(LR=0xCBC5959D )
(             libc.so[0xCBC2B000])[03 68       ]0x0002E59C:	LDR	R3, [R0]	;(R0=0x00000008 )
(             libc.so[0xCBC2B000])[02 2B       ]0x0002E59E:	CMP	R3, #2	;(R3=0x00000001 )
(             libc.so[0xCBC2B000])[A9 D1       ]0x0002E5A0:	BNE	#0XCBC594F6
(             libc.so[0xCBC2B000])[4F F0 FF 34 ]0x0002E4F6:	MOV.W	R4, #-1
(             libc.so[0xCBC2B000])[53 E0       ]0x0002E4FA:	B	#0XCBC595A4
(             libc.so[0xCBC2B000])[20 46       ]0x0002E5A4:	MOV	R0, R4	;(R4=0xFFFFFFFF )
(             libc.so[0xCBC2B000])[1D B0       ]0x0002E5A6:	ADD	SP, #0X74	;(SP=0x100FFF70 )
(             libc.so[0xCBC2B000])[F0 BD       ]0x0002E5A8:	POP	{R4, R5, R6, R7, PC}	;(SP=0x100FFFE4 )
(             libc.so[0xCBC2B000])[FF F7 B0 FF ]0x0000E308:	BL	#0XCBC3926C	;(PC=0xCBC39308 )
(             libc.so[0xCBC2B000])[70 B5       ]0x0000E26C:	PUSH	{R4, R5, R6, LR}	;(SP=0x100FFFF8 R4=0x00000000 R5=0x00000000 R6=0x00000000 LR=0xCBC3930D )
(             libc.so[0xCBC2B000])[9A B0       ]0x0000E26E:	SUB	SP, #0X68	;(SP=0x100FFFE8 )
(             libc.so[0xCBC2B000])[19 4D       ]0x0000E270:	LDR	R5, [PC, #0X64]	;(PC=0xCBC39270 )
(             libc.so[0xCBC2B000])[02 A9       ]0x0000E272:	ADD	R1, SP, #8	;(SP=0x100FFF80 )
(             libc.so[0xCBC2B000])[19 4B       ]0x0000E274:	LDR	R3, [PC, #0X64]	;(PC=0xCBC39274 )
(             libc.so[0xCBC2B000])[7D 44       ]0x0000E276:	ADD	R5, PC	;(R5=0x0003BD5E PC=0xCBC39276 )
(             libc.so[0xCBC2B000])[EC 58       ]0x0000E278:	LDR	R4, [R5, R3]	;(R5=0xCBC74FD8 R3=0xFFFFFF4C )
(             libc.so[0xCBC2B000])[20 68       ]0x0000E27A:	LDR	R0, [R4]	;(R4=0xCBC79384 )
(             libc.so[0xCBC2B000])[26 46       ]0x0000E27C:	MOV	R6, R4	;(R4=0xCBC79384 )
(             libc.so[0xCBC2B000])[19 90       ]0x0000E27E:	STR	R0, [SP, #0X64]	;(R0=0x00000000 SP=0x100FFF80 )
(             libc.so[0xCBC2B000])[17 48       ]0x0000E280:	LDR	R0, [PC, #0X5C]	;(PC=0xCBC39280 )
(             libc.so[0xCBC2B000])[78 44       ]0x0000E282:	ADD	R0, PC	;(R0=0x0003195E PC=0xCBC39282 )
(             libc.so[0xCBC2B000])[20 F0 F2 F9 ]0x0000E284:	BL	#0XCBC5966C	;(PC=0xCBC39284 )
(             libc.so[0xCBC2B000])[10 B5       ]0x0002E66C:	PUSH	{R4, LR}	;(SP=0x100FFF80 R4=0xCBC79384 LR=0xCBC39289 )
(             libc.so[0xCBC2B000])[0C 46       ]0x0002E66E:	MOV	R4, R1	;(R1=0x100FFF88 )
(             libc.so[0xCBC2B000])[FF F7 B0 FF ]0x0002E670:	BL	#0XCBC595D4	;(PC=0xCBC59670 )
(             libc.so[0xCBC2B000])[0D 4B       ]0x0002E5D4:	LDR	R3, [PC, #0X34] ; __system_property_find	;(PC=0xCBC595D4 )
(             libc.so[0xCBC2B000])[73 B5       ]0x0002E5D6:	PUSH	{R0, R1, R4, R5, R6, LR}	;(SP=0x100FFF78 R0=0xCBC6ABE4 R1=0x100FFF88 R4=0x100FFF88 R5=0xCBC74FD8 R6=0xCBC79384 LR=0xCBC59675 )
(             libc.so[0xCBC2B000])[7B 44       ]0x0002E5D8:	ADD	R3, PC	;(R3=0x00029F26 PC=0xCBC595D8 )
(             libc.so[0xCBC2B000])[05 46       ]0x0002E5DA:	MOV	R5, R0	;(R0=0xCBC6ABE4 )
(             libc.so[0xCBC2B000])[1C 78       ]0x0002E5DC:	LDRB	R4, [R3]	;(R3=0xCBC83502 )
(             libc.so[0xCBC2B000])[24 B1       ]0x0002E5DE:	CBZ	R4, #0XCBC595EA	;(R4=0x00000000 )
(             libc.so[0xCBC2B000])[20 46       ]0x0002E5EA:	MOV	R0, R4	;(R4=0x00000000 )
(             libc.so[0xCBC2B000])[FF F7 F0 FD ]0x0002E5EC:	BL	#0XCBC591D0	;(PC=0xCBC595EC )
(             libc.so[0xCBC2B000])[09 4B       ]0x0002E1D0:	LDR	R3, [PC, #0X24]	;(PC=0xCBC591D0 )
(             libc.so[0xCBC2B000])[82 B0       ]0x0002E1D2:	SUB	SP, #8	;(SP=0x100FFF60 )
(             libc.so[0xCBC2B000])[09 49       ]0x0002E1D4:	LDR	R1, [PC, #0X24]	;(PC=0xCBC591D4 )
(             libc.so[0xCBC2B000])[7B 44       ]0x0002E1D6:	ADD	R3, PC	;(R3=0x0001BDFE PC=0xCBC591D6 )
(             libc.so[0xCBC2B000])[01 90       ]0x0002E1D8:	STR	R0, [SP, #4]	;(R0=0x00000000 SP=0x100FFF58 )
(             libc.so[0xCBC2B000])[01 9A       ]0x0002E1DA:	LDR	R2, [SP, #4]	;(SP=0x100FFF58 )
(             libc.so[0xCBC2B000])[5B 58       ]0x0002E1DC:	LDR	R3, [R3, R1]	;(R3=0xCBC74FD8 R1=0xFFFFFFC4 )
(             libc.so[0xCBC2B000])[18 68       ]0x0002E1DE:	LDR	R0, [R3]	;(R3=0xCBC85F1C )
(             libc.so[0xCBC2B000])[82 42       ]0x0002E1E0:	CMP	R2, R0	;(R2=0x00000000 R0=0x00000000 )
(             libc.so[0xCBC2B000])[06 D8       ]0x0002E1E2:	BHI	#0XCBC591F2
(             libc.so[0xCBC2B000])[06 49       ]0x0002E1E4:	LDR	R1, [PC, #0X18]	;(PC=0xCBC591E4 )
(             libc.so[0xCBC2B000])[01 9A       ]0x0002E1E6:	LDR	R2, [SP, #4]	;(SP=0x100FFF58 )
(             libc.so[0xCBC2B000])[79 44       ]0x0002E1E8:	ADD	R1, PC	;(R1=0x0002A318 PC=0xCBC591E8 )
(             libc.so[0xCBC2B000])[80 32       ]0x0002E1EA:	ADDS	R2, #0X80	;(R2=0x00000000 )
(             libc.so[0xCBC2B000])[0B 68       ]0x0002E1EC:	LDR	R3, [R1]	;(R1=0xCBC83504 )
(             libc.so[0xCBC2B000])[98 18       ]0x0002E1EE:	ADDS	R0, R3, R2	;(R3=0x00000000 R2=0x00000080 )
(             libc.so[0xCBC2B000])[00 E0       ]0x0002E1F0:	B	#0XCBC591F4
(             libc.so[0xCBC2B000])[02 B0       ]0x0002E1F4:	ADD	SP, #8	;(SP=0x100FFF58 )
(             libc.so[0xCBC2B000])[70 47       ]0x0002E1F6:	BX	LR	;(LR=0xCBC595F1 )
(             libc.so[0xCBC2B000])[06 46       ]0x0002E5F0:	MOV	R6, R0	;(R0=0x00000080 )
(             libc.so[0xCBC2B000])[28 46       ]0x0002E5F2:	MOV	R0, R5	;(R5=0xCBC6ABE4 )
(             libc.so[0xCBC2B000])[F4 F7 C6 FC ]0x0002E5F4:	BL	#0XCBC4DF84	;(PC=0xCBC595F4 )
(             libc.so[0xCBC2B000])[90 F8 00 F0 ]0x00022F84:	PLD	[R0] ; strlen	;(R0=0xCBC6ABE4 )
(             libc.so[0xCBC2B000])[01 46       ]0x00022F88:	MOV	R1, R0	;(R0=0xCBC6ABE4 )
(             libc.so[0xCBC2B000])[10 F0 07 03 ]0x00022F8A:	ANDS	R3, R0, #7	;(R0=0xCBC6ABE4 )
(             libc.so[0xCBC2B000])[00 F0 23 80 ]0x00022F8E:	BEQ.W	#0XCBC4DFD8
(             libc.so[0xCBC2B000])[C3 F1 08 03 ]0x00022F92:	RSB.W	R3, R3, #8	;(R3=0x00000004 )
(             libc.so[0xCBC2B000])[5F EA C3 7C ]0x00022F96:	LSLS.W	IP, R3, #0X1F	;(R3=0x00000004 )
(             libc.so[0xCBC2B000])[00 F0 03 80 ]0x00022F9A:	BEQ.W	#0XCBC4DFA4
(             libc.so[0xCBC2B000])[C0 F0 0A 80 ]0x00022FA4:	BLO.W	#0XCBC4DFBC
(             libc.so[0xCBC2B000])[13 F0 04 0F ]0x00022FBC:	TST.W	R3, #4	;(R3=0x00000004 )
(             libc.so[0xCBC2B000])[00 F0 0A 80 ]0x00022FC0:	BEQ.W	#0XCBC4DFD8
(             libc.so[0xCBC2B000])[51 F8 04 3B ]0x00022FC4:	LDR	R3, [R1], #4	;(R1=0xCBC6ABE4 )
(             libc.so[0xCBC2B000])[A3 F1 01 3C ]0x00022FC8:	SUB.W	IP, R3, #0X1010101	;(R3=0x75626564 )
(             libc.so[0xCBC2B000])[2C EA 03 0C ]0x00022FCC:	BIC.W	IP, IP, R3	;(IP=0x74616463 R3=0x75626564 )
(             libc.so[0xCBC2B000])[1C F0 80 3C ]0x00022FD0:	ANDS	IP, IP, #0X80808080	;(IP=0x00010003 )
(             libc.so[0xCBC2B000])[40 F0 33 80 ]0x00022FD4:	BNE.W	#0XCBC4E03E
(             libc.so[0xCBC2B000])[F1 E8 02 23 ]0x00022FD8:	LDRD	R2, R3, [R1], #8	;(R1=0xCBC6ABE8 )
(             libc.so[0xCBC2B000])[91 F8 40 F0 ]0x00022FDC:	PLD	[R1, #0X40]	;(R1=0xCBC6ABF0 )
(             libc.so[0xCBC2B000])[A2 F1 01 3C ]0x00022FE0:	SUB.W	IP, R2, #0X1010101	;(R2=0x696C2E67 )
(             libc.so[0xCBC2B000])[2C EA 02 0C ]0x00022FE4:	BIC.W	IP, IP, R2	;(IP=0x686B2D66 R2=0x696C2E67 )
(             libc.so[0xCBC2B000])[1C F0 80 3C ]0x00022FE8:	ANDS	IP, IP, #0X80808080	;(IP=0x00030100 )
(             libc.so[0xCBC2B000])[40 F0 0F 80 ]0x00022FEC:	BNE.W	#0XCBC4E00E
(             libc.so[0xCBC2B000])[A3 F1 01 3C ]0x00022FF0:	SUB.W	IP, R3, #0X1010101	;(R3=0x702E6362 )
(             libc.so[0xCBC2B000])[2C EA 03 0C ]0x00022FF4:	BIC.W	IP, IP, R3	;(IP=0x6F2D6261 R3=0x702E6362 )
(             libc.so[0xCBC2B000])[1C F0 80 3C ]0x00022FF8:	ANDS	IP, IP, #0X80808080	;(IP=0x0F010001 )
(             libc.so[0xCBC2B000])[40 F0 1F 80 ]0x00022FFC:	BNE.W	#0XCBC4E03E
(             libc.so[0xCBC2B000])[FF F7 EA BF ]0x00023000:	B.W	#0XCBC4DFD8
(             libc.so[0xCBC2B000])[F1 E8 02 23 ]0x00022FD8:	LDRD	R2, R3, [R1], #8	;(R1=0xCBC6ABF0 )
(             libc.so[0xCBC2B000])[91 F8 40 F0 ]0x00022FDC:	PLD	[R1, #0X40]	;(R1=0xCBC6ABF8 )
(             libc.so[0xCBC2B000])[A2 F1 01 3C ]0x00022FE0:	SUB.W	IP, R2, #0X1010101	;(R2=0x65726874 )
(             libc.so[0xCBC2B000])[2C EA 02 0C ]0x00022FE4:	BIC.W	IP, IP, R2	;(IP=0x64716773 R2=0x65726874 )
(             libc.so[0xCBC2B000])[1C F0 80 3C ]0x00022FE8:	ANDS	IP, IP, #0X80808080	;(IP=0x00010703 )
(             libc.so[0xCBC2B000])[40 F0 0F 80 ]0x00022FEC:	BNE.W	#0XCBC4E00E
(             libc.so[0xCBC2B000])[A3 F1 01 3C ]0x00022FF0:	SUB.W	IP, R3, #0X1010101	;(R3=0x70006461 )
(             libc.so[0xCBC2B000])[2C EA 03 0C ]0x00022FF4:	BIC.W	IP, IP, R3	;(IP=0x6EFF6360 R3=0x70006461 )
(             libc.so[0xCBC2B000])[1C F0 80 3C ]0x00022FF8:	ANDS	IP, IP, #0X80808080	;(IP=0x0EFF0300 )
(             libc.so[0xCBC2B000])[40 F0 1F 80 ]0x00022FFC:	BNE.W	#0XCBC4E03E
(             libc.so[0xCBC2B000])[A1 EB 00 00 ]0x0002303E:	SUB.W	R0, R1, R0	;(R1=0xCBC6ABF8 R0=0xCBC6ABE4 )
(             libc.so[0xCBC2B000])[5F EA 4C 43 ]0x00023042:	LSLS.W	R3, IP, #0X11	;(IP=0x00800000 )
(             libc.so[0xCBC2B000])[40 F0 09 80 ]0x00023046:	BNE.W	#0XCBC4E05C
(             libc.so[0xCBC2B000])[80 F0 0A 80 ]0x0002304A:	BHS.W	#0XCBC4E062
(             libc.so[0xCBC2B000])[5F EA 4C 0C ]0x0002304E:	LSLS.W	IP, IP, #1	;(IP=0x00800000 )
(             libc.so[0xCBC2B000])[40 F0 09 80 ]0x00023052:	BNE.W	#0XCBC4E068
(             libc.so[0xCBC2B000])[A0 F1 02 00 ]0x00023068:	SUB.W	R0, R0, #2	;(R0=0x00000014 )
(             libc.so[0xCBC2B000])[70 47       ]0x0002306C:	BX	LR	;(LR=0xCBC595F9 )
(             libc.so[0xCBC2B000])[00 94       ]0x0002E5F8:	STR	R4, [SP]	;(R4=0x00000000 SP=0x100FFF60 )
(             libc.so[0xCBC2B000])[01 94       ]0x0002E5FA:	STR	R4, [SP, #4]	;(R4=0x00000000 SP=0x100FFF60 )
(             libc.so[0xCBC2B000])[29 46       ]0x0002E5FC:	MOV	R1, R5	;(R5=0xCBC6ABE4 )
(             libc.so[0xCBC2B000])[23 46       ]0x0002E5FE:	MOV	R3, R4	;(R4=0x00000000 )
(             libc.so[0xCBC2B000])[C2 B2       ]0x0002E600:	UXTB	R2, R0	;(R0=0x00000012 )
(             libc.so[0xCBC2B000])[30 46       ]0x0002E602:	MOV	R0, R6	;(R6=0x00000080 )
(             libc.so[0xCBC2B000])[FF F7 57 FE ]0x0002E604:	BL	#0XCBC592B6	;(PC=0xCBC59604 )
(             libc.so[0xCBC2B000])[2D E9 F0 4F ]0x0002E2B6:	PUSH.W	{R4, R5, R6, R7, R8, SB, SL, FP, LR}	;(SP=0x100FFF60 R4=0x00000000 R5=0xCBC6ABE4 R6=0x00000080 R7=0x00000000 R8=0x00000000 SB=0x00000000 SL=0x00000000 FP=0x00000000 LR=0xCBC59609 )
(             libc.so[0xCBC2B000])[85 B0       ]0x0002E2BA:	SUB	SP, #0X14	;(SP=0x100FFF3C )
(             libc.so[0xCBC2B000])[06 46       ]0x0002E2BC:	MOV	R6, R0	;(R0=0x00000080 )
(             libc.so[0xCBC2B000])[91 46       ]0x0002E2BE:	MOV	SB, R2	;(R2=0x00000012 )
(             libc.so[0xCBC2B000])[9D F8 38 80 ]0x0002E2C0:	LDRB.W	R8, [SP, #0X38]	;(SP=0x100FFF28 )
(             libc.so[0xCBC2B000])[0C 46       ]0x0002E2C4:	MOV	R4, R1	;(R1=0xCBC6ABE4 )
(             libc.so[0xCBC2B000])[9D F8 3C 70 ]0x0002E2C6:	LDRB.W	R7, [SP, #0X3C]	;(SP=0x100FFF28 )
(             libc.so[0xCBC2B000])[00 91       ]0x0002E2CA:	STR	R1, [SP]	;(R1=0xCBC6ABE4 SP=0x100FFF28 )
(             libc.so[0xCBC2B000])[01 93       ]0x0002E2CC:	STR	R3, [SP, #4]	;(R3=0x00000000 SP=0x100FFF28 )
(             libc.so[0xCBC2B000])[2E 21       ]0x0002E2CE:	MOVS	R1, #0X2E
(             libc.so[0xCBC2B000])[20 46       ]0x0002E2D0:	MOV	R0, R4	;(R4=0xCBC6ABE4 )
(             libc.so[0xCBC2B000])[F4 F7 D6 FF ]0x0002E2D2:	BL	#0XCBC4E282	;(PC=0xCBC592D2 )
(             libc.so[0xCBC2B000])[4F F0 FF 32 ]0x00023282:	MOV.W	R2, #-1 ; strchr
(             libc.so[0xCBC2B000])[FF F7 19 BF ]0x00023286:	B.W	#0XCBC4E0BC
(             libc.so[0xCBC2B000])[82 18       ]0x000230BC:	ADDS	R2, R0, R2 ; __strchr_chk	;(R0=0xCBC6ABE4 R2=0xFFFFFFFF )
(             libc.so[0xCBC2B000])[C9 B2       ]0x000230BE:	UXTB	R1, R1	;(R1=0x0000002E )
(             libc.so[0xCBC2B000])[03 46       ]0x000230C0:	MOV	R3, R0	;(R0=0xCBC6ABE4 )
(             libc.so[0xCBC2B000])[10 B5       ]0x000230C2:	PUSH	{R4, LR}	;(SP=0x100FFF28 R4=0xCBC6ABE4 LR=0xCBC592D7 )
(             libc.so[0xCBC2B000])[93 42       ]0x000230C4:	CMP	R3, R2	;(R3=0xCBC6ABE4 R2=0xCBC6ABE3 )
(             libc.so[0xCBC2B000])[18 46       ]0x000230C6:	MOV	R0, R3	;(R3=0xCBC6ABE4 )
(             libc.so[0xCBC2B000])[09 D0       ]0x000230C8:	BEQ	#0XCBC4E0DE
(             libc.so[0xCBC2B000])[03 E0       ]0x000230CA:	B	#0XCBC4E0D4
(             libc.so[0xCBC2B000])[1C 78       ]0x000230D4:	LDRB	R4, [R3]	;(R3=0xCBC6ABE4 )
(             libc.so[0xCBC2B000])[01 33       ]0x000230D6:	ADDS	R3, #1	;(R3=0xCBC6ABE4 )
(             libc.so[0xCBC2B000])[8C 42       ]0x000230D8:	CMP	R4, R1	;(R4=0x00000064 R1=0x0000002E )
(             libc.so[0xCBC2B000])[F7 D1       ]0x000230DA:	BNE	#0XCBC4E0CC
(             libc.so[0xCBC2B000])[00 2C       ]0x000230CC:	CMP	R4, #0	;(R4=0x00000064 )
(             libc.so[0xCBC2B000])[F9 D1       ]0x000230CE:	BNE	#0XCBC4E0C4
(             libc.so[0xCBC2B000])[93 42       ]0x000230C4:	CMP	R3, R2	;(R3=0xCBC6ABE5 R2=0xCBC6ABE3 )
(             libc.so[0xCBC2B000])[18 46       ]0x000230C6:	MOV	R0, R3	;(R3=0xCBC6ABE5 )
(             libc.so[0xCBC2B000])[09 D0       ]0x000230C8:	BEQ	#0XCBC4E0DE
(             libc.so[0xCBC2B000])[03 E0       ]0x000230CA:	B	#0XCBC4E0D4
(             libc.so[0xCBC2B000])[1C 78       ]0x000230D4:	LDRB	R4, [R3]	;(R3=0xCBC6ABE5 )
(             libc.so[0xCBC2B000])[01 33       ]0x000230D6:	ADDS	R3, #1	;(R3=0xCBC6ABE5 )
(             libc.so[0xCBC2B000])[8C 42       ]0x000230D8:	CMP	R4, R1	;(R4=0x00000065 R1=0x0000002E )
(             libc.so[0xCBC2B000])[F7 D1       ]0x000230DA:	BNE	#0XCBC4E0CC
(             libc.so[0xCBC2B000])[00 2C       ]0x000230CC:	CMP	R4, #0	;(R4=0x00000065 )
(             libc.so[0xCBC2B000])[F9 D1       ]0x000230CE:	BNE	#0XCBC4E0C4
(             libc.so[0xCBC2B000])[93 42       ]0x000230C4:	CMP	R3, R2	;(R3=0xCBC6ABE6 R2=0xCBC6ABE3 )
(             libc.so[0xCBC2B000])[18 46       ]0x000230C6:	MOV	R0, R3	;(R3=0xCBC6ABE6 )
(             libc.so[0xCBC2B000])[09 D0       ]0x000230C8:	BEQ	#0XCBC4E0DE
(             libc.so[0xCBC2B000])[03 E0       ]0x000230CA:	B	#0XCBC4E0D4
(             libc.so[0xCBC2B000])[1C 78       ]0x000230D4:	LDRB	R4, [R3]	;(R3=0xCBC6ABE6 )
(             libc.so[0xCBC2B000])[01 33       ]0x000230D6:	ADDS	R3, #1	;(R3=0xCBC6ABE6 )
(             libc.so[0xCBC2B000])[8C 42       ]0x000230D8:	CMP	R4, R1	;(R4=0x00000062 R1=0x0000002E )
(             libc.so[0xCBC2B000])[F7 D1       ]0x000230DA:	BNE	#0XCBC4E0CC
(             libc.so[0xCBC2B000])[00 2C       ]0x000230CC:	CMP	R4, #0	;(R4=0x00000062 )
(             libc.so[0xCBC2B000])[F9 D1       ]0x000230CE:	BNE	#0XCBC4E0C4
(             libc.so[0xCBC2B000])[93 42       ]0x000230C4:	CMP	R3, R2	;(R3=0xCBC6ABE7 R2=0xCBC6ABE3 )
(             libc.so[0xCBC2B000])[18 46       ]0x000230C6:	MOV	R0, R3	;(R3=0xCBC6ABE7 )
(             libc.so[0xCBC2B000])[09 D0       ]0x000230C8:	BEQ	#0XCBC4E0DE
(             libc.so[0xCBC2B000])[03 E0       ]0x000230CA:	B	#0XCBC4E0D4
(             libc.so[0xCBC2B000])[1C 78       ]0x000230D4:	LDRB	R4, [R3]	;(R3=0xCBC6ABE7 )
(             libc.so[0xCBC2B000])[01 33       ]0x000230D6:	ADDS	R3, #1	;(R3=0xCBC6ABE7 )
(             libc.so[0xCBC2B000])[8C 42       ]0x000230D8:	CMP	R4, R1	;(R4=0x00000075 R1=0x0000002E )
(             libc.so[0xCBC2B000])[F7 D1       ]0x000230DA:	BNE	#0XCBC4E0CC
(             libc.so[0xCBC2B000])[00 2C       ]0x000230CC:	CMP	R4, #0	;(R4=0x00000075 )
(             libc.so[0xCBC2B000])[F9 D1       ]0x000230CE:	BNE	#0XCBC4E0C4
(             libc.so[0xCBC2B000])[93 42       ]0x000230C4:	CMP	R3, R2	;(R3=0xCBC6ABE8 R2=0xCBC6ABE3 )
(             libc.so[0xCBC2B000])[18 46       ]0x000230C6:	MOV	R0, R3	;(R3=0xCBC6ABE8 )
(             libc.so[0xCBC2B000])[09 D0       ]0x000230C8:	BEQ	#0XCBC4E0DE
(             libc.so[0xCBC2B000])[03 E0       ]0x000230CA:	B	#0XCBC4E0D4
(             libc.so[0xCBC2B000])[1C 78       ]0x000230D4:	LDRB	R4, [R3]	;(R3=0xCBC6ABE8 )
(             libc.so[0xCBC2B000])[01 33       ]0x000230D6:	ADDS	R3, #1	;(R3=0xCBC6ABE8 )
(             libc.so[0xCBC2B000])[8C 42       ]0x000230D8:	CMP	R4, R1	;(R4=0x00000067 R1=0x0000002E )
(             libc.so[0xCBC2B000])[F7 D1       ]0x000230DA:	BNE	#0XCBC4E0CC
(             libc.so[0xCBC2B000])[00 2C       ]0x000230CC:	CMP	R4, #0	;(R4=0x00000067 )
(             libc.so[0xCBC2B000])[F9 D1       ]0x000230CE:	BNE	#0XCBC4E0C4
(             libc.so[0xCBC2B000])[93 42       ]0x000230C4:	CMP	R3, R2	;(R3=0xCBC6ABE9 R2=0xCBC6ABE3 )
(             libc.so[0xCBC2B000])[18 46       ]0x000230C6:	MOV	R0, R3	;(R3=0xCBC6ABE9 )
(             libc.so[0xCBC2B000])[09 D0       ]0x000230C8:	BEQ	#0XCBC4E0DE
(             libc.so[0xCBC2B000])[03 E0       ]0x000230CA:	B	#0XCBC4E0D4
(             libc.so[0xCBC2B000])[1C 78       ]0x000230D4:	LDRB	R4, [R3]	;(R3=0xCBC6ABE9 )
(             libc.so[0xCBC2B000])[01 33       ]0x000230D6:	ADDS	R3, #1	;(R3=0xCBC6ABE9 )
(             libc.so[0xCBC2B000])[8C 42       ]0x000230D8:	CMP	R4, R1	;(R4=0x0000002E R1=0x0000002E )
(             libc.so[0xCBC2B000])[F7 D1       ]0x000230DA:	BNE	#0XCBC4E0CC
(             libc.so[0xCBC2B000])[10 BD       ]0x000230DC:	POP	{R4, PC}	;(SP=0x100FFF20 )
(             libc.so[0xCBC2B000])[10 F1 00 0B ]0x0002E2D6:	ADDS.W	FP, R0, #0	;(R0=0xCBC6ABE9 )
(             libc.so[0xCBC2B000])[82 46       ]0x0002E2DA:	MOV	SL, R0	;(R0=0xCBC6ABE9 )
(             libc.so[0xCBC2B000])[18 BF       ]0x0002E2DC:	IT	NE
(             libc.so[0xCBC2B000])[4F F0 01 0B ]0x0002E2DE:	MOV.W	FP, #1
(             libc.so[0xCBC2B000])[BB F1 00 0F ]0x0002E2E2:	CMP.W	FP, #0	;(FP=0x00000001 )
(             libc.so[0xCBC2B000])[02 D0       ]0x0002E2E6:	BEQ	#0XCBC592EE
(             libc.so[0xCBC2B000])[05 1B       ]0x0002E2E8:	SUBS	R5, R0, R4	;(R0=0xCBC6ABE9 R4=0xCBC6ABE4 )
(             libc.so[0xCBC2B000])[ED B2       ]0x0002E2EA:	UXTB	R5, R5	;(R5=0x00000005 )
(             libc.so[0xCBC2B000])[03 E0       ]0x0002E2EC:	B	#0XCBC592F6
(             libc.so[0xCBC2B000])[05 B9       ]0x0002E2F6:	CBNZ	R5, #0XCBC592FA	;(R5=0x00000005 )
(             libc.so[0xCBC2B000])[33 69       ]0x0002E2FA:	LDR	R3, [R6, #0X10]	;(R6=0x00000080 )
(             libc.so[0xCBC2B000])[0B B1       ]0x0002E2FC:	CBZ	R3, #0XCBC59302	;(R3=0x00000000 )
(             libc.so[0xCBC2B000])[00 2F       ]0x0002E302:	CMP	R7, #0	;(R7=0x00000000 )
(             libc.so[0xCBC2B000])[5E D0       ]0x0002E304:	BEQ	#0XCBC593C4
(             libc.so[0xCBC2B000])[00 24       ]0x0002E3C4:	MOVS	R4, #0
(             libc.so[0xCBC2B000])[20 46       ]0x0002E3C6:	MOV	R0, R4	;(R4=0x00000000 )
(             libc.so[0xCBC2B000])[05 B0       ]0x0002E3C8:	ADD	SP, #0X14	;(SP=0x100FFF28 )
(             libc.so[0xCBC2B000])[BD E8 F0 8F ]0x0002E3CA:	POP.W	{R4, R5, R6, R7, R8, SB, SL, FP, PC}	;(SP=0x100FFF3C )
(             libc.so[0xCBC2B000])[02 B0       ]0x0002E608:	ADD	SP, #8	;(SP=0x100FFF60 )
(             libc.so[0xCBC2B000])[70 BD       ]0x0002E60A:	POP	{R4, R5, R6, PC}	;(SP=0x100FFF68 )
(             libc.so[0xCBC2B000])[28 B1       ]0x0002E674:	CBZ	R0, #0XCBC59682	;(R0=0x00000000 )
(             libc.so[0xCBC2B000])[20 70       ]0x0002E682:	STRB	R0, [R4]	;(R0=0x00000000 R4=0x100FFF88 )
(             libc.so[0xCBC2B000])[10 BD       ]0x0002E684:	POP	{R4, PC}	;(SP=0x100FFF78 )
(             libc.so[0xCBC2B000])[E8 B1       ]0x0000E288:	CBZ	R0, #0XCBC392C6	;(R0=0x00000000 )
(             libc.so[0xCBC2B000])[19 99       ]0x0000E2C6:	LDR	R1, [SP, #0X64]	;(SP=0x100FFF80 )
(             libc.so[0xCBC2B000])[32 68       ]0x0000E2C8:	LDR	R2, [R6]	;(R6=0xCBC79384 )
(             libc.so[0xCBC2B000])[91 42       ]0x0000E2CA:	CMP	R1, R2	;(R1=0x00000000 R2=0x00000000 )
(             libc.so[0xCBC2B000])[01 D0       ]0x0000E2CC:	BEQ	#0XCBC392D2
(             libc.so[0xCBC2B000])[1A B0       ]0x0000E2D2:	ADD	SP, #0X68	;(SP=0x100FFF80 )
(             libc.so[0xCBC2B000])[70 BD       ]0x0000E2D4:	POP	{R4, R5, R6, PC}	;(SP=0x100FFFE8 )
(             libc.so[0xCBC2B000])[BD E8 08 40 ]0x0000E30C:	POP.W	{R3, LR}	;(SP=0x100FFFF8 )
(             libc.so[0xCBC2B000])[FF F7 A8 BC ]0x0000E310:	B.W	#0XCBC38C64
(             libc.so[0xCBC2B000])[08 48       ]0x0000DC64:	LDR	R0, [PC, #0X20]	;(PC=0xCBC38C64 )
(             libc.so[0xCBC2B000])[09 49       ]0x0000DC66:	LDR	R1, [PC, #0X24]	;(PC=0xCBC38C66 )
(             libc.so[0xCBC2B000])[08 B5       ]0x0000DC68:	PUSH	{R3, LR}	;(SP=0x10100000 R3=0x00000000 LR=0x0113D9CD )
(             libc.so[0xCBC2B000])[78 44       ]0x0000DC6A:	ADD	R0, PC	;(R0=0x0003E8D2 PC=0xCBC38C6A )
(             libc.so[0xCBC2B000])[79 44       ]0x0000DC6C:	ADD	R1, PC	;(R1=0x00000295 PC=0xCBC38C6C )
(             libc.so[0xCBC2B000])[01 F0 92 E9 ]0x0000DC6E:	BLX	#0XCBC39F94	;(PC=0xCBC38C6E )
(             libc.so[0xCBC2B000])[00 30 90 E5 ]0x0000EF94:	LDR	R3, [R0] ; pthread_once	;(R0=0xCBC77540 )
(             libc.so[0xCBC2B000])[70 40 2D E9 ]0x0000EF98:	PUSH	{R4, R5, R6, LR}	;(SP=0x100FFFF8 R4=0x00000000 R5=0x00000000 R6=0x00000000 LR=0xCBC38C73 )
(             libc.so[0xCBC2B000])[02 00 13 E3 ]0x0000EF9C:	TST	R3, #2	;(R3=0x00000000 )
(             libc.so[0xCBC2B000])[00 40 A0 E1 ]0x0000EFA0:	MOV	R4, R0	;(R0=0xCBC77540 )
(             libc.so[0xCBC2B000])[01 50 A0 E1 ]0x0000EFA4:	MOV	R5, R1	;(R1=0xCBC38F05 )
(             libc.so[0xCBC2B000])[07 00 00 0A ]0x0000EFA8:	BEQ	#0XCBC39FCC	;(PC=0xCBC39FA8 )
(             libc.so[0xCBC2B000])[00 20 94 E5 ]0x0000EFCC:	LDR	R2, [R4]	;(R4=0xCBC77540 )
(             libc.so[0xCBC2B000])[02 00 12 E3 ]0x0000EFD0:	TST	R2, #2	;(R2=0x00000000 )
(             libc.so[0xCBC2B000])[F4 FF FF 1A ]0x0000EFD4:	BNE	#0XCBC39FAC	;(PC=0xCBC39FD4 )
(             libc.so[0xCBC2B000])[01 C0 82 E3 ]0x0000EFD8:	ORR	IP, R2, #1	;(R2=0x00000000 )
(             libc.so[0xCBC2B000])[9F 0F 94 E1 ]0x0000EFDC:	LDREX	R0, [R4]	;(R4=0xCBC77540 )
(             libc.so[0xCBC2B000])[00 10 A0 E3 ]0x0000EFE0:	MOV	R1, #0
(             libc.so[0xCBC2B000])[02 00 30 E1 ]0x0000EFE4:	TEQ	R0, R2	;(R0=0x00000000 R2=0x00000000 )
(             libc.so[0xCBC2B000])[9C 1F 84 01 ]0x0000EFE8:	STREXEQ	R1, IP, [R4]	;(IP=0x00000001 R4=0xCBC77540 )
(             libc.so[0xCBC2B000])[00 00 51 E3 ]0x0000EFEC:	CMP	R1, #0	;(R1=0x00000000 )
(             libc.so[0xCBC2B000])[F9 FF FF 1A ]0x0000EFF0:	BNE	#0XCBC39FDC	;(PC=0xCBC39FF0 )
(             libc.so[0xCBC2B000])[00 00 52 E1 ]0x0000EFF4:	CMP	R2, R0	;(R2=0x00000000 R0=0x00000000 )
(             libc.so[0xCBC2B000])[F3 FF FF 1A ]0x0000EFF8:	BNE	#0XCBC39FCC	;(PC=0xCBC39FF8 )
(             libc.so[0xCBC2B000])[ED FF FF EA ]0x0000EFFC:	B	#0XCBC39FB8	;(PC=0xCBC39FFC )
(             libc.so[0xCBC2B000])[01 60 12 E2 ]0x0000EFB8:	ANDS	R6, R2, #1	;(R2=0x00000000 )
(             libc.so[0xCBC2B000])[0F 00 00 0A ]0x0000EFBC:	BEQ	#0XCBC3A000	;(PC=0xCBC39FBC )
(             libc.so[0xCBC2B000])[35 FF 2F E1 ]0x0000F000:	BLX	R5	;(PC=0xCBC3A000 R5=0xCBC38F05 )
(             libc.so[0xCBC2B000])[2D E9 F0 43 ]0x0000DF04:	PUSH.W	{R4, R5, R6, R7, R8, SB, LR}	;(SP=0x100FFFE8 R4=0xCBC77540 R5=0xCBC38F05 R6=0x00000000 R7=0x00000000 R8=0x00000000 SB=0x00000000 LR=0xCBC3A004 )
(             libc.so[0xCBC2B000])[E3 B0       ]0x0000DF08:	SUB	SP, #0X18C	;(SP=0x100FFFCC )
(             libc.so[0xCBC2B000])[A9 4C       ]0x0000DF0A:	LDR	R4, [PC, #0X2A4]	;(PC=0xCBC38F0A )
(             libc.so[0xCBC2B000])[05 A9       ]0x0000DF0C:	ADD	R1, SP, #0X14	;(SP=0x100FFE40 )
(             libc.so[0xCBC2B000])[A9 4B       ]0x0000DF0E:	LDR	R3, [PC, #0X2A4]	;(PC=0xCBC38F0E )
(             libc.so[0xCBC2B000])[7C 44       ]0x0000DF10:	ADD	R4, PC	;(R4=0x0003C0C4 PC=0xCBC38F10 )
(             libc.so[0xCBC2B000])[E6 58       ]0x0000DF12:	LDR	R6, [R4, R3]	;(R4=0xCBC74FD8 R3=0xFFFFFF4C )
(             libc.so[0xCBC2B000])[30 68       ]0x0000DF14:	LDR	R0, [R6]	;(R6=0xCBC79384 )
(             libc.so[0xCBC2B000])[B0 46       ]0x0000DF16:	MOV	R8, R6	;(R6=0xCBC79384 )
(             libc.so[0xCBC2B000])[61 90       ]0x0000DF18:	STR	R0, [SP, #0X184]	;(R0=0x00000000 SP=0x100FFE40 )
(             libc.so[0xCBC2B000])[A7 48       ]0x0000DF1A:	LDR	R0, [PC, #0X29C]	;(PC=0xCBC38F1A )
(             libc.so[0xCBC2B000])[78 44       ]0x0000DF1C:	ADD	R0, PC	;(R0=0x00031946 PC=0xCBC38F1C )
(             libc.so[0xCBC2B000])[20 F0 A5 FB ]0x0000DF1E:	BL	#0XCBC5966C	;(PC=0xCBC38F1E )
(             libc.so[0xCBC2B000])[10 B5       ]0x0002E66C:	PUSH	{R4, LR}	;(SP=0x100FFE40 R4=0xCBC74FD8 LR=0xCBC38F23 )
(             libc.so[0xCBC2B000])[0C 46       ]0x0002E66E:	MOV	R4, R1	;(R1=0x100FFE54 )
(             libc.so[0xCBC2B000])[FF F7 B0 FF ]0x0002E670:	BL	#0XCBC595D4	;(PC=0xCBC59670 )
(             libc.so[0xCBC2B000])[0D 4B       ]0x0002E5D4:	LDR	R3, [PC, #0X34] ; __system_property_find	;(PC=0xCBC595D4 )
(             libc.so[0xCBC2B000])[73 B5       ]0x0002E5D6:	PUSH	{R0, R1, R4, R5, R6, LR}	;(SP=0x100FFE38 R0=0xCBC6A866 R1=0x100FFE54 R4=0x100FFE54 R5=0xCBC38F05 R6=0xCBC79384 LR=0xCBC59675 )
(             libc.so[0xCBC2B000])[7B 44       ]0x0002E5D8:	ADD	R3, PC	;(R3=0x00029F26 PC=0xCBC595D8 )
(             libc.so[0xCBC2B000])[05 46       ]0x0002E5DA:	MOV	R5, R0	;(R0=0xCBC6A866 )
(             libc.so[0xCBC2B000])[1C 78       ]0x0002E5DC:	LDRB	R4, [R3]	;(R3=0xCBC83502 )
(             libc.so[0xCBC2B000])[24 B1       ]0x0002E5DE:	CBZ	R4, #0XCBC595EA	;(R4=0x00000000 )
(             libc.so[0xCBC2B000])[20 46       ]0x0002E5EA:	MOV	R0, R4	;(R4=0x00000000 )
(             libc.so[0xCBC2B000])[FF F7 F0 FD ]0x0002E5EC:	BL	#0XCBC591D0	;(PC=0xCBC595EC )
(             libc.so[0xCBC2B000])[09 4B       ]0x0002E1D0:	LDR	R3, [PC, #0X24]	;(PC=0xCBC591D0 )
(             libc.so[0xCBC2B000])[82 B0       ]0x0002E1D2:	SUB	SP, #8	;(SP=0x100FFE20 )
(             libc.so[0xCBC2B000])[09 49       ]0x0002E1D4:	LDR	R1, [PC, #0X24]	;(PC=0xCBC591D4 )
(             libc.so[0xCBC2B000])[7B 44       ]0x0002E1D6:	ADD	R3, PC	;(R3=0x0001BDFE PC=0xCBC591D6 )
(             libc.so[0xCBC2B000])[01 90       ]0x0002E1D8:	STR	R0, [SP, #4]	;(R0=0x00000000 SP=0x100FFE18 )
(             libc.so[0xCBC2B000])[01 9A       ]0x0002E1DA:	LDR	R2, [SP, #4]	;(SP=0x100FFE18 )
(             libc.so[0xCBC2B000])[5B 58       ]0x0002E1DC:	LDR	R3, [R3, R1]	;(R3=0xCBC74FD8 R1=0xFFFFFFC4 )
(             libc.so[0xCBC2B000])[18 68       ]0x0002E1DE:	LDR	R0, [R3]	;(R3=0xCBC85F1C )
(             libc.so[0xCBC2B000])[82 42       ]0x0002E1E0:	CMP	R2, R0	;(R2=0x00000000 R0=0x00000000 )
(             libc.so[0xCBC2B000])[06 D8       ]0x0002E1E2:	BHI	#0XCBC591F2
(             libc.so[0xCBC2B000])[06 49       ]0x0002E1E4:	LDR	R1, [PC, #0X18]	;(PC=0xCBC591E4 )
(             libc.so[0xCBC2B000])[01 9A       ]0x0002E1E6:	LDR	R2, [SP, #4]	;(SP=0x100FFE18 )
(             libc.so[0xCBC2B000])[79 44       ]0x0002E1E8:	ADD	R1, PC	;(R1=0x0002A318 PC=0xCBC591E8 )
(             libc.so[0xCBC2B000])[80 32       ]0x0002E1EA:	ADDS	R2, #0X80	;(R2=0x00000000 )
(             libc.so[0xCBC2B000])[0B 68       ]0x0002E1EC:	LDR	R3, [R1]	;(R1=0xCBC83504 )
(             libc.so[0xCBC2B000])[98 18       ]0x0002E1EE:	ADDS	R0, R3, R2	;(R3=0x00000000 R2=0x00000080 )
(             libc.so[0xCBC2B000])[00 E0       ]0x0002E1F0:	B	#0XCBC591F4
(             libc.so[0xCBC2B000])[02 B0       ]0x0002E1F4:	ADD	SP, #8	;(SP=0x100FFE18 )
(             libc.so[0xCBC2B000])[70 47       ]0x0002E1F6:	BX	LR	;(LR=0xCBC595F1 )
(             libc.so[0xCBC2B000])[06 46       ]0x0002E5F0:	MOV	R6, R0	;(R0=0x00000080 )
(             libc.so[0xCBC2B000])[28 46       ]0x0002E5F2:	MOV	R0, R5	;(R5=0xCBC6A866 )
(             libc.so[0xCBC2B000])[F4 F7 C6 FC ]0x0002E5F4:	BL	#0XCBC4DF84	;(PC=0xCBC595F4 )
(             libc.so[0xCBC2B000])[90 F8 00 F0 ]0x00022F84:	PLD	[R0] ; strlen	;(R0=0xCBC6A866 )
(             libc.so[0xCBC2B000])[01 46       ]0x00022F88:	MOV	R1, R0	;(R0=0xCBC6A866 )
(             libc.so[0xCBC2B000])[10 F0 07 03 ]0x00022F8A:	ANDS	R3, R0, #7	;(R0=0xCBC6A866 )
(             libc.so[0xCBC2B000])[00 F0 23 80 ]0x00022F8E:	BEQ.W	#0XCBC4DFD8
(             libc.so[0xCBC2B000])[C3 F1 08 03 ]0x00022F92:	RSB.W	R3, R3, #8	;(R3=0x00000006 )
(             libc.so[0xCBC2B000])[5F EA C3 7C ]0x00022F96:	LSLS.W	IP, R3, #0X1F	;(R3=0x00000002 )
(             libc.so[0xCBC2B000])[00 F0 03 80 ]0x00022F9A:	BEQ.W	#0XCBC4DFA4
(             libc.so[0xCBC2B000])[C0 F0 0A 80 ]0x00022FA4:	BLO.W	#0XCBC4DFBC
(             libc.so[0xCBC2B000])[13 F0 02 0C ]0x00022FA8:	ANDS	IP, R3, #2	;(R3=0x00000002 )
(             libc.so[0xCBC2B000])[00 F0 06 80 ]0x00022FAC:	BEQ.W	#0XCBC4DFBC
(             libc.so[0xCBC2B000])[11 F8 01 2B ]0x00022FB0:	LDRB	R2, [R1], #1	;(R1=0xCBC6A866 )
(             libc.so[0xCBC2B000])[32 B3       ]0x00022FB4:	CBZ	R2, #0XCBC4E004	;(R2=0x00000072 )
(             libc.so[0xCBC2B000])[11 F8 01 2B ]0x00022FB6:	LDRB	R2, [R1], #1	;(R1=0xCBC6A867 )
(             libc.so[0xCBC2B000])[1A B3       ]0x00022FBA:	CBZ	R2, #0XCBC4E004	;(R2=0x0000006F )
(             libc.so[0xCBC2B000])[13 F0 04 0F ]0x00022FBC:	TST.W	R3, #4	;(R3=0x00000002 )
(             libc.so[0xCBC2B000])[00 F0 0A 80 ]0x00022FC0:	BEQ.W	#0XCBC4DFD8
(             libc.so[0xCBC2B000])[F1 E8 02 23 ]0x00022FD8:	LDRD	R2, R3, [R1], #8	;(R1=0xCBC6A868 )
(             libc.so[0xCBC2B000])[91 F8 40 F0 ]0x00022FDC:	PLD	[R1, #0X40]	;(R1=0xCBC6A870 )
(             libc.so[0xCBC2B000])[A2 F1 01 3C ]0x00022FE0:	SUB.W	IP, R2, #0X1010101	;(R2=0x72656B2E )
(             libc.so[0xCBC2B000])[2C EA 02 0C ]0x00022FE4:	BIC.W	IP, IP, R2	;(IP=0x71646A2D R2=0x72656B2E )
(             libc.so[0xCBC2B000])[1C F0 80 3C ]0x00022FE8:	ANDS	IP, IP, #0X80808080	;(IP=0x01000001 )
(             libc.so[0xCBC2B000])[40 F0 0F 80 ]0x00022FEC:	BNE.W	#0XCBC4E00E
(             libc.so[0xCBC2B000])[A3 F1 01 3C ]0x00022FF0:	SUB.W	IP, R3, #0X1010101	;(R3=0x2E6C656E )
(             libc.so[0xCBC2B000])[2C EA 03 0C ]0x00022FF4:	BIC.W	IP, IP, R3	;(IP=0x2D6B646D R3=0x2E6C656E )
(             libc.so[0xCBC2B000])[1C F0 80 3C ]0x00022FF8:	ANDS	IP, IP, #0X80808080	;(IP=0x01030001 )
(             libc.so[0xCBC2B000])[40 F0 1F 80 ]0x00022FFC:	BNE.W	#0XCBC4E03E
(             libc.so[0xCBC2B000])[FF F7 EA BF ]0x00023000:	B.W	#0XCBC4DFD8
(             libc.so[0xCBC2B000])[F1 E8 02 23 ]0x00022FD8:	LDRD	R2, R3, [R1], #8	;(R1=0xCBC6A870 )
(             libc.so[0xCBC2B000])[91 F8 40 F0 ]0x00022FDC:	PLD	[R1, #0X40]	;(R1=0xCBC6A878 )
(             libc.so[0xCBC2B000])[A2 F1 01 3C ]0x00022FE0:	SUB.W	IP, R2, #0X1010101	;(R2=0x756D6571 )
(             libc.so[0xCBC2B000])[2C EA 02 0C ]0x00022FE4:	BIC.W	IP, IP, R2	;(IP=0x746C6470 R2=0x756D6571 )
(             libc.so[0xCBC2B000])[1C F0 80 3C ]0x00022FE8:	ANDS	IP, IP, #0X80808080	;(IP=0x00000000 )
(             libc.so[0xCBC2B000])[40 F0 0F 80 ]0x00022FEC:	BNE.W	#0XCBC4E00E
(             libc.so[0xCBC2B000])[A3 F1 01 3C ]0x00022FF0:	SUB.W	IP, R3, #0X1010101	;(R3=0x62696C00 )
(             libc.so[0xCBC2B000])[2C EA 03 0C ]0x00022FF4:	BIC.W	IP, IP, R3	;(IP=0x61686AFF R3=0x62696C00 )
(             libc.so[0xCBC2B000])[1C F0 80 3C ]0x00022FF8:	ANDS	IP, IP, #0X80808080	;(IP=0x010002FF )
(             libc.so[0xCBC2B000])[40 F0 1F 80 ]0x00022FFC:	BNE.W	#0XCBC4E03E
(             libc.so[0xCBC2B000])[A1 EB 00 00 ]0x0002303E:	SUB.W	R0, R1, R0	;(R1=0xCBC6A878 R0=0xCBC6A866 )
(             libc.so[0xCBC2B000])[5F EA 4C 43 ]0x00023042:	LSLS.W	R3, IP, #0X11	;(IP=0x00000080 )
(             libc.so[0xCBC2B000])[40 F0 09 80 ]0x00023046:	BNE.W	#0XCBC4E05C
(             libc.so[0xCBC2B000])[A0 F1 04 00 ]0x0002305C:	SUB.W	R0, R0, #4	;(R0=0x00000012 )
(             libc.so[0xCBC2B000])[70 47       ]0x00023060:	BX	LR	;(LR=0xCBC595F9 )
(             libc.so[0xCBC2B000])[00 94       ]0x0002E5F8:	STR	R4, [SP]	;(R4=0x00000000 SP=0x100FFE20 )
(             libc.so[0xCBC2B000])[01 94       ]0x0002E5FA:	STR	R4, [SP, #4]	;(R4=0x00000000 SP=0x100FFE20 )
(             libc.so[0xCBC2B000])[29 46       ]0x0002E5FC:	MOV	R1, R5	;(R5=0xCBC6A866 )
(             libc.so[0xCBC2B000])[23 46       ]0x0002E5FE:	MOV	R3, R4	;(R4=0x00000000 )
(             libc.so[0xCBC2B000])[C2 B2       ]0x0002E600:	UXTB	R2, R0	;(R0=0x0000000E )
(             libc.so[0xCBC2B000])[30 46       ]0x0002E602:	MOV	R0, R6	;(R6=0x00000080 )
(             libc.so[0xCBC2B000])[FF F7 57 FE ]0x0002E604:	BL	#0XCBC592B6	;(PC=0xCBC59604 )
(             libc.so[0xCBC2B000])[2D E9 F0 4F ]0x0002E2B6:	PUSH.W	{R4, R5, R6, R7, R8, SB, SL, FP, LR}	;(SP=0x100FFE20 R4=0x00000000 R5=0xCBC6A866 R6=0x00000080 R7=0x00000000 R8=0xCBC79384 SB=0x00000000 SL=0x00000000 FP=0x00000000 LR=0xCBC59609 )
(             libc.so[0xCBC2B000])[85 B0       ]0x0002E2BA:	SUB	SP, #0X14	;(SP=0x100FFDFC )
(             libc.so[0xCBC2B000])[06 46       ]0x0002E2BC:	MOV	R6, R0	;(R0=0x00000080 )
(             libc.so[0xCBC2B000])[91 46       ]0x0002E2BE:	MOV	SB, R2	;(R2=0x0000000E )
(             libc.so[0xCBC2B000])[9D F8 38 80 ]0x0002E2C0:	LDRB.W	R8, [SP, #0X38]	;(SP=0x100FFDE8 )
(             libc.so[0xCBC2B000])[0C 46       ]0x0002E2C4:	MOV	R4, R1	;(R1=0xCBC6A866 )
(             libc.so[0xCBC2B000])[9D F8 3C 70 ]0x0002E2C6:	LDRB.W	R7, [SP, #0X3C]	;(SP=0x100FFDE8 )
(             libc.so[0xCBC2B000])[00 91       ]0x0002E2CA:	STR	R1, [SP]	;(R1=0xCBC6A866 SP=0x100FFDE8 )
(             libc.so[0xCBC2B000])[01 93       ]0x0002E2CC:	STR	R3, [SP, #4]	;(R3=0x00000000 SP=0x100FFDE8 )
(             libc.so[0xCBC2B000])[2E 21       ]0x0002E2CE:	MOVS	R1, #0X2E
(             libc.so[0xCBC2B000])[20 46       ]0x0002E2D0:	MOV	R0, R4	;(R4=0xCBC6A866 )
(             libc.so[0xCBC2B000])[F4 F7 D6 FF ]0x0002E2D2:	BL	#0XCBC4E282	;(PC=0xCBC592D2 )
(             libc.so[0xCBC2B000])[4F F0 FF 32 ]0x00023282:	MOV.W	R2, #-1 ; strchr
(             libc.so[0xCBC2B000])[FF F7 19 BF ]0x00023286:	B.W	#0XCBC4E0BC
(             libc.so[0xCBC2B000])[82 18       ]0x000230BC:	ADDS	R2, R0, R2 ; __strchr_chk	;(R0=0xCBC6A866 R2=0xFFFFFFFF )
(             libc.so[0xCBC2B000])[C9 B2       ]0x000230BE:	UXTB	R1, R1	;(R1=0x0000002E )
(             libc.so[0xCBC2B000])[03 46       ]0x000230C0:	MOV	R3, R0	;(R0=0xCBC6A866 )
(             libc.so[0xCBC2B000])[10 B5       ]0x000230C2:	PUSH	{R4, LR}	;(SP=0x100FFDE8 R4=0xCBC6A866 LR=0xCBC592D7 )
(             libc.so[0xCBC2B000])[93 42       ]0x000230C4:	CMP	R3, R2	;(R3=0xCBC6A866 R2=0xCBC6A865 )
(             libc.so[0xCBC2B000])[18 46       ]0x000230C6:	MOV	R0, R3	;(R3=0xCBC6A866 )
(             libc.so[0xCBC2B000])[09 D0       ]0x000230C8:	BEQ	#0XCBC4E0DE
(             libc.so[0xCBC2B000])[03 E0       ]0x000230CA:	B	#0XCBC4E0D4
(             libc.so[0xCBC2B000])[1C 78       ]0x000230D4:	LDRB	R4, [R3]	;(R3=0xCBC6A866 )
(             libc.so[0xCBC2B000])[01 33       ]0x000230D6:	ADDS	R3, #1	;(R3=0xCBC6A866 )
(             libc.so[0xCBC2B000])[8C 42       ]0x000230D8:	CMP	R4, R1	;(R4=0x00000072 R1=0x0000002E )
(             libc.so[0xCBC2B000])[F7 D1       ]0x000230DA:	BNE	#0XCBC4E0CC
(             libc.so[0xCBC2B000])[00 2C       ]0x000230CC:	CMP	R4, #0	;(R4=0x00000072 )
(             libc.so[0xCBC2B000])[F9 D1       ]0x000230CE:	BNE	#0XCBC4E0C4
(             libc.so[0xCBC2B000])[93 42       ]0x000230C4:	CMP	R3, R2	;(R3=0xCBC6A867 R2=0xCBC6A865 )
(             libc.so[0xCBC2B000])[18 46       ]0x000230C6:	MOV	R0, R3	;(R3=0xCBC6A867 )
(             libc.so[0xCBC2B000])[09 D0       ]0x000230C8:	BEQ	#0XCBC4E0DE
(             libc.so[0xCBC2B000])[03 E0       ]0x000230CA:	B	#0XCBC4E0D4
(             libc.so[0xCBC2B000])[1C 78       ]0x000230D4:	LDRB	R4, [R3]	;(R3=0xCBC6A867 )
(             libc.so[0xCBC2B000])[01 33       ]0x000230D6:	ADDS	R3, #1	;(R3=0xCBC6A867 )
(             libc.so[0xCBC2B000])[8C 42       ]0x000230D8:	CMP	R4, R1	;(R4=0x0000006F R1=0x0000002E )
(             libc.so[0xCBC2B000])[F7 D1       ]0x000230DA:	BNE	#0XCBC4E0CC
(             libc.so[0xCBC2B000])[00 2C       ]0x000230CC:	CMP	R4, #0	;(R4=0x0000006F )
(             libc.so[0xCBC2B000])[F9 D1       ]0x000230CE:	BNE	#0XCBC4E0C4
(             libc.so[0xCBC2B000])[93 42       ]0x000230C4:	CMP	R3, R2	;(R3=0xCBC6A868 R2=0xCBC6A865 )
(             libc.so[0xCBC2B000])[18 46       ]0x000230C6:	MOV	R0, R3	;(R3=0xCBC6A868 )
(             libc.so[0xCBC2B000])[09 D0       ]0x000230C8:	BEQ	#0XCBC4E0DE
(             libc.so[0xCBC2B000])[03 E0       ]0x000230CA:	B	#0XCBC4E0D4
(             libc.so[0xCBC2B000])[1C 78       ]0x000230D4:	LDRB	R4, [R3]	;(R3=0xCBC6A868 )
(             libc.so[0xCBC2B000])[01 33       ]0x000230D6:	ADDS	R3, #1	;(R3=0xCBC6A868 )
(             libc.so[0xCBC2B000])[8C 42       ]0x000230D8:	CMP	R4, R1	;(R4=0x0000002E R1=0x0000002E )
(             libc.so[0xCBC2B000])[F7 D1       ]0x000230DA:	BNE	#0XCBC4E0CC
(             libc.so[0xCBC2B000])[10 BD       ]0x000230DC:	POP	{R4, PC}	;(SP=0x100FFDE0 )
(             libc.so[0xCBC2B000])[10 F1 00 0B ]0x0002E2D6:	ADDS.W	FP, R0, #0	;(R0=0xCBC6A868 )
(             libc.so[0xCBC2B000])[82 46       ]0x0002E2DA:	MOV	SL, R0	;(R0=0xCBC6A868 )
(             libc.so[0xCBC2B000])[18 BF       ]0x0002E2DC:	IT	NE
(             libc.so[0xCBC2B000])[4F F0 01 0B ]0x0002E2DE:	MOV.W	FP, #1
(             libc.so[0xCBC2B000])[BB F1 00 0F ]0x0002E2E2:	CMP.W	FP, #0	;(FP=0x00000001 )
(             libc.so[0xCBC2B000])[02 D0       ]0x0002E2E6:	BEQ	#0XCBC592EE
(             libc.so[0xCBC2B000])[05 1B       ]0x0002E2E8:	SUBS	R5, R0, R4	;(R0=0xCBC6A868 R4=0xCBC6A866 )
(             libc.so[0xCBC2B000])[ED B2       ]0x0002E2EA:	UXTB	R5, R5	;(R5=0x00000002 )
(             libc.so[0xCBC2B000])[03 E0       ]0x0002E2EC:	B	#0XCBC592F6
(             libc.so[0xCBC2B000])[05 B9       ]0x0002E2F6:	CBNZ	R5, #0XCBC592FA	;(R5=0x00000002 )
(             libc.so[0xCBC2B000])[33 69       ]0x0002E2FA:	LDR	R3, [R6, #0X10]	;(R6=0x00000080 )
(             libc.so[0xCBC2B000])[0B B1       ]0x0002E2FC:	CBZ	R3, #0XCBC59302	;(R3=0x00000000 )
(             libc.so[0xCBC2B000])[00 2F       ]0x0002E302:	CMP	R7, #0	;(R7=0x00000000 )
(             libc.so[0xCBC2B000])[5E D0       ]0x0002E304:	BEQ	#0XCBC593C4
(             libc.so[0xCBC2B000])[00 24       ]0x0002E3C4:	MOVS	R4, #0
(             libc.so[0xCBC2B000])[20 46       ]0x0002E3C6:	MOV	R0, R4	;(R4=0x00000000 )
(             libc.so[0xCBC2B000])[05 B0       ]0x0002E3C8:	ADD	SP, #0X14	;(SP=0x100FFDE8 )
(             libc.so[0xCBC2B000])[BD E8 F0 8F ]0x0002E3CA:	POP.W	{R4, R5, R6, R7, R8, SB, SL, FP, PC}	;(SP=0x100FFDFC )
(             libc.so[0xCBC2B000])[02 B0       ]0x0002E608:	ADD	SP, #8	;(SP=0x100FFE20 )
(             libc.so[0xCBC2B000])[70 BD       ]0x0002E60A:	POP	{R4, R5, R6, PC}	;(SP=0x100FFE28 )
(             libc.so[0xCBC2B000])[28 B1       ]0x0002E674:	CBZ	R0, #0XCBC59682	;(R0=0x00000000 )
(             libc.so[0xCBC2B000])[20 70       ]0x0002E682:	STRB	R0, [R4]	;(R0=0x00000000 R4=0x100FFE54 )
(             libc.so[0xCBC2B000])[10 BD       ]0x0002E684:	POP	{R4, PC}	;(SP=0x100FFE38 )
(             libc.so[0xCBC2B000])[80 B1       ]0x0000DF22:	CBZ	R0, #0XCBC38F46	;(R0=0x00000000 )
(             libc.so[0xCBC2B000])[05 46       ]0x0000DF46:	MOV	R5, R0	;(R0=0x00000000 )
(             libc.so[0xCBC2B000])[07 46       ]0x0000DF48:	MOV	R7, R0	;(R0=0x00000000 )
(             libc.so[0xCBC2B000])[01 E0       ]0x0000DF4A:	B	#0XCBC38F50
(             libc.so[0xCBC2B000])[9B 4E       ]0x0000DF50:	LDR	R6, [PC, #0X26C]	;(PC=0xCBC38F50 )
(             libc.so[0xCBC2B000])[7E 44       ]0x0000DF52:	ADD	R6, PC	;(R6=0x0003E5F6 PC=0xCBC38F52 )
(             libc.so[0xCBC2B000])[33 68       ]0x0000DF54:	LDR	R3, [R6]	;(R6=0xCBC7754C )
(             libc.so[0xCBC2B000])[3B B9       ]0x0000DF56:	CBNZ	R3, #0XCBC38F68	;(R3=0x00000000 )
(             libc.so[0xCBC2B000])[9A 48       ]0x0000DF58:	LDR	R0, [PC, #0X268]	;(PC=0xCBC38F58 )
(             libc.so[0xCBC2B000])[05 A9       ]0x0000DF5A:	ADD	R1, SP, #0X14	;(SP=0x100FFE40 )
(             libc.so[0xCBC2B000])[78 44       ]0x0000DF5C:	ADD	R0, PC	;(R0=0x00031915 PC=0xCBC38F5C )
(             libc.so[0xCBC2B000])[20 F0 85 FB ]0x0000DF5E:	BL	#0XCBC5966C	;(PC=0xCBC38F5E )
(             libc.so[0xCBC2B000])[10 B5       ]0x0002E66C:	PUSH	{R4, LR}	;(SP=0x100FFE40 R4=0xCBC74FD8 LR=0xCBC38F63 )
(             libc.so[0xCBC2B000])[0C 46       ]0x0002E66E:	MOV	R4, R1	;(R1=0x100FFE54 )
(             libc.so[0xCBC2B000])[FF F7 B0 FF ]0x0002E670:	BL	#0XCBC595D4	;(PC=0xCBC59670 )
(             libc.so[0xCBC2B000])[0D 4B       ]0x0002E5D4:	LDR	R3, [PC, #0X34] ; __system_property_find	;(PC=0xCBC595D4 )
(             libc.so[0xCBC2B000])[73 B5       ]0x0002E5D6:	PUSH	{R0, R1, R4, R5, R6, LR}	;(SP=0x100FFE38 R0=0xCBC6A875 R1=0x100FFE54 R4=0x100FFE54 R5=0x00000000 R6=0xCBC7754C LR=0xCBC59675 )
(             libc.so[0xCBC2B000])[7B 44       ]0x0002E5D8:	ADD	R3, PC	;(R3=0x00029F26 PC=0xCBC595D8 )
(             libc.so[0xCBC2B000])[05 46       ]0x0002E5DA:	MOV	R5, R0	;(R0=0xCBC6A875 )
(             libc.so[0xCBC2B000])[1C 78       ]0x0002E5DC:	LDRB	R4, [R3]	;(R3=0xCBC83502 )
(             libc.so[0xCBC2B000])[24 B1       ]0x0002E5DE:	CBZ	R4, #0XCBC595EA	;(R4=0x00000000 )
(             libc.so[0xCBC2B000])[20 46       ]0x0002E5EA:	MOV	R0, R4	;(R4=0x00000000 )
(             libc.so[0xCBC2B000])[FF F7 F0 FD ]0x0002E5EC:	BL	#0XCBC591D0	;(PC=0xCBC595EC )
(             libc.so[0xCBC2B000])[09 4B       ]0x0002E1D0:	LDR	R3, [PC, #0X24]	;(PC=0xCBC591D0 )
(             libc.so[0xCBC2B000])[82 B0       ]0x0002E1D2:	SUB	SP, #8	;(SP=0x100FFE20 )
(             libc.so[0xCBC2B000])[09 49       ]0x0002E1D4:	LDR	R1, [PC, #0X24]	;(PC=0xCBC591D4 )
(             libc.so[0xCBC2B000])[7B 44       ]0x0002E1D6:	ADD	R3, PC	;(R3=0x0001BDFE PC=0xCBC591D6 )
(             libc.so[0xCBC2B000])[01 90       ]0x0002E1D8:	STR	R0, [SP, #4]	;(R0=0x00000000 SP=0x100FFE18 )
(             libc.so[0xCBC2B000])[01 9A       ]0x0002E1DA:	LDR	R2, [SP, #4]	;(SP=0x100FFE18 )
(             libc.so[0xCBC2B000])[5B 58       ]0x0002E1DC:	LDR	R3, [R3, R1]	;(R3=0xCBC74FD8 R1=0xFFFFFFC4 )
(             libc.so[0xCBC2B000])[18 68       ]0x0002E1DE:	LDR	R0, [R3]	;(R3=0xCBC85F1C )
(             libc.so[0xCBC2B000])[82 42       ]0x0002E1E0:	CMP	R2, R0	;(R2=0x00000000 R0=0x00000000 )
(             libc.so[0xCBC2B000])[06 D8       ]0x0002E1E2:	BHI	#0XCBC591F2
(             libc.so[0xCBC2B000])[06 49       ]0x0002E1E4:	LDR	R1, [PC, #0X18]	;(PC=0xCBC591E4 )
(             libc.so[0xCBC2B000])[01 9A       ]0x0002E1E6:	LDR	R2, [SP, #4]	;(SP=0x100FFE18 )
(             libc.so[0xCBC2B000])[79 44       ]0x0002E1E8:	ADD	R1, PC	;(R1=0x0002A318 PC=0xCBC591E8 )
(             libc.so[0xCBC2B000])[80 32       ]0x0002E1EA:	ADDS	R2, #0X80	;(R2=0x00000000 )
(             libc.so[0xCBC2B000])[0B 68       ]0x0002E1EC:	LDR	R3, [R1]	;(R1=0xCBC83504 )
(             libc.so[0xCBC2B000])[98 18       ]0x0002E1EE:	ADDS	R0, R3, R2	;(R3=0x00000000 R2=0x00000080 )
(             libc.so[0xCBC2B000])[00 E0       ]0x0002E1F0:	B	#0XCBC591F4
(             libc.so[0xCBC2B000])[02 B0       ]0x0002E1F4:	ADD	SP, #8	;(SP=0x100FFE18 )
(             libc.so[0xCBC2B000])[70 47       ]0x0002E1F6:	BX	LR	;(LR=0xCBC595F1 )
(             libc.so[0xCBC2B000])[06 46       ]0x0002E5F0:	MOV	R6, R0	;(R0=0x00000080 )
(             libc.so[0xCBC2B000])[28 46       ]0x0002E5F2:	MOV	R0, R5	;(R5=0xCBC6A875 )
(             libc.so[0xCBC2B000])[F4 F7 C6 FC ]0x0002E5F4:	BL	#0XCBC4DF84	;(PC=0xCBC595F4 )
(             libc.so[0xCBC2B000])[90 F8 00 F0 ]0x00022F84:	PLD	[R0] ; strlen	;(R0=0xCBC6A875 )
(             libc.so[0xCBC2B000])[01 46       ]0x00022F88:	MOV	R1, R0	;(R0=0xCBC6A875 )
(             libc.so[0xCBC2B000])[10 F0 07 03 ]0x00022F8A:	ANDS	R3, R0, #7	;(R0=0xCBC6A875 )
(             libc.so[0xCBC2B000])[00 F0 23 80 ]0x00022F8E:	BEQ.W	#0XCBC4DFD8
(             libc.so[0xCBC2B000])[C3 F1 08 03 ]0x00022F92:	RSB.W	R3, R3, #8	;(R3=0x00000005 )
(             libc.so[0xCBC2B000])[5F EA C3 7C ]0x00022F96:	LSLS.W	IP, R3, #0X1F	;(R3=0x00000003 )
(             libc.so[0xCBC2B000])[00 F0 03 80 ]0x00022F9A:	BEQ.W	#0XCBC4DFA4
(             libc.so[0xCBC2B000])[11 F8 01 2B ]0x00022F9E:	LDRB	R2, [R1], #1	;(R1=0xCBC6A875 )
(             libc.so[0xCBC2B000])[7A B3       ]0x00022FA2:	CBZ	R2, #0XCBC4E004	;(R2=0x0000006C )
(             libc.so[0xCBC2B000])[C0 F0 0A 80 ]0x00022FA4:	BLO.W	#0XCBC4DFBC
(             libc.so[0xCBC2B000])[13 F0 02 0C ]0x00022FA8:	ANDS	IP, R3, #2	;(R3=0x00000003 )
(             libc.so[0xCBC2B000])[00 F0 06 80 ]0x00022FAC:	BEQ.W	#0XCBC4DFBC
(             libc.so[0xCBC2B000])[11 F8 01 2B ]0x00022FB0:	LDRB	R2, [R1], #1	;(R1=0xCBC6A876 )
(             libc.so[0xCBC2B000])[32 B3       ]0x00022FB4:	CBZ	R2, #0XCBC4E004	;(R2=0x00000069 )
(             libc.so[0xCBC2B000])[11 F8 01 2B ]0x00022FB6:	LDRB	R2, [R1], #1	;(R1=0xCBC6A877 )
(             libc.so[0xCBC2B000])[1A B3       ]0x00022FBA:	CBZ	R2, #0XCBC4E004	;(R2=0x00000062 )
(             libc.so[0xCBC2B000])[13 F0 04 0F ]0x00022FBC:	TST.W	R3, #4	;(R3=0x00000003 )
(             libc.so[0xCBC2B000])[00 F0 0A 80 ]0x00022FC0:	BEQ.W	#0XCBC4DFD8
(             libc.so[0xCBC2B000])[F1 E8 02 23 ]0x00022FD8:	LDRD	R2, R3, [R1], #8	;(R1=0xCBC6A878 )
(             libc.so[0xCBC2B000])[91 F8 40 F0 ]0x00022FDC:	PLD	[R1, #0X40]	;(R1=0xCBC6A880 )
(             libc.so[0xCBC2B000])[A2 F1 01 3C ]0x00022FE0:	SUB.W	IP, R2, #0X1010101	;(R2=0x65642E63 )
(             libc.so[0xCBC2B000])[2C EA 02 0C ]0x00022FE4:	BIC.W	IP, IP, R2	;(IP=0x64632D62 R2=0x65642E63 )
(             libc.so[0xCBC2B000])[1C F0 80 3C ]0x00022FE8:	ANDS	IP, IP, #0X80808080	;(IP=0x00030100 )
(             libc.so[0xCBC2B000])[40 F0 0F 80 ]0x00022FEC:	BNE.W	#0XCBC4E00E
(             libc.so[0xCBC2B000])[A3 F1 01 3C ]0x00022FF0:	SUB.W	IP, R3, #0X1010101	;(R3=0x2E677562 )
(             libc.so[0xCBC2B000])[2C EA 03 0C ]0x00022FF4:	BIC.W	IP, IP, R3	;(IP=0x2D667461 R3=0x2E677562 )
(             libc.so[0xCBC2B000])[1C F0 80 3C ]0x00022FF8:	ANDS	IP, IP, #0X80808080	;(IP=0x01000001 )
(             libc.so[0xCBC2B000])[40 F0 1F 80 ]0x00022FFC:	BNE.W	#0XCBC4E03E
(             libc.so[0xCBC2B000])[FF F7 EA BF ]0x00023000:	B.W	#0XCBC4DFD8
(             libc.so[0xCBC2B000])[F1 E8 02 23 ]0x00022FD8:	LDRD	R2, R3, [R1], #8	;(R1=0xCBC6A880 )
(             libc.so[0xCBC2B000])[91 F8 40 F0 ]0x00022FDC:	PLD	[R1, #0X40]	;(R1=0xCBC6A888 )
(             libc.so[0xCBC2B000])[A2 F1 01 3C ]0x00022FE0:	SUB.W	IP, R2, #0X1010101	;(R2=0x6C6C616D )
(             libc.so[0xCBC2B000])[2C EA 02 0C ]0x00022FE4:	BIC.W	IP, IP, R2	;(IP=0x6B6B606C R2=0x6C6C616D )
(             libc.so[0xCBC2B000])[1C F0 80 3C ]0x00022FE8:	ANDS	IP, IP, #0X80808080	;(IP=0x03030000 )
(             libc.so[0xCBC2B000])[40 F0 0F 80 ]0x00022FEC:	BNE.W	#0XCBC4E00E
(             libc.so[0xCBC2B000])[A3 F1 01 3C ]0x00022FF0:	SUB.W	IP, R3, #0X1010101	;(R3=0x6C00636F )
(             libc.so[0xCBC2B000])[2C EA 03 0C ]0x00022FF4:	BIC.W	IP, IP, R3	;(IP=0x6AFF626E R3=0x6C00636F )
(             libc.so[0xCBC2B000])[1C F0 80 3C ]0x00022FF8:	ANDS	IP, IP, #0X80808080	;(IP=0x02FF0000 )
(             libc.so[0xCBC2B000])[40 F0 1F 80 ]0x00022FFC:	BNE.W	#0XCBC4E03E
(             libc.so[0xCBC2B000])[A1 EB 00 00 ]0x0002303E:	SUB.W	R0, R1, R0	;(R1=0xCBC6A888 R0=0xCBC6A875 )
(             libc.so[0xCBC2B000])[5F EA 4C 43 ]0x00023042:	LSLS.W	R3, IP, #0X11	;(IP=0x00800000 )
(             libc.so[0xCBC2B000])[40 F0 09 80 ]0x00023046:	BNE.W	#0XCBC4E05C
(             libc.so[0xCBC2B000])[80 F0 0A 80 ]0x0002304A:	BHS.W	#0XCBC4E062
(             libc.so[0xCBC2B000])[5F EA 4C 0C ]0x0002304E:	LSLS.W	IP, IP, #1	;(IP=0x00800000 )
(             libc.so[0xCBC2B000])[40 F0 09 80 ]0x00023052:	BNE.W	#0XCBC4E068
(             libc.so[0xCBC2B000])[A0 F1 02 00 ]0x00023068:	SUB.W	R0, R0, #2	;(R0=0x00000013 )
(             libc.so[0xCBC2B000])[70 47       ]0x0002306C:	BX	LR	;(LR=0xCBC595F9 )
(             libc.so[0xCBC2B000])[00 94       ]0x0002E5F8:	STR	R4, [SP]	;(R4=0x00000000 SP=0x100FFE20 )
(             libc.so[0xCBC2B000])[01 94       ]0x0002E5FA:	STR	R4, [SP, #4]	;(R4=0x00000000 SP=0x100FFE20 )
(             libc.so[0xCBC2B000])[29 46       ]0x0002E5FC:	MOV	R1, R5	;(R5=0xCBC6A875 )
(             libc.so[0xCBC2B000])[23 46       ]0x0002E5FE:	MOV	R3, R4	;(R4=0x00000000 )
(             libc.so[0xCBC2B000])[C2 B2       ]0x0002E600:	UXTB	R2, R0	;(R0=0x00000011 )
(             libc.so[0xCBC2B000])[30 46       ]0x0002E602:	MOV	R0, R6	;(R6=0x00000080 )
(             libc.so[0xCBC2B000])[FF F7 57 FE ]0x0002E604:	BL	#0XCBC592B6	;(PC=0xCBC59604 )
(             libc.so[0xCBC2B000])[2D E9 F0 4F ]0x0002E2B6:	PUSH.W	{R4, R5, R6, R7, R8, SB, SL, FP, LR}	;(SP=0x100FFE20 R4=0x00000000 R5=0xCBC6A875 R6=0x00000080 R7=0x00000000 R8=0xCBC79384 SB=0x00000000 SL=0x00000000 FP=0x00000000 LR=0xCBC59609 )
(             libc.so[0xCBC2B000])[85 B0       ]0x0002E2BA:	SUB	SP, #0X14	;(SP=0x100FFDFC )
(             libc.so[0xCBC2B000])[06 46       ]0x0002E2BC:	MOV	R6, R0	;(R0=0x00000080 )
(             libc.so[0xCBC2B000])[91 46       ]0x0002E2BE:	MOV	SB, R2	;(R2=0x00000011 )
(             libc.so[0xCBC2B000])[9D F8 38 80 ]0x0002E2C0:	LDRB.W	R8, [SP, #0X38]	;(SP=0x100FFDE8 )
(             libc.so[0xCBC2B000])[0C 46       ]0x0002E2C4:	MOV	R4, R1	;(R1=0xCBC6A875 )
(             libc.so[0xCBC2B000])[9D F8 3C 70 ]0x0002E2C6:	LDRB.W	R7, [SP, #0X3C]	;(SP=0x100FFDE8 )
(             libc.so[0xCBC2B000])[00 91       ]0x0002E2CA:	STR	R1, [SP]	;(R1=0xCBC6A875 SP=0x100FFDE8 )
(             libc.so[0xCBC2B000])[01 93       ]0x0002E2CC:	STR	R3, [SP, #4]	;(R3=0x00000000 SP=0x100FFDE8 )
(             libc.so[0xCBC2B000])[2E 21       ]0x0002E2CE:	MOVS	R1, #0X2E
(             libc.so[0xCBC2B000])[20 46       ]0x0002E2D0:	MOV	R0, R4	;(R4=0xCBC6A875 )
(             libc.so[0xCBC2B000])[F4 F7 D6 FF ]0x0002E2D2:	BL	#0XCBC4E282	;(PC=0xCBC592D2 )
(             libc.so[0xCBC2B000])[4F F0 FF 32 ]0x00023282:	MOV.W	R2, #-1 ; strchr
(             libc.so[0xCBC2B000])[FF F7 19 BF ]0x00023286:	B.W	#0XCBC4E0BC
(             libc.so[0xCBC2B000])[82 18       ]0x000230BC:	ADDS	R2, R0, R2 ; __strchr_chk	;(R0=0xCBC6A875 R2=0xFFFFFFFF )
(             libc.so[0xCBC2B000])[C9 B2       ]0x000230BE:	UXTB	R1, R1	;(R1=0x0000002E )
(             libc.so[0xCBC2B000])[03 46       ]0x000230C0:	MOV	R3, R0	;(R0=0xCBC6A875 )
(             libc.so[0xCBC2B000])[10 B5       ]0x000230C2:	PUSH	{R4, LR}	;(SP=0x100FFDE8 R4=0xCBC6A875 LR=0xCBC592D7 )
(             libc.so[0xCBC2B000])[93 42       ]0x000230C4:	CMP	R3, R2	;(R3=0xCBC6A875 R2=0xCBC6A874 )
(             libc.so[0xCBC2B000])[18 46       ]0x000230C6:	MOV	R0, R3	;(R3=0xCBC6A875 )
(             libc.so[0xCBC2B000])[09 D0       ]0x000230C8:	BEQ	#0XCBC4E0DE
(             libc.so[0xCBC2B000])[03 E0       ]0x000230CA:	B	#0XCBC4E0D4
(             libc.so[0xCBC2B000])[1C 78       ]0x000230D4:	LDRB	R4, [R3]	;(R3=0xCBC6A875 )
(             libc.so[0xCBC2B000])[01 33       ]0x000230D6:	ADDS	R3, #1	;(R3=0xCBC6A875 )
(             libc.so[0xCBC2B000])[8C 42       ]0x000230D8:	CMP	R4, R1	;(R4=0x0000006C R1=0x0000002E )
(             libc.so[0xCBC2B000])[F7 D1       ]0x000230DA:	BNE	#0XCBC4E0CC
(             libc.so[0xCBC2B000])[00 2C       ]0x000230CC:	CMP	R4, #0	;(R4=0x0000006C )
(             libc.so[0xCBC2B000])[F9 D1       ]0x000230CE:	BNE	#0XCBC4E0C4
(             libc.so[0xCBC2B000])[93 42       ]0x000230C4:	CMP	R3, R2	;(R3=0xCBC6A876 R2=0xCBC6A874 )
(             libc.so[0xCBC2B000])[18 46       ]0x000230C6:	MOV	R0, R3	;(R3=0xCBC6A876 )
(             libc.so[0xCBC2B000])[09 D0       ]0x000230C8:	BEQ	#0XCBC4E0DE
(             libc.so[0xCBC2B000])[03 E0       ]0x000230CA:	B	#0XCBC4E0D4
(             libc.so[0xCBC2B000])[1C 78       ]0x000230D4:	LDRB	R4, [R3]	;(R3=0xCBC6A876 )
(             libc.so[0xCBC2B000])[01 33       ]0x000230D6:	ADDS	R3, #1	;(R3=0xCBC6A876 )
(             libc.so[0xCBC2B000])[8C 42       ]0x000230D8:	CMP	R4, R1	;(R4=0x00000069 R1=0x0000002E )
(             libc.so[0xCBC2B000])[F7 D1       ]0x000230DA:	BNE	#0XCBC4E0CC
(             libc.so[0xCBC2B000])[00 2C       ]0x000230CC:	CMP	R4, #0	;(R4=0x00000069 )
(             libc.so[0xCBC2B000])[F9 D1       ]0x000230CE:	BNE	#0XCBC4E0C4
(             libc.so[0xCBC2B000])[93 42       ]0x000230C4:	CMP	R3, R2	;(R3=0xCBC6A877 R2=0xCBC6A874 )
(             libc.so[0xCBC2B000])[18 46       ]0x000230C6:	MOV	R0, R3	;(R3=0xCBC6A877 )
(             libc.so[0xCBC2B000])[09 D0       ]0x000230C8:	BEQ	#0XCBC4E0DE
(             libc.so[0xCBC2B000])[03 E0       ]0x000230CA:	B	#0XCBC4E0D4
(             libc.so[0xCBC2B000])[1C 78       ]0x000230D4:	LDRB	R4, [R3]	;(R3=0xCBC6A877 )
(             libc.so[0xCBC2B000])[01 33       ]0x000230D6:	ADDS	R3, #1	;(R3=0xCBC6A877 )
(             libc.so[0xCBC2B000])[8C 42       ]0x000230D8:	CMP	R4, R1	;(R4=0x00000062 R1=0x0000002E )
(             libc.so[0xCBC2B000])[F7 D1       ]0x000230DA:	BNE	#0XCBC4E0CC
(             libc.so[0xCBC2B000])[00 2C       ]0x000230CC:	CMP	R4, #0	;(R4=0x00000062 )
(             libc.so[0xCBC2B000])[F9 D1       ]0x000230CE:	BNE	#0XCBC4E0C4
(             libc.so[0xCBC2B000])[93 42       ]0x000230C4:	CMP	R3, R2	;(R3=0xCBC6A878 R2=0xCBC6A874 )
(             libc.so[0xCBC2B000])[18 46       ]0x000230C6:	MOV	R0, R3	;(R3=0xCBC6A878 )
(             libc.so[0xCBC2B000])[09 D0       ]0x000230C8:	BEQ	#0XCBC4E0DE
(             libc.so[0xCBC2B000])[03 E0       ]0x000230CA:	B	#0XCBC4E0D4
(             libc.so[0xCBC2B000])[1C 78       ]0x000230D4:	LDRB	R4, [R3]	;(R3=0xCBC6A878 )
(             libc.so[0xCBC2B000])[01 33       ]0x000230D6:	ADDS	R3, #1	;(R3=0xCBC6A878 )
(             libc.so[0xCBC2B000])[8C 42       ]0x000230D8:	CMP	R4, R1	;(R4=0x00000063 R1=0x0000002E )
(             libc.so[0xCBC2B000])[F7 D1       ]0x000230DA:	BNE	#0XCBC4E0CC
(             libc.so[0xCBC2B000])[00 2C       ]0x000230CC:	CMP	R4, #0	;(R4=0x00000063 )
(             libc.so[0xCBC2B000])[F9 D1       ]0x000230CE:	BNE	#0XCBC4E0C4
(             libc.so[0xCBC2B000])[93 42       ]0x000230C4:	CMP	R3, R2	;(R3=0xCBC6A879 R2=0xCBC6A874 )
(             libc.so[0xCBC2B000])[18 46       ]0x000230C6:	MOV	R0, R3	;(R3=0xCBC6A879 )
(             libc.so[0xCBC2B000])[09 D0       ]0x000230C8:	BEQ	#0XCBC4E0DE
(             libc.so[0xCBC2B000])[03 E0       ]0x000230CA:	B	#0XCBC4E0D4
(             libc.so[0xCBC2B000])[1C 78       ]0x000230D4:	LDRB	R4, [R3]	;(R3=0xCBC6A879 )
(             libc.so[0xCBC2B000])[01 33       ]0x000230D6:	ADDS	R3, #1	;(R3=0xCBC6A879 )
(             libc.so[0xCBC2B000])[8C 42       ]0x000230D8:	CMP	R4, R1	;(R4=0x0000002E R1=0x0000002E )
(             libc.so[0xCBC2B000])[F7 D1       ]0x000230DA:	BNE	#0XCBC4E0CC
(             libc.so[0xCBC2B000])[10 BD       ]0x000230DC:	POP	{R4, PC}	;(SP=0x100FFDE0 )
(             libc.so[0xCBC2B000])[10 F1 00 0B ]0x0002E2D6:	ADDS.W	FP, R0, #0	;(R0=0xCBC6A879 )
(             libc.so[0xCBC2B000])[82 46       ]0x0002E2DA:	MOV	SL, R0	;(R0=0xCBC6A879 )
(             libc.so[0xCBC2B000])[18 BF       ]0x0002E2DC:	IT	NE
(             libc.so[0xCBC2B000])[4F F0 01 0B ]0x0002E2DE:	MOV.W	FP, #1
(             libc.so[0xCBC2B000])[BB F1 00 0F ]0x0002E2E2:	CMP.W	FP, #0	;(FP=0x00000001 )
(             libc.so[0xCBC2B000])[02 D0       ]0x0002E2E6:	BEQ	#0XCBC592EE
(             libc.so[0xCBC2B000])[05 1B       ]0x0002E2E8:	SUBS	R5, R0, R4	;(R0=0xCBC6A879 R4=0xCBC6A875 )
(             libc.so[0xCBC2B000])[ED B2       ]0x0002E2EA:	UXTB	R5, R5	;(R5=0x00000004 )
(             libc.so[0xCBC2B000])[03 E0       ]0x0002E2EC:	B	#0XCBC592F6
(             libc.so[0xCBC2B000])[05 B9       ]0x0002E2F6:	CBNZ	R5, #0XCBC592FA	;(R5=0x00000004 )
(             libc.so[0xCBC2B000])[33 69       ]0x0002E2FA:	LDR	R3, [R6, #0X10]	;(R6=0x00000080 )
(             libc.so[0xCBC2B000])[0B B1       ]0x0002E2FC:	CBZ	R3, #0XCBC59302	;(R3=0x00000000 )
(             libc.so[0xCBC2B000])[00 2F       ]0x0002E302:	CMP	R7, #0	;(R7=0x00000000 )
(             libc.so[0xCBC2B000])[5E D0       ]0x0002E304:	BEQ	#0XCBC593C4
(             libc.so[0xCBC2B000])[00 24       ]0x0002E3C4:	MOVS	R4, #0
(             libc.so[0xCBC2B000])[20 46       ]0x0002E3C6:	MOV	R0, R4	;(R4=0x00000000 )
(             libc.so[0xCBC2B000])[05 B0       ]0x0002E3C8:	ADD	SP, #0X14	;(SP=0x100FFDE8 )
(             libc.so[0xCBC2B000])[BD E8 F0 8F ]0x0002E3CA:	POP.W	{R4, R5, R6, R7, R8, SB, SL, FP, PC}	;(SP=0x100FFDFC )
(             libc.so[0xCBC2B000])[02 B0       ]0x0002E608:	ADD	SP, #8	;(SP=0x100FFE20 )
(             libc.so[0xCBC2B000])[70 BD       ]0x0002E60A:	POP	{R4, R5, R6, PC}	;(SP=0x100FFE28 )
(             libc.so[0xCBC2B000])[28 B1       ]0x0002E674:	CBZ	R0, #0XCBC59682	;(R0=0x00000000 )
(             libc.so[0xCBC2B000])[20 70       ]0x0002E682:	STRB	R0, [R4]	;(R0=0x00000000 R4=0x100FFE54 )
(             libc.so[0xCBC2B000])[10 BD       ]0x0002E684:	POP	{R4, PC}	;(SP=0x100FFE38 )
(             libc.so[0xCBC2B000])[00 28       ]0x0000DF62:	CMP	R0, #0	;(R0=0x00000000 )
(             libc.so[0xCBC2B000])[40 F0 14 81 ]0x0000DF64:	BNE.W	#0XCBC39190
(             libc.so[0xCBC2B000])[97 48       ]0x0000DF68:	LDR	R0, [PC, #0X25C]	;(PC=0xCBC38F68 )
(             libc.so[0xCBC2B000])[78 44       ]0x0000DF6A:	ADD	R0, PC	;(R0=0x0003E5DE PC=0xCBC38F6A )
(             libc.so[0xCBC2B000])[01 68       ]0x0000DF6C:	LDR	R1, [R0]	;(R0=0xCBC7754C )
(             libc.so[0xCBC2B000])[00 29       ]0x0000DF6E:	CMP	R1, #0	;(R1=0x00000000 )
(             libc.so[0xCBC2B000])[00 F0 13 81 ]0x0000DF70:	BEQ.W	#0XCBC3919A
(             libc.so[0xCBC2B000])[61 9A       ]0x0000E19A:	LDR	R2, [SP, #0X184]	;(SP=0x100FFE40 )
(             libc.so[0xCBC2B000])[D8 F8 00 00 ]0x0000E19C:	LDR.W	R0, [R8]	;(R8=0xCBC79384 )
(             libc.so[0xCBC2B000])[82 42       ]0x0000E1A0:	CMP	R2, R0	;(R2=0x00000000 R0=0x00000000 )
(             libc.so[0xCBC2B000])[01 D0       ]0x0000E1A2:	BEQ	#0XCBC391A8
(             libc.so[0xCBC2B000])[63 B0       ]0x0000E1A8:	ADD	SP, #0X18C	;(SP=0x100FFE40 )
(             libc.so[0xCBC2B000])[BD E8 F0 83 ]0x0000E1AA:	POP.W	{R4, R5, R6, R7, R8, SB, PC}	;(SP=0x100FFFCC )
(             libc.so[0xCBC2B000])[5F F0 7F F5 ]0x0000F004:	DMB	SY
(             libc.so[0xCBC2B000])[02 10 A0 E3 ]0x0000F008:	MOV	R1, #2
(             libc.so[0xCBC2B000])[04 00 A0 E1 ]0x0000F00C:	MOV	R0, R4	;(R4=0xCBC77540 )
(             libc.so[0xCBC2B000])[00 10 84 E5 ]0x0000F010:	STR	R1, [R4]	;(R1=0x00000002 R4=0xCBC77540 )
(             libc.so[0xCBC2B000])[02 21 E0 E3 ]0x0000F014:	MVN	R2, #0X80000000
(             libc.so[0xCBC2B000])[06 10 A0 E1 ]0x0000F018:	MOV	R1, R6	;(R6=0x00000000 )
(             libc.so[0xCBC2B000])[EB FC FF EB ]0x0000F01C:	BL	#0XCBC393D0	;(PC=0xCBC3A01C )
(             libc.so[0xCBC2B000])[00 00 51 E3 ]0x0000E3D0:	CMP	R1, #0 ; __futex_wake_ex	;(R1=0x00000000 )
(             libc.so[0xCBC2B000])[81 10 A0 03 ]0x0000E3D4:	MOVEQ	R1, #0X81
(             libc.so[0xCBC2B000])[01 10 A0 13 ]0x0000E3D8:	MOVNE	R1, #1
(             libc.so[0xCBC2B000])[46 4D 00 EA ]0x0000E3DC:	B	#0XCBC4C8FC	;(PC=0xCBC393DC )
(             libc.so[0xCBC2B000])[07 C0 A0 E1 ]0x000218FC:	MOV	IP, R7 ; __futex_syscall3	;(R7=0x00000000 )
(             libc.so[0xCBC2B000])[F0 70 A0 E3 ]0x00021900:	MOV	R7, #0XF0
(             libc.so[0xCBC2B000])[00 00 00 EF ]0x00021904:	SVC	#0	;(PC=0xCBC4C904 )
(             libc.so[0xCBC2B000])[0C 70 A0 E1 ]0x00021908:	MOV	R7, IP	;(IP=0x00000000 )
(             libc.so[0xCBC2B000])[1E FF 2F E1 ]0x0002190C:	BX	LR
(             libc.so[0xCBC2B000])[E2 FF FF EA ]0x0000F020:	B	#0XCBC39FB0	;(PC=0xCBC3A020 )
(             libc.so[0xCBC2B000])[00 00 A0 E3 ]0x0000EFB0:	MOV	R0, #0
(             libc.so[0xCBC2B000])[70 80 BD E8 ]0x0000EFB4:	POP	{R4, R5, R6, PC}	;(SP=0x100FFFE8 )
(             libc.so[0xCBC2B000])[40 B1       ]0x0000DC72:	CBZ	R0, #0XCBC38C86	;(R0=0x00000000 )
(             libc.so[0xCBC2B000])[08 BD       ]0x0000DC86:	POP	{R3, PC}	;(SP=0x100FFFF8 )
(             libc.so[0xCBC2B000])[02 48       ]0x00012A50:	LDR	R0, [PC, #8]	;(PC=0xCBC3DA50 )
(             libc.so[0xCBC2B000])[03 49       ]0x00012A52:	LDR	R1, [PC, #0XC]	;(PC=0xCBC3DA52 )
(             libc.so[0xCBC2B000])[78 44       ]0x00012A54:	ADD	R0, PC	;(R0=0x0003B93C PC=0xCBC3DA54 )
(             libc.so[0xCBC2B000])[79 44       ]0x00012A56:	ADD	R1, PC	;(R1=0xFFFFFFF3 PC=0xCBC3DA56 )
(             libc.so[0xCBC2B000])[2A F0 68 BD ]0x00012A58:	B.W	#0XCBC6852C
(             libc.so[0xCBC2B000])[78 47       ]0x0003D52C:	BX	PC	;(PC=0xCBC6852C )
(             libc.so[0xCBC2B000])[00 C0 9F E5 ]0x0003D530:	LDR	IP, [PC]	;(PC=0xCBC68530 )
(             libc.so[0xCBC2B000])[0F F0 8C E0 ]0x0003D534:	ADD	PC, IP, PC	;(IP=0xFFFD0178 PC=0xCBC68534 )
(             libc.so[0xCBC2B000])[F8 40 2D E9 ]0x0000D6B4:	PUSH	{R3, R4, R5, R6, R7, LR} ; pthread_key_create	;(SP=0x10100000 R3=0x00000000 R4=0x00000000 R5=0x00000000 R6=0x00000000 R7=0x00000000 LR=0x0107F28F )
(             libc.so[0xCBC2B000])[00 40 A0 E1 ]0x0000D6B8:	MOV	R4, R0	;(R0=0xCBC79394 )
(             libc.so[0xCBC2B000])[D4 00 9F E5 ]0x0000D6BC:	LDR	R0, [PC, #0XD4]	;(PC=0xCBC386BC )
(             libc.so[0xCBC2B000])[01 50 A0 E1 ]0x0000D6C0:	MOV	R5, R1	;(R1=0xCBC3DA4D )
(             libc.so[0xCBC2B000])[00 00 8F E0 ]0x0000D6C4:	ADD	R0, PC, R0	;(PC=0xCBC386C4 R0=0x0003EE6C )
(             libc.so[0xCBC2B000])[43 04 00 EB ]0x0000D6C8:	BL	#0XCBC397DC	;(PC=0xCBC386C8 )
(             libc.so[0xCBC2B000])[90 FF FF EA ]0x0000E7DC:	B	#0XCBC39624 ; pthread_mutex_lock	;(PC=0xCBC397DC )
(             libc.so[0xCBC2B000])[F0 41 2D E9 ]0x0000E624:	PUSH	{R4, R5, R6, R7, R8, LR}	;(SP=0x100FFFE8 R4=0xCBC79394 R5=0xCBC3DA4D R6=0x00000000 R7=0x00000000 R8=0x00000000 LR=0xCBC386CC )
(             libc.so[0xCBC2B000])[00 40 50 E2 ]0x0000E628:	SUBS	R4, R0, #0	;(R0=0xCBC77538 )
(             libc.so[0xCBC2B000])[1B 00 00 0A ]0x0000E62C:	BEQ	#0XCBC396A0	;(PC=0xCBC3962C )
(             libc.so[0xCBC2B000])[00 50 94 E5 ]0x0000E630:	LDR	R5, [R4]	;(R4=0xCBC77538 )
(             libc.so[0xCBC2B000])[03 79 15 E2 ]0x0000E634:	ANDS	R7, R5, #0XC000	;(R5=0x00000000 )
(             libc.so[0xCBC2B000])[02 6A 05 E2 ]0x0000E638:	AND	R6, R5, #0X2000	;(R5=0x00000000 )
(             libc.so[0xCBC2B000])[19 00 00 1A ]0x0000E63C:	BNE	#0XCBC396A8	;(PC=0xCBC3963C )
(             libc.so[0xCBC2B000])[01 00 86 E3 ]0x0000E640:	ORR	R0, R6, #1	;(R6=0x00000000 )
(             libc.so[0xCBC2B000])[9F 3F 94 E1 ]0x0000E644:	LDREX	R3, [R4]	;(R4=0xCBC77538 )
(             libc.so[0xCBC2B000])[00 10 A0 E3 ]0x0000E648:	MOV	R1, #0
(             libc.so[0xCBC2B000])[06 00 33 E1 ]0x0000E64C:	TEQ	R3, R6	;(R3=0x00000000 R6=0x00000000 )
(             libc.so[0xCBC2B000])[90 1F 84 01 ]0x0000E650:	STREXEQ	R1, R0, [R4]	;(R0=0x00000001 R4=0xCBC77538 )
(             libc.so[0xCBC2B000])[00 00 51 E3 ]0x0000E654:	CMP	R1, #0	;(R1=0x00000000 )
(             libc.so[0xCBC2B000])[F9 FF FF 1A ]0x0000E658:	BNE	#0XCBC39644	;(PC=0xCBC39658 )
(             libc.so[0xCBC2B000])[03 00 56 E1 ]0x0000E65C:	CMP	R6, R3	;(R6=0x00000000 R3=0x00000000 )
(             libc.so[0xCBC2B000])[02 50 86 13 ]0x0000E660:	ORRNE	R5, R6, #2	;(R6=0x00000000 )
(             libc.so[0xCBC2B000])[01 00 00 1A ]0x0000E664:	BNE	#0XCBC39670	;(PC=0xCBC39664 )
(             libc.so[0xCBC2B000])[09 00 00 EA ]0x0000E668:	B	#0XCBC39694	;(PC=0xCBC39668 )
(             libc.so[0xCBC2B000])[5F F0 7F F5 ]0x0000E694:	DMB	SY
(             libc.so[0xCBC2B000])[00 00 A0 E3 ]0x0000E698:	MOV	R0, #0
(             libc.so[0xCBC2B000])[F0 81 BD E8 ]0x0000E69C:	POP	{R4, R5, R6, R7, R8, PC}	;(SP=0x100FFFD0 )
(             libc.so[0xCBC2B000])[C8 20 9F E5 ]0x0000D6CC:	LDR	R2, [PC, #0XC8]	;(PC=0xCBC386CC )
(             libc.so[0xCBC2B000])[02 10 8F E0 ]0x0000D6D0:	ADD	R1, PC, R2	;(PC=0xCBC386D0 R2=0x0003EC18 )
(             libc.so[0xCBC2B000])[00 30 D1 E5 ]0x0000D6D4:	LDRB	R3, [R1]	;(R1=0xCBC772F0 )
(             libc.so[0xCBC2B000])[04 C0 91 E5 ]0x0000D6D8:	LDR	IP, [R1, #4]	;(R1=0xCBC772F0 )
(             libc.so[0xCBC2B000])[00 00 53 E3 ]0x0000D6DC:	CMP	R3, #0	;(R3=0x00000000 )
(             libc.so[0xCBC2B000])[0C 00 00 1A ]0x0000D6E0:	BNE	#0XCBC38718	;(PC=0xCBC386E0 )
(             libc.so[0xCBC2B000])[14 E0 81 E2 ]0x0000D6E4:	ADD	LR, R1, #0X14	;(R1=0xCBC772F0 )
(             libc.so[0xCBC2B000])[01 00 A0 E3 ]0x0000D6E8:	MOV	R0, #1
(             libc.so[0xCBC2B000])[03 20 A0 E1 ]0x0000D6EC:	MOV	R2, R3	;(R3=0x00000000 )
(             libc.so[0xCBC2B000])[10 C3 8C E1 ]0x0000D6F0:	ORR	IP, IP, R0, LSL R3	;(IP=0x00000000 R0=0x00000001 )
(             libc.so[0xCBC2B000])[01 30 83 E2 ]0x0000D6F4:	ADD	R3, R3, #1	;(R3=0x00000000 )
(             libc.so[0xCBC2B000])[07 00 53 E3 ]0x0000D6F8:	CMP	R3, #7	;(R3=0x00000001 )
(             libc.so[0xCBC2B000])[04 20 AE E5 ]0x0000D6FC:	STR	R2, [LR, #4]!	;(R2=0x00000000 LR=0xCBC77304 )
(             libc.so[0xCBC2B000])[FA FF FF 1A ]0x0000D700:	BNE	#0XCBC386F0	;(PC=0xCBC38700 )
(             libc.so[0xCBC2B000])[10 C3 8C E1 ]0x0000D6F0:	ORR	IP, IP, R0, LSL R3	;(IP=0x00000001 R0=0x00000001 )
(             libc.so[0xCBC2B000])[01 30 83 E2 ]0x0000D6F4:	ADD	R3, R3, #1	;(R3=0x00000001 )
(             libc.so[0xCBC2B000])[07 00 53 E3 ]0x0000D6F8:	CMP	R3, #7	;(R3=0x00000002 )
(             libc.so[0xCBC2B000])[04 20 AE E5 ]0x0000D6FC:	STR	R2, [LR, #4]!	;(R2=0x00000000 LR=0xCBC77308 )
(             libc.so[0xCBC2B000])[FA FF FF 1A ]0x0000D700:	BNE	#0XCBC386F0	;(PC=0xCBC38700 )
(             libc.so[0xCBC2B000])[10 C3 8C E1 ]0x0000D6F0:	ORR	IP, IP, R0, LSL R3	;(IP=0x00000003 R0=0x00000001 )
(             libc.so[0xCBC2B000])[01 30 83 E2 ]0x0000D6F4:	ADD	R3, R3, #1	;(R3=0x00000002 )
(             libc.so[0xCBC2B000])[07 00 53 E3 ]0x0000D6F8:	CMP	R3, #7	;(R3=0x00000003 )
(             libc.so[0xCBC2B000])[04 20 AE E5 ]0x0000D6FC:	STR	R2, [LR, #4]!	;(R2=0x00000000 LR=0xCBC7730C )
(             libc.so[0xCBC2B000])[FA FF FF 1A ]0x0000D700:	BNE	#0XCBC386F0	;(PC=0xCBC38700 )
(             libc.so[0xCBC2B000])[10 C3 8C E1 ]0x0000D6F0:	ORR	IP, IP, R0, LSL R3	;(IP=0x00000007 R0=0x00000001 )
(             libc.so[0xCBC2B000])[01 30 83 E2 ]0x0000D6F4:	ADD	R3, R3, #1	;(R3=0x00000003 )
(             libc.so[0xCBC2B000])[07 00 53 E3 ]0x0000D6F8:	CMP	R3, #7	;(R3=0x00000004 )
(             libc.so[0xCBC2B000])[04 20 AE E5 ]0x0000D6FC:	STR	R2, [LR, #4]!	;(R2=0x00000000 LR=0xCBC77310 )
(             libc.so[0xCBC2B000])[FA FF FF 1A ]0x0000D700:	BNE	#0XCBC386F0	;(PC=0xCBC38700 )
(             libc.so[0xCBC2B000])[10 C3 8C E1 ]0x0000D6F0:	ORR	IP, IP, R0, LSL R3	;(IP=0x0000000F R0=0x00000001 )
(             libc.so[0xCBC2B000])[01 30 83 E2 ]0x0000D6F4:	ADD	R3, R3, #1	;(R3=0x00000004 )
(             libc.so[0xCBC2B000])[07 00 53 E3 ]0x0000D6F8:	CMP	R3, #7	;(R3=0x00000005 )
(             libc.so[0xCBC2B000])[04 20 AE E5 ]0x0000D6FC:	STR	R2, [LR, #4]!	;(R2=0x00000000 LR=0xCBC77314 )
(             libc.so[0xCBC2B000])[FA FF FF 1A ]0x0000D700:	BNE	#0XCBC386F0	;(PC=0xCBC38700 )
(             libc.so[0xCBC2B000])[10 C3 8C E1 ]0x0000D6F0:	ORR	IP, IP, R0, LSL R3	;(IP=0x0000001F R0=0x00000001 )
(             libc.so[0xCBC2B000])[01 30 83 E2 ]0x0000D6F4:	ADD	R3, R3, #1	;(R3=0x00000005 )
(             libc.so[0xCBC2B000])[07 00 53 E3 ]0x0000D6F8:	CMP	R3, #7	;(R3=0x00000006 )
(             libc.so[0xCBC2B000])[04 20 AE E5 ]0x0000D6FC:	STR	R2, [LR, #4]!	;(R2=0x00000000 LR=0xCBC77318 )
(             libc.so[0xCBC2B000])[FA FF FF 1A ]0x0000D700:	BNE	#0XCBC386F0	;(PC=0xCBC38700 )
(             libc.so[0xCBC2B000])[10 C3 8C E1 ]0x0000D6F0:	ORR	IP, IP, R0, LSL R3	;(IP=0x0000003F R0=0x00000001 )
(             libc.so[0xCBC2B000])[01 30 83 E2 ]0x0000D6F4:	ADD	R3, R3, #1	;(R3=0x00000006 )
(             libc.so[0xCBC2B000])[07 00 53 E3 ]0x0000D6F8:	CMP	R3, #7	;(R3=0x00000007 )
(             libc.so[0xCBC2B000])[04 20 AE E5 ]0x0000D6FC:	STR	R2, [LR, #4]!	;(R2=0x00000000 LR=0xCBC7731C )
(             libc.so[0xCBC2B000])[FA FF FF 1A ]0x0000D700:	BNE	#0XCBC386F0	;(PC=0xCBC38700 )
(             libc.so[0xCBC2B000])[94 10 9F E5 ]0x0000D704:	LDR	R1, [PC, #0X94]	;(PC=0xCBC38704 )
(             libc.so[0xCBC2B000])[01 00 A0 E3 ]0x0000D708:	MOV	R0, #1
(             libc.so[0xCBC2B000])[01 E0 8F E0 ]0x0000D70C:	ADD	LR, PC, R1	;(PC=0xCBC3870C R1=0x0003EBDC )
(             libc.so[0xCBC2B000])[04 C0 8E E5 ]0x0000D710:	STR	IP, [LR, #4]	;(IP=0x0000007F LR=0xCBC772F0 )
(             libc.so[0xCBC2B000])[00 00 CE E5 ]0x0000D714:	STRB	R0, [LR]	;(R0=0x00000001 LR=0xCBC772F0 )
(             libc.so[0xCBC2B000])[84 20 9F E5 ]0x0000D718:	LDR	R2, [PC, #0X84]	;(PC=0xCBC38718 )
(             libc.so[0xCBC2B000])[00 30 A0 E3 ]0x0000D71C:	MOV	R3, #0
(             libc.so[0xCBC2B000])[02 10 8F E0 ]0x0000D720:	ADD	R1, PC, R2	;(PC=0xCBC38720 R2=0x0003EBC8 )
(             libc.so[0xCBC2B000])[05 00 00 EA ]0x0000D724:	B	#0XCBC38740	;(PC=0xCBC38724 )
(             libc.so[0xCBC2B000])[1F E0 03 E2 ]0x0000D740:	AND	LR, R3, #0X1F	;(R3=0x00000000 )
(             libc.so[0xCBC2B000])[3C 0E A0 E1 ]0x0000D744:	LSR	R0, IP, LR	;(IP=0x0000007F LR=0x00000000 )
(             libc.so[0xCBC2B000])[01 20 10 E2 ]0x0000D748:	ANDS	R2, R0, #1	;(R0=0x0000007F )
(             libc.so[0xCBC2B000])[F5 FF FF 1A ]0x0000D74C:	BNE	#0XCBC38728	;(PC=0xCBC3874C )
(             libc.so[0xCBC2B000])[01 30 83 E2 ]0x0000D728:	ADD	R3, R3, #1	;(R3=0x00000000 )
(             libc.so[0xCBC2B000])[8C 00 53 E3 ]0x0000D72C:	CMP	R3, #0X8C	;(R3=0x00000001 )
(             libc.so[0xCBC2B000])[C3 C2 A0 E1 ]0x0000D730:	ASR	IP, R3, #5	;(R3=0x00000001 )
(             libc.so[0xCBC2B000])[15 00 00 0A ]0x0000D734:	BEQ	#0XCBC38790	;(PC=0xCBC38734 )
(             libc.so[0xCBC2B000])[0C E1 81 E0 ]0x0000D738:	ADD	LR, R1, IP, LSL #2	;(R1=0xCBC772F0 IP=0x00000000 )
(             libc.so[0xCBC2B000])[04 C0 9E E5 ]0x0000D73C:	LDR	IP, [LR, #4]	;(LR=0xCBC772F0 )
(             libc.so[0xCBC2B000])[1F E0 03 E2 ]0x0000D740:	AND	LR, R3, #0X1F	;(R3=0x00000001 )
(             libc.so[0xCBC2B000])[3C 0E A0 E1 ]0x0000D744:	LSR	R0, IP, LR	;(IP=0x0000007F LR=0x00000001 )
(             libc.so[0xCBC2B000])[01 20 10 E2 ]0x0000D748:	ANDS	R2, R0, #1	;(R0=0x0000003F )
(             libc.so[0xCBC2B000])[F5 FF FF 1A ]0x0000D74C:	BNE	#0XCBC38728	;(PC=0xCBC3874C )
(             libc.so[0xCBC2B000])[01 30 83 E2 ]0x0000D728:	ADD	R3, R3, #1	;(R3=0x00000001 )
(             libc.so[0xCBC2B000])[8C 00 53 E3 ]0x0000D72C:	CMP	R3, #0X8C	;(R3=0x00000002 )
(             libc.so[0xCBC2B000])[C3 C2 A0 E1 ]0x0000D730:	ASR	IP, R3, #5	;(R3=0x00000002 )
(             libc.so[0xCBC2B000])[15 00 00 0A ]0x0000D734:	BEQ	#0XCBC38790	;(PC=0xCBC38734 )
(             libc.so[0xCBC2B000])[0C E1 81 E0 ]0x0000D738:	ADD	LR, R1, IP, LSL #2	;(R1=0xCBC772F0 IP=0x00000000 )
(             libc.so[0xCBC2B000])[04 C0 9E E5 ]0x0000D73C:	LDR	IP, [LR, #4]	;(LR=0xCBC772F0 )
(             libc.so[0xCBC2B000])[1F E0 03 E2 ]0x0000D740:	AND	LR, R3, #0X1F	;(R3=0x00000002 )
(             libc.so[0xCBC2B000])[3C 0E A0 E1 ]0x0000D744:	LSR	R0, IP, LR	;(IP=0x0000007F LR=0x00000002 )
(             libc.so[0xCBC2B000])[01 20 10 E2 ]0x0000D748:	ANDS	R2, R0, #1	;(R0=0x0000001F )
(             libc.so[0xCBC2B000])[F5 FF FF 1A ]0x0000D74C:	BNE	#0XCBC38728	;(PC=0xCBC3874C )
(             libc.so[0xCBC2B000])[01 30 83 E2 ]0x0000D728:	ADD	R3, R3, #1	;(R3=0x00000002 )
(             libc.so[0xCBC2B000])[8C 00 53 E3 ]0x0000D72C:	CMP	R3, #0X8C	;(R3=0x00000003 )
(             libc.so[0xCBC2B000])[C3 C2 A0 E1 ]0x0000D730:	ASR	IP, R3, #5	;(R3=0x00000003 )
(             libc.so[0xCBC2B000])[15 00 00 0A ]0x0000D734:	BEQ	#0XCBC38790	;(PC=0xCBC38734 )
(             libc.so[0xCBC2B000])[0C E1 81 E0 ]0x0000D738:	ADD	LR, R1, IP, LSL #2	;(R1=0xCBC772F0 IP=0x00000000 )
(             libc.so[0xCBC2B000])[04 C0 9E E5 ]0x0000D73C:	LDR	IP, [LR, #4]	;(LR=0xCBC772F0 )
(             libc.so[0xCBC2B000])[1F E0 03 E2 ]0x0000D740:	AND	LR, R3, #0X1F	;(R3=0x00000003 )
(             libc.so[0xCBC2B000])[3C 0E A0 E1 ]0x0000D744:	LSR	R0, IP, LR	;(IP=0x0000007F LR=0x00000003 )
(             libc.so[0xCBC2B000])[01 20 10 E2 ]0x0000D748:	ANDS	R2, R0, #1	;(R0=0x0000000F )
(             libc.so[0xCBC2B000])[F5 FF FF 1A ]0x0000D74C:	BNE	#0XCBC38728	;(PC=0xCBC3874C )
(             libc.so[0xCBC2B000])[01 30 83 E2 ]0x0000D728:	ADD	R3, R3, #1	;(R3=0x00000003 )
(             libc.so[0xCBC2B000])[8C 00 53 E3 ]0x0000D72C:	CMP	R3, #0X8C	;(R3=0x00000004 )
(             libc.so[0xCBC2B000])[C3 C2 A0 E1 ]0x0000D730:	ASR	IP, R3, #5	;(R3=0x00000004 )
(             libc.so[0xCBC2B000])[15 00 00 0A ]0x0000D734:	BEQ	#0XCBC38790	;(PC=0xCBC38734 )
(             libc.so[0xCBC2B000])[0C E1 81 E0 ]0x0000D738:	ADD	LR, R1, IP, LSL #2	;(R1=0xCBC772F0 IP=0x00000000 )
(             libc.so[0xCBC2B000])[04 C0 9E E5 ]0x0000D73C:	LDR	IP, [LR, #4]	;(LR=0xCBC772F0 )
(             libc.so[0xCBC2B000])[1F E0 03 E2 ]0x0000D740:	AND	LR, R3, #0X1F	;(R3=0x00000004 )
(             libc.so[0xCBC2B000])[3C 0E A0 E1 ]0x0000D744:	LSR	R0, IP, LR	;(IP=0x0000007F LR=0x00000004 )
(             libc.so[0xCBC2B000])[01 20 10 E2 ]0x0000D748:	ANDS	R2, R0, #1	;(R0=0x00000007 )
(             libc.so[0xCBC2B000])[F5 FF FF 1A ]0x0000D74C:	BNE	#0XCBC38728	;(PC=0xCBC3874C )
(             libc.so[0xCBC2B000])[01 30 83 E2 ]0x0000D728:	ADD	R3, R3, #1	;(R3=0x00000004 )
(             libc.so[0xCBC2B000])[8C 00 53 E3 ]0x0000D72C:	CMP	R3, #0X8C	;(R3=0x00000005 )
(             libc.so[0xCBC2B000])[C3 C2 A0 E1 ]0x0000D730:	ASR	IP, R3, #5	;(R3=0x00000005 )
(             libc.so[0xCBC2B000])[15 00 00 0A ]0x0000D734:	BEQ	#0XCBC38790	;(PC=0xCBC38734 )
(             libc.so[0xCBC2B000])[0C E1 81 E0 ]0x0000D738:	ADD	LR, R1, IP, LSL #2	;(R1=0xCBC772F0 IP=0x00000000 )
(             libc.so[0xCBC2B000])[04 C0 9E E5 ]0x0000D73C:	LDR	IP, [LR, #4]	;(LR=0xCBC772F0 )
(             libc.so[0xCBC2B000])[1F E0 03 E2 ]0x0000D740:	AND	LR, R3, #0X1F	;(R3=0x00000005 )
(             libc.so[0xCBC2B000])[3C 0E A0 E1 ]0x0000D744:	LSR	R0, IP, LR	;(IP=0x0000007F LR=0x00000005 )
(             libc.so[0xCBC2B000])[01 20 10 E2 ]0x0000D748:	ANDS	R2, R0, #1	;(R0=0x00000003 )
(             libc.so[0xCBC2B000])[F5 FF FF 1A ]0x0000D74C:	BNE	#0XCBC38728	;(PC=0xCBC3874C )
(             libc.so[0xCBC2B000])[01 30 83 E2 ]0x0000D728:	ADD	R3, R3, #1	;(R3=0x00000005 )
(             libc.so[0xCBC2B000])[8C 00 53 E3 ]0x0000D72C:	CMP	R3, #0X8C	;(R3=0x00000006 )
(             libc.so[0xCBC2B000])[C3 C2 A0 E1 ]0x0000D730:	ASR	IP, R3, #5	;(R3=0x00000006 )
(             libc.so[0xCBC2B000])[15 00 00 0A ]0x0000D734:	BEQ	#0XCBC38790	;(PC=0xCBC38734 )
(             libc.so[0xCBC2B000])[0C E1 81 E0 ]0x0000D738:	ADD	LR, R1, IP, LSL #2	;(R1=0xCBC772F0 IP=0x00000000 )
(             libc.so[0xCBC2B000])[04 C0 9E E5 ]0x0000D73C:	LDR	IP, [LR, #4]	;(LR=0xCBC772F0 )
(             libc.so[0xCBC2B000])[1F E0 03 E2 ]0x0000D740:	AND	LR, R3, #0X1F	;(R3=0x00000006 )
(             libc.so[0xCBC2B000])[3C 0E A0 E1 ]0x0000D744:	LSR	R0, IP, LR	;(IP=0x0000007F LR=0x00000006 )
(             libc.so[0xCBC2B000])[01 20 10 E2 ]0x0000D748:	ANDS	R2, R0, #1	;(R0=0x00000001 )
(             libc.so[0xCBC2B000])[F5 FF FF 1A ]0x0000D74C:	BNE	#0XCBC38728	;(PC=0xCBC3874C )
(             libc.so[0xCBC2B000])[01 30 83 E2 ]0x0000D728:	ADD	R3, R3, #1	;(R3=0x00000006 )
(             libc.so[0xCBC2B000])[8C 00 53 E3 ]0x0000D72C:	CMP	R3, #0X8C	;(R3=0x00000007 )
(             libc.so[0xCBC2B000])[C3 C2 A0 E1 ]0x0000D730:	ASR	IP, R3, #5	;(R3=0x00000007 )
(             libc.so[0xCBC2B000])[15 00 00 0A ]0x0000D734:	BEQ	#0XCBC38790	;(PC=0xCBC38734 )
(             libc.so[0xCBC2B000])[0C E1 81 E0 ]0x0000D738:	ADD	LR, R1, IP, LSL #2	;(R1=0xCBC772F0 IP=0x00000000 )
(             libc.so[0xCBC2B000])[04 C0 9E E5 ]0x0000D73C:	LDR	IP, [LR, #4]	;(LR=0xCBC772F0 )
(             libc.so[0xCBC2B000])[1F E0 03 E2 ]0x0000D740:	AND	LR, R3, #0X1F	;(R3=0x00000007 )
(             libc.so[0xCBC2B000])[3C 0E A0 E1 ]0x0000D744:	LSR	R0, IP, LR	;(IP=0x0000007F LR=0x00000007 )
(             libc.so[0xCBC2B000])[01 20 10 E2 ]0x0000D748:	ANDS	R2, R0, #1	;(R0=0x00000000 )
(             libc.so[0xCBC2B000])[F5 FF FF 1A ]0x0000D74C:	BNE	#0XCBC38728	;(PC=0xCBC3874C )
(             libc.so[0xCBC2B000])[50 60 9F E5 ]0x0000D750:	LDR	R6, [PC, #0X50]	;(PC=0xCBC38750 )
(             libc.so[0xCBC2B000])[C3 72 A0 E1 ]0x0000D754:	ASR	R7, R3, #5	;(R3=0x00000007 )
(             libc.so[0xCBC2B000])[06 10 8F E0 ]0x0000D758:	ADD	R1, PC, R6	;(PC=0xCBC38758 R6=0x0003EB90 )
(             libc.so[0xCBC2B000])[06 60 83 E2 ]0x0000D75C:	ADD	R6, R3, #6	;(R3=0x00000007 )
(             libc.so[0xCBC2B000])[07 01 81 E0 ]0x0000D760:	ADD	R0, R1, R7, LSL #2	;(R1=0xCBC772F0 R7=0x00000000 )
(             libc.so[0xCBC2B000])[01 70 A0 E3 ]0x0000D764:	MOV	R7, #1
(             libc.so[0xCBC2B000])[06 51 81 E7 ]0x0000D768:	STR	R5, [R1, R6, LSL #2]	;(R5=0xCBC3DA4D R1=0xCBC772F0 R6=0x0000000D )
(             libc.so[0xCBC2B000])[02 50 A0 E1 ]0x0000D76C:	MOV	R5, R2	;(R2=0x00000000 )
(             libc.so[0xCBC2B000])[17 EE 8C E1 ]0x0000D770:	ORR	LR, IP, R7, LSL LR	;(IP=0x0000007F R7=0x00000001 )
(             libc.so[0xCBC2B000])[04 E0 80 E5 ]0x0000D774:	STR	LR, [R0, #4]	;(LR=0x000000FF R0=0xCBC772F0 )
(             libc.so[0xCBC2B000])[00 30 84 E5 ]0x0000D778:	STR	R3, [R4]	;(R3=0x00000007 R4=0xCBC79394 )
(             libc.so[0xCBC2B000])[28 20 9F E5 ]0x0000D77C:	LDR	R2, [PC, #0X28]	;(PC=0xCBC3877C )
(             libc.so[0xCBC2B000])[02 00 8F E0 ]0x0000D780:	ADD	R0, PC, R2	;(PC=0xCBC38780 R2=0x0003EDB0 )
(             libc.so[0xCBC2B000])[55 04 00 EB ]0x0000D784:	BL	#0XCBC398E0	;(PC=0xCBC38784 )
(             libc.so[0xCBC2B000])[BE FF FF EA ]0x0000E8E0:	B	#0XCBC397E0 ; pthread_mutex_unlock	;(PC=0xCBC398E0 )
(             libc.so[0xCBC2B000])[70 40 2D E9 ]0x0000E7E0:	PUSH	{R4, R5, R6, LR}	;(SP=0x100FFFE8 R4=0xCBC79394 R5=0x00000000 R6=0x0000000D LR=0xCBC38788 )
(             libc.so[0xCBC2B000])[00 40 50 E2 ]0x0000E7E4:	SUBS	R4, R0, #0	;(R0=0xCBC77538 )
(             libc.so[0xCBC2B000])[08 D0 4D E2 ]0x0000E7E8:	SUB	SP, SP, #8	;(SP=0x100FFFD8 )
(             libc.so[0xCBC2B000])[2B 00 00 0A ]0x0000E7EC:	BEQ	#0XCBC398A0	;(PC=0xCBC397EC )
(             libc.so[0xCBC2B000])[00 50 94 E5 ]0x0000E7F0:	LDR	R5, [R4]	;(R4=0xCBC77538 )
(             libc.so[0xCBC2B000])[03 69 15 E2 ]0x0000E7F4:	ANDS	R6, R5, #0XC000	;(R5=0x00000001 )
(             libc.so[0xCBC2B000])[02 1A 05 E2 ]0x0000E7F8:	AND	R1, R5, #0X2000	;(R5=0x00000001 )
(             libc.so[0xCBC2B000])[11 00 00 1A ]0x0000E7FC:	BNE	#0XCBC39848	;(PC=0xCBC397FC )
(             libc.so[0xCBC2B000])[5F F0 7F F5 ]0x0000E800:	DMB	SY
(             libc.so[0xCBC2B000])[9F 2F 94 E1 ]0x0000E804:	LDREX	R2, [R4]	;(R4=0xCBC77538 )
(             libc.so[0xCBC2B000])[01 30 42 E2 ]0x0000E808:	SUB	R3, R2, #1	;(R2=0x00000001 )
(             libc.so[0xCBC2B000])[93 5F 84 E1 ]0x0000E80C:	STREX	R5, R3, [R4]	;(R3=0x00000000 R4=0xCBC77538 )
(             libc.so[0xCBC2B000])[00 00 55 E3 ]0x0000E810:	CMP	R5, #0	;(R5=0x00000000 )
(             libc.so[0xCBC2B000])[FA FF FF 1A ]0x0000E814:	BNE	#0XCBC39804	;(PC=0xCBC39814 )
(             libc.so[0xCBC2B000])[01 C0 81 E3 ]0x0000E818:	ORR	IP, R1, #1	;(R1=0x00000000 )
(             libc.so[0xCBC2B000])[0C 00 52 E1 ]0x0000E81C:	CMP	R2, IP	;(R2=0x00000001 IP=0x00000001 )
(             libc.so[0xCBC2B000])[06 00 00 0A ]0x0000E820:	BEQ	#0XCBC39840	;(PC=0xCBC39820 )
(             libc.so[0xCBC2B000])[00 00 A0 E3 ]0x0000E840:	MOV	R0, #0
(             libc.so[0xCBC2B000])[FB FF FF EA ]0x0000E844:	B	#0XCBC39838	;(PC=0xCBC39844 )
(             libc.so[0xCBC2B000])[08 D0 8D E2 ]0x0000E838:	ADD	SP, SP, #8	;(SP=0x100FFFD0 )
(             libc.so[0xCBC2B000])[70 80 BD E8 ]0x0000E83C:	POP	{R4, R5, R6, PC}	;(SP=0x100FFFD8 )
(             libc.so[0xCBC2B000])[05 00 A0 E1 ]0x0000D788:	MOV	R0, R5	;(R5=0x00000000 )
(             libc.so[0xCBC2B000])[F8 80 BD E8 ]0x0000D78C:	POP	{R3, R4, R5, R6, R7, PC}	;(SP=0x100FFFE8 )
(             libc.so[0xCBC2B000])[02 48       ]0x00012A64:	LDR	R0, [PC, #8]	;(PC=0xCBC3DA64 )
(             libc.so[0xCBC2B000])[03 49       ]0x00012A66:	LDR	R1, [PC, #0XC]	;(PC=0xCBC3DA66 )
(             libc.so[0xCBC2B000])[78 44       ]0x00012A68:	ADD	R0, PC	;(R0=0x0003B92C PC=0xCBC3DA68 )
(             libc.so[0xCBC2B000])[79 44       ]0x00012A6A:	ADD	R1, PC	;(R1=0xFFFFFFDB PC=0xCBC3DA6A )
(             libc.so[0xCBC2B000])[2A F0 5E BD ]0x00012A6C:	B.W	#0XCBC6852C
(             libc.so[0xCBC2B000])[78 47       ]0x0003D52C:	BX	PC	;(PC=0xCBC6852C )
(             libc.so[0xCBC2B000])[00 C0 9F E5 ]0x0003D530:	LDR	IP, [PC]	;(PC=0xCBC68530 )
(             libc.so[0xCBC2B000])[0F F0 8C E0 ]0x0003D534:	ADD	PC, IP, PC	;(IP=0xFFFD0178 PC=0xCBC68534 )
(             libc.so[0xCBC2B000])[F8 40 2D E9 ]0x0000D6B4:	PUSH	{R3, R4, R5, R6, R7, LR} ; pthread_key_create	;(SP=0x10100000 R3=0x00000000 R4=0x00000000 R5=0x00000000 R6=0x00000000 R7=0x00000000 LR=0x010EF0E5 )
(             libc.so[0xCBC2B000])[00 40 A0 E1 ]0x0000D6B8:	MOV	R4, R0	;(R0=0xCBC79398 )
(             libc.so[0xCBC2B000])[D4 00 9F E5 ]0x0000D6BC:	LDR	R0, [PC, #0XD4]	;(PC=0xCBC386BC )
(             libc.so[0xCBC2B000])[01 50 A0 E1 ]0x0000D6C0:	MOV	R5, R1	;(R1=0xCBC3DA49 )
(             libc.so[0xCBC2B000])[00 00 8F E0 ]0x0000D6C4:	ADD	R0, PC, R0	;(PC=0xCBC386C4 R0=0x0003EE6C )
(             libc.so[0xCBC2B000])[43 04 00 EB ]0x0000D6C8:	BL	#0XCBC397DC	;(PC=0xCBC386C8 )
(             libc.so[0xCBC2B000])[90 FF FF EA ]0x0000E7DC:	B	#0XCBC39624 ; pthread_mutex_lock	;(PC=0xCBC397DC )
(             libc.so[0xCBC2B000])[F0 41 2D E9 ]0x0000E624:	PUSH	{R4, R5, R6, R7, R8, LR}	;(SP=0x100FFFE8 R4=0xCBC79398 R5=0xCBC3DA49 R6=0x00000000 R7=0x00000000 R8=0x00000000 LR=0xCBC386CC )
(             libc.so[0xCBC2B000])[00 40 50 E2 ]0x0000E628:	SUBS	R4, R0, #0	;(R0=0xCBC77538 )
(             libc.so[0xCBC2B000])[1B 00 00 0A ]0x0000E62C:	BEQ	#0XCBC396A0	;(PC=0xCBC3962C )
(             libc.so[0xCBC2B000])[00 50 94 E5 ]0x0000E630:	LDR	R5, [R4]	;(R4=0xCBC77538 )
(             libc.so[0xCBC2B000])[03 79 15 E2 ]0x0000E634:	ANDS	R7, R5, #0XC000	;(R5=0x00000000 )
(             libc.so[0xCBC2B000])[02 6A 05 E2 ]0x0000E638:	AND	R6, R5, #0X2000	;(R5=0x00000000 )
(             libc.so[0xCBC2B000])[19 00 00 1A ]0x0000E63C:	BNE	#0XCBC396A8	;(PC=0xCBC3963C )
(             libc.so[0xCBC2B000])[01 00 86 E3 ]0x0000E640:	ORR	R0, R6, #1	;(R6=0x00000000 )
(             libc.so[0xCBC2B000])[9F 3F 94 E1 ]0x0000E644:	LDREX	R3, [R4]	;(R4=0xCBC77538 )
(             libc.so[0xCBC2B000])[00 10 A0 E3 ]0x0000E648:	MOV	R1, #0
(             libc.so[0xCBC2B000])[06 00 33 E1 ]0x0000E64C:	TEQ	R3, R6	;(R3=0x00000000 R6=0x00000000 )
(             libc.so[0xCBC2B000])[90 1F 84 01 ]0x0000E650:	STREXEQ	R1, R0, [R4]	;(R0=0x00000001 R4=0xCBC77538 )
(             libc.so[0xCBC2B000])[00 00 51 E3 ]0x0000E654:	CMP	R1, #0	;(R1=0x00000000 )
(             libc.so[0xCBC2B000])[F9 FF FF 1A ]0x0000E658:	BNE	#0XCBC39644	;(PC=0xCBC39658 )
(             libc.so[0xCBC2B000])[03 00 56 E1 ]0x0000E65C:	CMP	R6, R3	;(R6=0x00000000 R3=0x00000000 )
(             libc.so[0xCBC2B000])[02 50 86 13 ]0x0000E660:	ORRNE	R5, R6, #2	;(R6=0x00000000 )
(             libc.so[0xCBC2B000])[01 00 00 1A ]0x0000E664:	BNE	#0XCBC39670	;(PC=0xCBC39664 )
(             libc.so[0xCBC2B000])[09 00 00 EA ]0x0000E668:	B	#0XCBC39694	;(PC=0xCBC39668 )
(             libc.so[0xCBC2B000])[5F F0 7F F5 ]0x0000E694:	DMB	SY
(             libc.so[0xCBC2B000])[00 00 A0 E3 ]0x0000E698:	MOV	R0, #0
(             libc.so[0xCBC2B000])[F0 81 BD E8 ]0x0000E69C:	POP	{R4, R5, R6, R7, R8, PC}	;(SP=0x100FFFD0 )
(             libc.so[0xCBC2B000])[C8 20 9F E5 ]0x0000D6CC:	LDR	R2, [PC, #0XC8]	;(PC=0xCBC386CC )
(             libc.so[0xCBC2B000])[02 10 8F E0 ]0x0000D6D0:	ADD	R1, PC, R2	;(PC=0xCBC386D0 R2=0x0003EC18 )
(             libc.so[0xCBC2B000])[00 30 D1 E5 ]0x0000D6D4:	LDRB	R3, [R1]	;(R1=0xCBC772F0 )
(             libc.so[0xCBC2B000])[04 C0 91 E5 ]0x0000D6D8:	LDR	IP, [R1, #4]	;(R1=0xCBC772F0 )
(             libc.so[0xCBC2B000])[00 00 53 E3 ]0x0000D6DC:	CMP	R3, #0	;(R3=0x00000001 )
(             libc.so[0xCBC2B000])[0C 00 00 1A ]0x0000D6E0:	BNE	#0XCBC38718	;(PC=0xCBC386E0 )
(             libc.so[0xCBC2B000])[84 20 9F E5 ]0x0000D718:	LDR	R2, [PC, #0X84]	;(PC=0xCBC38718 )
(             libc.so[0xCBC2B000])[00 30 A0 E3 ]0x0000D71C:	MOV	R3, #0
(             libc.so[0xCBC2B000])[02 10 8F E0 ]0x0000D720:	ADD	R1, PC, R2	;(PC=0xCBC38720 R2=0x0003EBC8 )
(             libc.so[0xCBC2B000])[05 00 00 EA ]0x0000D724:	B	#0XCBC38740	;(PC=0xCBC38724 )
(             libc.so[0xCBC2B000])[1F E0 03 E2 ]0x0000D740:	AND	LR, R3, #0X1F	;(R3=0x00000000 )
(             libc.so[0xCBC2B000])[3C 0E A0 E1 ]0x0000D744:	LSR	R0, IP, LR	;(IP=0x000000FF LR=0x00000000 )
(             libc.so[0xCBC2B000])[01 20 10 E2 ]0x0000D748:	ANDS	R2, R0, #1	;(R0=0x000000FF )
(             libc.so[0xCBC2B000])[F5 FF FF 1A ]0x0000D74C:	BNE	#0XCBC38728	;(PC=0xCBC3874C )
(             libc.so[0xCBC2B000])[01 30 83 E2 ]0x0000D728:	ADD	R3, R3, #1	;(R3=0x00000000 )
(             libc.so[0xCBC2B000])[8C 00 53 E3 ]0x0000D72C:	CMP	R3, #0X8C	;(R3=0x00000001 )
(             libc.so[0xCBC2B000])[C3 C2 A0 E1 ]0x0000D730:	ASR	IP, R3, #5	;(R3=0x00000001 )
(             libc.so[0xCBC2B000])[15 00 00 0A ]0x0000D734:	BEQ	#0XCBC38790	;(PC=0xCBC38734 )
(             libc.so[0xCBC2B000])[0C E1 81 E0 ]0x0000D738:	ADD	LR, R1, IP, LSL #2	;(R1=0xCBC772F0 IP=0x00000000 )
(             libc.so[0xCBC2B000])[04 C0 9E E5 ]0x0000D73C:	LDR	IP, [LR, #4]	;(LR=0xCBC772F0 )
(             libc.so[0xCBC2B000])[1F E0 03 E2 ]0x0000D740:	AND	LR, R3, #0X1F	;(R3=0x00000001 )
(             libc.so[0xCBC2B000])[3C 0E A0 E1 ]0x0000D744:	LSR	R0, IP, LR	;(IP=0x000000FF LR=0x00000001 )
(             libc.so[0xCBC2B000])[01 20 10 E2 ]0x0000D748:	ANDS	R2, R0, #1	;(R0=0x0000007F )
(             libc.so[0xCBC2B000])[F5 FF FF 1A ]0x0000D74C:	BNE	#0XCBC38728	;(PC=0xCBC3874C )
(             libc.so[0xCBC2B000])[01 30 83 E2 ]0x0000D728:	ADD	R3, R3, #1	;(R3=0x00000001 )
(             libc.so[0xCBC2B000])[8C 00 53 E3 ]0x0000D72C:	CMP	R3, #0X8C	;(R3=0x00000002 )
(             libc.so[0xCBC2B000])[C3 C2 A0 E1 ]0x0000D730:	ASR	IP, R3, #5	;(R3=0x00000002 )
(             libc.so[0xCBC2B000])[15 00 00 0A ]0x0000D734:	BEQ	#0XCBC38790	;(PC=0xCBC38734 )
(             libc.so[0xCBC2B000])[0C E1 81 E0 ]0x0000D738:	ADD	LR, R1, IP, LSL #2	;(R1=0xCBC772F0 IP=0x00000000 )
(             libc.so[0xCBC2B000])[04 C0 9E E5 ]0x0000D73C:	LDR	IP, [LR, #4]	;(LR=0xCBC772F0 )
(             libc.so[0xCBC2B000])[1F E0 03 E2 ]0x0000D740:	AND	LR, R3, #0X1F	;(R3=0x00000002 )
(             libc.so[0xCBC2B000])[3C 0E A0 E1 ]0x0000D744:	LSR	R0, IP, LR	;(IP=0x000000FF LR=0x00000002 )
(             libc.so[0xCBC2B000])[01 20 10 E2 ]0x0000D748:	ANDS	R2, R0, #1	;(R0=0x0000003F )
(             libc.so[0xCBC2B000])[F5 FF FF 1A ]0x0000D74C:	BNE	#0XCBC38728	;(PC=0xCBC3874C )
(             libc.so[0xCBC2B000])[01 30 83 E2 ]0x0000D728:	ADD	R3, R3, #1	;(R3=0x00000002 )
(             libc.so[0xCBC2B000])[8C 00 53 E3 ]0x0000D72C:	CMP	R3, #0X8C	;(R3=0x00000003 )
(             libc.so[0xCBC2B000])[C3 C2 A0 E1 ]0x0000D730:	ASR	IP, R3, #5	;(R3=0x00000003 )
(             libc.so[0xCBC2B000])[15 00 00 0A ]0x0000D734:	BEQ	#0XCBC38790	;(PC=0xCBC38734 )
(             libc.so[0xCBC2B000])[0C E1 81 E0 ]0x0000D738:	ADD	LR, R1, IP, LSL #2	;(R1=0xCBC772F0 IP=0x00000000 )
(             libc.so[0xCBC2B000])[04 C0 9E E5 ]0x0000D73C:	LDR	IP, [LR, #4]	;(LR=0xCBC772F0 )
(             libc.so[0xCBC2B000])[1F E0 03 E2 ]0x0000D740:	AND	LR, R3, #0X1F	;(R3=0x00000003 )
(             libc.so[0xCBC2B000])[3C 0E A0 E1 ]0x0000D744:	LSR	R0, IP, LR	;(IP=0x000000FF LR=0x00000003 )
(             libc.so[0xCBC2B000])[01 20 10 E2 ]0x0000D748:	ANDS	R2, R0, #1	;(R0=0x0000001F )
(             libc.so[0xCBC2B000])[F5 FF FF 1A ]0x0000D74C:	BNE	#0XCBC38728	;(PC=0xCBC3874C )
(             libc.so[0xCBC2B000])[01 30 83 E2 ]0x0000D728:	ADD	R3, R3, #1	;(R3=0x00000003 )
(             libc.so[0xCBC2B000])[8C 00 53 E3 ]0x0000D72C:	CMP	R3, #0X8C	;(R3=0x00000004 )
(             libc.so[0xCBC2B000])[C3 C2 A0 E1 ]0x0000D730:	ASR	IP, R3, #5	;(R3=0x00000004 )
(             libc.so[0xCBC2B000])[15 00 00 0A ]0x0000D734:	BEQ	#0XCBC38790	;(PC=0xCBC38734 )
(             libc.so[0xCBC2B000])[0C E1 81 E0 ]0x0000D738:	ADD	LR, R1, IP, LSL #2	;(R1=0xCBC772F0 IP=0x00000000 )
(             libc.so[0xCBC2B000])[04 C0 9E E5 ]0x0000D73C:	LDR	IP, [LR, #4]	;(LR=0xCBC772F0 )
(             libc.so[0xCBC2B000])[1F E0 03 E2 ]0x0000D740:	AND	LR, R3, #0X1F	;(R3=0x00000004 )
(             libc.so[0xCBC2B000])[3C 0E A0 E1 ]0x0000D744:	LSR	R0, IP, LR	;(IP=0x000000FF LR=0x00000004 )
(             libc.so[0xCBC2B000])[01 20 10 E2 ]0x0000D748:	ANDS	R2, R0, #1	;(R0=0x0000000F )
(             libc.so[0xCBC2B000])[F5 FF FF 1A ]0x0000D74C:	BNE	#0XCBC38728	;(PC=0xCBC3874C )
(             libc.so[0xCBC2B000])[01 30 83 E2 ]0x0000D728:	ADD	R3, R3, #1	;(R3=0x00000004 )
(             libc.so[0xCBC2B000])[8C 00 53 E3 ]0x0000D72C:	CMP	R3, #0X8C	;(R3=0x00000005 )
(             libc.so[0xCBC2B000])[C3 C2 A0 E1 ]0x0000D730:	ASR	IP, R3, #5	;(R3=0x00000005 )
(             libc.so[0xCBC2B000])[15 00 00 0A ]0x0000D734:	BEQ	#0XCBC38790	;(PC=0xCBC38734 )
(             libc.so[0xCBC2B000])[0C E1 81 E0 ]0x0000D738:	ADD	LR, R1, IP, LSL #2	;(R1=0xCBC772F0 IP=0x00000000 )
(             libc.so[0xCBC2B000])[04 C0 9E E5 ]0x0000D73C:	LDR	IP, [LR, #4]	;(LR=0xCBC772F0 )
(             libc.so[0xCBC2B000])[1F E0 03 E2 ]0x0000D740:	AND	LR, R3, #0X1F	;(R3=0x00000005 )
(             libc.so[0xCBC2B000])[3C 0E A0 E1 ]0x0000D744:	LSR	R0, IP, LR	;(IP=0x000000FF LR=0x00000005 )
(             libc.so[0xCBC2B000])[01 20 10 E2 ]0x0000D748:	ANDS	R2, R0, #1	;(R0=0x00000007 )
(             libc.so[0xCBC2B000])[F5 FF FF 1A ]0x0000D74C:	BNE	#0XCBC38728	;(PC=0xCBC3874C )
(             libc.so[0xCBC2B000])[01 30 83 E2 ]0x0000D728:	ADD	R3, R3, #1	;(R3=0x00000005 )
(             libc.so[0xCBC2B000])[8C 00 53 E3 ]0x0000D72C:	CMP	R3, #0X8C	;(R3=0x00000006 )
(             libc.so[0xCBC2B000])[C3 C2 A0 E1 ]0x0000D730:	ASR	IP, R3, #5	;(R3=0x00000006 )
(             libc.so[0xCBC2B000])[15 00 00 0A ]0x0000D734:	BEQ	#0XCBC38790	;(PC=0xCBC38734 )
(             libc.so[0xCBC2B000])[0C E1 81 E0 ]0x0000D738:	ADD	LR, R1, IP, LSL #2	;(R1=0xCBC772F0 IP=0x00000000 )
(             libc.so[0xCBC2B000])[04 C0 9E E5 ]0x0000D73C:	LDR	IP, [LR, #4]	;(LR=0xCBC772F0 )
(             libc.so[0xCBC2B000])[1F E0 03 E2 ]0x0000D740:	AND	LR, R3, #0X1F	;(R3=0x00000006 )
(             libc.so[0xCBC2B000])[3C 0E A0 E1 ]0x0000D744:	LSR	R0, IP, LR	;(IP=0x000000FF LR=0x00000006 )
(             libc.so[0xCBC2B000])[01 20 10 E2 ]0x0000D748:	ANDS	R2, R0, #1	;(R0=0x00000003 )
(             libc.so[0xCBC2B000])[F5 FF FF 1A ]0x0000D74C:	BNE	#0XCBC38728	;(PC=0xCBC3874C )
(             libc.so[0xCBC2B000])[01 30 83 E2 ]0x0000D728:	ADD	R3, R3, #1	;(R3=0x00000006 )
(             libc.so[0xCBC2B000])[8C 00 53 E3 ]0x0000D72C:	CMP	R3, #0X8C	;(R3=0x00000007 )
(             libc.so[0xCBC2B000])[C3 C2 A0 E1 ]0x0000D730:	ASR	IP, R3, #5	;(R3=0x00000007 )
(             libc.so[0xCBC2B000])[15 00 00 0A ]0x0000D734:	BEQ	#0XCBC38790	;(PC=0xCBC38734 )
(             libc.so[0xCBC2B000])[0C E1 81 E0 ]0x0000D738:	ADD	LR, R1, IP, LSL #2	;(R1=0xCBC772F0 IP=0x00000000 )
(             libc.so[0xCBC2B000])[04 C0 9E E5 ]0x0000D73C:	LDR	IP, [LR, #4]	;(LR=0xCBC772F0 )
(             libc.so[0xCBC2B000])[1F E0 03 E2 ]0x0000D740:	AND	LR, R3, #0X1F	;(R3=0x00000007 )
(             libc.so[0xCBC2B000])[3C 0E A0 E1 ]0x0000D744:	LSR	R0, IP, LR	;(IP=0x000000FF LR=0x00000007 )
(             libc.so[0xCBC2B000])[01 20 10 E2 ]0x0000D748:	ANDS	R2, R0, #1	;(R0=0x00000001 )
(             libc.so[0xCBC2B000])[F5 FF FF 1A ]0x0000D74C:	BNE	#0XCBC38728	;(PC=0xCBC3874C )
(             libc.so[0xCBC2B000])[01 30 83 E2 ]0x0000D728:	ADD	R3, R3, #1	;(R3=0x00000007 )
(             libc.so[0xCBC2B000])[8C 00 53 E3 ]0x0000D72C:	CMP	R3, #0X8C	;(R3=0x00000008 )
(             libc.so[0xCBC2B000])[C3 C2 A0 E1 ]0x0000D730:	ASR	IP, R3, #5	;(R3=0x00000008 )
(             libc.so[0xCBC2B000])[15 00 00 0A ]0x0000D734:	BEQ	#0XCBC38790	;(PC=0xCBC38734 )
(             libc.so[0xCBC2B000])[0C E1 81 E0 ]0x0000D738:	ADD	LR, R1, IP, LSL #2	;(R1=0xCBC772F0 IP=0x00000000 )
(             libc.so[0xCBC2B000])[04 C0 9E E5 ]0x0000D73C:	LDR	IP, [LR, #4]	;(LR=0xCBC772F0 )
(             libc.so[0xCBC2B000])[1F E0 03 E2 ]0x0000D740:	AND	LR, R3, #0X1F	;(R3=0x00000008 )
(             libc.so[0xCBC2B000])[3C 0E A0 E1 ]0x0000D744:	LSR	R0, IP, LR	;(IP=0x000000FF LR=0x00000008 )
(             libc.so[0xCBC2B000])[01 20 10 E2 ]0x0000D748:	ANDS	R2, R0, #1	;(R0=0x00000000 )
(             libc.so[0xCBC2B000])[F5 FF FF 1A ]0x0000D74C:	BNE	#0XCBC38728	;(PC=0xCBC3874C )
(             libc.so[0xCBC2B000])[50 60 9F E5 ]0x0000D750:	LDR	R6, [PC, #0X50]	;(PC=0xCBC38750 )
(             libc.so[0xCBC2B000])[C3 72 A0 E1 ]0x0000D754:	ASR	R7, R3, #5	;(R3=0x00000008 )
(             libc.so[0xCBC2B000])[06 10 8F E0 ]0x0000D758:	ADD	R1, PC, R6	;(PC=0xCBC38758 R6=0x0003EB90 )
(             libc.so[0xCBC2B000])[06 60 83 E2 ]0x0000D75C:	ADD	R6, R3, #6	;(R3=0x00000008 )
(             libc.so[0xCBC2B000])[07 01 81 E0 ]0x0000D760:	ADD	R0, R1, R7, LSL #2	;(R1=0xCBC772F0 R7=0x00000000 )
(             libc.so[0xCBC2B000])[01 70 A0 E3 ]0x0000D764:	MOV	R7, #1
(             libc.so[0xCBC2B000])[06 51 81 E7 ]0x0000D768:	STR	R5, [R1, R6, LSL #2]	;(R5=0xCBC3DA49 R1=0xCBC772F0 R6=0x0000000E )
(             libc.so[0xCBC2B000])[02 50 A0 E1 ]0x0000D76C:	MOV	R5, R2	;(R2=0x00000000 )
(             libc.so[0xCBC2B000])[17 EE 8C E1 ]0x0000D770:	ORR	LR, IP, R7, LSL LR	;(IP=0x000000FF R7=0x00000001 )
(             libc.so[0xCBC2B000])[04 E0 80 E5 ]0x0000D774:	STR	LR, [R0, #4]	;(LR=0x000001FF R0=0xCBC772F0 )
(             libc.so[0xCBC2B000])[00 30 84 E5 ]0x0000D778:	STR	R3, [R4]	;(R3=0x00000008 R4=0xCBC79398 )
(             libc.so[0xCBC2B000])[28 20 9F E5 ]0x0000D77C:	LDR	R2, [PC, #0X28]	;(PC=0xCBC3877C )
(             libc.so[0xCBC2B000])[02 00 8F E0 ]0x0000D780:	ADD	R0, PC, R2	;(PC=0xCBC38780 R2=0x0003EDB0 )
(             libc.so[0xCBC2B000])[55 04 00 EB ]0x0000D784:	BL	#0XCBC398E0	;(PC=0xCBC38784 )
(             libc.so[0xCBC2B000])[BE FF FF EA ]0x0000E8E0:	B	#0XCBC397E0 ; pthread_mutex_unlock	;(PC=0xCBC398E0 )
(             libc.so[0xCBC2B000])[70 40 2D E9 ]0x0000E7E0:	PUSH	{R4, R5, R6, LR}	;(SP=0x100FFFE8 R4=0xCBC79398 R5=0x00000000 R6=0x0000000E LR=0xCBC38788 )
(             libc.so[0xCBC2B000])[00 40 50 E2 ]0x0000E7E4:	SUBS	R4, R0, #0	;(R0=0xCBC77538 )
(             libc.so[0xCBC2B000])[08 D0 4D E2 ]0x0000E7E8:	SUB	SP, SP, #8	;(SP=0x100FFFD8 )
(             libc.so[0xCBC2B000])[2B 00 00 0A ]0x0000E7EC:	BEQ	#0XCBC398A0	;(PC=0xCBC397EC )
(             libc.so[0xCBC2B000])[00 50 94 E5 ]0x0000E7F0:	LDR	R5, [R4]	;(R4=0xCBC77538 )
(             libc.so[0xCBC2B000])[03 69 15 E2 ]0x0000E7F4:	ANDS	R6, R5, #0XC000	;(R5=0x00000001 )
(             libc.so[0xCBC2B000])[02 1A 05 E2 ]0x0000E7F8:	AND	R1, R5, #0X2000	;(R5=0x00000001 )
(             libc.so[0xCBC2B000])[11 00 00 1A ]0x0000E7FC:	BNE	#0XCBC39848	;(PC=0xCBC397FC )
(             libc.so[0xCBC2B000])[5F F0 7F F5 ]0x0000E800:	DMB	SY
(             libc.so[0xCBC2B000])[9F 2F 94 E1 ]0x0000E804:	LDREX	R2, [R4]	;(R4=0xCBC77538 )
(             libc.so[0xCBC2B000])[01 30 42 E2 ]0x0000E808:	SUB	R3, R2, #1	;(R2=0x00000001 )
(             libc.so[0xCBC2B000])[93 5F 84 E1 ]0x0000E80C:	STREX	R5, R3, [R4]	;(R3=0x00000000 R4=0xCBC77538 )
(             libc.so[0xCBC2B000])[00 00 55 E3 ]0x0000E810:	CMP	R5, #0	;(R5=0x00000000 )
(             libc.so[0xCBC2B000])[FA FF FF 1A ]0x0000E814:	BNE	#0XCBC39804	;(PC=0xCBC39814 )
(             libc.so[0xCBC2B000])[01 C0 81 E3 ]0x0000E818:	ORR	IP, R1, #1	;(R1=0x00000000 )
(             libc.so[0xCBC2B000])[0C 00 52 E1 ]0x0000E81C:	CMP	R2, IP	;(R2=0x00000001 IP=0x00000001 )
(             libc.so[0xCBC2B000])[06 00 00 0A ]0x0000E820:	BEQ	#0XCBC39840	;(PC=0xCBC39820 )
(             libc.so[0xCBC2B000])[00 00 A0 E3 ]0x0000E840:	MOV	R0, #0
(             libc.so[0xCBC2B000])[FB FF FF EA ]0x0000E844:	B	#0XCBC39838	;(PC=0xCBC39844 )
(             libc.so[0xCBC2B000])[08 D0 8D E2 ]0x0000E838:	ADD	SP, SP, #8	;(SP=0x100FFFD0 )
(             libc.so[0xCBC2B000])[70 80 BD E8 ]0x0000E83C:	POP	{R4, R5, R6, PC}	;(SP=0x100FFFD8 )
(             libc.so[0xCBC2B000])[05 00 A0 E1 ]0x0000D788:	MOV	R0, R5	;(R5=0x00000000 )
(             libc.so[0xCBC2B000])[F8 80 BD E8 ]0x0000D78C:	POP	{R3, R4, R5, R6, R7, PC}	;(SP=0x100FFFE8 )
(             libc.so[0xCBC2B000])[02 48       ]0x00013400:	LDR	R0, [PC, #8]	;(PC=0xCBC3E400 )
(             libc.so[0xCBC2B000])[03 49       ]0x00013402:	LDR	R1, [PC, #0XC]	;(PC=0xCBC3E402 )
(             libc.so[0xCBC2B000])[78 44       ]0x00013404:	ADD	R0, PC	;(R0=0x0003AFA0 PC=0xCBC3E404 )
(             libc.so[0xCBC2B000])[79 44       ]0x00013406:	ADD	R1, PC	;(R1=0xFFFFFFF1 PC=0xCBC3E406 )
(             libc.so[0xCBC2B000])[2A F0 90 B8 ]0x00013408:	B.W	#0XCBC6852C
(             libc.so[0xCBC2B000])[78 47       ]0x0003D52C:	BX	PC	;(PC=0xCBC6852C )
(             libc.so[0xCBC2B000])[00 C0 9F E5 ]0x0003D530:	LDR	IP, [PC]	;(PC=0xCBC68530 )
(             libc.so[0xCBC2B000])[0F F0 8C E0 ]0x0003D534:	ADD	PC, IP, PC	;(IP=0xFFFD0178 PC=0xCBC68534 )
(             libc.so[0xCBC2B000])[F8 40 2D E9 ]0x0000D6B4:	PUSH	{R3, R4, R5, R6, R7, LR} ; pthread_key_create	;(SP=0x10100000 R3=0x00000000 R4=0x00000000 R5=0x00000000 R6=0x00000000 R7=0x00000000 LR=0x0117FEEF )
(             libc.so[0xCBC2B000])[00 40 A0 E1 ]0x0000D6B8:	MOV	R4, R0	;(R0=0xCBC793A8 )
(             libc.so[0xCBC2B000])[D4 00 9F E5 ]0x0000D6BC:	LDR	R0, [PC, #0XD4]	;(PC=0xCBC386BC )
(             libc.so[0xCBC2B000])[01 50 A0 E1 ]0x0000D6C0:	MOV	R5, R1	;(R1=0xCBC3E3FB )
(             libc.so[0xCBC2B000])[00 00 8F E0 ]0x0000D6C4:	ADD	R0, PC, R0	;(PC=0xCBC386C4 R0=0x0003EE6C )
(             libc.so[0xCBC2B000])[43 04 00 EB ]0x0000D6C8:	BL	#0XCBC397DC	;(PC=0xCBC386C8 )
(             libc.so[0xCBC2B000])[90 FF FF EA ]0x0000E7DC:	B	#0XCBC39624 ; pthread_mutex_lock	;(PC=0xCBC397DC )
(             libc.so[0xCBC2B000])[F0 41 2D E9 ]0x0000E624:	PUSH	{R4, R5, R6, R7, R8, LR}	;(SP=0x100FFFE8 R4=0xCBC793A8 R5=0xCBC3E3FB R6=0x00000000 R7=0x00000000 R8=0x00000000 LR=0xCBC386CC )
(             libc.so[0xCBC2B000])[00 40 50 E2 ]0x0000E628:	SUBS	R4, R0, #0	;(R0=0xCBC77538 )
(             libc.so[0xCBC2B000])[1B 00 00 0A ]0x0000E62C:	BEQ	#0XCBC396A0	;(PC=0xCBC3962C )
(             libc.so[0xCBC2B000])[00 50 94 E5 ]0x0000E630:	LDR	R5, [R4]	;(R4=0xCBC77538 )
(             libc.so[0xCBC2B000])[03 79 15 E2 ]0x0000E634:	ANDS	R7, R5, #0XC000	;(R5=0x00000000 )
(             libc.so[0xCBC2B000])[02 6A 05 E2 ]0x0000E638:	AND	R6, R5, #0X2000	;(R5=0x00000000 )
(             libc.so[0xCBC2B000])[19 00 00 1A ]0x0000E63C:	BNE	#0XCBC396A8	;(PC=0xCBC3963C )
(             libc.so[0xCBC2B000])[01 00 86 E3 ]0x0000E640:	ORR	R0, R6, #1	;(R6=0x00000000 )
(             libc.so[0xCBC2B000])[9F 3F 94 E1 ]0x0000E644:	LDREX	R3, [R4]	;(R4=0xCBC77538 )
(             libc.so[0xCBC2B000])[00 10 A0 E3 ]0x0000E648:	MOV	R1, #0
(             libc.so[0xCBC2B000])[06 00 33 E1 ]0x0000E64C:	TEQ	R3, R6	;(R3=0x00000000 R6=0x00000000 )
(             libc.so[0xCBC2B000])[90 1F 84 01 ]0x0000E650:	STREXEQ	R1, R0, [R4]	;(R0=0x00000001 R4=0xCBC77538 )
(             libc.so[0xCBC2B000])[00 00 51 E3 ]0x0000E654:	CMP	R1, #0	;(R1=0x00000000 )
(             libc.so[0xCBC2B000])[F9 FF FF 1A ]0x0000E658:	BNE	#0XCBC39644	;(PC=0xCBC39658 )
(             libc.so[0xCBC2B000])[03 00 56 E1 ]0x0000E65C:	CMP	R6, R3	;(R6=0x00000000 R3=0x00000000 )
(             libc.so[0xCBC2B000])[02 50 86 13 ]0x0000E660:	ORRNE	R5, R6, #2	;(R6=0x00000000 )
(             libc.so[0xCBC2B000])[01 00 00 1A ]0x0000E664:	BNE	#0XCBC39670	;(PC=0xCBC39664 )
(             libc.so[0xCBC2B000])[09 00 00 EA ]0x0000E668:	B	#0XCBC39694	;(PC=0xCBC39668 )
(             libc.so[0xCBC2B000])[5F F0 7F F5 ]0x0000E694:	DMB	SY
(             libc.so[0xCBC2B000])[00 00 A0 E3 ]0x0000E698:	MOV	R0, #0
(             libc.so[0xCBC2B000])[F0 81 BD E8 ]0x0000E69C:	POP	{R4, R5, R6, R7, R8, PC}	;(SP=0x100FFFD0 )
(             libc.so[0xCBC2B000])[C8 20 9F E5 ]0x0000D6CC:	LDR	R2, [PC, #0XC8]	;(PC=0xCBC386CC )
(             libc.so[0xCBC2B000])[02 10 8F E0 ]0x0000D6D0:	ADD	R1, PC, R2	;(PC=0xCBC386D0 R2=0x0003EC18 )
(             libc.so[0xCBC2B000])[00 30 D1 E5 ]0x0000D6D4:	LDRB	R3, [R1]	;(R1=0xCBC772F0 )
(             libc.so[0xCBC2B000])[04 C0 91 E5 ]0x0000D6D8:	LDR	IP, [R1, #4]	;(R1=0xCBC772F0 )
(             libc.so[0xCBC2B000])[00 00 53 E3 ]0x0000D6DC:	CMP	R3, #0	;(R3=0x00000001 )
(             libc.so[0xCBC2B000])[0C 00 00 1A ]0x0000D6E0:	BNE	#0XCBC38718	;(PC=0xCBC386E0 )
(             libc.so[0xCBC2B000])[84 20 9F E5 ]0x0000D718:	LDR	R2, [PC, #0X84]	;(PC=0xCBC38718 )
(             libc.so[0xCBC2B000])[00 30 A0 E3 ]0x0000D71C:	MOV	R3, #0
(             libc.so[0xCBC2B000])[02 10 8F E0 ]0x0000D720:	ADD	R1, PC, R2	;(PC=0xCBC38720 R2=0x0003EBC8 )
(             libc.so[0xCBC2B000])[05 00 00 EA ]0x0000D724:	B	#0XCBC38740	;(PC=0xCBC38724 )
(             libc.so[0xCBC2B000])[1F E0 03 E2 ]0x0000D740:	AND	LR, R3, #0X1F	;(R3=0x00000000 )
(             libc.so[0xCBC2B000])[3C 0E A0 E1 ]0x0000D744:	LSR	R0, IP, LR	;(IP=0x000001FF LR=0x00000000 )
(             libc.so[0xCBC2B000])[01 20 10 E2 ]0x0000D748:	ANDS	R2, R0, #1	;(R0=0x000001FF )
(             libc.so[0xCBC2B000])[F5 FF FF 1A ]0x0000D74C:	BNE	#0XCBC38728	;(PC=0xCBC3874C )
(             libc.so[0xCBC2B000])[01 30 83 E2 ]0x0000D728:	ADD	R3, R3, #1	;(R3=0x00000000 )
(             libc.so[0xCBC2B000])[8C 00 53 E3 ]0x0000D72C:	CMP	R3, #0X8C	;(R3=0x00000001 )
(             libc.so[0xCBC2B000])[C3 C2 A0 E1 ]0x0000D730:	ASR	IP, R3, #5	;(R3=0x00000001 )
(             libc.so[0xCBC2B000])[15 00 00 0A ]0x0000D734:	BEQ	#0XCBC38790	;(PC=0xCBC38734 )
(             libc.so[0xCBC2B000])[0C E1 81 E0 ]0x0000D738:	ADD	LR, R1, IP, LSL #2	;(R1=0xCBC772F0 IP=0x00000000 )
(             libc.so[0xCBC2B000])[04 C0 9E E5 ]0x0000D73C:	LDR	IP, [LR, #4]	;(LR=0xCBC772F0 )
(             libc.so[0xCBC2B000])[1F E0 03 E2 ]0x0000D740:	AND	LR, R3, #0X1F	;(R3=0x00000001 )
(             libc.so[0xCBC2B000])[3C 0E A0 E1 ]0x0000D744:	LSR	R0, IP, LR	;(IP=0x000001FF LR=0x00000001 )
(             libc.so[0xCBC2B000])[01 20 10 E2 ]0x0000D748:	ANDS	R2, R0, #1	;(R0=0x000000FF )
(             libc.so[0xCBC2B000])[F5 FF FF 1A ]0x0000D74C:	BNE	#0XCBC38728	;(PC=0xCBC3874C )
(             libc.so[0xCBC2B000])[01 30 83 E2 ]0x0000D728:	ADD	R3, R3, #1	;(R3=0x00000001 )
(             libc.so[0xCBC2B000])[8C 00 53 E3 ]0x0000D72C:	CMP	R3, #0X8C	;(R3=0x00000002 )
(             libc.so[0xCBC2B000])[C3 C2 A0 E1 ]0x0000D730:	ASR	IP, R3, #5	;(R3=0x00000002 )
(             libc.so[0xCBC2B000])[15 00 00 0A ]0x0000D734:	BEQ	#0XCBC38790	;(PC=0xCBC38734 )
(             libc.so[0xCBC2B000])[0C E1 81 E0 ]0x0000D738:	ADD	LR, R1, IP, LSL #2	;(R1=0xCBC772F0 IP=0x00000000 )
(             libc.so[0xCBC2B000])[04 C0 9E E5 ]0x0000D73C:	LDR	IP, [LR, #4]	;(LR=0xCBC772F0 )
(             libc.so[0xCBC2B000])[1F E0 03 E2 ]0x0000D740:	AND	LR, R3, #0X1F	;(R3=0x00000002 )
(             libc.so[0xCBC2B000])[3C 0E A0 E1 ]0x0000D744:	LSR	R0, IP, LR	;(IP=0x000001FF LR=0x00000002 )
(             libc.so[0xCBC2B000])[01 20 10 E2 ]0x0000D748:	ANDS	R2, R0, #1	;(R0=0x0000007F )
(             libc.so[0xCBC2B000])[F5 FF FF 1A ]0x0000D74C:	BNE	#0XCBC38728	;(PC=0xCBC3874C )
(             libc.so[0xCBC2B000])[01 30 83 E2 ]0x0000D728:	ADD	R3, R3, #1	;(R3=0x00000002 )
(             libc.so[0xCBC2B000])[8C 00 53 E3 ]0x0000D72C:	CMP	R3, #0X8C	;(R3=0x00000003 )
(             libc.so[0xCBC2B000])[C3 C2 A0 E1 ]0x0000D730:	ASR	IP, R3, #5	;(R3=0x00000003 )
(             libc.so[0xCBC2B000])[15 00 00 0A ]0x0000D734:	BEQ	#0XCBC38790	;(PC=0xCBC38734 )
(             libc.so[0xCBC2B000])[0C E1 81 E0 ]0x0000D738:	ADD	LR, R1, IP, LSL #2	;(R1=0xCBC772F0 IP=0x00000000 )
(             libc.so[0xCBC2B000])[04 C0 9E E5 ]0x0000D73C:	LDR	IP, [LR, #4]	;(LR=0xCBC772F0 )
(             libc.so[0xCBC2B000])[1F E0 03 E2 ]0x0000D740:	AND	LR, R3, #0X1F	;(R3=0x00000003 )
(             libc.so[0xCBC2B000])[3C 0E A0 E1 ]0x0000D744:	LSR	R0, IP, LR	;(IP=0x000001FF LR=0x00000003 )
(             libc.so[0xCBC2B000])[01 20 10 E2 ]0x0000D748:	ANDS	R2, R0, #1	;(R0=0x0000003F )
(             libc.so[0xCBC2B000])[F5 FF FF 1A ]0x0000D74C:	BNE	#0XCBC38728	;(PC=0xCBC3874C )
(             libc.so[0xCBC2B000])[01 30 83 E2 ]0x0000D728:	ADD	R3, R3, #1	;(R3=0x00000003 )
(             libc.so[0xCBC2B000])[8C 00 53 E3 ]0x0000D72C:	CMP	R3, #0X8C	;(R3=0x00000004 )
(             libc.so[0xCBC2B000])[C3 C2 A0 E1 ]0x0000D730:	ASR	IP, R3, #5	;(R3=0x00000004 )
(             libc.so[0xCBC2B000])[15 00 00 0A ]0x0000D734:	BEQ	#0XCBC38790	;(PC=0xCBC38734 )
(             libc.so[0xCBC2B000])[0C E1 81 E0 ]0x0000D738:	ADD	LR, R1, IP, LSL #2	;(R1=0xCBC772F0 IP=0x00000000 )
(             libc.so[0xCBC2B000])[04 C0 9E E5 ]0x0000D73C:	LDR	IP, [LR, #4]	;(LR=0xCBC772F0 )
(             libc.so[0xCBC2B000])[1F E0 03 E2 ]0x0000D740:	AND	LR, R3, #0X1F	;(R3=0x00000004 )
(             libc.so[0xCBC2B000])[3C 0E A0 E1 ]0x0000D744:	LSR	R0, IP, LR	;(IP=0x000001FF LR=0x00000004 )
(             libc.so[0xCBC2B000])[01 20 10 E2 ]0x0000D748:	ANDS	R2, R0, #1	;(R0=0x0000001F )
(             libc.so[0xCBC2B000])[F5 FF FF 1A ]0x0000D74C:	BNE	#0XCBC38728	;(PC=0xCBC3874C )
(             libc.so[0xCBC2B000])[01 30 83 E2 ]0x0000D728:	ADD	R3, R3, #1	;(R3=0x00000004 )
(             libc.so[0xCBC2B000])[8C 00 53 E3 ]0x0000D72C:	CMP	R3, #0X8C	;(R3=0x00000005 )
(             libc.so[0xCBC2B000])[C3 C2 A0 E1 ]0x0000D730:	ASR	IP, R3, #5	;(R3=0x00000005 )
(             libc.so[0xCBC2B000])[15 00 00 0A ]0x0000D734:	BEQ	#0XCBC38790	;(PC=0xCBC38734 )
(             libc.so[0xCBC2B000])[0C E1 81 E0 ]0x0000D738:	ADD	LR, R1, IP, LSL #2	;(R1=0xCBC772F0 IP=0x00000000 )
(             libc.so[0xCBC2B000])[04 C0 9E E5 ]0x0000D73C:	LDR	IP, [LR, #4]	;(LR=0xCBC772F0 )
(             libc.so[0xCBC2B000])[1F E0 03 E2 ]0x0000D740:	AND	LR, R3, #0X1F	;(R3=0x00000005 )
(             libc.so[0xCBC2B000])[3C 0E A0 E1 ]0x0000D744:	LSR	R0, IP, LR	;(IP=0x000001FF LR=0x00000005 )
(             libc.so[0xCBC2B000])[01 20 10 E2 ]0x0000D748:	ANDS	R2, R0, #1	;(R0=0x0000000F )
(             libc.so[0xCBC2B000])[F5 FF FF 1A ]0x0000D74C:	BNE	#0XCBC38728	;(PC=0xCBC3874C )
(             libc.so[0xCBC2B000])[01 30 83 E2 ]0x0000D728:	ADD	R3, R3, #1	;(R3=0x00000005 )
(             libc.so[0xCBC2B000])[8C 00 53 E3 ]0x0000D72C:	CMP	R3, #0X8C	;(R3=0x00000006 )
(             libc.so[0xCBC2B000])[C3 C2 A0 E1 ]0x0000D730:	ASR	IP, R3, #5	;(R3=0x00000006 )
(             libc.so[0xCBC2B000])[15 00 00 0A ]0x0000D734:	BEQ	#0XCBC38790	;(PC=0xCBC38734 )
(             libc.so[0xCBC2B000])[0C E1 81 E0 ]0x0000D738:	ADD	LR, R1, IP, LSL #2	;(R1=0xCBC772F0 IP=0x00000000 )
(             libc.so[0xCBC2B000])[04 C0 9E E5 ]0x0000D73C:	LDR	IP, [LR, #4]	;(LR=0xCBC772F0 )
(             libc.so[0xCBC2B000])[1F E0 03 E2 ]0x0000D740:	AND	LR, R3, #0X1F	;(R3=0x00000006 )
(             libc.so[0xCBC2B000])[3C 0E A0 E1 ]0x0000D744:	LSR	R0, IP, LR	;(IP=0x000001FF LR=0x00000006 )
(             libc.so[0xCBC2B000])[01 20 10 E2 ]0x0000D748:	ANDS	R2, R0, #1	;(R0=0x00000007 )
(             libc.so[0xCBC2B000])[F5 FF FF 1A ]0x0000D74C:	BNE	#0XCBC38728	;(PC=0xCBC3874C )
(             libc.so[0xCBC2B000])[01 30 83 E2 ]0x0000D728:	ADD	R3, R3, #1	;(R3=0x00000006 )
(             libc.so[0xCBC2B000])[8C 00 53 E3 ]0x0000D72C:	CMP	R3, #0X8C	;(R3=0x00000007 )
(             libc.so[0xCBC2B000])[C3 C2 A0 E1 ]0x0000D730:	ASR	IP, R3, #5	;(R3=0x00000007 )
(             libc.so[0xCBC2B000])[15 00 00 0A ]0x0000D734:	BEQ	#0XCBC38790	;(PC=0xCBC38734 )
(             libc.so[0xCBC2B000])[0C E1 81 E0 ]0x0000D738:	ADD	LR, R1, IP, LSL #2	;(R1=0xCBC772F0 IP=0x00000000 )
(             libc.so[0xCBC2B000])[04 C0 9E E5 ]0x0000D73C:	LDR	IP, [LR, #4]	;(LR=0xCBC772F0 )
(             libc.so[0xCBC2B000])[1F E0 03 E2 ]0x0000D740:	AND	LR, R3, #0X1F	;(R3=0x00000007 )
(             libc.so[0xCBC2B000])[3C 0E A0 E1 ]0x0000D744:	LSR	R0, IP, LR	;(IP=0x000001FF LR=0x00000007 )
(             libc.so[0xCBC2B000])[01 20 10 E2 ]0x0000D748:	ANDS	R2, R0, #1	;(R0=0x00000003 )
(             libc.so[0xCBC2B000])[F5 FF FF 1A ]0x0000D74C:	BNE	#0XCBC38728	;(PC=0xCBC3874C )
(             libc.so[0xCBC2B000])[01 30 83 E2 ]0x0000D728:	ADD	R3, R3, #1	;(R3=0x00000007 )
(             libc.so[0xCBC2B000])[8C 00 53 E3 ]0x0000D72C:	CMP	R3, #0X8C	;(R3=0x00000008 )
(             libc.so[0xCBC2B000])[C3 C2 A0 E1 ]0x0000D730:	ASR	IP, R3, #5	;(R3=0x00000008 )
(             libc.so[0xCBC2B000])[15 00 00 0A ]0x0000D734:	BEQ	#0XCBC38790	;(PC=0xCBC38734 )
(             libc.so[0xCBC2B000])[0C E1 81 E0 ]0x0000D738:	ADD	LR, R1, IP, LSL #2	;(R1=0xCBC772F0 IP=0x00000000 )
(             libc.so[0xCBC2B000])[04 C0 9E E5 ]0x0000D73C:	LDR	IP, [LR, #4]	;(LR=0xCBC772F0 )
(             libc.so[0xCBC2B000])[1F E0 03 E2 ]0x0000D740:	AND	LR, R3, #0X1F	;(R3=0x00000008 )
(             libc.so[0xCBC2B000])[3C 0E A0 E1 ]0x0000D744:	LSR	R0, IP, LR	;(IP=0x000001FF LR=0x00000008 )
(             libc.so[0xCBC2B000])[01 20 10 E2 ]0x0000D748:	ANDS	R2, R0, #1	;(R0=0x00000001 )
(             libc.so[0xCBC2B000])[F5 FF FF 1A ]0x0000D74C:	BNE	#0XCBC38728	;(PC=0xCBC3874C )
(             libc.so[0xCBC2B000])[01 30 83 E2 ]0x0000D728:	ADD	R3, R3, #1	;(R3=0x00000008 )
(             libc.so[0xCBC2B000])[8C 00 53 E3 ]0x0000D72C:	CMP	R3, #0X8C	;(R3=0x00000009 )
(             libc.so[0xCBC2B000])[C3 C2 A0 E1 ]0x0000D730:	ASR	IP, R3, #5	;(R3=0x00000009 )
(             libc.so[0xCBC2B000])[15 00 00 0A ]0x0000D734:	BEQ	#0XCBC38790	;(PC=0xCBC38734 )
(             libc.so[0xCBC2B000])[0C E1 81 E0 ]0x0000D738:	ADD	LR, R1, IP, LSL #2	;(R1=0xCBC772F0 IP=0x00000000 )
(             libc.so[0xCBC2B000])[04 C0 9E E5 ]0x0000D73C:	LDR	IP, [LR, #4]	;(LR=0xCBC772F0 )
(             libc.so[0xCBC2B000])[1F E0 03 E2 ]0x0000D740:	AND	LR, R3, #0X1F	;(R3=0x00000009 )
(             libc.so[0xCBC2B000])[3C 0E A0 E1 ]0x0000D744:	LSR	R0, IP, LR	;(IP=0x000001FF LR=0x00000009 )
(             libc.so[0xCBC2B000])[01 20 10 E2 ]0x0000D748:	ANDS	R2, R0, #1	;(R0=0x00000000 )
(             libc.so[0xCBC2B000])[F5 FF FF 1A ]0x0000D74C:	BNE	#0XCBC38728	;(PC=0xCBC3874C )
(             libc.so[0xCBC2B000])[50 60 9F E5 ]0x0000D750:	LDR	R6, [PC, #0X50]	;(PC=0xCBC38750 )
(             libc.so[0xCBC2B000])[C3 72 A0 E1 ]0x0000D754:	ASR	R7, R3, #5	;(R3=0x00000009 )
(             libc.so[0xCBC2B000])[06 10 8F E0 ]0x0000D758:	ADD	R1, PC, R6	;(PC=0xCBC38758 R6=0x0003EB90 )
(             libc.so[0xCBC2B000])[06 60 83 E2 ]0x0000D75C:	ADD	R6, R3, #6	;(R3=0x00000009 )
(             libc.so[0xCBC2B000])[07 01 81 E0 ]0x0000D760:	ADD	R0, R1, R7, LSL #2	;(R1=0xCBC772F0 R7=0x00000000 )
(             libc.so[0xCBC2B000])[01 70 A0 E3 ]0x0000D764:	MOV	R7, #1
(             libc.so[0xCBC2B000])[06 51 81 E7 ]0x0000D768:	STR	R5, [R1, R6, LSL #2]	;(R5=0xCBC3E3FB R1=0xCBC772F0 R6=0x0000000F )
(             libc.so[0xCBC2B000])[02 50 A0 E1 ]0x0000D76C:	MOV	R5, R2	;(R2=0x00000000 )
(             libc.so[0xCBC2B000])[17 EE 8C E1 ]0x0000D770:	ORR	LR, IP, R7, LSL LR	;(IP=0x000001FF R7=0x00000001 )
(             libc.so[0xCBC2B000])[04 E0 80 E5 ]0x0000D774:	STR	LR, [R0, #4]	;(LR=0x000003FF R0=0xCBC772F0 )
(             libc.so[0xCBC2B000])[00 30 84 E5 ]0x0000D778:	STR	R3, [R4]	;(R3=0x00000009 R4=0xCBC793A8 )
(             libc.so[0xCBC2B000])[28 20 9F E5 ]0x0000D77C:	LDR	R2, [PC, #0X28]	;(PC=0xCBC3877C )
(             libc.so[0xCBC2B000])[02 00 8F E0 ]0x0000D780:	ADD	R0, PC, R2	;(PC=0xCBC38780 R2=0x0003EDB0 )
(             libc.so[0xCBC2B000])[55 04 00 EB ]0x0000D784:	BL	#0XCBC398E0	;(PC=0xCBC38784 )
(             libc.so[0xCBC2B000])[BE FF FF EA ]0x0000E8E0:	B	#0XCBC397E0 ; pthread_mutex_unlock	;(PC=0xCBC398E0 )
(             libc.so[0xCBC2B000])[70 40 2D E9 ]0x0000E7E0:	PUSH	{R4, R5, R6, LR}	;(SP=0x100FFFE8 R4=0xCBC793A8 R5=0x00000000 R6=0x0000000F LR=0xCBC38788 )
(             libc.so[0xCBC2B000])[00 40 50 E2 ]0x0000E7E4:	SUBS	R4, R0, #0	;(R0=0xCBC77538 )
(             libc.so[0xCBC2B000])[08 D0 4D E2 ]0x0000E7E8:	SUB	SP, SP, #8	;(SP=0x100FFFD8 )
(             libc.so[0xCBC2B000])[2B 00 00 0A ]0x0000E7EC:	BEQ	#0XCBC398A0	;(PC=0xCBC397EC )
(             libc.so[0xCBC2B000])[00 50 94 E5 ]0x0000E7F0:	LDR	R5, [R4]	;(R4=0xCBC77538 )
(             libc.so[0xCBC2B000])[03 69 15 E2 ]0x0000E7F4:	ANDS	R6, R5, #0XC000	;(R5=0x00000001 )
(             libc.so[0xCBC2B000])[02 1A 05 E2 ]0x0000E7F8:	AND	R1, R5, #0X2000	;(R5=0x00000001 )
(             libc.so[0xCBC2B000])[11 00 00 1A ]0x0000E7FC:	BNE	#0XCBC39848	;(PC=0xCBC397FC )
(             libc.so[0xCBC2B000])[5F F0 7F F5 ]0x0000E800:	DMB	SY
(             libc.so[0xCBC2B000])[9F 2F 94 E1 ]0x0000E804:	LDREX	R2, [R4]	;(R4=0xCBC77538 )
(             libc.so[0xCBC2B000])[01 30 42 E2 ]0x0000E808:	SUB	R3, R2, #1	;(R2=0x00000001 )
(             libc.so[0xCBC2B000])[93 5F 84 E1 ]0x0000E80C:	STREX	R5, R3, [R4]	;(R3=0x00000000 R4=0xCBC77538 )
(             libc.so[0xCBC2B000])[00 00 55 E3 ]0x0000E810:	CMP	R5, #0	;(R5=0x00000000 )
(             libc.so[0xCBC2B000])[FA FF FF 1A ]0x0000E814:	BNE	#0XCBC39804	;(PC=0xCBC39814 )
(             libc.so[0xCBC2B000])[01 C0 81 E3 ]0x0000E818:	ORR	IP, R1, #1	;(R1=0x00000000 )
(             libc.so[0xCBC2B000])[0C 00 52 E1 ]0x0000E81C:	CMP	R2, IP	;(R2=0x00000001 IP=0x00000001 )
(             libc.so[0xCBC2B000])[06 00 00 0A ]0x0000E820:	BEQ	#0XCBC39840	;(PC=0xCBC39820 )
(             libc.so[0xCBC2B000])[00 00 A0 E3 ]0x0000E840:	MOV	R0, #0
(             libc.so[0xCBC2B000])[FB FF FF EA ]0x0000E844:	B	#0XCBC39838	;(PC=0xCBC39844 )
(             libc.so[0xCBC2B000])[08 D0 8D E2 ]0x0000E838:	ADD	SP, SP, #8	;(SP=0x100FFFD0 )
(             libc.so[0xCBC2B000])[70 80 BD E8 ]0x0000E83C:	POP	{R4, R5, R6, PC}	;(SP=0x100FFFD8 )
(             libc.so[0xCBC2B000])[05 00 A0 E1 ]0x0000D788:	MOV	R0, R5	;(R5=0x00000000 )
(             libc.so[0xCBC2B000])[F8 80 BD E8 ]0x0000D78C:	POP	{R3, R4, R5, R6, R7, PC}	;(SP=0x100FFFE8 )
(             libc.so[0xCBC2B000])[02 48       ]0x00013538:	LDR	R0, [PC, #8]	;(PC=0xCBC3E538 )
(             libc.so[0xCBC2B000])[03 49       ]0x0001353A:	LDR	R1, [PC, #0XC]	;(PC=0xCBC3E53A )
(             libc.so[0xCBC2B000])[78 44       ]0x0001353C:	ADD	R0, PC	;(R0=0x0003AE6C PC=0xCBC3E53C )
(             libc.so[0xCBC2B000])[79 44       ]0x0001353E:	ADD	R1, PC	;(R1=0xFFFFFFF3 PC=0xCBC3E53E )
(             libc.so[0xCBC2B000])[29 F0 F4 BF ]0x00013540:	B.W	#0XCBC6852C
(             libc.so[0xCBC2B000])[78 47       ]0x0003D52C:	BX	PC	;(PC=0xCBC6852C )
(             libc.so[0xCBC2B000])[00 C0 9F E5 ]0x0003D530:	LDR	IP, [PC]	;(PC=0xCBC68530 )
(             libc.so[0xCBC2B000])[0F F0 8C E0 ]0x0003D534:	ADD	PC, IP, PC	;(IP=0xFFFD0178 PC=0xCBC68534 )
(             libc.so[0xCBC2B000])[F8 40 2D E9 ]0x0000D6B4:	PUSH	{R3, R4, R5, R6, R7, LR} ; pthread_key_create	;(SP=0x10100000 R3=0x00000000 R4=0x00000000 R5=0x00000000 R6=0x00000000 R7=0x00000000 LR=0x0106EACF )
(             libc.so[0xCBC2B000])[00 40 A0 E1 ]0x0000D6B8:	MOV	R4, R0	;(R0=0xCBC793AC )
(             libc.so[0xCBC2B000])[D4 00 9F E5 ]0x0000D6BC:	LDR	R0, [PC, #0XD4]	;(PC=0xCBC386BC )
(             libc.so[0xCBC2B000])[01 50 A0 E1 ]0x0000D6C0:	MOV	R5, R1	;(R1=0xCBC3E535 )
(             libc.so[0xCBC2B000])[00 00 8F E0 ]0x0000D6C4:	ADD	R0, PC, R0	;(PC=0xCBC386C4 R0=0x0003EE6C )
(             libc.so[0xCBC2B000])[43 04 00 EB ]0x0000D6C8:	BL	#0XCBC397DC	;(PC=0xCBC386C8 )
(             libc.so[0xCBC2B000])[90 FF FF EA ]0x0000E7DC:	B	#0XCBC39624 ; pthread_mutex_lock	;(PC=0xCBC397DC )
(             libc.so[0xCBC2B000])[F0 41 2D E9 ]0x0000E624:	PUSH	{R4, R5, R6, R7, R8, LR}	;(SP=0x100FFFE8 R4=0xCBC793AC R5=0xCBC3E535 R6=0x00000000 R7=0x00000000 R8=0x00000000 LR=0xCBC386CC )
(             libc.so[0xCBC2B000])[00 40 50 E2 ]0x0000E628:	SUBS	R4, R0, #0	;(R0=0xCBC77538 )
(             libc.so[0xCBC2B000])[1B 00 00 0A ]0x0000E62C:	BEQ	#0XCBC396A0	;(PC=0xCBC3962C )
(             libc.so[0xCBC2B000])[00 50 94 E5 ]0x0000E630:	LDR	R5, [R4]	;(R4=0xCBC77538 )
(             libc.so[0xCBC2B000])[03 79 15 E2 ]0x0000E634:	ANDS	R7, R5, #0XC000	;(R5=0x00000000 )
(             libc.so[0xCBC2B000])[02 6A 05 E2 ]0x0000E638:	AND	R6, R5, #0X2000	;(R5=0x00000000 )
(             libc.so[0xCBC2B000])[19 00 00 1A ]0x0000E63C:	BNE	#0XCBC396A8	;(PC=0xCBC3963C )
(             libc.so[0xCBC2B000])[01 00 86 E3 ]0x0000E640:	ORR	R0, R6, #1	;(R6=0x00000000 )
(             libc.so[0xCBC2B000])[9F 3F 94 E1 ]0x0000E644:	LDREX	R3, [R4]	;(R4=0xCBC77538 )
(             libc.so[0xCBC2B000])[00 10 A0 E3 ]0x0000E648:	MOV	R1, #0
(             libc.so[0xCBC2B000])[06 00 33 E1 ]0x0000E64C:	TEQ	R3, R6	;(R3=0x00000000 R6=0x00000000 )
(             libc.so[0xCBC2B000])[90 1F 84 01 ]0x0000E650:	STREXEQ	R1, R0, [R4]	;(R0=0x00000001 R4=0xCBC77538 )
(             libc.so[0xCBC2B000])[00 00 51 E3 ]0x0000E654:	CMP	R1, #0	;(R1=0x00000000 )
(             libc.so[0xCBC2B000])[F9 FF FF 1A ]0x0000E658:	BNE	#0XCBC39644	;(PC=0xCBC39658 )
(             libc.so[0xCBC2B000])[03 00 56 E1 ]0x0000E65C:	CMP	R6, R3	;(R6=0x00000000 R3=0x00000000 )
(             libc.so[0xCBC2B000])[02 50 86 13 ]0x0000E660:	ORRNE	R5, R6, #2	;(R6=0x00000000 )
(             libc.so[0xCBC2B000])[01 00 00 1A ]0x0000E664:	BNE	#0XCBC39670	;(PC=0xCBC39664 )
(             libc.so[0xCBC2B000])[09 00 00 EA ]0x0000E668:	B	#0XCBC39694	;(PC=0xCBC39668 )
(             libc.so[0xCBC2B000])[5F F0 7F F5 ]0x0000E694:	DMB	SY
(             libc.so[0xCBC2B000])[00 00 A0 E3 ]0x0000E698:	MOV	R0, #0
(             libc.so[0xCBC2B000])[F0 81 BD E8 ]0x0000E69C:	POP	{R4, R5, R6, R7, R8, PC}	;(SP=0x100FFFD0 )
(             libc.so[0xCBC2B000])[C8 20 9F E5 ]0x0000D6CC:	LDR	R2, [PC, #0XC8]	;(PC=0xCBC386CC )
(             libc.so[0xCBC2B000])[02 10 8F E0 ]0x0000D6D0:	ADD	R1, PC, R2	;(PC=0xCBC386D0 R2=0x0003EC18 )
(             libc.so[0xCBC2B000])[00 30 D1 E5 ]0x0000D6D4:	LDRB	R3, [R1]	;(R1=0xCBC772F0 )
(             libc.so[0xCBC2B000])[04 C0 91 E5 ]0x0000D6D8:	LDR	IP, [R1, #4]	;(R1=0xCBC772F0 )
(             libc.so[0xCBC2B000])[00 00 53 E3 ]0x0000D6DC:	CMP	R3, #0	;(R3=0x00000001 )
(             libc.so[0xCBC2B000])[0C 00 00 1A ]0x0000D6E0:	BNE	#0XCBC38718	;(PC=0xCBC386E0 )
(             libc.so[0xCBC2B000])[84 20 9F E5 ]0x0000D718:	LDR	R2, [PC, #0X84]	;(PC=0xCBC38718 )
(             libc.so[0xCBC2B000])[00 30 A0 E3 ]0x0000D71C:	MOV	R3, #0
(             libc.so[0xCBC2B000])[02 10 8F E0 ]0x0000D720:	ADD	R1, PC, R2	;(PC=0xCBC38720 R2=0x0003EBC8 )
(             libc.so[0xCBC2B000])[05 00 00 EA ]0x0000D724:	B	#0XCBC38740	;(PC=0xCBC38724 )
(             libc.so[0xCBC2B000])[1F E0 03 E2 ]0x0000D740:	AND	LR, R3, #0X1F	;(R3=0x00000000 )
(             libc.so[0xCBC2B000])[3C 0E A0 E1 ]0x0000D744:	LSR	R0, IP, LR	;(IP=0x000003FF LR=0x00000000 )
(             libc.so[0xCBC2B000])[01 20 10 E2 ]0x0000D748:	ANDS	R2, R0, #1	;(R0=0x000003FF )
(             libc.so[0xCBC2B000])[F5 FF FF 1A ]0x0000D74C:	BNE	#0XCBC38728	;(PC=0xCBC3874C )
(             libc.so[0xCBC2B000])[01 30 83 E2 ]0x0000D728:	ADD	R3, R3, #1	;(R3=0x00000000 )
(             libc.so[0xCBC2B000])[8C 00 53 E3 ]0x0000D72C:	CMP	R3, #0X8C	;(R3=0x00000001 )
(             libc.so[0xCBC2B000])[C3 C2 A0 E1 ]0x0000D730:	ASR	IP, R3, #5	;(R3=0x00000001 )
(             libc.so[0xCBC2B000])[15 00 00 0A ]0x0000D734:	BEQ	#0XCBC38790	;(PC=0xCBC38734 )
(             libc.so[0xCBC2B000])[0C E1 81 E0 ]0x0000D738:	ADD	LR, R1, IP, LSL #2	;(R1=0xCBC772F0 IP=0x00000000 )
(             libc.so[0xCBC2B000])[04 C0 9E E5 ]0x0000D73C:	LDR	IP, [LR, #4]	;(LR=0xCBC772F0 )
(             libc.so[0xCBC2B000])[1F E0 03 E2 ]0x0000D740:	AND	LR, R3, #0X1F	;(R3=0x00000001 )
(             libc.so[0xCBC2B000])[3C 0E A0 E1 ]0x0000D744:	LSR	R0, IP, LR	;(IP=0x000003FF LR=0x00000001 )
(             libc.so[0xCBC2B000])[01 20 10 E2 ]0x0000D748:	ANDS	R2, R0, #1	;(R0=0x000001FF )
(             libc.so[0xCBC2B000])[F5 FF FF 1A ]0x0000D74C:	BNE	#0XCBC38728	;(PC=0xCBC3874C )
(             libc.so[0xCBC2B000])[01 30 83 E2 ]0x0000D728:	ADD	R3, R3, #1	;(R3=0x00000001 )
(             libc.so[0xCBC2B000])[8C 00 53 E3 ]0x0000D72C:	CMP	R3, #0X8C	;(R3=0x00000002 )
(             libc.so[0xCBC2B000])[C3 C2 A0 E1 ]0x0000D730:	ASR	IP, R3, #5	;(R3=0x00000002 )
(             libc.so[0xCBC2B000])[15 00 00 0A ]0x0000D734:	BEQ	#0XCBC38790	;(PC=0xCBC38734 )
(             libc.so[0xCBC2B000])[0C E1 81 E0 ]0x0000D738:	ADD	LR, R1, IP, LSL #2	;(R1=0xCBC772F0 IP=0x00000000 )
(             libc.so[0xCBC2B000])[04 C0 9E E5 ]0x0000D73C:	LDR	IP, [LR, #4]	;(LR=0xCBC772F0 )
(             libc.so[0xCBC2B000])[1F E0 03 E2 ]0x0000D740:	AND	LR, R3, #0X1F	;(R3=0x00000002 )
(             libc.so[0xCBC2B000])[3C 0E A0 E1 ]0x0000D744:	LSR	R0, IP, LR	;(IP=0x000003FF LR=0x00000002 )
(             libc.so[0xCBC2B000])[01 20 10 E2 ]0x0000D748:	ANDS	R2, R0, #1	;(R0=0x000000FF )
(             libc.so[0xCBC2B000])[F5 FF FF 1A ]0x0000D74C:	BNE	#0XCBC38728	;(PC=0xCBC3874C )
(             libc.so[0xCBC2B000])[01 30 83 E2 ]0x0000D728:	ADD	R3, R3, #1	;(R3=0x00000002 )
(             libc.so[0xCBC2B000])[8C 00 53 E3 ]0x0000D72C:	CMP	R3, #0X8C	;(R3=0x00000003 )
(             libc.so[0xCBC2B000])[C3 C2 A0 E1 ]0x0000D730:	ASR	IP, R3, #5	;(R3=0x00000003 )
(             libc.so[0xCBC2B000])[15 00 00 0A ]0x0000D734:	BEQ	#0XCBC38790	;(PC=0xCBC38734 )
(             libc.so[0xCBC2B000])[0C E1 81 E0 ]0x0000D738:	ADD	LR, R1, IP, LSL #2	;(R1=0xCBC772F0 IP=0x00000000 )
(             libc.so[0xCBC2B000])[04 C0 9E E5 ]0x0000D73C:	LDR	IP, [LR, #4]	;(LR=0xCBC772F0 )
(             libc.so[0xCBC2B000])[1F E0 03 E2 ]0x0000D740:	AND	LR, R3, #0X1F	;(R3=0x00000003 )
(             libc.so[0xCBC2B000])[3C 0E A0 E1 ]0x0000D744:	LSR	R0, IP, LR	;(IP=0x000003FF LR=0x00000003 )
(             libc.so[0xCBC2B000])[01 20 10 E2 ]0x0000D748:	ANDS	R2, R0, #1	;(R0=0x0000007F )
(             libc.so[0xCBC2B000])[F5 FF FF 1A ]0x0000D74C:	BNE	#0XCBC38728	;(PC=0xCBC3874C )
(             libc.so[0xCBC2B000])[01 30 83 E2 ]0x0000D728:	ADD	R3, R3, #1	;(R3=0x00000003 )
(             libc.so[0xCBC2B000])[8C 00 53 E3 ]0x0000D72C:	CMP	R3, #0X8C	;(R3=0x00000004 )
(             libc.so[0xCBC2B000])[C3 C2 A0 E1 ]0x0000D730:	ASR	IP, R3, #5	;(R3=0x00000004 )
(             libc.so[0xCBC2B000])[15 00 00 0A ]0x0000D734:	BEQ	#0XCBC38790	;(PC=0xCBC38734 )
(             libc.so[0xCBC2B000])[0C E1 81 E0 ]0x0000D738:	ADD	LR, R1, IP, LSL #2	;(R1=0xCBC772F0 IP=0x00000000 )
(             libc.so[0xCBC2B000])[04 C0 9E E5 ]0x0000D73C:	LDR	IP, [LR, #4]	;(LR=0xCBC772F0 )
(             libc.so[0xCBC2B000])[1F E0 03 E2 ]0x0000D740:	AND	LR, R3, #0X1F	;(R3=0x00000004 )
(             libc.so[0xCBC2B000])[3C 0E A0 E1 ]0x0000D744:	LSR	R0, IP, LR	;(IP=0x000003FF LR=0x00000004 )
(             libc.so[0xCBC2B000])[01 20 10 E2 ]0x0000D748:	ANDS	R2, R0, #1	;(R0=0x0000003F )
(             libc.so[0xCBC2B000])[F5 FF FF 1A ]0x0000D74C:	BNE	#0XCBC38728	;(PC=0xCBC3874C )
(             libc.so[0xCBC2B000])[01 30 83 E2 ]0x0000D728:	ADD	R3, R3, #1	;(R3=0x00000004 )
(             libc.so[0xCBC2B000])[8C 00 53 E3 ]0x0000D72C:	CMP	R3, #0X8C	;(R3=0x00000005 )
(             libc.so[0xCBC2B000])[C3 C2 A0 E1 ]0x0000D730:	ASR	IP, R3, #5	;(R3=0x00000005 )
(             libc.so[0xCBC2B000])[15 00 00 0A ]0x0000D734:	BEQ	#0XCBC38790	;(PC=0xCBC38734 )
(             libc.so[0xCBC2B000])[0C E1 81 E0 ]0x0000D738:	ADD	LR, R1, IP, LSL #2	;(R1=0xCBC772F0 IP=0x00000000 )
(             libc.so[0xCBC2B000])[04 C0 9E E5 ]0x0000D73C:	LDR	IP, [LR, #4]	;(LR=0xCBC772F0 )
(             libc.so[0xCBC2B000])[1F E0 03 E2 ]0x0000D740:	AND	LR, R3, #0X1F	;(R3=0x00000005 )
(             libc.so[0xCBC2B000])[3C 0E A0 E1 ]0x0000D744:	LSR	R0, IP, LR	;(IP=0x000003FF LR=0x00000005 )
(             libc.so[0xCBC2B000])[01 20 10 E2 ]0x0000D748:	ANDS	R2, R0, #1	;(R0=0x0000001F )
(             libc.so[0xCBC2B000])[F5 FF FF 1A ]0x0000D74C:	BNE	#0XCBC38728	;(PC=0xCBC3874C )
(             libc.so[0xCBC2B000])[01 30 83 E2 ]0x0000D728:	ADD	R3, R3, #1	;(R3=0x00000005 )
(             libc.so[0xCBC2B000])[8C 00 53 E3 ]0x0000D72C:	CMP	R3, #0X8C	;(R3=0x00000006 )
(             libc.so[0xCBC2B000])[C3 C2 A0 E1 ]0x0000D730:	ASR	IP, R3, #5	;(R3=0x00000006 )
(             libc.so[0xCBC2B000])[15 00 00 0A ]0x0000D734:	BEQ	#0XCBC38790	;(PC=0xCBC38734 )
(             libc.so[0xCBC2B000])[0C E1 81 E0 ]0x0000D738:	ADD	LR, R1, IP, LSL #2	;(R1=0xCBC772F0 IP=0x00000000 )
(             libc.so[0xCBC2B000])[04 C0 9E E5 ]0x0000D73C:	LDR	IP, [LR, #4]	;(LR=0xCBC772F0 )
(             libc.so[0xCBC2B000])[1F E0 03 E2 ]0x0000D740:	AND	LR, R3, #0X1F	;(R3=0x00000006 )
(             libc.so[0xCBC2B000])[3C 0E A0 E1 ]0x0000D744:	LSR	R0, IP, LR	;(IP=0x000003FF LR=0x00000006 )
(             libc.so[0xCBC2B000])[01 20 10 E2 ]0x0000D748:	ANDS	R2, R0, #1	;(R0=0x0000000F )
(             libc.so[0xCBC2B000])[F5 FF FF 1A ]0x0000D74C:	BNE	#0XCBC38728	;(PC=0xCBC3874C )
(             libc.so[0xCBC2B000])[01 30 83 E2 ]0x0000D728:	ADD	R3, R3, #1	;(R3=0x00000006 )
(             libc.so[0xCBC2B000])[8C 00 53 E3 ]0x0000D72C:	CMP	R3, #0X8C	;(R3=0x00000007 )
(             libc.so[0xCBC2B000])[C3 C2 A0 E1 ]0x0000D730:	ASR	IP, R3, #5	;(R3=0x00000007 )
(             libc.so[0xCBC2B000])[15 00 00 0A ]0x0000D734:	BEQ	#0XCBC38790	;(PC=0xCBC38734 )
(             libc.so[0xCBC2B000])[0C E1 81 E0 ]0x0000D738:	ADD	LR, R1, IP, LSL #2	;(R1=0xCBC772F0 IP=0x00000000 )
(             libc.so[0xCBC2B000])[04 C0 9E E5 ]0x0000D73C:	LDR	IP, [LR, #4]	;(LR=0xCBC772F0 )
(             libc.so[0xCBC2B000])[1F E0 03 E2 ]0x0000D740:	AND	LR, R3, #0X1F	;(R3=0x00000007 )
(             libc.so[0xCBC2B000])[3C 0E A0 E1 ]0x0000D744:	LSR	R0, IP, LR	;(IP=0x000003FF LR=0x00000007 )
(             libc.so[0xCBC2B000])[01 20 10 E2 ]0x0000D748:	ANDS	R2, R0, #1	;(R0=0x00000007 )
(             libc.so[0xCBC2B000])[F5 FF FF 1A ]0x0000D74C:	BNE	#0XCBC38728	;(PC=0xCBC3874C )
(             libc.so[0xCBC2B000])[01 30 83 E2 ]0x0000D728:	ADD	R3, R3, #1	;(R3=0x00000007 )
(             libc.so[0xCBC2B000])[8C 00 53 E3 ]0x0000D72C:	CMP	R3, #0X8C	;(R3=0x00000008 )
(             libc.so[0xCBC2B000])[C3 C2 A0 E1 ]0x0000D730:	ASR	IP, R3, #5	;(R3=0x00000008 )
(             libc.so[0xCBC2B000])[15 00 00 0A ]0x0000D734:	BEQ	#0XCBC38790	;(PC=0xCBC38734 )
(             libc.so[0xCBC2B000])[0C E1 81 E0 ]0x0000D738:	ADD	LR, R1, IP, LSL #2	;(R1=0xCBC772F0 IP=0x00000000 )
(             libc.so[0xCBC2B000])[04 C0 9E E5 ]0x0000D73C:	LDR	IP, [LR, #4]	;(LR=0xCBC772F0 )
(             libc.so[0xCBC2B000])[1F E0 03 E2 ]0x0000D740:	AND	LR, R3, #0X1F	;(R3=0x00000008 )
(             libc.so[0xCBC2B000])[3C 0E A0 E1 ]0x0000D744:	LSR	R0, IP, LR	;(IP=0x000003FF LR=0x00000008 )
(             libc.so[0xCBC2B000])[01 20 10 E2 ]0x0000D748:	ANDS	R2, R0, #1	;(R0=0x00000003 )
(             libc.so[0xCBC2B000])[F5 FF FF 1A ]0x0000D74C:	BNE	#0XCBC38728	;(PC=0xCBC3874C )
(             libc.so[0xCBC2B000])[01 30 83 E2 ]0x0000D728:	ADD	R3, R3, #1	;(R3=0x00000008 )
(             libc.so[0xCBC2B000])[8C 00 53 E3 ]0x0000D72C:	CMP	R3, #0X8C	;(R3=0x00000009 )
(             libc.so[0xCBC2B000])[C3 C2 A0 E1 ]0x0000D730:	ASR	IP, R3, #5	;(R3=0x00000009 )
(             libc.so[0xCBC2B000])[15 00 00 0A ]0x0000D734:	BEQ	#0XCBC38790	;(PC=0xCBC38734 )
(             libc.so[0xCBC2B000])[0C E1 81 E0 ]0x0000D738:	ADD	LR, R1, IP, LSL #2	;(R1=0xCBC772F0 IP=0x00000000 )
(             libc.so[0xCBC2B000])[04 C0 9E E5 ]0x0000D73C:	LDR	IP, [LR, #4]	;(LR=0xCBC772F0 )
(             libc.so[0xCBC2B000])[1F E0 03 E2 ]0x0000D740:	AND	LR, R3, #0X1F	;(R3=0x00000009 )
(             libc.so[0xCBC2B000])[3C 0E A0 E1 ]0x0000D744:	LSR	R0, IP, LR	;(IP=0x000003FF LR=0x00000009 )
(             libc.so[0xCBC2B000])[01 20 10 E2 ]0x0000D748:	ANDS	R2, R0, #1	;(R0=0x00000001 )
(             libc.so[0xCBC2B000])[F5 FF FF 1A ]0x0000D74C:	BNE	#0XCBC38728	;(PC=0xCBC3874C )
(             libc.so[0xCBC2B000])[01 30 83 E2 ]0x0000D728:	ADD	R3, R3, #1	;(R3=0x00000009 )
(             libc.so[0xCBC2B000])[8C 00 53 E3 ]0x0000D72C:	CMP	R3, #0X8C	;(R3=0x0000000A )
(             libc.so[0xCBC2B000])[C3 C2 A0 E1 ]0x0000D730:	ASR	IP, R3, #5	;(R3=0x0000000A )
(             libc.so[0xCBC2B000])[15 00 00 0A ]0x0000D734:	BEQ	#0XCBC38790	;(PC=0xCBC38734 )
(             libc.so[0xCBC2B000])[0C E1 81 E0 ]0x0000D738:	ADD	LR, R1, IP, LSL #2	;(R1=0xCBC772F0 IP=0x00000000 )
(             libc.so[0xCBC2B000])[04 C0 9E E5 ]0x0000D73C:	LDR	IP, [LR, #4]	;(LR=0xCBC772F0 )
(             libc.so[0xCBC2B000])[1F E0 03 E2 ]0x0000D740:	AND	LR, R3, #0X1F	;(R3=0x0000000A )
(             libc.so[0xCBC2B000])[3C 0E A0 E1 ]0x0000D744:	LSR	R0, IP, LR	;(IP=0x000003FF LR=0x0000000A )
(             libc.so[0xCBC2B000])[01 20 10 E2 ]0x0000D748:	ANDS	R2, R0, #1	;(R0=0x00000000 )
(             libc.so[0xCBC2B000])[F5 FF FF 1A ]0x0000D74C:	BNE	#0XCBC38728	;(PC=0xCBC3874C )
(             libc.so[0xCBC2B000])[50 60 9F E5 ]0x0000D750:	LDR	R6, [PC, #0X50]	;(PC=0xCBC38750 )
(             libc.so[0xCBC2B000])[C3 72 A0 E1 ]0x0000D754:	ASR	R7, R3, #5	;(R3=0x0000000A )
(             libc.so[0xCBC2B000])[06 10 8F E0 ]0x0000D758:	ADD	R1, PC, R6	;(PC=0xCBC38758 R6=0x0003EB90 )
(             libc.so[0xCBC2B000])[06 60 83 E2 ]0x0000D75C:	ADD	R6, R3, #6	;(R3=0x0000000A )
(             libc.so[0xCBC2B000])[07 01 81 E0 ]0x0000D760:	ADD	R0, R1, R7, LSL #2	;(R1=0xCBC772F0 R7=0x00000000 )
(             libc.so[0xCBC2B000])[01 70 A0 E3 ]0x0000D764:	MOV	R7, #1
(             libc.so[0xCBC2B000])[06 51 81 E7 ]0x0000D768:	STR	R5, [R1, R6, LSL #2]	;(R5=0xCBC3E535 R1=0xCBC772F0 R6=0x00000010 )
(             libc.so[0xCBC2B000])[02 50 A0 E1 ]0x0000D76C:	MOV	R5, R2	;(R2=0x00000000 )
(             libc.so[0xCBC2B000])[17 EE 8C E1 ]0x0000D770:	ORR	LR, IP, R7, LSL LR	;(IP=0x000003FF R7=0x00000001 )
(             libc.so[0xCBC2B000])[04 E0 80 E5 ]0x0000D774:	STR	LR, [R0, #4]	;(LR=0x000007FF R0=0xCBC772F0 )
(             libc.so[0xCBC2B000])[00 30 84 E5 ]0x0000D778:	STR	R3, [R4]	;(R3=0x0000000A R4=0xCBC793AC )
(             libc.so[0xCBC2B000])[28 20 9F E5 ]0x0000D77C:	LDR	R2, [PC, #0X28]	;(PC=0xCBC3877C )
(             libc.so[0xCBC2B000])[02 00 8F E0 ]0x0000D780:	ADD	R0, PC, R2	;(PC=0xCBC38780 R2=0x0003EDB0 )
(             libc.so[0xCBC2B000])[55 04 00 EB ]0x0000D784:	BL	#0XCBC398E0	;(PC=0xCBC38784 )
(             libc.so[0xCBC2B000])[BE FF FF EA ]0x0000E8E0:	B	#0XCBC397E0 ; pthread_mutex_unlock	;(PC=0xCBC398E0 )
(             libc.so[0xCBC2B000])[70 40 2D E9 ]0x0000E7E0:	PUSH	{R4, R5, R6, LR}	;(SP=0x100FFFE8 R4=0xCBC793AC R5=0x00000000 R6=0x00000010 LR=0xCBC38788 )
(             libc.so[0xCBC2B000])[00 40 50 E2 ]0x0000E7E4:	SUBS	R4, R0, #0	;(R0=0xCBC77538 )
(             libc.so[0xCBC2B000])[08 D0 4D E2 ]0x0000E7E8:	SUB	SP, SP, #8	;(SP=0x100FFFD8 )
(             libc.so[0xCBC2B000])[2B 00 00 0A ]0x0000E7EC:	BEQ	#0XCBC398A0	;(PC=0xCBC397EC )
(             libc.so[0xCBC2B000])[00 50 94 E5 ]0x0000E7F0:	LDR	R5, [R4]	;(R4=0xCBC77538 )
(             libc.so[0xCBC2B000])[03 69 15 E2 ]0x0000E7F4:	ANDS	R6, R5, #0XC000	;(R5=0x00000001 )
(             libc.so[0xCBC2B000])[02 1A 05 E2 ]0x0000E7F8:	AND	R1, R5, #0X2000	;(R5=0x00000001 )
(             libc.so[0xCBC2B000])[11 00 00 1A ]0x0000E7FC:	BNE	#0XCBC39848	;(PC=0xCBC397FC )
(             libc.so[0xCBC2B000])[5F F0 7F F5 ]0x0000E800:	DMB	SY
(             libc.so[0xCBC2B000])[9F 2F 94 E1 ]0x0000E804:	LDREX	R2, [R4]	;(R4=0xCBC77538 )
(             libc.so[0xCBC2B000])[01 30 42 E2 ]0x0000E808:	SUB	R3, R2, #1	;(R2=0x00000001 )
(             libc.so[0xCBC2B000])[93 5F 84 E1 ]0x0000E80C:	STREX	R5, R3, [R4]	;(R3=0x00000000 R4=0xCBC77538 )
(             libc.so[0xCBC2B000])[00 00 55 E3 ]0x0000E810:	CMP	R5, #0	;(R5=0x00000000 )
(             libc.so[0xCBC2B000])[FA FF FF 1A ]0x0000E814:	BNE	#0XCBC39804	;(PC=0xCBC39814 )
(             libc.so[0xCBC2B000])[01 C0 81 E3 ]0x0000E818:	ORR	IP, R1, #1	;(R1=0x00000000 )
(             libc.so[0xCBC2B000])[0C 00 52 E1 ]0x0000E81C:	CMP	R2, IP	;(R2=0x00000001 IP=0x00000001 )
(             libc.so[0xCBC2B000])[06 00 00 0A ]0x0000E820:	BEQ	#0XCBC39840	;(PC=0xCBC39820 )
(             libc.so[0xCBC2B000])[00 00 A0 E3 ]0x0000E840:	MOV	R0, #0
(             libc.so[0xCBC2B000])[FB FF FF EA ]0x0000E844:	B	#0XCBC39838	;(PC=0xCBC39844 )
(             libc.so[0xCBC2B000])[08 D0 8D E2 ]0x0000E838:	ADD	SP, SP, #8	;(SP=0x100FFFD0 )
(             libc.so[0xCBC2B000])[70 80 BD E8 ]0x0000E83C:	POP	{R4, R5, R6, PC}	;(SP=0x100FFFD8 )
(             libc.so[0xCBC2B000])[05 00 A0 E1 ]0x0000D788:	MOV	R0, R5	;(R5=0x00000000 )
(             libc.so[0xCBC2B000])[F8 80 BD E8 ]0x0000D78C:	POP	{R3, R4, R5, R6, R7, PC}	;(SP=0x100FFFE8 )
(             libc.so[0xCBC2B000])[08 B5       ]0x0002520C:	PUSH	{R3, LR}	;(SP=0x10100000 R3=0x00000000 LR=0x01189A27 )
(             libc.so[0xCBC2B000])[FF F7 CB FF ]0x0002520E:	BL	#0XCBC501A8	;(PC=0xCBC5020E )
(             libc.so[0xCBC2B000])[07 B5       ]0x000251A8:	PUSH	{R0, R1, R2, LR}	;(SP=0x100FFFF8 R0=0x00000000 R1=0x00000000 R2=0x00000001 LR=0xCBC50213 )
(             libc.so[0xCBC2B000])[01 20       ]0x000251AA:	MOVS	R0, #1
(             libc.so[0xCBC2B000])[69 46       ]0x000251AC:	MOV	R1, SP	;(SP=0x100FFFE8 )
(             libc.so[0xCBC2B000])[FB F7 74 EE ]0x000251AE:	BLX	#0XCBC4BE98	;(PC=0xCBC501AE )
(             libc.so[0xCBC2B000])[07 C0 A0 E1 ]0x00020E98:	MOV	IP, R7 ; clock_gettime	;(R7=0x00000000 )
(             libc.so[0xCBC2B000])[14 70 9F E5 ]0x00020E9C:	LDR	R7, [PC, #0X14]	;(PC=0xCBC4BE9C )
(             libc.so[0xCBC2B000])[00 00 00 EF ]0x00020EA0:	SVC	#0	;(PC=0xCBC4BEA0 )
(             libc.so[0xCBC2B000])[0C 70 A0 E1 ]0x00020EA4:	MOV	R7, IP	;(IP=0x00000000 )
(             libc.so[0xCBC2B000])[01 0A 70 E3 ]0x00020EA8:	CMN	R0, #0X1000	;(R0=0x00000000 )
(             libc.so[0xCBC2B000])[1E FF 2F 91 ]0x00020EAC:	BXLS	LR
(             libc.so[0xCBC2B000])[00 9B       ]0x000251B2:	LDR	R3, [SP]	;(SP=0x100FFFE8 )
(             libc.so[0xCBC2B000])[9D ED 01 0A ]0x000251B4:	VLDR	S0, [SP, #4]	;(SP=0x100FFFE8 )
(             libc.so[0xCBC2B000])[0B 4A       ]0x000251B8:	LDR	R2, [PC, #0X2C]	;(PC=0xCBC501B8 )
(             libc.so[0xCBC2B000])[F8 EE C0 2B ]0x000251BA:	VCVT.F64.S32	D18, S0	;(S0=0x00000000 )
(             libc.so[0xCBC2B000])[5A 43       ]0x000251BE:	MULS	R2, R3, R2	;(R2=0x000F4240 R3=0x5E46928D )
(             libc.so[0xCBC2B000])[07 EE 90 2A ]0x000251C0:	VMOV	S15, R2	;(R2=0x59AFFD40 )
(             libc.so[0xCBC2B000])[DF ED 06 1B ]0x000251C4:	VLDR	D17, [PC, #0X18]	;(PC=0xCBC501C4 )
(             libc.so[0xCBC2B000])[F8 EE E7 0B ]0x000251C8:	VCVT.F64.S32	D16, S15	;(S15=0x00000000 )
(             libc.so[0xCBC2B000])[42 EE A1 0B ]0x000251CC:	VMLA.F64	D16, D18, D17	;(D16=0x41D66BFF50000000 D18=0x00000000 D17=0x3F50624DD2F1A9FC )
(             libc.so[0xCBC2B000])[FD EE E0 0B ]0x000251D0:	VCVT.S32.F64	S1, D16	;(D16=0x41D66BFF50000000 )
(             libc.so[0xCBC2B000])[10 EE 90 0A ]0x000251D4:	VMOV	R0, S1	;(S1=0x00000000 )
(             libc.so[0xCBC2B000])[0E BD       ]0x000251D8:	POP	{R1, R2, R3, PC}	;(SP=0x100FFFE8 )
(             libc.so[0xCBC2B000])[02 4B       ]0x00025212:	LDR	R3, [PC, #8]	;(PC=0xCBC50212 )
(             libc.so[0xCBC2B000])[7B 44       ]0x00025214:	ADD	R3, PC	;(R3=0x00032A0C PC=0xCBC50214 )
(             libc.so[0xCBC2B000])[18 60       ]0x00025216:	STR	R0, [R3]	;(R0=0x59AFFD40 R3=0xCBC82C24 )
(             libc.so[0xCBC2B000])[08 BD       ]0x00025218:	POP	{R3, PC}	;(SP=0x100FFFF8 )
(  libmakeurl2.4.9.so[0xCBBCB000])[B0 B5       ]0x00001600:	PUSH	{R4, R5, R7, LR}	;(SP=0x10100000 R4=0x00000000 R5=0x00000000 R7=0x00000000 LR=0x01023381 )
(  libmakeurl2.4.9.so[0xCBBCB000])[02 AF       ]0x00001602:	ADD	R7, SP, #8	;(SP=0x100FFFF0 )
(  libmakeurl2.4.9.so[0xCBBCB000])[14 20       ]0x00001604:	MOVS	R0, #0X14
(  libmakeurl2.4.9.so[0xCBBCB000])[FF F7 3A EF ]0x00001606:	BLX	#0XCBBCC47C	;(PC=0xCBBCC606 )
(  libmakeurl2.4.9.so[0xCBBCB000])[00 C6 8F E2 ]0x0000147C:	ADD	IP, PC, #0, #12	;(PC=0xCBBCC47C )
(  libmakeurl2.4.9.so[0xCBBCB000])[43 CA 8C E2 ]0x00001480:	ADD	IP, IP, #0X43000	;(IP=0xCBBCC484 )
(  libmakeurl2.4.9.so[0xCBBCB000])[00 FB BC E5 ]0x00001484:	LDR	PC, [IP, #0XB00]!	;(IP=0xCBC0F484 )
(        libstdc++.so[0xCBC8F000])[08 B5       ]0x00000918:	PUSH	{R3, LR} ; _Znaj	;(SP=0x100FFFF0 R3=0x00000000 LR=0xCBBCC60B )
(        libstdc++.so[0xCBC8F000])[FF F7 6E EF ]0x0000091A:	BLX	#0XCBC8F7F8	;(PC=0xCBC8F91A )
(        libstdc++.so[0xCBC8F000])[00 C6 8F E2 ]0x000007F8:	ADD	IP, PC, #0, #12	;(PC=0xCBC8F7F8 )
(        libstdc++.so[0xCBC8F000])[01 CA 8C E2 ]0x000007FC:	ADD	IP, IP, #0X1000	;(IP=0xCBC8F800 )
(        libstdc++.so[0xCBC8F000])[F0 F7 BC E5 ]0x00000800:	LDR	PC, [IP, #0X7F0]!	;(IP=0xCBC90800 )
(             libc.so[0xCBC2B000])[08 B5       ]0x0000DBEC:	PUSH	{R3, LR} ; malloc	;(SP=0x100FFFE8 R3=0x00000000 LR=0xCBC8F91F )
(             libc.so[0xCBC2B000])[03 4B       ]0x0000DBEE:	LDR	R3, [PC, #0XC]	;(PC=0xCBC38BEE )
(             libc.so[0xCBC2B000])[7B 44       ]0x0000DBF0:	ADD	R3, PC	;(R3=0x0003C40C PC=0xCBC38BF0 )
(             libc.so[0xCBC2B000])[19 68       ]0x0000DBF2:	LDR	R1, [R3]	;(R3=0xCBC75000 )
(             libc.so[0xCBC2B000])[0A 68       ]0x0000DBF4:	LDR	R2, [R1]	;(R1=0xCBC74E00 )
(             libc.so[0xCBC2B000])[90 47       ]0x0000DBF6:	BLX	R2	;(PC=0xCBC38BF6 R2=0xCBC3ADCD )
(             libc.so[0xCBC2B000])[DF F8 A4 3B ]0x0000FDCC:	LDR.W	R3, [PC, #0XBA4] ; dlmalloc	;(PC=0xCBC3ADCC )
(             libc.so[0xCBC2B000])[2D E9 F7 4F ]0x0000FDD0:	PUSH.W	{R0, R1, R2, R4, R5, R6, R7, R8, SB, SL, FP, LR}	;(SP=0x100FFFE0 R0=0x00000014 R1=0xCBC74E00 R2=0xCBC3ADCD R4=0x00000000 R5=0x00000000 R6=0x00000000 R7=0x100FFFF8 R8=0x00000000 SB=0x00000000 SL=0x00000000 FP=0x00000000 LR=0xCBC38BF9 )
(             libc.so[0xCBC2B000])[7B 44       ]0x0000FDD4:	ADD	R3, PC	;(R3=0x0003E588 PC=0xCBC3ADD4 )
(             libc.so[0xCBC2B000])[04 46       ]0x0000FDD6:	MOV	R4, R0	;(R0=0x00000014 )
(             libc.so[0xCBC2B000])[18 68       ]0x0000FDD8:	LDR	R0, [R3]	;(R3=0xCBC79360 )
(             libc.so[0xCBC2B000])[08 B9       ]0x0000FDDA:	CBNZ	R0, #0XCBC3ADE0	;(R0=0x00000000 )
(             libc.so[0xCBC2B000])[FF F7 42 FD ]0x0000FDDC:	BL	#0XCBC3A864	;(PC=0xCBC3ADDC )
(             libc.so[0xCBC2B000])[38 B5       ]0x0000F864:	PUSH	{R3, R4, R5, LR}	;(SP=0x100FFFB0 R3=0xCBC79360 R4=0x00000014 R5=0x00000000 LR=0xCBC3ADE1 )
(             libc.so[0xCBC2B000])[1F 4C       ]0x0000F866:	LDR	R4, [PC, #0X7C]	;(PC=0xCBC3A866 )
(             libc.so[0xCBC2B000])[1F 48       ]0x0000F868:	LDR	R0, [PC, #0X7C]	;(PC=0xCBC3A868 )
(             libc.so[0xCBC2B000])[7C 44       ]0x0000F86A:	ADD	R4, PC	;(R4=0x0003EAF2 PC=0xCBC3A86A )
(             libc.so[0xCBC2B000])[78 44       ]0x0000F86C:	ADD	R0, PC	;(R0=0x0003EAEC PC=0xCBC3A86C )
(             libc.so[0xCBC2B000])[FE F7 B6 EF ]0x0000F86E:	BLX	#0XCBC397DC	;(PC=0xCBC3A86E )
(             libc.so[0xCBC2B000])[90 FF FF EA ]0x0000E7DC:	B	#0XCBC39624 ; pthread_mutex_lock	;(PC=0xCBC397DC )
(             libc.so[0xCBC2B000])[F0 41 2D E9 ]0x0000E624:	PUSH	{R4, R5, R6, R7, R8, LR}	;(SP=0x100FFFA0 R4=0xCBC79360 R5=0x00000000 R6=0x00000000 R7=0x100FFFF8 R8=0x00000000 LR=0xCBC3A873 )
(             libc.so[0xCBC2B000])[00 40 50 E2 ]0x0000E628:	SUBS	R4, R0, #0	;(R0=0xCBC7935C )
(             libc.so[0xCBC2B000])[1B 00 00 0A ]0x0000E62C:	BEQ	#0XCBC396A0	;(PC=0xCBC3962C )
(             libc.so[0xCBC2B000])[00 50 94 E5 ]0x0000E630:	LDR	R5, [R4]	;(R4=0xCBC7935C )
(             libc.so[0xCBC2B000])[03 79 15 E2 ]0x0000E634:	ANDS	R7, R5, #0XC000	;(R5=0x00000000 )
(             libc.so[0xCBC2B000])[02 6A 05 E2 ]0x0000E638:	AND	R6, R5, #0X2000	;(R5=0x00000000 )
(             libc.so[0xCBC2B000])[19 00 00 1A ]0x0000E63C:	BNE	#0XCBC396A8	;(PC=0xCBC3963C )
(             libc.so[0xCBC2B000])[01 00 86 E3 ]0x0000E640:	ORR	R0, R6, #1	;(R6=0x00000000 )
(             libc.so[0xCBC2B000])[9F 3F 94 E1 ]0x0000E644:	LDREX	R3, [R4]	;(R4=0xCBC7935C )
(             libc.so[0xCBC2B000])[00 10 A0 E3 ]0x0000E648:	MOV	R1, #0
(             libc.so[0xCBC2B000])[06 00 33 E1 ]0x0000E64C:	TEQ	R3, R6	;(R3=0x00000000 R6=0x00000000 )
(             libc.so[0xCBC2B000])[90 1F 84 01 ]0x0000E650:	STREXEQ	R1, R0, [R4]	;(R0=0x00000001 R4=0xCBC7935C )
(             libc.so[0xCBC2B000])[00 00 51 E3 ]0x0000E654:	CMP	R1, #0	;(R1=0x00000000 )
(             libc.so[0xCBC2B000])[F9 FF FF 1A ]0x0000E658:	BNE	#0XCBC39644	;(PC=0xCBC39658 )
(             libc.so[0xCBC2B000])[03 00 56 E1 ]0x0000E65C:	CMP	R6, R3	;(R6=0x00000000 R3=0x00000000 )
(             libc.so[0xCBC2B000])[02 50 86 13 ]0x0000E660:	ORRNE	R5, R6, #2	;(R6=0x00000000 )
(             libc.so[0xCBC2B000])[01 00 00 1A ]0x0000E664:	BNE	#0XCBC39670	;(PC=0xCBC39664 )
(             libc.so[0xCBC2B000])[09 00 00 EA ]0x0000E668:	B	#0XCBC39694	;(PC=0xCBC39668 )
(             libc.so[0xCBC2B000])[5F F0 7F F5 ]0x0000E694:	DMB	SY
(             libc.so[0xCBC2B000])[00 00 A0 E3 ]0x0000E698:	MOV	R0, #0
(             libc.so[0xCBC2B000])[F0 81 BD E8 ]0x0000E69C:	POP	{R4, R5, R6, R7, R8, PC}	;(SP=0x100FFF88 )
(             libc.so[0xCBC2B000])[23 68       ]0x0000F872:	LDR	R3, [R4]	;(R4=0xCBC79360 )
(             libc.so[0xCBC2B000])[2B BB       ]0x0000F874:	CBNZ	R3, #0XCBC3A8C2	;(R3=0x00000000 )
(             libc.so[0xCBC2B000])[28 20       ]0x0000F876:	MOVS	R0, #0X28
(             libc.so[0xCBC2B000])[04 F0 38 FA ]0x0000F878:	BL	#0XCBC3ECEC	;(PC=0xCBC3A878 )
(             libc.so[0xCBC2B000])[7F B5       ]0x00013CEC:	PUSH	{R0, R1, R2, R3, R4, R5, R6, LR} ; sysconf	;(SP=0x100FFFA0 R0=0x00000028 R1=0x00000000 R2=0xCBC3ADCD R3=0x00000000 R4=0xCBC79360 R5=0x00000000 R6=0x00000000 LR=0xCBC3A87D )
(             libc.so[0xCBC2B000])[64 28       ]0x00013CEE:	CMP	R0, #0X64	;(R0=0x00000028 )
(             libc.so[0xCBC2B000])[00 F2 9C 80 ]0x00013CF0:	BHI.W	#0XCBC3EE2C
(             libc.so[0xCBC2B000])[DF E8 00 F0 ]0x00013CF4:	TBB	[PC, R0]	;(PC=0xCBC3ECF4 R0=0x00000028 )
(             libc.so[0xCBC2B000])[4F F4 80 54 ]0x00013D5E:	MOV.W	R4, #0X1000
(             libc.so[0xCBC2B000])[71 E0       ]0x00013D62:	B	#0XCBC3EE48
(             libc.so[0xCBC2B000])[20 46       ]0x00013E48:	MOV	R0, R4	;(R4=0x00001000 )
(             libc.so[0xCBC2B000])[04 B0       ]0x00013E4A:	ADD	SP, #0X10	;(SP=0x100FFF80 )
(             libc.so[0xCBC2B000])[70 BD       ]0x00013E4C:	POP	{R4, R5, R6, PC}	;(SP=0x100FFF90 )
(             libc.so[0xCBC2B000])[01 46       ]0x0000F87C:	MOV	R1, R0	;(R0=0x00001000 )
(             libc.so[0xCBC2B000])[01 38       ]0x0000F87E:	SUBS	R0, #1	;(R0=0x00001000 )
(             libc.so[0xCBC2B000])[10 EA 01 05 ]0x0000F880:	ANDS.W	R5, R0, R1	;(R0=0x00000FFF R1=0x00001000 )
(             libc.so[0xCBC2B000])[01 D0       ]0x0000F884:	BEQ	#0XCBC3A88A
(             libc.so[0xCBC2B000])[18 48       ]0x0000F88A:	LDR	R0, [PC, #0X60]	;(PC=0xCBC3A88A )
(             libc.so[0xCBC2B000])[4F F4 80 32 ]0x0000F88C:	MOV.W	R2, #0X10000
(             libc.so[0xCBC2B000])[4F F4 00 13 ]0x0000F890:	MOV.W	R3, #0X200000
(             libc.so[0xCBC2B000])[E2 60       ]0x0000F894:	STR	R2, [R4, #0XC]	;(R2=0x00010000 R4=0xCBC79360 )
(             libc.so[0xCBC2B000])[78 44       ]0x0000F896:	ADD	R0, PC	;(R0=0x0003E8E6 PC=0xCBC3A896 )
(             libc.so[0xCBC2B000])[23 61       ]0x0000F898:	STR	R3, [R4, #0X10]	;(R3=0x00200000 R4=0xCBC79360 )
(             libc.so[0xCBC2B000])[A1 60       ]0x0000F89A:	STR	R1, [R4, #8]	;(R1=0x00001000 R4=0xCBC79360 )
(             libc.so[0xCBC2B000])[61 60       ]0x0000F89C:	STR	R1, [R4, #4]	;(R1=0x00001000 R4=0xCBC79360 )
(             libc.so[0xCBC2B000])[03 21       ]0x0000F89E:	MOVS	R1, #3
(             libc.so[0xCBC2B000])[61 61       ]0x0000F8A0:	STR	R1, [R4, #0X14]	;(R1=0x00000003 R4=0xCBC79360 )
(             libc.so[0xCBC2B000])[C0 F8 BC 11 ]0x0000F8A2:	STR.W	R1, [R0, #0X1BC]	;(R1=0x00000003 R0=0xCBC79180 )
(             libc.so[0xCBC2B000])[FF F7 C1 FF ]0x0000F8A6:	BL	#0XCBC3A82C	;(PC=0xCBC3A8A6 )
(             libc.so[0xCBC2B000])[07 B5       ]0x0000F82C:	PUSH	{R0, R1, R2, LR}	;(SP=0x100FFFA0 R0=0xCBC79180 R1=0x00000003 R2=0x00010000 LR=0xCBC3A8AB )
(             libc.so[0xCBC2B000])[01 A8       ]0x0000F82E:	ADD	R0, SP, #4	;(SP=0x100FFF90 )
(             libc.so[0xCBC2B000])[FE F7 3C EE ]0x0000F830:	BLX	#0XCBC394AC	;(PC=0xCBC3A830 )
(             libc.so[0xCBC2B000])[00 30 50 E2 ]0x0000E4AC:	SUBS	R3, R0, #0 ; pthread_rwlockattr_init	;(R0=0x100FFF94 )
(             libc.so[0xCBC2B000])[00 00 A0 13 ]0x0000E4B0:	MOVNE	R0, #0
(             libc.so[0xCBC2B000])[00 00 83 15 ]0x0000E4B4:	STRNE	R0, [R3]	;(R0=0x00000000 R3=0x100FFF94 )
(             libc.so[0xCBC2B000])[16 00 A0 03 ]0x0000E4B8:	MOVEQ	R0, #0X16
(             libc.so[0xCBC2B000])[1E FF 2F E1 ]0x0000E4BC:	BX	LR
(             libc.so[0xCBC2B000])[08 B1       ]0x0000F834:	CBZ	R0, #0XCBC3A83A	;(R0=0x00000000 )
(             libc.so[0xCBC2B000])[08 48       ]0x0000F83A:	LDR	R0, [PC, #0X20]	;(PC=0xCBC3A83A )
(             libc.so[0xCBC2B000])[01 A9       ]0x0000F83C:	ADD	R1, SP, #4	;(SP=0x100FFF90 )
(             libc.so[0xCBC2B000])[78 44       ]0x0000F83E:	ADD	R0, PC	;(R0=0x0003E93E PC=0xCBC3A83E )
(             libc.so[0xCBC2B000])[00 F5 E0 70 ]0x0000F840:	ADD.W	R0, R0, #0X1C0	;(R0=0xCBC79180 )
(             libc.so[0xCBC2B000])[FE F7 B8 EE ]0x0000F844:	BLX	#0XCBC395B8	;(PC=0xCBC3A844 )
(             libc.so[0xCBC2B000])[00 00 50 E3 ]0x0000E5B8:	CMP	R0, #0 ; pthread_mutex_init	;(R0=0xCBC79340 )
(             libc.so[0xCBC2B000])[04 00 00 0A ]0x0000E5BC:	BEQ	#0XCBC395D4	;(PC=0xCBC395BC )
(             libc.so[0xCBC2B000])[00 00 51 E3 ]0x0000E5C0:	CMP	R1, #0	;(R1=0x100FFF94 )
(             libc.so[0xCBC2B000])[04 00 00 1A ]0x0000E5C4:	BNE	#0XCBC395DC	;(PC=0xCBC395C4 )
(             libc.so[0xCBC2B000])[00 20 91 E5 ]0x0000E5DC:	LDR	R2, [R1]	;(R1=0x100FFF94 )
(             libc.so[0xCBC2B000])[10 00 12 E3 ]0x0000E5E0:	TST	R2, #0X10	;(R2=0x00000000 )
(             libc.so[0xCBC2B000])[0F 10 02 E2 ]0x0000E5E4:	AND	R1, R2, #0XF	;(R2=0x00000000 )
(             libc.so[0xCBC2B000])[00 30 A0 03 ]0x0000E5E8:	MOVEQ	R3, #0
(             libc.so[0xCBC2B000])[02 3A A0 13 ]0x0000E5EC:	MOVNE	R3, #0X2000
(             libc.so[0xCBC2B000])[01 00 51 E3 ]0x0000E5F0:	CMP	R1, #1	;(R1=0x00000000 )
(             libc.so[0xCBC2B000])[06 00 00 0A ]0x0000E5F4:	BEQ	#0XCBC39614	;(PC=0xCBC395F4 )
(             libc.so[0xCBC2B000])[02 00 51 E3 ]0x0000E5F8:	CMP	R1, #2	;(R1=0x00000000 )
(             libc.so[0xCBC2B000])[06 00 00 0A ]0x0000E5FC:	BEQ	#0XCBC3961C	;(PC=0xCBC395FC )
(             libc.so[0xCBC2B000])[00 00 51 E3 ]0x0000E600:	CMP	R1, #0	;(R1=0x00000000 )
(             libc.so[0xCBC2B000])[F2 FF FF 1A ]0x0000E604:	BNE	#0XCBC395D4	;(PC=0xCBC39604 )
(             libc.so[0xCBC2B000])[00 30 80 E5 ]0x0000E608:	STR	R3, [R0]	;(R3=0x00000000 R0=0xCBC79340 )
(             libc.so[0xCBC2B000])[00 00 A0 E3 ]0x0000E60C:	MOV	R0, #0
(             libc.so[0xCBC2B000])[1E FF 2F E1 ]0x0000E610:	BX	LR
(             libc.so[0xCBC2B000])[00 28       ]0x0000F848:	CMP	R0, #0	;(R0=0x00000000 )
(             libc.so[0xCBC2B000])[F4 D1       ]0x0000F84A:	BNE	#0XCBC3A836
(             libc.so[0xCBC2B000])[01 A8       ]0x0000F84C:	ADD	R0, SP, #4	;(SP=0x100FFF90 )
(             libc.so[0xCBC2B000])[FE F7 38 EE ]0x0000F84E:	BLX	#0XCBC394C0	;(PC=0xCBC3A84E )
(             libc.so[0xCBC2B000])[00 30 50 E2 ]0x0000E4C0:	SUBS	R3, R0, #0 ; pthread_rwlockattr_destroy	;(R0=0x100FFF94 )
(             libc.so[0xCBC2B000])[00 00 A0 13 ]0x0000E4C4:	MOVNE	R0, #0
(             libc.so[0xCBC2B000])[00 20 E0 13 ]0x0000E4C8:	MVNNE	R2, #0
(             libc.so[0xCBC2B000])[00 20 83 15 ]0x0000E4CC:	STRNE	R2, [R3]	;(R2=0xFFFFFFFF R3=0x100FFF94 )
(             libc.so[0xCBC2B000])[16 00 A0 03 ]0x0000E4D0:	MOVEQ	R0, #0X16
(             libc.so[0xCBC2B000])[1E FF 2F E1 ]0x0000E4D4:	BX	LR
(             libc.so[0xCBC2B000])[00 30       ]0x0000F852:	ADDS	R0, #0	;(R0=0x00000000 )
(             libc.so[0xCBC2B000])[18 BF       ]0x0000F854:	IT	NE
(             libc.so[0xCBC2B000])[0E BD       ]0x0000F858:	POP	{R1, R2, R3, PC}	;(SP=0x100FFF90 )
(             libc.so[0xCBC2B000])[28 46       ]0x0000F8AA:	MOV	R0, R5	;(R5=0x00000000 )
(             libc.so[0xCBC2B000])[15 F0 A0 FC ]0x0000F8AC:	BL	#0XCBC501F0	;(PC=0xCBC3A8AC )
(             libc.so[0xCBC2B000])[13 B5       ]0x000251F0:	PUSH	{R0, R1, R4, LR} ; time	;(SP=0x100FFFA0 R0=0x00000000 R1=0xCBC79180 R4=0xCBC79360 LR=0xCBC3A8B1 )
(             libc.so[0xCBC2B000])[00 21       ]0x000251F2:	MOVS	R1, #0
(             libc.so[0xCBC2B000])[04 46       ]0x000251F4:	MOV	R4, R0	;(R0=0x00000000 )
(             libc.so[0xCBC2B000])[68 46       ]0x000251F6:	MOV	R0, SP	;(SP=0x100FFF90 )
(             libc.so[0xCBC2B000])[FB F7 0E EE ]0x000251F8:	BLX	#0XCBC4BE18	;(PC=0xCBC501F8 )
(             libc.so[0xCBC2B000])[07 C0 A0 E1 ]0x00020E18:	MOV	IP, R7 ; gettimeofday	;(R7=0x100FFFF8 )
(             libc.so[0xCBC2B000])[4E 70 A0 E3 ]0x00020E1C:	MOV	R7, #0X4E
(             libc.so[0xCBC2B000])[00 00 00 EF ]0x00020E20:	SVC	#0	;(PC=0xCBC4BE20 )
(             libc.so[0xCBC2B000])[0C 70 A0 E1 ]0x00020E24:	MOV	R7, IP	;(IP=0x100FFFF8 )
(             libc.so[0xCBC2B000])[01 0A 70 E3 ]0x00020E28:	CMN	R0, #0X1000	;(R0=0x00000000 )
(             libc.so[0xCBC2B000])[1E FF 2F 91 ]0x00020E2C:	BXLS	LR
(             libc.so[0xCBC2B000])[00 28       ]0x000251FC:	CMP	R0, #0	;(R0=0x00000000 )
(             libc.so[0xCBC2B000])[AC BF       ]0x000251FE:	ITE	GE
(             libc.so[0xCBC2B000])[00 98       ]0x00025200:	LDR	R0, [SP]	;(SP=0x100FFF90 )
(             libc.so[0xCBC2B000])[04 B1       ]0x00025206:	CBZ	R4, #0XCBC5020A	;(R4=0x00000000 )
(             libc.so[0xCBC2B000])[1C BD       ]0x0002520A:	POP	{R2, R3, R4, PC}	;(SP=0x100FFF90 )
(             libc.so[0xCBC2B000])[80 F0 55 32 ]0x0000F8B0:	EOR	R2, R0, #0X55555555	;(R0=0x5E46928D )
(             libc.so[0xCBC2B000])[42 F0 08 0C ]0x0000F8B4:	ORR	IP, R2, #8	;(R2=0x0B13C7D8 )
(             libc.so[0xCBC2B000])[2C F0 07 03 ]0x0000F8B8:	BIC	R3, IP, #7	;(IP=0x0B13C7D8 )
(             libc.so[0xCBC2B000])[23 60       ]0x0000F8BC:	STR	R3, [R4]	;(R3=0x0B13C7D8 R4=0xCBC79360 )
(             libc.so[0xCBC2B000])[01 24       ]0x0000F8BE:	MOVS	R4, #1
(             libc.so[0xCBC2B000])[00 E0       ]0x0000F8C0:	B	#0XCBC3A8C4
(             libc.so[0xCBC2B000])[0A 48       ]0x0000F8C4:	LDR	R0, [PC, #0X28]	;(PC=0xCBC3A8C4 )
(             libc.so[0xCBC2B000])[78 44       ]0x0000F8C6:	ADD	R0, PC	;(R0=0x0003EA92 PC=0xCBC3A8C6 )
(             libc.so[0xCBC2B000])[FF F7 0A E8 ]0x0000F8C8:	BLX	#0XCBC398E0	;(PC=0xCBC3A8C8 )
(             libc.so[0xCBC2B000])[BE FF FF EA ]0x0000E8E0:	B	#0XCBC397E0 ; pthread_mutex_unlock	;(PC=0xCBC398E0 )
(             libc.so[0xCBC2B000])[70 40 2D E9 ]0x0000E7E0:	PUSH	{R4, R5, R6, LR}	;(SP=0x100FFFA0 R4=0x00000001 R5=0x00000000 R6=0x00000000 LR=0xCBC3A8CD )
(             libc.so[0xCBC2B000])[00 40 50 E2 ]0x0000E7E4:	SUBS	R4, R0, #0	;(R0=0xCBC7935C )
(             libc.so[0xCBC2B000])[08 D0 4D E2 ]0x0000E7E8:	SUB	SP, SP, #8	;(SP=0x100FFF90 )
(             libc.so[0xCBC2B000])[2B 00 00 0A ]0x0000E7EC:	BEQ	#0XCBC398A0	;(PC=0xCBC397EC )
(             libc.so[0xCBC2B000])[00 50 94 E5 ]0x0000E7F0:	LDR	R5, [R4]	;(R4=0xCBC7935C )
(             libc.so[0xCBC2B000])[03 69 15 E2 ]0x0000E7F4:	ANDS	R6, R5, #0XC000	;(R5=0x00000001 )
(             libc.so[0xCBC2B000])[02 1A 05 E2 ]0x0000E7F8:	AND	R1, R5, #0X2000	;(R5=0x00000001 )
(             libc.so[0xCBC2B000])[11 00 00 1A ]0x0000E7FC:	BNE	#0XCBC39848	;(PC=0xCBC397FC )
(             libc.so[0xCBC2B000])[5F F0 7F F5 ]0x0000E800:	DMB	SY
(             libc.so[0xCBC2B000])[9F 2F 94 E1 ]0x0000E804:	LDREX	R2, [R4]	;(R4=0xCBC7935C )
(             libc.so[0xCBC2B000])[01 30 42 E2 ]0x0000E808:	SUB	R3, R2, #1	;(R2=0x00000001 )
(             libc.so[0xCBC2B000])[93 5F 84 E1 ]0x0000E80C:	STREX	R5, R3, [R4]	;(R3=0x00000000 R4=0xCBC7935C )
(             libc.so[0xCBC2B000])[00 00 55 E3 ]0x0000E810:	CMP	R5, #0	;(R5=0x00000000 )
(             libc.so[0xCBC2B000])[FA FF FF 1A ]0x0000E814:	BNE	#0XCBC39804	;(PC=0xCBC39814 )
(             libc.so[0xCBC2B000])[01 C0 81 E3 ]0x0000E818:	ORR	IP, R1, #1	;(R1=0x00000000 )
(             libc.so[0xCBC2B000])[0C 00 52 E1 ]0x0000E81C:	CMP	R2, IP	;(R2=0x00000001 IP=0x00000001 )
(             libc.so[0xCBC2B000])[06 00 00 0A ]0x0000E820:	BEQ	#0XCBC39840	;(PC=0xCBC39820 )
(             libc.so[0xCBC2B000])[00 00 A0 E3 ]0x0000E840:	MOV	R0, #0
(             libc.so[0xCBC2B000])[FB FF FF EA ]0x0000E844:	B	#0XCBC39838	;(PC=0xCBC39844 )
(             libc.so[0xCBC2B000])[08 D0 8D E2 ]0x0000E838:	ADD	SP, SP, #8	;(SP=0x100FFF88 )
(             libc.so[0xCBC2B000])[70 80 BD E8 ]0x0000E83C:	POP	{R4, R5, R6, PC}	;(SP=0x100FFF90 )
(             libc.so[0xCBC2B000])[3C B1       ]0x0000F8CC:	CBZ	R4, #0XCBC3A8DE	;(R4=0x00000001 )
(             libc.so[0xCBC2B000])[09 48       ]0x0000F8CE:	LDR	R0, [PC, #0X24]	;(PC=0xCBC3A8CE )
(             libc.so[0xCBC2B000])[09 49       ]0x0000F8D0:	LDR	R1, [PC, #0X24]	;(PC=0xCBC3A8D0 )
(             libc.so[0xCBC2B000])[0A 4A       ]0x0000F8D2:	LDR	R2, [PC, #0X28]	;(PC=0xCBC3A8D2 )
(             libc.so[0xCBC2B000])[78 44       ]0x0000F8D4:	ADD	R0, PC	;(R0=0xFFFFF811 PC=0xCBC3A8D4 )
(             libc.so[0xCBC2B000])[79 44       ]0x0000F8D6:	ADD	R1, PC	;(R1=0xFFFFF81F PC=0xCBC3A8D6 )
(             libc.so[0xCBC2B000])[7A 44       ]0x0000F8D8:	ADD	R2, PC	;(R2=0xFFFFFF85 PC=0xCBC3A8D8 )
(             libc.so[0xCBC2B000])[13 F0 82 ED ]0x0000F8DA:	BLX	#0XCBC4E3E0	;(PC=0xCBC3A8DA )
(             libc.so[0xCBC2B000])[F8 40 2D E9 ]0x000233E0:	PUSH	{R3, R4, R5, R6, R7, LR} ; pthread_atfork	;(SP=0x100FFFA0 R3=0x00000000 R4=0x00000001 R5=0x00000000 R6=0x00000000 R7=0x100FFFF8 LR=0xCBC3A8DF )
(             libc.so[0xCBC2B000])[00 70 A0 E1 ]0x000233E4:	MOV	R7, R0	;(R0=0xCBC3A0E9 )
(             libc.so[0xCBC2B000])[14 00 A0 E3 ]0x000233E8:	MOV	R0, #0X14
(             libc.so[0xCBC2B000])[01 60 A0 E1 ]0x000233EC:	MOV	R6, R1	;(R1=0xCBC3A0F9 )
(             libc.so[0xCBC2B000])[02 50 A0 E1 ]0x000233F0:	MOV	R5, R2	;(R2=0xCBC3A861 )
(             libc.so[0xCBC2B000])[FC A9 FF FA ]0x000233F4:	BLX	#0XCBC38BEC	;(PC=0xCBC4E3F4 )
(             libc.so[0xCBC2B000])[08 B5       ]0x0000DBEC:	PUSH	{R3, LR} ; malloc	;(SP=0x100FFF88 R3=0x00000000 LR=0xCBC4E3F8 )
(             libc.so[0xCBC2B000])[03 4B       ]0x0000DBEE:	LDR	R3, [PC, #0XC]	;(PC=0xCBC38BEE )
(             libc.so[0xCBC2B000])[7B 44       ]0x0000DBF0:	ADD	R3, PC	;(R3=0x0003C40C PC=0xCBC38BF0 )
(             libc.so[0xCBC2B000])[19 68       ]0x0000DBF2:	LDR	R1, [R3]	;(R3=0xCBC75000 )
(             libc.so[0xCBC2B000])[0A 68       ]0x0000DBF4:	LDR	R2, [R1]	;(R1=0xCBC74E00 )
(             libc.so[0xCBC2B000])[90 47       ]0x0000DBF6:	BLX	R2	;(PC=0xCBC38BF6 R2=0xCBC3ADCD )
(             libc.so[0xCBC2B000])[DF F8 A4 3B ]0x0000FDCC:	LDR.W	R3, [PC, #0XBA4] ; dlmalloc	;(PC=0xCBC3ADCC )
(             libc.so[0xCBC2B000])[2D E9 F7 4F ]0x0000FDD0:	PUSH.W	{R0, R1, R2, R4, R5, R6, R7, R8, SB, SL, FP, LR}	;(SP=0x100FFF80 R0=0x00000014 R1=0xCBC74E00 R2=0xCBC3ADCD R4=0x00000001 R5=0xCBC3A861 R6=0xCBC3A0F9 R7=0xCBC3A0E9 R8=0x00000000 SB=0x00000000 SL=0x00000000 FP=0x00000000 LR=0xCBC38BF9 )
(             libc.so[0xCBC2B000])[7B 44       ]0x0000FDD4:	ADD	R3, PC	;(R3=0x0003E588 PC=0xCBC3ADD4 )
(             libc.so[0xCBC2B000])[04 46       ]0x0000FDD6:	MOV	R4, R0	;(R0=0x00000014 )
(             libc.so[0xCBC2B000])[18 68       ]0x0000FDD8:	LDR	R0, [R3]	;(R3=0xCBC79360 )
(             libc.so[0xCBC2B000])[08 B9       ]0x0000FDDA:	CBNZ	R0, #0XCBC3ADE0	;(R0=0x0B13C7D8 )
(             libc.so[0xCBC2B000])[DF F8 94 1B ]0x0000FDE0:	LDR.W	R1, [PC, #0XB94]	;(PC=0xCBC3ADE0 )
(             libc.so[0xCBC2B000])[79 44       ]0x0000FDE4:	ADD	R1, PC	;(R1=0x0003E398 PC=0xCBC3ADE4 )
(             libc.so[0xCBC2B000])[D1 F8 BC 21 ]0x0000FDE6:	LDR.W	R2, [R1, #0X1BC]	;(R1=0xCBC79180 )
(             libc.so[0xCBC2B000])[93 07       ]0x0000FDEA:	LSLS	R3, R2, #0X1E	;(R2=0x00000003 )
(             libc.so[0xCBC2B000])[02 D4       ]0x0000FDEC:	BMI	#0XCBC3ADF4
(             libc.so[0xCBC2B000])[01 F5 E0 70 ]0x0000FDF4:	ADD.W	R0, R1, #0X1C0	;(R1=0xCBC79180 )
(             libc.so[0xCBC2B000])[00 26       ]0x0000FDF8:	MOVS	R6, #0
(             libc.so[0xCBC2B000])[FE F7 F0 EC ]0x0000FDFA:	BLX	#0XCBC397DC	;(PC=0xCBC3ADFA )
(             libc.so[0xCBC2B000])[90 FF FF EA ]0x0000E7DC:	B	#0XCBC39624 ; pthread_mutex_lock	;(PC=0xCBC397DC )
(             libc.so[0xCBC2B000])[F0 41 2D E9 ]0x0000E624:	PUSH	{R4, R5, R6, R7, R8, LR}	;(SP=0x100FFF50 R4=0x00000014 R5=0xCBC3A861 R6=0x00000000 R7=0xCBC3A0E9 R8=0x00000000 LR=0xCBC3ADFF )
(             libc.so[0xCBC2B000])[00 40 50 E2 ]0x0000E628:	SUBS	R4, R0, #0	;(R0=0xCBC79340 )
(             libc.so[0xCBC2B000])[1B 00 00 0A ]0x0000E62C:	BEQ	#0XCBC396A0	;(PC=0xCBC3962C )
(             libc.so[0xCBC2B000])[00 50 94 E5 ]0x0000E630:	LDR	R5, [R4]	;(R4=0xCBC79340 )
(             libc.so[0xCBC2B000])[03 79 15 E2 ]0x0000E634:	ANDS	R7, R5, #0XC000	;(R5=0x00000000 )
(             libc.so[0xCBC2B000])[02 6A 05 E2 ]0x0000E638:	AND	R6, R5, #0X2000	;(R5=0x00000000 )
(             libc.so[0xCBC2B000])[19 00 00 1A ]0x0000E63C:	BNE	#0XCBC396A8	;(PC=0xCBC3963C )
(             libc.so[0xCBC2B000])[01 00 86 E3 ]0x0000E640:	ORR	R0, R6, #1	;(R6=0x00000000 )
(             libc.so[0xCBC2B000])[9F 3F 94 E1 ]0x0000E644:	LDREX	R3, [R4]	;(R4=0xCBC79340 )
(             libc.so[0xCBC2B000])[00 10 A0 E3 ]0x0000E648:	MOV	R1, #0
(             libc.so[0xCBC2B000])[06 00 33 E1 ]0x0000E64C:	TEQ	R3, R6	;(R3=0x00000000 R6=0x00000000 )
(             libc.so[0xCBC2B000])[90 1F 84 01 ]0x0000E650:	STREXEQ	R1, R0, [R4]	;(R0=0x00000001 R4=0xCBC79340 )
(             libc.so[0xCBC2B000])[00 00 51 E3 ]0x0000E654:	CMP	R1, #0	;(R1=0x00000000 )
(             libc.so[0xCBC2B000])[F9 FF FF 1A ]0x0000E658:	BNE	#0XCBC39644	;(PC=0xCBC39658 )
(             libc.so[0xCBC2B000])[03 00 56 E1 ]0x0000E65C:	CMP	R6, R3	;(R6=0x00000000 R3=0x00000000 )
(             libc.so[0xCBC2B000])[02 50 86 13 ]0x0000E660:	ORRNE	R5, R6, #2	;(R6=0x00000000 )
(             libc.so[0xCBC2B000])[01 00 00 1A ]0x0000E664:	BNE	#0XCBC39670	;(PC=0xCBC39664 )
(             libc.so[0xCBC2B000])[09 00 00 EA ]0x0000E668:	B	#0XCBC39694	;(PC=0xCBC39668 )
(             libc.so[0xCBC2B000])[5F F0 7F F5 ]0x0000E694:	DMB	SY
(             libc.so[0xCBC2B000])[00 00 A0 E3 ]0x0000E698:	MOV	R0, #0
(             libc.so[0xCBC2B000])[F0 81 BD E8 ]0x0000E69C:	POP	{R4, R5, R6, R7, R8, PC}	;(SP=0x100FFF38 )
(             libc.so[0xCBC2B000])[00 28       ]0x0000FDFE:	CMP	R0, #0	;(R0=0x00000000 )
(             libc.so[0xCBC2B000])[41 F0 6F 80 ]0x0000FE00:	BNE.W	#0XCBC3BEE2
(             libc.so[0xCBC2B000])[F3 E7       ]0x0000FE04:	B	#0XCBC3ADEE
(             libc.so[0xCBC2B000])[F4 2C       ]0x0000FDEE:	CMP	R4, #0XF4	;(R4=0x00000014 )
(             libc.so[0xCBC2B000])[09 D9       ]0x0000FDF0:	BLS	#0XCBC3AE06
(             libc.so[0xCBC2B000])[0A 2C       ]0x0000FE06:	CMP	R4, #0XA	;(R4=0x00000014 )
(             libc.so[0xCBC2B000])[03 D9       ]0x0000FE08:	BLS	#0XCBC3AE12
(             libc.so[0xCBC2B000])[0B 34       ]0x0000FE0A:	ADDS	R4, #0XB	;(R4=0x00000014 )
(             libc.so[0xCBC2B000])[24 F0 07 04 ]0x0000FE0C:	BIC	R4, R4, #7	;(R4=0x0000001F )
(             libc.so[0xCBC2B000])[00 E0       ]0x0000FE10:	B	#0XCBC3AE14
(             libc.so[0xCBC2B000])[DF F8 68 3B ]0x0000FE14:	LDR.W	R3, [PC, #0XB68]	;(PC=0xCBC3AE14 )
(             libc.so[0xCBC2B000])[E2 08       ]0x0000FE18:	LSRS	R2, R4, #3	;(R4=0x00000018 )
(             libc.so[0xCBC2B000])[7B 44       ]0x0000FE1A:	ADD	R3, PC	;(R3=0x0003E362 PC=0xCBC3AE1A )
(             libc.so[0xCBC2B000])[18 68       ]0x0000FE1C:	LDR	R0, [R3]	;(R3=0xCBC79180 )
(             libc.so[0xCBC2B000])[20 FA 02 F1 ]0x0000FE1E:	LSR.W	R1, R0, R2	;(R0=0x00000000 R2=0x00000003 )
(             libc.so[0xCBC2B000])[01 90       ]0x0000FE22:	STR	R0, [SP, #4]	;(R0=0x00000000 SP=0x100FFF50 )
(             libc.so[0xCBC2B000])[8E 07       ]0x0000FE24:	LSLS	R6, R1, #0X1E	;(R1=0x00000000 )
(             libc.so[0xCBC2B000])[21 D0       ]0x0000FE26:	BEQ	#0XCBC3AE6C
(             libc.so[0xCBC2B000])[9D 68       ]0x0000FE6C:	LDR	R5, [R3, #8]	;(R3=0xCBC79180 )
(             libc.so[0xCBC2B000])[AC 42       ]0x0000FE6E:	CMP	R4, R5	;(R4=0x00000018 R5=0x00000000 )
(             libc.so[0xCBC2B000])[40 F2 3F 83 ]0x0000FE70:	BLS.W	#0XCBC3B4F2
(             libc.so[0xCBC2B000])[00 29       ]0x0000FE74:	CMP	R1, #0	;(R1=0x00000000 )
(             libc.so[0xCBC2B000])[74 D0       ]0x0000FE76:	BEQ	#0XCBC3AF62
(             libc.so[0xCBC2B000])[D3 F8 04 80 ]0x0000FF62:	LDR.W	R8, [R3, #4]	;(R3=0xCBC79180 )
(             libc.so[0xCBC2B000])[B8 F1 00 0F ]0x0000FF66:	CMP.W	R8, #0	;(R8=0x00000000 )
(             libc.so[0xCBC2B000])[00 F0 C2 82 ]0x0000FF6A:	BEQ.W	#0XCBC3B4F2
(             libc.so[0xCBC2B000])[DF F8 E0 34 ]0x000104F2:	LDR.W	R3, [PC, #0X4E0]	;(PC=0xCBC3B4F2 )
(             libc.so[0xCBC2B000])[7B 44       ]0x000104F6:	ADD	R3, PC	;(R3=0x0003DC86 PC=0xCBC3B4F6 )
(             libc.so[0xCBC2B000])[98 68       ]0x000104F8:	LDR	R0, [R3, #8]	;(R3=0xCBC79180 )
(             libc.so[0xCBC2B000])[84 42       ]0x000104FA:	CMP	R4, R0	;(R4=0x00000018 R0=0x00000000 )
(             libc.so[0xCBC2B000])[19 D8       ]0x000104FC:	BHI	#0XCBC3B532
(             libc.so[0xCBC2B000])[DE 68       ]0x00010532:	LDR	R6, [R3, #0XC]	;(R3=0xCBC79180 )
(             libc.so[0xCBC2B000])[B4 42       ]0x00010534:	CMP	R4, R6	;(R4=0x00000018 R6=0x00000000 )
(             libc.so[0xCBC2B000])[01 D2       ]0x00010536:	BHS	#0XCBC3B53C
(             libc.so[0xCBC2B000])[DF F8 98 64 ]0x0001053C:	LDR.W	R6, [PC, #0X498]	;(PC=0xCBC3B53C )
(             libc.so[0xCBC2B000])[7E 44       ]0x00010540:	ADD	R6, PC	;(R6=0x0003DE1C PC=0xCBC3B540 )
(             libc.so[0xCBC2B000])[32 68       ]0x00010542:	LDR	R2, [R6]	;(R6=0xCBC79360 )
(             libc.so[0xCBC2B000])[0A B9       ]0x00010544:	CBNZ	R2, #0XCBC3B54A	;(R2=0x0B13C7D8 )
(             libc.so[0xCBC2B000])[DF F8 90 34 ]0x0001054A:	LDR.W	R3, [PC, #0X490]	;(PC=0xCBC3B54A )
(             libc.so[0xCBC2B000])[7B 44       ]0x0001054E:	ADD	R3, PC	;(R3=0x0003DC2E PC=0xCBC3B54E )
(             libc.so[0xCBC2B000])[D3 F8 BC 11 ]0x00010550:	LDR.W	R1, [R3, #0X1BC]	;(R3=0xCBC79180 )
(             libc.so[0xCBC2B000])[CA 07       ]0x00010554:	LSLS	R2, R1, #0X1F	;(R1=0x00000003 )
(             libc.so[0xCBC2B000])[54 D5       ]0x00010556:	BPL	#0XCBC3B602
(             libc.so[0xCBC2B000])[DF F8 84 04 ]0x00010558:	LDR.W	R0, [PC, #0X484]	;(PC=0xCBC3B558 )
(             libc.so[0xCBC2B000])[78 44       ]0x0001055C:	ADD	R0, PC	;(R0=0x0003DE00 PC=0xCBC3B55C )
(             libc.so[0xCBC2B000])[C6 68       ]0x0001055E:	LDR	R6, [R0, #0XC]	;(R0=0xCBC79360 )
(             libc.so[0xCBC2B000])[B4 42       ]0x00010560:	CMP	R4, R6	;(R4=0x00000018 R6=0x00010000 )
(             libc.so[0xCBC2B000])[4E D3       ]0x00010562:	BLO	#0XCBC3B602
(             libc.so[0xCBC2B000])[FB 4F       ]0x00010602:	LDR	R7, [PC, #0X3EC]	;(PC=0xCBC3B602 )
(             libc.so[0xCBC2B000])[7F 44       ]0x00010604:	ADD	R7, PC	;(R7=0x0003DD58 PC=0xCBC3B604 )
(             libc.so[0xCBC2B000])[BE 68       ]0x00010606:	LDR	R6, [R7, #8]	;(R7=0xCBC79360 )
(             libc.so[0xCBC2B000])[06 F1 2F 0C ]0x00010608:	ADD.W	IP, R6, #0X2F	;(R6=0x00001000 )
(             libc.so[0xCBC2B000])[70 42       ]0x0001060C:	RSBS	R0, R6, #0	;(R6=0x00001000 )
(             libc.so[0xCBC2B000])[0C EB 04 01 ]0x0001060E:	ADD.W	R1, IP, R4	;(IP=0x0000102F R4=0x00000018 )
(             libc.so[0xCBC2B000])[01 EA 00 07 ]0x00010612:	AND.W	R7, R1, R0	;(R1=0x00001047 R0=0xFFFFF000 )
(             libc.so[0xCBC2B000])[A7 42       ]0x00010616:	CMP	R7, R4	;(R7=0x00001000 R4=0x00000018 )
(             libc.so[0xCBC2B000])[01 D8       ]0x00010618:	BHI	#0XCBC3B61E
(             libc.so[0xCBC2B000])[F5 4A       ]0x0001061E:	LDR	R2, [PC, #0X3D4]	;(PC=0xCBC3B61E )
(             libc.so[0xCBC2B000])[7A 44       ]0x00010620:	ADD	R2, PC	;(R2=0x0003DB5C PC=0xCBC3B620 )
(             libc.so[0xCBC2B000])[D2 F8 B8 31 ]0x00010622:	LDR.W	R3, [R2, #0X1B8]	;(R2=0xCBC79180 )
(             libc.so[0xCBC2B000])[4B B1       ]0x00010626:	CBZ	R3, #0XCBC3B63C	;(R3=0x00000000 )
(             libc.so[0xCBC2B000])[EE 48       ]0x0001063C:	LDR	R0, [PC, #0X3B8]	;(PC=0xCBC3B63C )
(             libc.so[0xCBC2B000])[78 44       ]0x0001063E:	ADD	R0, PC	;(R0=0x0003DB3E PC=0xCBC3B63E )
(             libc.so[0xCBC2B000])[D0 F8 BC 21 ]0x00010640:	LDR.W	R2, [R0, #0X1BC]	;(R0=0xCBC79180 )
(             libc.so[0xCBC2B000])[51 07       ]0x00010644:	LSLS	R1, R2, #0X1D	;(R2=0x00000003 )
(             libc.so[0xCBC2B000])[08 D5       ]0x00010646:	BPL	#0XCBC3B65A
(             libc.so[0xCBC2B000])[81 69       ]0x0001065A:	LDR	R1, [R0, #0X18]	;(R0=0xCBC79180 )
(             libc.so[0xCBC2B000])[19 B1       ]0x0001065C:	CBZ	R1, #0XCBC3B666	;(R1=0x00000000 )
(             libc.so[0xCBC2B000])[88 46       ]0x00010666:	MOV	R8, R1	;(R1=0x00000000 )
(             libc.so[0xCBC2B000])[E4 48       ]0x00010668:	LDR	R0, [PC, #0X390]	;(PC=0xCBC3B668 )
(             libc.so[0xCBC2B000])[78 44       ]0x0001066A:	ADD	R0, PC	;(R0=0x0003DCEE PC=0xCBC3B66A )
(             libc.so[0xCBC2B000])[FE F7 B6 E8 ]0x0001066C:	BLX	#0XCBC397DC	;(PC=0xCBC3B66C )
(             libc.so[0xCBC2B000])[90 FF FF EA ]0x0000E7DC:	B	#0XCBC39624 ; pthread_mutex_lock	;(PC=0xCBC397DC )
(             libc.so[0xCBC2B000])[F0 41 2D E9 ]0x0000E624:	PUSH	{R4, R5, R6, R7, R8, LR}	;(SP=0x100FFF50 R4=0x00000018 R5=0x00000000 R6=0x00001000 R7=0x00001000 R8=0x00000000 LR=0xCBC3B671 )
(             libc.so[0xCBC2B000])[00 40 50 E2 ]0x0000E628:	SUBS	R4, R0, #0	;(R0=0xCBC7935C )
(             libc.so[0xCBC2B000])[1B 00 00 0A ]0x0000E62C:	BEQ	#0XCBC396A0	;(PC=0xCBC3962C )
(             libc.so[0xCBC2B000])[00 50 94 E5 ]0x0000E630:	LDR	R5, [R4]	;(R4=0xCBC7935C )
(             libc.so[0xCBC2B000])[03 79 15 E2 ]0x0000E634:	ANDS	R7, R5, #0XC000	;(R5=0x00000000 )
(             libc.so[0xCBC2B000])[02 6A 05 E2 ]0x0000E638:	AND	R6, R5, #0X2000	;(R5=0x00000000 )
(             libc.so[0xCBC2B000])[19 00 00 1A ]0x0000E63C:	BNE	#0XCBC396A8	;(PC=0xCBC3963C )
(             libc.so[0xCBC2B000])[01 00 86 E3 ]0x0000E640:	ORR	R0, R6, #1	;(R6=0x00000000 )
(             libc.so[0xCBC2B000])[9F 3F 94 E1 ]0x0000E644:	LDREX	R3, [R4]	;(R4=0xCBC7935C )
(             libc.so[0xCBC2B000])[00 10 A0 E3 ]0x0000E648:	MOV	R1, #0
(             libc.so[0xCBC2B000])[06 00 33 E1 ]0x0000E64C:	TEQ	R3, R6	;(R3=0x00000000 R6=0x00000000 )
(             libc.so[0xCBC2B000])[90 1F 84 01 ]0x0000E650:	STREXEQ	R1, R0, [R4]	;(R0=0x00000001 R4=0xCBC7935C )
(             libc.so[0xCBC2B000])[00 00 51 E3 ]0x0000E654:	CMP	R1, #0	;(R1=0x00000000 )
(             libc.so[0xCBC2B000])[F9 FF FF 1A ]0x0000E658:	BNE	#0XCBC39644	;(PC=0xCBC39658 )
(             libc.so[0xCBC2B000])[03 00 56 E1 ]0x0000E65C:	CMP	R6, R3	;(R6=0x00000000 R3=0x00000000 )
(             libc.so[0xCBC2B000])[02 50 86 13 ]0x0000E660:	ORRNE	R5, R6, #2	;(R6=0x00000000 )
(             libc.so[0xCBC2B000])[01 00 00 1A ]0x0000E664:	BNE	#0XCBC39670	;(PC=0xCBC39664 )
(             libc.so[0xCBC2B000])[09 00 00 EA ]0x0000E668:	B	#0XCBC39694	;(PC=0xCBC39668 )
(             libc.so[0xCBC2B000])[5F F0 7F F5 ]0x0000E694:	DMB	SY
(             libc.so[0xCBC2B000])[00 00 A0 E3 ]0x0000E698:	MOV	R0, #0
(             libc.so[0xCBC2B000])[F0 81 BD E8 ]0x0000E69C:	POP	{R4, R5, R6, R7, R8, PC}	;(SP=0x100FFF38 )
(             libc.so[0xCBC2B000])[B8 F1 00 0F ]0x00010670:	CMP.W	R8, #0	;(R8=0x00000000 )
(             libc.so[0xCBC2B000])[35 D1       ]0x00010674:	BNE	#0XCBC3B6E2
(             libc.so[0xCBC2B000])[40 46       ]0x00010676:	MOV	R0, R8	;(R8=0x00000000 )
(             libc.so[0xCBC2B000])[02 F0 C8 FD ]0x00010678:	BL	#0XCBC3E20C	;(PC=0xCBC3B678 )
(             libc.so[0xCBC2B000])[70 B5       ]0x0001320C:	PUSH	{R4, R5, R6, LR} ; sbrk	;(SP=0x100FFF50 R4=0x00000018 R5=0x00000000 R6=0x00001000 LR=0xCBC3B67D )
(             libc.so[0xCBC2B000])[06 46       ]0x0001320E:	MOV	R6, R0	;(R0=0x00000000 )
(             libc.so[0xCBC2B000])[0D 4C       ]0x00013210:	LDR	R4, [PC, #0X34]	;(PC=0xCBC3E210 )
(             libc.so[0xCBC2B000])[7C 44       ]0x00013212:	ADD	R4, PC	;(R4=0x0003B18E PC=0xCBC3E212 )
(             libc.so[0xCBC2B000])[20 68       ]0x00013214:	LDR	R0, [R4]	;(R4=0xCBC793A4 )
(             libc.so[0xCBC2B000])[10 B9       ]0x00013216:	CBNZ	R0, #0XCBC3E21E	;(R0=0x00000000 )
(             libc.so[0xCBC2B000])[0C F0 3C EF ]0x00013218:	BLX	#0XCBC4B094	;(PC=0xCBC3E218 )
(             libc.so[0xCBC2B000])[07 C0 A0 E1 ]0x00020094:	MOV	IP, R7 ; __brk	;(R7=0x00001000 )
(             libc.so[0xCBC2B000])[2D 70 A0 E3 ]0x00020098:	MOV	R7, #0X2D
(             libc.so[0xCBC2B000])[00 00 00 EF ]0x0002009C:	SVC	#0	;(PC=0xCBC4B09C )
(             libc.so[0xCBC2B000])[0C 70 A0 E1 ]0x000200A0:	MOV	R7, IP	;(IP=0x00001000 )
(             libc.so[0xCBC2B000])[01 0A 70 E3 ]0x000200A4:	CMN	R0, #0X1000	;(R0=0xFFFFFFFF )
(             libc.so[0xCBC2B000])[1E FF 2F 91 ]0x000200A8:	BXLS	LR
(             libc.so[0xCBC2B000])[00 00 60 E2 ]0x000200AC:	RSB	R0, R0, #0	;(R0=0xFFFFFFFF )
(             libc.so[0xCBC2B000])[35 75 00 EA ]0x000200B0:	B	#0XCBC6858C	;(PC=0xCBC4B0B0 )
(             libc.so[0xCBC2B000])[04 C0 9F E5 ]0x0003D58C:	LDR	IP, [PC, #4]	;(PC=0xCBC6858C )
(             libc.so[0xCBC2B000])[0C C0 8F E0 ]0x0003D590:	ADD	IP, PC, IP	;(PC=0xCBC68590 IP=0xFFFD5D77 )
(             libc.so[0xCBC2B000])[1C FF 2F E1 ]0x0003D594:	BX	IP	;(IP=0xCBC3E30F )
(             libc.so[0xCBC2B000])[10 B5       ]0x0001330E:	PUSH	{R4, LR} ; __set_errno	;(SP=0x100FFF40 R4=0xCBC793A4 LR=0xCBC3E21D )
(             libc.so[0xCBC2B000])[04 46       ]0x00013310:	MOV	R4, R0	;(R0=0x00000001 )
(             libc.so[0xCBC2B000])[01 F0 99 F8 ]0x00013312:	BL	#0XCBC3F448	;(PC=0xCBC3E312 )
(             libc.so[0xCBC2B000])[1D EE 70 0F ]0x00014448:	MRC	P15, #0, R0, C13, C0, #3 ; __errno	;(R0=0x00000001 )
(             libc.so[0xCBC2B000])[08 30       ]0x0001444C:	ADDS	R0, #8	;(R0=0x00000000 )
(             libc.so[0xCBC2B000])[70 47       ]0x0001444E:	BX	LR	;(LR=0xCBC3E317 )
(             libc.so[0xCBC2B000])[04 60       ]0x00013316:	STR	R4, [R0]	;(R4=0x00000001 R0=0x00000008 )
(             libc.so[0xCBC2B000])[4F F0 FF 30 ]0x00013318:	MOV.W	R0, #-1
(             libc.so[0xCBC2B000])[10 BD       ]0x0001331C:	POP	{R4, PC}	;(SP=0x100FFF38 )
(             libc.so[0xCBC2B000])[20 60       ]0x0001321C:	STR	R0, [R4]	;(R0=0xFFFFFFFF R4=0xCBC793A4 )
(             libc.so[0xCBC2B000])[0B 4D       ]0x0001321E:	LDR	R5, [PC, #0X2C]	;(PC=0xCBC3E21E )
(             libc.so[0xCBC2B000])[7D 44       ]0x00013220:	ADD	R5, PC	;(R5=0x0003B180 PC=0xCBC3E220 )
(             libc.so[0xCBC2B000])[2C 68       ]0x00013222:	LDR	R4, [R5]	;(R5=0xCBC793A4 )
(             libc.so[0xCBC2B000])[A6 19       ]0x00013224:	ADDS	R6, R4, R6	;(R4=0xFFFFFFFF R6=0x00000000 )
(             libc.so[0xCBC2B000])[30 46       ]0x00013226:	MOV	R0, R6	;(R6=0xFFFFFFFF )
(             libc.so[0xCBC2B000])[0C F0 34 EF ]0x00013228:	BLX	#0XCBC4B094	;(PC=0xCBC3E228 )
(             libc.so[0xCBC2B000])[07 C0 A0 E1 ]0x00020094:	MOV	IP, R7 ; __brk	;(R7=0x00001000 )
(             libc.so[0xCBC2B000])[2D 70 A0 E3 ]0x00020098:	MOV	R7, #0X2D
(             libc.so[0xCBC2B000])[00 00 00 EF ]0x0002009C:	SVC	#0	;(PC=0xCBC4B09C )
(             libc.so[0xCBC2B000])[0C 70 A0 E1 ]0x000200A0:	MOV	R7, IP	;(IP=0x00001000 )
(             libc.so[0xCBC2B000])[01 0A 70 E3 ]0x000200A4:	CMN	R0, #0X1000	;(R0=0xFFFFFFFF )
(             libc.so[0xCBC2B000])[1E FF 2F 91 ]0x000200A8:	BXLS	LR
(             libc.so[0xCBC2B000])[00 00 60 E2 ]0x000200AC:	RSB	R0, R0, #0	;(R0=0xFFFFFFFF )
(             libc.so[0xCBC2B000])[35 75 00 EA ]0x000200B0:	B	#0XCBC6858C	;(PC=0xCBC4B0B0 )
(             libc.so[0xCBC2B000])[04 C0 9F E5 ]0x0003D58C:	LDR	IP, [PC, #4]	;(PC=0xCBC6858C )
(             libc.so[0xCBC2B000])[0C C0 8F E0 ]0x0003D590:	ADD	IP, PC, IP	;(PC=0xCBC68590 IP=0xFFFD5D77 )
(             libc.so[0xCBC2B000])[1C FF 2F E1 ]0x0003D594:	BX	IP	;(IP=0xCBC3E30F )
(             libc.so[0xCBC2B000])[10 B5       ]0x0001330E:	PUSH	{R4, LR} ; __set_errno	;(SP=0x100FFF40 R4=0xFFFFFFFF LR=0xCBC3E22D )
(             libc.so[0xCBC2B000])[04 46       ]0x00013310:	MOV	R4, R0	;(R0=0x00000001 )
(             libc.so[0xCBC2B000])[01 F0 99 F8 ]0x00013312:	BL	#0XCBC3F448	;(PC=0xCBC3E312 )
(             libc.so[0xCBC2B000])[1D EE 70 0F ]0x00014448:	MRC	P15, #0, R0, C13, C0, #3 ; __errno	;(R0=0x00000001 )
(             libc.so[0xCBC2B000])[08 30       ]0x0001444C:	ADDS	R0, #8	;(R0=0x00000000 )
(             libc.so[0xCBC2B000])[70 47       ]0x0001444E:	BX	LR	;(LR=0xCBC3E317 )
(             libc.so[0xCBC2B000])[04 60       ]0x00013316:	STR	R4, [R0]	;(R4=0x00000001 R0=0x00000008 )
(             libc.so[0xCBC2B000])[4F F0 FF 30 ]0x00013318:	MOV.W	R0, #-1
(             libc.so[0xCBC2B000])[10 BD       ]0x0001331C:	POP	{R4, PC}	;(SP=0x100FFF38 )
(             libc.so[0xCBC2B000])[43 1C       ]0x0001322C:	ADDS	R3, R0, #1	;(R0=0xFFFFFFFF )
(             libc.so[0xCBC2B000])[0A D0       ]0x0001322E:	BEQ	#0XCBC3E246
(             libc.so[0xCBC2B000])[70 BD       ]0x00013246:	POP	{R4, R5, R6, PC}	;(SP=0x100FFF40 )
(             libc.so[0xCBC2B000])[B0 F1 FF 3F ]0x0001067C:	CMP.W	R0, #-1	;(R0=0xFFFFFFFF )
(             libc.so[0xCBC2B000])[80 46       ]0x00010680:	MOV	R8, R0	;(R0=0xFFFFFFFF )
(             libc.so[0xCBC2B000])[00 F0 2C 84 ]0x00010682:	BEQ.W	#0XCBC3BEDE
(             libc.so[0xCBC2B000])[00 25       ]0x00010EDE:	MOVS	R5, #0
(             libc.so[0xCBC2B000])[D0 E7       ]0x00010EE0:	B	#0XCBC3BE84
(             libc.so[0xCBC2B000])[2A 4E       ]0x00010E84:	LDR	R6, [PC, #0XA8]	;(PC=0xCBC3BE84 )
(             libc.so[0xCBC2B000])[7E 44       ]0x00010E86:	ADD	R6, PC	;(R6=0x0003D2F6 PC=0xCBC3BE86 )
(             libc.so[0xCBC2B000])[D6 F8 BC 01 ]0x00010E88:	LDR.W	R0, [R6, #0X1BC]	;(R6=0xCBC79180 )
(             libc.so[0xCBC2B000])[40 F0 04 02 ]0x00010E8C:	ORR	R2, R0, #4	;(R0=0x00000003 )
(             libc.so[0xCBC2B000])[C6 F8 BC 21 ]0x00010E90:	STR.W	R2, [R6, #0X1BC]	;(R2=0x00000007 R6=0xCBC79180 )
(             libc.so[0xCBC2B000])[4F F0 FF 36 ]0x00010E94:	MOV.W	R6, #-1
(             libc.so[0xCBC2B000])[62 E4       ]0x00010E98:	B	#0XCBC3B760
(             libc.so[0xCBC2B000])[AC 48       ]0x00010760:	LDR	R0, [PC, #0X2B0]	;(PC=0xCBC3B760 )
(             libc.so[0xCBC2B000])[78 44       ]0x00010762:	ADD	R0, PC	;(R0=0x0003DBF6 PC=0xCBC3B762 )
(             libc.so[0xCBC2B000])[FE F7 BC E8 ]0x00010764:	BLX	#0XCBC398E0	;(PC=0xCBC3B764 )
(             libc.so[0xCBC2B000])[BE FF FF EA ]0x0000E8E0:	B	#0XCBC397E0 ; pthread_mutex_unlock	;(PC=0xCBC398E0 )
(             libc.so[0xCBC2B000])[70 40 2D E9 ]0x0000E7E0:	PUSH	{R4, R5, R6, LR}	;(SP=0x100FFF50 R4=0x00000018 R5=0x00000000 R6=0xFFFFFFFF LR=0xCBC3B769 )
(             libc.so[0xCBC2B000])[00 40 50 E2 ]0x0000E7E4:	SUBS	R4, R0, #0	;(R0=0xCBC7935C )
(             libc.so[0xCBC2B000])[08 D0 4D E2 ]0x0000E7E8:	SUB	SP, SP, #8	;(SP=0x100FFF40 )
(             libc.so[0xCBC2B000])[2B 00 00 0A ]0x0000E7EC:	BEQ	#0XCBC398A0	;(PC=0xCBC397EC )
(             libc.so[0xCBC2B000])[00 50 94 E5 ]0x0000E7F0:	LDR	R5, [R4]	;(R4=0xCBC7935C )
(             libc.so[0xCBC2B000])[03 69 15 E2 ]0x0000E7F4:	ANDS	R6, R5, #0XC000	;(R5=0x00000001 )
(             libc.so[0xCBC2B000])[02 1A 05 E2 ]0x0000E7F8:	AND	R1, R5, #0X2000	;(R5=0x00000001 )
(             libc.so[0xCBC2B000])[11 00 00 1A ]0x0000E7FC:	BNE	#0XCBC39848	;(PC=0xCBC397FC )
(             libc.so[0xCBC2B000])[5F F0 7F F5 ]0x0000E800:	DMB	SY
(             libc.so[0xCBC2B000])[9F 2F 94 E1 ]0x0000E804:	LDREX	R2, [R4]	;(R4=0xCBC7935C )
(             libc.so[0xCBC2B000])[01 30 42 E2 ]0x0000E808:	SUB	R3, R2, #1	;(R2=0x00000001 )
(             libc.so[0xCBC2B000])[93 5F 84 E1 ]0x0000E80C:	STREX	R5, R3, [R4]	;(R3=0x00000000 R4=0xCBC7935C )
(             libc.so[0xCBC2B000])[00 00 55 E3 ]0x0000E810:	CMP	R5, #0	;(R5=0x00000000 )
(             libc.so[0xCBC2B000])[FA FF FF 1A ]0x0000E814:	BNE	#0XCBC39804	;(PC=0xCBC39814 )
(             libc.so[0xCBC2B000])[01 C0 81 E3 ]0x0000E818:	ORR	IP, R1, #1	;(R1=0x00000000 )
(             libc.so[0xCBC2B000])[0C 00 52 E1 ]0x0000E81C:	CMP	R2, IP	;(R2=0x00000001 IP=0x00000001 )
(             libc.so[0xCBC2B000])[06 00 00 0A ]0x0000E820:	BEQ	#0XCBC39840	;(PC=0xCBC39820 )
(             libc.so[0xCBC2B000])[00 00 A0 E3 ]0x0000E840:	MOV	R0, #0
(             libc.so[0xCBC2B000])[FB FF FF EA ]0x0000E844:	B	#0XCBC39838	;(PC=0xCBC39844 )
(             libc.so[0xCBC2B000])[08 D0 8D E2 ]0x0000E838:	ADD	SP, SP, #8	;(SP=0x100FFF38 )
(             libc.so[0xCBC2B000])[70 80 BD E8 ]0x0000E83C:	POP	{R4, R5, R6, PC}	;(SP=0x100FFF40 )
(             libc.so[0xCBC2B000])[70 1C       ]0x00010768:	ADDS	R0, R6, #1	;(R6=0xFFFFFFFF )
(             libc.so[0xCBC2B000])[3F F4 6D AF ]0x0001076A:	BEQ.W	#0XCBC3B648
(             libc.so[0xCBC2B000])[38 46       ]0x00010648:	MOV	R0, R7	;(R7=0x00001000 )
(             libc.so[0xCBC2B000])[FF F7 D7 F8 ]0x0001064A:	BL	#0XCBC3A7FC	;(PC=0xCBC3B64A )
(             libc.so[0xCBC2B000])[37 B5       ]0x0000F7FC:	PUSH	{R0, R1, R2, R4, R5, LR}	;(SP=0x100FFF50 R0=0x00001000 R1=0x00000000 R2=0x00000001 R4=0x00000018 R5=0x00000000 LR=0xCBC3B64F )
(             libc.so[0xCBC2B000])[04 46       ]0x0000F7FE:	MOV	R4, R0	;(R0=0x00001000 )
(             libc.so[0xCBC2B000])[4F F0 FF 33 ]0x0000F800:	MOV.W	R3, #-1
(             libc.so[0xCBC2B000])[00 20       ]0x0000F804:	MOVS	R0, #0
(             libc.so[0xCBC2B000])[00 93       ]0x0000F806:	STR	R3, [SP]	;(R3=0xFFFFFFFF SP=0x100FFF38 )
(             libc.so[0xCBC2B000])[03 22       ]0x0000F808:	MOVS	R2, #3
(             libc.so[0xCBC2B000])[22 23       ]0x0000F80A:	MOVS	R3, #0X22
(             libc.so[0xCBC2B000])[01 90       ]0x0000F80C:	STR	R0, [SP, #4]	;(R0=0x00000000 SP=0x100FFF38 )
(             libc.so[0xCBC2B000])[21 46       ]0x0000F80E:	MOV	R1, R4	;(R4=0x00001000 )
(             libc.so[0xCBC2B000])[03 F0 24 FA ]0x0000F810:	BL	#0XCBC3DC5C	;(PC=0xCBC3A810 )
(             libc.so[0xCBC2B000])[F7 B5       ]0x00012C5C:	PUSH	{R0, R1, R2, R4, R5, R6, R7, LR} ; mmap	;(SP=0x100FFF38 R0=0x00000000 R1=0x00001000 R2=0x00000003 R4=0x00001000 R5=0x00000000 R6=0xFFFFFFFF R7=0x00001000 LR=0xCBC3A815 )
(             libc.so[0xCBC2B000])[0E 46       ]0x00012C5E:	MOV	R6, R1	;(R1=0x00001000 )
(             libc.so[0xCBC2B000])[09 9C       ]0x00012C60:	LDR	R4, [SP, #0X24]	;(SP=0x100FFF18 )
(             libc.so[0xCBC2B000])[1F 46       ]0x00012C62:	MOV	R7, R3	;(R3=0x00000022 )
(             libc.so[0xCBC2B000])[25 05       ]0x00012C64:	LSLS	R5, R4, #0X14	;(R4=0x00000000 )
(             libc.so[0xCBC2B000])[06 D0       ]0x00012C66:	BEQ	#0XCBC3DC76
(             libc.so[0xCBC2B000])[08 9D       ]0x00012C76:	LDR	R5, [SP, #0X20]	;(SP=0x100FFF18 )
(             libc.so[0xCBC2B000])[24 0B       ]0x00012C78:	LSRS	R4, R4, #0XC	;(R4=0x00000000 )
(             libc.so[0xCBC2B000])[01 94       ]0x00012C7A:	STR	R4, [SP, #4]	;(R4=0x00000000 SP=0x100FFF18 )
(             libc.so[0xCBC2B000])[00 95       ]0x00012C7C:	STR	R5, [SP]	;(R5=0xFFFFFFFF SP=0x100FFF18 )
(             libc.so[0xCBC2B000])[0D F0 CC EB ]0x00012C7E:	BLX	#0XCBC4B418	;(PC=0xCBC3DC7E )
(             libc.so[0xCBC2B000])[0D C0 A0 E1 ]0x00020418:	MOV	IP, SP ; __mmap2	;(SP=0x100FFF18 )
(             libc.so[0xCBC2B000])[F0 00 2D E9 ]0x0002041C:	PUSH	{R4, R5, R6, R7}	;(SP=0x100FFF18 R4=0x00000000 R5=0xFFFFFFFF R6=0x00001000 R7=0x00000022 )
(             libc.so[0xCBC2B000])[70 00 9C E8 ]0x00020420:	LDM	IP, {R4, R5, R6}	;(IP=0x100FFF18 )
(             libc.so[0xCBC2B000])[C0 70 A0 E3 ]0x00020424:	MOV	R7, #0XC0
(             libc.so[0xCBC2B000])[00 00 00 EF ]0x00020428:	SVC	#0	;(PC=0xCBC4B428 )
(             libc.so[0xCBC2B000])[F0 00 BD E8 ]0x0002042C:	POP	{R4, R5, R6, R7}	;(SP=0x100FFF08 )
(             libc.so[0xCBC2B000])[01 0A 70 E3 ]0x00020430:	CMN	R0, #0X1000	;(R0=0x30000000 )
(             libc.so[0xCBC2B000])[1E FF 2F 91 ]0x00020434:	BXLS	LR
(             libc.so[0xCBC2B000])[43 1C       ]0x00012C82:	ADDS	R3, R0, #1	;(R0=0x30000000 )
(             libc.so[0xCBC2B000])[04 46       ]0x00012C84:	MOV	R4, R0	;(R0=0x30000000 )
(             libc.so[0xCBC2B000])[0D D0       ]0x00012C86:	BEQ	#0XCBC3DCA4
(             libc.so[0xCBC2B000])[17 F0 22 0F ]0x00012C88:	TST.W	R7, #0X22	;(R7=0x00000022 )
(             libc.so[0xCBC2B000])[0A D0       ]0x00012C8C:	BEQ	#0XCBC3DCA4
(             libc.so[0xCBC2B000])[01 F0 DB FB ]0x00012C8E:	BL	#0XCBC3F448	;(PC=0xCBC3DC8E )
(             libc.so[0xCBC2B000])[1D EE 70 0F ]0x00014448:	MRC	P15, #0, R0, C13, C0, #3 ; __errno	;(R0=0x30000000 )
(             libc.so[0xCBC2B000])[08 30       ]0x0001444C:	ADDS	R0, #8	;(R0=0x00000000 )
(             libc.so[0xCBC2B000])[70 47       ]0x0001444E:	BX	LR	;(LR=0xCBC3DC93 )
(             libc.so[0xCBC2B000])[31 46       ]0x00012C92:	MOV	R1, R6	;(R6=0x00001000 )
(             libc.so[0xCBC2B000])[0C 22       ]0x00012C94:	MOVS	R2, #0XC
(             libc.so[0xCBC2B000])[05 68       ]0x00012C96:	LDR	R5, [R0]	;(R0=0x00000008 )
(             libc.so[0xCBC2B000])[20 46       ]0x00012C98:	MOV	R0, R4	;(R4=0x30000000 )
(             libc.so[0xCBC2B000])[0D F0 12 EC ]0x00012C9A:	BLX	#0XCBC4B4C0	;(PC=0xCBC3DC9A )
(             libc.so[0xCBC2B000])[07 C0 A0 E1 ]0x000204C0:	MOV	IP, R7 ; madvise	;(R7=0x00000022 )
(             libc.so[0xCBC2B000])[DC 70 A0 E3 ]0x000204C4:	MOV	R7, #0XDC
(             libc.so[0xCBC2B000])[00 00 00 EF ]0x000204C8:	SVC	#0	;(PC=0xCBC4B4C8 )
(             libc.so[0xCBC2B000])[0C 70 A0 E1 ]0x000204CC:	MOV	R7, IP	;(IP=0x00000022 )
(             libc.so[0xCBC2B000])[01 0A 70 E3 ]0x000204D0:	CMN	R0, #0X1000	;(R0=0x00000000 )
(             libc.so[0xCBC2B000])[1E FF 2F 91 ]0x000204D4:	BXLS	LR
(             libc.so[0xCBC2B000])[01 F0 D3 FB ]0x00012C9E:	BL	#0XCBC3F448	;(PC=0xCBC3DC9E )
(             libc.so[0xCBC2B000])[1D EE 70 0F ]0x00014448:	MRC	P15, #0, R0, C13, C0, #3 ; __errno	;(R0=0x00000000 )
(             libc.so[0xCBC2B000])[08 30       ]0x0001444C:	ADDS	R0, #8	;(R0=0x00000000 )
(             libc.so[0xCBC2B000])[70 47       ]0x0001444E:	BX	LR	;(LR=0xCBC3DCA3 )
(             libc.so[0xCBC2B000])[05 60       ]0x00012CA2:	STR	R5, [R0]	;(R5=0x00000001 R0=0x00000008 )
(             libc.so[0xCBC2B000])[20 46       ]0x00012CA4:	MOV	R0, R4	;(R4=0x30000000 )
(             libc.so[0xCBC2B000])[FE BD       ]0x00012CA6:	POP	{R1, R2, R3, R4, R5, R6, R7, PC}	;(SP=0x100FFF18 )
(             libc.so[0xCBC2B000])[43 1C       ]0x0000F814:	ADDS	R3, R0, #1	;(R0=0x30000000 )
(             libc.so[0xCBC2B000])[05 46       ]0x0000F816:	MOV	R5, R0	;(R0=0x30000000 )
(             libc.so[0xCBC2B000])[04 D0       ]0x0000F818:	BEQ	#0XCBC3A824
(             libc.so[0xCBC2B000])[03 4A       ]0x0000F81A:	LDR	R2, [PC, #0XC]	;(PC=0xCBC3A81A )
(             libc.so[0xCBC2B000])[21 46       ]0x0000F81C:	MOV	R1, R4	;(R4=0x00001000 )
(             libc.so[0xCBC2B000])[7A 44       ]0x0000F81E:	ADD	R2, PC	;(R2=0x00030430 PC=0xCBC3A81E )
(             libc.so[0xCBC2B000])[1D F0 60 FF ]0x0000F820:	BL	#0XCBC586E4	;(PC=0xCBC3A820 )
(             libc.so[0xCBC2B000])[13 B5       ]0x0002D6E4:	PUSH	{R0, R1, R4, LR} ; __bionic_name_mem	;(SP=0x100FFF38 R0=0x30000000 R1=0x00001000 R4=0x00001000 LR=0xCBC3A825 )
(             libc.so[0xCBC2B000])[04 46       ]0x0002D6E6:	MOV	R4, R0	;(R0=0x30000000 )
(             libc.so[0xCBC2B000])[0B 46       ]0x0002D6E8:	MOV	R3, R1	;(R1=0x00001000 )
(             libc.so[0xCBC2B000])[00 92       ]0x0002D6EA:	STR	R2, [SP]	;(R2=0xCBC6AC52 SP=0x100FFF28 )
(             libc.so[0xCBC2B000])[00 21       ]0x0002D6EC:	MOVS	R1, #0
(             libc.so[0xCBC2B000])[22 46       ]0x0002D6EE:	MOV	R2, R4	;(R4=0x30000000 )
(             libc.so[0xCBC2B000])[01 48       ]0x0002D6F0:	LDR	R0, [PC, #4]	;(PC=0xCBC586F0 )
(             libc.so[0xCBC2B000])[F2 F7 90 ED ]0x0002D6F2:	BLX	#0XCBC4B214	;(PC=0xCBC586F2 )
(             libc.so[0xCBC2B000])[0D C0 A0 E1 ]0x00020214:	MOV	IP, SP ; prctl	;(SP=0x100FFF28 )
(             libc.so[0xCBC2B000])[F0 00 2D E9 ]0x00020218:	PUSH	{R4, R5, R6, R7}	;(SP=0x100FFF28 R4=0x30000000 R5=0x30000000 R6=0xFFFFFFFF R7=0x00001000 )
(             libc.so[0xCBC2B000])[70 00 9C E8 ]0x0002021C:	LDM	IP, {R4, R5, R6}	;(IP=0x100FFF28 )
(             libc.so[0xCBC2B000])[AC 70 A0 E3 ]0x00020220:	MOV	R7, #0XAC
(             libc.so[0xCBC2B000])[00 00 00 EF ]0x00020224:	SVC	#0	;(PC=0xCBC4B224 )
(             libc.so[0xCBC2B000])[F0 00 BD E8 ]0x00020228:	POP	{R4, R5, R6, R7}	;(SP=0x100FFF18 )
(             libc.so[0xCBC2B000])[01 0A 70 E3 ]0x0002022C:	CMN	R0, #0X1000	;(R0=0x00000000 )
(             libc.so[0xCBC2B000])[1E FF 2F 91 ]0x00020230:	BXLS	LR
(             libc.so[0xCBC2B000])[1C BD       ]0x0002D6F6:	POP	{R2, R3, R4, PC}	;(SP=0x100FFF28 )
(             libc.so[0xCBC2B000])[28 46       ]0x0000F824:	MOV	R0, R5	;(R5=0x30000000 )
(             libc.so[0xCBC2B000])[3E BD       ]0x0000F826:	POP	{R1, R2, R3, R4, R5, PC}	;(SP=0x100FFF38 )
(             libc.so[0xCBC2B000])[42 1C       ]0x0001064E:	ADDS	R2, R0, #1	;(R0=0x30000000 )
(             libc.so[0xCBC2B000])[06 46       ]0x00010650:	MOV	R6, R0	;(R0=0x30000000 )
(             libc.so[0xCBC2B000])[40 F0 26 84 ]0x00010652:	BNE.W	#0XCBC3BEA2
(             libc.so[0xCBC2B000])[4F F0 01 09 ]0x00010EA2:	MOV.W	SB, #1
(             libc.so[0xCBC2B000])[85 E4       ]0x00010EA6:	B	#0XCBC3B7B4
(             libc.so[0xCBC2B000])[99 4D       ]0x000107B4:	LDR	R5, [PC, #0X264]	;(PC=0xCBC3B7B4 )
(             libc.so[0xCBC2B000])[9A 49       ]0x000107B6:	LDR	R1, [PC, #0X268]	;(PC=0xCBC3B7B6 )
(             libc.so[0xCBC2B000])[7D 44       ]0x000107B8:	ADD	R5, PC	;(R5=0x0003D9C4 PC=0xCBC3B7B8 )
(             libc.so[0xCBC2B000])[79 44       ]0x000107BA:	ADD	R1, PC	;(R1=0x0003D9C2 PC=0xCBC3B7BA )
(             libc.so[0xCBC2B000])[D5 F8 B0 01 ]0x000107BC:	LDR.W	R0, [R5, #0X1B0]	;(R5=0xCBC79180 )
(             libc.so[0xCBC2B000])[D5 F8 B4 31 ]0x000107C0:	LDR.W	R3, [R5, #0X1B4]	;(R5=0xCBC79180 )
(             libc.so[0xCBC2B000])[3A 18       ]0x000107C4:	ADDS	R2, R7, R0	;(R7=0x00001000 R0=0x00000000 )
(             libc.so[0xCBC2B000])[C5 F8 B0 21 ]0x000107C6:	STR.W	R2, [R5, #0X1B0]	;(R2=0x00001000 R5=0xCBC79180 )
(             libc.so[0xCBC2B000])[9A 42       ]0x000107CA:	CMP	R2, R3	;(R2=0x00001000 R3=0x00000000 )
(             libc.so[0xCBC2B000])[88 BF       ]0x000107CC:	IT	HI
(             libc.so[0xCBC2B000])[C5 F8 B4 21 ]0x000107CE:	STR.W	R2, [R5, #0X1B4]	;(R2=0x00001000 R5=0xCBC79180 )
(             libc.so[0xCBC2B000])[8D 69       ]0x000107D2:	LDR	R5, [R1, #0X18]	;(R1=0xCBC79180 )
(             libc.so[0xCBC2B000])[2D BB       ]0x000107D4:	CBNZ	R5, #0XCBC3B822	;(R5=0x00000000 )
(             libc.so[0xCBC2B000])[0B 69       ]0x000107D6:	LDR	R3, [R1, #0X10]	;(R1=0xCBC79180 )
(             libc.so[0xCBC2B000])[0B B1       ]0x000107D8:	CBZ	R3, #0XCBC3B7DE	;(R3=0x00000000 )
(             libc.so[0xCBC2B000])[91 48       ]0x000107DE:	LDR	R0, [PC, #0X244]	;(PC=0xCBC3B7DE )
(             libc.so[0xCBC2B000])[78 44       ]0x000107E0:	ADD	R0, PC	;(R0=0x0003D99C PC=0xCBC3B7E0 )
(             libc.so[0xCBC2B000])[06 61       ]0x000107E2:	STR	R6, [R0, #0X10]	;(R6=0x30000000 R0=0xCBC79180 )
(             libc.so[0xCBC2B000])[90 49       ]0x000107E4:	LDR	R1, [PC, #0X240]	;(PC=0xCBC3B7E4 )
(             libc.so[0xCBC2B000])[40 F6 FF 73 ]0x000107E6:	MOVW	R3, #0XFFF
(             libc.so[0xCBC2B000])[90 48       ]0x000107EA:	LDR	R0, [PC, #0X240]	;(PC=0xCBC3B7EA )
(             libc.so[0xCBC2B000])[79 44       ]0x000107EC:	ADD	R1, PC	;(R1=0x0003DB70 PC=0xCBC3B7EC )
(             libc.so[0xCBC2B000])[78 44       ]0x000107EE:	ADD	R0, PC	;(R0=0x0003D98E PC=0xCBC3B7EE )
(             libc.so[0xCBC2B000])[0A 68       ]0x000107F0:	LDR	R2, [R1]	;(R1=0xCBC79360 )
(             libc.so[0xCBC2B000])[C0 F8 C4 61 ]0x000107F2:	STR.W	R6, [R0, #0X1C4]	;(R6=0x30000000 R0=0xCBC79180 )
(             libc.so[0xCBC2B000])[C0 F8 C8 71 ]0x000107F6:	STR.W	R7, [R0, #0X1C8]	;(R7=0x00001000 R0=0xCBC79180 )
(             libc.so[0xCBC2B000])[42 62       ]0x000107FA:	STR	R2, [R0, #0X24]	;(R2=0x0B13C7D8 R0=0xCBC79180 )
(             libc.so[0xCBC2B000])[00 22       ]0x000107FC:	MOVS	R2, #0
(             libc.so[0xCBC2B000])[C0 F8 D0 91 ]0x000107FE:	STR.W	SB, [R0, #0X1D0]	;(SB=0x00000001 R0=0xCBC79180 )
(             libc.so[0xCBC2B000])[03 62       ]0x00010802:	STR	R3, [R0, #0X20]	;(R3=0x00000FFF R0=0xCBC79180 )
(             libc.so[0xCBC2B000])[00 EB C2 01 ]0x00010804:	ADD.W	R1, R0, R2, LSL #3	;(R0=0xCBC79180 R2=0x00000000 )
(             libc.so[0xCBC2B000])[01 32       ]0x00010808:	ADDS	R2, #1	;(R2=0x00000000 )
(             libc.so[0xCBC2B000])[28 31       ]0x0001080A:	ADDS	R1, #0X28	;(R1=0xCBC79180 )
(             libc.so[0xCBC2B000])[20 2A       ]0x0001080C:	CMP	R2, #0X20	;(R2=0x00000001 )
(             libc.so[0xCBC2B000])[C9 60       ]0x0001080E:	STR	R1, [R1, #0XC]	;(R1=0xCBC791A8 )
(             libc.so[0xCBC2B000])[89 60       ]0x00010810:	STR	R1, [R1, #8]	;(R1=0xCBC791A8 )
(             libc.so[0xCBC2B000])[F7 D1       ]0x00010812:	BNE	#0XCBC3B804
(             libc.so[0xCBC2B000])[00 EB C2 01 ]0x00010804:	ADD.W	R1, R0, R2, LSL #3	;(R0=0xCBC79180 R2=0x00000001 )
(             libc.so[0xCBC2B000])[01 32       ]0x00010808:	ADDS	R2, #1	;(R2=0x00000001 )
(             libc.so[0xCBC2B000])[28 31       ]0x0001080A:	ADDS	R1, #0X28	;(R1=0xCBC79188 )
(             libc.so[0xCBC2B000])[20 2A       ]0x0001080C:	CMP	R2, #0X20	;(R2=0x00000002 )
(             libc.so[0xCBC2B000])[C9 60       ]0x0001080E:	STR	R1, [R1, #0XC]	;(R1=0xCBC791B0 )
(             libc.so[0xCBC2B000])[89 60       ]0x00010810:	STR	R1, [R1, #8]	;(R1=0xCBC791B0 )
(             libc.so[0xCBC2B000])[F7 D1       ]0x00010812:	BNE	#0XCBC3B804
(             libc.so[0xCBC2B000])[00 EB C2 01 ]0x00010804:	ADD.W	R1, R0, R2, LSL #3	;(R0=0xCBC79180 R2=0x00000002 )
(             libc.so[0xCBC2B000])[01 32       ]0x00010808:	ADDS	R2, #1	;(R2=0x00000002 )
(             libc.so[0xCBC2B000])[28 31       ]0x0001080A:	ADDS	R1, #0X28	;(R1=0xCBC79190 )
(             libc.so[0xCBC2B000])[20 2A       ]0x0001080C:	CMP	R2, #0X20	;(R2=0x00000003 )
(             libc.so[0xCBC2B000])[C9 60       ]0x0001080E:	STR	R1, [R1, #0XC]	;(R1=0xCBC791B8 )
(             libc.so[0xCBC2B000])[89 60       ]0x00010810:	STR	R1, [R1, #8]	;(R1=0xCBC791B8 )
(             libc.so[0xCBC2B000])[F7 D1       ]0x00010812:	BNE	#0XCBC3B804
(             libc.so[0xCBC2B000])[00 EB C2 01 ]0x00010804:	ADD.W	R1, R0, R2, LSL #3	;(R0=0xCBC79180 R2=0x00000003 )
(             libc.so[0xCBC2B000])[01 32       ]0x00010808:	ADDS	R2, #1	;(R2=0x00000003 )
(             libc.so[0xCBC2B000])[28 31       ]0x0001080A:	ADDS	R1, #0X28	;(R1=0xCBC79198 )
(             libc.so[0xCBC2B000])[20 2A       ]0x0001080C:	CMP	R2, #0X20	;(R2=0x00000004 )
(             libc.so[0xCBC2B000])[C9 60       ]0x0001080E:	STR	R1, [R1, #0XC]	;(R1=0xCBC791C0 )
(             libc.so[0xCBC2B000])[89 60       ]0x00010810:	STR	R1, [R1, #8]	;(R1=0xCBC791C0 )
(             libc.so[0xCBC2B000])[F7 D1       ]0x00010812:	BNE	#0XCBC3B804
(             libc.so[0xCBC2B000])[00 EB C2 01 ]0x00010804:	ADD.W	R1, R0, R2, LSL #3	;(R0=0xCBC79180 R2=0x00000004 )
(             libc.so[0xCBC2B000])[01 32       ]0x00010808:	ADDS	R2, #1	;(R2=0x00000004 )
(             libc.so[0xCBC2B000])[28 31       ]0x0001080A:	ADDS	R1, #0X28	;(R1=0xCBC791A0 )
(             libc.so[0xCBC2B000])[20 2A       ]0x0001080C:	CMP	R2, #0X20	;(R2=0x00000005 )
(             libc.so[0xCBC2B000])[C9 60       ]0x0001080E:	STR	R1, [R1, #0XC]	;(R1=0xCBC791C8 )
(             libc.so[0xCBC2B000])[89 60       ]0x00010810:	STR	R1, [R1, #8]	;(R1=0xCBC791C8 )
(             libc.so[0xCBC2B000])[F7 D1       ]0x00010812:	BNE	#0XCBC3B804
(             libc.so[0xCBC2B000])[00 EB C2 01 ]0x00010804:	ADD.W	R1, R0, R2, LSL #3	;(R0=0xCBC79180 R2=0x00000005 )
(             libc.so[0xCBC2B000])[01 32       ]0x00010808:	ADDS	R2, #1	;(R2=0x00000005 )
(             libc.so[0xCBC2B000])[28 31       ]0x0001080A:	ADDS	R1, #0X28	;(R1=0xCBC791A8 )
(             libc.so[0xCBC2B000])[20 2A       ]0x0001080C:	CMP	R2, #0X20	;(R2=0x00000006 )
(             libc.so[0xCBC2B000])[C9 60       ]0x0001080E:	STR	R1, [R1, #0XC]	;(R1=0xCBC791D0 )
(             libc.so[0xCBC2B000])[89 60       ]0x00010810:	STR	R1, [R1, #8]	;(R1=0xCBC791D0 )
(             libc.so[0xCBC2B000])[F7 D1       ]0x00010812:	BNE	#0XCBC3B804
(             libc.so[0xCBC2B000])[00 EB C2 01 ]0x00010804:	ADD.W	R1, R0, R2, LSL #3	;(R0=0xCBC79180 R2=0x00000006 )
(             libc.so[0xCBC2B000])[01 32       ]0x00010808:	ADDS	R2, #1	;(R2=0x00000006 )
(             libc.so[0xCBC2B000])[28 31       ]0x0001080A:	ADDS	R1, #0X28	;(R1=0xCBC791B0 )
(             libc.so[0xCBC2B000])[20 2A       ]0x0001080C:	CMP	R2, #0X20	;(R2=0x00000007 )
(             libc.so[0xCBC2B000])[C9 60       ]0x0001080E:	STR	R1, [R1, #0XC]	;(R1=0xCBC791D8 )
(             libc.so[0xCBC2B000])[89 60       ]0x00010810:	STR	R1, [R1, #8]	;(R1=0xCBC791D8 )
(             libc.so[0xCBC2B000])[F7 D1       ]0x00010812:	BNE	#0XCBC3B804
(             libc.so[0xCBC2B000])[00 EB C2 01 ]0x00010804:	ADD.W	R1, R0, R2, LSL #3	;(R0=0xCBC79180 R2=0x00000007 )
(             libc.so[0xCBC2B000])[01 32       ]0x00010808:	ADDS	R2, #1	;(R2=0x00000007 )
(             libc.so[0xCBC2B000])[28 31       ]0x0001080A:	ADDS	R1, #0X28	;(R1=0xCBC791B8 )
(             libc.so[0xCBC2B000])[20 2A       ]0x0001080C:	CMP	R2, #0X20	;(R2=0x00000008 )
(             libc.so[0xCBC2B000])[C9 60       ]0x0001080E:	STR	R1, [R1, #0XC]	;(R1=0xCBC791E0 )
(             libc.so[0xCBC2B000])[89 60       ]0x00010810:	STR	R1, [R1, #8]	;(R1=0xCBC791E0 )
(             libc.so[0xCBC2B000])[F7 D1       ]0x00010812:	BNE	#0XCBC3B804
(             libc.so[0xCBC2B000])[00 EB C2 01 ]0x00010804:	ADD.W	R1, R0, R2, LSL #3	;(R0=0xCBC79180 R2=0x00000008 )
(             libc.so[0xCBC2B000])[01 32       ]0x00010808:	ADDS	R2, #1	;(R2=0x00000008 )
(             libc.so[0xCBC2B000])[28 31       ]0x0001080A:	ADDS	R1, #0X28	;(R1=0xCBC791C0 )
(             libc.so[0xCBC2B000])[20 2A       ]0x0001080C:	CMP	R2, #0X20	;(R2=0x00000009 )
(             libc.so[0xCBC2B000])[C9 60       ]0x0001080E:	STR	R1, [R1, #0XC]	;(R1=0xCBC791E8 )
(             libc.so[0xCBC2B000])[89 60       ]0x00010810:	STR	R1, [R1, #8]	;(R1=0xCBC791E8 )
(             libc.so[0xCBC2B000])[F7 D1       ]0x00010812:	BNE	#0XCBC3B804
(             libc.so[0xCBC2B000])[00 EB C2 01 ]0x00010804:	ADD.W	R1, R0, R2, LSL #3	;(R0=0xCBC79180 R2=0x00000009 )
(             libc.so[0xCBC2B000])[01 32       ]0x00010808:	ADDS	R2, #1	;(R2=0x00000009 )
(             libc.so[0xCBC2B000])[28 31       ]0x0001080A:	ADDS	R1, #0X28	;(R1=0xCBC791C8 )
(             libc.so[0xCBC2B000])[20 2A       ]0x0001080C:	CMP	R2, #0X20	;(R2=0x0000000A )
(             libc.so[0xCBC2B000])[C9 60       ]0x0001080E:	STR	R1, [R1, #0XC]	;(R1=0xCBC791F0 )
(             libc.so[0xCBC2B000])[89 60       ]0x00010810:	STR	R1, [R1, #8]	;(R1=0xCBC791F0 )
(             libc.so[0xCBC2B000])[F7 D1       ]0x00010812:	BNE	#0XCBC3B804
(             libc.so[0xCBC2B000])[00 EB C2 01 ]0x00010804:	ADD.W	R1, R0, R2, LSL #3	;(R0=0xCBC79180 R2=0x0000000A )
(             libc.so[0xCBC2B000])[01 32       ]0x00010808:	ADDS	R2, #1	;(R2=0x0000000A )
(             libc.so[0xCBC2B000])[28 31       ]0x0001080A:	ADDS	R1, #0X28	;(R1=0xCBC791D0 )
(             libc.so[0xCBC2B000])[20 2A       ]0x0001080C:	CMP	R2, #0X20	;(R2=0x0000000B )
(             libc.so[0xCBC2B000])[C9 60       ]0x0001080E:	STR	R1, [R1, #0XC]	;(R1=0xCBC791F8 )
(             libc.so[0xCBC2B000])[89 60       ]0x00010810:	STR	R1, [R1, #8]	;(R1=0xCBC791F8 )
(             libc.so[0xCBC2B000])[F7 D1       ]0x00010812:	BNE	#0XCBC3B804
(             libc.so[0xCBC2B000])[00 EB C2 01 ]0x00010804:	ADD.W	R1, R0, R2, LSL #3	;(R0=0xCBC79180 R2=0x0000000B )
(             libc.so[0xCBC2B000])[01 32       ]0x00010808:	ADDS	R2, #1	;(R2=0x0000000B )
(             libc.so[0xCBC2B000])[28 31       ]0x0001080A:	ADDS	R1, #0X28	;(R1=0xCBC791D8 )
(             libc.so[0xCBC2B000])[20 2A       ]0x0001080C:	CMP	R2, #0X20	;(R2=0x0000000C )
(             libc.so[0xCBC2B000])[C9 60       ]0x0001080E:	STR	R1, [R1, #0XC]	;(R1=0xCBC79200 )
(             libc.so[0xCBC2B000])[89 60       ]0x00010810:	STR	R1, [R1, #8]	;(R1=0xCBC79200 )
(             libc.so[0xCBC2B000])[F7 D1       ]0x00010812:	BNE	#0XCBC3B804
(             libc.so[0xCBC2B000])[00 EB C2 01 ]0x00010804:	ADD.W	R1, R0, R2, LSL #3	;(R0=0xCBC79180 R2=0x0000000C )
(             libc.so[0xCBC2B000])[01 32       ]0x00010808:	ADDS	R2, #1	;(R2=0x0000000C )
(             libc.so[0xCBC2B000])[28 31       ]0x0001080A:	ADDS	R1, #0X28	;(R1=0xCBC791E0 )
(             libc.so[0xCBC2B000])[20 2A       ]0x0001080C:	CMP	R2, #0X20	;(R2=0x0000000D )
(             libc.so[0xCBC2B000])[C9 60       ]0x0001080E:	STR	R1, [R1, #0XC]	;(R1=0xCBC79208 )
(             libc.so[0xCBC2B000])[89 60       ]0x00010810:	STR	R1, [R1, #8]	;(R1=0xCBC79208 )
(             libc.so[0xCBC2B000])[F7 D1       ]0x00010812:	BNE	#0XCBC3B804
(             libc.so[0xCBC2B000])[00 EB C2 01 ]0x00010804:	ADD.W	R1, R0, R2, LSL #3	;(R0=0xCBC79180 R2=0x0000000D )
(             libc.so[0xCBC2B000])[01 32       ]0x00010808:	ADDS	R2, #1	;(R2=0x0000000D )
(             libc.so[0xCBC2B000])[28 31       ]0x0001080A:	ADDS	R1, #0X28	;(R1=0xCBC791E8 )
(             libc.so[0xCBC2B000])[20 2A       ]0x0001080C:	CMP	R2, #0X20	;(R2=0x0000000E )
(             libc.so[0xCBC2B000])[C9 60       ]0x0001080E:	STR	R1, [R1, #0XC]	;(R1=0xCBC79210 )
(             libc.so[0xCBC2B000])[89 60       ]0x00010810:	STR	R1, [R1, #8]	;(R1=0xCBC79210 )
(             libc.so[0xCBC2B000])[F7 D1       ]0x00010812:	BNE	#0XCBC3B804
(             libc.so[0xCBC2B000])[00 EB C2 01 ]0x00010804:	ADD.W	R1, R0, R2, LSL #3	;(R0=0xCBC79180 R2=0x0000000E )
(             libc.so[0xCBC2B000])[01 32       ]0x00010808:	ADDS	R2, #1	;(R2=0x0000000E )
(             libc.so[0xCBC2B000])[28 31       ]0x0001080A:	ADDS	R1, #0X28	;(R1=0xCBC791F0 )
(             libc.so[0xCBC2B000])[20 2A       ]0x0001080C:	CMP	R2, #0X20	;(R2=0x0000000F )
(             libc.so[0xCBC2B000])[C9 60       ]0x0001080E:	STR	R1, [R1, #0XC]	;(R1=0xCBC79218 )
(             libc.so[0xCBC2B000])[89 60       ]0x00010810:	STR	R1, [R1, #8]	;(R1=0xCBC79218 )
(             libc.so[0xCBC2B000])[F7 D1       ]0x00010812:	BNE	#0XCBC3B804
(             libc.so[0xCBC2B000])[00 EB C2 01 ]0x00010804:	ADD.W	R1, R0, R2, LSL #3	;(R0=0xCBC79180 R2=0x0000000F )
(             libc.so[0xCBC2B000])[01 32       ]0x00010808:	ADDS	R2, #1	;(R2=0x0000000F )
(             libc.so[0xCBC2B000])[28 31       ]0x0001080A:	ADDS	R1, #0X28	;(R1=0xCBC791F8 )
(             libc.so[0xCBC2B000])[20 2A       ]0x0001080C:	CMP	R2, #0X20	;(R2=0x00000010 )
(             libc.so[0xCBC2B000])[C9 60       ]0x0001080E:	STR	R1, [R1, #0XC]	;(R1=0xCBC79220 )
(             libc.so[0xCBC2B000])[89 60       ]0x00010810:	STR	R1, [R1, #8]	;(R1=0xCBC79220 )
(             libc.so[0xCBC2B000])[F7 D1       ]0x00010812:	BNE	#0XCBC3B804
(             libc.so[0xCBC2B000])[00 EB C2 01 ]0x00010804:	ADD.W	R1, R0, R2, LSL #3	;(R0=0xCBC79180 R2=0x00000010 )
(             libc.so[0xCBC2B000])[01 32       ]0x00010808:	ADDS	R2, #1	;(R2=0x00000010 )
(             libc.so[0xCBC2B000])[28 31       ]0x0001080A:	ADDS	R1, #0X28	;(R1=0xCBC79200 )
(             libc.so[0xCBC2B000])[20 2A       ]0x0001080C:	CMP	R2, #0X20	;(R2=0x00000011 )
(             libc.so[0xCBC2B000])[C9 60       ]0x0001080E:	STR	R1, [R1, #0XC]	;(R1=0xCBC79228 )
(             libc.so[0xCBC2B000])[89 60       ]0x00010810:	STR	R1, [R1, #8]	;(R1=0xCBC79228 )
(             libc.so[0xCBC2B000])[F7 D1       ]0x00010812:	BNE	#0XCBC3B804
(             libc.so[0xCBC2B000])[00 EB C2 01 ]0x00010804:	ADD.W	R1, R0, R2, LSL #3	;(R0=0xCBC79180 R2=0x00000011 )
(             libc.so[0xCBC2B000])[01 32       ]0x00010808:	ADDS	R2, #1	;(R2=0x00000011 )
(             libc.so[0xCBC2B000])[28 31       ]0x0001080A:	ADDS	R1, #0X28	;(R1=0xCBC79208 )
(             libc.so[0xCBC2B000])[20 2A       ]0x0001080C:	CMP	R2, #0X20	;(R2=0x00000012 )
(             libc.so[0xCBC2B000])[C9 60       ]0x0001080E:	STR	R1, [R1, #0XC]	;(R1=0xCBC79230 )
(             libc.so[0xCBC2B000])[89 60       ]0x00010810:	STR	R1, [R1, #8]	;(R1=0xCBC79230 )
(             libc.so[0xCBC2B000])[F7 D1       ]0x00010812:	BNE	#0XCBC3B804
(             libc.so[0xCBC2B000])[00 EB C2 01 ]0x00010804:	ADD.W	R1, R0, R2, LSL #3	;(R0=0xCBC79180 R2=0x00000012 )
(             libc.so[0xCBC2B000])[01 32       ]0x00010808:	ADDS	R2, #1	;(R2=0x00000012 )
(             libc.so[0xCBC2B000])[28 31       ]0x0001080A:	ADDS	R1, #0X28	;(R1=0xCBC79210 )
(             libc.so[0xCBC2B000])[20 2A       ]0x0001080C:	CMP	R2, #0X20	;(R2=0x00000013 )
(             libc.so[0xCBC2B000])[C9 60       ]0x0001080E:	STR	R1, [R1, #0XC]	;(R1=0xCBC79238 )
(             libc.so[0xCBC2B000])[89 60       ]0x00010810:	STR	R1, [R1, #8]	;(R1=0xCBC79238 )
(             libc.so[0xCBC2B000])[F7 D1       ]0x00010812:	BNE	#0XCBC3B804
(             libc.so[0xCBC2B000])[00 EB C2 01 ]0x00010804:	ADD.W	R1, R0, R2, LSL #3	;(R0=0xCBC79180 R2=0x00000013 )
(             libc.so[0xCBC2B000])[01 32       ]0x00010808:	ADDS	R2, #1	;(R2=0x00000013 )
(             libc.so[0xCBC2B000])[28 31       ]0x0001080A:	ADDS	R1, #0X28	;(R1=0xCBC79218 )
(             libc.so[0xCBC2B000])[20 2A       ]0x0001080C:	CMP	R2, #0X20	;(R2=0x00000014 )
(             libc.so[0xCBC2B000])[C9 60       ]0x0001080E:	STR	R1, [R1, #0XC]	;(R1=0xCBC79240 )
(             libc.so[0xCBC2B000])[89 60       ]0x00010810:	STR	R1, [R1, #8]	;(R1=0xCBC79240 )
(             libc.so[0xCBC2B000])[F7 D1       ]0x00010812:	BNE	#0XCBC3B804
(             libc.so[0xCBC2B000])[00 EB C2 01 ]0x00010804:	ADD.W	R1, R0, R2, LSL #3	;(R0=0xCBC79180 R2=0x00000014 )
(             libc.so[0xCBC2B000])[01 32       ]0x00010808:	ADDS	R2, #1	;(R2=0x00000014 )
(             libc.so[0xCBC2B000])[28 31       ]0x0001080A:	ADDS	R1, #0X28	;(R1=0xCBC79220 )
(             libc.so[0xCBC2B000])[20 2A       ]0x0001080C:	CMP	R2, #0X20	;(R2=0x00000015 )
(             libc.so[0xCBC2B000])[C9 60       ]0x0001080E:	STR	R1, [R1, #0XC]	;(R1=0xCBC79248 )
(             libc.so[0xCBC2B000])[89 60       ]0x00010810:	STR	R1, [R1, #8]	;(R1=0xCBC79248 )
(             libc.so[0xCBC2B000])[F7 D1       ]0x00010812:	BNE	#0XCBC3B804
(             libc.so[0xCBC2B000])[00 EB C2 01 ]0x00010804:	ADD.W	R1, R0, R2, LSL #3	;(R0=0xCBC79180 R2=0x00000015 )
(             libc.so[0xCBC2B000])[01 32       ]0x00010808:	ADDS	R2, #1	;(R2=0x00000015 )
(             libc.so[0xCBC2B000])[28 31       ]0x0001080A:	ADDS	R1, #0X28	;(R1=0xCBC79228 )
(             libc.so[0xCBC2B000])[20 2A       ]0x0001080C:	CMP	R2, #0X20	;(R2=0x00000016 )
(             libc.so[0xCBC2B000])[C9 60       ]0x0001080E:	STR	R1, [R1, #0XC]	;(R1=0xCBC79250 )
(             libc.so[0xCBC2B000])[89 60       ]0x00010810:	STR	R1, [R1, #8]	;(R1=0xCBC79250 )
(             libc.so[0xCBC2B000])[F7 D1       ]0x00010812:	BNE	#0XCBC3B804
(             libc.so[0xCBC2B000])[00 EB C2 01 ]0x00010804:	ADD.W	R1, R0, R2, LSL #3	;(R0=0xCBC79180 R2=0x00000016 )
(             libc.so[0xCBC2B000])[01 32       ]0x00010808:	ADDS	R2, #1	;(R2=0x00000016 )
(             libc.so[0xCBC2B000])[28 31       ]0x0001080A:	ADDS	R1, #0X28	;(R1=0xCBC79230 )
(             libc.so[0xCBC2B000])[20 2A       ]0x0001080C:	CMP	R2, #0X20	;(R2=0x00000017 )
(             libc.so[0xCBC2B000])[C9 60       ]0x0001080E:	STR	R1, [R1, #0XC]	;(R1=0xCBC79258 )
(             libc.so[0xCBC2B000])[89 60       ]0x00010810:	STR	R1, [R1, #8]	;(R1=0xCBC79258 )
(             libc.so[0xCBC2B000])[F7 D1       ]0x00010812:	BNE	#0XCBC3B804
(             libc.so[0xCBC2B000])[00 EB C2 01 ]0x00010804:	ADD.W	R1, R0, R2, LSL #3	;(R0=0xCBC79180 R2=0x00000017 )
(             libc.so[0xCBC2B000])[01 32       ]0x00010808:	ADDS	R2, #1	;(R2=0x00000017 )
(             libc.so[0xCBC2B000])[28 31       ]0x0001080A:	ADDS	R1, #0X28	;(R1=0xCBC79238 )
(             libc.so[0xCBC2B000])[20 2A       ]0x0001080C:	CMP	R2, #0X20	;(R2=0x00000018 )
(             libc.so[0xCBC2B000])[C9 60       ]0x0001080E:	STR	R1, [R1, #0XC]	;(R1=0xCBC79260 )
(             libc.so[0xCBC2B000])[89 60       ]0x00010810:	STR	R1, [R1, #8]	;(R1=0xCBC79260 )
(             libc.so[0xCBC2B000])[F7 D1       ]0x00010812:	BNE	#0XCBC3B804
(             libc.so[0xCBC2B000])[00 EB C2 01 ]0x00010804:	ADD.W	R1, R0, R2, LSL #3	;(R0=0xCBC79180 R2=0x00000018 )
(             libc.so[0xCBC2B000])[01 32       ]0x00010808:	ADDS	R2, #1	;(R2=0x00000018 )
(             libc.so[0xCBC2B000])[28 31       ]0x0001080A:	ADDS	R1, #0X28	;(R1=0xCBC79240 )
(             libc.so[0xCBC2B000])[20 2A       ]0x0001080C:	CMP	R2, #0X20	;(R2=0x00000019 )
(             libc.so[0xCBC2B000])[C9 60       ]0x0001080E:	STR	R1, [R1, #0XC]	;(R1=0xCBC79268 )
(             libc.so[0xCBC2B000])[89 60       ]0x00010810:	STR	R1, [R1, #8]	;(R1=0xCBC79268 )
(             libc.so[0xCBC2B000])[F7 D1       ]0x00010812:	BNE	#0XCBC3B804
(             libc.so[0xCBC2B000])[00 EB C2 01 ]0x00010804:	ADD.W	R1, R0, R2, LSL #3	;(R0=0xCBC79180 R2=0x00000019 )
(             libc.so[0xCBC2B000])[01 32       ]0x00010808:	ADDS	R2, #1	;(R2=0x00000019 )
(             libc.so[0xCBC2B000])[28 31       ]0x0001080A:	ADDS	R1, #0X28	;(R1=0xCBC79248 )
(             libc.so[0xCBC2B000])[20 2A       ]0x0001080C:	CMP	R2, #0X20	;(R2=0x0000001A )
(             libc.so[0xCBC2B000])[C9 60       ]0x0001080E:	STR	R1, [R1, #0XC]	;(R1=0xCBC79270 )
(             libc.so[0xCBC2B000])[89 60       ]0x00010810:	STR	R1, [R1, #8]	;(R1=0xCBC79270 )
(             libc.so[0xCBC2B000])[F7 D1       ]0x00010812:	BNE	#0XCBC3B804
(             libc.so[0xCBC2B000])[00 EB C2 01 ]0x00010804:	ADD.W	R1, R0, R2, LSL #3	;(R0=0xCBC79180 R2=0x0000001A )
(             libc.so[0xCBC2B000])[01 32       ]0x00010808:	ADDS	R2, #1	;(R2=0x0000001A )
(             libc.so[0xCBC2B000])[28 31       ]0x0001080A:	ADDS	R1, #0X28	;(R1=0xCBC79250 )
(             libc.so[0xCBC2B000])[20 2A       ]0x0001080C:	CMP	R2, #0X20	;(R2=0x0000001B )
(             libc.so[0xCBC2B000])[C9 60       ]0x0001080E:	STR	R1, [R1, #0XC]	;(R1=0xCBC79278 )
(             libc.so[0xCBC2B000])[89 60       ]0x00010810:	STR	R1, [R1, #8]	;(R1=0xCBC79278 )
(             libc.so[0xCBC2B000])[F7 D1       ]0x00010812:	BNE	#0XCBC3B804
(             libc.so[0xCBC2B000])[00 EB C2 01 ]0x00010804:	ADD.W	R1, R0, R2, LSL #3	;(R0=0xCBC79180 R2=0x0000001B )
(             libc.so[0xCBC2B000])[01 32       ]0x00010808:	ADDS	R2, #1	;(R2=0x0000001B )
(             libc.so[0xCBC2B000])[28 31       ]0x0001080A:	ADDS	R1, #0X28	;(R1=0xCBC79258 )
(             libc.so[0xCBC2B000])[20 2A       ]0x0001080C:	CMP	R2, #0X20	;(R2=0x0000001C )
(             libc.so[0xCBC2B000])[C9 60       ]0x0001080E:	STR	R1, [R1, #0XC]	;(R1=0xCBC79280 )
(             libc.so[0xCBC2B000])[89 60       ]0x00010810:	STR	R1, [R1, #8]	;(R1=0xCBC79280 )
(             libc.so[0xCBC2B000])[F7 D1       ]0x00010812:	BNE	#0XCBC3B804
(             libc.so[0xCBC2B000])[00 EB C2 01 ]0x00010804:	ADD.W	R1, R0, R2, LSL #3	;(R0=0xCBC79180 R2=0x0000001C )
(             libc.so[0xCBC2B000])[01 32       ]0x00010808:	ADDS	R2, #1	;(R2=0x0000001C )
(             libc.so[0xCBC2B000])[28 31       ]0x0001080A:	ADDS	R1, #0X28	;(R1=0xCBC79260 )
(             libc.so[0xCBC2B000])[20 2A       ]0x0001080C:	CMP	R2, #0X20	;(R2=0x0000001D )
(             libc.so[0xCBC2B000])[C9 60       ]0x0001080E:	STR	R1, [R1, #0XC]	;(R1=0xCBC79288 )
(             libc.so[0xCBC2B000])[89 60       ]0x00010810:	STR	R1, [R1, #8]	;(R1=0xCBC79288 )
(             libc.so[0xCBC2B000])[F7 D1       ]0x00010812:	BNE	#0XCBC3B804
(             libc.so[0xCBC2B000])[00 EB C2 01 ]0x00010804:	ADD.W	R1, R0, R2, LSL #3	;(R0=0xCBC79180 R2=0x0000001D )
(             libc.so[0xCBC2B000])[01 32       ]0x00010808:	ADDS	R2, #1	;(R2=0x0000001D )
(             libc.so[0xCBC2B000])[28 31       ]0x0001080A:	ADDS	R1, #0X28	;(R1=0xCBC79268 )
(             libc.so[0xCBC2B000])[20 2A       ]0x0001080C:	CMP	R2, #0X20	;(R2=0x0000001E )
(             libc.so[0xCBC2B000])[C9 60       ]0x0001080E:	STR	R1, [R1, #0XC]	;(R1=0xCBC79290 )
(             libc.so[0xCBC2B000])[89 60       ]0x00010810:	STR	R1, [R1, #8]	;(R1=0xCBC79290 )
(             libc.so[0xCBC2B000])[F7 D1       ]0x00010812:	BNE	#0XCBC3B804
(             libc.so[0xCBC2B000])[00 EB C2 01 ]0x00010804:	ADD.W	R1, R0, R2, LSL #3	;(R0=0xCBC79180 R2=0x0000001E )
(             libc.so[0xCBC2B000])[01 32       ]0x00010808:	ADDS	R2, #1	;(R2=0x0000001E )
(             libc.so[0xCBC2B000])[28 31       ]0x0001080A:	ADDS	R1, #0X28	;(R1=0xCBC79270 )
(             libc.so[0xCBC2B000])[20 2A       ]0x0001080C:	CMP	R2, #0X20	;(R2=0x0000001F )
(             libc.so[0xCBC2B000])[C9 60       ]0x0001080E:	STR	R1, [R1, #0XC]	;(R1=0xCBC79298 )
(             libc.so[0xCBC2B000])[89 60       ]0x00010810:	STR	R1, [R1, #8]	;(R1=0xCBC79298 )
(             libc.so[0xCBC2B000])[F7 D1       ]0x00010812:	BNE	#0XCBC3B804
(             libc.so[0xCBC2B000])[00 EB C2 01 ]0x00010804:	ADD.W	R1, R0, R2, LSL #3	;(R0=0xCBC79180 R2=0x0000001F )
(             libc.so[0xCBC2B000])[01 32       ]0x00010808:	ADDS	R2, #1	;(R2=0x0000001F )
(             libc.so[0xCBC2B000])[28 31       ]0x0001080A:	ADDS	R1, #0X28	;(R1=0xCBC79278 )
(             libc.so[0xCBC2B000])[20 2A       ]0x0001080C:	CMP	R2, #0X20	;(R2=0x00000020 )
(             libc.so[0xCBC2B000])[C9 60       ]0x0001080E:	STR	R1, [R1, #0XC]	;(R1=0xCBC792A0 )
(             libc.so[0xCBC2B000])[89 60       ]0x00010810:	STR	R1, [R1, #8]	;(R1=0xCBC792A0 )
(             libc.so[0xCBC2B000])[F7 D1       ]0x00010812:	BNE	#0XCBC3B804
(             libc.so[0xCBC2B000])[31 46       ]0x00010814:	MOV	R1, R6	;(R6=0x30000000 )
(             libc.so[0xCBC2B000])[A7 F1 28 02 ]0x00010816:	SUB.W	R2, R7, #0X28	;(R7=0x00001000 )
(             libc.so[0xCBC2B000])[1A E0       ]0x0001081A:	B	#0XCBC3B852
(             libc.so[0xCBC2B000])[FE F7 2D FC ]0x00010852:	BL	#0XCBC3A0B0	;(PC=0xCBC3B852 )
(             libc.so[0xCBC2B000])[10 B5       ]0x0000F0B0:	PUSH	{R4, LR}	;(SP=0x100FFF50 R4=0x00000018 LR=0xCBC3B857 )
(             libc.so[0xCBC2B000])[01 F1 08 04 ]0x0000F0B2:	ADD.W	R4, R1, #8	;(R1=0x30000000 )
(             libc.so[0xCBC2B000])[14 F0 07 0C ]0x0000F0B6:	ANDS	IP, R4, #7	;(R4=0x30000008 )
(             libc.so[0xCBC2B000])[02 D0       ]0x0000F0BA:	BEQ	#0XCBC3A0C2
(             libc.so[0xCBC2B000])[61 44       ]0x0000F0C2:	ADD	R1, IP	;(R1=0x30000000 IP=0x00000000 )
(             libc.so[0xCBC2B000])[CC EB 02 02 ]0x0000F0C4:	RSB	R2, IP, R2	;(IP=0x00000000 R2=0x00000FD8 )
(             libc.so[0xCBC2B000])[81 61       ]0x0000F0C8:	STR	R1, [R0, #0X18]	;(R1=0x30000000 R0=0xCBC79180 )
(             libc.so[0xCBC2B000])[42 F0 01 03 ]0x0000F0CA:	ORR	R3, R2, #1	;(R2=0x00000FD8 )
(             libc.so[0xCBC2B000])[C2 60       ]0x0000F0CE:	STR	R2, [R0, #0XC]	;(R2=0x00000FD8 R0=0xCBC79180 )
(             libc.so[0xCBC2B000])[4B 60       ]0x0000F0D0:	STR	R3, [R1, #4]	;(R3=0x00000FD9 R1=0x30000000 )
(             libc.so[0xCBC2B000])[89 18       ]0x0000F0D2:	ADDS	R1, R1, R2	;(R1=0x30000000 R2=0x00000FD8 )
(             libc.so[0xCBC2B000])[03 4B       ]0x0000F0D4:	LDR	R3, [PC, #0XC]	;(PC=0xCBC3A0D4 )
(             libc.so[0xCBC2B000])[28 22       ]0x0000F0D6:	MOVS	R2, #0X28
(             libc.so[0xCBC2B000])[4A 60       ]0x0000F0D8:	STR	R2, [R1, #4]	;(R2=0x00000028 R1=0x30000FD8 )
(             libc.so[0xCBC2B000])[7B 44       ]0x0000F0DA:	ADD	R3, PC	;(R3=0x0003F282 PC=0xCBC3A0DA )
(             libc.so[0xCBC2B000])[19 69       ]0x0000F0DC:	LDR	R1, [R3, #0X10]	;(R3=0xCBC79360 )
(             libc.so[0xCBC2B000])[C1 61       ]0x0000F0DE:	STR	R1, [R0, #0X1C]	;(R1=0x00200000 R0=0xCBC79180 )
(             libc.so[0xCBC2B000])[10 BD       ]0x0000F0E0:	POP	{R4, PC}	;(SP=0x100FFF48 )
(             libc.so[0xCBC2B000])[E7 E2       ]0x00010856:	B	#0XCBC3BE28
(             libc.so[0xCBC2B000])[3F 4B       ]0x00010E28:	LDR	R3, [PC, #0XFC]	;(PC=0xCBC3BE28 )
(             libc.so[0xCBC2B000])[7B 44       ]0x00010E2A:	ADD	R3, PC	;(R3=0x0003D352 PC=0xCBC3BE2A )
(             libc.so[0xCBC2B000])[DE 68       ]0x00010E2C:	LDR	R6, [R3, #0XC]	;(R3=0xCBC79180 )
(             libc.so[0xCBC2B000])[B4 42       ]0x00010E2E:	CMP	R4, R6	;(R4=0x00000018 R6=0x00000FD8 )
(             libc.so[0xCBC2B000])[0C D2       ]0x00010E30:	BHS	#0XCBC3BE4C
(             libc.so[0xCBC2B000])[30 1B       ]0x00010E32:	SUBS	R0, R6, R4	;(R6=0x00000FD8 R4=0x00000018 )
(             libc.so[0xCBC2B000])[9E 69       ]0x00010E34:	LDR	R6, [R3, #0X18]	;(R3=0xCBC79180 )
(             libc.so[0xCBC2B000])[D8 60       ]0x00010E36:	STR	R0, [R3, #0XC]	;(R0=0x00000FC0 R3=0xCBC79180 )
(             libc.so[0xCBC2B000])[32 19       ]0x00010E38:	ADDS	R2, R6, R4	;(R6=0x30000000 R4=0x00000018 )
(             libc.so[0xCBC2B000])[9A 61       ]0x00010E3A:	STR	R2, [R3, #0X18]	;(R2=0x30000018 R3=0xCBC79180 )
(             libc.so[0xCBC2B000])[40 F0 01 03 ]0x00010E3C:	ORR	R3, R0, #1	;(R0=0x00000FC0 )
(             libc.so[0xCBC2B000])[53 60       ]0x00010E40:	STR	R3, [R2, #4]	;(R3=0x00000FC1 R2=0x30000018 )
(             libc.so[0xCBC2B000])[44 F0 03 04 ]0x00010E42:	ORR	R4, R4, #3	;(R4=0x00000018 )
(             libc.so[0xCBC2B000])[74 60       ]0x00010E46:	STR	R4, [R6, #4]	;(R4=0x0000001B R6=0x30000000 )
(             libc.so[0xCBC2B000])[08 36       ]0x00010E48:	ADDS	R6, #8	;(R6=0x30000000 )
(             libc.so[0xCBC2B000])[04 E0       ]0x00010E4A:	B	#0XCBC3BE56
(             libc.so[0xCBC2B000])[35 49       ]0x00010E56:	LDR	R1, [PC, #0XD4]	;(PC=0xCBC3BE56 )
(             libc.so[0xCBC2B000])[79 44       ]0x00010E58:	ADD	R1, PC	;(R1=0x0003D324 PC=0xCBC3BE58 )
(             libc.so[0xCBC2B000])[D1 F8 BC 21 ]0x00010E5A:	LDR.W	R2, [R1, #0X1BC]	;(R1=0xCBC79180 )
(             libc.so[0xCBC2B000])[93 07       ]0x00010E5E:	LSLS	R3, R2, #0X1E	;(R2=0x00000007 )
(             libc.so[0xCBC2B000])[3F D5       ]0x00010E60:	BPL	#0XCBC3BEE2
(             libc.so[0xCBC2B000])[01 F5 E0 70 ]0x00010E62:	ADD.W	R0, R1, #0X1C0	;(R1=0xCBC79180 )
(             libc.so[0xCBC2B000])[FD F7 3C ED ]0x00010E66:	BLX	#0XCBC398E0	;(PC=0xCBC3BE66 )
(             libc.so[0xCBC2B000])[BE FF FF EA ]0x0000E8E0:	B	#0XCBC397E0 ; pthread_mutex_unlock	;(PC=0xCBC398E0 )
(             libc.so[0xCBC2B000])[70 40 2D E9 ]0x0000E7E0:	PUSH	{R4, R5, R6, LR}	;(SP=0x100FFF50 R4=0x0000001B R5=0x00000000 R6=0x30000008 LR=0xCBC3BE6B )
(             libc.so[0xCBC2B000])[00 40 50 E2 ]0x0000E7E4:	SUBS	R4, R0, #0	;(R0=0xCBC79340 )
(             libc.so[0xCBC2B000])[08 D0 4D E2 ]0x0000E7E8:	SUB	SP, SP, #8	;(SP=0x100FFF40 )
(             libc.so[0xCBC2B000])[2B 00 00 0A ]0x0000E7EC:	BEQ	#0XCBC398A0	;(PC=0xCBC397EC )
(             libc.so[0xCBC2B000])[00 50 94 E5 ]0x0000E7F0:	LDR	R5, [R4]	;(R4=0xCBC79340 )
(             libc.so[0xCBC2B000])[03 69 15 E2 ]0x0000E7F4:	ANDS	R6, R5, #0XC000	;(R5=0x00000001 )
(             libc.so[0xCBC2B000])[02 1A 05 E2 ]0x0000E7F8:	AND	R1, R5, #0X2000	;(R5=0x00000001 )
(             libc.so[0xCBC2B000])[11 00 00 1A ]0x0000E7FC:	BNE	#0XCBC39848	;(PC=0xCBC397FC )
(             libc.so[0xCBC2B000])[5F F0 7F F5 ]0x0000E800:	DMB	SY
(             libc.so[0xCBC2B000])[9F 2F 94 E1 ]0x0000E804:	LDREX	R2, [R4]	;(R4=0xCBC79340 )
(             libc.so[0xCBC2B000])[01 30 42 E2 ]0x0000E808:	SUB	R3, R2, #1	;(R2=0x00000001 )
(             libc.so[0xCBC2B000])[93 5F 84 E1 ]0x0000E80C:	STREX	R5, R3, [R4]	;(R3=0x00000000 R4=0xCBC79340 )
(             libc.so[0xCBC2B000])[00 00 55 E3 ]0x0000E810:	CMP	R5, #0	;(R5=0x00000000 )
(             libc.so[0xCBC2B000])[FA FF FF 1A ]0x0000E814:	BNE	#0XCBC39804	;(PC=0xCBC39814 )
(             libc.so[0xCBC2B000])[01 C0 81 E3 ]0x0000E818:	ORR	IP, R1, #1	;(R1=0x00000000 )
(             libc.so[0xCBC2B000])[0C 00 52 E1 ]0x0000E81C:	CMP	R2, IP	;(R2=0x00000001 IP=0x00000001 )
(             libc.so[0xCBC2B000])[06 00 00 0A ]0x0000E820:	BEQ	#0XCBC39840	;(PC=0xCBC39820 )
(             libc.so[0xCBC2B000])[00 00 A0 E3 ]0x0000E840:	MOV	R0, #0
(             libc.so[0xCBC2B000])[FB FF FF EA ]0x0000E844:	B	#0XCBC39838	;(PC=0xCBC39844 )
(             libc.so[0xCBC2B000])[08 D0 8D E2 ]0x0000E838:	ADD	SP, SP, #8	;(SP=0x100FFF38 )
(             libc.so[0xCBC2B000])[70 80 BD E8 ]0x0000E83C:	POP	{R4, R5, R6, PC}	;(SP=0x100FFF40 )
(             libc.so[0xCBC2B000])[3A E0       ]0x00010E6A:	B	#0XCBC3BEE2
(             libc.so[0xCBC2B000])[30 46       ]0x00010EE2:	MOV	R0, R6	;(R6=0x30000008 )
(             libc.so[0xCBC2B000])[BD E8 FE 8F ]0x00010EE4:	POP.W	{R1, R2, R3, R4, R5, R6, R7, R8, SB, SL, FP, PC}	;(SP=0x100FFF50 )
(             libc.so[0xCBC2B000])[08 BD       ]0x0000DBF8:	POP	{R3, PC}	;(SP=0x100FFF80 )
(             libc.so[0xCBC2B000])[00 40 50 E2 ]0x000233F8:	SUBS	R4, R0, #0	;(R0=0x30000008 )
(             libc.so[0xCBC2B000])[15 00 00 0A ]0x000233FC:	BEQ	#0XCBC4E458	;(PC=0xCBC4E3FC )
(             libc.so[0xCBC2B000])[58 00 9F E5 ]0x00023400:	LDR	R0, [PC, #0X58]	;(PC=0xCBC4E400 )
(             libc.so[0xCBC2B000])[08 70 84 E5 ]0x00023404:	STR	R7, [R4, #8]	;(R7=0xCBC3A0E9 R4=0x30000008 )
(             libc.so[0xCBC2B000])[10 60 84 E5 ]0x00023408:	STR	R6, [R4, #0X10]	;(R6=0xCBC3A0F9 R4=0x30000008 )
(             libc.so[0xCBC2B000])[00 00 8F E0 ]0x0002340C:	ADD	R0, PC, R0	;(PC=0xCBC4E40C R0=0x00026CC8 )
(             libc.so[0xCBC2B000])[0C 50 84 E5 ]0x00023410:	STR	R5, [R4, #0XC]	;(R5=0xCBC3A861 R4=0x30000008 )
(             libc.so[0xCBC2B000])[F0 AC FF EB ]0x00023414:	BL	#0XCBC397DC	;(PC=0xCBC4E414 )
(             libc.so[0xCBC2B000])[90 FF FF EA ]0x0000E7DC:	B	#0XCBC39624 ; pthread_mutex_lock	;(PC=0xCBC397DC )
(             libc.so[0xCBC2B000])[F0 41 2D E9 ]0x0000E624:	PUSH	{R4, R5, R6, R7, R8, LR}	;(SP=0x100FFF88 R4=0x30000008 R5=0xCBC3A861 R6=0xCBC3A0F9 R7=0xCBC3A0E9 R8=0x00000000 LR=0xCBC4E418 )
(             libc.so[0xCBC2B000])[00 40 50 E2 ]0x0000E628:	SUBS	R4, R0, #0	;(R0=0xCBC750DC )
(             libc.so[0xCBC2B000])[1B 00 00 0A ]0x0000E62C:	BEQ	#0XCBC396A0	;(PC=0xCBC3962C )
(             libc.so[0xCBC2B000])[00 50 94 E5 ]0x0000E630:	LDR	R5, [R4]	;(R4=0xCBC750DC )
(             libc.so[0xCBC2B000])[03 79 15 E2 ]0x0000E634:	ANDS	R7, R5, #0XC000	;(R5=0x00004000 )
(             libc.so[0xCBC2B000])[02 6A 05 E2 ]0x0000E638:	AND	R6, R5, #0X2000	;(R5=0x00004000 )
(             libc.so[0xCBC2B000])[19 00 00 1A ]0x0000E63C:	BNE	#0XCBC396A8	;(PC=0xCBC3963C )
(             libc.so[0xCBC2B000])[1C 12 00 FA ]0x0000E6A8:	BLX	#0XCBC3DF20	;(PC=0xCBC396A8 )
(             libc.so[0xCBC2B000])[1D EE 70 3F ]0x00012F20:	MRC	P15, #0, R3, C13, C0, #3 ; __get_thread	;(R3=0x00000000 )
(             libc.so[0xCBC2B000])[58 68       ]0x00012F24:	LDR	R0, [R3, #4]	;(R3=0x00000000 )
(             libc.so[0xCBC2B000])[70 47       ]0x00012F26:	BX	LR	;(LR=0xCBC396AC )
(             libc.so[0xCBC2B000])[20 30 90 E5 ]0x0000E6AC:	LDR	R3, [R0, #0X20]	;(R0=0x00000000 )
(             libc.so[0xCBC2B000])[25 08 53 E1 ]0x0000E6B0:	CMP	R3, R5, LSR #16	;(R3=0x00000000 R5=0x00004000 )
(             libc.so[0xCBC2B000])[25 00 00 0A ]0x0000E6B4:	BEQ	#0XCBC39750	;(PC=0xCBC396B4 )
(             libc.so[0xCBC2B000])[02 09 57 E3 ]0x0000E750:	CMP	R7, #0X8000	;(R7=0x00004000 )
(             libc.so[0xCBC2B000])[1E 00 00 0A ]0x0000E754:	BEQ	#0XCBC397D4	;(PC=0xCBC39754 )
(             libc.so[0xCBC2B000])[FC 0F 01 E3 ]0x0000E758:	MOVW	R0, #0X1FFC
(             libc.so[0xCBC2B000])[00 E0 05 E0 ]0x0000E75C:	AND	LR, R5, R0	;(R5=0x00004000 R0=0x00001FFC )
(             libc.so[0xCBC2B000])[FC 3F 01 E3 ]0x0000E760:	MOVW	R3, #0X1FFC
(             libc.so[0xCBC2B000])[03 00 5E E1 ]0x0000E764:	CMP	LR, R3	;(LR=0x00000000 R3=0x00001FFC )
(             libc.so[0xCBC2B000])[17 00 00 0A ]0x0000E768:	BEQ	#0XCBC397CC	;(PC=0xCBC39768 )
(             libc.so[0xCBC2B000])[04 C0 85 E2 ]0x0000E76C:	ADD	IP, R5, #4	;(R5=0x00004000 )
(             libc.so[0xCBC2B000])[9F 2F 94 E1 ]0x0000E770:	LDREX	R2, [R4]	;(R4=0xCBC750DC )
(             libc.so[0xCBC2B000])[00 00 A0 E3 ]0x0000E774:	MOV	R0, #0
(             libc.so[0xCBC2B000])[05 00 32 E1 ]0x0000E778:	TEQ	R2, R5	;(R2=0x00004000 R5=0x00004000 )
(             libc.so[0xCBC2B000])[9C 0F 84 01 ]0x0000E77C:	STREXEQ	R0, IP, [R4]	;(IP=0x00004004 R4=0xCBC750DC )
(             libc.so[0xCBC2B000])[00 00 50 E3 ]0x0000E780:	CMP	R0, #0	;(R0=0x00000000 )
(             libc.so[0xCBC2B000])[F9 FF FF 1A ]0x0000E784:	BNE	#0XCBC39770	;(PC=0xCBC39784 )
(             libc.so[0xCBC2B000])[02 00 55 E1 ]0x0000E788:	CMP	R5, R2	;(R5=0x00004000 R2=0x00004000 )
(             libc.so[0xCBC2B000])[F0 81 BD 08 ]0x0000E78C:	POPEQ	{R4, R5, R6, R7, R8, PC}	;(SP=0x100FFF70 )
(             libc.so[0xCBC2B000])[44 30 9F E5 ]0x00023418:	LDR	R3, [PC, #0X44]	;(PC=0xCBC4E418 )
(             libc.so[0xCBC2B000])[03 C0 8F E0 ]0x0002341C:	ADD	IP, PC, R3	;(PC=0xCBC4E41C R3=0x00026CBC )
(             libc.so[0xCBC2B000])[00 C0 84 E5 ]0x00023420:	STR	IP, [R4]	;(IP=0xCBC750E0 R4=0x30000008 )
(             libc.so[0xCBC2B000])[06 00 9C E8 ]0x00023424:	LDM	IP, {R1, R2}	;(IP=0xCBC750E0 )
(             libc.so[0xCBC2B000])[0C 00 51 E1 ]0x00023428:	CMP	R1, IP	;(R1=0xCBC750E0 IP=0xCBC750E0 )
(             libc.so[0xCBC2B000])[04 20 84 E5 ]0x0002342C:	STR	R2, [R4, #4]	;(R2=0xCBC750E0 R4=0x30000008 )
(             libc.so[0xCBC2B000])[00 40 82 15 ]0x00023430:	STRNE	R4, [R2]	;(R4=0x30000008 R2=0xCBC750E0 )
(             libc.so[0xCBC2B000])[2C 20 9F E5 ]0x00023434:	LDR	R2, [PC, #0X2C]	;(PC=0xCBC4E434 )
(             libc.so[0xCBC2B000])[00 40 81 05 ]0x00023438:	STREQ	R4, [R1]	;(R4=0x30000008 R1=0xCBC750E0 )
(             libc.so[0xCBC2B000])[28 10 9F E5 ]0x0002343C:	LDR	R1, [PC, #0X28]	;(PC=0xCBC4E43C )
(             libc.so[0xCBC2B000])[02 30 8F E0 ]0x00023440:	ADD	R3, PC, R2	;(PC=0xCBC4E440 R2=0x00026C98 )
(             libc.so[0xCBC2B000])[01 00 8F E0 ]0x00023444:	ADD	R0, PC, R1	;(PC=0xCBC4E444 R1=0x00026C90 )
(             libc.so[0xCBC2B000])[04 40 83 E5 ]0x00023448:	STR	R4, [R3, #4]	;(R4=0x30000008 R3=0xCBC750E0 )
(             libc.so[0xCBC2B000])[23 AD FF EB ]0x0002344C:	BL	#0XCBC398E0	;(PC=0xCBC4E44C )
(             libc.so[0xCBC2B000])[BE FF FF EA ]0x0000E8E0:	B	#0XCBC397E0 ; pthread_mutex_unlock	;(PC=0xCBC398E0 )
(             libc.so[0xCBC2B000])[70 40 2D E9 ]0x0000E7E0:	PUSH	{R4, R5, R6, LR}	;(SP=0x100FFF88 R4=0x30000008 R5=0xCBC3A861 R6=0xCBC3A0F9 LR=0xCBC4E450 )
(             libc.so[0xCBC2B000])[00 40 50 E2 ]0x0000E7E4:	SUBS	R4, R0, #0	;(R0=0xCBC750DC )
(             libc.so[0xCBC2B000])[08 D0 4D E2 ]0x0000E7E8:	SUB	SP, SP, #8	;(SP=0x100FFF78 )
(             libc.so[0xCBC2B000])[2B 00 00 0A ]0x0000E7EC:	BEQ	#0XCBC398A0	;(PC=0xCBC397EC )
(             libc.so[0xCBC2B000])[00 50 94 E5 ]0x0000E7F0:	LDR	R5, [R4]	;(R4=0xCBC750DC )
(             libc.so[0xCBC2B000])[03 69 15 E2 ]0x0000E7F4:	ANDS	R6, R5, #0XC000	;(R5=0x00004004 )
(             libc.so[0xCBC2B000])[02 1A 05 E2 ]0x0000E7F8:	AND	R1, R5, #0X2000	;(R5=0x00004004 )
(             libc.so[0xCBC2B000])[11 00 00 1A ]0x0000E7FC:	BNE	#0XCBC39848	;(PC=0xCBC397FC )
(             libc.so[0xCBC2B000])[04 10 8D E5 ]0x0000E848:	STR	R1, [SP, #4]	;(R1=0x00000000 SP=0x100FFF70 )
(             libc.so[0xCBC2B000])[B3 11 00 FA ]0x0000E84C:	BLX	#0XCBC3DF20	;(PC=0xCBC3984C )
(             libc.so[0xCBC2B000])[1D EE 70 3F ]0x00012F20:	MRC	P15, #0, R3, C13, C0, #3 ; __get_thread	;(R3=0xCBC750E0 )
(             libc.so[0xCBC2B000])[58 68       ]0x00012F24:	LDR	R0, [R3, #4]	;(R3=0x00000000 )
(             libc.so[0xCBC2B000])[70 47       ]0x00012F26:	BX	LR	;(LR=0xCBC39850 )
(             libc.so[0xCBC2B000])[04 10 9D E5 ]0x0000E850:	LDR	R1, [SP, #4]	;(SP=0x100FFF70 )
(             libc.so[0xCBC2B000])[20 30 90 E5 ]0x0000E854:	LDR	R3, [R0, #0X20]	;(R0=0x00000000 )
(             libc.so[0xCBC2B000])[25 08 53 E1 ]0x0000E858:	CMP	R3, R5, LSR #16	;(R3=0x00000000 R5=0x00004004 )
(             libc.so[0xCBC2B000])[01 00 A0 13 ]0x0000E85C:	MOVNE	R0, #1
(             libc.so[0xCBC2B000])[F4 FF FF 1A ]0x0000E860:	BNE	#0XCBC39838	;(PC=0xCBC39860 )
(             libc.so[0xCBC2B000])[FC 0F 01 E3 ]0x0000E864:	MOVW	R0, #0X1FFC
(             libc.so[0xCBC2B000])[00 20 05 E0 ]0x0000E868:	AND	R2, R5, R0	;(R5=0x00004004 R0=0x00001FFC )
(             libc.so[0xCBC2B000])[00 00 52 E3 ]0x0000E86C:	CMP	R2, #0	;(R2=0x00000004 )
(             libc.so[0xCBC2B000])[0C 00 00 0A ]0x0000E870:	BEQ	#0XCBC398A8	;(PC=0xCBC39870 )
(             libc.so[0xCBC2B000])[04 30 45 E2 ]0x0000E874:	SUB	R3, R5, #4	;(R5=0x00004004 )
(             libc.so[0xCBC2B000])[9F 0F 94 E1 ]0x0000E878:	LDREX	R0, [R4]	;(R4=0xCBC750DC )
(             libc.so[0xCBC2B000])[00 10 A0 E3 ]0x0000E87C:	MOV	R1, #0
(             libc.so[0xCBC2B000])[05 00 30 E1 ]0x0000E880:	TEQ	R0, R5	;(R0=0x00004004 R5=0x00004004 )
(             libc.so[0xCBC2B000])[93 1F 84 01 ]0x0000E884:	STREXEQ	R1, R3, [R4]	;(R3=0x00004000 R4=0xCBC750DC )
(             libc.so[0xCBC2B000])[00 00 51 E3 ]0x0000E888:	CMP	R1, #0	;(R1=0x00000000 )
(             libc.so[0xCBC2B000])[F9 FF FF 1A ]0x0000E88C:	BNE	#0XCBC39878	;(PC=0xCBC3988C )
(             libc.so[0xCBC2B000])[00 00 55 E1 ]0x0000E890:	CMP	R5, R0	;(R5=0x00004004 R0=0x00004004 )
(             libc.so[0xCBC2B000])[E9 FF FF 0A ]0x0000E894:	BEQ	#0XCBC39840	;(PC=0xCBC39894 )
(             libc.so[0xCBC2B000])[00 00 A0 E3 ]0x0000E840:	MOV	R0, #0
(             libc.so[0xCBC2B000])[FB FF FF EA ]0x0000E844:	B	#0XCBC39838	;(PC=0xCBC39844 )
(             libc.so[0xCBC2B000])[08 D0 8D E2 ]0x0000E838:	ADD	SP, SP, #8	;(SP=0x100FFF70 )
(             libc.so[0xCBC2B000])[70 80 BD E8 ]0x0000E83C:	POP	{R4, R5, R6, PC}	;(SP=0x100FFF78 )
(             libc.so[0xCBC2B000])[00 00 A0 E3 ]0x00023450:	MOV	R0, #0
(             libc.so[0xCBC2B000])[F8 80 BD E8 ]0x00023454:	POP	{R3, R4, R5, R6, R7, PC}	;(SP=0x100FFF88 )
(             libc.so[0xCBC2B000])[01 20       ]0x0000F8DE:	MOVS	R0, #1
(             libc.so[0xCBC2B000])[38 BD       ]0x0000F8E0:	POP	{R3, R4, R5, PC}	;(SP=0x100FFFA0 )
(             libc.so[0xCBC2B000])[DF F8 94 1B ]0x0000FDE0:	LDR.W	R1, [PC, #0XB94]	;(PC=0xCBC3ADE0 )
(             libc.so[0xCBC2B000])[79 44       ]0x0000FDE4:	ADD	R1, PC	;(R1=0x0003E398 PC=0xCBC3ADE4 )
(             libc.so[0xCBC2B000])[D1 F8 BC 21 ]0x0000FDE6:	LDR.W	R2, [R1, #0X1BC]	;(R1=0xCBC79180 )
(             libc.so[0xCBC2B000])[93 07       ]0x0000FDEA:	LSLS	R3, R2, #0X1E	;(R2=0x00000007 )
(             libc.so[0xCBC2B000])[02 D4       ]0x0000FDEC:	BMI	#0XCBC3ADF4
(             libc.so[0xCBC2B000])[01 F5 E0 70 ]0x0000FDF4:	ADD.W	R0, R1, #0X1C0	;(R1=0xCBC79180 )
(             libc.so[0xCBC2B000])[00 26       ]0x0000FDF8:	MOVS	R6, #0
(             libc.so[0xCBC2B000])[FE F7 F0 EC ]0x0000FDFA:	BLX	#0XCBC397DC	;(PC=0xCBC3ADFA )
(             libc.so[0xCBC2B000])[90 FF FF EA ]0x0000E7DC:	B	#0XCBC39624 ; pthread_mutex_lock	;(PC=0xCBC397DC )
(             libc.so[0xCBC2B000])[F0 41 2D E9 ]0x0000E624:	PUSH	{R4, R5, R6, R7, R8, LR}	;(SP=0x100FFFB0 R4=0x00000014 R5=0x00000000 R6=0x00000000 R7=0x100FFFF8 R8=0x00000000 LR=0xCBC3ADFF )
(             libc.so[0xCBC2B000])[00 40 50 E2 ]0x0000E628:	SUBS	R4, R0, #0	;(R0=0xCBC79340 )
(             libc.so[0xCBC2B000])[1B 00 00 0A ]0x0000E62C:	BEQ	#0XCBC396A0	;(PC=0xCBC3962C )
(             libc.so[0xCBC2B000])[00 50 94 E5 ]0x0000E630:	LDR	R5, [R4]	;(R4=0xCBC79340 )
(             libc.so[0xCBC2B000])[03 79 15 E2 ]0x0000E634:	ANDS	R7, R5, #0XC000	;(R5=0x00000000 )
(             libc.so[0xCBC2B000])[02 6A 05 E2 ]0x0000E638:	AND	R6, R5, #0X2000	;(R5=0x00000000 )
(             libc.so[0xCBC2B000])[19 00 00 1A ]0x0000E63C:	BNE	#0XCBC396A8	;(PC=0xCBC3963C )
(             libc.so[0xCBC2B000])[01 00 86 E3 ]0x0000E640:	ORR	R0, R6, #1	;(R6=0x00000000 )
(             libc.so[0xCBC2B000])[9F 3F 94 E1 ]0x0000E644:	LDREX	R3, [R4]	;(R4=0xCBC79340 )
(             libc.so[0xCBC2B000])[00 10 A0 E3 ]0x0000E648:	MOV	R1, #0
(             libc.so[0xCBC2B000])[06 00 33 E1 ]0x0000E64C:	TEQ	R3, R6	;(R3=0x00000000 R6=0x00000000 )
(             libc.so[0xCBC2B000])[90 1F 84 01 ]0x0000E650:	STREXEQ	R1, R0, [R4]	;(R0=0x00000001 R4=0xCBC79340 )
(             libc.so[0xCBC2B000])[00 00 51 E3 ]0x0000E654:	CMP	R1, #0	;(R1=0x00000000 )
(             libc.so[0xCBC2B000])[F9 FF FF 1A ]0x0000E658:	BNE	#0XCBC39644	;(PC=0xCBC39658 )
(             libc.so[0xCBC2B000])[03 00 56 E1 ]0x0000E65C:	CMP	R6, R3	;(R6=0x00000000 R3=0x00000000 )
(             libc.so[0xCBC2B000])[02 50 86 13 ]0x0000E660:	ORRNE	R5, R6, #2	;(R6=0x00000000 )
(             libc.so[0xCBC2B000])[01 00 00 1A ]0x0000E664:	BNE	#0XCBC39670	;(PC=0xCBC39664 )
(             libc.so[0xCBC2B000])[09 00 00 EA ]0x0000E668:	B	#0XCBC39694	;(PC=0xCBC39668 )
(             libc.so[0xCBC2B000])[5F F0 7F F5 ]0x0000E694:	DMB	SY
(             libc.so[0xCBC2B000])[00 00 A0 E3 ]0x0000E698:	MOV	R0, #0
(             libc.so[0xCBC2B000])[F0 81 BD E8 ]0x0000E69C:	POP	{R4, R5, R6, R7, R8, PC}	;(SP=0x100FFF98 )
(             libc.so[0xCBC2B000])[00 28       ]0x0000FDFE:	CMP	R0, #0	;(R0=0x00000000 )
(             libc.so[0xCBC2B000])[41 F0 6F 80 ]0x0000FE00:	BNE.W	#0XCBC3BEE2
(             libc.so[0xCBC2B000])[F3 E7       ]0x0000FE04:	B	#0XCBC3ADEE
(             libc.so[0xCBC2B000])[F4 2C       ]0x0000FDEE:	CMP	R4, #0XF4	;(R4=0x00000014 )
(             libc.so[0xCBC2B000])[09 D9       ]0x0000FDF0:	BLS	#0XCBC3AE06
(             libc.so[0xCBC2B000])[0A 2C       ]0x0000FE06:	CMP	R4, #0XA	;(R4=0x00000014 )
(             libc.so[0xCBC2B000])[03 D9       ]0x0000FE08:	BLS	#0XCBC3AE12
(             libc.so[0xCBC2B000])[0B 34       ]0x0000FE0A:	ADDS	R4, #0XB	;(R4=0x00000014 )
(             libc.so[0xCBC2B000])[24 F0 07 04 ]0x0000FE0C:	BIC	R4, R4, #7	;(R4=0x0000001F )
(             libc.so[0xCBC2B000])[00 E0       ]0x0000FE10:	B	#0XCBC3AE14
(             libc.so[0xCBC2B000])[DF F8 68 3B ]0x0000FE14:	LDR.W	R3, [PC, #0XB68]	;(PC=0xCBC3AE14 )
(             libc.so[0xCBC2B000])[E2 08       ]0x0000FE18:	LSRS	R2, R4, #3	;(R4=0x00000018 )
(             libc.so[0xCBC2B000])[7B 44       ]0x0000FE1A:	ADD	R3, PC	;(R3=0x0003E362 PC=0xCBC3AE1A )
(             libc.so[0xCBC2B000])[18 68       ]0x0000FE1C:	LDR	R0, [R3]	;(R3=0xCBC79180 )
(             libc.so[0xCBC2B000])[20 FA 02 F1 ]0x0000FE1E:	LSR.W	R1, R0, R2	;(R0=0x00000000 R2=0x00000003 )
(             libc.so[0xCBC2B000])[01 90       ]0x0000FE22:	STR	R0, [SP, #4]	;(R0=0x00000000 SP=0x100FFFB0 )
(             libc.so[0xCBC2B000])[8E 07       ]0x0000FE24:	LSLS	R6, R1, #0X1E	;(R1=0x00000000 )
(             libc.so[0xCBC2B000])[21 D0       ]0x0000FE26:	BEQ	#0XCBC3AE6C
(             libc.so[0xCBC2B000])[9D 68       ]0x0000FE6C:	LDR	R5, [R3, #8]	;(R3=0xCBC79180 )
(             libc.so[0xCBC2B000])[AC 42       ]0x0000FE6E:	CMP	R4, R5	;(R4=0x00000018 R5=0x00000000 )
(             libc.so[0xCBC2B000])[40 F2 3F 83 ]0x0000FE70:	BLS.W	#0XCBC3B4F2
(             libc.so[0xCBC2B000])[00 29       ]0x0000FE74:	CMP	R1, #0	;(R1=0x00000000 )
(             libc.so[0xCBC2B000])[74 D0       ]0x0000FE76:	BEQ	#0XCBC3AF62
(             libc.so[0xCBC2B000])[D3 F8 04 80 ]0x0000FF62:	LDR.W	R8, [R3, #4]	;(R3=0xCBC79180 )
(             libc.so[0xCBC2B000])[B8 F1 00 0F ]0x0000FF66:	CMP.W	R8, #0	;(R8=0x00000000 )
(             libc.so[0xCBC2B000])[00 F0 C2 82 ]0x0000FF6A:	BEQ.W	#0XCBC3B4F2
(             libc.so[0xCBC2B000])[DF F8 E0 34 ]0x000104F2:	LDR.W	R3, [PC, #0X4E0]	;(PC=0xCBC3B4F2 )
(             libc.so[0xCBC2B000])[7B 44       ]0x000104F6:	ADD	R3, PC	;(R3=0x0003DC86 PC=0xCBC3B4F6 )
(             libc.so[0xCBC2B000])[98 68       ]0x000104F8:	LDR	R0, [R3, #8]	;(R3=0xCBC79180 )
(             libc.so[0xCBC2B000])[84 42       ]0x000104FA:	CMP	R4, R0	;(R4=0x00000018 R0=0x00000000 )
(             libc.so[0xCBC2B000])[19 D8       ]0x000104FC:	BHI	#0XCBC3B532
(             libc.so[0xCBC2B000])[DE 68       ]0x00010532:	LDR	R6, [R3, #0XC]	;(R3=0xCBC79180 )
(             libc.so[0xCBC2B000])[B4 42       ]0x00010534:	CMP	R4, R6	;(R4=0x00000018 R6=0x00000FC0 )
(             libc.so[0xCBC2B000])[01 D2       ]0x00010536:	BHS	#0XCBC3B53C
(             libc.so[0xCBC2B000])[00 F0 7B BC ]0x00010538:	B.W	#0XCBC3BE32
(             libc.so[0xCBC2B000])[30 1B       ]0x00010E32:	SUBS	R0, R6, R4	;(R6=0x00000FC0 R4=0x00000018 )
(             libc.so[0xCBC2B000])[9E 69       ]0x00010E34:	LDR	R6, [R3, #0X18]	;(R3=0xCBC79180 )
(             libc.so[0xCBC2B000])[D8 60       ]0x00010E36:	STR	R0, [R3, #0XC]	;(R0=0x00000FA8 R3=0xCBC79180 )
(             libc.so[0xCBC2B000])[32 19       ]0x00010E38:	ADDS	R2, R6, R4	;(R6=0x30000018 R4=0x00000018 )
(             libc.so[0xCBC2B000])[9A 61       ]0x00010E3A:	STR	R2, [R3, #0X18]	;(R2=0x30000030 R3=0xCBC79180 )
(             libc.so[0xCBC2B000])[40 F0 01 03 ]0x00010E3C:	ORR	R3, R0, #1	;(R0=0x00000FA8 )
(             libc.so[0xCBC2B000])[53 60       ]0x00010E40:	STR	R3, [R2, #4]	;(R3=0x00000FA9 R2=0x30000030 )
(             libc.so[0xCBC2B000])[44 F0 03 04 ]0x00010E42:	ORR	R4, R4, #3	;(R4=0x00000018 )
(             libc.so[0xCBC2B000])[74 60       ]0x00010E46:	STR	R4, [R6, #4]	;(R4=0x0000001B R6=0x30000018 )
(             libc.so[0xCBC2B000])[08 36       ]0x00010E48:	ADDS	R6, #8	;(R6=0x30000018 )
(             libc.so[0xCBC2B000])[04 E0       ]0x00010E4A:	B	#0XCBC3BE56
(             libc.so[0xCBC2B000])[35 49       ]0x00010E56:	LDR	R1, [PC, #0XD4]	;(PC=0xCBC3BE56 )
(             libc.so[0xCBC2B000])[79 44       ]0x00010E58:	ADD	R1, PC	;(R1=0x0003D324 PC=0xCBC3BE58 )
(             libc.so[0xCBC2B000])[D1 F8 BC 21 ]0x00010E5A:	LDR.W	R2, [R1, #0X1BC]	;(R1=0xCBC79180 )
(             libc.so[0xCBC2B000])[93 07       ]0x00010E5E:	LSLS	R3, R2, #0X1E	;(R2=0x00000007 )
(             libc.so[0xCBC2B000])[3F D5       ]0x00010E60:	BPL	#0XCBC3BEE2
(             libc.so[0xCBC2B000])[01 F5 E0 70 ]0x00010E62:	ADD.W	R0, R1, #0X1C0	;(R1=0xCBC79180 )
(             libc.so[0xCBC2B000])[FD F7 3C ED ]0x00010E66:	BLX	#0XCBC398E0	;(PC=0xCBC3BE66 )
(             libc.so[0xCBC2B000])[BE FF FF EA ]0x0000E8E0:	B	#0XCBC397E0 ; pthread_mutex_unlock	;(PC=0xCBC398E0 )
(             libc.so[0xCBC2B000])[70 40 2D E9 ]0x0000E7E0:	PUSH	{R4, R5, R6, LR}	;(SP=0x100FFFB0 R4=0x0000001B R5=0x00000000 R6=0x30000020 LR=0xCBC3BE6B )
(             libc.so[0xCBC2B000])[00 40 50 E2 ]0x0000E7E4:	SUBS	R4, R0, #0	;(R0=0xCBC79340 )
(             libc.so[0xCBC2B000])[08 D0 4D E2 ]0x0000E7E8:	SUB	SP, SP, #8	;(SP=0x100FFFA0 )
(             libc.so[0xCBC2B000])[2B 00 00 0A ]0x0000E7EC:	BEQ	#0XCBC398A0	;(PC=0xCBC397EC )
(             libc.so[0xCBC2B000])[00 50 94 E5 ]0x0000E7F0:	LDR	R5, [R4]	;(R4=0xCBC79340 )
(             libc.so[0xCBC2B000])[03 69 15 E2 ]0x0000E7F4:	ANDS	R6, R5, #0XC000	;(R5=0x00000001 )
(             libc.so[0xCBC2B000])[02 1A 05 E2 ]0x0000E7F8:	AND	R1, R5, #0X2000	;(R5=0x00000001 )
(             libc.so[0xCBC2B000])[11 00 00 1A ]0x0000E7FC:	BNE	#0XCBC39848	;(PC=0xCBC397FC )
(             libc.so[0xCBC2B000])[5F F0 7F F5 ]0x0000E800:	DMB	SY
(             libc.so[0xCBC2B000])[9F 2F 94 E1 ]0x0000E804:	LDREX	R2, [R4]	;(R4=0xCBC79340 )
(             libc.so[0xCBC2B000])[01 30 42 E2 ]0x0000E808:	SUB	R3, R2, #1	;(R2=0x00000001 )
(             libc.so[0xCBC2B000])[93 5F 84 E1 ]0x0000E80C:	STREX	R5, R3, [R4]	;(R3=0x00000000 R4=0xCBC79340 )
(             libc.so[0xCBC2B000])[00 00 55 E3 ]0x0000E810:	CMP	R5, #0	;(R5=0x00000000 )
(             libc.so[0xCBC2B000])[FA FF FF 1A ]0x0000E814:	BNE	#0XCBC39804	;(PC=0xCBC39814 )
(             libc.so[0xCBC2B000])[01 C0 81 E3 ]0x0000E818:	ORR	IP, R1, #1	;(R1=0x00000000 )
(             libc.so[0xCBC2B000])[0C 00 52 E1 ]0x0000E81C:	CMP	R2, IP	;(R2=0x00000001 IP=0x00000001 )
(             libc.so[0xCBC2B000])[06 00 00 0A ]0x0000E820:	BEQ	#0XCBC39840	;(PC=0xCBC39820 )
(             libc.so[0xCBC2B000])[00 00 A0 E3 ]0x0000E840:	MOV	R0, #0
(             libc.so[0xCBC2B000])[FB FF FF EA ]0x0000E844:	B	#0XCBC39838	;(PC=0xCBC39844 )
(             libc.so[0xCBC2B000])[08 D0 8D E2 ]0x0000E838:	ADD	SP, SP, #8	;(SP=0x100FFF98 )
(             libc.so[0xCBC2B000])[70 80 BD E8 ]0x0000E83C:	POP	{R4, R5, R6, PC}	;(SP=0x100FFFA0 )
(             libc.so[0xCBC2B000])[3A E0       ]0x00010E6A:	B	#0XCBC3BEE2
(             libc.so[0xCBC2B000])[30 46       ]0x00010EE2:	MOV	R0, R6	;(R6=0x30000020 )
(             libc.so[0xCBC2B000])[BD E8 FE 8F ]0x00010EE4:	POP.W	{R1, R2, R3, R4, R5, R6, R7, R8, SB, SL, FP, PC}	;(SP=0x100FFFB0 )
(             libc.so[0xCBC2B000])[08 BD       ]0x0000DBF8:	POP	{R3, PC}	;(SP=0x100FFFE0 )
(        libstdc++.so[0xCBC8F000])[08 B9       ]0x0000091E:	CBNZ	R0, #0XCBC8F924	;(R0=0x30000020 )
(        libstdc++.so[0xCBC8F000])[08 BD       ]0x00000924:	POP	{R3, PC}	;(SP=0x100FFFE8 )
(  libmakeurl2.4.9.so[0xCBBCB000])[05 46       ]0x0000160A:	MOV	R5, R0	;(R0=0x30000020 )
(  libmakeurl2.4.9.so[0xCBBCB000])[1B F0 24 FA ]0x0000160C:	BL	#0XCBBE7A58	;(PC=0xCBBCC60C )
(  libmakeurl2.4.9.so[0xCBBCB000])[07 49       ]0x0001CA58:	LDR	R1, [PC, #0X1C]	;(PC=0xCBBE7A58 )
(  libmakeurl2.4.9.so[0xCBBCB000])[02 46       ]0x0001CA5A:	MOV	R2, R0	;(R0=0x30000020 )
(  libmakeurl2.4.9.so[0xCBBCB000])[79 44       ]0x0001CA5C:	ADD	R1, PC	;(R1=0x000282D8 PC=0xCBBE7A5C )
(  libmakeurl2.4.9.so[0xCBBCB000])[08 31       ]0x0001CA5E:	ADDS	R1, #8	;(R1=0xCBC0FD38 )
(  libmakeurl2.4.9.so[0xCBBCB000])[01 60       ]0x0001CA60:	STR	R1, [R0]	;(R1=0xCBC0FD40 R0=0x30000020 )
(  libmakeurl2.4.9.so[0xCBBCB000])[00 21       ]0x0001CA62:	MOVS	R1, #0
(  libmakeurl2.4.9.so[0xCBBCB000])[42 F8 08 1F ]0x0001CA64:	STR	R1, [R2, #8]!	;(R1=0x00000000 R2=0x30000020 )
(  libmakeurl2.4.9.so[0xCBBCB000])[C1 60       ]0x0001CA68:	STR	R1, [R0, #0XC]	;(R1=0x00000000 R0=0x30000020 )
(  libmakeurl2.4.9.so[0xCBBCB000])[45 F2 78 61 ]0x0001CA6A:	MOVW	R1, #0X5678
(  libmakeurl2.4.9.so[0xCBBCB000])[C1 F2 34 21 ]0x0001CA6E:	MOVT	R1, #0X1234	;(R1=0x00005678 )
(  libmakeurl2.4.9.so[0xCBBCB000])[42 60       ]0x0001CA72:	STR	R2, [R0, #4]	;(R2=0x30000028 R0=0x30000020 )
(  libmakeurl2.4.9.so[0xCBBCB000])[01 61       ]0x0001CA74:	STR	R1, [R0, #0X10]	;(R1=0x12345678 R0=0x30000020 )
(  libmakeurl2.4.9.so[0xCBBCB000])[70 47       ]0x0001CA76:	BX	LR	;(LR=0xCBBCC611 )
(  libmakeurl2.4.9.so[0xCBBCB000])[DF F8 00 04 ]0x00001610:	LDR.W	R0, [PC, #0X400]	;(PC=0xCBBCC610 )
(  libmakeurl2.4.9.so[0xCBBCB000])[78 44       ]0x00001614:	ADD	R0, PC	;(R0=0x00043B94 PC=0xCBBCC614 )
(  libmakeurl2.4.9.so[0xCBBCB000])[05 60       ]0x00001616:	STR	R5, [R0]	;(R5=0x30000020 R0=0xCBC101AC )
(  libmakeurl2.4.9.so[0xCBBCB000])[14 20       ]0x00001618:	MOVS	R0, #0X14
(  libmakeurl2.4.9.so[0xCBBCB000])[FF F7 30 EF ]0x0000161A:	BLX	#0XCBBCC47C	;(PC=0xCBBCC61A )
(  libmakeurl2.4.9.so[0xCBBCB000])[00 C6 8F E2 ]0x0000147C:	ADD	IP, PC, #0, #12	;(PC=0xCBBCC47C )
(  libmakeurl2.4.9.so[0xCBBCB000])[43 CA 8C E2 ]0x00001480:	ADD	IP, IP, #0X43000	;(IP=0xCBBCC484 )
(  libmakeurl2.4.9.so[0xCBBCB000])[00 FB BC E5 ]0x00001484:	LDR	PC, [IP, #0XB00]!	;(IP=0xCBC0F484 )
(        libstdc++.so[0xCBC8F000])[08 B5       ]0x00000918:	PUSH	{R3, LR} ; _Znaj	;(SP=0x100FFFF0 R3=0x00000000 LR=0xCBBCC61F )
(        libstdc++.so[0xCBC8F000])[FF F7 6E EF ]0x0000091A:	BLX	#0XCBC8F7F8	;(PC=0xCBC8F91A )
(        libstdc++.so[0xCBC8F000])[00 C6 8F E2 ]0x000007F8:	ADD	IP, PC, #0, #12	;(PC=0xCBC8F7F8 )
(        libstdc++.so[0xCBC8F000])[01 CA 8C E2 ]0x000007FC:	ADD	IP, IP, #0X1000	;(IP=0xCBC8F800 )
(        libstdc++.so[0xCBC8F000])[F0 F7 BC E5 ]0x00000800:	LDR	PC, [IP, #0X7F0]!	;(IP=0xCBC90800 )
(             libc.so[0xCBC2B000])[08 B5       ]0x0000DBEC:	PUSH	{R3, LR} ; malloc	;(SP=0x100FFFE8 R3=0x00000000 LR=0xCBC8F91F )
(             libc.so[0xCBC2B000])[03 4B       ]0x0000DBEE:	LDR	R3, [PC, #0XC]	;(PC=0xCBC38BEE )
(             libc.so[0xCBC2B000])[7B 44       ]0x0000DBF0:	ADD	R3, PC	;(R3=0x0003C40C PC=0xCBC38BF0 )
(             libc.so[0xCBC2B000])[19 68       ]0x0000DBF2:	LDR	R1, [R3]	;(R3=0xCBC75000 )
(             libc.so[0xCBC2B000])[0A 68       ]0x0000DBF4:	LDR	R2, [R1]	;(R1=0xCBC74E00 )
(             libc.so[0xCBC2B000])[90 47       ]0x0000DBF6:	BLX	R2	;(PC=0xCBC38BF6 R2=0xCBC3ADCD )
(             libc.so[0xCBC2B000])[DF F8 A4 3B ]0x0000FDCC:	LDR.W	R3, [PC, #0XBA4] ; dlmalloc	;(PC=0xCBC3ADCC )
(             libc.so[0xCBC2B000])[2D E9 F7 4F ]0x0000FDD0:	PUSH.W	{R0, R1, R2, R4, R5, R6, R7, R8, SB, SL, FP, LR}	;(SP=0x100FFFE0 R0=0x00000014 R1=0xCBC74E00 R2=0xCBC3ADCD R4=0x00000000 R5=0x30000020 R6=0x00000000 R7=0x100FFFF8 R8=0x00000000 SB=0x00000000 SL=0x00000000 FP=0x00000000 LR=0xCBC38BF9 )
(             libc.so[0xCBC2B000])[7B 44       ]0x0000FDD4:	ADD	R3, PC	;(R3=0x0003E588 PC=0xCBC3ADD4 )
(             libc.so[0xCBC2B000])[04 46       ]0x0000FDD6:	MOV	R4, R0	;(R0=0x00000014 )
(             libc.so[0xCBC2B000])[18 68       ]0x0000FDD8:	LDR	R0, [R3]	;(R3=0xCBC79360 )
(             libc.so[0xCBC2B000])[08 B9       ]0x0000FDDA:	CBNZ	R0, #0XCBC3ADE0	;(R0=0x0B13C7D8 )
(             libc.so[0xCBC2B000])[DF F8 94 1B ]0x0000FDE0:	LDR.W	R1, [PC, #0XB94]	;(PC=0xCBC3ADE0 )
(             libc.so[0xCBC2B000])[79 44       ]0x0000FDE4:	ADD	R1, PC	;(R1=0x0003E398 PC=0xCBC3ADE4 )
(             libc.so[0xCBC2B000])[D1 F8 BC 21 ]0x0000FDE6:	LDR.W	R2, [R1, #0X1BC]	;(R1=0xCBC79180 )
(             libc.so[0xCBC2B000])[93 07       ]0x0000FDEA:	LSLS	R3, R2, #0X1E	;(R2=0x00000007 )
(             libc.so[0xCBC2B000])[02 D4       ]0x0000FDEC:	BMI	#0XCBC3ADF4
(             libc.so[0xCBC2B000])[01 F5 E0 70 ]0x0000FDF4:	ADD.W	R0, R1, #0X1C0	;(R1=0xCBC79180 )
(             libc.so[0xCBC2B000])[00 26       ]0x0000FDF8:	MOVS	R6, #0
(             libc.so[0xCBC2B000])[FE F7 F0 EC ]0x0000FDFA:	BLX	#0XCBC397DC	;(PC=0xCBC3ADFA )
(             libc.so[0xCBC2B000])[90 FF FF EA ]0x0000E7DC:	B	#0XCBC39624 ; pthread_mutex_lock	;(PC=0xCBC397DC )
(             libc.so[0xCBC2B000])[F0 41 2D E9 ]0x0000E624:	PUSH	{R4, R5, R6, R7, R8, LR}	;(SP=0x100FFFB0 R4=0x00000014 R5=0x30000020 R6=0x00000000 R7=0x100FFFF8 R8=0x00000000 LR=0xCBC3ADFF )
(             libc.so[0xCBC2B000])[00 40 50 E2 ]0x0000E628:	SUBS	R4, R0, #0	;(R0=0xCBC79340 )
(             libc.so[0xCBC2B000])[1B 00 00 0A ]0x0000E62C:	BEQ	#0XCBC396A0	;(PC=0xCBC3962C )
(             libc.so[0xCBC2B000])[00 50 94 E5 ]0x0000E630:	LDR	R5, [R4]	;(R4=0xCBC79340 )
(             libc.so[0xCBC2B000])[03 79 15 E2 ]0x0000E634:	ANDS	R7, R5, #0XC000	;(R5=0x00000000 )
(             libc.so[0xCBC2B000])[02 6A 05 E2 ]0x0000E638:	AND	R6, R5, #0X2000	;(R5=0x00000000 )
(             libc.so[0xCBC2B000])[19 00 00 1A ]0x0000E63C:	BNE	#0XCBC396A8	;(PC=0xCBC3963C )
(             libc.so[0xCBC2B000])[01 00 86 E3 ]0x0000E640:	ORR	R0, R6, #1	;(R6=0x00000000 )
(             libc.so[0xCBC2B000])[9F 3F 94 E1 ]0x0000E644:	LDREX	R3, [R4]	;(R4=0xCBC79340 )
(             libc.so[0xCBC2B000])[00 10 A0 E3 ]0x0000E648:	MOV	R1, #0
(             libc.so[0xCBC2B000])[06 00 33 E1 ]0x0000E64C:	TEQ	R3, R6	;(R3=0x00000000 R6=0x00000000 )
(             libc.so[0xCBC2B000])[90 1F 84 01 ]0x0000E650:	STREXEQ	R1, R0, [R4]	;(R0=0x00000001 R4=0xCBC79340 )
(             libc.so[0xCBC2B000])[00 00 51 E3 ]0x0000E654:	CMP	R1, #0	;(R1=0x00000000 )
(             libc.so[0xCBC2B000])[F9 FF FF 1A ]0x0000E658:	BNE	#0XCBC39644	;(PC=0xCBC39658 )
(             libc.so[0xCBC2B000])[03 00 56 E1 ]0x0000E65C:	CMP	R6, R3	;(R6=0x00000000 R3=0x00000000 )
(             libc.so[0xCBC2B000])[02 50 86 13 ]0x0000E660:	ORRNE	R5, R6, #2	;(R6=0x00000000 )
(             libc.so[0xCBC2B000])[01 00 00 1A ]0x0000E664:	BNE	#0XCBC39670	;(PC=0xCBC39664 )
(             libc.so[0xCBC2B000])[09 00 00 EA ]0x0000E668:	B	#0XCBC39694	;(PC=0xCBC39668 )
(             libc.so[0xCBC2B000])[5F F0 7F F5 ]0x0000E694:	DMB	SY
(             libc.so[0xCBC2B000])[00 00 A0 E3 ]0x0000E698:	MOV	R0, #0
(             libc.so[0xCBC2B000])[F0 81 BD E8 ]0x0000E69C:	POP	{R4, R5, R6, R7, R8, PC}	;(SP=0x100FFF98 )
(             libc.so[0xCBC2B000])[00 28       ]0x0000FDFE:	CMP	R0, #0	;(R0=0x00000000 )
(             libc.so[0xCBC2B000])[41 F0 6F 80 ]0x0000FE00:	BNE.W	#0XCBC3BEE2
(             libc.so[0xCBC2B000])[F3 E7       ]0x0000FE04:	B	#0XCBC3ADEE
(             libc.so[0xCBC2B000])[F4 2C       ]0x0000FDEE:	CMP	R4, #0XF4	;(R4=0x00000014 )
(             libc.so[0xCBC2B000])[09 D9       ]0x0000FDF0:	BLS	#0XCBC3AE06
(             libc.so[0xCBC2B000])[0A 2C       ]0x0000FE06:	CMP	R4, #0XA	;(R4=0x00000014 )
(             libc.so[0xCBC2B000])[03 D9       ]0x0000FE08:	BLS	#0XCBC3AE12
(             libc.so[0xCBC2B000])[0B 34       ]0x0000FE0A:	ADDS	R4, #0XB	;(R4=0x00000014 )
(             libc.so[0xCBC2B000])[24 F0 07 04 ]0x0000FE0C:	BIC	R4, R4, #7	;(R4=0x0000001F )
(             libc.so[0xCBC2B000])[00 E0       ]0x0000FE10:	B	#0XCBC3AE14
(             libc.so[0xCBC2B000])[DF F8 68 3B ]0x0000FE14:	LDR.W	R3, [PC, #0XB68]	;(PC=0xCBC3AE14 )
(             libc.so[0xCBC2B000])[E2 08       ]0x0000FE18:	LSRS	R2, R4, #3	;(R4=0x00000018 )
(             libc.so[0xCBC2B000])[7B 44       ]0x0000FE1A:	ADD	R3, PC	;(R3=0x0003E362 PC=0xCBC3AE1A )
(             libc.so[0xCBC2B000])[18 68       ]0x0000FE1C:	LDR	R0, [R3]	;(R3=0xCBC79180 )
(             libc.so[0xCBC2B000])[20 FA 02 F1 ]0x0000FE1E:	LSR.W	R1, R0, R2	;(R0=0x00000000 R2=0x00000003 )
(             libc.so[0xCBC2B000])[01 90       ]0x0000FE22:	STR	R0, [SP, #4]	;(R0=0x00000000 SP=0x100FFFB0 )
(             libc.so[0xCBC2B000])[8E 07       ]0x0000FE24:	LSLS	R6, R1, #0X1E	;(R1=0x00000000 )
(             libc.so[0xCBC2B000])[21 D0       ]0x0000FE26:	BEQ	#0XCBC3AE6C
(             libc.so[0xCBC2B000])[9D 68       ]0x0000FE6C:	LDR	R5, [R3, #8]	;(R3=0xCBC79180 )
(             libc.so[0xCBC2B000])[AC 42       ]0x0000FE6E:	CMP	R4, R5	;(R4=0x00000018 R5=0x00000000 )
(             libc.so[0xCBC2B000])[40 F2 3F 83 ]0x0000FE70:	BLS.W	#0XCBC3B4F2
(             libc.so[0xCBC2B000])[00 29       ]0x0000FE74:	CMP	R1, #0	;(R1=0x00000000 )
(             libc.so[0xCBC2B000])[74 D0       ]0x0000FE76:	BEQ	#0XCBC3AF62
(             libc.so[0xCBC2B000])[D3 F8 04 80 ]0x0000FF62:	LDR.W	R8, [R3, #4]	;(R3=0xCBC79180 )
(             libc.so[0xCBC2B000])[B8 F1 00 0F ]0x0000FF66:	CMP.W	R8, #0	;(R8=0x00000000 )
(             libc.so[0xCBC2B000])[00 F0 C2 82 ]0x0000FF6A:	BEQ.W	#0XCBC3B4F2
(             libc.so[0xCBC2B000])[DF F8 E0 34 ]0x000104F2:	LDR.W	R3, [PC, #0X4E0]	;(PC=0xCBC3B4F2 )
(             libc.so[0xCBC2B000])[7B 44       ]0x000104F6:	ADD	R3, PC	;(R3=0x0003DC86 PC=0xCBC3B4F6 )
(             libc.so[0xCBC2B000])[98 68       ]0x000104F8:	LDR	R0, [R3, #8]	;(R3=0xCBC79180 )
(             libc.so[0xCBC2B000])[84 42       ]0x000104FA:	CMP	R4, R0	;(R4=0x00000018 R0=0x00000000 )
(             libc.so[0xCBC2B000])[19 D8       ]0x000104FC:	BHI	#0XCBC3B532
(             libc.so[0xCBC2B000])[DE 68       ]0x00010532:	LDR	R6, [R3, #0XC]	;(R3=0xCBC79180 )
(             libc.so[0xCBC2B000])[B4 42       ]0x00010534:	CMP	R4, R6	;(R4=0x00000018 R6=0x00000FA8 )
(             libc.so[0xCBC2B000])[01 D2       ]0x00010536:	BHS	#0XCBC3B53C
(             libc.so[0xCBC2B000])[00 F0 7B BC ]0x00010538:	B.W	#0XCBC3BE32
(             libc.so[0xCBC2B000])[30 1B       ]0x00010E32:	SUBS	R0, R6, R4	;(R6=0x00000FA8 R4=0x00000018 )
(             libc.so[0xCBC2B000])[9E 69       ]0x00010E34:	LDR	R6, [R3, #0X18]	;(R3=0xCBC79180 )
(             libc.so[0xCBC2B000])[D8 60       ]0x00010E36:	STR	R0, [R3, #0XC]	;(R0=0x00000F90 R3=0xCBC79180 )
(             libc.so[0xCBC2B000])[32 19       ]0x00010E38:	ADDS	R2, R6, R4	;(R6=0x30000030 R4=0x00000018 )
(             libc.so[0xCBC2B000])[9A 61       ]0x00010E3A:	STR	R2, [R3, #0X18]	;(R2=0x30000048 R3=0xCBC79180 )
(             libc.so[0xCBC2B000])[40 F0 01 03 ]0x00010E3C:	ORR	R3, R0, #1	;(R0=0x00000F90 )
(             libc.so[0xCBC2B000])[53 60       ]0x00010E40:	STR	R3, [R2, #4]	;(R3=0x00000F91 R2=0x30000048 )
(             libc.so[0xCBC2B000])[44 F0 03 04 ]0x00010E42:	ORR	R4, R4, #3	;(R4=0x00000018 )
(             libc.so[0xCBC2B000])[74 60       ]0x00010E46:	STR	R4, [R6, #4]	;(R4=0x0000001B R6=0x30000030 )
(             libc.so[0xCBC2B000])[08 36       ]0x00010E48:	ADDS	R6, #8	;(R6=0x30000030 )
(             libc.so[0xCBC2B000])[04 E0       ]0x00010E4A:	B	#0XCBC3BE56
(             libc.so[0xCBC2B000])[35 49       ]0x00010E56:	LDR	R1, [PC, #0XD4]	;(PC=0xCBC3BE56 )
(             libc.so[0xCBC2B000])[79 44       ]0x00010E58:	ADD	R1, PC	;(R1=0x0003D324 PC=0xCBC3BE58 )
(             libc.so[0xCBC2B000])[D1 F8 BC 21 ]0x00010E5A:	LDR.W	R2, [R1, #0X1BC]	;(R1=0xCBC79180 )
(             libc.so[0xCBC2B000])[93 07       ]0x00010E5E:	LSLS	R3, R2, #0X1E	;(R2=0x00000007 )
(             libc.so[0xCBC2B000])[3F D5       ]0x00010E60:	BPL	#0XCBC3BEE2
(             libc.so[0xCBC2B000])[01 F5 E0 70 ]0x00010E62:	ADD.W	R0, R1, #0X1C0	;(R1=0xCBC79180 )
(             libc.so[0xCBC2B000])[FD F7 3C ED ]0x00010E66:	BLX	#0XCBC398E0	;(PC=0xCBC3BE66 )
(             libc.so[0xCBC2B000])[BE FF FF EA ]0x0000E8E0:	B	#0XCBC397E0 ; pthread_mutex_unlock	;(PC=0xCBC398E0 )
(             libc.so[0xCBC2B000])[70 40 2D E9 ]0x0000E7E0:	PUSH	{R4, R5, R6, LR}	;(SP=0x100FFFB0 R4=0x0000001B R5=0x00000000 R6=0x30000038 LR=0xCBC3BE6B )
(             libc.so[0xCBC2B000])[00 40 50 E2 ]0x0000E7E4:	SUBS	R4, R0, #0	;(R0=0xCBC79340 )
(             libc.so[0xCBC2B000])[08 D0 4D E2 ]0x0000E7E8:	SUB	SP, SP, #8	;(SP=0x100FFFA0 )
(             libc.so[0xCBC2B000])[2B 00 00 0A ]0x0000E7EC:	BEQ	#0XCBC398A0	;(PC=0xCBC397EC )
(             libc.so[0xCBC2B000])[00 50 94 E5 ]0x0000E7F0:	LDR	R5, [R4]	;(R4=0xCBC79340 )
(             libc.so[0xCBC2B000])[03 69 15 E2 ]0x0000E7F4:	ANDS	R6, R5, #0XC000	;(R5=0x00000001 )
(             libc.so[0xCBC2B000])[02 1A 05 E2 ]0x0000E7F8:	AND	R1, R5, #0X2000	;(R5=0x00000001 )
(             libc.so[0xCBC2B000])[11 00 00 1A ]0x0000E7FC:	BNE	#0XCBC39848	;(PC=0xCBC397FC )
(             libc.so[0xCBC2B000])[5F F0 7F F5 ]0x0000E800:	DMB	SY
(             libc.so[0xCBC2B000])[9F 2F 94 E1 ]0x0000E804:	LDREX	R2, [R4]	;(R4=0xCBC79340 )
(             libc.so[0xCBC2B000])[01 30 42 E2 ]0x0000E808:	SUB	R3, R2, #1	;(R2=0x00000001 )
(             libc.so[0xCBC2B000])[93 5F 84 E1 ]0x0000E80C:	STREX	R5, R3, [R4]	;(R3=0x00000000 R4=0xCBC79340 )
(             libc.so[0xCBC2B000])[00 00 55 E3 ]0x0000E810:	CMP	R5, #0	;(R5=0x00000000 )
(             libc.so[0xCBC2B000])[FA FF FF 1A ]0x0000E814:	BNE	#0XCBC39804	;(PC=0xCBC39814 )
(             libc.so[0xCBC2B000])[01 C0 81 E3 ]0x0000E818:	ORR	IP, R1, #1	;(R1=0x00000000 )
(             libc.so[0xCBC2B000])[0C 00 52 E1 ]0x0000E81C:	CMP	R2, IP	;(R2=0x00000001 IP=0x00000001 )
(             libc.so[0xCBC2B000])[06 00 00 0A ]0x0000E820:	BEQ	#0XCBC39840	;(PC=0xCBC39820 )
(             libc.so[0xCBC2B000])[00 00 A0 E3 ]0x0000E840:	MOV	R0, #0
(             libc.so[0xCBC2B000])[FB FF FF EA ]0x0000E844:	B	#0XCBC39838	;(PC=0xCBC39844 )
(             libc.so[0xCBC2B000])[08 D0 8D E2 ]0x0000E838:	ADD	SP, SP, #8	;(SP=0x100FFF98 )
(             libc.so[0xCBC2B000])[70 80 BD E8 ]0x0000E83C:	POP	{R4, R5, R6, PC}	;(SP=0x100FFFA0 )
(             libc.so[0xCBC2B000])[3A E0       ]0x00010E6A:	B	#0XCBC3BEE2
(             libc.so[0xCBC2B000])[30 46       ]0x00010EE2:	MOV	R0, R6	;(R6=0x30000038 )
(             libc.so[0xCBC2B000])[BD E8 FE 8F ]0x00010EE4:	POP.W	{R1, R2, R3, R4, R5, R6, R7, R8, SB, SL, FP, PC}	;(SP=0x100FFFB0 )
(             libc.so[0xCBC2B000])[08 BD       ]0x0000DBF8:	POP	{R3, PC}	;(SP=0x100FFFE0 )
(        libstdc++.so[0xCBC8F000])[08 B9       ]0x0000091E:	CBNZ	R0, #0XCBC8F924	;(R0=0x30000038 )
(        libstdc++.so[0xCBC8F000])[08 BD       ]0x00000924:	POP	{R3, PC}	;(SP=0x100FFFE8 )
(  libmakeurl2.4.9.so[0xCBBCB000])[05 46       ]0x0000161E:	MOV	R5, R0	;(R0=0x30000038 )
(  libmakeurl2.4.9.so[0xCBBCB000])[1B F0 1A FA ]0x00001620:	BL	#0XCBBE7A58	;(PC=0xCBBCC620 )
(  libmakeurl2.4.9.so[0xCBBCB000])[07 49       ]0x0001CA58:	LDR	R1, [PC, #0X1C]	;(PC=0xCBBE7A58 )
(  libmakeurl2.4.9.so[0xCBBCB000])[02 46       ]0x0001CA5A:	MOV	R2, R0	;(R0=0x30000038 )
(  libmakeurl2.4.9.so[0xCBBCB000])[79 44       ]0x0001CA5C:	ADD	R1, PC	;(R1=0x000282D8 PC=0xCBBE7A5C )
(  libmakeurl2.4.9.so[0xCBBCB000])[08 31       ]0x0001CA5E:	ADDS	R1, #8	;(R1=0xCBC0FD38 )
(  libmakeurl2.4.9.so[0xCBBCB000])[01 60       ]0x0001CA60:	STR	R1, [R0]	;(R1=0xCBC0FD40 R0=0x30000038 )
(  libmakeurl2.4.9.so[0xCBBCB000])[00 21       ]0x0001CA62:	MOVS	R1, #0
(  libmakeurl2.4.9.so[0xCBBCB000])[42 F8 08 1F ]0x0001CA64:	STR	R1, [R2, #8]!	;(R1=0x00000000 R2=0x30000038 )
(  libmakeurl2.4.9.so[0xCBBCB000])[C1 60       ]0x0001CA68:	STR	R1, [R0, #0XC]	;(R1=0x00000000 R0=0x30000038 )
(  libmakeurl2.4.9.so[0xCBBCB000])[45 F2 78 61 ]0x0001CA6A:	MOVW	R1, #0X5678
(  libmakeurl2.4.9.so[0xCBBCB000])[C1 F2 34 21 ]0x0001CA6E:	MOVT	R1, #0X1234	;(R1=0x00005678 )
(  libmakeurl2.4.9.so[0xCBBCB000])[42 60       ]0x0001CA72:	STR	R2, [R0, #4]	;(R2=0x30000040 R0=0x30000038 )
(  libmakeurl2.4.9.so[0xCBBCB000])[01 61       ]0x0001CA74:	STR	R1, [R0, #0X10]	;(R1=0x12345678 R0=0x30000038 )
(  libmakeurl2.4.9.so[0xCBBCB000])[70 47       ]0x0001CA76:	BX	LR	;(LR=0xCBBCC625 )
(  libmakeurl2.4.9.so[0xCBBCB000])[DF F8 F0 03 ]0x00001624:	LDR.W	R0, [PC, #0X3F0]	;(PC=0xCBBCC624 )
(  libmakeurl2.4.9.so[0xCBBCB000])[78 44       ]0x00001628:	ADD	R0, PC	;(R0=0x00043B84 PC=0xCBBCC628 )
(  libmakeurl2.4.9.so[0xCBBCB000])[05 60       ]0x0000162A:	STR	R5, [R0]	;(R5=0x30000038 R0=0xCBC101B0 )
(  libmakeurl2.4.9.so[0xCBBCB000])[14 20       ]0x0000162C:	MOVS	R0, #0X14
(  libmakeurl2.4.9.so[0xCBBCB000])[FF F7 26 EF ]0x0000162E:	BLX	#0XCBBCC47C	;(PC=0xCBBCC62E )
(  libmakeurl2.4.9.so[0xCBBCB000])[00 C6 8F E2 ]0x0000147C:	ADD	IP, PC, #0, #12	;(PC=0xCBBCC47C )
(  libmakeurl2.4.9.so[0xCBBCB000])[43 CA 8C E2 ]0x00001480:	ADD	IP, IP, #0X43000	;(IP=0xCBBCC484 )
(  libmakeurl2.4.9.so[0xCBBCB000])[00 FB BC E5 ]0x00001484:	LDR	PC, [IP, #0XB00]!	;(IP=0xCBC0F484 )
(        libstdc++.so[0xCBC8F000])[08 B5       ]0x00000918:	PUSH	{R3, LR} ; _Znaj	;(SP=0x100FFFF0 R3=0x00000000 LR=0xCBBCC633 )
(        libstdc++.so[0xCBC8F000])[FF F7 6E EF ]0x0000091A:	BLX	#0XCBC8F7F8	;(PC=0xCBC8F91A )
(        libstdc++.so[0xCBC8F000])[00 C6 8F E2 ]0x000007F8:	ADD	IP, PC, #0, #12	;(PC=0xCBC8F7F8 )
(        libstdc++.so[0xCBC8F000])[01 CA 8C E2 ]0x000007FC:	ADD	IP, IP, #0X1000	;(IP=0xCBC8F800 )
(        libstdc++.so[0xCBC8F000])[F0 F7 BC E5 ]0x00000800:	LDR	PC, [IP, #0X7F0]!	;(IP=0xCBC90800 )
(             libc.so[0xCBC2B000])[08 B5       ]0x0000DBEC:	PUSH	{R3, LR} ; malloc	;(SP=0x100FFFE8 R3=0x00000000 LR=0xCBC8F91F )
(             libc.so[0xCBC2B000])[03 4B       ]0x0000DBEE:	LDR	R3, [PC, #0XC]	;(PC=0xCBC38BEE )
(             libc.so[0xCBC2B000])[7B 44       ]0x0000DBF0:	ADD	R3, PC	;(R3=0x0003C40C PC=0xCBC38BF0 )
(             libc.so[0xCBC2B000])[19 68       ]0x0000DBF2:	LDR	R1, [R3]	;(R3=0xCBC75000 )
(             libc.so[0xCBC2B000])[0A 68       ]0x0000DBF4:	LDR	R2, [R1]	;(R1=0xCBC74E00 )
(             libc.so[0xCBC2B000])[90 47       ]0x0000DBF6:	BLX	R2	;(PC=0xCBC38BF6 R2=0xCBC3ADCD )
(             libc.so[0xCBC2B000])[DF F8 A4 3B ]0x0000FDCC:	LDR.W	R3, [PC, #0XBA4] ; dlmalloc	;(PC=0xCBC3ADCC )
(             libc.so[0xCBC2B000])[2D E9 F7 4F ]0x0000FDD0:	PUSH.W	{R0, R1, R2, R4, R5, R6, R7, R8, SB, SL, FP, LR}	;(SP=0x100FFFE0 R0=0x00000014 R1=0xCBC74E00 R2=0xCBC3ADCD R4=0x00000000 R5=0x30000038 R6=0x00000000 R7=0x100FFFF8 R8=0x00000000 SB=0x00000000 SL=0x00000000 FP=0x00000000 LR=0xCBC38BF9 )
(             libc.so[0xCBC2B000])[7B 44       ]0x0000FDD4:	ADD	R3, PC	;(R3=0x0003E588 PC=0xCBC3ADD4 )
(             libc.so[0xCBC2B000])[04 46       ]0x0000FDD6:	MOV	R4, R0	;(R0=0x00000014 )
(             libc.so[0xCBC2B000])[18 68       ]0x0000FDD8:	LDR	R0, [R3]	;(R3=0xCBC79360 )
(             libc.so[0xCBC2B000])[08 B9       ]0x0000FDDA:	CBNZ	R0, #0XCBC3ADE0	;(R0=0x0B13C7D8 )
(             libc.so[0xCBC2B000])[DF F8 94 1B ]0x0000FDE0:	LDR.W	R1, [PC, #0XB94]	;(PC=0xCBC3ADE0 )
(             libc.so[0xCBC2B000])[79 44       ]0x0000FDE4:	ADD	R1, PC	;(R1=0x0003E398 PC=0xCBC3ADE4 )
(             libc.so[0xCBC2B000])[D1 F8 BC 21 ]0x0000FDE6:	LDR.W	R2, [R1, #0X1BC]	;(R1=0xCBC79180 )
(             libc.so[0xCBC2B000])[93 07       ]0x0000FDEA:	LSLS	R3, R2, #0X1E	;(R2=0x00000007 )
(             libc.so[0xCBC2B000])[02 D4       ]0x0000FDEC:	BMI	#0XCBC3ADF4
(             libc.so[0xCBC2B000])[01 F5 E0 70 ]0x0000FDF4:	ADD.W	R0, R1, #0X1C0	;(R1=0xCBC79180 )
(             libc.so[0xCBC2B000])[00 26       ]0x0000FDF8:	MOVS	R6, #0
(             libc.so[0xCBC2B000])[FE F7 F0 EC ]0x0000FDFA:	BLX	#0XCBC397DC	;(PC=0xCBC3ADFA )
(             libc.so[0xCBC2B000])[90 FF FF EA ]0x0000E7DC:	B	#0XCBC39624 ; pthread_mutex_lock	;(PC=0xCBC397DC )
(             libc.so[0xCBC2B000])[F0 41 2D E9 ]0x0000E624:	PUSH	{R4, R5, R6, R7, R8, LR}	;(SP=0x100FFFB0 R4=0x00000014 R5=0x30000038 R6=0x00000000 R7=0x100FFFF8 R8=0x00000000 LR=0xCBC3ADFF )
(             libc.so[0xCBC2B000])[00 40 50 E2 ]0x0000E628:	SUBS	R4, R0, #0	;(R0=0xCBC79340 )
(             libc.so[0xCBC2B000])[1B 00 00 0A ]0x0000E62C:	BEQ	#0XCBC396A0	;(PC=0xCBC3962C )
(             libc.so[0xCBC2B000])[00 50 94 E5 ]0x0000E630:	LDR	R5, [R4]	;(R4=0xCBC79340 )
(             libc.so[0xCBC2B000])[03 79 15 E2 ]0x0000E634:	ANDS	R7, R5, #0XC000	;(R5=0x00000000 )
(             libc.so[0xCBC2B000])[02 6A 05 E2 ]0x0000E638:	AND	R6, R5, #0X2000	;(R5=0x00000000 )
(             libc.so[0xCBC2B000])[19 00 00 1A ]0x0000E63C:	BNE	#0XCBC396A8	;(PC=0xCBC3963C )
(             libc.so[0xCBC2B000])[01 00 86 E3 ]0x0000E640:	ORR	R0, R6, #1	;(R6=0x00000000 )
(             libc.so[0xCBC2B000])[9F 3F 94 E1 ]0x0000E644:	LDREX	R3, [R4]	;(R4=0xCBC79340 )
(             libc.so[0xCBC2B000])[00 10 A0 E3 ]0x0000E648:	MOV	R1, #0
(             libc.so[0xCBC2B000])[06 00 33 E1 ]0x0000E64C:	TEQ	R3, R6	;(R3=0x00000000 R6=0x00000000 )
(             libc.so[0xCBC2B000])[90 1F 84 01 ]0x0000E650:	STREXEQ	R1, R0, [R4]	;(R0=0x00000001 R4=0xCBC79340 )
(             libc.so[0xCBC2B000])[00 00 51 E3 ]0x0000E654:	CMP	R1, #0	;(R1=0x00000000 )
(             libc.so[0xCBC2B000])[F9 FF FF 1A ]0x0000E658:	BNE	#0XCBC39644	;(PC=0xCBC39658 )
(             libc.so[0xCBC2B000])[03 00 56 E1 ]0x0000E65C:	CMP	R6, R3	;(R6=0x00000000 R3=0x00000000 )
(             libc.so[0xCBC2B000])[02 50 86 13 ]0x0000E660:	ORRNE	R5, R6, #2	;(R6=0x00000000 )
(             libc.so[0xCBC2B000])[01 00 00 1A ]0x0000E664:	BNE	#0XCBC39670	;(PC=0xCBC39664 )
(             libc.so[0xCBC2B000])[09 00 00 EA ]0x0000E668:	B	#0XCBC39694	;(PC=0xCBC39668 )
(             libc.so[0xCBC2B000])[5F F0 7F F5 ]0x0000E694:	DMB	SY
(             libc.so[0xCBC2B000])[00 00 A0 E3 ]0x0000E698:	MOV	R0, #0
(             libc.so[0xCBC2B000])[F0 81 BD E8 ]0x0000E69C:	POP	{R4, R5, R6, R7, R8, PC}	;(SP=0x100FFF98 )
(             libc.so[0xCBC2B000])[00 28       ]0x0000FDFE:	CMP	R0, #0	;(R0=0x00000000 )
(             libc.so[0xCBC2B000])[41 F0 6F 80 ]0x0000FE00:	BNE.W	#0XCBC3BEE2
(             libc.so[0xCBC2B000])[F3 E7       ]0x0000FE04:	B	#0XCBC3ADEE
(             libc.so[0xCBC2B000])[F4 2C       ]0x0000FDEE:	CMP	R4, #0XF4	;(R4=0x00000014 )
(             libc.so[0xCBC2B000])[09 D9       ]0x0000FDF0:	BLS	#0XCBC3AE06
(             libc.so[0xCBC2B000])[0A 2C       ]0x0000FE06:	CMP	R4, #0XA	;(R4=0x00000014 )
(             libc.so[0xCBC2B000])[03 D9       ]0x0000FE08:	BLS	#0XCBC3AE12
(             libc.so[0xCBC2B000])[0B 34       ]0x0000FE0A:	ADDS	R4, #0XB	;(R4=0x00000014 )
(             libc.so[0xCBC2B000])[24 F0 07 04 ]0x0000FE0C:	BIC	R4, R4, #7	;(R4=0x0000001F )
(             libc.so[0xCBC2B000])[00 E0       ]0x0000FE10:	B	#0XCBC3AE14
(             libc.so[0xCBC2B000])[DF F8 68 3B ]0x0000FE14:	LDR.W	R3, [PC, #0XB68]	;(PC=0xCBC3AE14 )
(             libc.so[0xCBC2B000])[E2 08       ]0x0000FE18:	LSRS	R2, R4, #3	;(R4=0x00000018 )
(             libc.so[0xCBC2B000])[7B 44       ]0x0000FE1A:	ADD	R3, PC	;(R3=0x0003E362 PC=0xCBC3AE1A )
(             libc.so[0xCBC2B000])[18 68       ]0x0000FE1C:	LDR	R0, [R3]	;(R3=0xCBC79180 )
(             libc.so[0xCBC2B000])[20 FA 02 F1 ]0x0000FE1E:	LSR.W	R1, R0, R2	;(R0=0x00000000 R2=0x00000003 )
(             libc.so[0xCBC2B000])[01 90       ]0x0000FE22:	STR	R0, [SP, #4]	;(R0=0x00000000 SP=0x100FFFB0 )
(             libc.so[0xCBC2B000])[8E 07       ]0x0000FE24:	LSLS	R6, R1, #0X1E	;(R1=0x00000000 )
(             libc.so[0xCBC2B000])[21 D0       ]0x0000FE26:	BEQ	#0XCBC3AE6C
(             libc.so[0xCBC2B000])[9D 68       ]0x0000FE6C:	LDR	R5, [R3, #8]	;(R3=0xCBC79180 )
(             libc.so[0xCBC2B000])[AC 42       ]0x0000FE6E:	CMP	R4, R5	;(R4=0x00000018 R5=0x00000000 )
(             libc.so[0xCBC2B000])[40 F2 3F 83 ]0x0000FE70:	BLS.W	#0XCBC3B4F2
(             libc.so[0xCBC2B000])[00 29       ]0x0000FE74:	CMP	R1, #0	;(R1=0x00000000 )
(             libc.so[0xCBC2B000])[74 D0       ]0x0000FE76:	BEQ	#0XCBC3AF62
(             libc.so[0xCBC2B000])[D3 F8 04 80 ]0x0000FF62:	LDR.W	R8, [R3, #4]	;(R3=0xCBC79180 )
(             libc.so[0xCBC2B000])[B8 F1 00 0F ]0x0000FF66:	CMP.W	R8, #0	;(R8=0x00000000 )
(             libc.so[0xCBC2B000])[00 F0 C2 82 ]0x0000FF6A:	BEQ.W	#0XCBC3B4F2
(             libc.so[0xCBC2B000])[DF F8 E0 34 ]0x000104F2:	LDR.W	R3, [PC, #0X4E0]	;(PC=0xCBC3B4F2 )
(             libc.so[0xCBC2B000])[7B 44       ]0x000104F6:	ADD	R3, PC	;(R3=0x0003DC86 PC=0xCBC3B4F6 )
(             libc.so[0xCBC2B000])[98 68       ]0x000104F8:	LDR	R0, [R3, #8]	;(R3=0xCBC79180 )
(             libc.so[0xCBC2B000])[84 42       ]0x000104FA:	CMP	R4, R0	;(R4=0x00000018 R0=0x00000000 )
(             libc.so[0xCBC2B000])[19 D8       ]0x000104FC:	BHI	#0XCBC3B532
(             libc.so[0xCBC2B000])[DE 68       ]0x00010532:	LDR	R6, [R3, #0XC]	;(R3=0xCBC79180 )
(             libc.so[0xCBC2B000])[B4 42       ]0x00010534:	CMP	R4, R6	;(R4=0x00000018 R6=0x00000F90 )
(             libc.so[0xCBC2B000])[01 D2       ]0x00010536:	BHS	#0XCBC3B53C
(             libc.so[0xCBC2B000])[00 F0 7B BC ]0x00010538:	B.W	#0XCBC3BE32
(             libc.so[0xCBC2B000])[30 1B       ]0x00010E32:	SUBS	R0, R6, R4	;(R6=0x00000F90 R4=0x00000018 )
(             libc.so[0xCBC2B000])[9E 69       ]0x00010E34:	LDR	R6, [R3, #0X18]	;(R3=0xCBC79180 )
(             libc.so[0xCBC2B000])[D8 60       ]0x00010E36:	STR	R0, [R3, #0XC]	;(R0=0x00000F78 R3=0xCBC79180 )
(             libc.so[0xCBC2B000])[32 19       ]0x00010E38:	ADDS	R2, R6, R4	;(R6=0x30000048 R4=0x00000018 )
(             libc.so[0xCBC2B000])[9A 61       ]0x00010E3A:	STR	R2, [R3, #0X18]	;(R2=0x30000060 R3=0xCBC79180 )
(             libc.so[0xCBC2B000])[40 F0 01 03 ]0x00010E3C:	ORR	R3, R0, #1	;(R0=0x00000F78 )
(             libc.so[0xCBC2B000])[53 60       ]0x00010E40:	STR	R3, [R2, #4]	;(R3=0x00000F79 R2=0x30000060 )
(             libc.so[0xCBC2B000])[44 F0 03 04 ]0x00010E42:	ORR	R4, R4, #3	;(R4=0x00000018 )
(             libc.so[0xCBC2B000])[74 60       ]0x00010E46:	STR	R4, [R6, #4]	;(R4=0x0000001B R6=0x30000048 )
(             libc.so[0xCBC2B000])[08 36       ]0x00010E48:	ADDS	R6, #8	;(R6=0x30000048 )
(             libc.so[0xCBC2B000])[04 E0       ]0x00010E4A:	B	#0XCBC3BE56
(             libc.so[0xCBC2B000])[35 49       ]0x00010E56:	LDR	R1, [PC, #0XD4]	;(PC=0xCBC3BE56 )
(             libc.so[0xCBC2B000])[79 44       ]0x00010E58:	ADD	R1, PC	;(R1=0x0003D324 PC=0xCBC3BE58 )
(             libc.so[0xCBC2B000])[D1 F8 BC 21 ]0x00010E5A:	LDR.W	R2, [R1, #0X1BC]	;(R1=0xCBC79180 )
(             libc.so[0xCBC2B000])[93 07       ]0x00010E5E:	LSLS	R3, R2, #0X1E	;(R2=0x00000007 )
(             libc.so[0xCBC2B000])[3F D5       ]0x00010E60:	BPL	#0XCBC3BEE2
(             libc.so[0xCBC2B000])[01 F5 E0 70 ]0x00010E62:	ADD.W	R0, R1, #0X1C0	;(R1=0xCBC79180 )
(             libc.so[0xCBC2B000])[FD F7 3C ED ]0x00010E66:	BLX	#0XCBC398E0	;(PC=0xCBC3BE66 )
(             libc.so[0xCBC2B000])[BE FF FF EA ]0x0000E8E0:	B	#0XCBC397E0 ; pthread_mutex_unlock	;(PC=0xCBC398E0 )
(             libc.so[0xCBC2B000])[70 40 2D E9 ]0x0000E7E0:	PUSH	{R4, R5, R6, LR}	;(SP=0x100FFFB0 R4=0x0000001B R5=0x00000000 R6=0x30000050 LR=0xCBC3BE6B )
(             libc.so[0xCBC2B000])[00 40 50 E2 ]0x0000E7E4:	SUBS	R4, R0, #0	;(R0=0xCBC79340 )
(             libc.so[0xCBC2B000])[08 D0 4D E2 ]0x0000E7E8:	SUB	SP, SP, #8	;(SP=0x100FFFA0 )
(             libc.so[0xCBC2B000])[2B 00 00 0A ]0x0000E7EC:	BEQ	#0XCBC398A0	;(PC=0xCBC397EC )
(             libc.so[0xCBC2B000])[00 50 94 E5 ]0x0000E7F0:	LDR	R5, [R4]	;(R4=0xCBC79340 )
(             libc.so[0xCBC2B000])[03 69 15 E2 ]0x0000E7F4:	ANDS	R6, R5, #0XC000	;(R5=0x00000001 )
(             libc.so[0xCBC2B000])[02 1A 05 E2 ]0x0000E7F8:	AND	R1, R5, #0X2000	;(R5=0x00000001 )
(             libc.so[0xCBC2B000])[11 00 00 1A ]0x0000E7FC:	BNE	#0XCBC39848	;(PC=0xCBC397FC )
(             libc.so[0xCBC2B000])[5F F0 7F F5 ]0x0000E800:	DMB	SY
(             libc.so[0xCBC2B000])[9F 2F 94 E1 ]0x0000E804:	LDREX	R2, [R4]	;(R4=0xCBC79340 )
(             libc.so[0xCBC2B000])[01 30 42 E2 ]0x0000E808:	SUB	R3, R2, #1	;(R2=0x00000001 )
(             libc.so[0xCBC2B000])[93 5F 84 E1 ]0x0000E80C:	STREX	R5, R3, [R4]	;(R3=0x00000000 R4=0xCBC79340 )
(             libc.so[0xCBC2B000])[00 00 55 E3 ]0x0000E810:	CMP	R5, #0	;(R5=0x00000000 )
(             libc.so[0xCBC2B000])[FA FF FF 1A ]0x0000E814:	BNE	#0XCBC39804	;(PC=0xCBC39814 )
(             libc.so[0xCBC2B000])[01 C0 81 E3 ]0x0000E818:	ORR	IP, R1, #1	;(R1=0x00000000 )
(             libc.so[0xCBC2B000])[0C 00 52 E1 ]0x0000E81C:	CMP	R2, IP	;(R2=0x00000001 IP=0x00000001 )
(             libc.so[0xCBC2B000])[06 00 00 0A ]0x0000E820:	BEQ	#0XCBC39840	;(PC=0xCBC39820 )
(             libc.so[0xCBC2B000])[00 00 A0 E3 ]0x0000E840:	MOV	R0, #0
(             libc.so[0xCBC2B000])[FB FF FF EA ]0x0000E844:	B	#0XCBC39838	;(PC=0xCBC39844 )
(             libc.so[0xCBC2B000])[08 D0 8D E2 ]0x0000E838:	ADD	SP, SP, #8	;(SP=0x100FFF98 )
(             libc.so[0xCBC2B000])[70 80 BD E8 ]0x0000E83C:	POP	{R4, R5, R6, PC}	;(SP=0x100FFFA0 )
(             libc.so[0xCBC2B000])[3A E0       ]0x00010E6A:	B	#0XCBC3BEE2
(             libc.so[0xCBC2B000])[30 46       ]0x00010EE2:	MOV	R0, R6	;(R6=0x30000050 )
(             libc.so[0xCBC2B000])[BD E8 FE 8F ]0x00010EE4:	POP.W	{R1, R2, R3, R4, R5, R6, R7, R8, SB, SL, FP, PC}	;(SP=0x100FFFB0 )
(             libc.so[0xCBC2B000])[08 BD       ]0x0000DBF8:	POP	{R3, PC}	;(SP=0x100FFFE0 )
(        libstdc++.so[0xCBC8F000])[08 B9       ]0x0000091E:	CBNZ	R0, #0XCBC8F924	;(R0=0x30000050 )
(        libstdc++.so[0xCBC8F000])[08 BD       ]0x00000924:	POP	{R3, PC}	;(SP=0x100FFFE8 )
(  libmakeurl2.4.9.so[0xCBBCB000])[05 46       ]0x00001632:	MOV	R5, R0	;(R0=0x30000050 )
(  libmakeurl2.4.9.so[0xCBBCB000])[1A F0 36 FD ]0x00001634:	BL	#0XCBBE70A4	;(PC=0xCBBCC634 )
(  libmakeurl2.4.9.so[0xCBBCB000])[07 49       ]0x0001C0A4:	LDR	R1, [PC, #0X1C]	;(PC=0xCBBE70A4 )
(  libmakeurl2.4.9.so[0xCBBCB000])[02 1D       ]0x0001C0A6:	ADDS	R2, R0, #4	;(R0=0x30000050 )
(  libmakeurl2.4.9.so[0xCBBCB000])[4A F2 78 6C ]0x0001C0A8:	MOVW	IP, #0XA678
(  libmakeurl2.4.9.so[0xCBBCB000])[00 23       ]0x0001C0AC:	MOVS	R3, #0
(  libmakeurl2.4.9.so[0xCBBCB000])[79 44       ]0x0001C0AE:	ADD	R1, PC	;(R1=0x00028C5A PC=0xCBBE70AE )
(  libmakeurl2.4.9.so[0xCBBCB000])[C1 F2 3A 2C ]0x0001C0B0:	MOVT	IP, #0X123A	;(IP=0x0000A678 )
(  libmakeurl2.4.9.so[0xCBBCB000])[08 31       ]0x0001C0B4:	ADDS	R1, #8	;(R1=0xCBC0FD0C )
(  libmakeurl2.4.9.so[0xCBBCB000])[C0 E9 00 12 ]0x0001C0B6:	STRD	R1, R2, [R0]	;(R1=0xCBC0FD14 R2=0x30000054 R0=0x30000050 )
(  libmakeurl2.4.9.so[0xCBBCB000])[00 F1 08 01 ]0x0001C0BA:	ADD.W	R1, R0, #8	;(R0=0x30000050 )
(  libmakeurl2.4.9.so[0xCBBCB000])[81 E8 0C 10 ]0x0001C0BE:	STM.W	R1, {R2, R3, IP}	;(R1=0x30000058 R2=0x30000054 R3=0x00000000 IP=0x123AA678 )
(  libmakeurl2.4.9.so[0xCBBCB000])[70 47       ]0x0001C0C2:	BX	LR	;(LR=0xCBBCC639 )
(  libmakeurl2.4.9.so[0xCBBCB000])[DF F8 E0 03 ]0x00001638:	LDR.W	R0, [PC, #0X3E0]	;(PC=0xCBBCC638 )
(  libmakeurl2.4.9.so[0xCBBCB000])[78 44       ]0x0000163C:	ADD	R0, PC	;(R0=0x00043B74 PC=0xCBBCC63C )
(  libmakeurl2.4.9.so[0xCBBCB000])[05 60       ]0x0000163E:	STR	R5, [R0]	;(R5=0x30000050 R0=0xCBC101B4 )
(  libmakeurl2.4.9.so[0xCBBCB000])[14 20       ]0x00001640:	MOVS	R0, #0X14
(  libmakeurl2.4.9.so[0xCBBCB000])[FF F7 1C EF ]0x00001642:	BLX	#0XCBBCC47C	;(PC=0xCBBCC642 )
(  libmakeurl2.4.9.so[0xCBBCB000])[00 C6 8F E2 ]0x0000147C:	ADD	IP, PC, #0, #12	;(PC=0xCBBCC47C )
(  libmakeurl2.4.9.so[0xCBBCB000])[43 CA 8C E2 ]0x00001480:	ADD	IP, IP, #0X43000	;(IP=0xCBBCC484 )
(  libmakeurl2.4.9.so[0xCBBCB000])[00 FB BC E5 ]0x00001484:	LDR	PC, [IP, #0XB00]!	;(IP=0xCBC0F484 )
(        libstdc++.so[0xCBC8F000])[08 B5       ]0x00000918:	PUSH	{R3, LR} ; _Znaj	;(SP=0x100FFFF0 R3=0x00000000 LR=0xCBBCC647 )
(        libstdc++.so[0xCBC8F000])[FF F7 6E EF ]0x0000091A:	BLX	#0XCBC8F7F8	;(PC=0xCBC8F91A )
(        libstdc++.so[0xCBC8F000])[00 C6 8F E2 ]0x000007F8:	ADD	IP, PC, #0, #12	;(PC=0xCBC8F7F8 )
(        libstdc++.so[0xCBC8F000])[01 CA 8C E2 ]0x000007FC:	ADD	IP, IP, #0X1000	;(IP=0xCBC8F800 )
(        libstdc++.so[0xCBC8F000])[F0 F7 BC E5 ]0x00000800:	LDR	PC, [IP, #0X7F0]!	;(IP=0xCBC90800 )
(             libc.so[0xCBC2B000])[08 B5       ]0x0000DBEC:	PUSH	{R3, LR} ; malloc	;(SP=0x100FFFE8 R3=0x00000000 LR=0xCBC8F91F )
(             libc.so[0xCBC2B000])[03 4B       ]0x0000DBEE:	LDR	R3, [PC, #0XC]	;(PC=0xCBC38BEE )
(             libc.so[0xCBC2B000])[7B 44       ]0x0000DBF0:	ADD	R3, PC	;(R3=0x0003C40C PC=0xCBC38BF0 )
(             libc.so[0xCBC2B000])[19 68       ]0x0000DBF2:	LDR	R1, [R3]	;(R3=0xCBC75000 )
(             libc.so[0xCBC2B000])[0A 68       ]0x0000DBF4:	LDR	R2, [R1]	;(R1=0xCBC74E00 )
(             libc.so[0xCBC2B000])[90 47       ]0x0000DBF6:	BLX	R2	;(PC=0xCBC38BF6 R2=0xCBC3ADCD )
(             libc.so[0xCBC2B000])[DF F8 A4 3B ]0x0000FDCC:	LDR.W	R3, [PC, #0XBA4] ; dlmalloc	;(PC=0xCBC3ADCC )
(             libc.so[0xCBC2B000])[2D E9 F7 4F ]0x0000FDD0:	PUSH.W	{R0, R1, R2, R4, R5, R6, R7, R8, SB, SL, FP, LR}	;(SP=0x100FFFE0 R0=0x00000014 R1=0xCBC74E00 R2=0xCBC3ADCD R4=0x00000000 R5=0x30000050 R6=0x00000000 R7=0x100FFFF8 R8=0x00000000 SB=0x00000000 SL=0x00000000 FP=0x00000000 LR=0xCBC38BF9 )
(             libc.so[0xCBC2B000])[7B 44       ]0x0000FDD4:	ADD	R3, PC	;(R3=0x0003E588 PC=0xCBC3ADD4 )
(             libc.so[0xCBC2B000])[04 46       ]0x0000FDD6:	MOV	R4, R0	;(R0=0x00000014 )
(             libc.so[0xCBC2B000])[18 68       ]0x0000FDD8:	LDR	R0, [R3]	;(R3=0xCBC79360 )
(             libc.so[0xCBC2B000])[08 B9       ]0x0000FDDA:	CBNZ	R0, #0XCBC3ADE0	;(R0=0x0B13C7D8 )
(             libc.so[0xCBC2B000])[DF F8 94 1B ]0x0000FDE0:	LDR.W	R1, [PC, #0XB94]	;(PC=0xCBC3ADE0 )
(             libc.so[0xCBC2B000])[79 44       ]0x0000FDE4:	ADD	R1, PC	;(R1=0x0003E398 PC=0xCBC3ADE4 )
(             libc.so[0xCBC2B000])[D1 F8 BC 21 ]0x0000FDE6:	LDR.W	R2, [R1, #0X1BC]	;(R1=0xCBC79180 )
(             libc.so[0xCBC2B000])[93 07       ]0x0000FDEA:	LSLS	R3, R2, #0X1E	;(R2=0x00000007 )
(             libc.so[0xCBC2B000])[02 D4       ]0x0000FDEC:	BMI	#0XCBC3ADF4
(             libc.so[0xCBC2B000])[01 F5 E0 70 ]0x0000FDF4:	ADD.W	R0, R1, #0X1C0	;(R1=0xCBC79180 )
(             libc.so[0xCBC2B000])[00 26       ]0x0000FDF8:	MOVS	R6, #0
(             libc.so[0xCBC2B000])[FE F7 F0 EC ]0x0000FDFA:	BLX	#0XCBC397DC	;(PC=0xCBC3ADFA )
(             libc.so[0xCBC2B000])[90 FF FF EA ]0x0000E7DC:	B	#0XCBC39624 ; pthread_mutex_lock	;(PC=0xCBC397DC )
(             libc.so[0xCBC2B000])[F0 41 2D E9 ]0x0000E624:	PUSH	{R4, R5, R6, R7, R8, LR}	;(SP=0x100FFFB0 R4=0x00000014 R5=0x30000050 R6=0x00000000 R7=0x100FFFF8 R8=0x00000000 LR=0xCBC3ADFF )
(             libc.so[0xCBC2B000])[00 40 50 E2 ]0x0000E628:	SUBS	R4, R0, #0	;(R0=0xCBC79340 )
(             libc.so[0xCBC2B000])[1B 00 00 0A ]0x0000E62C:	BEQ	#0XCBC396A0	;(PC=0xCBC3962C )
(             libc.so[0xCBC2B000])[00 50 94 E5 ]0x0000E630:	LDR	R5, [R4]	;(R4=0xCBC79340 )
(             libc.so[0xCBC2B000])[03 79 15 E2 ]0x0000E634:	ANDS	R7, R5, #0XC000	;(R5=0x00000000 )
(             libc.so[0xCBC2B000])[02 6A 05 E2 ]0x0000E638:	AND	R6, R5, #0X2000	;(R5=0x00000000 )
(             libc.so[0xCBC2B000])[19 00 00 1A ]0x0000E63C:	BNE	#0XCBC396A8	;(PC=0xCBC3963C )
(             libc.so[0xCBC2B000])[01 00 86 E3 ]0x0000E640:	ORR	R0, R6, #1	;(R6=0x00000000 )
(             libc.so[0xCBC2B000])[9F 3F 94 E1 ]0x0000E644:	LDREX	R3, [R4]	;(R4=0xCBC79340 )
(             libc.so[0xCBC2B000])[00 10 A0 E3 ]0x0000E648:	MOV	R1, #0
(             libc.so[0xCBC2B000])[06 00 33 E1 ]0x0000E64C:	TEQ	R3, R6	;(R3=0x00000000 R6=0x00000000 )
(             libc.so[0xCBC2B000])[90 1F 84 01 ]0x0000E650:	STREXEQ	R1, R0, [R4]	;(R0=0x00000001 R4=0xCBC79340 )
(             libc.so[0xCBC2B000])[00 00 51 E3 ]0x0000E654:	CMP	R1, #0	;(R1=0x00000000 )
(             libc.so[0xCBC2B000])[F9 FF FF 1A ]0x0000E658:	BNE	#0XCBC39644	;(PC=0xCBC39658 )
(             libc.so[0xCBC2B000])[03 00 56 E1 ]0x0000E65C:	CMP	R6, R3	;(R6=0x00000000 R3=0x00000000 )
(             libc.so[0xCBC2B000])[02 50 86 13 ]0x0000E660:	ORRNE	R5, R6, #2	;(R6=0x00000000 )
(             libc.so[0xCBC2B000])[01 00 00 1A ]0x0000E664:	BNE	#0XCBC39670	;(PC=0xCBC39664 )
(             libc.so[0xCBC2B000])[09 00 00 EA ]0x0000E668:	B	#0XCBC39694	;(PC=0xCBC39668 )
(             libc.so[0xCBC2B000])[5F F0 7F F5 ]0x0000E694:	DMB	SY
(             libc.so[0xCBC2B000])[00 00 A0 E3 ]0x0000E698:	MOV	R0, #0
(             libc.so[0xCBC2B000])[F0 81 BD E8 ]0x0000E69C:	POP	{R4, R5, R6, R7, R8, PC}	;(SP=0x100FFF98 )
(             libc.so[0xCBC2B000])[00 28       ]0x0000FDFE:	CMP	R0, #0	;(R0=0x00000000 )
(             libc.so[0xCBC2B000])[41 F0 6F 80 ]0x0000FE00:	BNE.W	#0XCBC3BEE2
(             libc.so[0xCBC2B000])[F3 E7       ]0x0000FE04:	B	#0XCBC3ADEE
(             libc.so[0xCBC2B000])[F4 2C       ]0x0000FDEE:	CMP	R4, #0XF4	;(R4=0x00000014 )
(             libc.so[0xCBC2B000])[09 D9       ]0x0000FDF0:	BLS	#0XCBC3AE06
(             libc.so[0xCBC2B000])[0A 2C       ]0x0000FE06:	CMP	R4, #0XA	;(R4=0x00000014 )
(             libc.so[0xCBC2B000])[03 D9       ]0x0000FE08:	BLS	#0XCBC3AE12
(             libc.so[0xCBC2B000])[0B 34       ]0x0000FE0A:	ADDS	R4, #0XB	;(R4=0x00000014 )
(             libc.so[0xCBC2B000])[24 F0 07 04 ]0x0000FE0C:	BIC	R4, R4, #7	;(R4=0x0000001F )
(             libc.so[0xCBC2B000])[00 E0       ]0x0000FE10:	B	#0XCBC3AE14
(             libc.so[0xCBC2B000])[DF F8 68 3B ]0x0000FE14:	LDR.W	R3, [PC, #0XB68]	;(PC=0xCBC3AE14 )
(             libc.so[0xCBC2B000])[E2 08       ]0x0000FE18:	LSRS	R2, R4, #3	;(R4=0x00000018 )
(             libc.so[0xCBC2B000])[7B 44       ]0x0000FE1A:	ADD	R3, PC	;(R3=0x0003E362 PC=0xCBC3AE1A )
(             libc.so[0xCBC2B000])[18 68       ]0x0000FE1C:	LDR	R0, [R3]	;(R3=0xCBC79180 )
(             libc.so[0xCBC2B000])[20 FA 02 F1 ]0x0000FE1E:	LSR.W	R1, R0, R2	;(R0=0x00000000 R2=0x00000003 )
(             libc.so[0xCBC2B000])[01 90       ]0x0000FE22:	STR	R0, [SP, #4]	;(R0=0x00000000 SP=0x100FFFB0 )
(             libc.so[0xCBC2B000])[8E 07       ]0x0000FE24:	LSLS	R6, R1, #0X1E	;(R1=0x00000000 )
(             libc.so[0xCBC2B000])[21 D0       ]0x0000FE26:	BEQ	#0XCBC3AE6C
(             libc.so[0xCBC2B000])[9D 68       ]0x0000FE6C:	LDR	R5, [R3, #8]	;(R3=0xCBC79180 )
(             libc.so[0xCBC2B000])[AC 42       ]0x0000FE6E:	CMP	R4, R5	;(R4=0x00000018 R5=0x00000000 )
(             libc.so[0xCBC2B000])[40 F2 3F 83 ]0x0000FE70:	BLS.W	#0XCBC3B4F2
(             libc.so[0xCBC2B000])[00 29       ]0x0000FE74:	CMP	R1, #0	;(R1=0x00000000 )
(             libc.so[0xCBC2B000])[74 D0       ]0x0000FE76:	BEQ	#0XCBC3AF62
(             libc.so[0xCBC2B000])[D3 F8 04 80 ]0x0000FF62:	LDR.W	R8, [R3, #4]	;(R3=0xCBC79180 )
(             libc.so[0xCBC2B000])[B8 F1 00 0F ]0x0000FF66:	CMP.W	R8, #0	;(R8=0x00000000 )
(             libc.so[0xCBC2B000])[00 F0 C2 82 ]0x0000FF6A:	BEQ.W	#0XCBC3B4F2
(             libc.so[0xCBC2B000])[DF F8 E0 34 ]0x000104F2:	LDR.W	R3, [PC, #0X4E0]	;(PC=0xCBC3B4F2 )
(             libc.so[0xCBC2B000])[7B 44       ]0x000104F6:	ADD	R3, PC	;(R3=0x0003DC86 PC=0xCBC3B4F6 )
(             libc.so[0xCBC2B000])[98 68       ]0x000104F8:	LDR	R0, [R3, #8]	;(R3=0xCBC79180 )
(             libc.so[0xCBC2B000])[84 42       ]0x000104FA:	CMP	R4, R0	;(R4=0x00000018 R0=0x00000000 )
(             libc.so[0xCBC2B000])[19 D8       ]0x000104FC:	BHI	#0XCBC3B532
(             libc.so[0xCBC2B000])[DE 68       ]0x00010532:	LDR	R6, [R3, #0XC]	;(R3=0xCBC79180 )
(             libc.so[0xCBC2B000])[B4 42       ]0x00010534:	CMP	R4, R6	;(R4=0x00000018 R6=0x00000F78 )
(             libc.so[0xCBC2B000])[01 D2       ]0x00010536:	BHS	#0XCBC3B53C
(             libc.so[0xCBC2B000])[00 F0 7B BC ]0x00010538:	B.W	#0XCBC3BE32
(             libc.so[0xCBC2B000])[30 1B       ]0x00010E32:	SUBS	R0, R6, R4	;(R6=0x00000F78 R4=0x00000018 )
(             libc.so[0xCBC2B000])[9E 69       ]0x00010E34:	LDR	R6, [R3, #0X18]	;(R3=0xCBC79180 )
(             libc.so[0xCBC2B000])[D8 60       ]0x00010E36:	STR	R0, [R3, #0XC]	;(R0=0x00000F60 R3=0xCBC79180 )
(             libc.so[0xCBC2B000])[32 19       ]0x00010E38:	ADDS	R2, R6, R4	;(R6=0x30000060 R4=0x00000018 )
(             libc.so[0xCBC2B000])[9A 61       ]0x00010E3A:	STR	R2, [R3, #0X18]	;(R2=0x30000078 R3=0xCBC79180 )
(             libc.so[0xCBC2B000])[40 F0 01 03 ]0x00010E3C:	ORR	R3, R0, #1	;(R0=0x00000F60 )
(             libc.so[0xCBC2B000])[53 60       ]0x00010E40:	STR	R3, [R2, #4]	;(R3=0x00000F61 R2=0x30000078 )
(             libc.so[0xCBC2B000])[44 F0 03 04 ]0x00010E42:	ORR	R4, R4, #3	;(R4=0x00000018 )
(             libc.so[0xCBC2B000])[74 60       ]0x00010E46:	STR	R4, [R6, #4]	;(R4=0x0000001B R6=0x30000060 )
(             libc.so[0xCBC2B000])[08 36       ]0x00010E48:	ADDS	R6, #8	;(R6=0x30000060 )
(             libc.so[0xCBC2B000])[04 E0       ]0x00010E4A:	B	#0XCBC3BE56
(             libc.so[0xCBC2B000])[35 49       ]0x00010E56:	LDR	R1, [PC, #0XD4]	;(PC=0xCBC3BE56 )
(             libc.so[0xCBC2B000])[79 44       ]0x00010E58:	ADD	R1, PC	;(R1=0x0003D324 PC=0xCBC3BE58 )
(             libc.so[0xCBC2B000])[D1 F8 BC 21 ]0x00010E5A:	LDR.W	R2, [R1, #0X1BC]	;(R1=0xCBC79180 )
(             libc.so[0xCBC2B000])[93 07       ]0x00010E5E:	LSLS	R3, R2, #0X1E	;(R2=0x00000007 )
(             libc.so[0xCBC2B000])[3F D5       ]0x00010E60:	BPL	#0XCBC3BEE2
(             libc.so[0xCBC2B000])[01 F5 E0 70 ]0x00010E62:	ADD.W	R0, R1, #0X1C0	;(R1=0xCBC79180 )
(             libc.so[0xCBC2B000])[FD F7 3C ED ]0x00010E66:	BLX	#0XCBC398E0	;(PC=0xCBC3BE66 )
(             libc.so[0xCBC2B000])[BE FF FF EA ]0x0000E8E0:	B	#0XCBC397E0 ; pthread_mutex_unlock	;(PC=0xCBC398E0 )
(             libc.so[0xCBC2B000])[70 40 2D E9 ]0x0000E7E0:	PUSH	{R4, R5, R6, LR}	;(SP=0x100FFFB0 R4=0x0000001B R5=0x00000000 R6=0x30000068 LR=0xCBC3BE6B )
(             libc.so[0xCBC2B000])[00 40 50 E2 ]0x0000E7E4:	SUBS	R4, R0, #0	;(R0=0xCBC79340 )
(             libc.so[0xCBC2B000])[08 D0 4D E2 ]0x0000E7E8:	SUB	SP, SP, #8	;(SP=0x100FFFA0 )
(             libc.so[0xCBC2B000])[2B 00 00 0A ]0x0000E7EC:	BEQ	#0XCBC398A0	;(PC=0xCBC397EC )
(             libc.so[0xCBC2B000])[00 50 94 E5 ]0x0000E7F0:	LDR	R5, [R4]	;(R4=0xCBC79340 )
(             libc.so[0xCBC2B000])[03 69 15 E2 ]0x0000E7F4:	ANDS	R6, R5, #0XC000	;(R5=0x00000001 )
(             libc.so[0xCBC2B000])[02 1A 05 E2 ]0x0000E7F8:	AND	R1, R5, #0X2000	;(R5=0x00000001 )
(             libc.so[0xCBC2B000])[11 00 00 1A ]0x0000E7FC:	BNE	#0XCBC39848	;(PC=0xCBC397FC )
(             libc.so[0xCBC2B000])[5F F0 7F F5 ]0x0000E800:	DMB	SY
(             libc.so[0xCBC2B000])[9F 2F 94 E1 ]0x0000E804:	LDREX	R2, [R4]	;(R4=0xCBC79340 )
(             libc.so[0xCBC2B000])[01 30 42 E2 ]0x0000E808:	SUB	R3, R2, #1	;(R2=0x00000001 )
(             libc.so[0xCBC2B000])[93 5F 84 E1 ]0x0000E80C:	STREX	R5, R3, [R4]	;(R3=0x00000000 R4=0xCBC79340 )
(             libc.so[0xCBC2B000])[00 00 55 E3 ]0x0000E810:	CMP	R5, #0	;(R5=0x00000000 )
(             libc.so[0xCBC2B000])[FA FF FF 1A ]0x0000E814:	BNE	#0XCBC39804	;(PC=0xCBC39814 )
(             libc.so[0xCBC2B000])[01 C0 81 E3 ]0x0000E818:	ORR	IP, R1, #1	;(R1=0x00000000 )
(             libc.so[0xCBC2B000])[0C 00 52 E1 ]0x0000E81C:	CMP	R2, IP	;(R2=0x00000001 IP=0x00000001 )
(             libc.so[0xCBC2B000])[06 00 00 0A ]0x0000E820:	BEQ	#0XCBC39840	;(PC=0xCBC39820 )
(             libc.so[0xCBC2B000])[00 00 A0 E3 ]0x0000E840:	MOV	R0, #0
(             libc.so[0xCBC2B000])[FB FF FF EA ]0x0000E844:	B	#0XCBC39838	;(PC=0xCBC39844 )
(             libc.so[0xCBC2B000])[08 D0 8D E2 ]0x0000E838:	ADD	SP, SP, #8	;(SP=0x100FFF98 )
(             libc.so[0xCBC2B000])[70 80 BD E8 ]0x0000E83C:	POP	{R4, R5, R6, PC}	;(SP=0x100FFFA0 )
(             libc.so[0xCBC2B000])[3A E0       ]0x00010E6A:	B	#0XCBC3BEE2
(             libc.so[0xCBC2B000])[30 46       ]0x00010EE2:	MOV	R0, R6	;(R6=0x30000068 )
(             libc.so[0xCBC2B000])[BD E8 FE 8F ]0x00010EE4:	POP.W	{R1, R2, R3, R4, R5, R6, R7, R8, SB, SL, FP, PC}	;(SP=0x100FFFB0 )
(             libc.so[0xCBC2B000])[08 BD       ]0x0000DBF8:	POP	{R3, PC}	;(SP=0x100FFFE0 )
(        libstdc++.so[0xCBC8F000])[08 B9       ]0x0000091E:	CBNZ	R0, #0XCBC8F924	;(R0=0x30000068 )
(        libstdc++.so[0xCBC8F000])[08 BD       ]0x00000924:	POP	{R3, PC}	;(SP=0x100FFFE8 )
(  libmakeurl2.4.9.so[0xCBBCB000])[05 46       ]0x00001646:	MOV	R5, R0	;(R0=0x30000068 )
(  libmakeurl2.4.9.so[0xCBBCB000])[1B F0 06 FA ]0x00001648:	BL	#0XCBBE7A58	;(PC=0xCBBCC648 )
(  libmakeurl2.4.9.so[0xCBBCB000])[07 49       ]0x0001CA58:	LDR	R1, [PC, #0X1C]	;(PC=0xCBBE7A58 )
(  libmakeurl2.4.9.so[0xCBBCB000])[02 46       ]0x0001CA5A:	MOV	R2, R0	;(R0=0x30000068 )
(  libmakeurl2.4.9.so[0xCBBCB000])[79 44       ]0x0001CA5C:	ADD	R1, PC	;(R1=0x000282D8 PC=0xCBBE7A5C )
(  libmakeurl2.4.9.so[0xCBBCB000])[08 31       ]0x0001CA5E:	ADDS	R1, #8	;(R1=0xCBC0FD38 )
(  libmakeurl2.4.9.so[0xCBBCB000])[01 60       ]0x0001CA60:	STR	R1, [R0]	;(R1=0xCBC0FD40 R0=0x30000068 )
(  libmakeurl2.4.9.so[0xCBBCB000])[00 21       ]0x0001CA62:	MOVS	R1, #0
(  libmakeurl2.4.9.so[0xCBBCB000])[42 F8 08 1F ]0x0001CA64:	STR	R1, [R2, #8]!	;(R1=0x00000000 R2=0x30000068 )
(  libmakeurl2.4.9.so[0xCBBCB000])[C1 60       ]0x0001CA68:	STR	R1, [R0, #0XC]	;(R1=0x00000000 R0=0x30000068 )
(  libmakeurl2.4.9.so[0xCBBCB000])[45 F2 78 61 ]0x0001CA6A:	MOVW	R1, #0X5678
(  libmakeurl2.4.9.so[0xCBBCB000])[C1 F2 34 21 ]0x0001CA6E:	MOVT	R1, #0X1234	;(R1=0x00005678 )
(  libmakeurl2.4.9.so[0xCBBCB000])[42 60       ]0x0001CA72:	STR	R2, [R0, #4]	;(R2=0x30000070 R0=0x30000068 )
(  libmakeurl2.4.9.so[0xCBBCB000])[01 61       ]0x0001CA74:	STR	R1, [R0, #0X10]	;(R1=0x12345678 R0=0x30000068 )
(  libmakeurl2.4.9.so[0xCBBCB000])[70 47       ]0x0001CA76:	BX	LR	;(LR=0xCBBCC64D )
(  libmakeurl2.4.9.so[0xCBBCB000])[DF F8 D0 03 ]0x0000164C:	LDR.W	R0, [PC, #0X3D0]	;(PC=0xCBBCC64C )
(  libmakeurl2.4.9.so[0xCBBCB000])[78 44       ]0x00001650:	ADD	R0, PC	;(R0=0x00043B64 PC=0xCBBCC650 )
(  libmakeurl2.4.9.so[0xCBBCB000])[05 60       ]0x00001652:	STR	R5, [R0]	;(R5=0x30000068 R0=0xCBC101B8 )
(  libmakeurl2.4.9.so[0xCBBCB000])[14 20       ]0x00001654:	MOVS	R0, #0X14
(  libmakeurl2.4.9.so[0xCBBCB000])[FF F7 12 EF ]0x00001656:	BLX	#0XCBBCC47C	;(PC=0xCBBCC656 )
(  libmakeurl2.4.9.so[0xCBBCB000])[00 C6 8F E2 ]0x0000147C:	ADD	IP, PC, #0, #12	;(PC=0xCBBCC47C )
(  libmakeurl2.4.9.so[0xCBBCB000])[43 CA 8C E2 ]0x00001480:	ADD	IP, IP, #0X43000	;(IP=0xCBBCC484 )
(  libmakeurl2.4.9.so[0xCBBCB000])[00 FB BC E5 ]0x00001484:	LDR	PC, [IP, #0XB00]!	;(IP=0xCBC0F484 )
(        libstdc++.so[0xCBC8F000])[08 B5       ]0x00000918:	PUSH	{R3, LR} ; _Znaj	;(SP=0x100FFFF0 R3=0x00000000 LR=0xCBBCC65B )
(        libstdc++.so[0xCBC8F000])[FF F7 6E EF ]0x0000091A:	BLX	#0XCBC8F7F8	;(PC=0xCBC8F91A )
(        libstdc++.so[0xCBC8F000])[00 C6 8F E2 ]0x000007F8:	ADD	IP, PC, #0, #12	;(PC=0xCBC8F7F8 )
(        libstdc++.so[0xCBC8F000])[01 CA 8C E2 ]0x000007FC:	ADD	IP, IP, #0X1000	;(IP=0xCBC8F800 )
(        libstdc++.so[0xCBC8F000])[F0 F7 BC E5 ]0x00000800:	LDR	PC, [IP, #0X7F0]!	;(IP=0xCBC90800 )
(             libc.so[0xCBC2B000])[08 B5       ]0x0000DBEC:	PUSH	{R3, LR} ; malloc	;(SP=0x100FFFE8 R3=0x00000000 LR=0xCBC8F91F )
(             libc.so[0xCBC2B000])[03 4B       ]0x0000DBEE:	LDR	R3, [PC, #0XC]	;(PC=0xCBC38BEE )
(             libc.so[0xCBC2B000])[7B 44       ]0x0000DBF0:	ADD	R3, PC	;(R3=0x0003C40C PC=0xCBC38BF0 )
(             libc.so[0xCBC2B000])[19 68       ]0x0000DBF2:	LDR	R1, [R3]	;(R3=0xCBC75000 )
(             libc.so[0xCBC2B000])[0A 68       ]0x0000DBF4:	LDR	R2, [R1]	;(R1=0xCBC74E00 )
(             libc.so[0xCBC2B000])[90 47       ]0x0000DBF6:	BLX	R2	;(PC=0xCBC38BF6 R2=0xCBC3ADCD )
(             libc.so[0xCBC2B000])[DF F8 A4 3B ]0x0000FDCC:	LDR.W	R3, [PC, #0XBA4] ; dlmalloc	;(PC=0xCBC3ADCC )
(             libc.so[0xCBC2B000])[2D E9 F7 4F ]0x0000FDD0:	PUSH.W	{R0, R1, R2, R4, R5, R6, R7, R8, SB, SL, FP, LR}	;(SP=0x100FFFE0 R0=0x00000014 R1=0xCBC74E00 R2=0xCBC3ADCD R4=0x00000000 R5=0x30000068 R6=0x00000000 R7=0x100FFFF8 R8=0x00000000 SB=0x00000000 SL=0x00000000 FP=0x00000000 LR=0xCBC38BF9 )
(             libc.so[0xCBC2B000])[7B 44       ]0x0000FDD4:	ADD	R3, PC	;(R3=0x0003E588 PC=0xCBC3ADD4 )
(             libc.so[0xCBC2B000])[04 46       ]0x0000FDD6:	MOV	R4, R0	;(R0=0x00000014 )
(             libc.so[0xCBC2B000])[18 68       ]0x0000FDD8:	LDR	R0, [R3]	;(R3=0xCBC79360 )
(             libc.so[0xCBC2B000])[08 B9       ]0x0000FDDA:	CBNZ	R0, #0XCBC3ADE0	;(R0=0x0B13C7D8 )
(             libc.so[0xCBC2B000])[DF F8 94 1B ]0x0000FDE0:	LDR.W	R1, [PC, #0XB94]	;(PC=0xCBC3ADE0 )
(             libc.so[0xCBC2B000])[79 44       ]0x0000FDE4:	ADD	R1, PC	;(R1=0x0003E398 PC=0xCBC3ADE4 )
(             libc.so[0xCBC2B000])[D1 F8 BC 21 ]0x0000FDE6:	LDR.W	R2, [R1, #0X1BC]	;(R1=0xCBC79180 )
(             libc.so[0xCBC2B000])[93 07       ]0x0000FDEA:	LSLS	R3, R2, #0X1E	;(R2=0x00000007 )
(             libc.so[0xCBC2B000])[02 D4       ]0x0000FDEC:	BMI	#0XCBC3ADF4
(             libc.so[0xCBC2B000])[01 F5 E0 70 ]0x0000FDF4:	ADD.W	R0, R1, #0X1C0	;(R1=0xCBC79180 )
(             libc.so[0xCBC2B000])[00 26       ]0x0000FDF8:	MOVS	R6, #0
(             libc.so[0xCBC2B000])[FE F7 F0 EC ]0x0000FDFA:	BLX	#0XCBC397DC	;(PC=0xCBC3ADFA )
(             libc.so[0xCBC2B000])[90 FF FF EA ]0x0000E7DC:	B	#0XCBC39624 ; pthread_mutex_lock	;(PC=0xCBC397DC )
(             libc.so[0xCBC2B000])[F0 41 2D E9 ]0x0000E624:	PUSH	{R4, R5, R6, R7, R8, LR}	;(SP=0x100FFFB0 R4=0x00000014 R5=0x30000068 R6=0x00000000 R7=0x100FFFF8 R8=0x00000000 LR=0xCBC3ADFF )
(             libc.so[0xCBC2B000])[00 40 50 E2 ]0x0000E628:	SUBS	R4, R0, #0	;(R0=0xCBC79340 )
(             libc.so[0xCBC2B000])[1B 00 00 0A ]0x0000E62C:	BEQ	#0XCBC396A0	;(PC=0xCBC3962C )
(             libc.so[0xCBC2B000])[00 50 94 E5 ]0x0000E630:	LDR	R5, [R4]	;(R4=0xCBC79340 )
(             libc.so[0xCBC2B000])[03 79 15 E2 ]0x0000E634:	ANDS	R7, R5, #0XC000	;(R5=0x00000000 )
(             libc.so[0xCBC2B000])[02 6A 05 E2 ]0x0000E638:	AND	R6, R5, #0X2000	;(R5=0x00000000 )
(             libc.so[0xCBC2B000])[19 00 00 1A ]0x0000E63C:	BNE	#0XCBC396A8	;(PC=0xCBC3963C )
(             libc.so[0xCBC2B000])[01 00 86 E3 ]0x0000E640:	ORR	R0, R6, #1	;(R6=0x00000000 )
(             libc.so[0xCBC2B000])[9F 3F 94 E1 ]0x0000E644:	LDREX	R3, [R4]	;(R4=0xCBC79340 )
(             libc.so[0xCBC2B000])[00 10 A0 E3 ]0x0000E648:	MOV	R1, #0
(             libc.so[0xCBC2B000])[06 00 33 E1 ]0x0000E64C:	TEQ	R3, R6	;(R3=0x00000000 R6=0x00000000 )
(             libc.so[0xCBC2B000])[90 1F 84 01 ]0x0000E650:	STREXEQ	R1, R0, [R4]	;(R0=0x00000001 R4=0xCBC79340 )
(             libc.so[0xCBC2B000])[00 00 51 E3 ]0x0000E654:	CMP	R1, #0	;(R1=0x00000000 )
(             libc.so[0xCBC2B000])[F9 FF FF 1A ]0x0000E658:	BNE	#0XCBC39644	;(PC=0xCBC39658 )
(             libc.so[0xCBC2B000])[03 00 56 E1 ]0x0000E65C:	CMP	R6, R3	;(R6=0x00000000 R3=0x00000000 )
(             libc.so[0xCBC2B000])[02 50 86 13 ]0x0000E660:	ORRNE	R5, R6, #2	;(R6=0x00000000 )
(             libc.so[0xCBC2B000])[01 00 00 1A ]0x0000E664:	BNE	#0XCBC39670	;(PC=0xCBC39664 )
(             libc.so[0xCBC2B000])[09 00 00 EA ]0x0000E668:	B	#0XCBC39694	;(PC=0xCBC39668 )
(             libc.so[0xCBC2B000])[5F F0 7F F5 ]0x0000E694:	DMB	SY
(             libc.so[0xCBC2B000])[00 00 A0 E3 ]0x0000E698:	MOV	R0, #0
(             libc.so[0xCBC2B000])[F0 81 BD E8 ]0x0000E69C:	POP	{R4, R5, R6, R7, R8, PC}	;(SP=0x100FFF98 )
(             libc.so[0xCBC2B000])[00 28       ]0x0000FDFE:	CMP	R0, #0	;(R0=0x00000000 )
(             libc.so[0xCBC2B000])[41 F0 6F 80 ]0x0000FE00:	BNE.W	#0XCBC3BEE2
(             libc.so[0xCBC2B000])[F3 E7       ]0x0000FE04:	B	#0XCBC3ADEE
(             libc.so[0xCBC2B000])[F4 2C       ]0x0000FDEE:	CMP	R4, #0XF4	;(R4=0x00000014 )
(             libc.so[0xCBC2B000])[09 D9       ]0x0000FDF0:	BLS	#0XCBC3AE06
(             libc.so[0xCBC2B000])[0A 2C       ]0x0000FE06:	CMP	R4, #0XA	;(R4=0x00000014 )
(             libc.so[0xCBC2B000])[03 D9       ]0x0000FE08:	BLS	#0XCBC3AE12
(             libc.so[0xCBC2B000])[0B 34       ]0x0000FE0A:	ADDS	R4, #0XB	;(R4=0x00000014 )
(             libc.so[0xCBC2B000])[24 F0 07 04 ]0x0000FE0C:	BIC	R4, R4, #7	;(R4=0x0000001F )
(             libc.so[0xCBC2B000])[00 E0       ]0x0000FE10:	B	#0XCBC3AE14
(             libc.so[0xCBC2B000])[DF F8 68 3B ]0x0000FE14:	LDR.W	R3, [PC, #0XB68]	;(PC=0xCBC3AE14 )
(             libc.so[0xCBC2B000])[E2 08       ]0x0000FE18:	LSRS	R2, R4, #3	;(R4=0x00000018 )
(             libc.so[0xCBC2B000])[7B 44       ]0x0000FE1A:	ADD	R3, PC	;(R3=0x0003E362 PC=0xCBC3AE1A )
(             libc.so[0xCBC2B000])[18 68       ]0x0000FE1C:	LDR	R0, [R3]	;(R3=0xCBC79180 )
(             libc.so[0xCBC2B000])[20 FA 02 F1 ]0x0000FE1E:	LSR.W	R1, R0, R2	;(R0=0x00000000 R2=0x00000003 )
(             libc.so[0xCBC2B000])[01 90       ]0x0000FE22:	STR	R0, [SP, #4]	;(R0=0x00000000 SP=0x100FFFB0 )
(             libc.so[0xCBC2B000])[8E 07       ]0x0000FE24:	LSLS	R6, R1, #0X1E	;(R1=0x00000000 )
(             libc.so[0xCBC2B000])[21 D0       ]0x0000FE26:	BEQ	#0XCBC3AE6C
(             libc.so[0xCBC2B000])[9D 68       ]0x0000FE6C:	LDR	R5, [R3, #8]	;(R3=0xCBC79180 )
(             libc.so[0xCBC2B000])[AC 42       ]0x0000FE6E:	CMP	R4, R5	;(R4=0x00000018 R5=0x00000000 )
(             libc.so[0xCBC2B000])[40 F2 3F 83 ]0x0000FE70:	BLS.W	#0XCBC3B4F2
(             libc.so[0xCBC2B000])[00 29       ]0x0000FE74:	CMP	R1, #0	;(R1=0x00000000 )
(             libc.so[0xCBC2B000])[74 D0       ]0x0000FE76:	BEQ	#0XCBC3AF62
(             libc.so[0xCBC2B000])[D3 F8 04 80 ]0x0000FF62:	LDR.W	R8, [R3, #4]	;(R3=0xCBC79180 )
(             libc.so[0xCBC2B000])[B8 F1 00 0F ]0x0000FF66:	CMP.W	R8, #0	;(R8=0x00000000 )
(             libc.so[0xCBC2B000])[00 F0 C2 82 ]0x0000FF6A:	BEQ.W	#0XCBC3B4F2
(             libc.so[0xCBC2B000])[DF F8 E0 34 ]0x000104F2:	LDR.W	R3, [PC, #0X4E0]	;(PC=0xCBC3B4F2 )
(             libc.so[0xCBC2B000])[7B 44       ]0x000104F6:	ADD	R3, PC	;(R3=0x0003DC86 PC=0xCBC3B4F6 )
(             libc.so[0xCBC2B000])[98 68       ]0x000104F8:	LDR	R0, [R3, #8]	;(R3=0xCBC79180 )
(             libc.so[0xCBC2B000])[84 42       ]0x000104FA:	CMP	R4, R0	;(R4=0x00000018 R0=0x00000000 )
(             libc.so[0xCBC2B000])[19 D8       ]0x000104FC:	BHI	#0XCBC3B532
(             libc.so[0xCBC2B000])[DE 68       ]0x00010532:	LDR	R6, [R3, #0XC]	;(R3=0xCBC79180 )
(             libc.so[0xCBC2B000])[B4 42       ]0x00010534:	CMP	R4, R6	;(R4=0x00000018 R6=0x00000F60 )
(             libc.so[0xCBC2B000])[01 D2       ]0x00010536:	BHS	#0XCBC3B53C
(             libc.so[0xCBC2B000])[00 F0 7B BC ]0x00010538:	B.W	#0XCBC3BE32
(             libc.so[0xCBC2B000])[30 1B       ]0x00010E32:	SUBS	R0, R6, R4	;(R6=0x00000F60 R4=0x00000018 )
(             libc.so[0xCBC2B000])[9E 69       ]0x00010E34:	LDR	R6, [R3, #0X18]	;(R3=0xCBC79180 )
(             libc.so[0xCBC2B000])[D8 60       ]0x00010E36:	STR	R0, [R3, #0XC]	;(R0=0x00000F48 R3=0xCBC79180 )
(             libc.so[0xCBC2B000])[32 19       ]0x00010E38:	ADDS	R2, R6, R4	;(R6=0x30000078 R4=0x00000018 )
(             libc.so[0xCBC2B000])[9A 61       ]0x00010E3A:	STR	R2, [R3, #0X18]	;(R2=0x30000090 R3=0xCBC79180 )
(             libc.so[0xCBC2B000])[40 F0 01 03 ]0x00010E3C:	ORR	R3, R0, #1	;(R0=0x00000F48 )
(             libc.so[0xCBC2B000])[53 60       ]0x00010E40:	STR	R3, [R2, #4]	;(R3=0x00000F49 R2=0x30000090 )
(             libc.so[0xCBC2B000])[44 F0 03 04 ]0x00010E42:	ORR	R4, R4, #3	;(R4=0x00000018 )
(             libc.so[0xCBC2B000])[74 60       ]0x00010E46:	STR	R4, [R6, #4]	;(R4=0x0000001B R6=0x30000078 )
(             libc.so[0xCBC2B000])[08 36       ]0x00010E48:	ADDS	R6, #8	;(R6=0x30000078 )
(             libc.so[0xCBC2B000])[04 E0       ]0x00010E4A:	B	#0XCBC3BE56
(             libc.so[0xCBC2B000])[35 49       ]0x00010E56:	LDR	R1, [PC, #0XD4]	;(PC=0xCBC3BE56 )
(             libc.so[0xCBC2B000])[79 44       ]0x00010E58:	ADD	R1, PC	;(R1=0x0003D324 PC=0xCBC3BE58 )
(             libc.so[0xCBC2B000])[D1 F8 BC 21 ]0x00010E5A:	LDR.W	R2, [R1, #0X1BC]	;(R1=0xCBC79180 )
(             libc.so[0xCBC2B000])[93 07       ]0x00010E5E:	LSLS	R3, R2, #0X1E	;(R2=0x00000007 )
(             libc.so[0xCBC2B000])[3F D5       ]0x00010E60:	BPL	#0XCBC3BEE2
(             libc.so[0xCBC2B000])[01 F5 E0 70 ]0x00010E62:	ADD.W	R0, R1, #0X1C0	;(R1=0xCBC79180 )
(             libc.so[0xCBC2B000])[FD F7 3C ED ]0x00010E66:	BLX	#0XCBC398E0	;(PC=0xCBC3BE66 )
(             libc.so[0xCBC2B000])[BE FF FF EA ]0x0000E8E0:	B	#0XCBC397E0 ; pthread_mutex_unlock	;(PC=0xCBC398E0 )
(             libc.so[0xCBC2B000])[70 40 2D E9 ]0x0000E7E0:	PUSH	{R4, R5, R6, LR}	;(SP=0x100FFFB0 R4=0x0000001B R5=0x00000000 R6=0x30000080 LR=0xCBC3BE6B )
(             libc.so[0xCBC2B000])[00 40 50 E2 ]0x0000E7E4:	SUBS	R4, R0, #0	;(R0=0xCBC79340 )
(             libc.so[0xCBC2B000])[08 D0 4D E2 ]0x0000E7E8:	SUB	SP, SP, #8	;(SP=0x100FFFA0 )
(             libc.so[0xCBC2B000])[2B 00 00 0A ]0x0000E7EC:	BEQ	#0XCBC398A0	;(PC=0xCBC397EC )
(             libc.so[0xCBC2B000])[00 50 94 E5 ]0x0000E7F0:	LDR	R5, [R4]	;(R4=0xCBC79340 )
(             libc.so[0xCBC2B000])[03 69 15 E2 ]0x0000E7F4:	ANDS	R6, R5, #0XC000	;(R5=0x00000001 )
(             libc.so[0xCBC2B000])[02 1A 05 E2 ]0x0000E7F8:	AND	R1, R5, #0X2000	;(R5=0x00000001 )
(             libc.so[0xCBC2B000])[11 00 00 1A ]0x0000E7FC:	BNE	#0XCBC39848	;(PC=0xCBC397FC )
(             libc.so[0xCBC2B000])[5F F0 7F F5 ]0x0000E800:	DMB	SY
(             libc.so[0xCBC2B000])[9F 2F 94 E1 ]0x0000E804:	LDREX	R2, [R4]	;(R4=0xCBC79340 )
(             libc.so[0xCBC2B000])[01 30 42 E2 ]0x0000E808:	SUB	R3, R2, #1	;(R2=0x00000001 )
(             libc.so[0xCBC2B000])[93 5F 84 E1 ]0x0000E80C:	STREX	R5, R3, [R4]	;(R3=0x00000000 R4=0xCBC79340 )
(             libc.so[0xCBC2B000])[00 00 55 E3 ]0x0000E810:	CMP	R5, #0	;(R5=0x00000000 )
(             libc.so[0xCBC2B000])[FA FF FF 1A ]0x0000E814:	BNE	#0XCBC39804	;(PC=0xCBC39814 )
(             libc.so[0xCBC2B000])[01 C0 81 E3 ]0x0000E818:	ORR	IP, R1, #1	;(R1=0x00000000 )
(             libc.so[0xCBC2B000])[0C 00 52 E1 ]0x0000E81C:	CMP	R2, IP	;(R2=0x00000001 IP=0x00000001 )
(             libc.so[0xCBC2B000])[06 00 00 0A ]0x0000E820:	BEQ	#0XCBC39840	;(PC=0xCBC39820 )
(             libc.so[0xCBC2B000])[00 00 A0 E3 ]0x0000E840:	MOV	R0, #0
(             libc.so[0xCBC2B000])[FB FF FF EA ]0x0000E844:	B	#0XCBC39838	;(PC=0xCBC39844 )
(             libc.so[0xCBC2B000])[08 D0 8D E2 ]0x0000E838:	ADD	SP, SP, #8	;(SP=0x100FFF98 )
(             libc.so[0xCBC2B000])[70 80 BD E8 ]0x0000E83C:	POP	{R4, R5, R6, PC}	;(SP=0x100FFFA0 )
(             libc.so[0xCBC2B000])[3A E0       ]0x00010E6A:	B	#0XCBC3BEE2
(             libc.so[0xCBC2B000])[30 46       ]0x00010EE2:	MOV	R0, R6	;(R6=0x30000080 )
(             libc.so[0xCBC2B000])[BD E8 FE 8F ]0x00010EE4:	POP.W	{R1, R2, R3, R4, R5, R6, R7, R8, SB, SL, FP, PC}	;(SP=0x100FFFB0 )
(             libc.so[0xCBC2B000])[08 BD       ]0x0000DBF8:	POP	{R3, PC}	;(SP=0x100FFFE0 )
(        libstdc++.so[0xCBC8F000])[08 B9       ]0x0000091E:	CBNZ	R0, #0XCBC8F924	;(R0=0x30000080 )
(        libstdc++.so[0xCBC8F000])[08 BD       ]0x00000924:	POP	{R3, PC}	;(SP=0x100FFFE8 )
(  libmakeurl2.4.9.so[0xCBBCB000])[05 46       ]0x0000165A:	MOV	R5, R0	;(R0=0x30000080 )
(  libmakeurl2.4.9.so[0xCBBCB000])[1A F0 22 FD ]0x0000165C:	BL	#0XCBBE70A4	;(PC=0xCBBCC65C )
(  libmakeurl2.4.9.so[0xCBBCB000])[07 49       ]0x0001C0A4:	LDR	R1, [PC, #0X1C]	;(PC=0xCBBE70A4 )
(  libmakeurl2.4.9.so[0xCBBCB000])[02 1D       ]0x0001C0A6:	ADDS	R2, R0, #4	;(R0=0x30000080 )
(  libmakeurl2.4.9.so[0xCBBCB000])[4A F2 78 6C ]0x0001C0A8:	MOVW	IP, #0XA678
(  libmakeurl2.4.9.so[0xCBBCB000])[00 23       ]0x0001C0AC:	MOVS	R3, #0
(  libmakeurl2.4.9.so[0xCBBCB000])[79 44       ]0x0001C0AE:	ADD	R1, PC	;(R1=0x00028C5A PC=0xCBBE70AE )
(  libmakeurl2.4.9.so[0xCBBCB000])[C1 F2 3A 2C ]0x0001C0B0:	MOVT	IP, #0X123A	;(IP=0x0000A678 )
(  libmakeurl2.4.9.so[0xCBBCB000])[08 31       ]0x0001C0B4:	ADDS	R1, #8	;(R1=0xCBC0FD0C )
(  libmakeurl2.4.9.so[0xCBBCB000])[C0 E9 00 12 ]0x0001C0B6:	STRD	R1, R2, [R0]	;(R1=0xCBC0FD14 R2=0x30000084 R0=0x30000080 )
(  libmakeurl2.4.9.so[0xCBBCB000])[00 F1 08 01 ]0x0001C0BA:	ADD.W	R1, R0, #8	;(R0=0x30000080 )
(  libmakeurl2.4.9.so[0xCBBCB000])[81 E8 0C 10 ]0x0001C0BE:	STM.W	R1, {R2, R3, IP}	;(R1=0x30000088 R2=0x30000084 R3=0x00000000 IP=0x123AA678 )
(  libmakeurl2.4.9.so[0xCBBCB000])[70 47       ]0x0001C0C2:	BX	LR	;(LR=0xCBBCC661 )
(  libmakeurl2.4.9.so[0xCBBCB000])[DF F8 C0 03 ]0x00001660:	LDR.W	R0, [PC, #0X3C0]	;(PC=0xCBBCC660 )
(  libmakeurl2.4.9.so[0xCBBCB000])[78 44       ]0x00001664:	ADD	R0, PC	;(R0=0x00043B54 PC=0xCBBCC664 )
(  libmakeurl2.4.9.so[0xCBBCB000])[05 60       ]0x00001666:	STR	R5, [R0]	;(R5=0x30000080 R0=0xCBC101BC )
(  libmakeurl2.4.9.so[0xCBBCB000])[14 20       ]0x00001668:	MOVS	R0, #0X14
(  libmakeurl2.4.9.so[0xCBBCB000])[FF F7 08 EF ]0x0000166A:	BLX	#0XCBBCC47C	;(PC=0xCBBCC66A )
(  libmakeurl2.4.9.so[0xCBBCB000])[00 C6 8F E2 ]0x0000147C:	ADD	IP, PC, #0, #12	;(PC=0xCBBCC47C )
(  libmakeurl2.4.9.so[0xCBBCB000])[43 CA 8C E2 ]0x00001480:	ADD	IP, IP, #0X43000	;(IP=0xCBBCC484 )
(  libmakeurl2.4.9.so[0xCBBCB000])[00 FB BC E5 ]0x00001484:	LDR	PC, [IP, #0XB00]!	;(IP=0xCBC0F484 )
(        libstdc++.so[0xCBC8F000])[08 B5       ]0x00000918:	PUSH	{R3, LR} ; _Znaj	;(SP=0x100FFFF0 R3=0x00000000 LR=0xCBBCC66F )
(        libstdc++.so[0xCBC8F000])[FF F7 6E EF ]0x0000091A:	BLX	#0XCBC8F7F8	;(PC=0xCBC8F91A )
(        libstdc++.so[0xCBC8F000])[00 C6 8F E2 ]0x000007F8:	ADD	IP, PC, #0, #12	;(PC=0xCBC8F7F8 )
(        libstdc++.so[0xCBC8F000])[01 CA 8C E2 ]0x000007FC:	ADD	IP, IP, #0X1000	;(IP=0xCBC8F800 )
(        libstdc++.so[0xCBC8F000])[F0 F7 BC E5 ]0x00000800:	LDR	PC, [IP, #0X7F0]!	;(IP=0xCBC90800 )
(             libc.so[0xCBC2B000])[08 B5       ]0x0000DBEC:	PUSH	{R3, LR} ; malloc	;(SP=0x100FFFE8 R3=0x00000000 LR=0xCBC8F91F )
(             libc.so[0xCBC2B000])[03 4B       ]0x0000DBEE:	LDR	R3, [PC, #0XC]	;(PC=0xCBC38BEE )
(             libc.so[0xCBC2B000])[7B 44       ]0x0000DBF0:	ADD	R3, PC	;(R3=0x0003C40C PC=0xCBC38BF0 )
(             libc.so[0xCBC2B000])[19 68       ]0x0000DBF2:	LDR	R1, [R3]	;(R3=0xCBC75000 )
(             libc.so[0xCBC2B000])[0A 68       ]0x0000DBF4:	LDR	R2, [R1]	;(R1=0xCBC74E00 )
(             libc.so[0xCBC2B000])[90 47       ]0x0000DBF6:	BLX	R2	;(PC=0xCBC38BF6 R2=0xCBC3ADCD )
(             libc.so[0xCBC2B000])[DF F8 A4 3B ]0x0000FDCC:	LDR.W	R3, [PC, #0XBA4] ; dlmalloc	;(PC=0xCBC3ADCC )
(             libc.so[0xCBC2B000])[2D E9 F7 4F ]0x0000FDD0:	PUSH.W	{R0, R1, R2, R4, R5, R6, R7, R8, SB, SL, FP, LR}	;(SP=0x100FFFE0 R0=0x00000014 R1=0xCBC74E00 R2=0xCBC3ADCD R4=0x00000000 R5=0x30000080 R6=0x00000000 R7=0x100FFFF8 R8=0x00000000 SB=0x00000000 SL=0x00000000 FP=0x00000000 LR=0xCBC38BF9 )
(             libc.so[0xCBC2B000])[7B 44       ]0x0000FDD4:	ADD	R3, PC	;(R3=0x0003E588 PC=0xCBC3ADD4 )
(             libc.so[0xCBC2B000])[04 46       ]0x0000FDD6:	MOV	R4, R0	;(R0=0x00000014 )
(             libc.so[0xCBC2B000])[18 68       ]0x0000FDD8:	LDR	R0, [R3]	;(R3=0xCBC79360 )
(             libc.so[0xCBC2B000])[08 B9       ]0x0000FDDA:	CBNZ	R0, #0XCBC3ADE0	;(R0=0x0B13C7D8 )
(             libc.so[0xCBC2B000])[DF F8 94 1B ]0x0000FDE0:	LDR.W	R1, [PC, #0XB94]	;(PC=0xCBC3ADE0 )
(             libc.so[0xCBC2B000])[79 44       ]0x0000FDE4:	ADD	R1, PC	;(R1=0x0003E398 PC=0xCBC3ADE4 )
(             libc.so[0xCBC2B000])[D1 F8 BC 21 ]0x0000FDE6:	LDR.W	R2, [R1, #0X1BC]	;(R1=0xCBC79180 )
(             libc.so[0xCBC2B000])[93 07       ]0x0000FDEA:	LSLS	R3, R2, #0X1E	;(R2=0x00000007 )
(             libc.so[0xCBC2B000])[02 D4       ]0x0000FDEC:	BMI	#0XCBC3ADF4
(             libc.so[0xCBC2B000])[01 F5 E0 70 ]0x0000FDF4:	ADD.W	R0, R1, #0X1C0	;(R1=0xCBC79180 )
(             libc.so[0xCBC2B000])[00 26       ]0x0000FDF8:	MOVS	R6, #0
(             libc.so[0xCBC2B000])[FE F7 F0 EC ]0x0000FDFA:	BLX	#0XCBC397DC	;(PC=0xCBC3ADFA )
(             libc.so[0xCBC2B000])[90 FF FF EA ]0x0000E7DC:	B	#0XCBC39624 ; pthread_mutex_lock	;(PC=0xCBC397DC )
(             libc.so[0xCBC2B000])[F0 41 2D E9 ]0x0000E624:	PUSH	{R4, R5, R6, R7, R8, LR}	;(SP=0x100FFFB0 R4=0x00000014 R5=0x30000080 R6=0x00000000 R7=0x100FFFF8 R8=0x00000000 LR=0xCBC3ADFF )
(             libc.so[0xCBC2B000])[00 40 50 E2 ]0x0000E628:	SUBS	R4, R0, #0	;(R0=0xCBC79340 )
(             libc.so[0xCBC2B000])[1B 00 00 0A ]0x0000E62C:	BEQ	#0XCBC396A0	;(PC=0xCBC3962C )
(             libc.so[0xCBC2B000])[00 50 94 E5 ]0x0000E630:	LDR	R5, [R4]	;(R4=0xCBC79340 )
(             libc.so[0xCBC2B000])[03 79 15 E2 ]0x0000E634:	ANDS	R7, R5, #0XC000	;(R5=0x00000000 )
(             libc.so[0xCBC2B000])[02 6A 05 E2 ]0x0000E638:	AND	R6, R5, #0X2000	;(R5=0x00000000 )
(             libc.so[0xCBC2B000])[19 00 00 1A ]0x0000E63C:	BNE	#0XCBC396A8	;(PC=0xCBC3963C )
(             libc.so[0xCBC2B000])[01 00 86 E3 ]0x0000E640:	ORR	R0, R6, #1	;(R6=0x00000000 )
(             libc.so[0xCBC2B000])[9F 3F 94 E1 ]0x0000E644:	LDREX	R3, [R4]	;(R4=0xCBC79340 )
(             libc.so[0xCBC2B000])[00 10 A0 E3 ]0x0000E648:	MOV	R1, #0
(             libc.so[0xCBC2B000])[06 00 33 E1 ]0x0000E64C:	TEQ	R3, R6	;(R3=0x00000000 R6=0x00000000 )
(             libc.so[0xCBC2B000])[90 1F 84 01 ]0x0000E650:	STREXEQ	R1, R0, [R4]	;(R0=0x00000001 R4=0xCBC79340 )
(             libc.so[0xCBC2B000])[00 00 51 E3 ]0x0000E654:	CMP	R1, #0	;(R1=0x00000000 )
(             libc.so[0xCBC2B000])[F9 FF FF 1A ]0x0000E658:	BNE	#0XCBC39644	;(PC=0xCBC39658 )
(             libc.so[0xCBC2B000])[03 00 56 E1 ]0x0000E65C:	CMP	R6, R3	;(R6=0x00000000 R3=0x00000000 )
(             libc.so[0xCBC2B000])[02 50 86 13 ]0x0000E660:	ORRNE	R5, R6, #2	;(R6=0x00000000 )
(             libc.so[0xCBC2B000])[01 00 00 1A ]0x0000E664:	BNE	#0XCBC39670	;(PC=0xCBC39664 )
(             libc.so[0xCBC2B000])[09 00 00 EA ]0x0000E668:	B	#0XCBC39694	;(PC=0xCBC39668 )
(             libc.so[0xCBC2B000])[5F F0 7F F5 ]0x0000E694:	DMB	SY
(             libc.so[0xCBC2B000])[00 00 A0 E3 ]0x0000E698:	MOV	R0, #0
(             libc.so[0xCBC2B000])[F0 81 BD E8 ]0x0000E69C:	POP	{R4, R5, R6, R7, R8, PC}	;(SP=0x100FFF98 )
(             libc.so[0xCBC2B000])[00 28       ]0x0000FDFE:	CMP	R0, #0	;(R0=0x00000000 )
(             libc.so[0xCBC2B000])[41 F0 6F 80 ]0x0000FE00:	BNE.W	#0XCBC3BEE2
(             libc.so[0xCBC2B000])[F3 E7       ]0x0000FE04:	B	#0XCBC3ADEE
(             libc.so[0xCBC2B000])[F4 2C       ]0x0000FDEE:	CMP	R4, #0XF4	;(R4=0x00000014 )
(             libc.so[0xCBC2B000])[09 D9       ]0x0000FDF0:	BLS	#0XCBC3AE06
(             libc.so[0xCBC2B000])[0A 2C       ]0x0000FE06:	CMP	R4, #0XA	;(R4=0x00000014 )
(             libc.so[0xCBC2B000])[03 D9       ]0x0000FE08:	BLS	#0XCBC3AE12
(             libc.so[0xCBC2B000])[0B 34       ]0x0000FE0A:	ADDS	R4, #0XB	;(R4=0x00000014 )
(             libc.so[0xCBC2B000])[24 F0 07 04 ]0x0000FE0C:	BIC	R4, R4, #7	;(R4=0x0000001F )
(             libc.so[0xCBC2B000])[00 E0       ]0x0000FE10:	B	#0XCBC3AE14
(             libc.so[0xCBC2B000])[DF F8 68 3B ]0x0000FE14:	LDR.W	R3, [PC, #0XB68]	;(PC=0xCBC3AE14 )
(             libc.so[0xCBC2B000])[E2 08       ]0x0000FE18:	LSRS	R2, R4, #3	;(R4=0x00000018 )
(             libc.so[0xCBC2B000])[7B 44       ]0x0000FE1A:	ADD	R3, PC	;(R3=0x0003E362 PC=0xCBC3AE1A )
(             libc.so[0xCBC2B000])[18 68       ]0x0000FE1C:	LDR	R0, [R3]	;(R3=0xCBC79180 )
(             libc.so[0xCBC2B000])[20 FA 02 F1 ]0x0000FE1E:	LSR.W	R1, R0, R2	;(R0=0x00000000 R2=0x00000003 )
(             libc.so[0xCBC2B000])[01 90       ]0x0000FE22:	STR	R0, [SP, #4]	;(R0=0x00000000 SP=0x100FFFB0 )
(             libc.so[0xCBC2B000])[8E 07       ]0x0000FE24:	LSLS	R6, R1, #0X1E	;(R1=0x00000000 )
(             libc.so[0xCBC2B000])[21 D0       ]0x0000FE26:	BEQ	#0XCBC3AE6C
(             libc.so[0xCBC2B000])[9D 68       ]0x0000FE6C:	LDR	R5, [R3, #8]	;(R3=0xCBC79180 )
(             libc.so[0xCBC2B000])[AC 42       ]0x0000FE6E:	CMP	R4, R5	;(R4=0x00000018 R5=0x00000000 )
(             libc.so[0xCBC2B000])[40 F2 3F 83 ]0x0000FE70:	BLS.W	#0XCBC3B4F2
(             libc.so[0xCBC2B000])[00 29       ]0x0000FE74:	CMP	R1, #0	;(R1=0x00000000 )
(             libc.so[0xCBC2B000])[74 D0       ]0x0000FE76:	BEQ	#0XCBC3AF62
(             libc.so[0xCBC2B000])[D3 F8 04 80 ]0x0000FF62:	LDR.W	R8, [R3, #4]	;(R3=0xCBC79180 )
(             libc.so[0xCBC2B000])[B8 F1 00 0F ]0x0000FF66:	CMP.W	R8, #0	;(R8=0x00000000 )
(             libc.so[0xCBC2B000])[00 F0 C2 82 ]0x0000FF6A:	BEQ.W	#0XCBC3B4F2
(             libc.so[0xCBC2B000])[DF F8 E0 34 ]0x000104F2:	LDR.W	R3, [PC, #0X4E0]	;(PC=0xCBC3B4F2 )
(             libc.so[0xCBC2B000])[7B 44       ]0x000104F6:	ADD	R3, PC	;(R3=0x0003DC86 PC=0xCBC3B4F6 )
(             libc.so[0xCBC2B000])[98 68       ]0x000104F8:	LDR	R0, [R3, #8]	;(R3=0xCBC79180 )
(             libc.so[0xCBC2B000])[84 42       ]0x000104FA:	CMP	R4, R0	;(R4=0x00000018 R0=0x00000000 )
(             libc.so[0xCBC2B000])[19 D8       ]0x000104FC:	BHI	#0XCBC3B532
(             libc.so[0xCBC2B000])[DE 68       ]0x00010532:	LDR	R6, [R3, #0XC]	;(R3=0xCBC79180 )
(             libc.so[0xCBC2B000])[B4 42       ]0x00010534:	CMP	R4, R6	;(R4=0x00000018 R6=0x00000F48 )
(             libc.so[0xCBC2B000])[01 D2       ]0x00010536:	BHS	#0XCBC3B53C
(             libc.so[0xCBC2B000])[00 F0 7B BC ]0x00010538:	B.W	#0XCBC3BE32
(             libc.so[0xCBC2B000])[30 1B       ]0x00010E32:	SUBS	R0, R6, R4	;(R6=0x00000F48 R4=0x00000018 )
(             libc.so[0xCBC2B000])[9E 69       ]0x00010E34:	LDR	R6, [R3, #0X18]	;(R3=0xCBC79180 )
(             libc.so[0xCBC2B000])[D8 60       ]0x00010E36:	STR	R0, [R3, #0XC]	;(R0=0x00000F30 R3=0xCBC79180 )
(             libc.so[0xCBC2B000])[32 19       ]0x00010E38:	ADDS	R2, R6, R4	;(R6=0x30000090 R4=0x00000018 )
(             libc.so[0xCBC2B000])[9A 61       ]0x00010E3A:	STR	R2, [R3, #0X18]	;(R2=0x300000A8 R3=0xCBC79180 )
(             libc.so[0xCBC2B000])[40 F0 01 03 ]0x00010E3C:	ORR	R3, R0, #1	;(R0=0x00000F30 )
(             libc.so[0xCBC2B000])[53 60       ]0x00010E40:	STR	R3, [R2, #4]	;(R3=0x00000F31 R2=0x300000A8 )
(             libc.so[0xCBC2B000])[44 F0 03 04 ]0x00010E42:	ORR	R4, R4, #3	;(R4=0x00000018 )
(             libc.so[0xCBC2B000])[74 60       ]0x00010E46:	STR	R4, [R6, #4]	;(R4=0x0000001B R6=0x30000090 )
(             libc.so[0xCBC2B000])[08 36       ]0x00010E48:	ADDS	R6, #8	;(R6=0x30000090 )
(             libc.so[0xCBC2B000])[04 E0       ]0x00010E4A:	B	#0XCBC3BE56
(             libc.so[0xCBC2B000])[35 49       ]0x00010E56:	LDR	R1, [PC, #0XD4]	;(PC=0xCBC3BE56 )
(             libc.so[0xCBC2B000])[79 44       ]0x00010E58:	ADD	R1, PC	;(R1=0x0003D324 PC=0xCBC3BE58 )
(             libc.so[0xCBC2B000])[D1 F8 BC 21 ]0x00010E5A:	LDR.W	R2, [R1, #0X1BC]	;(R1=0xCBC79180 )
(             libc.so[0xCBC2B000])[93 07       ]0x00010E5E:	LSLS	R3, R2, #0X1E	;(R2=0x00000007 )
(             libc.so[0xCBC2B000])[3F D5       ]0x00010E60:	BPL	#0XCBC3BEE2
(             libc.so[0xCBC2B000])[01 F5 E0 70 ]0x00010E62:	ADD.W	R0, R1, #0X1C0	;(R1=0xCBC79180 )
(             libc.so[0xCBC2B000])[FD F7 3C ED ]0x00010E66:	BLX	#0XCBC398E0	;(PC=0xCBC3BE66 )
(             libc.so[0xCBC2B000])[BE FF FF EA ]0x0000E8E0:	B	#0XCBC397E0 ; pthread_mutex_unlock	;(PC=0xCBC398E0 )
(             libc.so[0xCBC2B000])[70 40 2D E9 ]0x0000E7E0:	PUSH	{R4, R5, R6, LR}	;(SP=0x100FFFB0 R4=0x0000001B R5=0x00000000 R6=0x30000098 LR=0xCBC3BE6B )
(             libc.so[0xCBC2B000])[00 40 50 E2 ]0x0000E7E4:	SUBS	R4, R0, #0	;(R0=0xCBC79340 )
(             libc.so[0xCBC2B000])[08 D0 4D E2 ]0x0000E7E8:	SUB	SP, SP, #8	;(SP=0x100FFFA0 )
(             libc.so[0xCBC2B000])[2B 00 00 0A ]0x0000E7EC:	BEQ	#0XCBC398A0	;(PC=0xCBC397EC )
(             libc.so[0xCBC2B000])[00 50 94 E5 ]0x0000E7F0:	LDR	R5, [R4]	;(R4=0xCBC79340 )
(             libc.so[0xCBC2B000])[03 69 15 E2 ]0x0000E7F4:	ANDS	R6, R5, #0XC000	;(R5=0x00000001 )
(             libc.so[0xCBC2B000])[02 1A 05 E2 ]0x0000E7F8:	AND	R1, R5, #0X2000	;(R5=0x00000001 )
(             libc.so[0xCBC2B000])[11 00 00 1A ]0x0000E7FC:	BNE	#0XCBC39848	;(PC=0xCBC397FC )
(             libc.so[0xCBC2B000])[5F F0 7F F5 ]0x0000E800:	DMB	SY
(             libc.so[0xCBC2B000])[9F 2F 94 E1 ]0x0000E804:	LDREX	R2, [R4]	;(R4=0xCBC79340 )
(             libc.so[0xCBC2B000])[01 30 42 E2 ]0x0000E808:	SUB	R3, R2, #1	;(R2=0x00000001 )
(             libc.so[0xCBC2B000])[93 5F 84 E1 ]0x0000E80C:	STREX	R5, R3, [R4]	;(R3=0x00000000 R4=0xCBC79340 )
(             libc.so[0xCBC2B000])[00 00 55 E3 ]0x0000E810:	CMP	R5, #0	;(R5=0x00000000 )
(             libc.so[0xCBC2B000])[FA FF FF 1A ]0x0000E814:	BNE	#0XCBC39804	;(PC=0xCBC39814 )
(             libc.so[0xCBC2B000])[01 C0 81 E3 ]0x0000E818:	ORR	IP, R1, #1	;(R1=0x00000000 )
(             libc.so[0xCBC2B000])[0C 00 52 E1 ]0x0000E81C:	CMP	R2, IP	;(R2=0x00000001 IP=0x00000001 )
(             libc.so[0xCBC2B000])[06 00 00 0A ]0x0000E820:	BEQ	#0XCBC39840	;(PC=0xCBC39820 )
(             libc.so[0xCBC2B000])[00 00 A0 E3 ]0x0000E840:	MOV	R0, #0
(             libc.so[0xCBC2B000])[FB FF FF EA ]0x0000E844:	B	#0XCBC39838	;(PC=0xCBC39844 )
(             libc.so[0xCBC2B000])[08 D0 8D E2 ]0x0000E838:	ADD	SP, SP, #8	;(SP=0x100FFF98 )
(             libc.so[0xCBC2B000])[70 80 BD E8 ]0x0000E83C:	POP	{R4, R5, R6, PC}	;(SP=0x100FFFA0 )
(             libc.so[0xCBC2B000])[3A E0       ]0x00010E6A:	B	#0XCBC3BEE2
(             libc.so[0xCBC2B000])[30 46       ]0x00010EE2:	MOV	R0, R6	;(R6=0x30000098 )
(             libc.so[0xCBC2B000])[BD E8 FE 8F ]0x00010EE4:	POP.W	{R1, R2, R3, R4, R5, R6, R7, R8, SB, SL, FP, PC}	;(SP=0x100FFFB0 )
(             libc.so[0xCBC2B000])[08 BD       ]0x0000DBF8:	POP	{R3, PC}	;(SP=0x100FFFE0 )
(        libstdc++.so[0xCBC8F000])[08 B9       ]0x0000091E:	CBNZ	R0, #0XCBC8F924	;(R0=0x30000098 )
(        libstdc++.so[0xCBC8F000])[08 BD       ]0x00000924:	POP	{R3, PC}	;(SP=0x100FFFE8 )
(  libmakeurl2.4.9.so[0xCBBCB000])[05 46       ]0x0000166E:	MOV	R5, R0	;(R0=0x30000098 )
(  libmakeurl2.4.9.so[0xCBBCB000])[1B F0 F2 F9 ]0x00001670:	BL	#0XCBBE7A58	;(PC=0xCBBCC670 )
(  libmakeurl2.4.9.so[0xCBBCB000])[07 49       ]0x0001CA58:	LDR	R1, [PC, #0X1C]	;(PC=0xCBBE7A58 )
(  libmakeurl2.4.9.so[0xCBBCB000])[02 46       ]0x0001CA5A:	MOV	R2, R0	;(R0=0x30000098 )
(  libmakeurl2.4.9.so[0xCBBCB000])[79 44       ]0x0001CA5C:	ADD	R1, PC	;(R1=0x000282D8 PC=0xCBBE7A5C )
(  libmakeurl2.4.9.so[0xCBBCB000])[08 31       ]0x0001CA5E:	ADDS	R1, #8	;(R1=0xCBC0FD38 )
(  libmakeurl2.4.9.so[0xCBBCB000])[01 60       ]0x0001CA60:	STR	R1, [R0]	;(R1=0xCBC0FD40 R0=0x30000098 )
(  libmakeurl2.4.9.so[0xCBBCB000])[00 21       ]0x0001CA62:	MOVS	R1, #0
(  libmakeurl2.4.9.so[0xCBBCB000])[42 F8 08 1F ]0x0001CA64:	STR	R1, [R2, #8]!	;(R1=0x00000000 R2=0x30000098 )
(  libmakeurl2.4.9.so[0xCBBCB000])[C1 60       ]0x0001CA68:	STR	R1, [R0, #0XC]	;(R1=0x00000000 R0=0x30000098 )
(  libmakeurl2.4.9.so[0xCBBCB000])[45 F2 78 61 ]0x0001CA6A:	MOVW	R1, #0X5678
(  libmakeurl2.4.9.so[0xCBBCB000])[C1 F2 34 21 ]0x0001CA6E:	MOVT	R1, #0X1234	;(R1=0x00005678 )
(  libmakeurl2.4.9.so[0xCBBCB000])[42 60       ]0x0001CA72:	STR	R2, [R0, #4]	;(R2=0x300000A0 R0=0x30000098 )
(  libmakeurl2.4.9.so[0xCBBCB000])[01 61       ]0x0001CA74:	STR	R1, [R0, #0X10]	;(R1=0x12345678 R0=0x30000098 )
(  libmakeurl2.4.9.so[0xCBBCB000])[70 47       ]0x0001CA76:	BX	LR	;(LR=0xCBBCC675 )
(  libmakeurl2.4.9.so[0xCBBCB000])[DF F8 B0 03 ]0x00001674:	LDR.W	R0, [PC, #0X3B0]	;(PC=0xCBBCC674 )
(  libmakeurl2.4.9.so[0xCBBCB000])[78 44       ]0x00001678:	ADD	R0, PC	;(R0=0x00043B44 PC=0xCBBCC678 )
(  libmakeurl2.4.9.so[0xCBBCB000])[05 60       ]0x0000167A:	STR	R5, [R0]	;(R5=0x30000098 R0=0xCBC101C0 )
(  libmakeurl2.4.9.so[0xCBBCB000])[14 20       ]0x0000167C:	MOVS	R0, #0X14
(  libmakeurl2.4.9.so[0xCBBCB000])[FF F7 FE EE ]0x0000167E:	BLX	#0XCBBCC47C	;(PC=0xCBBCC67E )
(  libmakeurl2.4.9.so[0xCBBCB000])[00 C6 8F E2 ]0x0000147C:	ADD	IP, PC, #0, #12	;(PC=0xCBBCC47C )
(  libmakeurl2.4.9.so[0xCBBCB000])[43 CA 8C E2 ]0x00001480:	ADD	IP, IP, #0X43000	;(IP=0xCBBCC484 )
(  libmakeurl2.4.9.so[0xCBBCB000])[00 FB BC E5 ]0x00001484:	LDR	PC, [IP, #0XB00]!	;(IP=0xCBC0F484 )
(        libstdc++.so[0xCBC8F000])[08 B5       ]0x00000918:	PUSH	{R3, LR} ; _Znaj	;(SP=0x100FFFF0 R3=0x00000000 LR=0xCBBCC683 )
(        libstdc++.so[0xCBC8F000])[FF F7 6E EF ]0x0000091A:	BLX	#0XCBC8F7F8	;(PC=0xCBC8F91A )
(        libstdc++.so[0xCBC8F000])[00 C6 8F E2 ]0x000007F8:	ADD	IP, PC, #0, #12	;(PC=0xCBC8F7F8 )
(        libstdc++.so[0xCBC8F000])[01 CA 8C E2 ]0x000007FC:	ADD	IP, IP, #0X1000	;(IP=0xCBC8F800 )
(        libstdc++.so[0xCBC8F000])[F0 F7 BC E5 ]0x00000800:	LDR	PC, [IP, #0X7F0]!	;(IP=0xCBC90800 )
(             libc.so[0xCBC2B000])[08 B5       ]0x0000DBEC:	PUSH	{R3, LR} ; malloc	;(SP=0x100FFFE8 R3=0x00000000 LR=0xCBC8F91F )
(             libc.so[0xCBC2B000])[03 4B       ]0x0000DBEE:	LDR	R3, [PC, #0XC]	;(PC=0xCBC38BEE )
(             libc.so[0xCBC2B000])[7B 44       ]0x0000DBF0:	ADD	R3, PC	;(R3=0x0003C40C PC=0xCBC38BF0 )
(             libc.so[0xCBC2B000])[19 68       ]0x0000DBF2:	LDR	R1, [R3]	;(R3=0xCBC75000 )
(             libc.so[0xCBC2B000])[0A 68       ]0x0000DBF4:	LDR	R2, [R1]	;(R1=0xCBC74E00 )
(             libc.so[0xCBC2B000])[90 47       ]0x0000DBF6:	BLX	R2	;(PC=0xCBC38BF6 R2=0xCBC3ADCD )
(             libc.so[0xCBC2B000])[DF F8 A4 3B ]0x0000FDCC:	LDR.W	R3, [PC, #0XBA4] ; dlmalloc	;(PC=0xCBC3ADCC )
(             libc.so[0xCBC2B000])[2D E9 F7 4F ]0x0000FDD0:	PUSH.W	{R0, R1, R2, R4, R5, R6, R7, R8, SB, SL, FP, LR}	;(SP=0x100FFFE0 R0=0x00000014 R1=0xCBC74E00 R2=0xCBC3ADCD R4=0x00000000 R5=0x30000098 R6=0x00000000 R7=0x100FFFF8 R8=0x00000000 SB=0x00000000 SL=0x00000000 FP=0x00000000 LR=0xCBC38BF9 )
(             libc.so[0xCBC2B000])[7B 44       ]0x0000FDD4:	ADD	R3, PC	;(R3=0x0003E588 PC=0xCBC3ADD4 )
(             libc.so[0xCBC2B000])[04 46       ]0x0000FDD6:	MOV	R4, R0	;(R0=0x00000014 )
(             libc.so[0xCBC2B000])[18 68       ]0x0000FDD8:	LDR	R0, [R3]	;(R3=0xCBC79360 )
(             libc.so[0xCBC2B000])[08 B9       ]0x0000FDDA:	CBNZ	R0, #0XCBC3ADE0	;(R0=0x0B13C7D8 )
(             libc.so[0xCBC2B000])[DF F8 94 1B ]0x0000FDE0:	LDR.W	R1, [PC, #0XB94]	;(PC=0xCBC3ADE0 )
(             libc.so[0xCBC2B000])[79 44       ]0x0000FDE4:	ADD	R1, PC	;(R1=0x0003E398 PC=0xCBC3ADE4 )
(             libc.so[0xCBC2B000])[D1 F8 BC 21 ]0x0000FDE6:	LDR.W	R2, [R1, #0X1BC]	;(R1=0xCBC79180 )
(             libc.so[0xCBC2B000])[93 07       ]0x0000FDEA:	LSLS	R3, R2, #0X1E	;(R2=0x00000007 )
(             libc.so[0xCBC2B000])[02 D4       ]0x0000FDEC:	BMI	#0XCBC3ADF4
(             libc.so[0xCBC2B000])[01 F5 E0 70 ]0x0000FDF4:	ADD.W	R0, R1, #0X1C0	;(R1=0xCBC79180 )
(             libc.so[0xCBC2B000])[00 26       ]0x0000FDF8:	MOVS	R6, #0
(             libc.so[0xCBC2B000])[FE F7 F0 EC ]0x0000FDFA:	BLX	#0XCBC397DC	;(PC=0xCBC3ADFA )
(             libc.so[0xCBC2B000])[90 FF FF EA ]0x0000E7DC:	B	#0XCBC39624 ; pthread_mutex_lock	;(PC=0xCBC397DC )
(             libc.so[0xCBC2B000])[F0 41 2D E9 ]0x0000E624:	PUSH	{R4, R5, R6, R7, R8, LR}	;(SP=0x100FFFB0 R4=0x00000014 R5=0x30000098 R6=0x00000000 R7=0x100FFFF8 R8=0x00000000 LR=0xCBC3ADFF )
(             libc.so[0xCBC2B000])[00 40 50 E2 ]0x0000E628:	SUBS	R4, R0, #0	;(R0=0xCBC79340 )
(             libc.so[0xCBC2B000])[1B 00 00 0A ]0x0000E62C:	BEQ	#0XCBC396A0	;(PC=0xCBC3962C )
(             libc.so[0xCBC2B000])[00 50 94 E5 ]0x0000E630:	LDR	R5, [R4]	;(R4=0xCBC79340 )
(             libc.so[0xCBC2B000])[03 79 15 E2 ]0x0000E634:	ANDS	R7, R5, #0XC000	;(R5=0x00000000 )
(             libc.so[0xCBC2B000])[02 6A 05 E2 ]0x0000E638:	AND	R6, R5, #0X2000	;(R5=0x00000000 )
(             libc.so[0xCBC2B000])[19 00 00 1A ]0x0000E63C:	BNE	#0XCBC396A8	;(PC=0xCBC3963C )
(             libc.so[0xCBC2B000])[01 00 86 E3 ]0x0000E640:	ORR	R0, R6, #1	;(R6=0x00000000 )
(             libc.so[0xCBC2B000])[9F 3F 94 E1 ]0x0000E644:	LDREX	R3, [R4]	;(R4=0xCBC79340 )
(             libc.so[0xCBC2B000])[00 10 A0 E3 ]0x0000E648:	MOV	R1, #0
(             libc.so[0xCBC2B000])[06 00 33 E1 ]0x0000E64C:	TEQ	R3, R6	;(R3=0x00000000 R6=0x00000000 )
(             libc.so[0xCBC2B000])[90 1F 84 01 ]0x0000E650:	STREXEQ	R1, R0, [R4]	;(R0=0x00000001 R4=0xCBC79340 )
(             libc.so[0xCBC2B000])[00 00 51 E3 ]0x0000E654:	CMP	R1, #0	;(R1=0x00000000 )
(             libc.so[0xCBC2B000])[F9 FF FF 1A ]0x0000E658:	BNE	#0XCBC39644	;(PC=0xCBC39658 )
(             libc.so[0xCBC2B000])[03 00 56 E1 ]0x0000E65C:	CMP	R6, R3	;(R6=0x00000000 R3=0x00000000 )
(             libc.so[0xCBC2B000])[02 50 86 13 ]0x0000E660:	ORRNE	R5, R6, #2	;(R6=0x00000000 )
(             libc.so[0xCBC2B000])[01 00 00 1A ]0x0000E664:	BNE	#0XCBC39670	;(PC=0xCBC39664 )
(             libc.so[0xCBC2B000])[09 00 00 EA ]0x0000E668:	B	#0XCBC39694	;(PC=0xCBC39668 )
(             libc.so[0xCBC2B000])[5F F0 7F F5 ]0x0000E694:	DMB	SY
(             libc.so[0xCBC2B000])[00 00 A0 E3 ]0x0000E698:	MOV	R0, #0
(             libc.so[0xCBC2B000])[F0 81 BD E8 ]0x0000E69C:	POP	{R4, R5, R6, R7, R8, PC}	;(SP=0x100FFF98 )
(             libc.so[0xCBC2B000])[00 28       ]0x0000FDFE:	CMP	R0, #0	;(R0=0x00000000 )
(             libc.so[0xCBC2B000])[41 F0 6F 80 ]0x0000FE00:	BNE.W	#0XCBC3BEE2
(             libc.so[0xCBC2B000])[F3 E7       ]0x0000FE04:	B	#0XCBC3ADEE
(             libc.so[0xCBC2B000])[F4 2C       ]0x0000FDEE:	CMP	R4, #0XF4	;(R4=0x00000014 )
(             libc.so[0xCBC2B000])[09 D9       ]0x0000FDF0:	BLS	#0XCBC3AE06
(             libc.so[0xCBC2B000])[0A 2C       ]0x0000FE06:	CMP	R4, #0XA	;(R4=0x00000014 )
(             libc.so[0xCBC2B000])[03 D9       ]0x0000FE08:	BLS	#0XCBC3AE12
(             libc.so[0xCBC2B000])[0B 34       ]0x0000FE0A:	ADDS	R4, #0XB	;(R4=0x00000014 )
(             libc.so[0xCBC2B000])[24 F0 07 04 ]0x0000FE0C:	BIC	R4, R4, #7	;(R4=0x0000001F )
(             libc.so[0xCBC2B000])[00 E0       ]0x0000FE10:	B	#0XCBC3AE14
(             libc.so[0xCBC2B000])[DF F8 68 3B ]0x0000FE14:	LDR.W	R3, [PC, #0XB68]	;(PC=0xCBC3AE14 )
(             libc.so[0xCBC2B000])[E2 08       ]0x0000FE18:	LSRS	R2, R4, #3	;(R4=0x00000018 )
(             libc.so[0xCBC2B000])[7B 44       ]0x0000FE1A:	ADD	R3, PC	;(R3=0x0003E362 PC=0xCBC3AE1A )
(             libc.so[0xCBC2B000])[18 68       ]0x0000FE1C:	LDR	R0, [R3]	;(R3=0xCBC79180 )
(             libc.so[0xCBC2B000])[20 FA 02 F1 ]0x0000FE1E:	LSR.W	R1, R0, R2	;(R0=0x00000000 R2=0x00000003 )
(             libc.so[0xCBC2B000])[01 90       ]0x0000FE22:	STR	R0, [SP, #4]	;(R0=0x00000000 SP=0x100FFFB0 )
(             libc.so[0xCBC2B000])[8E 07       ]0x0000FE24:	LSLS	R6, R1, #0X1E	;(R1=0x00000000 )
(             libc.so[0xCBC2B000])[21 D0       ]0x0000FE26:	BEQ	#0XCBC3AE6C
(             libc.so[0xCBC2B000])[9D 68       ]0x0000FE6C:	LDR	R5, [R3, #8]	;(R3=0xCBC79180 )
(             libc.so[0xCBC2B000])[AC 42       ]0x0000FE6E:	CMP	R4, R5	;(R4=0x00000018 R5=0x00000000 )
(             libc.so[0xCBC2B000])[40 F2 3F 83 ]0x0000FE70:	BLS.W	#0XCBC3B4F2
(             libc.so[0xCBC2B000])[00 29       ]0x0000FE74:	CMP	R1, #0	;(R1=0x00000000 )
(             libc.so[0xCBC2B000])[74 D0       ]0x0000FE76:	BEQ	#0XCBC3AF62
(             libc.so[0xCBC2B000])[D3 F8 04 80 ]0x0000FF62:	LDR.W	R8, [R3, #4]	;(R3=0xCBC79180 )
(             libc.so[0xCBC2B000])[B8 F1 00 0F ]0x0000FF66:	CMP.W	R8, #0	;(R8=0x00000000 )
(             libc.so[0xCBC2B000])[00 F0 C2 82 ]0x0000FF6A:	BEQ.W	#0XCBC3B4F2
(             libc.so[0xCBC2B000])[DF F8 E0 34 ]0x000104F2:	LDR.W	R3, [PC, #0X4E0]	;(PC=0xCBC3B4F2 )
(             libc.so[0xCBC2B000])[7B 44       ]0x000104F6:	ADD	R3, PC	;(R3=0x0003DC86 PC=0xCBC3B4F6 )
(             libc.so[0xCBC2B000])[98 68       ]0x000104F8:	LDR	R0, [R3, #8]	;(R3=0xCBC79180 )
(             libc.so[0xCBC2B000])[84 42       ]0x000104FA:	CMP	R4, R0	;(R4=0x00000018 R0=0x00000000 )
(             libc.so[0xCBC2B000])[19 D8       ]0x000104FC:	BHI	#0XCBC3B532
(             libc.so[0xCBC2B000])[DE 68       ]0x00010532:	LDR	R6, [R3, #0XC]	;(R3=0xCBC79180 )
(             libc.so[0xCBC2B000])[B4 42       ]0x00010534:	CMP	R4, R6	;(R4=0x00000018 R6=0x00000F30 )
(             libc.so[0xCBC2B000])[01 D2       ]0x00010536:	BHS	#0XCBC3B53C
(             libc.so[0xCBC2B000])[00 F0 7B BC ]0x00010538:	B.W	#0XCBC3BE32
(             libc.so[0xCBC2B000])[30 1B       ]0x00010E32:	SUBS	R0, R6, R4	;(R6=0x00000F30 R4=0x00000018 )
(             libc.so[0xCBC2B000])[9E 69       ]0x00010E34:	LDR	R6, [R3, #0X18]	;(R3=0xCBC79180 )
(             libc.so[0xCBC2B000])[D8 60       ]0x00010E36:	STR	R0, [R3, #0XC]	;(R0=0x00000F18 R3=0xCBC79180 )
(             libc.so[0xCBC2B000])[32 19       ]0x00010E38:	ADDS	R2, R6, R4	;(R6=0x300000A8 R4=0x00000018 )
(             libc.so[0xCBC2B000])[9A 61       ]0x00010E3A:	STR	R2, [R3, #0X18]	;(R2=0x300000C0 R3=0xCBC79180 )
(             libc.so[0xCBC2B000])[40 F0 01 03 ]0x00010E3C:	ORR	R3, R0, #1	;(R0=0x00000F18 )
(             libc.so[0xCBC2B000])[53 60       ]0x00010E40:	STR	R3, [R2, #4]	;(R3=0x00000F19 R2=0x300000C0 )
(             libc.so[0xCBC2B000])[44 F0 03 04 ]0x00010E42:	ORR	R4, R4, #3	;(R4=0x00000018 )
(             libc.so[0xCBC2B000])[74 60       ]0x00010E46:	STR	R4, [R6, #4]	;(R4=0x0000001B R6=0x300000A8 )
(             libc.so[0xCBC2B000])[08 36       ]0x00010E48:	ADDS	R6, #8	;(R6=0x300000A8 )
(             libc.so[0xCBC2B000])[04 E0       ]0x00010E4A:	B	#0XCBC3BE56
(             libc.so[0xCBC2B000])[35 49       ]0x00010E56:	LDR	R1, [PC, #0XD4]	;(PC=0xCBC3BE56 )
(             libc.so[0xCBC2B000])[79 44       ]0x00010E58:	ADD	R1, PC	;(R1=0x0003D324 PC=0xCBC3BE58 )
(             libc.so[0xCBC2B000])[D1 F8 BC 21 ]0x00010E5A:	LDR.W	R2, [R1, #0X1BC]	;(R1=0xCBC79180 )
(             libc.so[0xCBC2B000])[93 07       ]0x00010E5E:	LSLS	R3, R2, #0X1E	;(R2=0x00000007 )
(             libc.so[0xCBC2B000])[3F D5       ]0x00010E60:	BPL	#0XCBC3BEE2
(             libc.so[0xCBC2B000])[01 F5 E0 70 ]0x00010E62:	ADD.W	R0, R1, #0X1C0	;(R1=0xCBC79180 )
(             libc.so[0xCBC2B000])[FD F7 3C ED ]0x00010E66:	BLX	#0XCBC398E0	;(PC=0xCBC3BE66 )
(             libc.so[0xCBC2B000])[BE FF FF EA ]0x0000E8E0:	B	#0XCBC397E0 ; pthread_mutex_unlock	;(PC=0xCBC398E0 )
(             libc.so[0xCBC2B000])[70 40 2D E9 ]0x0000E7E0:	PUSH	{R4, R5, R6, LR}	;(SP=0x100FFFB0 R4=0x0000001B R5=0x00000000 R6=0x300000B0 LR=0xCBC3BE6B )
(             libc.so[0xCBC2B000])[00 40 50 E2 ]0x0000E7E4:	SUBS	R4, R0, #0	;(R0=0xCBC79340 )
(             libc.so[0xCBC2B000])[08 D0 4D E2 ]0x0000E7E8:	SUB	SP, SP, #8	;(SP=0x100FFFA0 )
(             libc.so[0xCBC2B000])[2B 00 00 0A ]0x0000E7EC:	BEQ	#0XCBC398A0	;(PC=0xCBC397EC )
(             libc.so[0xCBC2B000])[00 50 94 E5 ]0x0000E7F0:	LDR	R5, [R4]	;(R4=0xCBC79340 )
(             libc.so[0xCBC2B000])[03 69 15 E2 ]0x0000E7F4:	ANDS	R6, R5, #0XC000	;(R5=0x00000001 )
(             libc.so[0xCBC2B000])[02 1A 05 E2 ]0x0000E7F8:	AND	R1, R5, #0X2000	;(R5=0x00000001 )
(             libc.so[0xCBC2B000])[11 00 00 1A ]0x0000E7FC:	BNE	#0XCBC39848	;(PC=0xCBC397FC )
(             libc.so[0xCBC2B000])[5F F0 7F F5 ]0x0000E800:	DMB	SY
(             libc.so[0xCBC2B000])[9F 2F 94 E1 ]0x0000E804:	LDREX	R2, [R4]	;(R4=0xCBC79340 )
(             libc.so[0xCBC2B000])[01 30 42 E2 ]0x0000E808:	SUB	R3, R2, #1	;(R2=0x00000001 )
(             libc.so[0xCBC2B000])[93 5F 84 E1 ]0x0000E80C:	STREX	R5, R3, [R4]	;(R3=0x00000000 R4=0xCBC79340 )
(             libc.so[0xCBC2B000])[00 00 55 E3 ]0x0000E810:	CMP	R5, #0	;(R5=0x00000000 )
(             libc.so[0xCBC2B000])[FA FF FF 1A ]0x0000E814:	BNE	#0XCBC39804	;(PC=0xCBC39814 )
(             libc.so[0xCBC2B000])[01 C0 81 E3 ]0x0000E818:	ORR	IP, R1, #1	;(R1=0x00000000 )
(             libc.so[0xCBC2B000])[0C 00 52 E1 ]0x0000E81C:	CMP	R2, IP	;(R2=0x00000001 IP=0x00000001 )
(             libc.so[0xCBC2B000])[06 00 00 0A ]0x0000E820:	BEQ	#0XCBC39840	;(PC=0xCBC39820 )
(             libc.so[0xCBC2B000])[00 00 A0 E3 ]0x0000E840:	MOV	R0, #0
(             libc.so[0xCBC2B000])[FB FF FF EA ]0x0000E844:	B	#0XCBC39838	;(PC=0xCBC39844 )
(             libc.so[0xCBC2B000])[08 D0 8D E2 ]0x0000E838:	ADD	SP, SP, #8	;(SP=0x100FFF98 )
(             libc.so[0xCBC2B000])[70 80 BD E8 ]0x0000E83C:	POP	{R4, R5, R6, PC}	;(SP=0x100FFFA0 )
(             libc.so[0xCBC2B000])[3A E0       ]0x00010E6A:	B	#0XCBC3BEE2
(             libc.so[0xCBC2B000])[30 46       ]0x00010EE2:	MOV	R0, R6	;(R6=0x300000B0 )
(             libc.so[0xCBC2B000])[BD E8 FE 8F ]0x00010EE4:	POP.W	{R1, R2, R3, R4, R5, R6, R7, R8, SB, SL, FP, PC}	;(SP=0x100FFFB0 )
(             libc.so[0xCBC2B000])[08 BD       ]0x0000DBF8:	POP	{R3, PC}	;(SP=0x100FFFE0 )
(        libstdc++.so[0xCBC8F000])[08 B9       ]0x0000091E:	CBNZ	R0, #0XCBC8F924	;(R0=0x300000B0 )
(        libstdc++.so[0xCBC8F000])[08 BD       ]0x00000924:	POP	{R3, PC}	;(SP=0x100FFFE8 )
(  libmakeurl2.4.9.so[0xCBBCB000])[05 46       ]0x00001682:	MOV	R5, R0	;(R0=0x300000B0 )
(  libmakeurl2.4.9.so[0xCBBCB000])[1B F0 E8 F9 ]0x00001684:	BL	#0XCBBE7A58	;(PC=0xCBBCC684 )
(  libmakeurl2.4.9.so[0xCBBCB000])[07 49       ]0x0001CA58:	LDR	R1, [PC, #0X1C]	;(PC=0xCBBE7A58 )
(  libmakeurl2.4.9.so[0xCBBCB000])[02 46       ]0x0001CA5A:	MOV	R2, R0	;(R0=0x300000B0 )
(  libmakeurl2.4.9.so[0xCBBCB000])[79 44       ]0x0001CA5C:	ADD	R1, PC	;(R1=0x000282D8 PC=0xCBBE7A5C )
(  libmakeurl2.4.9.so[0xCBBCB000])[08 31       ]0x0001CA5E:	ADDS	R1, #8	;(R1=0xCBC0FD38 )
(  libmakeurl2.4.9.so[0xCBBCB000])[01 60       ]0x0001CA60:	STR	R1, [R0]	;(R1=0xCBC0FD40 R0=0x300000B0 )
(  libmakeurl2.4.9.so[0xCBBCB000])[00 21       ]0x0001CA62:	MOVS	R1, #0
(  libmakeurl2.4.9.so[0xCBBCB000])[42 F8 08 1F ]0x0001CA64:	STR	R1, [R2, #8]!	;(R1=0x00000000 R2=0x300000B0 )
(  libmakeurl2.4.9.so[0xCBBCB000])[C1 60       ]0x0001CA68:	STR	R1, [R0, #0XC]	;(R1=0x00000000 R0=0x300000B0 )
(  libmakeurl2.4.9.so[0xCBBCB000])[45 F2 78 61 ]0x0001CA6A:	MOVW	R1, #0X5678
(  libmakeurl2.4.9.so[0xCBBCB000])[C1 F2 34 21 ]0x0001CA6E:	MOVT	R1, #0X1234	;(R1=0x00005678 )
(  libmakeurl2.4.9.so[0xCBBCB000])[42 60       ]0x0001CA72:	STR	R2, [R0, #4]	;(R2=0x300000B8 R0=0x300000B0 )
(  libmakeurl2.4.9.so[0xCBBCB000])[01 61       ]0x0001CA74:	STR	R1, [R0, #0X10]	;(R1=0x12345678 R0=0x300000B0 )
(  libmakeurl2.4.9.so[0xCBBCB000])[70 47       ]0x0001CA76:	BX	LR	;(LR=0xCBBCC689 )
(  libmakeurl2.4.9.so[0xCBBCB000])[DF F8 A0 03 ]0x00001688:	LDR.W	R0, [PC, #0X3A0]	;(PC=0xCBBCC688 )
(  libmakeurl2.4.9.so[0xCBBCB000])[78 44       ]0x0000168C:	ADD	R0, PC	;(R0=0x00043B34 PC=0xCBBCC68C )
(  libmakeurl2.4.9.so[0xCBBCB000])[05 60       ]0x0000168E:	STR	R5, [R0]	;(R5=0x300000B0 R0=0xCBC101C4 )
(  libmakeurl2.4.9.so[0xCBBCB000])[14 20       ]0x00001690:	MOVS	R0, #0X14
(  libmakeurl2.4.9.so[0xCBBCB000])[FF F7 F4 EE ]0x00001692:	BLX	#0XCBBCC47C	;(PC=0xCBBCC692 )
(  libmakeurl2.4.9.so[0xCBBCB000])[00 C6 8F E2 ]0x0000147C:	ADD	IP, PC, #0, #12	;(PC=0xCBBCC47C )
(  libmakeurl2.4.9.so[0xCBBCB000])[43 CA 8C E2 ]0x00001480:	ADD	IP, IP, #0X43000	;(IP=0xCBBCC484 )
(  libmakeurl2.4.9.so[0xCBBCB000])[00 FB BC E5 ]0x00001484:	LDR	PC, [IP, #0XB00]!	;(IP=0xCBC0F484 )
(        libstdc++.so[0xCBC8F000])[08 B5       ]0x00000918:	PUSH	{R3, LR} ; _Znaj	;(SP=0x100FFFF0 R3=0x00000000 LR=0xCBBCC697 )
(        libstdc++.so[0xCBC8F000])[FF F7 6E EF ]0x0000091A:	BLX	#0XCBC8F7F8	;(PC=0xCBC8F91A )
(        libstdc++.so[0xCBC8F000])[00 C6 8F E2 ]0x000007F8:	ADD	IP, PC, #0, #12	;(PC=0xCBC8F7F8 )
(        libstdc++.so[0xCBC8F000])[01 CA 8C E2 ]0x000007FC:	ADD	IP, IP, #0X1000	;(IP=0xCBC8F800 )
(        libstdc++.so[0xCBC8F000])[F0 F7 BC E5 ]0x00000800:	LDR	PC, [IP, #0X7F0]!	;(IP=0xCBC90800 )
(             libc.so[0xCBC2B000])[08 B5       ]0x0000DBEC:	PUSH	{R3, LR} ; malloc	;(SP=0x100FFFE8 R3=0x00000000 LR=0xCBC8F91F )
(             libc.so[0xCBC2B000])[03 4B       ]0x0000DBEE:	LDR	R3, [PC, #0XC]	;(PC=0xCBC38BEE )
(             libc.so[0xCBC2B000])[7B 44       ]0x0000DBF0:	ADD	R3, PC	;(R3=0x0003C40C PC=0xCBC38BF0 )
(             libc.so[0xCBC2B000])[19 68       ]0x0000DBF2:	LDR	R1, [R3]	;(R3=0xCBC75000 )
(             libc.so[0xCBC2B000])[0A 68       ]0x0000DBF4:	LDR	R2, [R1]	;(R1=0xCBC74E00 )
(             libc.so[0xCBC2B000])[90 47       ]0x0000DBF6:	BLX	R2	;(PC=0xCBC38BF6 R2=0xCBC3ADCD )
(             libc.so[0xCBC2B000])[DF F8 A4 3B ]0x0000FDCC:	LDR.W	R3, [PC, #0XBA4] ; dlmalloc	;(PC=0xCBC3ADCC )
(             libc.so[0xCBC2B000])[2D E9 F7 4F ]0x0000FDD0:	PUSH.W	{R0, R1, R2, R4, R5, R6, R7, R8, SB, SL, FP, LR}	;(SP=0x100FFFE0 R0=0x00000014 R1=0xCBC74E00 R2=0xCBC3ADCD R4=0x00000000 R5=0x300000B0 R6=0x00000000 R7=0x100FFFF8 R8=0x00000000 SB=0x00000000 SL=0x00000000 FP=0x00000000 LR=0xCBC38BF9 )
(             libc.so[0xCBC2B000])[7B 44       ]0x0000FDD4:	ADD	R3, PC	;(R3=0x0003E588 PC=0xCBC3ADD4 )
(             libc.so[0xCBC2B000])[04 46       ]0x0000FDD6:	MOV	R4, R0	;(R0=0x00000014 )
(             libc.so[0xCBC2B000])[18 68       ]0x0000FDD8:	LDR	R0, [R3]	;(R3=0xCBC79360 )
(             libc.so[0xCBC2B000])[08 B9       ]0x0000FDDA:	CBNZ	R0, #0XCBC3ADE0	;(R0=0x0B13C7D8 )
(             libc.so[0xCBC2B000])[DF F8 94 1B ]0x0000FDE0:	LDR.W	R1, [PC, #0XB94]	;(PC=0xCBC3ADE0 )
(             libc.so[0xCBC2B000])[79 44       ]0x0000FDE4:	ADD	R1, PC	;(R1=0x0003E398 PC=0xCBC3ADE4 )
(             libc.so[0xCBC2B000])[D1 F8 BC 21 ]0x0000FDE6:	LDR.W	R2, [R1, #0X1BC]	;(R1=0xCBC79180 )
(             libc.so[0xCBC2B000])[93 07       ]0x0000FDEA:	LSLS	R3, R2, #0X1E	;(R2=0x00000007 )
(             libc.so[0xCBC2B000])[02 D4       ]0x0000FDEC:	BMI	#0XCBC3ADF4
(             libc.so[0xCBC2B000])[01 F5 E0 70 ]0x0000FDF4:	ADD.W	R0, R1, #0X1C0	;(R1=0xCBC79180 )
(             libc.so[0xCBC2B000])[00 26       ]0x0000FDF8:	MOVS	R6, #0
(             libc.so[0xCBC2B000])[FE F7 F0 EC ]0x0000FDFA:	BLX	#0XCBC397DC	;(PC=0xCBC3ADFA )
(             libc.so[0xCBC2B000])[90 FF FF EA ]0x0000E7DC:	B	#0XCBC39624 ; pthread_mutex_lock	;(PC=0xCBC397DC )
(             libc.so[0xCBC2B000])[F0 41 2D E9 ]0x0000E624:	PUSH	{R4, R5, R6, R7, R8, LR}	;(SP=0x100FFFB0 R4=0x00000014 R5=0x300000B0 R6=0x00000000 R7=0x100FFFF8 R8=0x00000000 LR=0xCBC3ADFF )
(             libc.so[0xCBC2B000])[00 40 50 E2 ]0x0000E628:	SUBS	R4, R0, #0	;(R0=0xCBC79340 )
(             libc.so[0xCBC2B000])[1B 00 00 0A ]0x0000E62C:	BEQ	#0XCBC396A0	;(PC=0xCBC3962C )
(             libc.so[0xCBC2B000])[00 50 94 E5 ]0x0000E630:	LDR	R5, [R4]	;(R4=0xCBC79340 )
(             libc.so[0xCBC2B000])[03 79 15 E2 ]0x0000E634:	ANDS	R7, R5, #0XC000	;(R5=0x00000000 )
(             libc.so[0xCBC2B000])[02 6A 05 E2 ]0x0000E638:	AND	R6, R5, #0X2000	;(R5=0x00000000 )
(             libc.so[0xCBC2B000])[19 00 00 1A ]0x0000E63C:	BNE	#0XCBC396A8	;(PC=0xCBC3963C )
(             libc.so[0xCBC2B000])[01 00 86 E3 ]0x0000E640:	ORR	R0, R6, #1	;(R6=0x00000000 )
(             libc.so[0xCBC2B000])[9F 3F 94 E1 ]0x0000E644:	LDREX	R3, [R4]	;(R4=0xCBC79340 )
(             libc.so[0xCBC2B000])[00 10 A0 E3 ]0x0000E648:	MOV	R1, #0
(             libc.so[0xCBC2B000])[06 00 33 E1 ]0x0000E64C:	TEQ	R3, R6	;(R3=0x00000000 R6=0x00000000 )
(             libc.so[0xCBC2B000])[90 1F 84 01 ]0x0000E650:	STREXEQ	R1, R0, [R4]	;(R0=0x00000001 R4=0xCBC79340 )
(             libc.so[0xCBC2B000])[00 00 51 E3 ]0x0000E654:	CMP	R1, #0	;(R1=0x00000000 )
(             libc.so[0xCBC2B000])[F9 FF FF 1A ]0x0000E658:	BNE	#0XCBC39644	;(PC=0xCBC39658 )
(             libc.so[0xCBC2B000])[03 00 56 E1 ]0x0000E65C:	CMP	R6, R3	;(R6=0x00000000 R3=0x00000000 )
(             libc.so[0xCBC2B000])[02 50 86 13 ]0x0000E660:	ORRNE	R5, R6, #2	;(R6=0x00000000 )
(             libc.so[0xCBC2B000])[01 00 00 1A ]0x0000E664:	BNE	#0XCBC39670	;(PC=0xCBC39664 )
(             libc.so[0xCBC2B000])[09 00 00 EA ]0x0000E668:	B	#0XCBC39694	;(PC=0xCBC39668 )
(             libc.so[0xCBC2B000])[5F F0 7F F5 ]0x0000E694:	DMB	SY
(             libc.so[0xCBC2B000])[00 00 A0 E3 ]0x0000E698:	MOV	R0, #0
(             libc.so[0xCBC2B000])[F0 81 BD E8 ]0x0000E69C:	POP	{R4, R5, R6, R7, R8, PC}	;(SP=0x100FFF98 )
(             libc.so[0xCBC2B000])[00 28       ]0x0000FDFE:	CMP	R0, #0	;(R0=0x00000000 )
(             libc.so[0xCBC2B000])[41 F0 6F 80 ]0x0000FE00:	BNE.W	#0XCBC3BEE2
(             libc.so[0xCBC2B000])[F3 E7       ]0x0000FE04:	B	#0XCBC3ADEE
(             libc.so[0xCBC2B000])[F4 2C       ]0x0000FDEE:	CMP	R4, #0XF4	;(R4=0x00000014 )
(             libc.so[0xCBC2B000])[09 D9       ]0x0000FDF0:	BLS	#0XCBC3AE06
(             libc.so[0xCBC2B000])[0A 2C       ]0x0000FE06:	CMP	R4, #0XA	;(R4=0x00000014 )
(             libc.so[0xCBC2B000])[03 D9       ]0x0000FE08:	BLS	#0XCBC3AE12
(             libc.so[0xCBC2B000])[0B 34       ]0x0000FE0A:	ADDS	R4, #0XB	;(R4=0x00000014 )
(             libc.so[0xCBC2B000])[24 F0 07 04 ]0x0000FE0C:	BIC	R4, R4, #7	;(R4=0x0000001F )
(             libc.so[0xCBC2B000])[00 E0       ]0x0000FE10:	B	#0XCBC3AE14
(             libc.so[0xCBC2B000])[DF F8 68 3B ]0x0000FE14:	LDR.W	R3, [PC, #0XB68]	;(PC=0xCBC3AE14 )
(             libc.so[0xCBC2B000])[E2 08       ]0x0000FE18:	LSRS	R2, R4, #3	;(R4=0x00000018 )
(             libc.so[0xCBC2B000])[7B 44       ]0x0000FE1A:	ADD	R3, PC	;(R3=0x0003E362 PC=0xCBC3AE1A )
(             libc.so[0xCBC2B000])[18 68       ]0x0000FE1C:	LDR	R0, [R3]	;(R3=0xCBC79180 )
(             libc.so[0xCBC2B000])[20 FA 02 F1 ]0x0000FE1E:	LSR.W	R1, R0, R2	;(R0=0x00000000 R2=0x00000003 )
(             libc.so[0xCBC2B000])[01 90       ]0x0000FE22:	STR	R0, [SP, #4]	;(R0=0x00000000 SP=0x100FFFB0 )
(             libc.so[0xCBC2B000])[8E 07       ]0x0000FE24:	LSLS	R6, R1, #0X1E	;(R1=0x00000000 )
(             libc.so[0xCBC2B000])[21 D0       ]0x0000FE26:	BEQ	#0XCBC3AE6C
(             libc.so[0xCBC2B000])[9D 68       ]0x0000FE6C:	LDR	R5, [R3, #8]	;(R3=0xCBC79180 )
(             libc.so[0xCBC2B000])[AC 42       ]0x0000FE6E:	CMP	R4, R5	;(R4=0x00000018 R5=0x00000000 )
(             libc.so[0xCBC2B000])[40 F2 3F 83 ]0x0000FE70:	BLS.W	#0XCBC3B4F2
(             libc.so[0xCBC2B000])[00 29       ]0x0000FE74:	CMP	R1, #0	;(R1=0x00000000 )
(             libc.so[0xCBC2B000])[74 D0       ]0x0000FE76:	BEQ	#0XCBC3AF62
(             libc.so[0xCBC2B000])[D3 F8 04 80 ]0x0000FF62:	LDR.W	R8, [R3, #4]	;(R3=0xCBC79180 )
(             libc.so[0xCBC2B000])[B8 F1 00 0F ]0x0000FF66:	CMP.W	R8, #0	;(R8=0x00000000 )
(             libc.so[0xCBC2B000])[00 F0 C2 82 ]0x0000FF6A:	BEQ.W	#0XCBC3B4F2
(             libc.so[0xCBC2B000])[DF F8 E0 34 ]0x000104F2:	LDR.W	R3, [PC, #0X4E0]	;(PC=0xCBC3B4F2 )
(             libc.so[0xCBC2B000])[7B 44       ]0x000104F6:	ADD	R3, PC	;(R3=0x0003DC86 PC=0xCBC3B4F6 )
(             libc.so[0xCBC2B000])[98 68       ]0x000104F8:	LDR	R0, [R3, #8]	;(R3=0xCBC79180 )
(             libc.so[0xCBC2B000])[84 42       ]0x000104FA:	CMP	R4, R0	;(R4=0x00000018 R0=0x00000000 )
(             libc.so[0xCBC2B000])[19 D8       ]0x000104FC:	BHI	#0XCBC3B532
(             libc.so[0xCBC2B000])[DE 68       ]0x00010532:	LDR	R6, [R3, #0XC]	;(R3=0xCBC79180 )
(             libc.so[0xCBC2B000])[B4 42       ]0x00010534:	CMP	R4, R6	;(R4=0x00000018 R6=0x00000F18 )
(             libc.so[0xCBC2B000])[01 D2       ]0x00010536:	BHS	#0XCBC3B53C
(             libc.so[0xCBC2B000])[00 F0 7B BC ]0x00010538:	B.W	#0XCBC3BE32
(             libc.so[0xCBC2B000])[30 1B       ]0x00010E32:	SUBS	R0, R6, R4	;(R6=0x00000F18 R4=0x00000018 )
(             libc.so[0xCBC2B000])[9E 69       ]0x00010E34:	LDR	R6, [R3, #0X18]	;(R3=0xCBC79180 )
(             libc.so[0xCBC2B000])[D8 60       ]0x00010E36:	STR	R0, [R3, #0XC]	;(R0=0x00000F00 R3=0xCBC79180 )
(             libc.so[0xCBC2B000])[32 19       ]0x00010E38:	ADDS	R2, R6, R4	;(R6=0x300000C0 R4=0x00000018 )
(             libc.so[0xCBC2B000])[9A 61       ]0x00010E3A:	STR	R2, [R3, #0X18]	;(R2=0x300000D8 R3=0xCBC79180 )
(             libc.so[0xCBC2B000])[40 F0 01 03 ]0x00010E3C:	ORR	R3, R0, #1	;(R0=0x00000F00 )
(             libc.so[0xCBC2B000])[53 60       ]0x00010E40:	STR	R3, [R2, #4]	;(R3=0x00000F01 R2=0x300000D8 )
(             libc.so[0xCBC2B000])[44 F0 03 04 ]0x00010E42:	ORR	R4, R4, #3	;(R4=0x00000018 )
(             libc.so[0xCBC2B000])[74 60       ]0x00010E46:	STR	R4, [R6, #4]	;(R4=0x0000001B R6=0x300000C0 )
(             libc.so[0xCBC2B000])[08 36       ]0x00010E48:	ADDS	R6, #8	;(R6=0x300000C0 )
(             libc.so[0xCBC2B000])[04 E0       ]0x00010E4A:	B	#0XCBC3BE56
(             libc.so[0xCBC2B000])[35 49       ]0x00010E56:	LDR	R1, [PC, #0XD4]	;(PC=0xCBC3BE56 )
(             libc.so[0xCBC2B000])[79 44       ]0x00010E58:	ADD	R1, PC	;(R1=0x0003D324 PC=0xCBC3BE58 )
(             libc.so[0xCBC2B000])[D1 F8 BC 21 ]0x00010E5A:	LDR.W	R2, [R1, #0X1BC]	;(R1=0xCBC79180 )
(             libc.so[0xCBC2B000])[93 07       ]0x00010E5E:	LSLS	R3, R2, #0X1E	;(R2=0x00000007 )
(             libc.so[0xCBC2B000])[3F D5       ]0x00010E60:	BPL	#0XCBC3BEE2
(             libc.so[0xCBC2B000])[01 F5 E0 70 ]0x00010E62:	ADD.W	R0, R1, #0X1C0	;(R1=0xCBC79180 )
(             libc.so[0xCBC2B000])[FD F7 3C ED ]0x00010E66:	BLX	#0XCBC398E0	;(PC=0xCBC3BE66 )
(             libc.so[0xCBC2B000])[BE FF FF EA ]0x0000E8E0:	B	#0XCBC397E0 ; pthread_mutex_unlock	;(PC=0xCBC398E0 )
(             libc.so[0xCBC2B000])[70 40 2D E9 ]0x0000E7E0:	PUSH	{R4, R5, R6, LR}	;(SP=0x100FFFB0 R4=0x0000001B R5=0x00000000 R6=0x300000C8 LR=0xCBC3BE6B )
(             libc.so[0xCBC2B000])[00 40 50 E2 ]0x0000E7E4:	SUBS	R4, R0, #0	;(R0=0xCBC79340 )
(             libc.so[0xCBC2B000])[08 D0 4D E2 ]0x0000E7E8:	SUB	SP, SP, #8	;(SP=0x100FFFA0 )
(             libc.so[0xCBC2B000])[2B 00 00 0A ]0x0000E7EC:	BEQ	#0XCBC398A0	;(PC=0xCBC397EC )
(             libc.so[0xCBC2B000])[00 50 94 E5 ]0x0000E7F0:	LDR	R5, [R4]	;(R4=0xCBC79340 )
(             libc.so[0xCBC2B000])[03 69 15 E2 ]0x0000E7F4:	ANDS	R6, R5, #0XC000	;(R5=0x00000001 )
(             libc.so[0xCBC2B000])[02 1A 05 E2 ]0x0000E7F8:	AND	R1, R5, #0X2000	;(R5=0x00000001 )
(             libc.so[0xCBC2B000])[11 00 00 1A ]0x0000E7FC:	BNE	#0XCBC39848	;(PC=0xCBC397FC )
(             libc.so[0xCBC2B000])[5F F0 7F F5 ]0x0000E800:	DMB	SY
(             libc.so[0xCBC2B000])[9F 2F 94 E1 ]0x0000E804:	LDREX	R2, [R4]	;(R4=0xCBC79340 )
(             libc.so[0xCBC2B000])[01 30 42 E2 ]0x0000E808:	SUB	R3, R2, #1	;(R2=0x00000001 )
(             libc.so[0xCBC2B000])[93 5F 84 E1 ]0x0000E80C:	STREX	R5, R3, [R4]	;(R3=0x00000000 R4=0xCBC79340 )
(             libc.so[0xCBC2B000])[00 00 55 E3 ]0x0000E810:	CMP	R5, #0	;(R5=0x00000000 )
(             libc.so[0xCBC2B000])[FA FF FF 1A ]0x0000E814:	BNE	#0XCBC39804	;(PC=0xCBC39814 )
(             libc.so[0xCBC2B000])[01 C0 81 E3 ]0x0000E818:	ORR	IP, R1, #1	;(R1=0x00000000 )
(             libc.so[0xCBC2B000])[0C 00 52 E1 ]0x0000E81C:	CMP	R2, IP	;(R2=0x00000001 IP=0x00000001 )
(             libc.so[0xCBC2B000])[06 00 00 0A ]0x0000E820:	BEQ	#0XCBC39840	;(PC=0xCBC39820 )
(             libc.so[0xCBC2B000])[00 00 A0 E3 ]0x0000E840:	MOV	R0, #0
(             libc.so[0xCBC2B000])[FB FF FF EA ]0x0000E844:	B	#0XCBC39838	;(PC=0xCBC39844 )
(             libc.so[0xCBC2B000])[08 D0 8D E2 ]0x0000E838:	ADD	SP, SP, #8	;(SP=0x100FFF98 )
(             libc.so[0xCBC2B000])[70 80 BD E8 ]0x0000E83C:	POP	{R4, R5, R6, PC}	;(SP=0x100FFFA0 )
(             libc.so[0xCBC2B000])[3A E0       ]0x00010E6A:	B	#0XCBC3BEE2
(             libc.so[0xCBC2B000])[30 46       ]0x00010EE2:	MOV	R0, R6	;(R6=0x300000C8 )
(             libc.so[0xCBC2B000])[BD E8 FE 8F ]0x00010EE4:	POP.W	{R1, R2, R3, R4, R5, R6, R7, R8, SB, SL, FP, PC}	;(SP=0x100FFFB0 )
(             libc.so[0xCBC2B000])[08 BD       ]0x0000DBF8:	POP	{R3, PC}	;(SP=0x100FFFE0 )
(        libstdc++.so[0xCBC8F000])[08 B9       ]0x0000091E:	CBNZ	R0, #0XCBC8F924	;(R0=0x300000C8 )
(        libstdc++.so[0xCBC8F000])[08 BD       ]0x00000924:	POP	{R3, PC}	;(SP=0x100FFFE8 )
(  libmakeurl2.4.9.so[0xCBBCB000])[05 46       ]0x00001696:	MOV	R5, R0	;(R0=0x300000C8 )
(  libmakeurl2.4.9.so[0xCBBCB000])[1B F0 DE F9 ]0x00001698:	BL	#0XCBBE7A58	;(PC=0xCBBCC698 )
(  libmakeurl2.4.9.so[0xCBBCB000])[07 49       ]0x0001CA58:	LDR	R1, [PC, #0X1C]	;(PC=0xCBBE7A58 )
(  libmakeurl2.4.9.so[0xCBBCB000])[02 46       ]0x0001CA5A:	MOV	R2, R0	;(R0=0x300000C8 )
(  libmakeurl2.4.9.so[0xCBBCB000])[79 44       ]0x0001CA5C:	ADD	R1, PC	;(R1=0x000282D8 PC=0xCBBE7A5C )
(  libmakeurl2.4.9.so[0xCBBCB000])[08 31       ]0x0001CA5E:	ADDS	R1, #8	;(R1=0xCBC0FD38 )
(  libmakeurl2.4.9.so[0xCBBCB000])[01 60       ]0x0001CA60:	STR	R1, [R0]	;(R1=0xCBC0FD40 R0=0x300000C8 )
(  libmakeurl2.4.9.so[0xCBBCB000])[00 21       ]0x0001CA62:	MOVS	R1, #0
(  libmakeurl2.4.9.so[0xCBBCB000])[42 F8 08 1F ]0x0001CA64:	STR	R1, [R2, #8]!	;(R1=0x00000000 R2=0x300000C8 )
(  libmakeurl2.4.9.so[0xCBBCB000])[C1 60       ]0x0001CA68:	STR	R1, [R0, #0XC]	;(R1=0x00000000 R0=0x300000C8 )
(  libmakeurl2.4.9.so[0xCBBCB000])[45 F2 78 61 ]0x0001CA6A:	MOVW	R1, #0X5678
(  libmakeurl2.4.9.so[0xCBBCB000])[C1 F2 34 21 ]0x0001CA6E:	MOVT	R1, #0X1234	;(R1=0x00005678 )
(  libmakeurl2.4.9.so[0xCBBCB000])[42 60       ]0x0001CA72:	STR	R2, [R0, #4]	;(R2=0x300000D0 R0=0x300000C8 )
(  libmakeurl2.4.9.so[0xCBBCB000])[01 61       ]0x0001CA74:	STR	R1, [R0, #0X10]	;(R1=0x12345678 R0=0x300000C8 )
(  libmakeurl2.4.9.so[0xCBBCB000])[70 47       ]0x0001CA76:	BX	LR	;(LR=0xCBBCC69D )
(  libmakeurl2.4.9.so[0xCBBCB000])[DF F8 90 03 ]0x0000169C:	LDR.W	R0, [PC, #0X390]	;(PC=0xCBBCC69C )
(  libmakeurl2.4.9.so[0xCBBCB000])[78 44       ]0x000016A0:	ADD	R0, PC	;(R0=0x00043B24 PC=0xCBBCC6A0 )
(  libmakeurl2.4.9.so[0xCBBCB000])[05 60       ]0x000016A2:	STR	R5, [R0]	;(R5=0x300000C8 R0=0xCBC101C8 )
(  libmakeurl2.4.9.so[0xCBBCB000])[14 20       ]0x000016A4:	MOVS	R0, #0X14
(  libmakeurl2.4.9.so[0xCBBCB000])[FF F7 EA EE ]0x000016A6:	BLX	#0XCBBCC47C	;(PC=0xCBBCC6A6 )
(  libmakeurl2.4.9.so[0xCBBCB000])[00 C6 8F E2 ]0x0000147C:	ADD	IP, PC, #0, #12	;(PC=0xCBBCC47C )
(  libmakeurl2.4.9.so[0xCBBCB000])[43 CA 8C E2 ]0x00001480:	ADD	IP, IP, #0X43000	;(IP=0xCBBCC484 )
(  libmakeurl2.4.9.so[0xCBBCB000])[00 FB BC E5 ]0x00001484:	LDR	PC, [IP, #0XB00]!	;(IP=0xCBC0F484 )
(        libstdc++.so[0xCBC8F000])[08 B5       ]0x00000918:	PUSH	{R3, LR} ; _Znaj	;(SP=0x100FFFF0 R3=0x00000000 LR=0xCBBCC6AB )
(        libstdc++.so[0xCBC8F000])[FF F7 6E EF ]0x0000091A:	BLX	#0XCBC8F7F8	;(PC=0xCBC8F91A )
(        libstdc++.so[0xCBC8F000])[00 C6 8F E2 ]0x000007F8:	ADD	IP, PC, #0, #12	;(PC=0xCBC8F7F8 )
(        libstdc++.so[0xCBC8F000])[01 CA 8C E2 ]0x000007FC:	ADD	IP, IP, #0X1000	;(IP=0xCBC8F800 )
(        libstdc++.so[0xCBC8F000])[F0 F7 BC E5 ]0x00000800:	LDR	PC, [IP, #0X7F0]!	;(IP=0xCBC90800 )
(             libc.so[0xCBC2B000])[08 B5       ]0x0000DBEC:	PUSH	{R3, LR} ; malloc	;(SP=0x100FFFE8 R3=0x00000000 LR=0xCBC8F91F )
(             libc.so[0xCBC2B000])[03 4B       ]0x0000DBEE:	LDR	R3, [PC, #0XC]	;(PC=0xCBC38BEE )
(             libc.so[0xCBC2B000])[7B 44       ]0x0000DBF0:	ADD	R3, PC	;(R3=0x0003C40C PC=0xCBC38BF0 )
(             libc.so[0xCBC2B000])[19 68       ]0x0000DBF2:	LDR	R1, [R3]	;(R3=0xCBC75000 )
(             libc.so[0xCBC2B000])[0A 68       ]0x0000DBF4:	LDR	R2, [R1]	;(R1=0xCBC74E00 )
(             libc.so[0xCBC2B000])[90 47       ]0x0000DBF6:	BLX	R2	;(PC=0xCBC38BF6 R2=0xCBC3ADCD )
(             libc.so[0xCBC2B000])[DF F8 A4 3B ]0x0000FDCC:	LDR.W	R3, [PC, #0XBA4] ; dlmalloc	;(PC=0xCBC3ADCC )
(             libc.so[0xCBC2B000])[2D E9 F7 4F ]0x0000FDD0:	PUSH.W	{R0, R1, R2, R4, R5, R6, R7, R8, SB, SL, FP, LR}	;(SP=0x100FFFE0 R0=0x00000014 R1=0xCBC74E00 R2=0xCBC3ADCD R4=0x00000000 R5=0x300000C8 R6=0x00000000 R7=0x100FFFF8 R8=0x00000000 SB=0x00000000 SL=0x00000000 FP=0x00000000 LR=0xCBC38BF9 )
(             libc.so[0xCBC2B000])[7B 44       ]0x0000FDD4:	ADD	R3, PC	;(R3=0x0003E588 PC=0xCBC3ADD4 )
(             libc.so[0xCBC2B000])[04 46       ]0x0000FDD6:	MOV	R4, R0	;(R0=0x00000014 )
(             libc.so[0xCBC2B000])[18 68       ]0x0000FDD8:	LDR	R0, [R3]	;(R3=0xCBC79360 )
(             libc.so[0xCBC2B000])[08 B9       ]0x0000FDDA:	CBNZ	R0, #0XCBC3ADE0	;(R0=0x0B13C7D8 )
(             libc.so[0xCBC2B000])[DF F8 94 1B ]0x0000FDE0:	LDR.W	R1, [PC, #0XB94]	;(PC=0xCBC3ADE0 )
(             libc.so[0xCBC2B000])[79 44       ]0x0000FDE4:	ADD	R1, PC	;(R1=0x0003E398 PC=0xCBC3ADE4 )
(             libc.so[0xCBC2B000])[D1 F8 BC 21 ]0x0000FDE6:	LDR.W	R2, [R1, #0X1BC]	;(R1=0xCBC79180 )
(             libc.so[0xCBC2B000])[93 07       ]0x0000FDEA:	LSLS	R3, R2, #0X1E	;(R2=0x00000007 )
(             libc.so[0xCBC2B000])[02 D4       ]0x0000FDEC:	BMI	#0XCBC3ADF4
(             libc.so[0xCBC2B000])[01 F5 E0 70 ]0x0000FDF4:	ADD.W	R0, R1, #0X1C0	;(R1=0xCBC79180 )
(             libc.so[0xCBC2B000])[00 26       ]0x0000FDF8:	MOVS	R6, #0
(             libc.so[0xCBC2B000])[FE F7 F0 EC ]0x0000FDFA:	BLX	#0XCBC397DC	;(PC=0xCBC3ADFA )
(             libc.so[0xCBC2B000])[90 FF FF EA ]0x0000E7DC:	B	#0XCBC39624 ; pthread_mutex_lock	;(PC=0xCBC397DC )
(             libc.so[0xCBC2B000])[F0 41 2D E9 ]0x0000E624:	PUSH	{R4, R5, R6, R7, R8, LR}	;(SP=0x100FFFB0 R4=0x00000014 R5=0x300000C8 R6=0x00000000 R7=0x100FFFF8 R8=0x00000000 LR=0xCBC3ADFF )
(             libc.so[0xCBC2B000])[00 40 50 E2 ]0x0000E628:	SUBS	R4, R0, #0	;(R0=0xCBC79340 )
(             libc.so[0xCBC2B000])[1B 00 00 0A ]0x0000E62C:	BEQ	#0XCBC396A0	;(PC=0xCBC3962C )
(             libc.so[0xCBC2B000])[00 50 94 E5 ]0x0000E630:	LDR	R5, [R4]	;(R4=0xCBC79340 )
(             libc.so[0xCBC2B000])[03 79 15 E2 ]0x0000E634:	ANDS	R7, R5, #0XC000	;(R5=0x00000000 )
(             libc.so[0xCBC2B000])[02 6A 05 E2 ]0x0000E638:	AND	R6, R5, #0X2000	;(R5=0x00000000 )
(             libc.so[0xCBC2B000])[19 00 00 1A ]0x0000E63C:	BNE	#0XCBC396A8	;(PC=0xCBC3963C )
(             libc.so[0xCBC2B000])[01 00 86 E3 ]0x0000E640:	ORR	R0, R6, #1	;(R6=0x00000000 )
(             libc.so[0xCBC2B000])[9F 3F 94 E1 ]0x0000E644:	LDREX	R3, [R4]	;(R4=0xCBC79340 )
(             libc.so[0xCBC2B000])[00 10 A0 E3 ]0x0000E648:	MOV	R1, #0
(             libc.so[0xCBC2B000])[06 00 33 E1 ]0x0000E64C:	TEQ	R3, R6	;(R3=0x00000000 R6=0x00000000 )
(             libc.so[0xCBC2B000])[90 1F 84 01 ]0x0000E650:	STREXEQ	R1, R0, [R4]	;(R0=0x00000001 R4=0xCBC79340 )
(             libc.so[0xCBC2B000])[00 00 51 E3 ]0x0000E654:	CMP	R1, #0	;(R1=0x00000000 )
(             libc.so[0xCBC2B000])[F9 FF FF 1A ]0x0000E658:	BNE	#0XCBC39644	;(PC=0xCBC39658 )
(             libc.so[0xCBC2B000])[03 00 56 E1 ]0x0000E65C:	CMP	R6, R3	;(R6=0x00000000 R3=0x00000000 )
(             libc.so[0xCBC2B000])[02 50 86 13 ]0x0000E660:	ORRNE	R5, R6, #2	;(R6=0x00000000 )
(             libc.so[0xCBC2B000])[01 00 00 1A ]0x0000E664:	BNE	#0XCBC39670	;(PC=0xCBC39664 )
(             libc.so[0xCBC2B000])[09 00 00 EA ]0x0000E668:	B	#0XCBC39694	;(PC=0xCBC39668 )
(             libc.so[0xCBC2B000])[5F F0 7F F5 ]0x0000E694:	DMB	SY
(             libc.so[0xCBC2B000])[00 00 A0 E3 ]0x0000E698:	MOV	R0, #0
(             libc.so[0xCBC2B000])[F0 81 BD E8 ]0x0000E69C:	POP	{R4, R5, R6, R7, R8, PC}	;(SP=0x100FFF98 )
(             libc.so[0xCBC2B000])[00 28       ]0x0000FDFE:	CMP	R0, #0	;(R0=0x00000000 )
(             libc.so[0xCBC2B000])[41 F0 6F 80 ]0x0000FE00:	BNE.W	#0XCBC3BEE2
(             libc.so[0xCBC2B000])[F3 E7       ]0x0000FE04:	B	#0XCBC3ADEE
(             libc.so[0xCBC2B000])[F4 2C       ]0x0000FDEE:	CMP	R4, #0XF4	;(R4=0x00000014 )
(             libc.so[0xCBC2B000])[09 D9       ]0x0000FDF0:	BLS	#0XCBC3AE06
(             libc.so[0xCBC2B000])[0A 2C       ]0x0000FE06:	CMP	R4, #0XA	;(R4=0x00000014 )
(             libc.so[0xCBC2B000])[03 D9       ]0x0000FE08:	BLS	#0XCBC3AE12
(             libc.so[0xCBC2B000])[0B 34       ]0x0000FE0A:	ADDS	R4, #0XB	;(R4=0x00000014 )
(             libc.so[0xCBC2B000])[24 F0 07 04 ]0x0000FE0C:	BIC	R4, R4, #7	;(R4=0x0000001F )
(             libc.so[0xCBC2B000])[00 E0       ]0x0000FE10:	B	#0XCBC3AE14
(             libc.so[0xCBC2B000])[DF F8 68 3B ]0x0000FE14:	LDR.W	R3, [PC, #0XB68]	;(PC=0xCBC3AE14 )
(             libc.so[0xCBC2B000])[E2 08       ]0x0000FE18:	LSRS	R2, R4, #3	;(R4=0x00000018 )
(             libc.so[0xCBC2B000])[7B 44       ]0x0000FE1A:	ADD	R3, PC	;(R3=0x0003E362 PC=0xCBC3AE1A )
(             libc.so[0xCBC2B000])[18 68       ]0x0000FE1C:	LDR	R0, [R3]	;(R3=0xCBC79180 )
(             libc.so[0xCBC2B000])[20 FA 02 F1 ]0x0000FE1E:	LSR.W	R1, R0, R2	;(R0=0x00000000 R2=0x00000003 )
(             libc.so[0xCBC2B000])[01 90       ]0x0000FE22:	STR	R0, [SP, #4]	;(R0=0x00000000 SP=0x100FFFB0 )
(             libc.so[0xCBC2B000])[8E 07       ]0x0000FE24:	LSLS	R6, R1, #0X1E	;(R1=0x00000000 )
(             libc.so[0xCBC2B000])[21 D0       ]0x0000FE26:	BEQ	#0XCBC3AE6C
(             libc.so[0xCBC2B000])[9D 68       ]0x0000FE6C:	LDR	R5, [R3, #8]	;(R3=0xCBC79180 )
(             libc.so[0xCBC2B000])[AC 42       ]0x0000FE6E:	CMP	R4, R5	;(R4=0x00000018 R5=0x00000000 )
(             libc.so[0xCBC2B000])[40 F2 3F 83 ]0x0000FE70:	BLS.W	#0XCBC3B4F2
(             libc.so[0xCBC2B000])[00 29       ]0x0000FE74:	CMP	R1, #0	;(R1=0x00000000 )
(             libc.so[0xCBC2B000])[74 D0       ]0x0000FE76:	BEQ	#0XCBC3AF62
(             libc.so[0xCBC2B000])[D3 F8 04 80 ]0x0000FF62:	LDR.W	R8, [R3, #4]	;(R3=0xCBC79180 )
(             libc.so[0xCBC2B000])[B8 F1 00 0F ]0x0000FF66:	CMP.W	R8, #0	;(R8=0x00000000 )
(             libc.so[0xCBC2B000])[00 F0 C2 82 ]0x0000FF6A:	BEQ.W	#0XCBC3B4F2
(             libc.so[0xCBC2B000])[DF F8 E0 34 ]0x000104F2:	LDR.W	R3, [PC, #0X4E0]	;(PC=0xCBC3B4F2 )
(             libc.so[0xCBC2B000])[7B 44       ]0x000104F6:	ADD	R3, PC	;(R3=0x0003DC86 PC=0xCBC3B4F6 )
(             libc.so[0xCBC2B000])[98 68       ]0x000104F8:	LDR	R0, [R3, #8]	;(R3=0xCBC79180 )
(             libc.so[0xCBC2B000])[84 42       ]0x000104FA:	CMP	R4, R0	;(R4=0x00000018 R0=0x00000000 )
(             libc.so[0xCBC2B000])[19 D8       ]0x000104FC:	BHI	#0XCBC3B532
(             libc.so[0xCBC2B000])[DE 68       ]0x00010532:	LDR	R6, [R3, #0XC]	;(R3=0xCBC79180 )
(             libc.so[0xCBC2B000])[B4 42       ]0x00010534:	CMP	R4, R6	;(R4=0x00000018 R6=0x00000F00 )
(             libc.so[0xCBC2B000])[01 D2       ]0x00010536:	BHS	#0XCBC3B53C
(             libc.so[0xCBC2B000])[00 F0 7B BC ]0x00010538:	B.W	#0XCBC3BE32
(             libc.so[0xCBC2B000])[30 1B       ]0x00010E32:	SUBS	R0, R6, R4	;(R6=0x00000F00 R4=0x00000018 )
(             libc.so[0xCBC2B000])[9E 69       ]0x00010E34:	LDR	R6, [R3, #0X18]	;(R3=0xCBC79180 )
(             libc.so[0xCBC2B000])[D8 60       ]0x00010E36:	STR	R0, [R3, #0XC]	;(R0=0x00000EE8 R3=0xCBC79180 )
(             libc.so[0xCBC2B000])[32 19       ]0x00010E38:	ADDS	R2, R6, R4	;(R6=0x300000D8 R4=0x00000018 )
(             libc.so[0xCBC2B000])[9A 61       ]0x00010E3A:	STR	R2, [R3, #0X18]	;(R2=0x300000F0 R3=0xCBC79180 )
(             libc.so[0xCBC2B000])[40 F0 01 03 ]0x00010E3C:	ORR	R3, R0, #1	;(R0=0x00000EE8 )
(             libc.so[0xCBC2B000])[53 60       ]0x00010E40:	STR	R3, [R2, #4]	;(R3=0x00000EE9 R2=0x300000F0 )
(             libc.so[0xCBC2B000])[44 F0 03 04 ]0x00010E42:	ORR	R4, R4, #3	;(R4=0x00000018 )
(             libc.so[0xCBC2B000])[74 60       ]0x00010E46:	STR	R4, [R6, #4]	;(R4=0x0000001B R6=0x300000D8 )
(             libc.so[0xCBC2B000])[08 36       ]0x00010E48:	ADDS	R6, #8	;(R6=0x300000D8 )
(             libc.so[0xCBC2B000])[04 E0       ]0x00010E4A:	B	#0XCBC3BE56
(             libc.so[0xCBC2B000])[35 49       ]0x00010E56:	LDR	R1, [PC, #0XD4]	;(PC=0xCBC3BE56 )
(             libc.so[0xCBC2B000])[79 44       ]0x00010E58:	ADD	R1, PC	;(R1=0x0003D324 PC=0xCBC3BE58 )
(             libc.so[0xCBC2B000])[D1 F8 BC 21 ]0x00010E5A:	LDR.W	R2, [R1, #0X1BC]	;(R1=0xCBC79180 )
(             libc.so[0xCBC2B000])[93 07       ]0x00010E5E:	LSLS	R3, R2, #0X1E	;(R2=0x00000007 )
(             libc.so[0xCBC2B000])[3F D5       ]0x00010E60:	BPL	#0XCBC3BEE2
(             libc.so[0xCBC2B000])[01 F5 E0 70 ]0x00010E62:	ADD.W	R0, R1, #0X1C0	;(R1=0xCBC79180 )
(             libc.so[0xCBC2B000])[FD F7 3C ED ]0x00010E66:	BLX	#0XCBC398E0	;(PC=0xCBC3BE66 )
(             libc.so[0xCBC2B000])[BE FF FF EA ]0x0000E8E0:	B	#0XCBC397E0 ; pthread_mutex_unlock	;(PC=0xCBC398E0 )
(             libc.so[0xCBC2B000])[70 40 2D E9 ]0x0000E7E0:	PUSH	{R4, R5, R6, LR}	;(SP=0x100FFFB0 R4=0x0000001B R5=0x00000000 R6=0x300000E0 LR=0xCBC3BE6B )
(             libc.so[0xCBC2B000])[00 40 50 E2 ]0x0000E7E4:	SUBS	R4, R0, #0	;(R0=0xCBC79340 )
(             libc.so[0xCBC2B000])[08 D0 4D E2 ]0x0000E7E8:	SUB	SP, SP, #8	;(SP=0x100FFFA0 )
(             libc.so[0xCBC2B000])[2B 00 00 0A ]0x0000E7EC:	BEQ	#0XCBC398A0	;(PC=0xCBC397EC )
(             libc.so[0xCBC2B000])[00 50 94 E5 ]0x0000E7F0:	LDR	R5, [R4]	;(R4=0xCBC79340 )
(             libc.so[0xCBC2B000])[03 69 15 E2 ]0x0000E7F4:	ANDS	R6, R5, #0XC000	;(R5=0x00000001 )
(             libc.so[0xCBC2B000])[02 1A 05 E2 ]0x0000E7F8:	AND	R1, R5, #0X2000	;(R5=0x00000001 )
(             libc.so[0xCBC2B000])[11 00 00 1A ]0x0000E7FC:	BNE	#0XCBC39848	;(PC=0xCBC397FC )
(             libc.so[0xCBC2B000])[5F F0 7F F5 ]0x0000E800:	DMB	SY
(             libc.so[0xCBC2B000])[9F 2F 94 E1 ]0x0000E804:	LDREX	R2, [R4]	;(R4=0xCBC79340 )
(             libc.so[0xCBC2B000])[01 30 42 E2 ]0x0000E808:	SUB	R3, R2, #1	;(R2=0x00000001 )
(             libc.so[0xCBC2B000])[93 5F 84 E1 ]0x0000E80C:	STREX	R5, R3, [R4]	;(R3=0x00000000 R4=0xCBC79340 )
(             libc.so[0xCBC2B000])[00 00 55 E3 ]0x0000E810:	CMP	R5, #0	;(R5=0x00000000 )
(             libc.so[0xCBC2B000])[FA FF FF 1A ]0x0000E814:	BNE	#0XCBC39804	;(PC=0xCBC39814 )
(             libc.so[0xCBC2B000])[01 C0 81 E3 ]0x0000E818:	ORR	IP, R1, #1	;(R1=0x00000000 )
(             libc.so[0xCBC2B000])[0C 00 52 E1 ]0x0000E81C:	CMP	R2, IP	;(R2=0x00000001 IP=0x00000001 )
(             libc.so[0xCBC2B000])[06 00 00 0A ]0x0000E820:	BEQ	#0XCBC39840	;(PC=0xCBC39820 )
(             libc.so[0xCBC2B000])[00 00 A0 E3 ]0x0000E840:	MOV	R0, #0
(             libc.so[0xCBC2B000])[FB FF FF EA ]0x0000E844:	B	#0XCBC39838	;(PC=0xCBC39844 )
(             libc.so[0xCBC2B000])[08 D0 8D E2 ]0x0000E838:	ADD	SP, SP, #8	;(SP=0x100FFF98 )
(             libc.so[0xCBC2B000])[70 80 BD E8 ]0x0000E83C:	POP	{R4, R5, R6, PC}	;(SP=0x100FFFA0 )
(             libc.so[0xCBC2B000])[3A E0       ]0x00010E6A:	B	#0XCBC3BEE2
(             libc.so[0xCBC2B000])[30 46       ]0x00010EE2:	MOV	R0, R6	;(R6=0x300000E0 )
(             libc.so[0xCBC2B000])[BD E8 FE 8F ]0x00010EE4:	POP.W	{R1, R2, R3, R4, R5, R6, R7, R8, SB, SL, FP, PC}	;(SP=0x100FFFB0 )
(             libc.so[0xCBC2B000])[08 BD       ]0x0000DBF8:	POP	{R3, PC}	;(SP=0x100FFFE0 )
(        libstdc++.so[0xCBC8F000])[08 B9       ]0x0000091E:	CBNZ	R0, #0XCBC8F924	;(R0=0x300000E0 )
(        libstdc++.so[0xCBC8F000])[08 BD       ]0x00000924:	POP	{R3, PC}	;(SP=0x100FFFE8 )
(  libmakeurl2.4.9.so[0xCBBCB000])[05 46       ]0x000016AA:	MOV	R5, R0	;(R0=0x300000E0 )
(  libmakeurl2.4.9.so[0xCBBCB000])[1B F0 D4 F9 ]0x000016AC:	BL	#0XCBBE7A58	;(PC=0xCBBCC6AC )
(  libmakeurl2.4.9.so[0xCBBCB000])[07 49       ]0x0001CA58:	LDR	R1, [PC, #0X1C]	;(PC=0xCBBE7A58 )
(  libmakeurl2.4.9.so[0xCBBCB000])[02 46       ]0x0001CA5A:	MOV	R2, R0	;(R0=0x300000E0 )
(  libmakeurl2.4.9.so[0xCBBCB000])[79 44       ]0x0001CA5C:	ADD	R1, PC	;(R1=0x000282D8 PC=0xCBBE7A5C )
(  libmakeurl2.4.9.so[0xCBBCB000])[08 31       ]0x0001CA5E:	ADDS	R1, #8	;(R1=0xCBC0FD38 )
(  libmakeurl2.4.9.so[0xCBBCB000])[01 60       ]0x0001CA60:	STR	R1, [R0]	;(R1=0xCBC0FD40 R0=0x300000E0 )
(  libmakeurl2.4.9.so[0xCBBCB000])[00 21       ]0x0001CA62:	MOVS	R1, #0
(  libmakeurl2.4.9.so[0xCBBCB000])[42 F8 08 1F ]0x0001CA64:	STR	R1, [R2, #8]!	;(R1=0x00000000 R2=0x300000E0 )
(  libmakeurl2.4.9.so[0xCBBCB000])[C1 60       ]0x0001CA68:	STR	R1, [R0, #0XC]	;(R1=0x00000000 R0=0x300000E0 )
(  libmakeurl2.4.9.so[0xCBBCB000])[45 F2 78 61 ]0x0001CA6A:	MOVW	R1, #0X5678
(  libmakeurl2.4.9.so[0xCBBCB000])[C1 F2 34 21 ]0x0001CA6E:	MOVT	R1, #0X1234	;(R1=0x00005678 )
(  libmakeurl2.4.9.so[0xCBBCB000])[42 60       ]0x0001CA72:	STR	R2, [R0, #4]	;(R2=0x300000E8 R0=0x300000E0 )
(  libmakeurl2.4.9.so[0xCBBCB000])[01 61       ]0x0001CA74:	STR	R1, [R0, #0X10]	;(R1=0x12345678 R0=0x300000E0 )
(  libmakeurl2.4.9.so[0xCBBCB000])[70 47       ]0x0001CA76:	BX	LR	;(LR=0xCBBCC6B1 )
(  libmakeurl2.4.9.so[0xCBBCB000])[DF F8 80 03 ]0x000016B0:	LDR.W	R0, [PC, #0X380]	;(PC=0xCBBCC6B0 )
(  libmakeurl2.4.9.so[0xCBBCB000])[78 44       ]0x000016B4:	ADD	R0, PC	;(R0=0x00043B14 PC=0xCBBCC6B4 )
(  libmakeurl2.4.9.so[0xCBBCB000])[05 60       ]0x000016B6:	STR	R5, [R0]	;(R5=0x300000E0 R0=0xCBC101CC )
(  libmakeurl2.4.9.so[0xCBBCB000])[14 20       ]0x000016B8:	MOVS	R0, #0X14
(  libmakeurl2.4.9.so[0xCBBCB000])[FF F7 E0 EE ]0x000016BA:	BLX	#0XCBBCC47C	;(PC=0xCBBCC6BA )
(  libmakeurl2.4.9.so[0xCBBCB000])[00 C6 8F E2 ]0x0000147C:	ADD	IP, PC, #0, #12	;(PC=0xCBBCC47C )
(  libmakeurl2.4.9.so[0xCBBCB000])[43 CA 8C E2 ]0x00001480:	ADD	IP, IP, #0X43000	;(IP=0xCBBCC484 )
(  libmakeurl2.4.9.so[0xCBBCB000])[00 FB BC E5 ]0x00001484:	LDR	PC, [IP, #0XB00]!	;(IP=0xCBC0F484 )
(        libstdc++.so[0xCBC8F000])[08 B5       ]0x00000918:	PUSH	{R3, LR} ; _Znaj	;(SP=0x100FFFF0 R3=0x00000000 LR=0xCBBCC6BF )
(        libstdc++.so[0xCBC8F000])[FF F7 6E EF ]0x0000091A:	BLX	#0XCBC8F7F8	;(PC=0xCBC8F91A )
(        libstdc++.so[0xCBC8F000])[00 C6 8F E2 ]0x000007F8:	ADD	IP, PC, #0, #12	;(PC=0xCBC8F7F8 )
(        libstdc++.so[0xCBC8F000])[01 CA 8C E2 ]0x000007FC:	ADD	IP, IP, #0X1000	;(IP=0xCBC8F800 )
(        libstdc++.so[0xCBC8F000])[F0 F7 BC E5 ]0x00000800:	LDR	PC, [IP, #0X7F0]!	;(IP=0xCBC90800 )
(             libc.so[0xCBC2B000])[08 B5       ]0x0000DBEC:	PUSH	{R3, LR} ; malloc	;(SP=0x100FFFE8 R3=0x00000000 LR=0xCBC8F91F )
(             libc.so[0xCBC2B000])[03 4B       ]0x0000DBEE:	LDR	R3, [PC, #0XC]	;(PC=0xCBC38BEE )
(             libc.so[0xCBC2B000])[7B 44       ]0x0000DBF0:	ADD	R3, PC	;(R3=0x0003C40C PC=0xCBC38BF0 )
(             libc.so[0xCBC2B000])[19 68       ]0x0000DBF2:	LDR	R1, [R3]	;(R3=0xCBC75000 )
(             libc.so[0xCBC2B000])[0A 68       ]0x0000DBF4:	LDR	R2, [R1]	;(R1=0xCBC74E00 )
(             libc.so[0xCBC2B000])[90 47       ]0x0000DBF6:	BLX	R2	;(PC=0xCBC38BF6 R2=0xCBC3ADCD )
(             libc.so[0xCBC2B000])[DF F8 A4 3B ]0x0000FDCC:	LDR.W	R3, [PC, #0XBA4] ; dlmalloc	;(PC=0xCBC3ADCC )
(             libc.so[0xCBC2B000])[2D E9 F7 4F ]0x0000FDD0:	PUSH.W	{R0, R1, R2, R4, R5, R6, R7, R8, SB, SL, FP, LR}	;(SP=0x100FFFE0 R0=0x00000014 R1=0xCBC74E00 R2=0xCBC3ADCD R4=0x00000000 R5=0x300000E0 R6=0x00000000 R7=0x100FFFF8 R8=0x00000000 SB=0x00000000 SL=0x00000000 FP=0x00000000 LR=0xCBC38BF9 )
(             libc.so[0xCBC2B000])[7B 44       ]0x0000FDD4:	ADD	R3, PC	;(R3=0x0003E588 PC=0xCBC3ADD4 )
(             libc.so[0xCBC2B000])[04 46       ]0x0000FDD6:	MOV	R4, R0	;(R0=0x00000014 )
(             libc.so[0xCBC2B000])[18 68       ]0x0000FDD8:	LDR	R0, [R3]	;(R3=0xCBC79360 )
(             libc.so[0xCBC2B000])[08 B9       ]0x0000FDDA:	CBNZ	R0, #0XCBC3ADE0	;(R0=0x0B13C7D8 )
(             libc.so[0xCBC2B000])[DF F8 94 1B ]0x0000FDE0:	LDR.W	R1, [PC, #0XB94]	;(PC=0xCBC3ADE0 )
(             libc.so[0xCBC2B000])[79 44       ]0x0000FDE4:	ADD	R1, PC	;(R1=0x0003E398 PC=0xCBC3ADE4 )
(             libc.so[0xCBC2B000])[D1 F8 BC 21 ]0x0000FDE6:	LDR.W	R2, [R1, #0X1BC]	;(R1=0xCBC79180 )
(             libc.so[0xCBC2B000])[93 07       ]0x0000FDEA:	LSLS	R3, R2, #0X1E	;(R2=0x00000007 )
(             libc.so[0xCBC2B000])[02 D4       ]0x0000FDEC:	BMI	#0XCBC3ADF4
(             libc.so[0xCBC2B000])[01 F5 E0 70 ]0x0000FDF4:	ADD.W	R0, R1, #0X1C0	;(R1=0xCBC79180 )
(             libc.so[0xCBC2B000])[00 26       ]0x0000FDF8:	MOVS	R6, #0
(             libc.so[0xCBC2B000])[FE F7 F0 EC ]0x0000FDFA:	BLX	#0XCBC397DC	;(PC=0xCBC3ADFA )
(             libc.so[0xCBC2B000])[90 FF FF EA ]0x0000E7DC:	B	#0XCBC39624 ; pthread_mutex_lock	;(PC=0xCBC397DC )
(             libc.so[0xCBC2B000])[F0 41 2D E9 ]0x0000E624:	PUSH	{R4, R5, R6, R7, R8, LR}	;(SP=0x100FFFB0 R4=0x00000014 R5=0x300000E0 R6=0x00000000 R7=0x100FFFF8 R8=0x00000000 LR=0xCBC3ADFF )
(             libc.so[0xCBC2B000])[00 40 50 E2 ]0x0000E628:	SUBS	R4, R0, #0	;(R0=0xCBC79340 )
(             libc.so[0xCBC2B000])[1B 00 00 0A ]0x0000E62C:	BEQ	#0XCBC396A0	;(PC=0xCBC3962C )
(             libc.so[0xCBC2B000])[00 50 94 E5 ]0x0000E630:	LDR	R5, [R4]	;(R4=0xCBC79340 )
(             libc.so[0xCBC2B000])[03 79 15 E2 ]0x0000E634:	ANDS	R7, R5, #0XC000	;(R5=0x00000000 )
(             libc.so[0xCBC2B000])[02 6A 05 E2 ]0x0000E638:	AND	R6, R5, #0X2000	;(R5=0x00000000 )
(             libc.so[0xCBC2B000])[19 00 00 1A ]0x0000E63C:	BNE	#0XCBC396A8	;(PC=0xCBC3963C )
(             libc.so[0xCBC2B000])[01 00 86 E3 ]0x0000E640:	ORR	R0, R6, #1	;(R6=0x00000000 )
(             libc.so[0xCBC2B000])[9F 3F 94 E1 ]0x0000E644:	LDREX	R3, [R4]	;(R4=0xCBC79340 )
(             libc.so[0xCBC2B000])[00 10 A0 E3 ]0x0000E648:	MOV	R1, #0
(             libc.so[0xCBC2B000])[06 00 33 E1 ]0x0000E64C:	TEQ	R3, R6	;(R3=0x00000000 R6=0x00000000 )
(             libc.so[0xCBC2B000])[90 1F 84 01 ]0x0000E650:	STREXEQ	R1, R0, [R4]	;(R0=0x00000001 R4=0xCBC79340 )
(             libc.so[0xCBC2B000])[00 00 51 E3 ]0x0000E654:	CMP	R1, #0	;(R1=0x00000000 )
(             libc.so[0xCBC2B000])[F9 FF FF 1A ]0x0000E658:	BNE	#0XCBC39644	;(PC=0xCBC39658 )
(             libc.so[0xCBC2B000])[03 00 56 E1 ]0x0000E65C:	CMP	R6, R3	;(R6=0x00000000 R3=0x00000000 )
(             libc.so[0xCBC2B000])[02 50 86 13 ]0x0000E660:	ORRNE	R5, R6, #2	;(R6=0x00000000 )
(             libc.so[0xCBC2B000])[01 00 00 1A ]0x0000E664:	BNE	#0XCBC39670	;(PC=0xCBC39664 )
(             libc.so[0xCBC2B000])[09 00 00 EA ]0x0000E668:	B	#0XCBC39694	;(PC=0xCBC39668 )
(             libc.so[0xCBC2B000])[5F F0 7F F5 ]0x0000E694:	DMB	SY
(             libc.so[0xCBC2B000])[00 00 A0 E3 ]0x0000E698:	MOV	R0, #0
(             libc.so[0xCBC2B000])[F0 81 BD E8 ]0x0000E69C:	POP	{R4, R5, R6, R7, R8, PC}	;(SP=0x100FFF98 )
(             libc.so[0xCBC2B000])[00 28       ]0x0000FDFE:	CMP	R0, #0	;(R0=0x00000000 )
(             libc.so[0xCBC2B000])[41 F0 6F 80 ]0x0000FE00:	BNE.W	#0XCBC3BEE2
(             libc.so[0xCBC2B000])[F3 E7       ]0x0000FE04:	B	#0XCBC3ADEE
(             libc.so[0xCBC2B000])[F4 2C       ]0x0000FDEE:	CMP	R4, #0XF4	;(R4=0x00000014 )
(             libc.so[0xCBC2B000])[09 D9       ]0x0000FDF0:	BLS	#0XCBC3AE06
(             libc.so[0xCBC2B000])[0A 2C       ]0x0000FE06:	CMP	R4, #0XA	;(R4=0x00000014 )
(             libc.so[0xCBC2B000])[03 D9       ]0x0000FE08:	BLS	#0XCBC3AE12
(             libc.so[0xCBC2B000])[0B 34       ]0x0000FE0A:	ADDS	R4, #0XB	;(R4=0x00000014 )
(             libc.so[0xCBC2B000])[24 F0 07 04 ]0x0000FE0C:	BIC	R4, R4, #7	;(R4=0x0000001F )
(             libc.so[0xCBC2B000])[00 E0       ]0x0000FE10:	B	#0XCBC3AE14
(             libc.so[0xCBC2B000])[DF F8 68 3B ]0x0000FE14:	LDR.W	R3, [PC, #0XB68]	;(PC=0xCBC3AE14 )
(             libc.so[0xCBC2B000])[E2 08       ]0x0000FE18:	LSRS	R2, R4, #3	;(R4=0x00000018 )
(             libc.so[0xCBC2B000])[7B 44       ]0x0000FE1A:	ADD	R3, PC	;(R3=0x0003E362 PC=0xCBC3AE1A )
(             libc.so[0xCBC2B000])[18 68       ]0x0000FE1C:	LDR	R0, [R3]	;(R3=0xCBC79180 )
(             libc.so[0xCBC2B000])[20 FA 02 F1 ]0x0000FE1E:	LSR.W	R1, R0, R2	;(R0=0x00000000 R2=0x00000003 )
(             libc.so[0xCBC2B000])[01 90       ]0x0000FE22:	STR	R0, [SP, #4]	;(R0=0x00000000 SP=0x100FFFB0 )
(             libc.so[0xCBC2B000])[8E 07       ]0x0000FE24:	LSLS	R6, R1, #0X1E	;(R1=0x00000000 )
(             libc.so[0xCBC2B000])[21 D0       ]0x0000FE26:	BEQ	#0XCBC3AE6C
(             libc.so[0xCBC2B000])[9D 68       ]0x0000FE6C:	LDR	R5, [R3, #8]	;(R3=0xCBC79180 )
(             libc.so[0xCBC2B000])[AC 42       ]0x0000FE6E:	CMP	R4, R5	;(R4=0x00000018 R5=0x00000000 )
(             libc.so[0xCBC2B000])[40 F2 3F 83 ]0x0000FE70:	BLS.W	#0XCBC3B4F2
(             libc.so[0xCBC2B000])[00 29       ]0x0000FE74:	CMP	R1, #0	;(R1=0x00000000 )
(             libc.so[0xCBC2B000])[74 D0       ]0x0000FE76:	BEQ	#0XCBC3AF62
(             libc.so[0xCBC2B000])[D3 F8 04 80 ]0x0000FF62:	LDR.W	R8, [R3, #4]	;(R3=0xCBC79180 )
(             libc.so[0xCBC2B000])[B8 F1 00 0F ]0x0000FF66:	CMP.W	R8, #0	;(R8=0x00000000 )
(             libc.so[0xCBC2B000])[00 F0 C2 82 ]0x0000FF6A:	BEQ.W	#0XCBC3B4F2
(             libc.so[0xCBC2B000])[DF F8 E0 34 ]0x000104F2:	LDR.W	R3, [PC, #0X4E0]	;(PC=0xCBC3B4F2 )
(             libc.so[0xCBC2B000])[7B 44       ]0x000104F6:	ADD	R3, PC	;(R3=0x0003DC86 PC=0xCBC3B4F6 )
(             libc.so[0xCBC2B000])[98 68       ]0x000104F8:	LDR	R0, [R3, #8]	;(R3=0xCBC79180 )
(             libc.so[0xCBC2B000])[84 42       ]0x000104FA:	CMP	R4, R0	;(R4=0x00000018 R0=0x00000000 )
(             libc.so[0xCBC2B000])[19 D8       ]0x000104FC:	BHI	#0XCBC3B532
(             libc.so[0xCBC2B000])[DE 68       ]0x00010532:	LDR	R6, [R3, #0XC]	;(R3=0xCBC79180 )
(             libc.so[0xCBC2B000])[B4 42       ]0x00010534:	CMP	R4, R6	;(R4=0x00000018 R6=0x00000EE8 )
(             libc.so[0xCBC2B000])[01 D2       ]0x00010536:	BHS	#0XCBC3B53C
(             libc.so[0xCBC2B000])[00 F0 7B BC ]0x00010538:	B.W	#0XCBC3BE32
(             libc.so[0xCBC2B000])[30 1B       ]0x00010E32:	SUBS	R0, R6, R4	;(R6=0x00000EE8 R4=0x00000018 )
(             libc.so[0xCBC2B000])[9E 69       ]0x00010E34:	LDR	R6, [R3, #0X18]	;(R3=0xCBC79180 )
(             libc.so[0xCBC2B000])[D8 60       ]0x00010E36:	STR	R0, [R3, #0XC]	;(R0=0x00000ED0 R3=0xCBC79180 )
(             libc.so[0xCBC2B000])[32 19       ]0x00010E38:	ADDS	R2, R6, R4	;(R6=0x300000F0 R4=0x00000018 )
(             libc.so[0xCBC2B000])[9A 61       ]0x00010E3A:	STR	R2, [R3, #0X18]	;(R2=0x30000108 R3=0xCBC79180 )
(             libc.so[0xCBC2B000])[40 F0 01 03 ]0x00010E3C:	ORR	R3, R0, #1	;(R0=0x00000ED0 )
(             libc.so[0xCBC2B000])[53 60       ]0x00010E40:	STR	R3, [R2, #4]	;(R3=0x00000ED1 R2=0x30000108 )
(             libc.so[0xCBC2B000])[44 F0 03 04 ]0x00010E42:	ORR	R4, R4, #3	;(R4=0x00000018 )
(             libc.so[0xCBC2B000])[74 60       ]0x00010E46:	STR	R4, [R6, #4]	;(R4=0x0000001B R6=0x300000F0 )
(             libc.so[0xCBC2B000])[08 36       ]0x00010E48:	ADDS	R6, #8	;(R6=0x300000F0 )
(             libc.so[0xCBC2B000])[04 E0       ]0x00010E4A:	B	#0XCBC3BE56
(             libc.so[0xCBC2B000])[35 49       ]0x00010E56:	LDR	R1, [PC, #0XD4]	;(PC=0xCBC3BE56 )
(             libc.so[0xCBC2B000])[79 44       ]0x00010E58:	ADD	R1, PC	;(R1=0x0003D324 PC=0xCBC3BE58 )
(             libc.so[0xCBC2B000])[D1 F8 BC 21 ]0x00010E5A:	LDR.W	R2, [R1, #0X1BC]	;(R1=0xCBC79180 )
(             libc.so[0xCBC2B000])[93 07       ]0x00010E5E:	LSLS	R3, R2, #0X1E	;(R2=0x00000007 )
(             libc.so[0xCBC2B000])[3F D5       ]0x00010E60:	BPL	#0XCBC3BEE2
(             libc.so[0xCBC2B000])[01 F5 E0 70 ]0x00010E62:	ADD.W	R0, R1, #0X1C0	;(R1=0xCBC79180 )
(             libc.so[0xCBC2B000])[FD F7 3C ED ]0x00010E66:	BLX	#0XCBC398E0	;(PC=0xCBC3BE66 )
(             libc.so[0xCBC2B000])[BE FF FF EA ]0x0000E8E0:	B	#0XCBC397E0 ; pthread_mutex_unlock	;(PC=0xCBC398E0 )
(             libc.so[0xCBC2B000])[70 40 2D E9 ]0x0000E7E0:	PUSH	{R4, R5, R6, LR}	;(SP=0x100FFFB0 R4=0x0000001B R5=0x00000000 R6=0x300000F8 LR=0xCBC3BE6B )
(             libc.so[0xCBC2B000])[00 40 50 E2 ]0x0000E7E4:	SUBS	R4, R0, #0	;(R0=0xCBC79340 )
(             libc.so[0xCBC2B000])[08 D0 4D E2 ]0x0000E7E8:	SUB	SP, SP, #8	;(SP=0x100FFFA0 )
(             libc.so[0xCBC2B000])[2B 00 00 0A ]0x0000E7EC:	BEQ	#0XCBC398A0	;(PC=0xCBC397EC )
(             libc.so[0xCBC2B000])[00 50 94 E5 ]0x0000E7F0:	LDR	R5, [R4]	;(R4=0xCBC79340 )
(             libc.so[0xCBC2B000])[03 69 15 E2 ]0x0000E7F4:	ANDS	R6, R5, #0XC000	;(R5=0x00000001 )
(             libc.so[0xCBC2B000])[02 1A 05 E2 ]0x0000E7F8:	AND	R1, R5, #0X2000	;(R5=0x00000001 )
(             libc.so[0xCBC2B000])[11 00 00 1A ]0x0000E7FC:	BNE	#0XCBC39848	;(PC=0xCBC397FC )
(             libc.so[0xCBC2B000])[5F F0 7F F5 ]0x0000E800:	DMB	SY
(             libc.so[0xCBC2B000])[9F 2F 94 E1 ]0x0000E804:	LDREX	R2, [R4]	;(R4=0xCBC79340 )
(             libc.so[0xCBC2B000])[01 30 42 E2 ]0x0000E808:	SUB	R3, R2, #1	;(R2=0x00000001 )
(             libc.so[0xCBC2B000])[93 5F 84 E1 ]0x0000E80C:	STREX	R5, R3, [R4]	;(R3=0x00000000 R4=0xCBC79340 )
(             libc.so[0xCBC2B000])[00 00 55 E3 ]0x0000E810:	CMP	R5, #0	;(R5=0x00000000 )
(             libc.so[0xCBC2B000])[FA FF FF 1A ]0x0000E814:	BNE	#0XCBC39804	;(PC=0xCBC39814 )
(             libc.so[0xCBC2B000])[01 C0 81 E3 ]0x0000E818:	ORR	IP, R1, #1	;(R1=0x00000000 )
(             libc.so[0xCBC2B000])[0C 00 52 E1 ]0x0000E81C:	CMP	R2, IP	;(R2=0x00000001 IP=0x00000001 )
(             libc.so[0xCBC2B000])[06 00 00 0A ]0x0000E820:	BEQ	#0XCBC39840	;(PC=0xCBC39820 )
(             libc.so[0xCBC2B000])[00 00 A0 E3 ]0x0000E840:	MOV	R0, #0
(             libc.so[0xCBC2B000])[FB FF FF EA ]0x0000E844:	B	#0XCBC39838	;(PC=0xCBC39844 )
(             libc.so[0xCBC2B000])[08 D0 8D E2 ]0x0000E838:	ADD	SP, SP, #8	;(SP=0x100FFF98 )
(             libc.so[0xCBC2B000])[70 80 BD E8 ]0x0000E83C:	POP	{R4, R5, R6, PC}	;(SP=0x100FFFA0 )
(             libc.so[0xCBC2B000])[3A E0       ]0x00010E6A:	B	#0XCBC3BEE2
(             libc.so[0xCBC2B000])[30 46       ]0x00010EE2:	MOV	R0, R6	;(R6=0x300000F8 )
(             libc.so[0xCBC2B000])[BD E8 FE 8F ]0x00010EE4:	POP.W	{R1, R2, R3, R4, R5, R6, R7, R8, SB, SL, FP, PC}	;(SP=0x100FFFB0 )
(             libc.so[0xCBC2B000])[08 BD       ]0x0000DBF8:	POP	{R3, PC}	;(SP=0x100FFFE0 )
(        libstdc++.so[0xCBC8F000])[08 B9       ]0x0000091E:	CBNZ	R0, #0XCBC8F924	;(R0=0x300000F8 )
(        libstdc++.so[0xCBC8F000])[08 BD       ]0x00000924:	POP	{R3, PC}	;(SP=0x100FFFE8 )
(  libmakeurl2.4.9.so[0xCBBCB000])[05 46       ]0x000016BE:	MOV	R5, R0	;(R0=0x300000F8 )
(  libmakeurl2.4.9.so[0xCBBCB000])[1B F0 CA F9 ]0x000016C0:	BL	#0XCBBE7A58	;(PC=0xCBBCC6C0 )
(  libmakeurl2.4.9.so[0xCBBCB000])[07 49       ]0x0001CA58:	LDR	R1, [PC, #0X1C]	;(PC=0xCBBE7A58 )
(  libmakeurl2.4.9.so[0xCBBCB000])[02 46       ]0x0001CA5A:	MOV	R2, R0	;(R0=0x300000F8 )
(  libmakeurl2.4.9.so[0xCBBCB000])[79 44       ]0x0001CA5C:	ADD	R1, PC	;(R1=0x000282D8 PC=0xCBBE7A5C )
(  libmakeurl2.4.9.so[0xCBBCB000])[08 31       ]0x0001CA5E:	ADDS	R1, #8	;(R1=0xCBC0FD38 )
(  libmakeurl2.4.9.so[0xCBBCB000])[01 60       ]0x0001CA60:	STR	R1, [R0]	;(R1=0xCBC0FD40 R0=0x300000F8 )
(  libmakeurl2.4.9.so[0xCBBCB000])[00 21       ]0x0001CA62:	MOVS	R1, #0
(  libmakeurl2.4.9.so[0xCBBCB000])[42 F8 08 1F ]0x0001CA64:	STR	R1, [R2, #8]!	;(R1=0x00000000 R2=0x300000F8 )
(  libmakeurl2.4.9.so[0xCBBCB000])[C1 60       ]0x0001CA68:	STR	R1, [R0, #0XC]	;(R1=0x00000000 R0=0x300000F8 )
(  libmakeurl2.4.9.so[0xCBBCB000])[45 F2 78 61 ]0x0001CA6A:	MOVW	R1, #0X5678
(  libmakeurl2.4.9.so[0xCBBCB000])[C1 F2 34 21 ]0x0001CA6E:	MOVT	R1, #0X1234	;(R1=0x00005678 )
(  libmakeurl2.4.9.so[0xCBBCB000])[42 60       ]0x0001CA72:	STR	R2, [R0, #4]	;(R2=0x30000100 R0=0x300000F8 )
(  libmakeurl2.4.9.so[0xCBBCB000])[01 61       ]0x0001CA74:	STR	R1, [R0, #0X10]	;(R1=0x12345678 R0=0x300000F8 )
(  libmakeurl2.4.9.so[0xCBBCB000])[70 47       ]0x0001CA76:	BX	LR	;(LR=0xCBBCC6C5 )
(  libmakeurl2.4.9.so[0xCBBCB000])[DF F8 70 03 ]0x000016C4:	LDR.W	R0, [PC, #0X370]	;(PC=0xCBBCC6C4 )
(  libmakeurl2.4.9.so[0xCBBCB000])[78 44       ]0x000016C8:	ADD	R0, PC	;(R0=0x00043B04 PC=0xCBBCC6C8 )
(  libmakeurl2.4.9.so[0xCBBCB000])[05 60       ]0x000016CA:	STR	R5, [R0]	;(R5=0x300000F8 R0=0xCBC101D0 )
(  libmakeurl2.4.9.so[0xCBBCB000])[14 20       ]0x000016CC:	MOVS	R0, #0X14
(  libmakeurl2.4.9.so[0xCBBCB000])[FF F7 D6 EE ]0x000016CE:	BLX	#0XCBBCC47C	;(PC=0xCBBCC6CE )
(  libmakeurl2.4.9.so[0xCBBCB000])[00 C6 8F E2 ]0x0000147C:	ADD	IP, PC, #0, #12	;(PC=0xCBBCC47C )
(  libmakeurl2.4.9.so[0xCBBCB000])[43 CA 8C E2 ]0x00001480:	ADD	IP, IP, #0X43000	;(IP=0xCBBCC484 )
(  libmakeurl2.4.9.so[0xCBBCB000])[00 FB BC E5 ]0x00001484:	LDR	PC, [IP, #0XB00]!	;(IP=0xCBC0F484 )
(        libstdc++.so[0xCBC8F000])[08 B5       ]0x00000918:	PUSH	{R3, LR} ; _Znaj	;(SP=0x100FFFF0 R3=0x00000000 LR=0xCBBCC6D3 )
(        libstdc++.so[0xCBC8F000])[FF F7 6E EF ]0x0000091A:	BLX	#0XCBC8F7F8	;(PC=0xCBC8F91A )
(        libstdc++.so[0xCBC8F000])[00 C6 8F E2 ]0x000007F8:	ADD	IP, PC, #0, #12	;(PC=0xCBC8F7F8 )
(        libstdc++.so[0xCBC8F000])[01 CA 8C E2 ]0x000007FC:	ADD	IP, IP, #0X1000	;(IP=0xCBC8F800 )
(        libstdc++.so[0xCBC8F000])[F0 F7 BC E5 ]0x00000800:	LDR	PC, [IP, #0X7F0]!	;(IP=0xCBC90800 )
(             libc.so[0xCBC2B000])[08 B5       ]0x0000DBEC:	PUSH	{R3, LR} ; malloc	;(SP=0x100FFFE8 R3=0x00000000 LR=0xCBC8F91F )
(             libc.so[0xCBC2B000])[03 4B       ]0x0000DBEE:	LDR	R3, [PC, #0XC]	;(PC=0xCBC38BEE )
(             libc.so[0xCBC2B000])[7B 44       ]0x0000DBF0:	ADD	R3, PC	;(R3=0x0003C40C PC=0xCBC38BF0 )
(             libc.so[0xCBC2B000])[19 68       ]0x0000DBF2:	LDR	R1, [R3]	;(R3=0xCBC75000 )
(             libc.so[0xCBC2B000])[0A 68       ]0x0000DBF4:	LDR	R2, [R1]	;(R1=0xCBC74E00 )
(             libc.so[0xCBC2B000])[90 47       ]0x0000DBF6:	BLX	R2	;(PC=0xCBC38BF6 R2=0xCBC3ADCD )
(             libc.so[0xCBC2B000])[DF F8 A4 3B ]0x0000FDCC:	LDR.W	R3, [PC, #0XBA4] ; dlmalloc	;(PC=0xCBC3ADCC )
(             libc.so[0xCBC2B000])[2D E9 F7 4F ]0x0000FDD0:	PUSH.W	{R0, R1, R2, R4, R5, R6, R7, R8, SB, SL, FP, LR}	;(SP=0x100FFFE0 R0=0x00000014 R1=0xCBC74E00 R2=0xCBC3ADCD R4=0x00000000 R5=0x300000F8 R6=0x00000000 R7=0x100FFFF8 R8=0x00000000 SB=0x00000000 SL=0x00000000 FP=0x00000000 LR=0xCBC38BF9 )
(             libc.so[0xCBC2B000])[7B 44       ]0x0000FDD4:	ADD	R3, PC	;(R3=0x0003E588 PC=0xCBC3ADD4 )
(             libc.so[0xCBC2B000])[04 46       ]0x0000FDD6:	MOV	R4, R0	;(R0=0x00000014 )
(             libc.so[0xCBC2B000])[18 68       ]0x0000FDD8:	LDR	R0, [R3]	;(R3=0xCBC79360 )
(             libc.so[0xCBC2B000])[08 B9       ]0x0000FDDA:	CBNZ	R0, #0XCBC3ADE0	;(R0=0x0B13C7D8 )
(             libc.so[0xCBC2B000])[DF F8 94 1B ]0x0000FDE0:	LDR.W	R1, [PC, #0XB94]	;(PC=0xCBC3ADE0 )
(             libc.so[0xCBC2B000])[79 44       ]0x0000FDE4:	ADD	R1, PC	;(R1=0x0003E398 PC=0xCBC3ADE4 )
(             libc.so[0xCBC2B000])[D1 F8 BC 21 ]0x0000FDE6:	LDR.W	R2, [R1, #0X1BC]	;(R1=0xCBC79180 )
(             libc.so[0xCBC2B000])[93 07       ]0x0000FDEA:	LSLS	R3, R2, #0X1E	;(R2=0x00000007 )
(             libc.so[0xCBC2B000])[02 D4       ]0x0000FDEC:	BMI	#0XCBC3ADF4
(             libc.so[0xCBC2B000])[01 F5 E0 70 ]0x0000FDF4:	ADD.W	R0, R1, #0X1C0	;(R1=0xCBC79180 )
(             libc.so[0xCBC2B000])[00 26       ]0x0000FDF8:	MOVS	R6, #0
(             libc.so[0xCBC2B000])[FE F7 F0 EC ]0x0000FDFA:	BLX	#0XCBC397DC	;(PC=0xCBC3ADFA )
(             libc.so[0xCBC2B000])[90 FF FF EA ]0x0000E7DC:	B	#0XCBC39624 ; pthread_mutex_lock	;(PC=0xCBC397DC )
(             libc.so[0xCBC2B000])[F0 41 2D E9 ]0x0000E624:	PUSH	{R4, R5, R6, R7, R8, LR}	;(SP=0x100FFFB0 R4=0x00000014 R5=0x300000F8 R6=0x00000000 R7=0x100FFFF8 R8=0x00000000 LR=0xCBC3ADFF )
(             libc.so[0xCBC2B000])[00 40 50 E2 ]0x0000E628:	SUBS	R4, R0, #0	;(R0=0xCBC79340 )
(             libc.so[0xCBC2B000])[1B 00 00 0A ]0x0000E62C:	BEQ	#0XCBC396A0	;(PC=0xCBC3962C )
(             libc.so[0xCBC2B000])[00 50 94 E5 ]0x0000E630:	LDR	R5, [R4]	;(R4=0xCBC79340 )
(             libc.so[0xCBC2B000])[03 79 15 E2 ]0x0000E634:	ANDS	R7, R5, #0XC000	;(R5=0x00000000 )
(             libc.so[0xCBC2B000])[02 6A 05 E2 ]0x0000E638:	AND	R6, R5, #0X2000	;(R5=0x00000000 )
(             libc.so[0xCBC2B000])[19 00 00 1A ]0x0000E63C:	BNE	#0XCBC396A8	;(PC=0xCBC3963C )
(             libc.so[0xCBC2B000])[01 00 86 E3 ]0x0000E640:	ORR	R0, R6, #1	;(R6=0x00000000 )
(             libc.so[0xCBC2B000])[9F 3F 94 E1 ]0x0000E644:	LDREX	R3, [R4]	;(R4=0xCBC79340 )
(             libc.so[0xCBC2B000])[00 10 A0 E3 ]0x0000E648:	MOV	R1, #0
(             libc.so[0xCBC2B000])[06 00 33 E1 ]0x0000E64C:	TEQ	R3, R6	;(R3=0x00000000 R6=0x00000000 )
(             libc.so[0xCBC2B000])[90 1F 84 01 ]0x0000E650:	STREXEQ	R1, R0, [R4]	;(R0=0x00000001 R4=0xCBC79340 )
(             libc.so[0xCBC2B000])[00 00 51 E3 ]0x0000E654:	CMP	R1, #0	;(R1=0x00000000 )
(             libc.so[0xCBC2B000])[F9 FF FF 1A ]0x0000E658:	BNE	#0XCBC39644	;(PC=0xCBC39658 )
(             libc.so[0xCBC2B000])[03 00 56 E1 ]0x0000E65C:	CMP	R6, R3	;(R6=0x00000000 R3=0x00000000 )
(             libc.so[0xCBC2B000])[02 50 86 13 ]0x0000E660:	ORRNE	R5, R6, #2	;(R6=0x00000000 )
(             libc.so[0xCBC2B000])[01 00 00 1A ]0x0000E664:	BNE	#0XCBC39670	;(PC=0xCBC39664 )
(             libc.so[0xCBC2B000])[09 00 00 EA ]0x0000E668:	B	#0XCBC39694	;(PC=0xCBC39668 )
(             libc.so[0xCBC2B000])[5F F0 7F F5 ]0x0000E694:	DMB	SY
(             libc.so[0xCBC2B000])[00 00 A0 E3 ]0x0000E698:	MOV	R0, #0
(             libc.so[0xCBC2B000])[F0 81 BD E8 ]0x0000E69C:	POP	{R4, R5, R6, R7, R8, PC}	;(SP=0x100FFF98 )
(             libc.so[0xCBC2B000])[00 28       ]0x0000FDFE:	CMP	R0, #0	;(R0=0x00000000 )
(             libc.so[0xCBC2B000])[41 F0 6F 80 ]0x0000FE00:	BNE.W	#0XCBC3BEE2
(             libc.so[0xCBC2B000])[F3 E7       ]0x0000FE04:	B	#0XCBC3ADEE
(             libc.so[0xCBC2B000])[F4 2C       ]0x0000FDEE:	CMP	R4, #0XF4	;(R4=0x00000014 )
(             libc.so[0xCBC2B000])[09 D9       ]0x0000FDF0:	BLS	#0XCBC3AE06
(             libc.so[0xCBC2B000])[0A 2C       ]0x0000FE06:	CMP	R4, #0XA	;(R4=0x00000014 )
(             libc.so[0xCBC2B000])[03 D9       ]0x0000FE08:	BLS	#0XCBC3AE12
(             libc.so[0xCBC2B000])[0B 34       ]0x0000FE0A:	ADDS	R4, #0XB	;(R4=0x00000014 )
(             libc.so[0xCBC2B000])[24 F0 07 04 ]0x0000FE0C:	BIC	R4, R4, #7	;(R4=0x0000001F )
(             libc.so[0xCBC2B000])[00 E0       ]0x0000FE10:	B	#0XCBC3AE14
(             libc.so[0xCBC2B000])[DF F8 68 3B ]0x0000FE14:	LDR.W	R3, [PC, #0XB68]	;(PC=0xCBC3AE14 )
(             libc.so[0xCBC2B000])[E2 08       ]0x0000FE18:	LSRS	R2, R4, #3	;(R4=0x00000018 )
(             libc.so[0xCBC2B000])[7B 44       ]0x0000FE1A:	ADD	R3, PC	;(R3=0x0003E362 PC=0xCBC3AE1A )
(             libc.so[0xCBC2B000])[18 68       ]0x0000FE1C:	LDR	R0, [R3]	;(R3=0xCBC79180 )
(             libc.so[0xCBC2B000])[20 FA 02 F1 ]0x0000FE1E:	LSR.W	R1, R0, R2	;(R0=0x00000000 R2=0x00000003 )
(             libc.so[0xCBC2B000])[01 90       ]0x0000FE22:	STR	R0, [SP, #4]	;(R0=0x00000000 SP=0x100FFFB0 )
(             libc.so[0xCBC2B000])[8E 07       ]0x0000FE24:	LSLS	R6, R1, #0X1E	;(R1=0x00000000 )
(             libc.so[0xCBC2B000])[21 D0       ]0x0000FE26:	BEQ	#0XCBC3AE6C
(             libc.so[0xCBC2B000])[9D 68       ]0x0000FE6C:	LDR	R5, [R3, #8]	;(R3=0xCBC79180 )
(             libc.so[0xCBC2B000])[AC 42       ]0x0000FE6E:	CMP	R4, R5	;(R4=0x00000018 R5=0x00000000 )
(             libc.so[0xCBC2B000])[40 F2 3F 83 ]0x0000FE70:	BLS.W	#0XCBC3B4F2
(             libc.so[0xCBC2B000])[00 29       ]0x0000FE74:	CMP	R1, #0	;(R1=0x00000000 )
(             libc.so[0xCBC2B000])[74 D0       ]0x0000FE76:	BEQ	#0XCBC3AF62
(             libc.so[0xCBC2B000])[D3 F8 04 80 ]0x0000FF62:	LDR.W	R8, [R3, #4]	;(R3=0xCBC79180 )
(             libc.so[0xCBC2B000])[B8 F1 00 0F ]0x0000FF66:	CMP.W	R8, #0	;(R8=0x00000000 )
(             libc.so[0xCBC2B000])[00 F0 C2 82 ]0x0000FF6A:	BEQ.W	#0XCBC3B4F2
(             libc.so[0xCBC2B000])[DF F8 E0 34 ]0x000104F2:	LDR.W	R3, [PC, #0X4E0]	;(PC=0xCBC3B4F2 )
(             libc.so[0xCBC2B000])[7B 44       ]0x000104F6:	ADD	R3, PC	;(R3=0x0003DC86 PC=0xCBC3B4F6 )
(             libc.so[0xCBC2B000])[98 68       ]0x000104F8:	LDR	R0, [R3, #8]	;(R3=0xCBC79180 )
(             libc.so[0xCBC2B000])[84 42       ]0x000104FA:	CMP	R4, R0	;(R4=0x00000018 R0=0x00000000 )
(             libc.so[0xCBC2B000])[19 D8       ]0x000104FC:	BHI	#0XCBC3B532
(             libc.so[0xCBC2B000])[DE 68       ]0x00010532:	LDR	R6, [R3, #0XC]	;(R3=0xCBC79180 )
(             libc.so[0xCBC2B000])[B4 42       ]0x00010534:	CMP	R4, R6	;(R4=0x00000018 R6=0x00000ED0 )
(             libc.so[0xCBC2B000])[01 D2       ]0x00010536:	BHS	#0XCBC3B53C
(             libc.so[0xCBC2B000])[00 F0 7B BC ]0x00010538:	B.W	#0XCBC3BE32
(             libc.so[0xCBC2B000])[30 1B       ]0x00010E32:	SUBS	R0, R6, R4	;(R6=0x00000ED0 R4=0x00000018 )
(             libc.so[0xCBC2B000])[9E 69       ]0x00010E34:	LDR	R6, [R3, #0X18]	;(R3=0xCBC79180 )
(             libc.so[0xCBC2B000])[D8 60       ]0x00010E36:	STR	R0, [R3, #0XC]	;(R0=0x00000EB8 R3=0xCBC79180 )
(             libc.so[0xCBC2B000])[32 19       ]0x00010E38:	ADDS	R2, R6, R4	;(R6=0x30000108 R4=0x00000018 )
(             libc.so[0xCBC2B000])[9A 61       ]0x00010E3A:	STR	R2, [R3, #0X18]	;(R2=0x30000120 R3=0xCBC79180 )
(             libc.so[0xCBC2B000])[40 F0 01 03 ]0x00010E3C:	ORR	R3, R0, #1	;(R0=0x00000EB8 )
(             libc.so[0xCBC2B000])[53 60       ]0x00010E40:	STR	R3, [R2, #4]	;(R3=0x00000EB9 R2=0x30000120 )
(             libc.so[0xCBC2B000])[44 F0 03 04 ]0x00010E42:	ORR	R4, R4, #3	;(R4=0x00000018 )
(             libc.so[0xCBC2B000])[74 60       ]0x00010E46:	STR	R4, [R6, #4]	;(R4=0x0000001B R6=0x30000108 )
(             libc.so[0xCBC2B000])[08 36       ]0x00010E48:	ADDS	R6, #8	;(R6=0x30000108 )
(             libc.so[0xCBC2B000])[04 E0       ]0x00010E4A:	B	#0XCBC3BE56
(             libc.so[0xCBC2B000])[35 49       ]0x00010E56:	LDR	R1, [PC, #0XD4]	;(PC=0xCBC3BE56 )
(             libc.so[0xCBC2B000])[79 44       ]0x00010E58:	ADD	R1, PC	;(R1=0x0003D324 PC=0xCBC3BE58 )
(             libc.so[0xCBC2B000])[D1 F8 BC 21 ]0x00010E5A:	LDR.W	R2, [R1, #0X1BC]	;(R1=0xCBC79180 )
(             libc.so[0xCBC2B000])[93 07       ]0x00010E5E:	LSLS	R3, R2, #0X1E	;(R2=0x00000007 )
(             libc.so[0xCBC2B000])[3F D5       ]0x00010E60:	BPL	#0XCBC3BEE2
(             libc.so[0xCBC2B000])[01 F5 E0 70 ]0x00010E62:	ADD.W	R0, R1, #0X1C0	;(R1=0xCBC79180 )
(             libc.so[0xCBC2B000])[FD F7 3C ED ]0x00010E66:	BLX	#0XCBC398E0	;(PC=0xCBC3BE66 )
(             libc.so[0xCBC2B000])[BE FF FF EA ]0x0000E8E0:	B	#0XCBC397E0 ; pthread_mutex_unlock	;(PC=0xCBC398E0 )
(             libc.so[0xCBC2B000])[70 40 2D E9 ]0x0000E7E0:	PUSH	{R4, R5, R6, LR}	;(SP=0x100FFFB0 R4=0x0000001B R5=0x00000000 R6=0x30000110 LR=0xCBC3BE6B )
(             libc.so[0xCBC2B000])[00 40 50 E2 ]0x0000E7E4:	SUBS	R4, R0, #0	;(R0=0xCBC79340 )
(             libc.so[0xCBC2B000])[08 D0 4D E2 ]0x0000E7E8:	SUB	SP, SP, #8	;(SP=0x100FFFA0 )
(             libc.so[0xCBC2B000])[2B 00 00 0A ]0x0000E7EC:	BEQ	#0XCBC398A0	;(PC=0xCBC397EC )
(             libc.so[0xCBC2B000])[00 50 94 E5 ]0x0000E7F0:	LDR	R5, [R4]	;(R4=0xCBC79340 )
(             libc.so[0xCBC2B000])[03 69 15 E2 ]0x0000E7F4:	ANDS	R6, R5, #0XC000	;(R5=0x00000001 )
(             libc.so[0xCBC2B000])[02 1A 05 E2 ]0x0000E7F8:	AND	R1, R5, #0X2000	;(R5=0x00000001 )
(             libc.so[0xCBC2B000])[11 00 00 1A ]0x0000E7FC:	BNE	#0XCBC39848	;(PC=0xCBC397FC )
(             libc.so[0xCBC2B000])[5F F0 7F F5 ]0x0000E800:	DMB	SY
(             libc.so[0xCBC2B000])[9F 2F 94 E1 ]0x0000E804:	LDREX	R2, [R4]	;(R4=0xCBC79340 )
(             libc.so[0xCBC2B000])[01 30 42 E2 ]0x0000E808:	SUB	R3, R2, #1	;(R2=0x00000001 )
(             libc.so[0xCBC2B000])[93 5F 84 E1 ]0x0000E80C:	STREX	R5, R3, [R4]	;(R3=0x00000000 R4=0xCBC79340 )
(             libc.so[0xCBC2B000])[00 00 55 E3 ]0x0000E810:	CMP	R5, #0	;(R5=0x00000000 )
(             libc.so[0xCBC2B000])[FA FF FF 1A ]0x0000E814:	BNE	#0XCBC39804	;(PC=0xCBC39814 )
(             libc.so[0xCBC2B000])[01 C0 81 E3 ]0x0000E818:	ORR	IP, R1, #1	;(R1=0x00000000 )
(             libc.so[0xCBC2B000])[0C 00 52 E1 ]0x0000E81C:	CMP	R2, IP	;(R2=0x00000001 IP=0x00000001 )
(             libc.so[0xCBC2B000])[06 00 00 0A ]0x0000E820:	BEQ	#0XCBC39840	;(PC=0xCBC39820 )
(             libc.so[0xCBC2B000])[00 00 A0 E3 ]0x0000E840:	MOV	R0, #0
(             libc.so[0xCBC2B000])[FB FF FF EA ]0x0000E844:	B	#0XCBC39838	;(PC=0xCBC39844 )
(             libc.so[0xCBC2B000])[08 D0 8D E2 ]0x0000E838:	ADD	SP, SP, #8	;(SP=0x100FFF98 )
(             libc.so[0xCBC2B000])[70 80 BD E8 ]0x0000E83C:	POP	{R4, R5, R6, PC}	;(SP=0x100FFFA0 )
(             libc.so[0xCBC2B000])[3A E0       ]0x00010E6A:	B	#0XCBC3BEE2
(             libc.so[0xCBC2B000])[30 46       ]0x00010EE2:	MOV	R0, R6	;(R6=0x30000110 )
(             libc.so[0xCBC2B000])[BD E8 FE 8F ]0x00010EE4:	POP.W	{R1, R2, R3, R4, R5, R6, R7, R8, SB, SL, FP, PC}	;(SP=0x100FFFB0 )
(             libc.so[0xCBC2B000])[08 BD       ]0x0000DBF8:	POP	{R3, PC}	;(SP=0x100FFFE0 )
(        libstdc++.so[0xCBC8F000])[08 B9       ]0x0000091E:	CBNZ	R0, #0XCBC8F924	;(R0=0x30000110 )
(        libstdc++.so[0xCBC8F000])[08 BD       ]0x00000924:	POP	{R3, PC}	;(SP=0x100FFFE8 )
(  libmakeurl2.4.9.so[0xCBBCB000])[05 46       ]0x000016D2:	MOV	R5, R0	;(R0=0x30000110 )
(  libmakeurl2.4.9.so[0xCBBCB000])[1B F0 C0 F9 ]0x000016D4:	BL	#0XCBBE7A58	;(PC=0xCBBCC6D4 )
(  libmakeurl2.4.9.so[0xCBBCB000])[07 49       ]0x0001CA58:	LDR	R1, [PC, #0X1C]	;(PC=0xCBBE7A58 )
(  libmakeurl2.4.9.so[0xCBBCB000])[02 46       ]0x0001CA5A:	MOV	R2, R0	;(R0=0x30000110 )
(  libmakeurl2.4.9.so[0xCBBCB000])[79 44       ]0x0001CA5C:	ADD	R1, PC	;(R1=0x000282D8 PC=0xCBBE7A5C )
(  libmakeurl2.4.9.so[0xCBBCB000])[08 31       ]0x0001CA5E:	ADDS	R1, #8	;(R1=0xCBC0FD38 )
(  libmakeurl2.4.9.so[0xCBBCB000])[01 60       ]0x0001CA60:	STR	R1, [R0]	;(R1=0xCBC0FD40 R0=0x30000110 )
(  libmakeurl2.4.9.so[0xCBBCB000])[00 21       ]0x0001CA62:	MOVS	R1, #0
(  libmakeurl2.4.9.so[0xCBBCB000])[42 F8 08 1F ]0x0001CA64:	STR	R1, [R2, #8]!	;(R1=0x00000000 R2=0x30000110 )
(  libmakeurl2.4.9.so[0xCBBCB000])[C1 60       ]0x0001CA68:	STR	R1, [R0, #0XC]	;(R1=0x00000000 R0=0x30000110 )
(  libmakeurl2.4.9.so[0xCBBCB000])[45 F2 78 61 ]0x0001CA6A:	MOVW	R1, #0X5678
(  libmakeurl2.4.9.so[0xCBBCB000])[C1 F2 34 21 ]0x0001CA6E:	MOVT	R1, #0X1234	;(R1=0x00005678 )
(  libmakeurl2.4.9.so[0xCBBCB000])[42 60       ]0x0001CA72:	STR	R2, [R0, #4]	;(R2=0x30000118 R0=0x30000110 )
(  libmakeurl2.4.9.so[0xCBBCB000])[01 61       ]0x0001CA74:	STR	R1, [R0, #0X10]	;(R1=0x12345678 R0=0x30000110 )
(  libmakeurl2.4.9.so[0xCBBCB000])[70 47       ]0x0001CA76:	BX	LR	;(LR=0xCBBCC6D9 )
(  libmakeurl2.4.9.so[0xCBBCB000])[DF F8 60 03 ]0x000016D8:	LDR.W	R0, [PC, #0X360]	;(PC=0xCBBCC6D8 )
(  libmakeurl2.4.9.so[0xCBBCB000])[78 44       ]0x000016DC:	ADD	R0, PC	;(R0=0x00043AF4 PC=0xCBBCC6DC )
(  libmakeurl2.4.9.so[0xCBBCB000])[05 60       ]0x000016DE:	STR	R5, [R0]	;(R5=0x30000110 R0=0xCBC101D4 )
(  libmakeurl2.4.9.so[0xCBBCB000])[14 20       ]0x000016E0:	MOVS	R0, #0X14
(  libmakeurl2.4.9.so[0xCBBCB000])[FF F7 CC EE ]0x000016E2:	BLX	#0XCBBCC47C	;(PC=0xCBBCC6E2 )
(  libmakeurl2.4.9.so[0xCBBCB000])[00 C6 8F E2 ]0x0000147C:	ADD	IP, PC, #0, #12	;(PC=0xCBBCC47C )
(  libmakeurl2.4.9.so[0xCBBCB000])[43 CA 8C E2 ]0x00001480:	ADD	IP, IP, #0X43000	;(IP=0xCBBCC484 )
(  libmakeurl2.4.9.so[0xCBBCB000])[00 FB BC E5 ]0x00001484:	LDR	PC, [IP, #0XB00]!	;(IP=0xCBC0F484 )
(        libstdc++.so[0xCBC8F000])[08 B5       ]0x00000918:	PUSH	{R3, LR} ; _Znaj	;(SP=0x100FFFF0 R3=0x00000000 LR=0xCBBCC6E7 )
(        libstdc++.so[0xCBC8F000])[FF F7 6E EF ]0x0000091A:	BLX	#0XCBC8F7F8	;(PC=0xCBC8F91A )
(        libstdc++.so[0xCBC8F000])[00 C6 8F E2 ]0x000007F8:	ADD	IP, PC, #0, #12	;(PC=0xCBC8F7F8 )
(        libstdc++.so[0xCBC8F000])[01 CA 8C E2 ]0x000007FC:	ADD	IP, IP, #0X1000	;(IP=0xCBC8F800 )
(        libstdc++.so[0xCBC8F000])[F0 F7 BC E5 ]0x00000800:	LDR	PC, [IP, #0X7F0]!	;(IP=0xCBC90800 )
(             libc.so[0xCBC2B000])[08 B5       ]0x0000DBEC:	PUSH	{R3, LR} ; malloc	;(SP=0x100FFFE8 R3=0x00000000 LR=0xCBC8F91F )
(             libc.so[0xCBC2B000])[03 4B       ]0x0000DBEE:	LDR	R3, [PC, #0XC]	;(PC=0xCBC38BEE )
(             libc.so[0xCBC2B000])[7B 44       ]0x0000DBF0:	ADD	R3, PC	;(R3=0x0003C40C PC=0xCBC38BF0 )
(             libc.so[0xCBC2B000])[19 68       ]0x0000DBF2:	LDR	R1, [R3]	;(R3=0xCBC75000 )
(             libc.so[0xCBC2B000])[0A 68       ]0x0000DBF4:	LDR	R2, [R1]	;(R1=0xCBC74E00 )
(             libc.so[0xCBC2B000])[90 47       ]0x0000DBF6:	BLX	R2	;(PC=0xCBC38BF6 R2=0xCBC3ADCD )
(             libc.so[0xCBC2B000])[DF F8 A4 3B ]0x0000FDCC:	LDR.W	R3, [PC, #0XBA4] ; dlmalloc	;(PC=0xCBC3ADCC )
(             libc.so[0xCBC2B000])[2D E9 F7 4F ]0x0000FDD0:	PUSH.W	{R0, R1, R2, R4, R5, R6, R7, R8, SB, SL, FP, LR}	;(SP=0x100FFFE0 R0=0x00000014 R1=0xCBC74E00 R2=0xCBC3ADCD R4=0x00000000 R5=0x30000110 R6=0x00000000 R7=0x100FFFF8 R8=0x00000000 SB=0x00000000 SL=0x00000000 FP=0x00000000 LR=0xCBC38BF9 )
(             libc.so[0xCBC2B000])[7B 44       ]0x0000FDD4:	ADD	R3, PC	;(R3=0x0003E588 PC=0xCBC3ADD4 )
(             libc.so[0xCBC2B000])[04 46       ]0x0000FDD6:	MOV	R4, R0	;(R0=0x00000014 )
(             libc.so[0xCBC2B000])[18 68       ]0x0000FDD8:	LDR	R0, [R3]	;(R3=0xCBC79360 )
(             libc.so[0xCBC2B000])[08 B9       ]0x0000FDDA:	CBNZ	R0, #0XCBC3ADE0	;(R0=0x0B13C7D8 )
(             libc.so[0xCBC2B000])[DF F8 94 1B ]0x0000FDE0:	LDR.W	R1, [PC, #0XB94]	;(PC=0xCBC3ADE0 )
(             libc.so[0xCBC2B000])[79 44       ]0x0000FDE4:	ADD	R1, PC	;(R1=0x0003E398 PC=0xCBC3ADE4 )
(             libc.so[0xCBC2B000])[D1 F8 BC 21 ]0x0000FDE6:	LDR.W	R2, [R1, #0X1BC]	;(R1=0xCBC79180 )
(             libc.so[0xCBC2B000])[93 07       ]0x0000FDEA:	LSLS	R3, R2, #0X1E	;(R2=0x00000007 )
(             libc.so[0xCBC2B000])[02 D4       ]0x0000FDEC:	BMI	#0XCBC3ADF4
(             libc.so[0xCBC2B000])[01 F5 E0 70 ]0x0000FDF4:	ADD.W	R0, R1, #0X1C0	;(R1=0xCBC79180 )
(             libc.so[0xCBC2B000])[00 26       ]0x0000FDF8:	MOVS	R6, #0
(             libc.so[0xCBC2B000])[FE F7 F0 EC ]0x0000FDFA:	BLX	#0XCBC397DC	;(PC=0xCBC3ADFA )
(             libc.so[0xCBC2B000])[90 FF FF EA ]0x0000E7DC:	B	#0XCBC39624 ; pthread_mutex_lock	;(PC=0xCBC397DC )
(             libc.so[0xCBC2B000])[F0 41 2D E9 ]0x0000E624:	PUSH	{R4, R5, R6, R7, R8, LR}	;(SP=0x100FFFB0 R4=0x00000014 R5=0x30000110 R6=0x00000000 R7=0x100FFFF8 R8=0x00000000 LR=0xCBC3ADFF )
(             libc.so[0xCBC2B000])[00 40 50 E2 ]0x0000E628:	SUBS	R4, R0, #0	;(R0=0xCBC79340 )
(             libc.so[0xCBC2B000])[1B 00 00 0A ]0x0000E62C:	BEQ	#0XCBC396A0	;(PC=0xCBC3962C )
(             libc.so[0xCBC2B000])[00 50 94 E5 ]0x0000E630:	LDR	R5, [R4]	;(R4=0xCBC79340 )
(             libc.so[0xCBC2B000])[03 79 15 E2 ]0x0000E634:	ANDS	R7, R5, #0XC000	;(R5=0x00000000 )
(             libc.so[0xCBC2B000])[02 6A 05 E2 ]0x0000E638:	AND	R6, R5, #0X2000	;(R5=0x00000000 )
(             libc.so[0xCBC2B000])[19 00 00 1A ]0x0000E63C:	BNE	#0XCBC396A8	;(PC=0xCBC3963C )
(             libc.so[0xCBC2B000])[01 00 86 E3 ]0x0000E640:	ORR	R0, R6, #1	;(R6=0x00000000 )
(             libc.so[0xCBC2B000])[9F 3F 94 E1 ]0x0000E644:	LDREX	R3, [R4]	;(R4=0xCBC79340 )
(             libc.so[0xCBC2B000])[00 10 A0 E3 ]0x0000E648:	MOV	R1, #0
(             libc.so[0xCBC2B000])[06 00 33 E1 ]0x0000E64C:	TEQ	R3, R6	;(R3=0x00000000 R6=0x00000000 )
(             libc.so[0xCBC2B000])[90 1F 84 01 ]0x0000E650:	STREXEQ	R1, R0, [R4]	;(R0=0x00000001 R4=0xCBC79340 )
(             libc.so[0xCBC2B000])[00 00 51 E3 ]0x0000E654:	CMP	R1, #0	;(R1=0x00000000 )
(             libc.so[0xCBC2B000])[F9 FF FF 1A ]0x0000E658:	BNE	#0XCBC39644	;(PC=0xCBC39658 )
(             libc.so[0xCBC2B000])[03 00 56 E1 ]0x0000E65C:	CMP	R6, R3	;(R6=0x00000000 R3=0x00000000 )
(             libc.so[0xCBC2B000])[02 50 86 13 ]0x0000E660:	ORRNE	R5, R6, #2	;(R6=0x00000000 )
(             libc.so[0xCBC2B000])[01 00 00 1A ]0x0000E664:	BNE	#0XCBC39670	;(PC=0xCBC39664 )
(             libc.so[0xCBC2B000])[09 00 00 EA ]0x0000E668:	B	#0XCBC39694	;(PC=0xCBC39668 )
(             libc.so[0xCBC2B000])[5F F0 7F F5 ]0x0000E694:	DMB	SY
(             libc.so[0xCBC2B000])[00 00 A0 E3 ]0x0000E698:	MOV	R0, #0
(             libc.so[0xCBC2B000])[F0 81 BD E8 ]0x0000E69C:	POP	{R4, R5, R6, R7, R8, PC}	;(SP=0x100FFF98 )
(             libc.so[0xCBC2B000])[00 28       ]0x0000FDFE:	CMP	R0, #0	;(R0=0x00000000 )
(             libc.so[0xCBC2B000])[41 F0 6F 80 ]0x0000FE00:	BNE.W	#0XCBC3BEE2
(             libc.so[0xCBC2B000])[F3 E7       ]0x0000FE04:	B	#0XCBC3ADEE
(             libc.so[0xCBC2B000])[F4 2C       ]0x0000FDEE:	CMP	R4, #0XF4	;(R4=0x00000014 )
(             libc.so[0xCBC2B000])[09 D9       ]0x0000FDF0:	BLS	#0XCBC3AE06
(             libc.so[0xCBC2B000])[0A 2C       ]0x0000FE06:	CMP	R4, #0XA	;(R4=0x00000014 )
(             libc.so[0xCBC2B000])[03 D9       ]0x0000FE08:	BLS	#0XCBC3AE12
(             libc.so[0xCBC2B000])[0B 34       ]0x0000FE0A:	ADDS	R4, #0XB	;(R4=0x00000014 )
(             libc.so[0xCBC2B000])[24 F0 07 04 ]0x0000FE0C:	BIC	R4, R4, #7	;(R4=0x0000001F )
(             libc.so[0xCBC2B000])[00 E0       ]0x0000FE10:	B	#0XCBC3AE14
(             libc.so[0xCBC2B000])[DF F8 68 3B ]0x0000FE14:	LDR.W	R3, [PC, #0XB68]	;(PC=0xCBC3AE14 )
(             libc.so[0xCBC2B000])[E2 08       ]0x0000FE18:	LSRS	R2, R4, #3	;(R4=0x00000018 )
(             libc.so[0xCBC2B000])[7B 44       ]0x0000FE1A:	ADD	R3, PC	;(R3=0x0003E362 PC=0xCBC3AE1A )
(             libc.so[0xCBC2B000])[18 68       ]0x0000FE1C:	LDR	R0, [R3]	;(R3=0xCBC79180 )
(             libc.so[0xCBC2B000])[20 FA 02 F1 ]0x0000FE1E:	LSR.W	R1, R0, R2	;(R0=0x00000000 R2=0x00000003 )
(             libc.so[0xCBC2B000])[01 90       ]0x0000FE22:	STR	R0, [SP, #4]	;(R0=0x00000000 SP=0x100FFFB0 )
(             libc.so[0xCBC2B000])[8E 07       ]0x0000FE24:	LSLS	R6, R1, #0X1E	;(R1=0x00000000 )
(             libc.so[0xCBC2B000])[21 D0       ]0x0000FE26:	BEQ	#0XCBC3AE6C
(             libc.so[0xCBC2B000])[9D 68       ]0x0000FE6C:	LDR	R5, [R3, #8]	;(R3=0xCBC79180 )
(             libc.so[0xCBC2B000])[AC 42       ]0x0000FE6E:	CMP	R4, R5	;(R4=0x00000018 R5=0x00000000 )
(             libc.so[0xCBC2B000])[40 F2 3F 83 ]0x0000FE70:	BLS.W	#0XCBC3B4F2
(             libc.so[0xCBC2B000])[00 29       ]0x0000FE74:	CMP	R1, #0	;(R1=0x00000000 )
(             libc.so[0xCBC2B000])[74 D0       ]0x0000FE76:	BEQ	#0XCBC3AF62
(             libc.so[0xCBC2B000])[D3 F8 04 80 ]0x0000FF62:	LDR.W	R8, [R3, #4]	;(R3=0xCBC79180 )
(             libc.so[0xCBC2B000])[B8 F1 00 0F ]0x0000FF66:	CMP.W	R8, #0	;(R8=0x00000000 )
(             libc.so[0xCBC2B000])[00 F0 C2 82 ]0x0000FF6A:	BEQ.W	#0XCBC3B4F2
(             libc.so[0xCBC2B000])[DF F8 E0 34 ]0x000104F2:	LDR.W	R3, [PC, #0X4E0]	;(PC=0xCBC3B4F2 )
(             libc.so[0xCBC2B000])[7B 44       ]0x000104F6:	ADD	R3, PC	;(R3=0x0003DC86 PC=0xCBC3B4F6 )
(             libc.so[0xCBC2B000])[98 68       ]0x000104F8:	LDR	R0, [R3, #8]	;(R3=0xCBC79180 )
(             libc.so[0xCBC2B000])[84 42       ]0x000104FA:	CMP	R4, R0	;(R4=0x00000018 R0=0x00000000 )
(             libc.so[0xCBC2B000])[19 D8       ]0x000104FC:	BHI	#0XCBC3B532
(             libc.so[0xCBC2B000])[DE 68       ]0x00010532:	LDR	R6, [R3, #0XC]	;(R3=0xCBC79180 )
(             libc.so[0xCBC2B000])[B4 42       ]0x00010534:	CMP	R4, R6	;(R4=0x00000018 R6=0x00000EB8 )
(             libc.so[0xCBC2B000])[01 D2       ]0x00010536:	BHS	#0XCBC3B53C
(             libc.so[0xCBC2B000])[00 F0 7B BC ]0x00010538:	B.W	#0XCBC3BE32
(             libc.so[0xCBC2B000])[30 1B       ]0x00010E32:	SUBS	R0, R6, R4	;(R6=0x00000EB8 R4=0x00000018 )
(             libc.so[0xCBC2B000])[9E 69       ]0x00010E34:	LDR	R6, [R3, #0X18]	;(R3=0xCBC79180 )
(             libc.so[0xCBC2B000])[D8 60       ]0x00010E36:	STR	R0, [R3, #0XC]	;(R0=0x00000EA0 R3=0xCBC79180 )
(             libc.so[0xCBC2B000])[32 19       ]0x00010E38:	ADDS	R2, R6, R4	;(R6=0x30000120 R4=0x00000018 )
(             libc.so[0xCBC2B000])[9A 61       ]0x00010E3A:	STR	R2, [R3, #0X18]	;(R2=0x30000138 R3=0xCBC79180 )
(             libc.so[0xCBC2B000])[40 F0 01 03 ]0x00010E3C:	ORR	R3, R0, #1	;(R0=0x00000EA0 )
(             libc.so[0xCBC2B000])[53 60       ]0x00010E40:	STR	R3, [R2, #4]	;(R3=0x00000EA1 R2=0x30000138 )
(             libc.so[0xCBC2B000])[44 F0 03 04 ]0x00010E42:	ORR	R4, R4, #3	;(R4=0x00000018 )
(             libc.so[0xCBC2B000])[74 60       ]0x00010E46:	STR	R4, [R6, #4]	;(R4=0x0000001B R6=0x30000120 )
(             libc.so[0xCBC2B000])[08 36       ]0x00010E48:	ADDS	R6, #8	;(R6=0x30000120 )
(             libc.so[0xCBC2B000])[04 E0       ]0x00010E4A:	B	#0XCBC3BE56
(             libc.so[0xCBC2B000])[35 49       ]0x00010E56:	LDR	R1, [PC, #0XD4]	;(PC=0xCBC3BE56 )
(             libc.so[0xCBC2B000])[79 44       ]0x00010E58:	ADD	R1, PC	;(R1=0x0003D324 PC=0xCBC3BE58 )
(             libc.so[0xCBC2B000])[D1 F8 BC 21 ]0x00010E5A:	LDR.W	R2, [R1, #0X1BC]	;(R1=0xCBC79180 )
(             libc.so[0xCBC2B000])[93 07       ]0x00010E5E:	LSLS	R3, R2, #0X1E	;(R2=0x00000007 )
(             libc.so[0xCBC2B000])[3F D5       ]0x00010E60:	BPL	#0XCBC3BEE2
(             libc.so[0xCBC2B000])[01 F5 E0 70 ]0x00010E62:	ADD.W	R0, R1, #0X1C0	;(R1=0xCBC79180 )
(             libc.so[0xCBC2B000])[FD F7 3C ED ]0x00010E66:	BLX	#0XCBC398E0	;(PC=0xCBC3BE66 )
(             libc.so[0xCBC2B000])[BE FF FF EA ]0x0000E8E0:	B	#0XCBC397E0 ; pthread_mutex_unlock	;(PC=0xCBC398E0 )
(             libc.so[0xCBC2B000])[70 40 2D E9 ]0x0000E7E0:	PUSH	{R4, R5, R6, LR}	;(SP=0x100FFFB0 R4=0x0000001B R5=0x00000000 R6=0x30000128 LR=0xCBC3BE6B )
(             libc.so[0xCBC2B000])[00 40 50 E2 ]0x0000E7E4:	SUBS	R4, R0, #0	;(R0=0xCBC79340 )
(             libc.so[0xCBC2B000])[08 D0 4D E2 ]0x0000E7E8:	SUB	SP, SP, #8	;(SP=0x100FFFA0 )
(             libc.so[0xCBC2B000])[2B 00 00 0A ]0x0000E7EC:	BEQ	#0XCBC398A0	;(PC=0xCBC397EC )
(             libc.so[0xCBC2B000])[00 50 94 E5 ]0x0000E7F0:	LDR	R5, [R4]	;(R4=0xCBC79340 )
(             libc.so[0xCBC2B000])[03 69 15 E2 ]0x0000E7F4:	ANDS	R6, R5, #0XC000	;(R5=0x00000001 )
(             libc.so[0xCBC2B000])[02 1A 05 E2 ]0x0000E7F8:	AND	R1, R5, #0X2000	;(R5=0x00000001 )
(             libc.so[0xCBC2B000])[11 00 00 1A ]0x0000E7FC:	BNE	#0XCBC39848	;(PC=0xCBC397FC )
(             libc.so[0xCBC2B000])[5F F0 7F F5 ]0x0000E800:	DMB	SY
(             libc.so[0xCBC2B000])[9F 2F 94 E1 ]0x0000E804:	LDREX	R2, [R4]	;(R4=0xCBC79340 )
(             libc.so[0xCBC2B000])[01 30 42 E2 ]0x0000E808:	SUB	R3, R2, #1	;(R2=0x00000001 )
(             libc.so[0xCBC2B000])[93 5F 84 E1 ]0x0000E80C:	STREX	R5, R3, [R4]	;(R3=0x00000000 R4=0xCBC79340 )
(             libc.so[0xCBC2B000])[00 00 55 E3 ]0x0000E810:	CMP	R5, #0	;(R5=0x00000000 )
(             libc.so[0xCBC2B000])[FA FF FF 1A ]0x0000E814:	BNE	#0XCBC39804	;(PC=0xCBC39814 )
(             libc.so[0xCBC2B000])[01 C0 81 E3 ]0x0000E818:	ORR	IP, R1, #1	;(R1=0x00000000 )
(             libc.so[0xCBC2B000])[0C 00 52 E1 ]0x0000E81C:	CMP	R2, IP	;(R2=0x00000001 IP=0x00000001 )
(             libc.so[0xCBC2B000])[06 00 00 0A ]0x0000E820:	BEQ	#0XCBC39840	;(PC=0xCBC39820 )
(             libc.so[0xCBC2B000])[00 00 A0 E3 ]0x0000E840:	MOV	R0, #0
(             libc.so[0xCBC2B000])[FB FF FF EA ]0x0000E844:	B	#0XCBC39838	;(PC=0xCBC39844 )
(             libc.so[0xCBC2B000])[08 D0 8D E2 ]0x0000E838:	ADD	SP, SP, #8	;(SP=0x100FFF98 )
(             libc.so[0xCBC2B000])[70 80 BD E8 ]0x0000E83C:	POP	{R4, R5, R6, PC}	;(SP=0x100FFFA0 )
(             libc.so[0xCBC2B000])[3A E0       ]0x00010E6A:	B	#0XCBC3BEE2
(             libc.so[0xCBC2B000])[30 46       ]0x00010EE2:	MOV	R0, R6	;(R6=0x30000128 )
(             libc.so[0xCBC2B000])[BD E8 FE 8F ]0x00010EE4:	POP.W	{R1, R2, R3, R4, R5, R6, R7, R8, SB, SL, FP, PC}	;(SP=0x100FFFB0 )
(             libc.so[0xCBC2B000])[08 BD       ]0x0000DBF8:	POP	{R3, PC}	;(SP=0x100FFFE0 )
(        libstdc++.so[0xCBC8F000])[08 B9       ]0x0000091E:	CBNZ	R0, #0XCBC8F924	;(R0=0x30000128 )
(        libstdc++.so[0xCBC8F000])[08 BD       ]0x00000924:	POP	{R3, PC}	;(SP=0x100FFFE8 )
(  libmakeurl2.4.9.so[0xCBBCB000])[05 46       ]0x000016E6:	MOV	R5, R0	;(R0=0x30000128 )
(  libmakeurl2.4.9.so[0xCBBCB000])[1B F0 B6 F9 ]0x000016E8:	BL	#0XCBBE7A58	;(PC=0xCBBCC6E8 )
(  libmakeurl2.4.9.so[0xCBBCB000])[07 49       ]0x0001CA58:	LDR	R1, [PC, #0X1C]	;(PC=0xCBBE7A58 )
(  libmakeurl2.4.9.so[0xCBBCB000])[02 46       ]0x0001CA5A:	MOV	R2, R0	;(R0=0x30000128 )
(  libmakeurl2.4.9.so[0xCBBCB000])[79 44       ]0x0001CA5C:	ADD	R1, PC	;(R1=0x000282D8 PC=0xCBBE7A5C )
(  libmakeurl2.4.9.so[0xCBBCB000])[08 31       ]0x0001CA5E:	ADDS	R1, #8	;(R1=0xCBC0FD38 )
(  libmakeurl2.4.9.so[0xCBBCB000])[01 60       ]0x0001CA60:	STR	R1, [R0]	;(R1=0xCBC0FD40 R0=0x30000128 )
(  libmakeurl2.4.9.so[0xCBBCB000])[00 21       ]0x0001CA62:	MOVS	R1, #0
(  libmakeurl2.4.9.so[0xCBBCB000])[42 F8 08 1F ]0x0001CA64:	STR	R1, [R2, #8]!	;(R1=0x00000000 R2=0x30000128 )
(  libmakeurl2.4.9.so[0xCBBCB000])[C1 60       ]0x0001CA68:	STR	R1, [R0, #0XC]	;(R1=0x00000000 R0=0x30000128 )
(  libmakeurl2.4.9.so[0xCBBCB000])[45 F2 78 61 ]0x0001CA6A:	MOVW	R1, #0X5678
(  libmakeurl2.4.9.so[0xCBBCB000])[C1 F2 34 21 ]0x0001CA6E:	MOVT	R1, #0X1234	;(R1=0x00005678 )
(  libmakeurl2.4.9.so[0xCBBCB000])[42 60       ]0x0001CA72:	STR	R2, [R0, #4]	;(R2=0x30000130 R0=0x30000128 )
(  libmakeurl2.4.9.so[0xCBBCB000])[01 61       ]0x0001CA74:	STR	R1, [R0, #0X10]	;(R1=0x12345678 R0=0x30000128 )
(  libmakeurl2.4.9.so[0xCBBCB000])[70 47       ]0x0001CA76:	BX	LR	;(LR=0xCBBCC6ED )
(  libmakeurl2.4.9.so[0xCBBCB000])[DF F8 50 03 ]0x000016EC:	LDR.W	R0, [PC, #0X350]	;(PC=0xCBBCC6EC )
(  libmakeurl2.4.9.so[0xCBBCB000])[78 44       ]0x000016F0:	ADD	R0, PC	;(R0=0x00043AE4 PC=0xCBBCC6F0 )
(  libmakeurl2.4.9.so[0xCBBCB000])[05 60       ]0x000016F2:	STR	R5, [R0]	;(R5=0x30000128 R0=0xCBC101D8 )
(  libmakeurl2.4.9.so[0xCBBCB000])[14 20       ]0x000016F4:	MOVS	R0, #0X14
(  libmakeurl2.4.9.so[0xCBBCB000])[FF F7 C2 EE ]0x000016F6:	BLX	#0XCBBCC47C	;(PC=0xCBBCC6F6 )
(  libmakeurl2.4.9.so[0xCBBCB000])[00 C6 8F E2 ]0x0000147C:	ADD	IP, PC, #0, #12	;(PC=0xCBBCC47C )
(  libmakeurl2.4.9.so[0xCBBCB000])[43 CA 8C E2 ]0x00001480:	ADD	IP, IP, #0X43000	;(IP=0xCBBCC484 )
(  libmakeurl2.4.9.so[0xCBBCB000])[00 FB BC E5 ]0x00001484:	LDR	PC, [IP, #0XB00]!	;(IP=0xCBC0F484 )
(        libstdc++.so[0xCBC8F000])[08 B5       ]0x00000918:	PUSH	{R3, LR} ; _Znaj	;(SP=0x100FFFF0 R3=0x00000000 LR=0xCBBCC6FB )
(        libstdc++.so[0xCBC8F000])[FF F7 6E EF ]0x0000091A:	BLX	#0XCBC8F7F8	;(PC=0xCBC8F91A )
(        libstdc++.so[0xCBC8F000])[00 C6 8F E2 ]0x000007F8:	ADD	IP, PC, #0, #12	;(PC=0xCBC8F7F8 )
(        libstdc++.so[0xCBC8F000])[01 CA 8C E2 ]0x000007FC:	ADD	IP, IP, #0X1000	;(IP=0xCBC8F800 )
(        libstdc++.so[0xCBC8F000])[F0 F7 BC E5 ]0x00000800:	LDR	PC, [IP, #0X7F0]!	;(IP=0xCBC90800 )
(             libc.so[0xCBC2B000])[08 B5       ]0x0000DBEC:	PUSH	{R3, LR} ; malloc	;(SP=0x100FFFE8 R3=0x00000000 LR=0xCBC8F91F )
(             libc.so[0xCBC2B000])[03 4B       ]0x0000DBEE:	LDR	R3, [PC, #0XC]	;(PC=0xCBC38BEE )
(             libc.so[0xCBC2B000])[7B 44       ]0x0000DBF0:	ADD	R3, PC	;(R3=0x0003C40C PC=0xCBC38BF0 )
(             libc.so[0xCBC2B000])[19 68       ]0x0000DBF2:	LDR	R1, [R3]	;(R3=0xCBC75000 )
(             libc.so[0xCBC2B000])[0A 68       ]0x0000DBF4:	LDR	R2, [R1]	;(R1=0xCBC74E00 )
(             libc.so[0xCBC2B000])[90 47       ]0x0000DBF6:	BLX	R2	;(PC=0xCBC38BF6 R2=0xCBC3ADCD )
(             libc.so[0xCBC2B000])[DF F8 A4 3B ]0x0000FDCC:	LDR.W	R3, [PC, #0XBA4] ; dlmalloc	;(PC=0xCBC3ADCC )
(             libc.so[0xCBC2B000])[2D E9 F7 4F ]0x0000FDD0:	PUSH.W	{R0, R1, R2, R4, R5, R6, R7, R8, SB, SL, FP, LR}	;(SP=0x100FFFE0 R0=0x00000014 R1=0xCBC74E00 R2=0xCBC3ADCD R4=0x00000000 R5=0x30000128 R6=0x00000000 R7=0x100FFFF8 R8=0x00000000 SB=0x00000000 SL=0x00000000 FP=0x00000000 LR=0xCBC38BF9 )
(             libc.so[0xCBC2B000])[7B 44       ]0x0000FDD4:	ADD	R3, PC	;(R3=0x0003E588 PC=0xCBC3ADD4 )
(             libc.so[0xCBC2B000])[04 46       ]0x0000FDD6:	MOV	R4, R0	;(R0=0x00000014 )
(             libc.so[0xCBC2B000])[18 68       ]0x0000FDD8:	LDR	R0, [R3]	;(R3=0xCBC79360 )
(             libc.so[0xCBC2B000])[08 B9       ]0x0000FDDA:	CBNZ	R0, #0XCBC3ADE0	;(R0=0x0B13C7D8 )
(             libc.so[0xCBC2B000])[DF F8 94 1B ]0x0000FDE0:	LDR.W	R1, [PC, #0XB94]	;(PC=0xCBC3ADE0 )
(             libc.so[0xCBC2B000])[79 44       ]0x0000FDE4:	ADD	R1, PC	;(R1=0x0003E398 PC=0xCBC3ADE4 )
(             libc.so[0xCBC2B000])[D1 F8 BC 21 ]0x0000FDE6:	LDR.W	R2, [R1, #0X1BC]	;(R1=0xCBC79180 )
(             libc.so[0xCBC2B000])[93 07       ]0x0000FDEA:	LSLS	R3, R2, #0X1E	;(R2=0x00000007 )
(             libc.so[0xCBC2B000])[02 D4       ]0x0000FDEC:	BMI	#0XCBC3ADF4
(             libc.so[0xCBC2B000])[01 F5 E0 70 ]0x0000FDF4:	ADD.W	R0, R1, #0X1C0	;(R1=0xCBC79180 )
(             libc.so[0xCBC2B000])[00 26       ]0x0000FDF8:	MOVS	R6, #0
(             libc.so[0xCBC2B000])[FE F7 F0 EC ]0x0000FDFA:	BLX	#0XCBC397DC	;(PC=0xCBC3ADFA )
(             libc.so[0xCBC2B000])[90 FF FF EA ]0x0000E7DC:	B	#0XCBC39624 ; pthread_mutex_lock	;(PC=0xCBC397DC )
(             libc.so[0xCBC2B000])[F0 41 2D E9 ]0x0000E624:	PUSH	{R4, R5, R6, R7, R8, LR}	;(SP=0x100FFFB0 R4=0x00000014 R5=0x30000128 R6=0x00000000 R7=0x100FFFF8 R8=0x00000000 LR=0xCBC3ADFF )
(             libc.so[0xCBC2B000])[00 40 50 E2 ]0x0000E628:	SUBS	R4, R0, #0	;(R0=0xCBC79340 )
(             libc.so[0xCBC2B000])[1B 00 00 0A ]0x0000E62C:	BEQ	#0XCBC396A0	;(PC=0xCBC3962C )
(             libc.so[0xCBC2B000])[00 50 94 E5 ]0x0000E630:	LDR	R5, [R4]	;(R4=0xCBC79340 )
(             libc.so[0xCBC2B000])[03 79 15 E2 ]0x0000E634:	ANDS	R7, R5, #0XC000	;(R5=0x00000000 )
(             libc.so[0xCBC2B000])[02 6A 05 E2 ]0x0000E638:	AND	R6, R5, #0X2000	;(R5=0x00000000 )
(             libc.so[0xCBC2B000])[19 00 00 1A ]0x0000E63C:	BNE	#0XCBC396A8	;(PC=0xCBC3963C )
(             libc.so[0xCBC2B000])[01 00 86 E3 ]0x0000E640:	ORR	R0, R6, #1	;(R6=0x00000000 )
(             libc.so[0xCBC2B000])[9F 3F 94 E1 ]0x0000E644:	LDREX	R3, [R4]	;(R4=0xCBC79340 )
(             libc.so[0xCBC2B000])[00 10 A0 E3 ]0x0000E648:	MOV	R1, #0
(             libc.so[0xCBC2B000])[06 00 33 E1 ]0x0000E64C:	TEQ	R3, R6	;(R3=0x00000000 R6=0x00000000 )
(             libc.so[0xCBC2B000])[90 1F 84 01 ]0x0000E650:	STREXEQ	R1, R0, [R4]	;(R0=0x00000001 R4=0xCBC79340 )
(             libc.so[0xCBC2B000])[00 00 51 E3 ]0x0000E654:	CMP	R1, #0	;(R1=0x00000000 )
(             libc.so[0xCBC2B000])[F9 FF FF 1A ]0x0000E658:	BNE	#0XCBC39644	;(PC=0xCBC39658 )
(             libc.so[0xCBC2B000])[03 00 56 E1 ]0x0000E65C:	CMP	R6, R3	;(R6=0x00000000 R3=0x00000000 )
(             libc.so[0xCBC2B000])[02 50 86 13 ]0x0000E660:	ORRNE	R5, R6, #2	;(R6=0x00000000 )
(             libc.so[0xCBC2B000])[01 00 00 1A ]0x0000E664:	BNE	#0XCBC39670	;(PC=0xCBC39664 )
(             libc.so[0xCBC2B000])[09 00 00 EA ]0x0000E668:	B	#0XCBC39694	;(PC=0xCBC39668 )
(             libc.so[0xCBC2B000])[5F F0 7F F5 ]0x0000E694:	DMB	SY
(             libc.so[0xCBC2B000])[00 00 A0 E3 ]0x0000E698:	MOV	R0, #0
(             libc.so[0xCBC2B000])[F0 81 BD E8 ]0x0000E69C:	POP	{R4, R5, R6, R7, R8, PC}	;(SP=0x100FFF98 )
(             libc.so[0xCBC2B000])[00 28       ]0x0000FDFE:	CMP	R0, #0	;(R0=0x00000000 )
(             libc.so[0xCBC2B000])[41 F0 6F 80 ]0x0000FE00:	BNE.W	#0XCBC3BEE2
(             libc.so[0xCBC2B000])[F3 E7       ]0x0000FE04:	B	#0XCBC3ADEE
(             libc.so[0xCBC2B000])[F4 2C       ]0x0000FDEE:	CMP	R4, #0XF4	;(R4=0x00000014 )
(             libc.so[0xCBC2B000])[09 D9       ]0x0000FDF0:	BLS	#0XCBC3AE06
(             libc.so[0xCBC2B000])[0A 2C       ]0x0000FE06:	CMP	R4, #0XA	;(R4=0x00000014 )
(             libc.so[0xCBC2B000])[03 D9       ]0x0000FE08:	BLS	#0XCBC3AE12
(             libc.so[0xCBC2B000])[0B 34       ]0x0000FE0A:	ADDS	R4, #0XB	;(R4=0x00000014 )
(             libc.so[0xCBC2B000])[24 F0 07 04 ]0x0000FE0C:	BIC	R4, R4, #7	;(R4=0x0000001F )
(             libc.so[0xCBC2B000])[00 E0       ]0x0000FE10:	B	#0XCBC3AE14
(             libc.so[0xCBC2B000])[DF F8 68 3B ]0x0000FE14:	LDR.W	R3, [PC, #0XB68]	;(PC=0xCBC3AE14 )
(             libc.so[0xCBC2B000])[E2 08       ]0x0000FE18:	LSRS	R2, R4, #3	;(R4=0x00000018 )
(             libc.so[0xCBC2B000])[7B 44       ]0x0000FE1A:	ADD	R3, PC	;(R3=0x0003E362 PC=0xCBC3AE1A )
(             libc.so[0xCBC2B000])[18 68       ]0x0000FE1C:	LDR	R0, [R3]	;(R3=0xCBC79180 )
(             libc.so[0xCBC2B000])[20 FA 02 F1 ]0x0000FE1E:	LSR.W	R1, R0, R2	;(R0=0x00000000 R2=0x00000003 )
(             libc.so[0xCBC2B000])[01 90       ]0x0000FE22:	STR	R0, [SP, #4]	;(R0=0x00000000 SP=0x100FFFB0 )
(             libc.so[0xCBC2B000])[8E 07       ]0x0000FE24:	LSLS	R6, R1, #0X1E	;(R1=0x00000000 )
(             libc.so[0xCBC2B000])[21 D0       ]0x0000FE26:	BEQ	#0XCBC3AE6C
(             libc.so[0xCBC2B000])[9D 68       ]0x0000FE6C:	LDR	R5, [R3, #8]	;(R3=0xCBC79180 )
(             libc.so[0xCBC2B000])[AC 42       ]0x0000FE6E:	CMP	R4, R5	;(R4=0x00000018 R5=0x00000000 )
(             libc.so[0xCBC2B000])[40 F2 3F 83 ]0x0000FE70:	BLS.W	#0XCBC3B4F2
(             libc.so[0xCBC2B000])[00 29       ]0x0000FE74:	CMP	R1, #0	;(R1=0x00000000 )
(             libc.so[0xCBC2B000])[74 D0       ]0x0000FE76:	BEQ	#0XCBC3AF62
(             libc.so[0xCBC2B000])[D3 F8 04 80 ]0x0000FF62:	LDR.W	R8, [R3, #4]	;(R3=0xCBC79180 )
(             libc.so[0xCBC2B000])[B8 F1 00 0F ]0x0000FF66:	CMP.W	R8, #0	;(R8=0x00000000 )
(             libc.so[0xCBC2B000])[00 F0 C2 82 ]0x0000FF6A:	BEQ.W	#0XCBC3B4F2
(             libc.so[0xCBC2B000])[DF F8 E0 34 ]0x000104F2:	LDR.W	R3, [PC, #0X4E0]	;(PC=0xCBC3B4F2 )
(             libc.so[0xCBC2B000])[7B 44       ]0x000104F6:	ADD	R3, PC	;(R3=0x0003DC86 PC=0xCBC3B4F6 )
(             libc.so[0xCBC2B000])[98 68       ]0x000104F8:	LDR	R0, [R3, #8]	;(R3=0xCBC79180 )
(             libc.so[0xCBC2B000])[84 42       ]0x000104FA:	CMP	R4, R0	;(R4=0x00000018 R0=0x00000000 )
(             libc.so[0xCBC2B000])[19 D8       ]0x000104FC:	BHI	#0XCBC3B532
(             libc.so[0xCBC2B000])[DE 68       ]0x00010532:	LDR	R6, [R3, #0XC]	;(R3=0xCBC79180 )
(             libc.so[0xCBC2B000])[B4 42       ]0x00010534:	CMP	R4, R6	;(R4=0x00000018 R6=0x00000EA0 )
(             libc.so[0xCBC2B000])[01 D2       ]0x00010536:	BHS	#0XCBC3B53C
(             libc.so[0xCBC2B000])[00 F0 7B BC ]0x00010538:	B.W	#0XCBC3BE32
(             libc.so[0xCBC2B000])[30 1B       ]0x00010E32:	SUBS	R0, R6, R4	;(R6=0x00000EA0 R4=0x00000018 )
(             libc.so[0xCBC2B000])[9E 69       ]0x00010E34:	LDR	R6, [R3, #0X18]	;(R3=0xCBC79180 )
(             libc.so[0xCBC2B000])[D8 60       ]0x00010E36:	STR	R0, [R3, #0XC]	;(R0=0x00000E88 R3=0xCBC79180 )
(             libc.so[0xCBC2B000])[32 19       ]0x00010E38:	ADDS	R2, R6, R4	;(R6=0x30000138 R4=0x00000018 )
(             libc.so[0xCBC2B000])[9A 61       ]0x00010E3A:	STR	R2, [R3, #0X18]	;(R2=0x30000150 R3=0xCBC79180 )
(             libc.so[0xCBC2B000])[40 F0 01 03 ]0x00010E3C:	ORR	R3, R0, #1	;(R0=0x00000E88 )
(             libc.so[0xCBC2B000])[53 60       ]0x00010E40:	STR	R3, [R2, #4]	;(R3=0x00000E89 R2=0x30000150 )
(             libc.so[0xCBC2B000])[44 F0 03 04 ]0x00010E42:	ORR	R4, R4, #3	;(R4=0x00000018 )
(             libc.so[0xCBC2B000])[74 60       ]0x00010E46:	STR	R4, [R6, #4]	;(R4=0x0000001B R6=0x30000138 )
(             libc.so[0xCBC2B000])[08 36       ]0x00010E48:	ADDS	R6, #8	;(R6=0x30000138 )
(             libc.so[0xCBC2B000])[04 E0       ]0x00010E4A:	B	#0XCBC3BE56
(             libc.so[0xCBC2B000])[35 49       ]0x00010E56:	LDR	R1, [PC, #0XD4]	;(PC=0xCBC3BE56 )
(             libc.so[0xCBC2B000])[79 44       ]0x00010E58:	ADD	R1, PC	;(R1=0x0003D324 PC=0xCBC3BE58 )
(             libc.so[0xCBC2B000])[D1 F8 BC 21 ]0x00010E5A:	LDR.W	R2, [R1, #0X1BC]	;(R1=0xCBC79180 )
(             libc.so[0xCBC2B000])[93 07       ]0x00010E5E:	LSLS	R3, R2, #0X1E	;(R2=0x00000007 )
(             libc.so[0xCBC2B000])[3F D5       ]0x00010E60:	BPL	#0XCBC3BEE2
(             libc.so[0xCBC2B000])[01 F5 E0 70 ]0x00010E62:	ADD.W	R0, R1, #0X1C0	;(R1=0xCBC79180 )
(             libc.so[0xCBC2B000])[FD F7 3C ED ]0x00010E66:	BLX	#0XCBC398E0	;(PC=0xCBC3BE66 )
(             libc.so[0xCBC2B000])[BE FF FF EA ]0x0000E8E0:	B	#0XCBC397E0 ; pthread_mutex_unlock	;(PC=0xCBC398E0 )
(             libc.so[0xCBC2B000])[70 40 2D E9 ]0x0000E7E0:	PUSH	{R4, R5, R6, LR}	;(SP=0x100FFFB0 R4=0x0000001B R5=0x00000000 R6=0x30000140 LR=0xCBC3BE6B )
(             libc.so[0xCBC2B000])[00 40 50 E2 ]0x0000E7E4:	SUBS	R4, R0, #0	;(R0=0xCBC79340 )
(             libc.so[0xCBC2B000])[08 D0 4D E2 ]0x0000E7E8:	SUB	SP, SP, #8	;(SP=0x100FFFA0 )
(             libc.so[0xCBC2B000])[2B 00 00 0A ]0x0000E7EC:	BEQ	#0XCBC398A0	;(PC=0xCBC397EC )
(             libc.so[0xCBC2B000])[00 50 94 E5 ]0x0000E7F0:	LDR	R5, [R4]	;(R4=0xCBC79340 )
(             libc.so[0xCBC2B000])[03 69 15 E2 ]0x0000E7F4:	ANDS	R6, R5, #0XC000	;(R5=0x00000001 )
(             libc.so[0xCBC2B000])[02 1A 05 E2 ]0x0000E7F8:	AND	R1, R5, #0X2000	;(R5=0x00000001 )
(             libc.so[0xCBC2B000])[11 00 00 1A ]0x0000E7FC:	BNE	#0XCBC39848	;(PC=0xCBC397FC )
(             libc.so[0xCBC2B000])[5F F0 7F F5 ]0x0000E800:	DMB	SY
(             libc.so[0xCBC2B000])[9F 2F 94 E1 ]0x0000E804:	LDREX	R2, [R4]	;(R4=0xCBC79340 )
(             libc.so[0xCBC2B000])[01 30 42 E2 ]0x0000E808:	SUB	R3, R2, #1	;(R2=0x00000001 )
(             libc.so[0xCBC2B000])[93 5F 84 E1 ]0x0000E80C:	STREX	R5, R3, [R4]	;(R3=0x00000000 R4=0xCBC79340 )
(             libc.so[0xCBC2B000])[00 00 55 E3 ]0x0000E810:	CMP	R5, #0	;(R5=0x00000000 )
(             libc.so[0xCBC2B000])[FA FF FF 1A ]0x0000E814:	BNE	#0XCBC39804	;(PC=0xCBC39814 )
(             libc.so[0xCBC2B000])[01 C0 81 E3 ]0x0000E818:	ORR	IP, R1, #1	;(R1=0x00000000 )
(             libc.so[0xCBC2B000])[0C 00 52 E1 ]0x0000E81C:	CMP	R2, IP	;(R2=0x00000001 IP=0x00000001 )
(             libc.so[0xCBC2B000])[06 00 00 0A ]0x0000E820:	BEQ	#0XCBC39840	;(PC=0xCBC39820 )
(             libc.so[0xCBC2B000])[00 00 A0 E3 ]0x0000E840:	MOV	R0, #0
(             libc.so[0xCBC2B000])[FB FF FF EA ]0x0000E844:	B	#0XCBC39838	;(PC=0xCBC39844 )
(             libc.so[0xCBC2B000])[08 D0 8D E2 ]0x0000E838:	ADD	SP, SP, #8	;(SP=0x100FFF98 )
(             libc.so[0xCBC2B000])[70 80 BD E8 ]0x0000E83C:	POP	{R4, R5, R6, PC}	;(SP=0x100FFFA0 )
(             libc.so[0xCBC2B000])[3A E0       ]0x00010E6A:	B	#0XCBC3BEE2
(             libc.so[0xCBC2B000])[30 46       ]0x00010EE2:	MOV	R0, R6	;(R6=0x30000140 )
(             libc.so[0xCBC2B000])[BD E8 FE 8F ]0x00010EE4:	POP.W	{R1, R2, R3, R4, R5, R6, R7, R8, SB, SL, FP, PC}	;(SP=0x100FFFB0 )
(             libc.so[0xCBC2B000])[08 BD       ]0x0000DBF8:	POP	{R3, PC}	;(SP=0x100FFFE0 )
(        libstdc++.so[0xCBC8F000])[08 B9       ]0x0000091E:	CBNZ	R0, #0XCBC8F924	;(R0=0x30000140 )
(        libstdc++.so[0xCBC8F000])[08 BD       ]0x00000924:	POP	{R3, PC}	;(SP=0x100FFFE8 )
(  libmakeurl2.4.9.so[0xCBBCB000])[05 46       ]0x000016FA:	MOV	R5, R0	;(R0=0x30000140 )
(  libmakeurl2.4.9.so[0xCBBCB000])[1A F0 D2 FC ]0x000016FC:	BL	#0XCBBE70A4	;(PC=0xCBBCC6FC )
(  libmakeurl2.4.9.so[0xCBBCB000])[07 49       ]0x0001C0A4:	LDR	R1, [PC, #0X1C]	;(PC=0xCBBE70A4 )
(  libmakeurl2.4.9.so[0xCBBCB000])[02 1D       ]0x0001C0A6:	ADDS	R2, R0, #4	;(R0=0x30000140 )
(  libmakeurl2.4.9.so[0xCBBCB000])[4A F2 78 6C ]0x0001C0A8:	MOVW	IP, #0XA678
(  libmakeurl2.4.9.so[0xCBBCB000])[00 23       ]0x0001C0AC:	MOVS	R3, #0
(  libmakeurl2.4.9.so[0xCBBCB000])[79 44       ]0x0001C0AE:	ADD	R1, PC	;(R1=0x00028C5A PC=0xCBBE70AE )
(  libmakeurl2.4.9.so[0xCBBCB000])[C1 F2 3A 2C ]0x0001C0B0:	MOVT	IP, #0X123A	;(IP=0x0000A678 )
(  libmakeurl2.4.9.so[0xCBBCB000])[08 31       ]0x0001C0B4:	ADDS	R1, #8	;(R1=0xCBC0FD0C )
(  libmakeurl2.4.9.so[0xCBBCB000])[C0 E9 00 12 ]0x0001C0B6:	STRD	R1, R2, [R0]	;(R1=0xCBC0FD14 R2=0x30000144 R0=0x30000140 )
(  libmakeurl2.4.9.so[0xCBBCB000])[00 F1 08 01 ]0x0001C0BA:	ADD.W	R1, R0, #8	;(R0=0x30000140 )
(  libmakeurl2.4.9.so[0xCBBCB000])[81 E8 0C 10 ]0x0001C0BE:	STM.W	R1, {R2, R3, IP}	;(R1=0x30000148 R2=0x30000144 R3=0x00000000 IP=0x123AA678 )
(  libmakeurl2.4.9.so[0xCBBCB000])[70 47       ]0x0001C0C2:	BX	LR	;(LR=0xCBBCC701 )
(  libmakeurl2.4.9.so[0xCBBCB000])[D0 48       ]0x00001700:	LDR	R0, [PC, #0X340]	;(PC=0xCBBCC700 )
(  libmakeurl2.4.9.so[0xCBBCB000])[78 44       ]0x00001702:	ADD	R0, PC	;(R0=0x00043AD6 PC=0xCBBCC702 )
(  libmakeurl2.4.9.so[0xCBBCB000])[05 60       ]0x00001704:	STR	R5, [R0]	;(R5=0x30000140 R0=0xCBC101DC )
(  libmakeurl2.4.9.so[0xCBBCB000])[14 20       ]0x00001706:	MOVS	R0, #0X14
(  libmakeurl2.4.9.so[0xCBBCB000])[FF F7 B8 EE ]0x00001708:	BLX	#0XCBBCC47C	;(PC=0xCBBCC708 )
(  libmakeurl2.4.9.so[0xCBBCB000])[00 C6 8F E2 ]0x0000147C:	ADD	IP, PC, #0, #12	;(PC=0xCBBCC47C )
(  libmakeurl2.4.9.so[0xCBBCB000])[43 CA 8C E2 ]0x00001480:	ADD	IP, IP, #0X43000	;(IP=0xCBBCC484 )
(  libmakeurl2.4.9.so[0xCBBCB000])[00 FB BC E5 ]0x00001484:	LDR	PC, [IP, #0XB00]!	;(IP=0xCBC0F484 )
(        libstdc++.so[0xCBC8F000])[08 B5       ]0x00000918:	PUSH	{R3, LR} ; _Znaj	;(SP=0x100FFFF0 R3=0x00000000 LR=0xCBBCC70D )
(        libstdc++.so[0xCBC8F000])[FF F7 6E EF ]0x0000091A:	BLX	#0XCBC8F7F8	;(PC=0xCBC8F91A )
(        libstdc++.so[0xCBC8F000])[00 C6 8F E2 ]0x000007F8:	ADD	IP, PC, #0, #12	;(PC=0xCBC8F7F8 )
(        libstdc++.so[0xCBC8F000])[01 CA 8C E2 ]0x000007FC:	ADD	IP, IP, #0X1000	;(IP=0xCBC8F800 )
(        libstdc++.so[0xCBC8F000])[F0 F7 BC E5 ]0x00000800:	LDR	PC, [IP, #0X7F0]!	;(IP=0xCBC90800 )
(             libc.so[0xCBC2B000])[08 B5       ]0x0000DBEC:	PUSH	{R3, LR} ; malloc	;(SP=0x100FFFE8 R3=0x00000000 LR=0xCBC8F91F )
(             libc.so[0xCBC2B000])[03 4B       ]0x0000DBEE:	LDR	R3, [PC, #0XC]	;(PC=0xCBC38BEE )
(             libc.so[0xCBC2B000])[7B 44       ]0x0000DBF0:	ADD	R3, PC	;(R3=0x0003C40C PC=0xCBC38BF0 )
(             libc.so[0xCBC2B000])[19 68       ]0x0000DBF2:	LDR	R1, [R3]	;(R3=0xCBC75000 )
(             libc.so[0xCBC2B000])[0A 68       ]0x0000DBF4:	LDR	R2, [R1]	;(R1=0xCBC74E00 )
(             libc.so[0xCBC2B000])[90 47       ]0x0000DBF6:	BLX	R2	;(PC=0xCBC38BF6 R2=0xCBC3ADCD )
(             libc.so[0xCBC2B000])[DF F8 A4 3B ]0x0000FDCC:	LDR.W	R3, [PC, #0XBA4] ; dlmalloc	;(PC=0xCBC3ADCC )
(             libc.so[0xCBC2B000])[2D E9 F7 4F ]0x0000FDD0:	PUSH.W	{R0, R1, R2, R4, R5, R6, R7, R8, SB, SL, FP, LR}	;(SP=0x100FFFE0 R0=0x00000014 R1=0xCBC74E00 R2=0xCBC3ADCD R4=0x00000000 R5=0x30000140 R6=0x00000000 R7=0x100FFFF8 R8=0x00000000 SB=0x00000000 SL=0x00000000 FP=0x00000000 LR=0xCBC38BF9 )
(             libc.so[0xCBC2B000])[7B 44       ]0x0000FDD4:	ADD	R3, PC	;(R3=0x0003E588 PC=0xCBC3ADD4 )
(             libc.so[0xCBC2B000])[04 46       ]0x0000FDD6:	MOV	R4, R0	;(R0=0x00000014 )
(             libc.so[0xCBC2B000])[18 68       ]0x0000FDD8:	LDR	R0, [R3]	;(R3=0xCBC79360 )
(             libc.so[0xCBC2B000])[08 B9       ]0x0000FDDA:	CBNZ	R0, #0XCBC3ADE0	;(R0=0x0B13C7D8 )
(             libc.so[0xCBC2B000])[DF F8 94 1B ]0x0000FDE0:	LDR.W	R1, [PC, #0XB94]	;(PC=0xCBC3ADE0 )
(             libc.so[0xCBC2B000])[79 44       ]0x0000FDE4:	ADD	R1, PC	;(R1=0x0003E398 PC=0xCBC3ADE4 )
(             libc.so[0xCBC2B000])[D1 F8 BC 21 ]0x0000FDE6:	LDR.W	R2, [R1, #0X1BC]	;(R1=0xCBC79180 )
(             libc.so[0xCBC2B000])[93 07       ]0x0000FDEA:	LSLS	R3, R2, #0X1E	;(R2=0x00000007 )
(             libc.so[0xCBC2B000])[02 D4       ]0x0000FDEC:	BMI	#0XCBC3ADF4
(             libc.so[0xCBC2B000])[01 F5 E0 70 ]0x0000FDF4:	ADD.W	R0, R1, #0X1C0	;(R1=0xCBC79180 )
(             libc.so[0xCBC2B000])[00 26       ]0x0000FDF8:	MOVS	R6, #0
(             libc.so[0xCBC2B000])[FE F7 F0 EC ]0x0000FDFA:	BLX	#0XCBC397DC	;(PC=0xCBC3ADFA )
(             libc.so[0xCBC2B000])[90 FF FF EA ]0x0000E7DC:	B	#0XCBC39624 ; pthread_mutex_lock	;(PC=0xCBC397DC )
(             libc.so[0xCBC2B000])[F0 41 2D E9 ]0x0000E624:	PUSH	{R4, R5, R6, R7, R8, LR}	;(SP=0x100FFFB0 R4=0x00000014 R5=0x30000140 R6=0x00000000 R7=0x100FFFF8 R8=0x00000000 LR=0xCBC3ADFF )
(             libc.so[0xCBC2B000])[00 40 50 E2 ]0x0000E628:	SUBS	R4, R0, #0	;(R0=0xCBC79340 )
(             libc.so[0xCBC2B000])[1B 00 00 0A ]0x0000E62C:	BEQ	#0XCBC396A0	;(PC=0xCBC3962C )
(             libc.so[0xCBC2B000])[00 50 94 E5 ]0x0000E630:	LDR	R5, [R4]	;(R4=0xCBC79340 )
(             libc.so[0xCBC2B000])[03 79 15 E2 ]0x0000E634:	ANDS	R7, R5, #0XC000	;(R5=0x00000000 )
(             libc.so[0xCBC2B000])[02 6A 05 E2 ]0x0000E638:	AND	R6, R5, #0X2000	;(R5=0x00000000 )
(             libc.so[0xCBC2B000])[19 00 00 1A ]0x0000E63C:	BNE	#0XCBC396A8	;(PC=0xCBC3963C )
(             libc.so[0xCBC2B000])[01 00 86 E3 ]0x0000E640:	ORR	R0, R6, #1	;(R6=0x00000000 )
(             libc.so[0xCBC2B000])[9F 3F 94 E1 ]0x0000E644:	LDREX	R3, [R4]	;(R4=0xCBC79340 )
(             libc.so[0xCBC2B000])[00 10 A0 E3 ]0x0000E648:	MOV	R1, #0
(             libc.so[0xCBC2B000])[06 00 33 E1 ]0x0000E64C:	TEQ	R3, R6	;(R3=0x00000000 R6=0x00000000 )
(             libc.so[0xCBC2B000])[90 1F 84 01 ]0x0000E650:	STREXEQ	R1, R0, [R4]	;(R0=0x00000001 R4=0xCBC79340 )
(             libc.so[0xCBC2B000])[00 00 51 E3 ]0x0000E654:	CMP	R1, #0	;(R1=0x00000000 )
(             libc.so[0xCBC2B000])[F9 FF FF 1A ]0x0000E658:	BNE	#0XCBC39644	;(PC=0xCBC39658 )
(             libc.so[0xCBC2B000])[03 00 56 E1 ]0x0000E65C:	CMP	R6, R3	;(R6=0x00000000 R3=0x00000000 )
(             libc.so[0xCBC2B000])[02 50 86 13 ]0x0000E660:	ORRNE	R5, R6, #2	;(R6=0x00000000 )
(             libc.so[0xCBC2B000])[01 00 00 1A ]0x0000E664:	BNE	#0XCBC39670	;(PC=0xCBC39664 )
(             libc.so[0xCBC2B000])[09 00 00 EA ]0x0000E668:	B	#0XCBC39694	;(PC=0xCBC39668 )
(             libc.so[0xCBC2B000])[5F F0 7F F5 ]0x0000E694:	DMB	SY
(             libc.so[0xCBC2B000])[00 00 A0 E3 ]0x0000E698:	MOV	R0, #0
(             libc.so[0xCBC2B000])[F0 81 BD E8 ]0x0000E69C:	POP	{R4, R5, R6, R7, R8, PC}	;(SP=0x100FFF98 )
(             libc.so[0xCBC2B000])[00 28       ]0x0000FDFE:	CMP	R0, #0	;(R0=0x00000000 )
(             libc.so[0xCBC2B000])[41 F0 6F 80 ]0x0000FE00:	BNE.W	#0XCBC3BEE2
(             libc.so[0xCBC2B000])[F3 E7       ]0x0000FE04:	B	#0XCBC3ADEE
(             libc.so[0xCBC2B000])[F4 2C       ]0x0000FDEE:	CMP	R4, #0XF4	;(R4=0x00000014 )
(             libc.so[0xCBC2B000])[09 D9       ]0x0000FDF0:	BLS	#0XCBC3AE06
(             libc.so[0xCBC2B000])[0A 2C       ]0x0000FE06:	CMP	R4, #0XA	;(R4=0x00000014 )
(             libc.so[0xCBC2B000])[03 D9       ]0x0000FE08:	BLS	#0XCBC3AE12
(             libc.so[0xCBC2B000])[0B 34       ]0x0000FE0A:	ADDS	R4, #0XB	;(R4=0x00000014 )
(             libc.so[0xCBC2B000])[24 F0 07 04 ]0x0000FE0C:	BIC	R4, R4, #7	;(R4=0x0000001F )
(             libc.so[0xCBC2B000])[00 E0       ]0x0000FE10:	B	#0XCBC3AE14
(             libc.so[0xCBC2B000])[DF F8 68 3B ]0x0000FE14:	LDR.W	R3, [PC, #0XB68]	;(PC=0xCBC3AE14 )
(             libc.so[0xCBC2B000])[E2 08       ]0x0000FE18:	LSRS	R2, R4, #3	;(R4=0x00000018 )
(             libc.so[0xCBC2B000])[7B 44       ]0x0000FE1A:	ADD	R3, PC	;(R3=0x0003E362 PC=0xCBC3AE1A )
(             libc.so[0xCBC2B000])[18 68       ]0x0000FE1C:	LDR	R0, [R3]	;(R3=0xCBC79180 )
(             libc.so[0xCBC2B000])[20 FA 02 F1 ]0x0000FE1E:	LSR.W	R1, R0, R2	;(R0=0x00000000 R2=0x00000003 )
(             libc.so[0xCBC2B000])[01 90       ]0x0000FE22:	STR	R0, [SP, #4]	;(R0=0x00000000 SP=0x100FFFB0 )
(             libc.so[0xCBC2B000])[8E 07       ]0x0000FE24:	LSLS	R6, R1, #0X1E	;(R1=0x00000000 )
(             libc.so[0xCBC2B000])[21 D0       ]0x0000FE26:	BEQ	#0XCBC3AE6C
(             libc.so[0xCBC2B000])[9D 68       ]0x0000FE6C:	LDR	R5, [R3, #8]	;(R3=0xCBC79180 )
(             libc.so[0xCBC2B000])[AC 42       ]0x0000FE6E:	CMP	R4, R5	;(R4=0x00000018 R5=0x00000000 )
(             libc.so[0xCBC2B000])[40 F2 3F 83 ]0x0000FE70:	BLS.W	#0XCBC3B4F2
(             libc.so[0xCBC2B000])[00 29       ]0x0000FE74:	CMP	R1, #0	;(R1=0x00000000 )
(             libc.so[0xCBC2B000])[74 D0       ]0x0000FE76:	BEQ	#0XCBC3AF62
(             libc.so[0xCBC2B000])[D3 F8 04 80 ]0x0000FF62:	LDR.W	R8, [R3, #4]	;(R3=0xCBC79180 )
(             libc.so[0xCBC2B000])[B8 F1 00 0F ]0x0000FF66:	CMP.W	R8, #0	;(R8=0x00000000 )
(             libc.so[0xCBC2B000])[00 F0 C2 82 ]0x0000FF6A:	BEQ.W	#0XCBC3B4F2
(             libc.so[0xCBC2B000])[DF F8 E0 34 ]0x000104F2:	LDR.W	R3, [PC, #0X4E0]	;(PC=0xCBC3B4F2 )
(             libc.so[0xCBC2B000])[7B 44       ]0x000104F6:	ADD	R3, PC	;(R3=0x0003DC86 PC=0xCBC3B4F6 )
(             libc.so[0xCBC2B000])[98 68       ]0x000104F8:	LDR	R0, [R3, #8]	;(R3=0xCBC79180 )
(             libc.so[0xCBC2B000])[84 42       ]0x000104FA:	CMP	R4, R0	;(R4=0x00000018 R0=0x00000000 )
(             libc.so[0xCBC2B000])[19 D8       ]0x000104FC:	BHI	#0XCBC3B532
(             libc.so[0xCBC2B000])[DE 68       ]0x00010532:	LDR	R6, [R3, #0XC]	;(R3=0xCBC79180 )
(             libc.so[0xCBC2B000])[B4 42       ]0x00010534:	CMP	R4, R6	;(R4=0x00000018 R6=0x00000E88 )
(             libc.so[0xCBC2B000])[01 D2       ]0x00010536:	BHS	#0XCBC3B53C
(             libc.so[0xCBC2B000])[00 F0 7B BC ]0x00010538:	B.W	#0XCBC3BE32
(             libc.so[0xCBC2B000])[30 1B       ]0x00010E32:	SUBS	R0, R6, R4	;(R6=0x00000E88 R4=0x00000018 )
(             libc.so[0xCBC2B000])[9E 69       ]0x00010E34:	LDR	R6, [R3, #0X18]	;(R3=0xCBC79180 )
(             libc.so[0xCBC2B000])[D8 60       ]0x00010E36:	STR	R0, [R3, #0XC]	;(R0=0x00000E70 R3=0xCBC79180 )
(             libc.so[0xCBC2B000])[32 19       ]0x00010E38:	ADDS	R2, R6, R4	;(R6=0x30000150 R4=0x00000018 )
(             libc.so[0xCBC2B000])[9A 61       ]0x00010E3A:	STR	R2, [R3, #0X18]	;(R2=0x30000168 R3=0xCBC79180 )
(             libc.so[0xCBC2B000])[40 F0 01 03 ]0x00010E3C:	ORR	R3, R0, #1	;(R0=0x00000E70 )
(             libc.so[0xCBC2B000])[53 60       ]0x00010E40:	STR	R3, [R2, #4]	;(R3=0x00000E71 R2=0x30000168 )
(             libc.so[0xCBC2B000])[44 F0 03 04 ]0x00010E42:	ORR	R4, R4, #3	;(R4=0x00000018 )
(             libc.so[0xCBC2B000])[74 60       ]0x00010E46:	STR	R4, [R6, #4]	;(R4=0x0000001B R6=0x30000150 )
(             libc.so[0xCBC2B000])[08 36       ]0x00010E48:	ADDS	R6, #8	;(R6=0x30000150 )
(             libc.so[0xCBC2B000])[04 E0       ]0x00010E4A:	B	#0XCBC3BE56
(             libc.so[0xCBC2B000])[35 49       ]0x00010E56:	LDR	R1, [PC, #0XD4]	;(PC=0xCBC3BE56 )
(             libc.so[0xCBC2B000])[79 44       ]0x00010E58:	ADD	R1, PC	;(R1=0x0003D324 PC=0xCBC3BE58 )
(             libc.so[0xCBC2B000])[D1 F8 BC 21 ]0x00010E5A:	LDR.W	R2, [R1, #0X1BC]	;(R1=0xCBC79180 )
(             libc.so[0xCBC2B000])[93 07       ]0x00010E5E:	LSLS	R3, R2, #0X1E	;(R2=0x00000007 )
(             libc.so[0xCBC2B000])[3F D5       ]0x00010E60:	BPL	#0XCBC3BEE2
(             libc.so[0xCBC2B000])[01 F5 E0 70 ]0x00010E62:	ADD.W	R0, R1, #0X1C0	;(R1=0xCBC79180 )
(             libc.so[0xCBC2B000])[FD F7 3C ED ]0x00010E66:	BLX	#0XCBC398E0	;(PC=0xCBC3BE66 )
(             libc.so[0xCBC2B000])[BE FF FF EA ]0x0000E8E0:	B	#0XCBC397E0 ; pthread_mutex_unlock	;(PC=0xCBC398E0 )
(             libc.so[0xCBC2B000])[70 40 2D E9 ]0x0000E7E0:	PUSH	{R4, R5, R6, LR}	;(SP=0x100FFFB0 R4=0x0000001B R5=0x00000000 R6=0x30000158 LR=0xCBC3BE6B )
(             libc.so[0xCBC2B000])[00 40 50 E2 ]0x0000E7E4:	SUBS	R4, R0, #0	;(R0=0xCBC79340 )
(             libc.so[0xCBC2B000])[08 D0 4D E2 ]0x0000E7E8:	SUB	SP, SP, #8	;(SP=0x100FFFA0 )
(             libc.so[0xCBC2B000])[2B 00 00 0A ]0x0000E7EC:	BEQ	#0XCBC398A0	;(PC=0xCBC397EC )
(             libc.so[0xCBC2B000])[00 50 94 E5 ]0x0000E7F0:	LDR	R5, [R4]	;(R4=0xCBC79340 )
(             libc.so[0xCBC2B000])[03 69 15 E2 ]0x0000E7F4:	ANDS	R6, R5, #0XC000	;(R5=0x00000001 )
(             libc.so[0xCBC2B000])[02 1A 05 E2 ]0x0000E7F8:	AND	R1, R5, #0X2000	;(R5=0x00000001 )
(             libc.so[0xCBC2B000])[11 00 00 1A ]0x0000E7FC:	BNE	#0XCBC39848	;(PC=0xCBC397FC )
(             libc.so[0xCBC2B000])[5F F0 7F F5 ]0x0000E800:	DMB	SY
(             libc.so[0xCBC2B000])[9F 2F 94 E1 ]0x0000E804:	LDREX	R2, [R4]	;(R4=0xCBC79340 )
(             libc.so[0xCBC2B000])[01 30 42 E2 ]0x0000E808:	SUB	R3, R2, #1	;(R2=0x00000001 )
(             libc.so[0xCBC2B000])[93 5F 84 E1 ]0x0000E80C:	STREX	R5, R3, [R4]	;(R3=0x00000000 R4=0xCBC79340 )
(             libc.so[0xCBC2B000])[00 00 55 E3 ]0x0000E810:	CMP	R5, #0	;(R5=0x00000000 )
(             libc.so[0xCBC2B000])[FA FF FF 1A ]0x0000E814:	BNE	#0XCBC39804	;(PC=0xCBC39814 )
(             libc.so[0xCBC2B000])[01 C0 81 E3 ]0x0000E818:	ORR	IP, R1, #1	;(R1=0x00000000 )
(             libc.so[0xCBC2B000])[0C 00 52 E1 ]0x0000E81C:	CMP	R2, IP	;(R2=0x00000001 IP=0x00000001 )
(             libc.so[0xCBC2B000])[06 00 00 0A ]0x0000E820:	BEQ	#0XCBC39840	;(PC=0xCBC39820 )
(             libc.so[0xCBC2B000])[00 00 A0 E3 ]0x0000E840:	MOV	R0, #0
(             libc.so[0xCBC2B000])[FB FF FF EA ]0x0000E844:	B	#0XCBC39838	;(PC=0xCBC39844 )
(             libc.so[0xCBC2B000])[08 D0 8D E2 ]0x0000E838:	ADD	SP, SP, #8	;(SP=0x100FFF98 )
(             libc.so[0xCBC2B000])[70 80 BD E8 ]0x0000E83C:	POP	{R4, R5, R6, PC}	;(SP=0x100FFFA0 )
(             libc.so[0xCBC2B000])[3A E0       ]0x00010E6A:	B	#0XCBC3BEE2
(             libc.so[0xCBC2B000])[30 46       ]0x00010EE2:	MOV	R0, R6	;(R6=0x30000158 )
(             libc.so[0xCBC2B000])[BD E8 FE 8F ]0x00010EE4:	POP.W	{R1, R2, R3, R4, R5, R6, R7, R8, SB, SL, FP, PC}	;(SP=0x100FFFB0 )
(             libc.so[0xCBC2B000])[08 BD       ]0x0000DBF8:	POP	{R3, PC}	;(SP=0x100FFFE0 )
(        libstdc++.so[0xCBC8F000])[08 B9       ]0x0000091E:	CBNZ	R0, #0XCBC8F924	;(R0=0x30000158 )
(        libstdc++.so[0xCBC8F000])[08 BD       ]0x00000924:	POP	{R3, PC}	;(SP=0x100FFFE8 )
(  libmakeurl2.4.9.so[0xCBBCB000])[05 46       ]0x0000170C:	MOV	R5, R0	;(R0=0x30000158 )
(  libmakeurl2.4.9.so[0xCBBCB000])[1B F0 A3 F9 ]0x0000170E:	BL	#0XCBBE7A58	;(PC=0xCBBCC70E )
(  libmakeurl2.4.9.so[0xCBBCB000])[07 49       ]0x0001CA58:	LDR	R1, [PC, #0X1C]	;(PC=0xCBBE7A58 )
(  libmakeurl2.4.9.so[0xCBBCB000])[02 46       ]0x0001CA5A:	MOV	R2, R0	;(R0=0x30000158 )
(  libmakeurl2.4.9.so[0xCBBCB000])[79 44       ]0x0001CA5C:	ADD	R1, PC	;(R1=0x000282D8 PC=0xCBBE7A5C )
(  libmakeurl2.4.9.so[0xCBBCB000])[08 31       ]0x0001CA5E:	ADDS	R1, #8	;(R1=0xCBC0FD38 )
(  libmakeurl2.4.9.so[0xCBBCB000])[01 60       ]0x0001CA60:	STR	R1, [R0]	;(R1=0xCBC0FD40 R0=0x30000158 )
(  libmakeurl2.4.9.so[0xCBBCB000])[00 21       ]0x0001CA62:	MOVS	R1, #0
(  libmakeurl2.4.9.so[0xCBBCB000])[42 F8 08 1F ]0x0001CA64:	STR	R1, [R2, #8]!	;(R1=0x00000000 R2=0x30000158 )
(  libmakeurl2.4.9.so[0xCBBCB000])[C1 60       ]0x0001CA68:	STR	R1, [R0, #0XC]	;(R1=0x00000000 R0=0x30000158 )
(  libmakeurl2.4.9.so[0xCBBCB000])[45 F2 78 61 ]0x0001CA6A:	MOVW	R1, #0X5678
(  libmakeurl2.4.9.so[0xCBBCB000])[C1 F2 34 21 ]0x0001CA6E:	MOVT	R1, #0X1234	;(R1=0x00005678 )
(  libmakeurl2.4.9.so[0xCBBCB000])[42 60       ]0x0001CA72:	STR	R2, [R0, #4]	;(R2=0x30000160 R0=0x30000158 )
(  libmakeurl2.4.9.so[0xCBBCB000])[01 61       ]0x0001CA74:	STR	R1, [R0, #0X10]	;(R1=0x12345678 R0=0x30000158 )
(  libmakeurl2.4.9.so[0xCBBCB000])[70 47       ]0x0001CA76:	BX	LR	;(LR=0xCBBCC713 )
(  libmakeurl2.4.9.so[0xCBBCB000])[CD 48       ]0x00001712:	LDR	R0, [PC, #0X334]	;(PC=0xCBBCC712 )
(  libmakeurl2.4.9.so[0xCBBCB000])[78 44       ]0x00001714:	ADD	R0, PC	;(R0=0x00043AC8 PC=0xCBBCC714 )
(  libmakeurl2.4.9.so[0xCBBCB000])[05 60       ]0x00001716:	STR	R5, [R0]	;(R5=0x30000158 R0=0xCBC101E0 )
(  libmakeurl2.4.9.so[0xCBBCB000])[14 20       ]0x00001718:	MOVS	R0, #0X14
(  libmakeurl2.4.9.so[0xCBBCB000])[FF F7 B0 EE ]0x0000171A:	BLX	#0XCBBCC47C	;(PC=0xCBBCC71A )
(  libmakeurl2.4.9.so[0xCBBCB000])[00 C6 8F E2 ]0x0000147C:	ADD	IP, PC, #0, #12	;(PC=0xCBBCC47C )
(  libmakeurl2.4.9.so[0xCBBCB000])[43 CA 8C E2 ]0x00001480:	ADD	IP, IP, #0X43000	;(IP=0xCBBCC484 )
(  libmakeurl2.4.9.so[0xCBBCB000])[00 FB BC E5 ]0x00001484:	LDR	PC, [IP, #0XB00]!	;(IP=0xCBC0F484 )
(        libstdc++.so[0xCBC8F000])[08 B5       ]0x00000918:	PUSH	{R3, LR} ; _Znaj	;(SP=0x100FFFF0 R3=0x00000000 LR=0xCBBCC71F )
(        libstdc++.so[0xCBC8F000])[FF F7 6E EF ]0x0000091A:	BLX	#0XCBC8F7F8	;(PC=0xCBC8F91A )
(        libstdc++.so[0xCBC8F000])[00 C6 8F E2 ]0x000007F8:	ADD	IP, PC, #0, #12	;(PC=0xCBC8F7F8 )
(        libstdc++.so[0xCBC8F000])[01 CA 8C E2 ]0x000007FC:	ADD	IP, IP, #0X1000	;(IP=0xCBC8F800 )
(        libstdc++.so[0xCBC8F000])[F0 F7 BC E5 ]0x00000800:	LDR	PC, [IP, #0X7F0]!	;(IP=0xCBC90800 )
(             libc.so[0xCBC2B000])[08 B5       ]0x0000DBEC:	PUSH	{R3, LR} ; malloc	;(SP=0x100FFFE8 R3=0x00000000 LR=0xCBC8F91F )
(             libc.so[0xCBC2B000])[03 4B       ]0x0000DBEE:	LDR	R3, [PC, #0XC]	;(PC=0xCBC38BEE )
(             libc.so[0xCBC2B000])[7B 44       ]0x0000DBF0:	ADD	R3, PC	;(R3=0x0003C40C PC=0xCBC38BF0 )
(             libc.so[0xCBC2B000])[19 68       ]0x0000DBF2:	LDR	R1, [R3]	;(R3=0xCBC75000 )
(             libc.so[0xCBC2B000])[0A 68       ]0x0000DBF4:	LDR	R2, [R1]	;(R1=0xCBC74E00 )
(             libc.so[0xCBC2B000])[90 47       ]0x0000DBF6:	BLX	R2	;(PC=0xCBC38BF6 R2=0xCBC3ADCD )
(             libc.so[0xCBC2B000])[DF F8 A4 3B ]0x0000FDCC:	LDR.W	R3, [PC, #0XBA4] ; dlmalloc	;(PC=0xCBC3ADCC )
(             libc.so[0xCBC2B000])[2D E9 F7 4F ]0x0000FDD0:	PUSH.W	{R0, R1, R2, R4, R5, R6, R7, R8, SB, SL, FP, LR}	;(SP=0x100FFFE0 R0=0x00000014 R1=0xCBC74E00 R2=0xCBC3ADCD R4=0x00000000 R5=0x30000158 R6=0x00000000 R7=0x100FFFF8 R8=0x00000000 SB=0x00000000 SL=0x00000000 FP=0x00000000 LR=0xCBC38BF9 )
(             libc.so[0xCBC2B000])[7B 44       ]0x0000FDD4:	ADD	R3, PC	;(R3=0x0003E588 PC=0xCBC3ADD4 )
(             libc.so[0xCBC2B000])[04 46       ]0x0000FDD6:	MOV	R4, R0	;(R0=0x00000014 )
(             libc.so[0xCBC2B000])[18 68       ]0x0000FDD8:	LDR	R0, [R3]	;(R3=0xCBC79360 )
(             libc.so[0xCBC2B000])[08 B9       ]0x0000FDDA:	CBNZ	R0, #0XCBC3ADE0	;(R0=0x0B13C7D8 )
(             libc.so[0xCBC2B000])[DF F8 94 1B ]0x0000FDE0:	LDR.W	R1, [PC, #0XB94]	;(PC=0xCBC3ADE0 )
(             libc.so[0xCBC2B000])[79 44       ]0x0000FDE4:	ADD	R1, PC	;(R1=0x0003E398 PC=0xCBC3ADE4 )
(             libc.so[0xCBC2B000])[D1 F8 BC 21 ]0x0000FDE6:	LDR.W	R2, [R1, #0X1BC]	;(R1=0xCBC79180 )
(             libc.so[0xCBC2B000])[93 07       ]0x0000FDEA:	LSLS	R3, R2, #0X1E	;(R2=0x00000007 )
(             libc.so[0xCBC2B000])[02 D4       ]0x0000FDEC:	BMI	#0XCBC3ADF4
(             libc.so[0xCBC2B000])[01 F5 E0 70 ]0x0000FDF4:	ADD.W	R0, R1, #0X1C0	;(R1=0xCBC79180 )
(             libc.so[0xCBC2B000])[00 26       ]0x0000FDF8:	MOVS	R6, #0
(             libc.so[0xCBC2B000])[FE F7 F0 EC ]0x0000FDFA:	BLX	#0XCBC397DC	;(PC=0xCBC3ADFA )
(             libc.so[0xCBC2B000])[90 FF FF EA ]0x0000E7DC:	B	#0XCBC39624 ; pthread_mutex_lock	;(PC=0xCBC397DC )
(             libc.so[0xCBC2B000])[F0 41 2D E9 ]0x0000E624:	PUSH	{R4, R5, R6, R7, R8, LR}	;(SP=0x100FFFB0 R4=0x00000014 R5=0x30000158 R6=0x00000000 R7=0x100FFFF8 R8=0x00000000 LR=0xCBC3ADFF )
(             libc.so[0xCBC2B000])[00 40 50 E2 ]0x0000E628:	SUBS	R4, R0, #0	;(R0=0xCBC79340 )
(             libc.so[0xCBC2B000])[1B 00 00 0A ]0x0000E62C:	BEQ	#0XCBC396A0	;(PC=0xCBC3962C )
(             libc.so[0xCBC2B000])[00 50 94 E5 ]0x0000E630:	LDR	R5, [R4]	;(R4=0xCBC79340 )
(             libc.so[0xCBC2B000])[03 79 15 E2 ]0x0000E634:	ANDS	R7, R5, #0XC000	;(R5=0x00000000 )
(             libc.so[0xCBC2B000])[02 6A 05 E2 ]0x0000E638:	AND	R6, R5, #0X2000	;(R5=0x00000000 )
(             libc.so[0xCBC2B000])[19 00 00 1A ]0x0000E63C:	BNE	#0XCBC396A8	;(PC=0xCBC3963C )
(             libc.so[0xCBC2B000])[01 00 86 E3 ]0x0000E640:	ORR	R0, R6, #1	;(R6=0x00000000 )
(             libc.so[0xCBC2B000])[9F 3F 94 E1 ]0x0000E644:	LDREX	R3, [R4]	;(R4=0xCBC79340 )
(             libc.so[0xCBC2B000])[00 10 A0 E3 ]0x0000E648:	MOV	R1, #0
(             libc.so[0xCBC2B000])[06 00 33 E1 ]0x0000E64C:	TEQ	R3, R6	;(R3=0x00000000 R6=0x00000000 )
(             libc.so[0xCBC2B000])[90 1F 84 01 ]0x0000E650:	STREXEQ	R1, R0, [R4]	;(R0=0x00000001 R4=0xCBC79340 )
(             libc.so[0xCBC2B000])[00 00 51 E3 ]0x0000E654:	CMP	R1, #0	;(R1=0x00000000 )
(             libc.so[0xCBC2B000])[F9 FF FF 1A ]0x0000E658:	BNE	#0XCBC39644	;(PC=0xCBC39658 )
(             libc.so[0xCBC2B000])[03 00 56 E1 ]0x0000E65C:	CMP	R6, R3	;(R6=0x00000000 R3=0x00000000 )
(             libc.so[0xCBC2B000])[02 50 86 13 ]0x0000E660:	ORRNE	R5, R6, #2	;(R6=0x00000000 )
(             libc.so[0xCBC2B000])[01 00 00 1A ]0x0000E664:	BNE	#0XCBC39670	;(PC=0xCBC39664 )
(             libc.so[0xCBC2B000])[09 00 00 EA ]0x0000E668:	B	#0XCBC39694	;(PC=0xCBC39668 )
(             libc.so[0xCBC2B000])[5F F0 7F F5 ]0x0000E694:	DMB	SY
(             libc.so[0xCBC2B000])[00 00 A0 E3 ]0x0000E698:	MOV	R0, #0
(             libc.so[0xCBC2B000])[F0 81 BD E8 ]0x0000E69C:	POP	{R4, R5, R6, R7, R8, PC}	;(SP=0x100FFF98 )
(             libc.so[0xCBC2B000])[00 28       ]0x0000FDFE:	CMP	R0, #0	;(R0=0x00000000 )
(             libc.so[0xCBC2B000])[41 F0 6F 80 ]0x0000FE00:	BNE.W	#0XCBC3BEE2
(             libc.so[0xCBC2B000])[F3 E7       ]0x0000FE04:	B	#0XCBC3ADEE
(             libc.so[0xCBC2B000])[F4 2C       ]0x0000FDEE:	CMP	R4, #0XF4	;(R4=0x00000014 )
(             libc.so[0xCBC2B000])[09 D9       ]0x0000FDF0:	BLS	#0XCBC3AE06
(             libc.so[0xCBC2B000])[0A 2C       ]0x0000FE06:	CMP	R4, #0XA	;(R4=0x00000014 )
(             libc.so[0xCBC2B000])[03 D9       ]0x0000FE08:	BLS	#0XCBC3AE12
(             libc.so[0xCBC2B000])[0B 34       ]0x0000FE0A:	ADDS	R4, #0XB	;(R4=0x00000014 )
(             libc.so[0xCBC2B000])[24 F0 07 04 ]0x0000FE0C:	BIC	R4, R4, #7	;(R4=0x0000001F )
(             libc.so[0xCBC2B000])[00 E0       ]0x0000FE10:	B	#0XCBC3AE14
(             libc.so[0xCBC2B000])[DF F8 68 3B ]0x0000FE14:	LDR.W	R3, [PC, #0XB68]	;(PC=0xCBC3AE14 )
(             libc.so[0xCBC2B000])[E2 08       ]0x0000FE18:	LSRS	R2, R4, #3	;(R4=0x00000018 )
(             libc.so[0xCBC2B000])[7B 44       ]0x0000FE1A:	ADD	R3, PC	;(R3=0x0003E362 PC=0xCBC3AE1A )
(             libc.so[0xCBC2B000])[18 68       ]0x0000FE1C:	LDR	R0, [R3]	;(R3=0xCBC79180 )
(             libc.so[0xCBC2B000])[20 FA 02 F1 ]0x0000FE1E:	LSR.W	R1, R0, R2	;(R0=0x00000000 R2=0x00000003 )
(             libc.so[0xCBC2B000])[01 90       ]0x0000FE22:	STR	R0, [SP, #4]	;(R0=0x00000000 SP=0x100FFFB0 )
(             libc.so[0xCBC2B000])[8E 07       ]0x0000FE24:	LSLS	R6, R1, #0X1E	;(R1=0x00000000 )
(             libc.so[0xCBC2B000])[21 D0       ]0x0000FE26:	BEQ	#0XCBC3AE6C
(             libc.so[0xCBC2B000])[9D 68       ]0x0000FE6C:	LDR	R5, [R3, #8]	;(R3=0xCBC79180 )
(             libc.so[0xCBC2B000])[AC 42       ]0x0000FE6E:	CMP	R4, R5	;(R4=0x00000018 R5=0x00000000 )
(             libc.so[0xCBC2B000])[40 F2 3F 83 ]0x0000FE70:	BLS.W	#0XCBC3B4F2
(             libc.so[0xCBC2B000])[00 29       ]0x0000FE74:	CMP	R1, #0	;(R1=0x00000000 )
(             libc.so[0xCBC2B000])[74 D0       ]0x0000FE76:	BEQ	#0XCBC3AF62
(             libc.so[0xCBC2B000])[D3 F8 04 80 ]0x0000FF62:	LDR.W	R8, [R3, #4]	;(R3=0xCBC79180 )
(             libc.so[0xCBC2B000])[B8 F1 00 0F ]0x0000FF66:	CMP.W	R8, #0	;(R8=0x00000000 )
(             libc.so[0xCBC2B000])[00 F0 C2 82 ]0x0000FF6A:	BEQ.W	#0XCBC3B4F2
(             libc.so[0xCBC2B000])[DF F8 E0 34 ]0x000104F2:	LDR.W	R3, [PC, #0X4E0]	;(PC=0xCBC3B4F2 )
(             libc.so[0xCBC2B000])[7B 44       ]0x000104F6:	ADD	R3, PC	;(R3=0x0003DC86 PC=0xCBC3B4F6 )
(             libc.so[0xCBC2B000])[98 68       ]0x000104F8:	LDR	R0, [R3, #8]	;(R3=0xCBC79180 )
(             libc.so[0xCBC2B000])[84 42       ]0x000104FA:	CMP	R4, R0	;(R4=0x00000018 R0=0x00000000 )
(             libc.so[0xCBC2B000])[19 D8       ]0x000104FC:	BHI	#0XCBC3B532
(             libc.so[0xCBC2B000])[DE 68       ]0x00010532:	LDR	R6, [R3, #0XC]	;(R3=0xCBC79180 )
(             libc.so[0xCBC2B000])[B4 42       ]0x00010534:	CMP	R4, R6	;(R4=0x00000018 R6=0x00000E70 )
(             libc.so[0xCBC2B000])[01 D2       ]0x00010536:	BHS	#0XCBC3B53C
(             libc.so[0xCBC2B000])[00 F0 7B BC ]0x00010538:	B.W	#0XCBC3BE32
(             libc.so[0xCBC2B000])[30 1B       ]0x00010E32:	SUBS	R0, R6, R4	;(R6=0x00000E70 R4=0x00000018 )
(             libc.so[0xCBC2B000])[9E 69       ]0x00010E34:	LDR	R6, [R3, #0X18]	;(R3=0xCBC79180 )
(             libc.so[0xCBC2B000])[D8 60       ]0x00010E36:	STR	R0, [R3, #0XC]	;(R0=0x00000E58 R3=0xCBC79180 )
(             libc.so[0xCBC2B000])[32 19       ]0x00010E38:	ADDS	R2, R6, R4	;(R6=0x30000168 R4=0x00000018 )
(             libc.so[0xCBC2B000])[9A 61       ]0x00010E3A:	STR	R2, [R3, #0X18]	;(R2=0x30000180 R3=0xCBC79180 )
(             libc.so[0xCBC2B000])[40 F0 01 03 ]0x00010E3C:	ORR	R3, R0, #1	;(R0=0x00000E58 )
(             libc.so[0xCBC2B000])[53 60       ]0x00010E40:	STR	R3, [R2, #4]	;(R3=0x00000E59 R2=0x30000180 )
(             libc.so[0xCBC2B000])[44 F0 03 04 ]0x00010E42:	ORR	R4, R4, #3	;(R4=0x00000018 )
(             libc.so[0xCBC2B000])[74 60       ]0x00010E46:	STR	R4, [R6, #4]	;(R4=0x0000001B R6=0x30000168 )
(             libc.so[0xCBC2B000])[08 36       ]0x00010E48:	ADDS	R6, #8	;(R6=0x30000168 )
(             libc.so[0xCBC2B000])[04 E0       ]0x00010E4A:	B	#0XCBC3BE56
(             libc.so[0xCBC2B000])[35 49       ]0x00010E56:	LDR	R1, [PC, #0XD4]	;(PC=0xCBC3BE56 )
(             libc.so[0xCBC2B000])[79 44       ]0x00010E58:	ADD	R1, PC	;(R1=0x0003D324 PC=0xCBC3BE58 )
(             libc.so[0xCBC2B000])[D1 F8 BC 21 ]0x00010E5A:	LDR.W	R2, [R1, #0X1BC]	;(R1=0xCBC79180 )
(             libc.so[0xCBC2B000])[93 07       ]0x00010E5E:	LSLS	R3, R2, #0X1E	;(R2=0x00000007 )
(             libc.so[0xCBC2B000])[3F D5       ]0x00010E60:	BPL	#0XCBC3BEE2
(             libc.so[0xCBC2B000])[01 F5 E0 70 ]0x00010E62:	ADD.W	R0, R1, #0X1C0	;(R1=0xCBC79180 )
(             libc.so[0xCBC2B000])[FD F7 3C ED ]0x00010E66:	BLX	#0XCBC398E0	;(PC=0xCBC3BE66 )
(             libc.so[0xCBC2B000])[BE FF FF EA ]0x0000E8E0:	B	#0XCBC397E0 ; pthread_mutex_unlock	;(PC=0xCBC398E0 )
(             libc.so[0xCBC2B000])[70 40 2D E9 ]0x0000E7E0:	PUSH	{R4, R5, R6, LR}	;(SP=0x100FFFB0 R4=0x0000001B R5=0x00000000 R6=0x30000170 LR=0xCBC3BE6B )
(             libc.so[0xCBC2B000])[00 40 50 E2 ]0x0000E7E4:	SUBS	R4, R0, #0	;(R0=0xCBC79340 )
(             libc.so[0xCBC2B000])[08 D0 4D E2 ]0x0000E7E8:	SUB	SP, SP, #8	;(SP=0x100FFFA0 )
(             libc.so[0xCBC2B000])[2B 00 00 0A ]0x0000E7EC:	BEQ	#0XCBC398A0	;(PC=0xCBC397EC )
(             libc.so[0xCBC2B000])[00 50 94 E5 ]0x0000E7F0:	LDR	R5, [R4]	;(R4=0xCBC79340 )
(             libc.so[0xCBC2B000])[03 69 15 E2 ]0x0000E7F4:	ANDS	R6, R5, #0XC000	;(R5=0x00000001 )
(             libc.so[0xCBC2B000])[02 1A 05 E2 ]0x0000E7F8:	AND	R1, R5, #0X2000	;(R5=0x00000001 )
(             libc.so[0xCBC2B000])[11 00 00 1A ]0x0000E7FC:	BNE	#0XCBC39848	;(PC=0xCBC397FC )
(             libc.so[0xCBC2B000])[5F F0 7F F5 ]0x0000E800:	DMB	SY
(             libc.so[0xCBC2B000])[9F 2F 94 E1 ]0x0000E804:	LDREX	R2, [R4]	;(R4=0xCBC79340 )
(             libc.so[0xCBC2B000])[01 30 42 E2 ]0x0000E808:	SUB	R3, R2, #1	;(R2=0x00000001 )
(             libc.so[0xCBC2B000])[93 5F 84 E1 ]0x0000E80C:	STREX	R5, R3, [R4]	;(R3=0x00000000 R4=0xCBC79340 )
(             libc.so[0xCBC2B000])[00 00 55 E3 ]0x0000E810:	CMP	R5, #0	;(R5=0x00000000 )
(             libc.so[0xCBC2B000])[FA FF FF 1A ]0x0000E814:	BNE	#0XCBC39804	;(PC=0xCBC39814 )
(             libc.so[0xCBC2B000])[01 C0 81 E3 ]0x0000E818:	ORR	IP, R1, #1	;(R1=0x00000000 )
(             libc.so[0xCBC2B000])[0C 00 52 E1 ]0x0000E81C:	CMP	R2, IP	;(R2=0x00000001 IP=0x00000001 )
(             libc.so[0xCBC2B000])[06 00 00 0A ]0x0000E820:	BEQ	#0XCBC39840	;(PC=0xCBC39820 )
(             libc.so[0xCBC2B000])[00 00 A0 E3 ]0x0000E840:	MOV	R0, #0
(             libc.so[0xCBC2B000])[FB FF FF EA ]0x0000E844:	B	#0XCBC39838	;(PC=0xCBC39844 )
(             libc.so[0xCBC2B000])[08 D0 8D E2 ]0x0000E838:	ADD	SP, SP, #8	;(SP=0x100FFF98 )
(             libc.so[0xCBC2B000])[70 80 BD E8 ]0x0000E83C:	POP	{R4, R5, R6, PC}	;(SP=0x100FFFA0 )
(             libc.so[0xCBC2B000])[3A E0       ]0x00010E6A:	B	#0XCBC3BEE2
(             libc.so[0xCBC2B000])[30 46       ]0x00010EE2:	MOV	R0, R6	;(R6=0x30000170 )
(             libc.so[0xCBC2B000])[BD E8 FE 8F ]0x00010EE4:	POP.W	{R1, R2, R3, R4, R5, R6, R7, R8, SB, SL, FP, PC}	;(SP=0x100FFFB0 )
(             libc.so[0xCBC2B000])[08 BD       ]0x0000DBF8:	POP	{R3, PC}	;(SP=0x100FFFE0 )
(        libstdc++.so[0xCBC8F000])[08 B9       ]0x0000091E:	CBNZ	R0, #0XCBC8F924	;(R0=0x30000170 )
(        libstdc++.so[0xCBC8F000])[08 BD       ]0x00000924:	POP	{R3, PC}	;(SP=0x100FFFE8 )
(  libmakeurl2.4.9.so[0xCBBCB000])[05 46       ]0x0000171E:	MOV	R5, R0	;(R0=0x30000170 )
(  libmakeurl2.4.9.so[0xCBBCB000])[1A F0 C0 FC ]0x00001720:	BL	#0XCBBE70A4	;(PC=0xCBBCC720 )
(  libmakeurl2.4.9.so[0xCBBCB000])[07 49       ]0x0001C0A4:	LDR	R1, [PC, #0X1C]	;(PC=0xCBBE70A4 )
(  libmakeurl2.4.9.so[0xCBBCB000])[02 1D       ]0x0001C0A6:	ADDS	R2, R0, #4	;(R0=0x30000170 )
(  libmakeurl2.4.9.so[0xCBBCB000])[4A F2 78 6C ]0x0001C0A8:	MOVW	IP, #0XA678
(  libmakeurl2.4.9.so[0xCBBCB000])[00 23       ]0x0001C0AC:	MOVS	R3, #0
(  libmakeurl2.4.9.so[0xCBBCB000])[79 44       ]0x0001C0AE:	ADD	R1, PC	;(R1=0x00028C5A PC=0xCBBE70AE )
(  libmakeurl2.4.9.so[0xCBBCB000])[C1 F2 3A 2C ]0x0001C0B0:	MOVT	IP, #0X123A	;(IP=0x0000A678 )
(  libmakeurl2.4.9.so[0xCBBCB000])[08 31       ]0x0001C0B4:	ADDS	R1, #8	;(R1=0xCBC0FD0C )
(  libmakeurl2.4.9.so[0xCBBCB000])[C0 E9 00 12 ]0x0001C0B6:	STRD	R1, R2, [R0]	;(R1=0xCBC0FD14 R2=0x30000174 R0=0x30000170 )
(  libmakeurl2.4.9.so[0xCBBCB000])[00 F1 08 01 ]0x0001C0BA:	ADD.W	R1, R0, #8	;(R0=0x30000170 )
(  libmakeurl2.4.9.so[0xCBBCB000])[81 E8 0C 10 ]0x0001C0BE:	STM.W	R1, {R2, R3, IP}	;(R1=0x30000178 R2=0x30000174 R3=0x00000000 IP=0x123AA678 )
(  libmakeurl2.4.9.so[0xCBBCB000])[70 47       ]0x0001C0C2:	BX	LR	;(LR=0xCBBCC725 )
(  libmakeurl2.4.9.so[0xCBBCB000])[C9 48       ]0x00001724:	LDR	R0, [PC, #0X324]	;(PC=0xCBBCC724 )
(  libmakeurl2.4.9.so[0xCBBCB000])[78 44       ]0x00001726:	ADD	R0, PC	;(R0=0x00043ABA PC=0xCBBCC726 )
(  libmakeurl2.4.9.so[0xCBBCB000])[05 60       ]0x00001728:	STR	R5, [R0]	;(R5=0x30000170 R0=0xCBC101E4 )
(  libmakeurl2.4.9.so[0xCBBCB000])[14 20       ]0x0000172A:	MOVS	R0, #0X14
(  libmakeurl2.4.9.so[0xCBBCB000])[FF F7 A6 EE ]0x0000172C:	BLX	#0XCBBCC47C	;(PC=0xCBBCC72C )
(  libmakeurl2.4.9.so[0xCBBCB000])[00 C6 8F E2 ]0x0000147C:	ADD	IP, PC, #0, #12	;(PC=0xCBBCC47C )
(  libmakeurl2.4.9.so[0xCBBCB000])[43 CA 8C E2 ]0x00001480:	ADD	IP, IP, #0X43000	;(IP=0xCBBCC484 )
(  libmakeurl2.4.9.so[0xCBBCB000])[00 FB BC E5 ]0x00001484:	LDR	PC, [IP, #0XB00]!	;(IP=0xCBC0F484 )
(        libstdc++.so[0xCBC8F000])[08 B5       ]0x00000918:	PUSH	{R3, LR} ; _Znaj	;(SP=0x100FFFF0 R3=0x00000000 LR=0xCBBCC731 )
(        libstdc++.so[0xCBC8F000])[FF F7 6E EF ]0x0000091A:	BLX	#0XCBC8F7F8	;(PC=0xCBC8F91A )
(        libstdc++.so[0xCBC8F000])[00 C6 8F E2 ]0x000007F8:	ADD	IP, PC, #0, #12	;(PC=0xCBC8F7F8 )
(        libstdc++.so[0xCBC8F000])[01 CA 8C E2 ]0x000007FC:	ADD	IP, IP, #0X1000	;(IP=0xCBC8F800 )
(        libstdc++.so[0xCBC8F000])[F0 F7 BC E5 ]0x00000800:	LDR	PC, [IP, #0X7F0]!	;(IP=0xCBC90800 )
(             libc.so[0xCBC2B000])[08 B5       ]0x0000DBEC:	PUSH	{R3, LR} ; malloc	;(SP=0x100FFFE8 R3=0x00000000 LR=0xCBC8F91F )
(             libc.so[0xCBC2B000])[03 4B       ]0x0000DBEE:	LDR	R3, [PC, #0XC]	;(PC=0xCBC38BEE )
(             libc.so[0xCBC2B000])[7B 44       ]0x0000DBF0:	ADD	R3, PC	;(R3=0x0003C40C PC=0xCBC38BF0 )
(             libc.so[0xCBC2B000])[19 68       ]0x0000DBF2:	LDR	R1, [R3]	;(R3=0xCBC75000 )
(             libc.so[0xCBC2B000])[0A 68       ]0x0000DBF4:	LDR	R2, [R1]	;(R1=0xCBC74E00 )
(             libc.so[0xCBC2B000])[90 47       ]0x0000DBF6:	BLX	R2	;(PC=0xCBC38BF6 R2=0xCBC3ADCD )
(             libc.so[0xCBC2B000])[DF F8 A4 3B ]0x0000FDCC:	LDR.W	R3, [PC, #0XBA4] ; dlmalloc	;(PC=0xCBC3ADCC )
(             libc.so[0xCBC2B000])[2D E9 F7 4F ]0x0000FDD0:	PUSH.W	{R0, R1, R2, R4, R5, R6, R7, R8, SB, SL, FP, LR}	;(SP=0x100FFFE0 R0=0x00000014 R1=0xCBC74E00 R2=0xCBC3ADCD R4=0x00000000 R5=0x30000170 R6=0x00000000 R7=0x100FFFF8 R8=0x00000000 SB=0x00000000 SL=0x00000000 FP=0x00000000 LR=0xCBC38BF9 )
(             libc.so[0xCBC2B000])[7B 44       ]0x0000FDD4:	ADD	R3, PC	;(R3=0x0003E588 PC=0xCBC3ADD4 )
(             libc.so[0xCBC2B000])[04 46       ]0x0000FDD6:	MOV	R4, R0	;(R0=0x00000014 )
(             libc.so[0xCBC2B000])[18 68       ]0x0000FDD8:	LDR	R0, [R3]	;(R3=0xCBC79360 )
(             libc.so[0xCBC2B000])[08 B9       ]0x0000FDDA:	CBNZ	R0, #0XCBC3ADE0	;(R0=0x0B13C7D8 )
(             libc.so[0xCBC2B000])[DF F8 94 1B ]0x0000FDE0:	LDR.W	R1, [PC, #0XB94]	;(PC=0xCBC3ADE0 )
(             libc.so[0xCBC2B000])[79 44       ]0x0000FDE4:	ADD	R1, PC	;(R1=0x0003E398 PC=0xCBC3ADE4 )
(             libc.so[0xCBC2B000])[D1 F8 BC 21 ]0x0000FDE6:	LDR.W	R2, [R1, #0X1BC]	;(R1=0xCBC79180 )
(             libc.so[0xCBC2B000])[93 07       ]0x0000FDEA:	LSLS	R3, R2, #0X1E	;(R2=0x00000007 )
(             libc.so[0xCBC2B000])[02 D4       ]0x0000FDEC:	BMI	#0XCBC3ADF4
(             libc.so[0xCBC2B000])[01 F5 E0 70 ]0x0000FDF4:	ADD.W	R0, R1, #0X1C0	;(R1=0xCBC79180 )
(             libc.so[0xCBC2B000])[00 26       ]0x0000FDF8:	MOVS	R6, #0
(             libc.so[0xCBC2B000])[FE F7 F0 EC ]0x0000FDFA:	BLX	#0XCBC397DC	;(PC=0xCBC3ADFA )
(             libc.so[0xCBC2B000])[90 FF FF EA ]0x0000E7DC:	B	#0XCBC39624 ; pthread_mutex_lock	;(PC=0xCBC397DC )
(             libc.so[0xCBC2B000])[F0 41 2D E9 ]0x0000E624:	PUSH	{R4, R5, R6, R7, R8, LR}	;(SP=0x100FFFB0 R4=0x00000014 R5=0x30000170 R6=0x00000000 R7=0x100FFFF8 R8=0x00000000 LR=0xCBC3ADFF )
(             libc.so[0xCBC2B000])[00 40 50 E2 ]0x0000E628:	SUBS	R4, R0, #0	;(R0=0xCBC79340 )
(             libc.so[0xCBC2B000])[1B 00 00 0A ]0x0000E62C:	BEQ	#0XCBC396A0	;(PC=0xCBC3962C )
(             libc.so[0xCBC2B000])[00 50 94 E5 ]0x0000E630:	LDR	R5, [R4]	;(R4=0xCBC79340 )
(             libc.so[0xCBC2B000])[03 79 15 E2 ]0x0000E634:	ANDS	R7, R5, #0XC000	;(R5=0x00000000 )
(             libc.so[0xCBC2B000])[02 6A 05 E2 ]0x0000E638:	AND	R6, R5, #0X2000	;(R5=0x00000000 )
(             libc.so[0xCBC2B000])[19 00 00 1A ]0x0000E63C:	BNE	#0XCBC396A8	;(PC=0xCBC3963C )
(             libc.so[0xCBC2B000])[01 00 86 E3 ]0x0000E640:	ORR	R0, R6, #1	;(R6=0x00000000 )
(             libc.so[0xCBC2B000])[9F 3F 94 E1 ]0x0000E644:	LDREX	R3, [R4]	;(R4=0xCBC79340 )
(             libc.so[0xCBC2B000])[00 10 A0 E3 ]0x0000E648:	MOV	R1, #0
(             libc.so[0xCBC2B000])[06 00 33 E1 ]0x0000E64C:	TEQ	R3, R6	;(R3=0x00000000 R6=0x00000000 )
(             libc.so[0xCBC2B000])[90 1F 84 01 ]0x0000E650:	STREXEQ	R1, R0, [R4]	;(R0=0x00000001 R4=0xCBC79340 )
(             libc.so[0xCBC2B000])[00 00 51 E3 ]0x0000E654:	CMP	R1, #0	;(R1=0x00000000 )
(             libc.so[0xCBC2B000])[F9 FF FF 1A ]0x0000E658:	BNE	#0XCBC39644	;(PC=0xCBC39658 )
(             libc.so[0xCBC2B000])[03 00 56 E1 ]0x0000E65C:	CMP	R6, R3	;(R6=0x00000000 R3=0x00000000 )
(             libc.so[0xCBC2B000])[02 50 86 13 ]0x0000E660:	ORRNE	R5, R6, #2	;(R6=0x00000000 )
(             libc.so[0xCBC2B000])[01 00 00 1A ]0x0000E664:	BNE	#0XCBC39670	;(PC=0xCBC39664 )
(             libc.so[0xCBC2B000])[09 00 00 EA ]0x0000E668:	B	#0XCBC39694	;(PC=0xCBC39668 )
(             libc.so[0xCBC2B000])[5F F0 7F F5 ]0x0000E694:	DMB	SY
(             libc.so[0xCBC2B000])[00 00 A0 E3 ]0x0000E698:	MOV	R0, #0
(             libc.so[0xCBC2B000])[F0 81 BD E8 ]0x0000E69C:	POP	{R4, R5, R6, R7, R8, PC}	;(SP=0x100FFF98 )
(             libc.so[0xCBC2B000])[00 28       ]0x0000FDFE:	CMP	R0, #0	;(R0=0x00000000 )
(             libc.so[0xCBC2B000])[41 F0 6F 80 ]0x0000FE00:	BNE.W	#0XCBC3BEE2
(             libc.so[0xCBC2B000])[F3 E7       ]0x0000FE04:	B	#0XCBC3ADEE
(             libc.so[0xCBC2B000])[F4 2C       ]0x0000FDEE:	CMP	R4, #0XF4	;(R4=0x00000014 )
(             libc.so[0xCBC2B000])[09 D9       ]0x0000FDF0:	BLS	#0XCBC3AE06
(             libc.so[0xCBC2B000])[0A 2C       ]0x0000FE06:	CMP	R4, #0XA	;(R4=0x00000014 )
(             libc.so[0xCBC2B000])[03 D9       ]0x0000FE08:	BLS	#0XCBC3AE12
(             libc.so[0xCBC2B000])[0B 34       ]0x0000FE0A:	ADDS	R4, #0XB	;(R4=0x00000014 )
(             libc.so[0xCBC2B000])[24 F0 07 04 ]0x0000FE0C:	BIC	R4, R4, #7	;(R4=0x0000001F )
(             libc.so[0xCBC2B000])[00 E0       ]0x0000FE10:	B	#0XCBC3AE14
(             libc.so[0xCBC2B000])[DF F8 68 3B ]0x0000FE14:	LDR.W	R3, [PC, #0XB68]	;(PC=0xCBC3AE14 )
(             libc.so[0xCBC2B000])[E2 08       ]0x0000FE18:	LSRS	R2, R4, #3	;(R4=0x00000018 )
(             libc.so[0xCBC2B000])[7B 44       ]0x0000FE1A:	ADD	R3, PC	;(R3=0x0003E362 PC=0xCBC3AE1A )
(             libc.so[0xCBC2B000])[18 68       ]0x0000FE1C:	LDR	R0, [R3]	;(R3=0xCBC79180 )
(             libc.so[0xCBC2B000])[20 FA 02 F1 ]0x0000FE1E:	LSR.W	R1, R0, R2	;(R0=0x00000000 R2=0x00000003 )
(             libc.so[0xCBC2B000])[01 90       ]0x0000FE22:	STR	R0, [SP, #4]	;(R0=0x00000000 SP=0x100FFFB0 )
(             libc.so[0xCBC2B000])[8E 07       ]0x0000FE24:	LSLS	R6, R1, #0X1E	;(R1=0x00000000 )
(             libc.so[0xCBC2B000])[21 D0       ]0x0000FE26:	BEQ	#0XCBC3AE6C
(             libc.so[0xCBC2B000])[9D 68       ]0x0000FE6C:	LDR	R5, [R3, #8]	;(R3=0xCBC79180 )
(             libc.so[0xCBC2B000])[AC 42       ]0x0000FE6E:	CMP	R4, R5	;(R4=0x00000018 R5=0x00000000 )
(             libc.so[0xCBC2B000])[40 F2 3F 83 ]0x0000FE70:	BLS.W	#0XCBC3B4F2
(             libc.so[0xCBC2B000])[00 29       ]0x0000FE74:	CMP	R1, #0	;(R1=0x00000000 )
(             libc.so[0xCBC2B000])[74 D0       ]0x0000FE76:	BEQ	#0XCBC3AF62
(             libc.so[0xCBC2B000])[D3 F8 04 80 ]0x0000FF62:	LDR.W	R8, [R3, #4]	;(R3=0xCBC79180 )
(             libc.so[0xCBC2B000])[B8 F1 00 0F ]0x0000FF66:	CMP.W	R8, #0	;(R8=0x00000000 )
(             libc.so[0xCBC2B000])[00 F0 C2 82 ]0x0000FF6A:	BEQ.W	#0XCBC3B4F2
(             libc.so[0xCBC2B000])[DF F8 E0 34 ]0x000104F2:	LDR.W	R3, [PC, #0X4E0]	;(PC=0xCBC3B4F2 )
(             libc.so[0xCBC2B000])[7B 44       ]0x000104F6:	ADD	R3, PC	;(R3=0x0003DC86 PC=0xCBC3B4F6 )
(             libc.so[0xCBC2B000])[98 68       ]0x000104F8:	LDR	R0, [R3, #8]	;(R3=0xCBC79180 )
(             libc.so[0xCBC2B000])[84 42       ]0x000104FA:	CMP	R4, R0	;(R4=0x00000018 R0=0x00000000 )
(             libc.so[0xCBC2B000])[19 D8       ]0x000104FC:	BHI	#0XCBC3B532
(             libc.so[0xCBC2B000])[DE 68       ]0x00010532:	LDR	R6, [R3, #0XC]	;(R3=0xCBC79180 )
(             libc.so[0xCBC2B000])[B4 42       ]0x00010534:	CMP	R4, R6	;(R4=0x00000018 R6=0x00000E58 )
(             libc.so[0xCBC2B000])[01 D2       ]0x00010536:	BHS	#0XCBC3B53C
(             libc.so[0xCBC2B000])[00 F0 7B BC ]0x00010538:	B.W	#0XCBC3BE32
(             libc.so[0xCBC2B000])[30 1B       ]0x00010E32:	SUBS	R0, R6, R4	;(R6=0x00000E58 R4=0x00000018 )
(             libc.so[0xCBC2B000])[9E 69       ]0x00010E34:	LDR	R6, [R3, #0X18]	;(R3=0xCBC79180 )
(             libc.so[0xCBC2B000])[D8 60       ]0x00010E36:	STR	R0, [R3, #0XC]	;(R0=0x00000E40 R3=0xCBC79180 )
(             libc.so[0xCBC2B000])[32 19       ]0x00010E38:	ADDS	R2, R6, R4	;(R6=0x30000180 R4=0x00000018 )
(             libc.so[0xCBC2B000])[9A 61       ]0x00010E3A:	STR	R2, [R3, #0X18]	;(R2=0x30000198 R3=0xCBC79180 )
(             libc.so[0xCBC2B000])[40 F0 01 03 ]0x00010E3C:	ORR	R3, R0, #1	;(R0=0x00000E40 )
(             libc.so[0xCBC2B000])[53 60       ]0x00010E40:	STR	R3, [R2, #4]	;(R3=0x00000E41 R2=0x30000198 )
(             libc.so[0xCBC2B000])[44 F0 03 04 ]0x00010E42:	ORR	R4, R4, #3	;(R4=0x00000018 )
(             libc.so[0xCBC2B000])[74 60       ]0x00010E46:	STR	R4, [R6, #4]	;(R4=0x0000001B R6=0x30000180 )
(             libc.so[0xCBC2B000])[08 36       ]0x00010E48:	ADDS	R6, #8	;(R6=0x30000180 )
(             libc.so[0xCBC2B000])[04 E0       ]0x00010E4A:	B	#0XCBC3BE56
(             libc.so[0xCBC2B000])[35 49       ]0x00010E56:	LDR	R1, [PC, #0XD4]	;(PC=0xCBC3BE56 )
(             libc.so[0xCBC2B000])[79 44       ]0x00010E58:	ADD	R1, PC	;(R1=0x0003D324 PC=0xCBC3BE58 )
(             libc.so[0xCBC2B000])[D1 F8 BC 21 ]0x00010E5A:	LDR.W	R2, [R1, #0X1BC]	;(R1=0xCBC79180 )
(             libc.so[0xCBC2B000])[93 07       ]0x00010E5E:	LSLS	R3, R2, #0X1E	;(R2=0x00000007 )
(             libc.so[0xCBC2B000])[3F D5       ]0x00010E60:	BPL	#0XCBC3BEE2
(             libc.so[0xCBC2B000])[01 F5 E0 70 ]0x00010E62:	ADD.W	R0, R1, #0X1C0	;(R1=0xCBC79180 )
(             libc.so[0xCBC2B000])[FD F7 3C ED ]0x00010E66:	BLX	#0XCBC398E0	;(PC=0xCBC3BE66 )
(             libc.so[0xCBC2B000])[BE FF FF EA ]0x0000E8E0:	B	#0XCBC397E0 ; pthread_mutex_unlock	;(PC=0xCBC398E0 )
(             libc.so[0xCBC2B000])[70 40 2D E9 ]0x0000E7E0:	PUSH	{R4, R5, R6, LR}	;(SP=0x100FFFB0 R4=0x0000001B R5=0x00000000 R6=0x30000188 LR=0xCBC3BE6B )
(             libc.so[0xCBC2B000])[00 40 50 E2 ]0x0000E7E4:	SUBS	R4, R0, #0	;(R0=0xCBC79340 )
(             libc.so[0xCBC2B000])[08 D0 4D E2 ]0x0000E7E8:	SUB	SP, SP, #8	;(SP=0x100FFFA0 )
(             libc.so[0xCBC2B000])[2B 00 00 0A ]0x0000E7EC:	BEQ	#0XCBC398A0	;(PC=0xCBC397EC )
(             libc.so[0xCBC2B000])[00 50 94 E5 ]0x0000E7F0:	LDR	R5, [R4]	;(R4=0xCBC79340 )
(             libc.so[0xCBC2B000])[03 69 15 E2 ]0x0000E7F4:	ANDS	R6, R5, #0XC000	;(R5=0x00000001 )
(             libc.so[0xCBC2B000])[02 1A 05 E2 ]0x0000E7F8:	AND	R1, R5, #0X2000	;(R5=0x00000001 )
(             libc.so[0xCBC2B000])[11 00 00 1A ]0x0000E7FC:	BNE	#0XCBC39848	;(PC=0xCBC397FC )
(             libc.so[0xCBC2B000])[5F F0 7F F5 ]0x0000E800:	DMB	SY
(             libc.so[0xCBC2B000])[9F 2F 94 E1 ]0x0000E804:	LDREX	R2, [R4]	;(R4=0xCBC79340 )
(             libc.so[0xCBC2B000])[01 30 42 E2 ]0x0000E808:	SUB	R3, R2, #1	;(R2=0x00000001 )
(             libc.so[0xCBC2B000])[93 5F 84 E1 ]0x0000E80C:	STREX	R5, R3, [R4]	;(R3=0x00000000 R4=0xCBC79340 )
(             libc.so[0xCBC2B000])[00 00 55 E3 ]0x0000E810:	CMP	R5, #0	;(R5=0x00000000 )
(             libc.so[0xCBC2B000])[FA FF FF 1A ]0x0000E814:	BNE	#0XCBC39804	;(PC=0xCBC39814 )
(             libc.so[0xCBC2B000])[01 C0 81 E3 ]0x0000E818:	ORR	IP, R1, #1	;(R1=0x00000000 )
(             libc.so[0xCBC2B000])[0C 00 52 E1 ]0x0000E81C:	CMP	R2, IP	;(R2=0x00000001 IP=0x00000001 )
(             libc.so[0xCBC2B000])[06 00 00 0A ]0x0000E820:	BEQ	#0XCBC39840	;(PC=0xCBC39820 )
(             libc.so[0xCBC2B000])[00 00 A0 E3 ]0x0000E840:	MOV	R0, #0
(             libc.so[0xCBC2B000])[FB FF FF EA ]0x0000E844:	B	#0XCBC39838	;(PC=0xCBC39844 )
(             libc.so[0xCBC2B000])[08 D0 8D E2 ]0x0000E838:	ADD	SP, SP, #8	;(SP=0x100FFF98 )
(             libc.so[0xCBC2B000])[70 80 BD E8 ]0x0000E83C:	POP	{R4, R5, R6, PC}	;(SP=0x100FFFA0 )
(             libc.so[0xCBC2B000])[3A E0       ]0x00010E6A:	B	#0XCBC3BEE2
(             libc.so[0xCBC2B000])[30 46       ]0x00010EE2:	MOV	R0, R6	;(R6=0x30000188 )
(             libc.so[0xCBC2B000])[BD E8 FE 8F ]0x00010EE4:	POP.W	{R1, R2, R3, R4, R5, R6, R7, R8, SB, SL, FP, PC}	;(SP=0x100FFFB0 )
(             libc.so[0xCBC2B000])[08 BD       ]0x0000DBF8:	POP	{R3, PC}	;(SP=0x100FFFE0 )
(        libstdc++.so[0xCBC8F000])[08 B9       ]0x0000091E:	CBNZ	R0, #0XCBC8F924	;(R0=0x30000188 )
(        libstdc++.so[0xCBC8F000])[08 BD       ]0x00000924:	POP	{R3, PC}	;(SP=0x100FFFE8 )
(  libmakeurl2.4.9.so[0xCBBCB000])[05 46       ]0x00001730:	MOV	R5, R0	;(R0=0x30000188 )
(  libmakeurl2.4.9.so[0xCBBCB000])[1B F0 91 F9 ]0x00001732:	BL	#0XCBBE7A58	;(PC=0xCBBCC732 )
(  libmakeurl2.4.9.so[0xCBBCB000])[07 49       ]0x0001CA58:	LDR	R1, [PC, #0X1C]	;(PC=0xCBBE7A58 )
(  libmakeurl2.4.9.so[0xCBBCB000])[02 46       ]0x0001CA5A:	MOV	R2, R0	;(R0=0x30000188 )
(  libmakeurl2.4.9.so[0xCBBCB000])[79 44       ]0x0001CA5C:	ADD	R1, PC	;(R1=0x000282D8 PC=0xCBBE7A5C )
(  libmakeurl2.4.9.so[0xCBBCB000])[08 31       ]0x0001CA5E:	ADDS	R1, #8	;(R1=0xCBC0FD38 )
(  libmakeurl2.4.9.so[0xCBBCB000])[01 60       ]0x0001CA60:	STR	R1, [R0]	;(R1=0xCBC0FD40 R0=0x30000188 )
(  libmakeurl2.4.9.so[0xCBBCB000])[00 21       ]0x0001CA62:	MOVS	R1, #0
(  libmakeurl2.4.9.so[0xCBBCB000])[42 F8 08 1F ]0x0001CA64:	STR	R1, [R2, #8]!	;(R1=0x00000000 R2=0x30000188 )
(  libmakeurl2.4.9.so[0xCBBCB000])[C1 60       ]0x0001CA68:	STR	R1, [R0, #0XC]	;(R1=0x00000000 R0=0x30000188 )
(  libmakeurl2.4.9.so[0xCBBCB000])[45 F2 78 61 ]0x0001CA6A:	MOVW	R1, #0X5678
(  libmakeurl2.4.9.so[0xCBBCB000])[C1 F2 34 21 ]0x0001CA6E:	MOVT	R1, #0X1234	;(R1=0x00005678 )
(  libmakeurl2.4.9.so[0xCBBCB000])[42 60       ]0x0001CA72:	STR	R2, [R0, #4]	;(R2=0x30000190 R0=0x30000188 )
(  libmakeurl2.4.9.so[0xCBBCB000])[01 61       ]0x0001CA74:	STR	R1, [R0, #0X10]	;(R1=0x12345678 R0=0x30000188 )
(  libmakeurl2.4.9.so[0xCBBCB000])[70 47       ]0x0001CA76:	BX	LR	;(LR=0xCBBCC737 )
(  libmakeurl2.4.9.so[0xCBBCB000])[C6 48       ]0x00001736:	LDR	R0, [PC, #0X318]	;(PC=0xCBBCC736 )
(  libmakeurl2.4.9.so[0xCBBCB000])[78 44       ]0x00001738:	ADD	R0, PC	;(R0=0x00043AAC PC=0xCBBCC738 )
(  libmakeurl2.4.9.so[0xCBBCB000])[05 60       ]0x0000173A:	STR	R5, [R0]	;(R5=0x30000188 R0=0xCBC101E8 )
(  libmakeurl2.4.9.so[0xCBBCB000])[14 20       ]0x0000173C:	MOVS	R0, #0X14
(  libmakeurl2.4.9.so[0xCBBCB000])[FF F7 9E EE ]0x0000173E:	BLX	#0XCBBCC47C	;(PC=0xCBBCC73E )
(  libmakeurl2.4.9.so[0xCBBCB000])[00 C6 8F E2 ]0x0000147C:	ADD	IP, PC, #0, #12	;(PC=0xCBBCC47C )
(  libmakeurl2.4.9.so[0xCBBCB000])[43 CA 8C E2 ]0x00001480:	ADD	IP, IP, #0X43000	;(IP=0xCBBCC484 )
(  libmakeurl2.4.9.so[0xCBBCB000])[00 FB BC E5 ]0x00001484:	LDR	PC, [IP, #0XB00]!	;(IP=0xCBC0F484 )
(        libstdc++.so[0xCBC8F000])[08 B5       ]0x00000918:	PUSH	{R3, LR} ; _Znaj	;(SP=0x100FFFF0 R3=0x00000000 LR=0xCBBCC743 )
(        libstdc++.so[0xCBC8F000])[FF F7 6E EF ]0x0000091A:	BLX	#0XCBC8F7F8	;(PC=0xCBC8F91A )
(        libstdc++.so[0xCBC8F000])[00 C6 8F E2 ]0x000007F8:	ADD	IP, PC, #0, #12	;(PC=0xCBC8F7F8 )
(        libstdc++.so[0xCBC8F000])[01 CA 8C E2 ]0x000007FC:	ADD	IP, IP, #0X1000	;(IP=0xCBC8F800 )
(        libstdc++.so[0xCBC8F000])[F0 F7 BC E5 ]0x00000800:	LDR	PC, [IP, #0X7F0]!	;(IP=0xCBC90800 )
(             libc.so[0xCBC2B000])[08 B5       ]0x0000DBEC:	PUSH	{R3, LR} ; malloc	;(SP=0x100FFFE8 R3=0x00000000 LR=0xCBC8F91F )
(             libc.so[0xCBC2B000])[03 4B       ]0x0000DBEE:	LDR	R3, [PC, #0XC]	;(PC=0xCBC38BEE )
(             libc.so[0xCBC2B000])[7B 44       ]0x0000DBF0:	ADD	R3, PC	;(R3=0x0003C40C PC=0xCBC38BF0 )
(             libc.so[0xCBC2B000])[19 68       ]0x0000DBF2:	LDR	R1, [R3]	;(R3=0xCBC75000 )
(             libc.so[0xCBC2B000])[0A 68       ]0x0000DBF4:	LDR	R2, [R1]	;(R1=0xCBC74E00 )
(             libc.so[0xCBC2B000])[90 47       ]0x0000DBF6:	BLX	R2	;(PC=0xCBC38BF6 R2=0xCBC3ADCD )
(             libc.so[0xCBC2B000])[DF F8 A4 3B ]0x0000FDCC:	LDR.W	R3, [PC, #0XBA4] ; dlmalloc	;(PC=0xCBC3ADCC )
(             libc.so[0xCBC2B000])[2D E9 F7 4F ]0x0000FDD0:	PUSH.W	{R0, R1, R2, R4, R5, R6, R7, R8, SB, SL, FP, LR}	;(SP=0x100FFFE0 R0=0x00000014 R1=0xCBC74E00 R2=0xCBC3ADCD R4=0x00000000 R5=0x30000188 R6=0x00000000 R7=0x100FFFF8 R8=0x00000000 SB=0x00000000 SL=0x00000000 FP=0x00000000 LR=0xCBC38BF9 )
(             libc.so[0xCBC2B000])[7B 44       ]0x0000FDD4:	ADD	R3, PC	;(R3=0x0003E588 PC=0xCBC3ADD4 )
(             libc.so[0xCBC2B000])[04 46       ]0x0000FDD6:	MOV	R4, R0	;(R0=0x00000014 )
(             libc.so[0xCBC2B000])[18 68       ]0x0000FDD8:	LDR	R0, [R3]	;(R3=0xCBC79360 )
(             libc.so[0xCBC2B000])[08 B9       ]0x0000FDDA:	CBNZ	R0, #0XCBC3ADE0	;(R0=0x0B13C7D8 )
(             libc.so[0xCBC2B000])[DF F8 94 1B ]0x0000FDE0:	LDR.W	R1, [PC, #0XB94]	;(PC=0xCBC3ADE0 )
(             libc.so[0xCBC2B000])[79 44       ]0x0000FDE4:	ADD	R1, PC	;(R1=0x0003E398 PC=0xCBC3ADE4 )
(             libc.so[0xCBC2B000])[D1 F8 BC 21 ]0x0000FDE6:	LDR.W	R2, [R1, #0X1BC]	;(R1=0xCBC79180 )
(             libc.so[0xCBC2B000])[93 07       ]0x0000FDEA:	LSLS	R3, R2, #0X1E	;(R2=0x00000007 )
(             libc.so[0xCBC2B000])[02 D4       ]0x0000FDEC:	BMI	#0XCBC3ADF4
(             libc.so[0xCBC2B000])[01 F5 E0 70 ]0x0000FDF4:	ADD.W	R0, R1, #0X1C0	;(R1=0xCBC79180 )
(             libc.so[0xCBC2B000])[00 26       ]0x0000FDF8:	MOVS	R6, #0
(             libc.so[0xCBC2B000])[FE F7 F0 EC ]0x0000FDFA:	BLX	#0XCBC397DC	;(PC=0xCBC3ADFA )
(             libc.so[0xCBC2B000])[90 FF FF EA ]0x0000E7DC:	B	#0XCBC39624 ; pthread_mutex_lock	;(PC=0xCBC397DC )
(             libc.so[0xCBC2B000])[F0 41 2D E9 ]0x0000E624:	PUSH	{R4, R5, R6, R7, R8, LR}	;(SP=0x100FFFB0 R4=0x00000014 R5=0x30000188 R6=0x00000000 R7=0x100FFFF8 R8=0x00000000 LR=0xCBC3ADFF )
(             libc.so[0xCBC2B000])[00 40 50 E2 ]0x0000E628:	SUBS	R4, R0, #0	;(R0=0xCBC79340 )
(             libc.so[0xCBC2B000])[1B 00 00 0A ]0x0000E62C:	BEQ	#0XCBC396A0	;(PC=0xCBC3962C )
(             libc.so[0xCBC2B000])[00 50 94 E5 ]0x0000E630:	LDR	R5, [R4]	;(R4=0xCBC79340 )
(             libc.so[0xCBC2B000])[03 79 15 E2 ]0x0000E634:	ANDS	R7, R5, #0XC000	;(R5=0x00000000 )
(             libc.so[0xCBC2B000])[02 6A 05 E2 ]0x0000E638:	AND	R6, R5, #0X2000	;(R5=0x00000000 )
(             libc.so[0xCBC2B000])[19 00 00 1A ]0x0000E63C:	BNE	#0XCBC396A8	;(PC=0xCBC3963C )
(             libc.so[0xCBC2B000])[01 00 86 E3 ]0x0000E640:	ORR	R0, R6, #1	;(R6=0x00000000 )
(             libc.so[0xCBC2B000])[9F 3F 94 E1 ]0x0000E644:	LDREX	R3, [R4]	;(R4=0xCBC79340 )
(             libc.so[0xCBC2B000])[00 10 A0 E3 ]0x0000E648:	MOV	R1, #0
(             libc.so[0xCBC2B000])[06 00 33 E1 ]0x0000E64C:	TEQ	R3, R6	;(R3=0x00000000 R6=0x00000000 )
(             libc.so[0xCBC2B000])[90 1F 84 01 ]0x0000E650:	STREXEQ	R1, R0, [R4]	;(R0=0x00000001 R4=0xCBC79340 )
(             libc.so[0xCBC2B000])[00 00 51 E3 ]0x0000E654:	CMP	R1, #0	;(R1=0x00000000 )
(             libc.so[0xCBC2B000])[F9 FF FF 1A ]0x0000E658:	BNE	#0XCBC39644	;(PC=0xCBC39658 )
(             libc.so[0xCBC2B000])[03 00 56 E1 ]0x0000E65C:	CMP	R6, R3	;(R6=0x00000000 R3=0x00000000 )
(             libc.so[0xCBC2B000])[02 50 86 13 ]0x0000E660:	ORRNE	R5, R6, #2	;(R6=0x00000000 )
(             libc.so[0xCBC2B000])[01 00 00 1A ]0x0000E664:	BNE	#0XCBC39670	;(PC=0xCBC39664 )
(             libc.so[0xCBC2B000])[09 00 00 EA ]0x0000E668:	B	#0XCBC39694	;(PC=0xCBC39668 )
(             libc.so[0xCBC2B000])[5F F0 7F F5 ]0x0000E694:	DMB	SY
(             libc.so[0xCBC2B000])[00 00 A0 E3 ]0x0000E698:	MOV	R0, #0
(             libc.so[0xCBC2B000])[F0 81 BD E8 ]0x0000E69C:	POP	{R4, R5, R6, R7, R8, PC}	;(SP=0x100FFF98 )
(             libc.so[0xCBC2B000])[00 28       ]0x0000FDFE:	CMP	R0, #0	;(R0=0x00000000 )
(             libc.so[0xCBC2B000])[41 F0 6F 80 ]0x0000FE00:	BNE.W	#0XCBC3BEE2
(             libc.so[0xCBC2B000])[F3 E7       ]0x0000FE04:	B	#0XCBC3ADEE
(             libc.so[0xCBC2B000])[F4 2C       ]0x0000FDEE:	CMP	R4, #0XF4	;(R4=0x00000014 )
(             libc.so[0xCBC2B000])[09 D9       ]0x0000FDF0:	BLS	#0XCBC3AE06
(             libc.so[0xCBC2B000])[0A 2C       ]0x0000FE06:	CMP	R4, #0XA	;(R4=0x00000014 )
(             libc.so[0xCBC2B000])[03 D9       ]0x0000FE08:	BLS	#0XCBC3AE12
(             libc.so[0xCBC2B000])[0B 34       ]0x0000FE0A:	ADDS	R4, #0XB	;(R4=0x00000014 )
(             libc.so[0xCBC2B000])[24 F0 07 04 ]0x0000FE0C:	BIC	R4, R4, #7	;(R4=0x0000001F )
(             libc.so[0xCBC2B000])[00 E0       ]0x0000FE10:	B	#0XCBC3AE14
(             libc.so[0xCBC2B000])[DF F8 68 3B ]0x0000FE14:	LDR.W	R3, [PC, #0XB68]	;(PC=0xCBC3AE14 )
(             libc.so[0xCBC2B000])[E2 08       ]0x0000FE18:	LSRS	R2, R4, #3	;(R4=0x00000018 )
(             libc.so[0xCBC2B000])[7B 44       ]0x0000FE1A:	ADD	R3, PC	;(R3=0x0003E362 PC=0xCBC3AE1A )
(             libc.so[0xCBC2B000])[18 68       ]0x0000FE1C:	LDR	R0, [R3]	;(R3=0xCBC79180 )
(             libc.so[0xCBC2B000])[20 FA 02 F1 ]0x0000FE1E:	LSR.W	R1, R0, R2	;(R0=0x00000000 R2=0x00000003 )
(             libc.so[0xCBC2B000])[01 90       ]0x0000FE22:	STR	R0, [SP, #4]	;(R0=0x00000000 SP=0x100FFFB0 )
(             libc.so[0xCBC2B000])[8E 07       ]0x0000FE24:	LSLS	R6, R1, #0X1E	;(R1=0x00000000 )
(             libc.so[0xCBC2B000])[21 D0       ]0x0000FE26:	BEQ	#0XCBC3AE6C
(             libc.so[0xCBC2B000])[9D 68       ]0x0000FE6C:	LDR	R5, [R3, #8]	;(R3=0xCBC79180 )
(             libc.so[0xCBC2B000])[AC 42       ]0x0000FE6E:	CMP	R4, R5	;(R4=0x00000018 R5=0x00000000 )
(             libc.so[0xCBC2B000])[40 F2 3F 83 ]0x0000FE70:	BLS.W	#0XCBC3B4F2
(             libc.so[0xCBC2B000])[00 29       ]0x0000FE74:	CMP	R1, #0	;(R1=0x00000000 )
(             libc.so[0xCBC2B000])[74 D0       ]0x0000FE76:	BEQ	#0XCBC3AF62
(             libc.so[0xCBC2B000])[D3 F8 04 80 ]0x0000FF62:	LDR.W	R8, [R3, #4]	;(R3=0xCBC79180 )
(             libc.so[0xCBC2B000])[B8 F1 00 0F ]0x0000FF66:	CMP.W	R8, #0	;(R8=0x00000000 )
(             libc.so[0xCBC2B000])[00 F0 C2 82 ]0x0000FF6A:	BEQ.W	#0XCBC3B4F2
(             libc.so[0xCBC2B000])[DF F8 E0 34 ]0x000104F2:	LDR.W	R3, [PC, #0X4E0]	;(PC=0xCBC3B4F2 )
(             libc.so[0xCBC2B000])[7B 44       ]0x000104F6:	ADD	R3, PC	;(R3=0x0003DC86 PC=0xCBC3B4F6 )
(             libc.so[0xCBC2B000])[98 68       ]0x000104F8:	LDR	R0, [R3, #8]	;(R3=0xCBC79180 )
(             libc.so[0xCBC2B000])[84 42       ]0x000104FA:	CMP	R4, R0	;(R4=0x00000018 R0=0x00000000 )
(             libc.so[0xCBC2B000])[19 D8       ]0x000104FC:	BHI	#0XCBC3B532
(             libc.so[0xCBC2B000])[DE 68       ]0x00010532:	LDR	R6, [R3, #0XC]	;(R3=0xCBC79180 )
(             libc.so[0xCBC2B000])[B4 42       ]0x00010534:	CMP	R4, R6	;(R4=0x00000018 R6=0x00000E40 )
(             libc.so[0xCBC2B000])[01 D2       ]0x00010536:	BHS	#0XCBC3B53C
(             libc.so[0xCBC2B000])[00 F0 7B BC ]0x00010538:	B.W	#0XCBC3BE32
(             libc.so[0xCBC2B000])[30 1B       ]0x00010E32:	SUBS	R0, R6, R4	;(R6=0x00000E40 R4=0x00000018 )
(             libc.so[0xCBC2B000])[9E 69       ]0x00010E34:	LDR	R6, [R3, #0X18]	;(R3=0xCBC79180 )
(             libc.so[0xCBC2B000])[D8 60       ]0x00010E36:	STR	R0, [R3, #0XC]	;(R0=0x00000E28 R3=0xCBC79180 )
(             libc.so[0xCBC2B000])[32 19       ]0x00010E38:	ADDS	R2, R6, R4	;(R6=0x30000198 R4=0x00000018 )
(             libc.so[0xCBC2B000])[9A 61       ]0x00010E3A:	STR	R2, [R3, #0X18]	;(R2=0x300001B0 R3=0xCBC79180 )
(             libc.so[0xCBC2B000])[40 F0 01 03 ]0x00010E3C:	ORR	R3, R0, #1	;(R0=0x00000E28 )
(             libc.so[0xCBC2B000])[53 60       ]0x00010E40:	STR	R3, [R2, #4]	;(R3=0x00000E29 R2=0x300001B0 )
(             libc.so[0xCBC2B000])[44 F0 03 04 ]0x00010E42:	ORR	R4, R4, #3	;(R4=0x00000018 )
(             libc.so[0xCBC2B000])[74 60       ]0x00010E46:	STR	R4, [R6, #4]	;(R4=0x0000001B R6=0x30000198 )
(             libc.so[0xCBC2B000])[08 36       ]0x00010E48:	ADDS	R6, #8	;(R6=0x30000198 )
(             libc.so[0xCBC2B000])[04 E0       ]0x00010E4A:	B	#0XCBC3BE56
(             libc.so[0xCBC2B000])[35 49       ]0x00010E56:	LDR	R1, [PC, #0XD4]	;(PC=0xCBC3BE56 )
(             libc.so[0xCBC2B000])[79 44       ]0x00010E58:	ADD	R1, PC	;(R1=0x0003D324 PC=0xCBC3BE58 )
(             libc.so[0xCBC2B000])[D1 F8 BC 21 ]0x00010E5A:	LDR.W	R2, [R1, #0X1BC]	;(R1=0xCBC79180 )
(             libc.so[0xCBC2B000])[93 07       ]0x00010E5E:	LSLS	R3, R2, #0X1E	;(R2=0x00000007 )
(             libc.so[0xCBC2B000])[3F D5       ]0x00010E60:	BPL	#0XCBC3BEE2
(             libc.so[0xCBC2B000])[01 F5 E0 70 ]0x00010E62:	ADD.W	R0, R1, #0X1C0	;(R1=0xCBC79180 )
(             libc.so[0xCBC2B000])[FD F7 3C ED ]0x00010E66:	BLX	#0XCBC398E0	;(PC=0xCBC3BE66 )
(             libc.so[0xCBC2B000])[BE FF FF EA ]0x0000E8E0:	B	#0XCBC397E0 ; pthread_mutex_unlock	;(PC=0xCBC398E0 )
(             libc.so[0xCBC2B000])[70 40 2D E9 ]0x0000E7E0:	PUSH	{R4, R5, R6, LR}	;(SP=0x100FFFB0 R4=0x0000001B R5=0x00000000 R6=0x300001A0 LR=0xCBC3BE6B )
(             libc.so[0xCBC2B000])[00 40 50 E2 ]0x0000E7E4:	SUBS	R4, R0, #0	;(R0=0xCBC79340 )
(             libc.so[0xCBC2B000])[08 D0 4D E2 ]0x0000E7E8:	SUB	SP, SP, #8	;(SP=0x100FFFA0 )
(             libc.so[0xCBC2B000])[2B 00 00 0A ]0x0000E7EC:	BEQ	#0XCBC398A0	;(PC=0xCBC397EC )
(             libc.so[0xCBC2B000])[00 50 94 E5 ]0x0000E7F0:	LDR	R5, [R4]	;(R4=0xCBC79340 )
(             libc.so[0xCBC2B000])[03 69 15 E2 ]0x0000E7F4:	ANDS	R6, R5, #0XC000	;(R5=0x00000001 )
(             libc.so[0xCBC2B000])[02 1A 05 E2 ]0x0000E7F8:	AND	R1, R5, #0X2000	;(R5=0x00000001 )
(             libc.so[0xCBC2B000])[11 00 00 1A ]0x0000E7FC:	BNE	#0XCBC39848	;(PC=0xCBC397FC )
(             libc.so[0xCBC2B000])[5F F0 7F F5 ]0x0000E800:	DMB	SY
(             libc.so[0xCBC2B000])[9F 2F 94 E1 ]0x0000E804:	LDREX	R2, [R4]	;(R4=0xCBC79340 )
(             libc.so[0xCBC2B000])[01 30 42 E2 ]0x0000E808:	SUB	R3, R2, #1	;(R2=0x00000001 )
(             libc.so[0xCBC2B000])[93 5F 84 E1 ]0x0000E80C:	STREX	R5, R3, [R4]	;(R3=0x00000000 R4=0xCBC79340 )
(             libc.so[0xCBC2B000])[00 00 55 E3 ]0x0000E810:	CMP	R5, #0	;(R5=0x00000000 )
(             libc.so[0xCBC2B000])[FA FF FF 1A ]0x0000E814:	BNE	#0XCBC39804	;(PC=0xCBC39814 )
(             libc.so[0xCBC2B000])[01 C0 81 E3 ]0x0000E818:	ORR	IP, R1, #1	;(R1=0x00000000 )
(             libc.so[0xCBC2B000])[0C 00 52 E1 ]0x0000E81C:	CMP	R2, IP	;(R2=0x00000001 IP=0x00000001 )
(             libc.so[0xCBC2B000])[06 00 00 0A ]0x0000E820:	BEQ	#0XCBC39840	;(PC=0xCBC39820 )
(             libc.so[0xCBC2B000])[00 00 A0 E3 ]0x0000E840:	MOV	R0, #0
(             libc.so[0xCBC2B000])[FB FF FF EA ]0x0000E844:	B	#0XCBC39838	;(PC=0xCBC39844 )
(             libc.so[0xCBC2B000])[08 D0 8D E2 ]0x0000E838:	ADD	SP, SP, #8	;(SP=0x100FFF98 )
(             libc.so[0xCBC2B000])[70 80 BD E8 ]0x0000E83C:	POP	{R4, R5, R6, PC}	;(SP=0x100FFFA0 )
(             libc.so[0xCBC2B000])[3A E0       ]0x00010E6A:	B	#0XCBC3BEE2
(             libc.so[0xCBC2B000])[30 46       ]0x00010EE2:	MOV	R0, R6	;(R6=0x300001A0 )
(             libc.so[0xCBC2B000])[BD E8 FE 8F ]0x00010EE4:	POP.W	{R1, R2, R3, R4, R5, R6, R7, R8, SB, SL, FP, PC}	;(SP=0x100FFFB0 )
(             libc.so[0xCBC2B000])[08 BD       ]0x0000DBF8:	POP	{R3, PC}	;(SP=0x100FFFE0 )
(        libstdc++.so[0xCBC8F000])[08 B9       ]0x0000091E:	CBNZ	R0, #0XCBC8F924	;(R0=0x300001A0 )
(        libstdc++.so[0xCBC8F000])[08 BD       ]0x00000924:	POP	{R3, PC}	;(SP=0x100FFFE8 )
(  libmakeurl2.4.9.so[0xCBBCB000])[05 46       ]0x00001742:	MOV	R5, R0	;(R0=0x300001A0 )
(  libmakeurl2.4.9.so[0xCBBCB000])[1B F0 88 F9 ]0x00001744:	BL	#0XCBBE7A58	;(PC=0xCBBCC744 )
(  libmakeurl2.4.9.so[0xCBBCB000])[07 49       ]0x0001CA58:	LDR	R1, [PC, #0X1C]	;(PC=0xCBBE7A58 )
(  libmakeurl2.4.9.so[0xCBBCB000])[02 46       ]0x0001CA5A:	MOV	R2, R0	;(R0=0x300001A0 )
(  libmakeurl2.4.9.so[0xCBBCB000])[79 44       ]0x0001CA5C:	ADD	R1, PC	;(R1=0x000282D8 PC=0xCBBE7A5C )
(  libmakeurl2.4.9.so[0xCBBCB000])[08 31       ]0x0001CA5E:	ADDS	R1, #8	;(R1=0xCBC0FD38 )
(  libmakeurl2.4.9.so[0xCBBCB000])[01 60       ]0x0001CA60:	STR	R1, [R0]	;(R1=0xCBC0FD40 R0=0x300001A0 )
(  libmakeurl2.4.9.so[0xCBBCB000])[00 21       ]0x0001CA62:	MOVS	R1, #0
(  libmakeurl2.4.9.so[0xCBBCB000])[42 F8 08 1F ]0x0001CA64:	STR	R1, [R2, #8]!	;(R1=0x00000000 R2=0x300001A0 )
(  libmakeurl2.4.9.so[0xCBBCB000])[C1 60       ]0x0001CA68:	STR	R1, [R0, #0XC]	;(R1=0x00000000 R0=0x300001A0 )
(  libmakeurl2.4.9.so[0xCBBCB000])[45 F2 78 61 ]0x0001CA6A:	MOVW	R1, #0X5678
(  libmakeurl2.4.9.so[0xCBBCB000])[C1 F2 34 21 ]0x0001CA6E:	MOVT	R1, #0X1234	;(R1=0x00005678 )
(  libmakeurl2.4.9.so[0xCBBCB000])[42 60       ]0x0001CA72:	STR	R2, [R0, #4]	;(R2=0x300001A8 R0=0x300001A0 )
(  libmakeurl2.4.9.so[0xCBBCB000])[01 61       ]0x0001CA74:	STR	R1, [R0, #0X10]	;(R1=0x12345678 R0=0x300001A0 )
(  libmakeurl2.4.9.so[0xCBBCB000])[70 47       ]0x0001CA76:	BX	LR	;(LR=0xCBBCC749 )
(  libmakeurl2.4.9.so[0xCBBCB000])[C2 48       ]0x00001748:	LDR	R0, [PC, #0X308]	;(PC=0xCBBCC748 )
(  libmakeurl2.4.9.so[0xCBBCB000])[78 44       ]0x0000174A:	ADD	R0, PC	;(R0=0x00043A9E PC=0xCBBCC74A )
(  libmakeurl2.4.9.so[0xCBBCB000])[05 60       ]0x0000174C:	STR	R5, [R0]	;(R5=0x300001A0 R0=0xCBC101EC )
(  libmakeurl2.4.9.so[0xCBBCB000])[14 20       ]0x0000174E:	MOVS	R0, #0X14
(  libmakeurl2.4.9.so[0xCBBCB000])[FF F7 94 EE ]0x00001750:	BLX	#0XCBBCC47C	;(PC=0xCBBCC750 )
(  libmakeurl2.4.9.so[0xCBBCB000])[00 C6 8F E2 ]0x0000147C:	ADD	IP, PC, #0, #12	;(PC=0xCBBCC47C )
(  libmakeurl2.4.9.so[0xCBBCB000])[43 CA 8C E2 ]0x00001480:	ADD	IP, IP, #0X43000	;(IP=0xCBBCC484 )
(  libmakeurl2.4.9.so[0xCBBCB000])[00 FB BC E5 ]0x00001484:	LDR	PC, [IP, #0XB00]!	;(IP=0xCBC0F484 )
(        libstdc++.so[0xCBC8F000])[08 B5       ]0x00000918:	PUSH	{R3, LR} ; _Znaj	;(SP=0x100FFFF0 R3=0x00000000 LR=0xCBBCC755 )
(        libstdc++.so[0xCBC8F000])[FF F7 6E EF ]0x0000091A:	BLX	#0XCBC8F7F8	;(PC=0xCBC8F91A )
(        libstdc++.so[0xCBC8F000])[00 C6 8F E2 ]0x000007F8:	ADD	IP, PC, #0, #12	;(PC=0xCBC8F7F8 )
(        libstdc++.so[0xCBC8F000])[01 CA 8C E2 ]0x000007FC:	ADD	IP, IP, #0X1000	;(IP=0xCBC8F800 )
(        libstdc++.so[0xCBC8F000])[F0 F7 BC E5 ]0x00000800:	LDR	PC, [IP, #0X7F0]!	;(IP=0xCBC90800 )
(             libc.so[0xCBC2B000])[08 B5       ]0x0000DBEC:	PUSH	{R3, LR} ; malloc	;(SP=0x100FFFE8 R3=0x00000000 LR=0xCBC8F91F )
(             libc.so[0xCBC2B000])[03 4B       ]0x0000DBEE:	LDR	R3, [PC, #0XC]	;(PC=0xCBC38BEE )
(             libc.so[0xCBC2B000])[7B 44       ]0x0000DBF0:	ADD	R3, PC	;(R3=0x0003C40C PC=0xCBC38BF0 )
(             libc.so[0xCBC2B000])[19 68       ]0x0000DBF2:	LDR	R1, [R3]	;(R3=0xCBC75000 )
(             libc.so[0xCBC2B000])[0A 68       ]0x0000DBF4:	LDR	R2, [R1]	;(R1=0xCBC74E00 )
(             libc.so[0xCBC2B000])[90 47       ]0x0000DBF6:	BLX	R2	;(PC=0xCBC38BF6 R2=0xCBC3ADCD )
(             libc.so[0xCBC2B000])[DF F8 A4 3B ]0x0000FDCC:	LDR.W	R3, [PC, #0XBA4] ; dlmalloc	;(PC=0xCBC3ADCC )
(             libc.so[0xCBC2B000])[2D E9 F7 4F ]0x0000FDD0:	PUSH.W	{R0, R1, R2, R4, R5, R6, R7, R8, SB, SL, FP, LR}	;(SP=0x100FFFE0 R0=0x00000014 R1=0xCBC74E00 R2=0xCBC3ADCD R4=0x00000000 R5=0x300001A0 R6=0x00000000 R7=0x100FFFF8 R8=0x00000000 SB=0x00000000 SL=0x00000000 FP=0x00000000 LR=0xCBC38BF9 )
(             libc.so[0xCBC2B000])[7B 44       ]0x0000FDD4:	ADD	R3, PC	;(R3=0x0003E588 PC=0xCBC3ADD4 )
(             libc.so[0xCBC2B000])[04 46       ]0x0000FDD6:	MOV	R4, R0	;(R0=0x00000014 )
(             libc.so[0xCBC2B000])[18 68       ]0x0000FDD8:	LDR	R0, [R3]	;(R3=0xCBC79360 )
(             libc.so[0xCBC2B000])[08 B9       ]0x0000FDDA:	CBNZ	R0, #0XCBC3ADE0	;(R0=0x0B13C7D8 )
(             libc.so[0xCBC2B000])[DF F8 94 1B ]0x0000FDE0:	LDR.W	R1, [PC, #0XB94]	;(PC=0xCBC3ADE0 )
(             libc.so[0xCBC2B000])[79 44       ]0x0000FDE4:	ADD	R1, PC	;(R1=0x0003E398 PC=0xCBC3ADE4 )
(             libc.so[0xCBC2B000])[D1 F8 BC 21 ]0x0000FDE6:	LDR.W	R2, [R1, #0X1BC]	;(R1=0xCBC79180 )
(             libc.so[0xCBC2B000])[93 07       ]0x0000FDEA:	LSLS	R3, R2, #0X1E	;(R2=0x00000007 )
(             libc.so[0xCBC2B000])[02 D4       ]0x0000FDEC:	BMI	#0XCBC3ADF4
(             libc.so[0xCBC2B000])[01 F5 E0 70 ]0x0000FDF4:	ADD.W	R0, R1, #0X1C0	;(R1=0xCBC79180 )
(             libc.so[0xCBC2B000])[00 26       ]0x0000FDF8:	MOVS	R6, #0
(             libc.so[0xCBC2B000])[FE F7 F0 EC ]0x0000FDFA:	BLX	#0XCBC397DC	;(PC=0xCBC3ADFA )
(             libc.so[0xCBC2B000])[90 FF FF EA ]0x0000E7DC:	B	#0XCBC39624 ; pthread_mutex_lock	;(PC=0xCBC397DC )
(             libc.so[0xCBC2B000])[F0 41 2D E9 ]0x0000E624:	PUSH	{R4, R5, R6, R7, R8, LR}	;(SP=0x100FFFB0 R4=0x00000014 R5=0x300001A0 R6=0x00000000 R7=0x100FFFF8 R8=0x00000000 LR=0xCBC3ADFF )
(             libc.so[0xCBC2B000])[00 40 50 E2 ]0x0000E628:	SUBS	R4, R0, #0	;(R0=0xCBC79340 )
(             libc.so[0xCBC2B000])[1B 00 00 0A ]0x0000E62C:	BEQ	#0XCBC396A0	;(PC=0xCBC3962C )
(             libc.so[0xCBC2B000])[00 50 94 E5 ]0x0000E630:	LDR	R5, [R4]	;(R4=0xCBC79340 )
(             libc.so[0xCBC2B000])[03 79 15 E2 ]0x0000E634:	ANDS	R7, R5, #0XC000	;(R5=0x00000000 )
(             libc.so[0xCBC2B000])[02 6A 05 E2 ]0x0000E638:	AND	R6, R5, #0X2000	;(R5=0x00000000 )
(             libc.so[0xCBC2B000])[19 00 00 1A ]0x0000E63C:	BNE	#0XCBC396A8	;(PC=0xCBC3963C )
(             libc.so[0xCBC2B000])[01 00 86 E3 ]0x0000E640:	ORR	R0, R6, #1	;(R6=0x00000000 )
(             libc.so[0xCBC2B000])[9F 3F 94 E1 ]0x0000E644:	LDREX	R3, [R4]	;(R4=0xCBC79340 )
(             libc.so[0xCBC2B000])[00 10 A0 E3 ]0x0000E648:	MOV	R1, #0
(             libc.so[0xCBC2B000])[06 00 33 E1 ]0x0000E64C:	TEQ	R3, R6	;(R3=0x00000000 R6=0x00000000 )
(             libc.so[0xCBC2B000])[90 1F 84 01 ]0x0000E650:	STREXEQ	R1, R0, [R4]	;(R0=0x00000001 R4=0xCBC79340 )
(             libc.so[0xCBC2B000])[00 00 51 E3 ]0x0000E654:	CMP	R1, #0	;(R1=0x00000000 )
(             libc.so[0xCBC2B000])[F9 FF FF 1A ]0x0000E658:	BNE	#0XCBC39644	;(PC=0xCBC39658 )
(             libc.so[0xCBC2B000])[03 00 56 E1 ]0x0000E65C:	CMP	R6, R3	;(R6=0x00000000 R3=0x00000000 )
(             libc.so[0xCBC2B000])[02 50 86 13 ]0x0000E660:	ORRNE	R5, R6, #2	;(R6=0x00000000 )
(             libc.so[0xCBC2B000])[01 00 00 1A ]0x0000E664:	BNE	#0XCBC39670	;(PC=0xCBC39664 )
(             libc.so[0xCBC2B000])[09 00 00 EA ]0x0000E668:	B	#0XCBC39694	;(PC=0xCBC39668 )
(             libc.so[0xCBC2B000])[5F F0 7F F5 ]0x0000E694:	DMB	SY
(             libc.so[0xCBC2B000])[00 00 A0 E3 ]0x0000E698:	MOV	R0, #0
(             libc.so[0xCBC2B000])[F0 81 BD E8 ]0x0000E69C:	POP	{R4, R5, R6, R7, R8, PC}	;(SP=0x100FFF98 )
(             libc.so[0xCBC2B000])[00 28       ]0x0000FDFE:	CMP	R0, #0	;(R0=0x00000000 )
(             libc.so[0xCBC2B000])[41 F0 6F 80 ]0x0000FE00:	BNE.W	#0XCBC3BEE2
(             libc.so[0xCBC2B000])[F3 E7       ]0x0000FE04:	B	#0XCBC3ADEE
(             libc.so[0xCBC2B000])[F4 2C       ]0x0000FDEE:	CMP	R4, #0XF4	;(R4=0x00000014 )
(             libc.so[0xCBC2B000])[09 D9       ]0x0000FDF0:	BLS	#0XCBC3AE06
(             libc.so[0xCBC2B000])[0A 2C       ]0x0000FE06:	CMP	R4, #0XA	;(R4=0x00000014 )
(             libc.so[0xCBC2B000])[03 D9       ]0x0000FE08:	BLS	#0XCBC3AE12
(             libc.so[0xCBC2B000])[0B 34       ]0x0000FE0A:	ADDS	R4, #0XB	;(R4=0x00000014 )
(             libc.so[0xCBC2B000])[24 F0 07 04 ]0x0000FE0C:	BIC	R4, R4, #7	;(R4=0x0000001F )
(             libc.so[0xCBC2B000])[00 E0       ]0x0000FE10:	B	#0XCBC3AE14
(             libc.so[0xCBC2B000])[DF F8 68 3B ]0x0000FE14:	LDR.W	R3, [PC, #0XB68]	;(PC=0xCBC3AE14 )
(             libc.so[0xCBC2B000])[E2 08       ]0x0000FE18:	LSRS	R2, R4, #3	;(R4=0x00000018 )
(             libc.so[0xCBC2B000])[7B 44       ]0x0000FE1A:	ADD	R3, PC	;(R3=0x0003E362 PC=0xCBC3AE1A )
(             libc.so[0xCBC2B000])[18 68       ]0x0000FE1C:	LDR	R0, [R3]	;(R3=0xCBC79180 )
(             libc.so[0xCBC2B000])[20 FA 02 F1 ]0x0000FE1E:	LSR.W	R1, R0, R2	;(R0=0x00000000 R2=0x00000003 )
(             libc.so[0xCBC2B000])[01 90       ]0x0000FE22:	STR	R0, [SP, #4]	;(R0=0x00000000 SP=0x100FFFB0 )
(             libc.so[0xCBC2B000])[8E 07       ]0x0000FE24:	LSLS	R6, R1, #0X1E	;(R1=0x00000000 )
(             libc.so[0xCBC2B000])[21 D0       ]0x0000FE26:	BEQ	#0XCBC3AE6C
(             libc.so[0xCBC2B000])[9D 68       ]0x0000FE6C:	LDR	R5, [R3, #8]	;(R3=0xCBC79180 )
(             libc.so[0xCBC2B000])[AC 42       ]0x0000FE6E:	CMP	R4, R5	;(R4=0x00000018 R5=0x00000000 )
(             libc.so[0xCBC2B000])[40 F2 3F 83 ]0x0000FE70:	BLS.W	#0XCBC3B4F2
(             libc.so[0xCBC2B000])[00 29       ]0x0000FE74:	CMP	R1, #0	;(R1=0x00000000 )
(             libc.so[0xCBC2B000])[74 D0       ]0x0000FE76:	BEQ	#0XCBC3AF62
(             libc.so[0xCBC2B000])[D3 F8 04 80 ]0x0000FF62:	LDR.W	R8, [R3, #4]	;(R3=0xCBC79180 )
(             libc.so[0xCBC2B000])[B8 F1 00 0F ]0x0000FF66:	CMP.W	R8, #0	;(R8=0x00000000 )
(             libc.so[0xCBC2B000])[00 F0 C2 82 ]0x0000FF6A:	BEQ.W	#0XCBC3B4F2
(             libc.so[0xCBC2B000])[DF F8 E0 34 ]0x000104F2:	LDR.W	R3, [PC, #0X4E0]	;(PC=0xCBC3B4F2 )
(             libc.so[0xCBC2B000])[7B 44       ]0x000104F6:	ADD	R3, PC	;(R3=0x0003DC86 PC=0xCBC3B4F6 )
(             libc.so[0xCBC2B000])[98 68       ]0x000104F8:	LDR	R0, [R3, #8]	;(R3=0xCBC79180 )
(             libc.so[0xCBC2B000])[84 42       ]0x000104FA:	CMP	R4, R0	;(R4=0x00000018 R0=0x00000000 )
(             libc.so[0xCBC2B000])[19 D8       ]0x000104FC:	BHI	#0XCBC3B532
(             libc.so[0xCBC2B000])[DE 68       ]0x00010532:	LDR	R6, [R3, #0XC]	;(R3=0xCBC79180 )
(             libc.so[0xCBC2B000])[B4 42       ]0x00010534:	CMP	R4, R6	;(R4=0x00000018 R6=0x00000E28 )
(             libc.so[0xCBC2B000])[01 D2       ]0x00010536:	BHS	#0XCBC3B53C
(             libc.so[0xCBC2B000])[00 F0 7B BC ]0x00010538:	B.W	#0XCBC3BE32
(             libc.so[0xCBC2B000])[30 1B       ]0x00010E32:	SUBS	R0, R6, R4	;(R6=0x00000E28 R4=0x00000018 )
(             libc.so[0xCBC2B000])[9E 69       ]0x00010E34:	LDR	R6, [R3, #0X18]	;(R3=0xCBC79180 )
(             libc.so[0xCBC2B000])[D8 60       ]0x00010E36:	STR	R0, [R3, #0XC]	;(R0=0x00000E10 R3=0xCBC79180 )
(             libc.so[0xCBC2B000])[32 19       ]0x00010E38:	ADDS	R2, R6, R4	;(R6=0x300001B0 R4=0x00000018 )
(             libc.so[0xCBC2B000])[9A 61       ]0x00010E3A:	STR	R2, [R3, #0X18]	;(R2=0x300001C8 R3=0xCBC79180 )
(             libc.so[0xCBC2B000])[40 F0 01 03 ]0x00010E3C:	ORR	R3, R0, #1	;(R0=0x00000E10 )
(             libc.so[0xCBC2B000])[53 60       ]0x00010E40:	STR	R3, [R2, #4]	;(R3=0x00000E11 R2=0x300001C8 )
(             libc.so[0xCBC2B000])[44 F0 03 04 ]0x00010E42:	ORR	R4, R4, #3	;(R4=0x00000018 )
(             libc.so[0xCBC2B000])[74 60       ]0x00010E46:	STR	R4, [R6, #4]	;(R4=0x0000001B R6=0x300001B0 )
(             libc.so[0xCBC2B000])[08 36       ]0x00010E48:	ADDS	R6, #8	;(R6=0x300001B0 )
(             libc.so[0xCBC2B000])[04 E0       ]0x00010E4A:	B	#0XCBC3BE56
(             libc.so[0xCBC2B000])[35 49       ]0x00010E56:	LDR	R1, [PC, #0XD4]	;(PC=0xCBC3BE56 )
(             libc.so[0xCBC2B000])[79 44       ]0x00010E58:	ADD	R1, PC	;(R1=0x0003D324 PC=0xCBC3BE58 )
(             libc.so[0xCBC2B000])[D1 F8 BC 21 ]0x00010E5A:	LDR.W	R2, [R1, #0X1BC]	;(R1=0xCBC79180 )
(             libc.so[0xCBC2B000])[93 07       ]0x00010E5E:	LSLS	R3, R2, #0X1E	;(R2=0x00000007 )
(             libc.so[0xCBC2B000])[3F D5       ]0x00010E60:	BPL	#0XCBC3BEE2
(             libc.so[0xCBC2B000])[01 F5 E0 70 ]0x00010E62:	ADD.W	R0, R1, #0X1C0	;(R1=0xCBC79180 )
(             libc.so[0xCBC2B000])[FD F7 3C ED ]0x00010E66:	BLX	#0XCBC398E0	;(PC=0xCBC3BE66 )
(             libc.so[0xCBC2B000])[BE FF FF EA ]0x0000E8E0:	B	#0XCBC397E0 ; pthread_mutex_unlock	;(PC=0xCBC398E0 )
(             libc.so[0xCBC2B000])[70 40 2D E9 ]0x0000E7E0:	PUSH	{R4, R5, R6, LR}	;(SP=0x100FFFB0 R4=0x0000001B R5=0x00000000 R6=0x300001B8 LR=0xCBC3BE6B )
(             libc.so[0xCBC2B000])[00 40 50 E2 ]0x0000E7E4:	SUBS	R4, R0, #0	;(R0=0xCBC79340 )
(             libc.so[0xCBC2B000])[08 D0 4D E2 ]0x0000E7E8:	SUB	SP, SP, #8	;(SP=0x100FFFA0 )
(             libc.so[0xCBC2B000])[2B 00 00 0A ]0x0000E7EC:	BEQ	#0XCBC398A0	;(PC=0xCBC397EC )
(             libc.so[0xCBC2B000])[00 50 94 E5 ]0x0000E7F0:	LDR	R5, [R4]	;(R4=0xCBC79340 )
(             libc.so[0xCBC2B000])[03 69 15 E2 ]0x0000E7F4:	ANDS	R6, R5, #0XC000	;(R5=0x00000001 )
(             libc.so[0xCBC2B000])[02 1A 05 E2 ]0x0000E7F8:	AND	R1, R5, #0X2000	;(R5=0x00000001 )
(             libc.so[0xCBC2B000])[11 00 00 1A ]0x0000E7FC:	BNE	#0XCBC39848	;(PC=0xCBC397FC )
(             libc.so[0xCBC2B000])[5F F0 7F F5 ]0x0000E800:	DMB	SY
(             libc.so[0xCBC2B000])[9F 2F 94 E1 ]0x0000E804:	LDREX	R2, [R4]	;(R4=0xCBC79340 )
(             libc.so[0xCBC2B000])[01 30 42 E2 ]0x0000E808:	SUB	R3, R2, #1	;(R2=0x00000001 )
(             libc.so[0xCBC2B000])[93 5F 84 E1 ]0x0000E80C:	STREX	R5, R3, [R4]	;(R3=0x00000000 R4=0xCBC79340 )
(             libc.so[0xCBC2B000])[00 00 55 E3 ]0x0000E810:	CMP	R5, #0	;(R5=0x00000000 )
(             libc.so[0xCBC2B000])[FA FF FF 1A ]0x0000E814:	BNE	#0XCBC39804	;(PC=0xCBC39814 )
(             libc.so[0xCBC2B000])[01 C0 81 E3 ]0x0000E818:	ORR	IP, R1, #1	;(R1=0x00000000 )
(             libc.so[0xCBC2B000])[0C 00 52 E1 ]0x0000E81C:	CMP	R2, IP	;(R2=0x00000001 IP=0x00000001 )
(             libc.so[0xCBC2B000])[06 00 00 0A ]0x0000E820:	BEQ	#0XCBC39840	;(PC=0xCBC39820 )
(             libc.so[0xCBC2B000])[00 00 A0 E3 ]0x0000E840:	MOV	R0, #0
(             libc.so[0xCBC2B000])[FB FF FF EA ]0x0000E844:	B	#0XCBC39838	;(PC=0xCBC39844 )
(             libc.so[0xCBC2B000])[08 D0 8D E2 ]0x0000E838:	ADD	SP, SP, #8	;(SP=0x100FFF98 )
(             libc.so[0xCBC2B000])[70 80 BD E8 ]0x0000E83C:	POP	{R4, R5, R6, PC}	;(SP=0x100FFFA0 )
(             libc.so[0xCBC2B000])[3A E0       ]0x00010E6A:	B	#0XCBC3BEE2
(             libc.so[0xCBC2B000])[30 46       ]0x00010EE2:	MOV	R0, R6	;(R6=0x300001B8 )
(             libc.so[0xCBC2B000])[BD E8 FE 8F ]0x00010EE4:	POP.W	{R1, R2, R3, R4, R5, R6, R7, R8, SB, SL, FP, PC}	;(SP=0x100FFFB0 )
(             libc.so[0xCBC2B000])[08 BD       ]0x0000DBF8:	POP	{R3, PC}	;(SP=0x100FFFE0 )
(        libstdc++.so[0xCBC8F000])[08 B9       ]0x0000091E:	CBNZ	R0, #0XCBC8F924	;(R0=0x300001B8 )
(        libstdc++.so[0xCBC8F000])[08 BD       ]0x00000924:	POP	{R3, PC}	;(SP=0x100FFFE8 )
(  libmakeurl2.4.9.so[0xCBBCB000])[05 46       ]0x00001754:	MOV	R5, R0	;(R0=0x300001B8 )
(  libmakeurl2.4.9.so[0xCBBCB000])[1A F0 A5 FC ]0x00001756:	BL	#0XCBBE70A4	;(PC=0xCBBCC756 )
(  libmakeurl2.4.9.so[0xCBBCB000])[07 49       ]0x0001C0A4:	LDR	R1, [PC, #0X1C]	;(PC=0xCBBE70A4 )
(  libmakeurl2.4.9.so[0xCBBCB000])[02 1D       ]0x0001C0A6:	ADDS	R2, R0, #4	;(R0=0x300001B8 )
(  libmakeurl2.4.9.so[0xCBBCB000])[4A F2 78 6C ]0x0001C0A8:	MOVW	IP, #0XA678
(  libmakeurl2.4.9.so[0xCBBCB000])[00 23       ]0x0001C0AC:	MOVS	R3, #0
(  libmakeurl2.4.9.so[0xCBBCB000])[79 44       ]0x0001C0AE:	ADD	R1, PC	;(R1=0x00028C5A PC=0xCBBE70AE )
(  libmakeurl2.4.9.so[0xCBBCB000])[C1 F2 3A 2C ]0x0001C0B0:	MOVT	IP, #0X123A	;(IP=0x0000A678 )
(  libmakeurl2.4.9.so[0xCBBCB000])[08 31       ]0x0001C0B4:	ADDS	R1, #8	;(R1=0xCBC0FD0C )
(  libmakeurl2.4.9.so[0xCBBCB000])[C0 E9 00 12 ]0x0001C0B6:	STRD	R1, R2, [R0]	;(R1=0xCBC0FD14 R2=0x300001BC R0=0x300001B8 )
(  libmakeurl2.4.9.so[0xCBBCB000])[00 F1 08 01 ]0x0001C0BA:	ADD.W	R1, R0, #8	;(R0=0x300001B8 )
(  libmakeurl2.4.9.so[0xCBBCB000])[81 E8 0C 10 ]0x0001C0BE:	STM.W	R1, {R2, R3, IP}	;(R1=0x300001C0 R2=0x300001BC R3=0x00000000 IP=0x123AA678 )
(  libmakeurl2.4.9.so[0xCBBCB000])[70 47       ]0x0001C0C2:	BX	LR	;(LR=0xCBBCC75B )
(  libmakeurl2.4.9.so[0xCBBCB000])[BF 48       ]0x0000175A:	LDR	R0, [PC, #0X2FC]	;(PC=0xCBBCC75A )
(  libmakeurl2.4.9.so[0xCBBCB000])[78 44       ]0x0000175C:	ADD	R0, PC	;(R0=0x00043A90 PC=0xCBBCC75C )
(  libmakeurl2.4.9.so[0xCBBCB000])[05 60       ]0x0000175E:	STR	R5, [R0]	;(R5=0x300001B8 R0=0xCBC101F0 )
(  libmakeurl2.4.9.so[0xCBBCB000])[14 20       ]0x00001760:	MOVS	R0, #0X14
(  libmakeurl2.4.9.so[0xCBBCB000])[FF F7 8C EE ]0x00001762:	BLX	#0XCBBCC47C	;(PC=0xCBBCC762 )
(  libmakeurl2.4.9.so[0xCBBCB000])[00 C6 8F E2 ]0x0000147C:	ADD	IP, PC, #0, #12	;(PC=0xCBBCC47C )
(  libmakeurl2.4.9.so[0xCBBCB000])[43 CA 8C E2 ]0x00001480:	ADD	IP, IP, #0X43000	;(IP=0xCBBCC484 )
(  libmakeurl2.4.9.so[0xCBBCB000])[00 FB BC E5 ]0x00001484:	LDR	PC, [IP, #0XB00]!	;(IP=0xCBC0F484 )
(        libstdc++.so[0xCBC8F000])[08 B5       ]0x00000918:	PUSH	{R3, LR} ; _Znaj	;(SP=0x100FFFF0 R3=0x00000000 LR=0xCBBCC767 )
(        libstdc++.so[0xCBC8F000])[FF F7 6E EF ]0x0000091A:	BLX	#0XCBC8F7F8	;(PC=0xCBC8F91A )
(        libstdc++.so[0xCBC8F000])[00 C6 8F E2 ]0x000007F8:	ADD	IP, PC, #0, #12	;(PC=0xCBC8F7F8 )
(        libstdc++.so[0xCBC8F000])[01 CA 8C E2 ]0x000007FC:	ADD	IP, IP, #0X1000	;(IP=0xCBC8F800 )
(        libstdc++.so[0xCBC8F000])[F0 F7 BC E5 ]0x00000800:	LDR	PC, [IP, #0X7F0]!	;(IP=0xCBC90800 )
(             libc.so[0xCBC2B000])[08 B5       ]0x0000DBEC:	PUSH	{R3, LR} ; malloc	;(SP=0x100FFFE8 R3=0x00000000 LR=0xCBC8F91F )
(             libc.so[0xCBC2B000])[03 4B       ]0x0000DBEE:	LDR	R3, [PC, #0XC]	;(PC=0xCBC38BEE )
(             libc.so[0xCBC2B000])[7B 44       ]0x0000DBF0:	ADD	R3, PC	;(R3=0x0003C40C PC=0xCBC38BF0 )
(             libc.so[0xCBC2B000])[19 68       ]0x0000DBF2:	LDR	R1, [R3]	;(R3=0xCBC75000 )
(             libc.so[0xCBC2B000])[0A 68       ]0x0000DBF4:	LDR	R2, [R1]	;(R1=0xCBC74E00 )
(             libc.so[0xCBC2B000])[90 47       ]0x0000DBF6:	BLX	R2	;(PC=0xCBC38BF6 R2=0xCBC3ADCD )
(             libc.so[0xCBC2B000])[DF F8 A4 3B ]0x0000FDCC:	LDR.W	R3, [PC, #0XBA4] ; dlmalloc	;(PC=0xCBC3ADCC )
(             libc.so[0xCBC2B000])[2D E9 F7 4F ]0x0000FDD0:	PUSH.W	{R0, R1, R2, R4, R5, R6, R7, R8, SB, SL, FP, LR}	;(SP=0x100FFFE0 R0=0x00000014 R1=0xCBC74E00 R2=0xCBC3ADCD R4=0x00000000 R5=0x300001B8 R6=0x00000000 R7=0x100FFFF8 R8=0x00000000 SB=0x00000000 SL=0x00000000 FP=0x00000000 LR=0xCBC38BF9 )
(             libc.so[0xCBC2B000])[7B 44       ]0x0000FDD4:	ADD	R3, PC	;(R3=0x0003E588 PC=0xCBC3ADD4 )
(             libc.so[0xCBC2B000])[04 46       ]0x0000FDD6:	MOV	R4, R0	;(R0=0x00000014 )
(             libc.so[0xCBC2B000])[18 68       ]0x0000FDD8:	LDR	R0, [R3]	;(R3=0xCBC79360 )
(             libc.so[0xCBC2B000])[08 B9       ]0x0000FDDA:	CBNZ	R0, #0XCBC3ADE0	;(R0=0x0B13C7D8 )
(             libc.so[0xCBC2B000])[DF F8 94 1B ]0x0000FDE0:	LDR.W	R1, [PC, #0XB94]	;(PC=0xCBC3ADE0 )
(             libc.so[0xCBC2B000])[79 44       ]0x0000FDE4:	ADD	R1, PC	;(R1=0x0003E398 PC=0xCBC3ADE4 )
(             libc.so[0xCBC2B000])[D1 F8 BC 21 ]0x0000FDE6:	LDR.W	R2, [R1, #0X1BC]	;(R1=0xCBC79180 )
(             libc.so[0xCBC2B000])[93 07       ]0x0000FDEA:	LSLS	R3, R2, #0X1E	;(R2=0x00000007 )
(             libc.so[0xCBC2B000])[02 D4       ]0x0000FDEC:	BMI	#0XCBC3ADF4
(             libc.so[0xCBC2B000])[01 F5 E0 70 ]0x0000FDF4:	ADD.W	R0, R1, #0X1C0	;(R1=0xCBC79180 )
(             libc.so[0xCBC2B000])[00 26       ]0x0000FDF8:	MOVS	R6, #0
(             libc.so[0xCBC2B000])[FE F7 F0 EC ]0x0000FDFA:	BLX	#0XCBC397DC	;(PC=0xCBC3ADFA )
(             libc.so[0xCBC2B000])[90 FF FF EA ]0x0000E7DC:	B	#0XCBC39624 ; pthread_mutex_lock	;(PC=0xCBC397DC )
(             libc.so[0xCBC2B000])[F0 41 2D E9 ]0x0000E624:	PUSH	{R4, R5, R6, R7, R8, LR}	;(SP=0x100FFFB0 R4=0x00000014 R5=0x300001B8 R6=0x00000000 R7=0x100FFFF8 R8=0x00000000 LR=0xCBC3ADFF )
(             libc.so[0xCBC2B000])[00 40 50 E2 ]0x0000E628:	SUBS	R4, R0, #0	;(R0=0xCBC79340 )
(             libc.so[0xCBC2B000])[1B 00 00 0A ]0x0000E62C:	BEQ	#0XCBC396A0	;(PC=0xCBC3962C )
(             libc.so[0xCBC2B000])[00 50 94 E5 ]0x0000E630:	LDR	R5, [R4]	;(R4=0xCBC79340 )
(             libc.so[0xCBC2B000])[03 79 15 E2 ]0x0000E634:	ANDS	R7, R5, #0XC000	;(R5=0x00000000 )
(             libc.so[0xCBC2B000])[02 6A 05 E2 ]0x0000E638:	AND	R6, R5, #0X2000	;(R5=0x00000000 )
(             libc.so[0xCBC2B000])[19 00 00 1A ]0x0000E63C:	BNE	#0XCBC396A8	;(PC=0xCBC3963C )
(             libc.so[0xCBC2B000])[01 00 86 E3 ]0x0000E640:	ORR	R0, R6, #1	;(R6=0x00000000 )
(             libc.so[0xCBC2B000])[9F 3F 94 E1 ]0x0000E644:	LDREX	R3, [R4]	;(R4=0xCBC79340 )
(             libc.so[0xCBC2B000])[00 10 A0 E3 ]0x0000E648:	MOV	R1, #0
(             libc.so[0xCBC2B000])[06 00 33 E1 ]0x0000E64C:	TEQ	R3, R6	;(R3=0x00000000 R6=0x00000000 )
(             libc.so[0xCBC2B000])[90 1F 84 01 ]0x0000E650:	STREXEQ	R1, R0, [R4]	;(R0=0x00000001 R4=0xCBC79340 )
(             libc.so[0xCBC2B000])[00 00 51 E3 ]0x0000E654:	CMP	R1, #0	;(R1=0x00000000 )
(             libc.so[0xCBC2B000])[F9 FF FF 1A ]0x0000E658:	BNE	#0XCBC39644	;(PC=0xCBC39658 )
(             libc.so[0xCBC2B000])[03 00 56 E1 ]0x0000E65C:	CMP	R6, R3	;(R6=0x00000000 R3=0x00000000 )
(             libc.so[0xCBC2B000])[02 50 86 13 ]0x0000E660:	ORRNE	R5, R6, #2	;(R6=0x00000000 )
(             libc.so[0xCBC2B000])[01 00 00 1A ]0x0000E664:	BNE	#0XCBC39670	;(PC=0xCBC39664 )
(             libc.so[0xCBC2B000])[09 00 00 EA ]0x0000E668:	B	#0XCBC39694	;(PC=0xCBC39668 )
(             libc.so[0xCBC2B000])[5F F0 7F F5 ]0x0000E694:	DMB	SY
(             libc.so[0xCBC2B000])[00 00 A0 E3 ]0x0000E698:	MOV	R0, #0
(             libc.so[0xCBC2B000])[F0 81 BD E8 ]0x0000E69C:	POP	{R4, R5, R6, R7, R8, PC}	;(SP=0x100FFF98 )
(             libc.so[0xCBC2B000])[00 28       ]0x0000FDFE:	CMP	R0, #0	;(R0=0x00000000 )
(             libc.so[0xCBC2B000])[41 F0 6F 80 ]0x0000FE00:	BNE.W	#0XCBC3BEE2
(             libc.so[0xCBC2B000])[F3 E7       ]0x0000FE04:	B	#0XCBC3ADEE
(             libc.so[0xCBC2B000])[F4 2C       ]0x0000FDEE:	CMP	R4, #0XF4	;(R4=0x00000014 )
(             libc.so[0xCBC2B000])[09 D9       ]0x0000FDF0:	BLS	#0XCBC3AE06
(             libc.so[0xCBC2B000])[0A 2C       ]0x0000FE06:	CMP	R4, #0XA	;(R4=0x00000014 )
(             libc.so[0xCBC2B000])[03 D9       ]0x0000FE08:	BLS	#0XCBC3AE12
(             libc.so[0xCBC2B000])[0B 34       ]0x0000FE0A:	ADDS	R4, #0XB	;(R4=0x00000014 )
(             libc.so[0xCBC2B000])[24 F0 07 04 ]0x0000FE0C:	BIC	R4, R4, #7	;(R4=0x0000001F )
(             libc.so[0xCBC2B000])[00 E0       ]0x0000FE10:	B	#0XCBC3AE14
(             libc.so[0xCBC2B000])[DF F8 68 3B ]0x0000FE14:	LDR.W	R3, [PC, #0XB68]	;(PC=0xCBC3AE14 )
(             libc.so[0xCBC2B000])[E2 08       ]0x0000FE18:	LSRS	R2, R4, #3	;(R4=0x00000018 )
(             libc.so[0xCBC2B000])[7B 44       ]0x0000FE1A:	ADD	R3, PC	;(R3=0x0003E362 PC=0xCBC3AE1A )
(             libc.so[0xCBC2B000])[18 68       ]0x0000FE1C:	LDR	R0, [R3]	;(R3=0xCBC79180 )
(             libc.so[0xCBC2B000])[20 FA 02 F1 ]0x0000FE1E:	LSR.W	R1, R0, R2	;(R0=0x00000000 R2=0x00000003 )
(             libc.so[0xCBC2B000])[01 90       ]0x0000FE22:	STR	R0, [SP, #4]	;(R0=0x00000000 SP=0x100FFFB0 )
(             libc.so[0xCBC2B000])[8E 07       ]0x0000FE24:	LSLS	R6, R1, #0X1E	;(R1=0x00000000 )
(             libc.so[0xCBC2B000])[21 D0       ]0x0000FE26:	BEQ	#0XCBC3AE6C
(             libc.so[0xCBC2B000])[9D 68       ]0x0000FE6C:	LDR	R5, [R3, #8]	;(R3=0xCBC79180 )
(             libc.so[0xCBC2B000])[AC 42       ]0x0000FE6E:	CMP	R4, R5	;(R4=0x00000018 R5=0x00000000 )
(             libc.so[0xCBC2B000])[40 F2 3F 83 ]0x0000FE70:	BLS.W	#0XCBC3B4F2
(             libc.so[0xCBC2B000])[00 29       ]0x0000FE74:	CMP	R1, #0	;(R1=0x00000000 )
(             libc.so[0xCBC2B000])[74 D0       ]0x0000FE76:	BEQ	#0XCBC3AF62
(             libc.so[0xCBC2B000])[D3 F8 04 80 ]0x0000FF62:	LDR.W	R8, [R3, #4]	;(R3=0xCBC79180 )
(             libc.so[0xCBC2B000])[B8 F1 00 0F ]0x0000FF66:	CMP.W	R8, #0	;(R8=0x00000000 )
(             libc.so[0xCBC2B000])[00 F0 C2 82 ]0x0000FF6A:	BEQ.W	#0XCBC3B4F2
(             libc.so[0xCBC2B000])[DF F8 E0 34 ]0x000104F2:	LDR.W	R3, [PC, #0X4E0]	;(PC=0xCBC3B4F2 )
(             libc.so[0xCBC2B000])[7B 44       ]0x000104F6:	ADD	R3, PC	;(R3=0x0003DC86 PC=0xCBC3B4F6 )
(             libc.so[0xCBC2B000])[98 68       ]0x000104F8:	LDR	R0, [R3, #8]	;(R3=0xCBC79180 )
(             libc.so[0xCBC2B000])[84 42       ]0x000104FA:	CMP	R4, R0	;(R4=0x00000018 R0=0x00000000 )
(             libc.so[0xCBC2B000])[19 D8       ]0x000104FC:	BHI	#0XCBC3B532
(             libc.so[0xCBC2B000])[DE 68       ]0x00010532:	LDR	R6, [R3, #0XC]	;(R3=0xCBC79180 )
(             libc.so[0xCBC2B000])[B4 42       ]0x00010534:	CMP	R4, R6	;(R4=0x00000018 R6=0x00000E10 )
(             libc.so[0xCBC2B000])[01 D2       ]0x00010536:	BHS	#0XCBC3B53C
(             libc.so[0xCBC2B000])[00 F0 7B BC ]0x00010538:	B.W	#0XCBC3BE32
(             libc.so[0xCBC2B000])[30 1B       ]0x00010E32:	SUBS	R0, R6, R4	;(R6=0x00000E10 R4=0x00000018 )
(             libc.so[0xCBC2B000])[9E 69       ]0x00010E34:	LDR	R6, [R3, #0X18]	;(R3=0xCBC79180 )
(             libc.so[0xCBC2B000])[D8 60       ]0x00010E36:	STR	R0, [R3, #0XC]	;(R0=0x00000DF8 R3=0xCBC79180 )
(             libc.so[0xCBC2B000])[32 19       ]0x00010E38:	ADDS	R2, R6, R4	;(R6=0x300001C8 R4=0x00000018 )
(             libc.so[0xCBC2B000])[9A 61       ]0x00010E3A:	STR	R2, [R3, #0X18]	;(R2=0x300001E0 R3=0xCBC79180 )
(             libc.so[0xCBC2B000])[40 F0 01 03 ]0x00010E3C:	ORR	R3, R0, #1	;(R0=0x00000DF8 )
(             libc.so[0xCBC2B000])[53 60       ]0x00010E40:	STR	R3, [R2, #4]	;(R3=0x00000DF9 R2=0x300001E0 )
(             libc.so[0xCBC2B000])[44 F0 03 04 ]0x00010E42:	ORR	R4, R4, #3	;(R4=0x00000018 )
(             libc.so[0xCBC2B000])[74 60       ]0x00010E46:	STR	R4, [R6, #4]	;(R4=0x0000001B R6=0x300001C8 )
(             libc.so[0xCBC2B000])[08 36       ]0x00010E48:	ADDS	R6, #8	;(R6=0x300001C8 )
(             libc.so[0xCBC2B000])[04 E0       ]0x00010E4A:	B	#0XCBC3BE56
(             libc.so[0xCBC2B000])[35 49       ]0x00010E56:	LDR	R1, [PC, #0XD4]	;(PC=0xCBC3BE56 )
(             libc.so[0xCBC2B000])[79 44       ]0x00010E58:	ADD	R1, PC	;(R1=0x0003D324 PC=0xCBC3BE58 )
(             libc.so[0xCBC2B000])[D1 F8 BC 21 ]0x00010E5A:	LDR.W	R2, [R1, #0X1BC]	;(R1=0xCBC79180 )
(             libc.so[0xCBC2B000])[93 07       ]0x00010E5E:	LSLS	R3, R2, #0X1E	;(R2=0x00000007 )
(             libc.so[0xCBC2B000])[3F D5       ]0x00010E60:	BPL	#0XCBC3BEE2
(             libc.so[0xCBC2B000])[01 F5 E0 70 ]0x00010E62:	ADD.W	R0, R1, #0X1C0	;(R1=0xCBC79180 )
(             libc.so[0xCBC2B000])[FD F7 3C ED ]0x00010E66:	BLX	#0XCBC398E0	;(PC=0xCBC3BE66 )
(             libc.so[0xCBC2B000])[BE FF FF EA ]0x0000E8E0:	B	#0XCBC397E0 ; pthread_mutex_unlock	;(PC=0xCBC398E0 )
(             libc.so[0xCBC2B000])[70 40 2D E9 ]0x0000E7E0:	PUSH	{R4, R5, R6, LR}	;(SP=0x100FFFB0 R4=0x0000001B R5=0x00000000 R6=0x300001D0 LR=0xCBC3BE6B )
(             libc.so[0xCBC2B000])[00 40 50 E2 ]0x0000E7E4:	SUBS	R4, R0, #0	;(R0=0xCBC79340 )
(             libc.so[0xCBC2B000])[08 D0 4D E2 ]0x0000E7E8:	SUB	SP, SP, #8	;(SP=0x100FFFA0 )
(             libc.so[0xCBC2B000])[2B 00 00 0A ]0x0000E7EC:	BEQ	#0XCBC398A0	;(PC=0xCBC397EC )
(             libc.so[0xCBC2B000])[00 50 94 E5 ]0x0000E7F0:	LDR	R5, [R4]	;(R4=0xCBC79340 )
(             libc.so[0xCBC2B000])[03 69 15 E2 ]0x0000E7F4:	ANDS	R6, R5, #0XC000	;(R5=0x00000001 )
(             libc.so[0xCBC2B000])[02 1A 05 E2 ]0x0000E7F8:	AND	R1, R5, #0X2000	;(R5=0x00000001 )
(             libc.so[0xCBC2B000])[11 00 00 1A ]0x0000E7FC:	BNE	#0XCBC39848	;(PC=0xCBC397FC )
(             libc.so[0xCBC2B000])[5F F0 7F F5 ]0x0000E800:	DMB	SY
(             libc.so[0xCBC2B000])[9F 2F 94 E1 ]0x0000E804:	LDREX	R2, [R4]	;(R4=0xCBC79340 )
(             libc.so[0xCBC2B000])[01 30 42 E2 ]0x0000E808:	SUB	R3, R2, #1	;(R2=0x00000001 )
(             libc.so[0xCBC2B000])[93 5F 84 E1 ]0x0000E80C:	STREX	R5, R3, [R4]	;(R3=0x00000000 R4=0xCBC79340 )
(             libc.so[0xCBC2B000])[00 00 55 E3 ]0x0000E810:	CMP	R5, #0	;(R5=0x00000000 )
(             libc.so[0xCBC2B000])[FA FF FF 1A ]0x0000E814:	BNE	#0XCBC39804	;(PC=0xCBC39814 )
(             libc.so[0xCBC2B000])[01 C0 81 E3 ]0x0000E818:	ORR	IP, R1, #1	;(R1=0x00000000 )
(             libc.so[0xCBC2B000])[0C 00 52 E1 ]0x0000E81C:	CMP	R2, IP	;(R2=0x00000001 IP=0x00000001 )
(             libc.so[0xCBC2B000])[06 00 00 0A ]0x0000E820:	BEQ	#0XCBC39840	;(PC=0xCBC39820 )
(             libc.so[0xCBC2B000])[00 00 A0 E3 ]0x0000E840:	MOV	R0, #0
(             libc.so[0xCBC2B000])[FB FF FF EA ]0x0000E844:	B	#0XCBC39838	;(PC=0xCBC39844 )
(             libc.so[0xCBC2B000])[08 D0 8D E2 ]0x0000E838:	ADD	SP, SP, #8	;(SP=0x100FFF98 )
(             libc.so[0xCBC2B000])[70 80 BD E8 ]0x0000E83C:	POP	{R4, R5, R6, PC}	;(SP=0x100FFFA0 )
(             libc.so[0xCBC2B000])[3A E0       ]0x00010E6A:	B	#0XCBC3BEE2
(             libc.so[0xCBC2B000])[30 46       ]0x00010EE2:	MOV	R0, R6	;(R6=0x300001D0 )
(             libc.so[0xCBC2B000])[BD E8 FE 8F ]0x00010EE4:	POP.W	{R1, R2, R3, R4, R5, R6, R7, R8, SB, SL, FP, PC}	;(SP=0x100FFFB0 )
(             libc.so[0xCBC2B000])[08 BD       ]0x0000DBF8:	POP	{R3, PC}	;(SP=0x100FFFE0 )
(        libstdc++.so[0xCBC8F000])[08 B9       ]0x0000091E:	CBNZ	R0, #0XCBC8F924	;(R0=0x300001D0 )
(        libstdc++.so[0xCBC8F000])[08 BD       ]0x00000924:	POP	{R3, PC}	;(SP=0x100FFFE8 )
(  libmakeurl2.4.9.so[0xCBBCB000])[05 46       ]0x00001766:	MOV	R5, R0	;(R0=0x300001D0 )
(  libmakeurl2.4.9.so[0xCBBCB000])[1B F0 76 F9 ]0x00001768:	BL	#0XCBBE7A58	;(PC=0xCBBCC768 )
(  libmakeurl2.4.9.so[0xCBBCB000])[07 49       ]0x0001CA58:	LDR	R1, [PC, #0X1C]	;(PC=0xCBBE7A58 )
(  libmakeurl2.4.9.so[0xCBBCB000])[02 46       ]0x0001CA5A:	MOV	R2, R0	;(R0=0x300001D0 )
(  libmakeurl2.4.9.so[0xCBBCB000])[79 44       ]0x0001CA5C:	ADD	R1, PC	;(R1=0x000282D8 PC=0xCBBE7A5C )
(  libmakeurl2.4.9.so[0xCBBCB000])[08 31       ]0x0001CA5E:	ADDS	R1, #8	;(R1=0xCBC0FD38 )
(  libmakeurl2.4.9.so[0xCBBCB000])[01 60       ]0x0001CA60:	STR	R1, [R0]	;(R1=0xCBC0FD40 R0=0x300001D0 )
(  libmakeurl2.4.9.so[0xCBBCB000])[00 21       ]0x0001CA62:	MOVS	R1, #0
(  libmakeurl2.4.9.so[0xCBBCB000])[42 F8 08 1F ]0x0001CA64:	STR	R1, [R2, #8]!	;(R1=0x00000000 R2=0x300001D0 )
(  libmakeurl2.4.9.so[0xCBBCB000])[C1 60       ]0x0001CA68:	STR	R1, [R0, #0XC]	;(R1=0x00000000 R0=0x300001D0 )
(  libmakeurl2.4.9.so[0xCBBCB000])[45 F2 78 61 ]0x0001CA6A:	MOVW	R1, #0X5678
(  libmakeurl2.4.9.so[0xCBBCB000])[C1 F2 34 21 ]0x0001CA6E:	MOVT	R1, #0X1234	;(R1=0x00005678 )
(  libmakeurl2.4.9.so[0xCBBCB000])[42 60       ]0x0001CA72:	STR	R2, [R0, #4]	;(R2=0x300001D8 R0=0x300001D0 )
(  libmakeurl2.4.9.so[0xCBBCB000])[01 61       ]0x0001CA74:	STR	R1, [R0, #0X10]	;(R1=0x12345678 R0=0x300001D0 )
(  libmakeurl2.4.9.so[0xCBBCB000])[70 47       ]0x0001CA76:	BX	LR	;(LR=0xCBBCC76D )
(  libmakeurl2.4.9.so[0xCBBCB000])[BB 48       ]0x0000176C:	LDR	R0, [PC, #0X2EC]	;(PC=0xCBBCC76C )
(  libmakeurl2.4.9.so[0xCBBCB000])[78 44       ]0x0000176E:	ADD	R0, PC	;(R0=0x00043A82 PC=0xCBBCC76E )
(  libmakeurl2.4.9.so[0xCBBCB000])[05 60       ]0x00001770:	STR	R5, [R0]	;(R5=0x300001D0 R0=0xCBC101F4 )
(  libmakeurl2.4.9.so[0xCBBCB000])[14 20       ]0x00001772:	MOVS	R0, #0X14
(  libmakeurl2.4.9.so[0xCBBCB000])[FF F7 82 EE ]0x00001774:	BLX	#0XCBBCC47C	;(PC=0xCBBCC774 )
(  libmakeurl2.4.9.so[0xCBBCB000])[00 C6 8F E2 ]0x0000147C:	ADD	IP, PC, #0, #12	;(PC=0xCBBCC47C )
(  libmakeurl2.4.9.so[0xCBBCB000])[43 CA 8C E2 ]0x00001480:	ADD	IP, IP, #0X43000	;(IP=0xCBBCC484 )
(  libmakeurl2.4.9.so[0xCBBCB000])[00 FB BC E5 ]0x00001484:	LDR	PC, [IP, #0XB00]!	;(IP=0xCBC0F484 )
(        libstdc++.so[0xCBC8F000])[08 B5       ]0x00000918:	PUSH	{R3, LR} ; _Znaj	;(SP=0x100FFFF0 R3=0x00000000 LR=0xCBBCC779 )
(        libstdc++.so[0xCBC8F000])[FF F7 6E EF ]0x0000091A:	BLX	#0XCBC8F7F8	;(PC=0xCBC8F91A )
(        libstdc++.so[0xCBC8F000])[00 C6 8F E2 ]0x000007F8:	ADD	IP, PC, #0, #12	;(PC=0xCBC8F7F8 )
(        libstdc++.so[0xCBC8F000])[01 CA 8C E2 ]0x000007FC:	ADD	IP, IP, #0X1000	;(IP=0xCBC8F800 )
(        libstdc++.so[0xCBC8F000])[F0 F7 BC E5 ]0x00000800:	LDR	PC, [IP, #0X7F0]!	;(IP=0xCBC90800 )
(             libc.so[0xCBC2B000])[08 B5       ]0x0000DBEC:	PUSH	{R3, LR} ; malloc	;(SP=0x100FFFE8 R3=0x00000000 LR=0xCBC8F91F )
(             libc.so[0xCBC2B000])[03 4B       ]0x0000DBEE:	LDR	R3, [PC, #0XC]	;(PC=0xCBC38BEE )
(             libc.so[0xCBC2B000])[7B 44       ]0x0000DBF0:	ADD	R3, PC	;(R3=0x0003C40C PC=0xCBC38BF0 )
(             libc.so[0xCBC2B000])[19 68       ]0x0000DBF2:	LDR	R1, [R3]	;(R3=0xCBC75000 )
(             libc.so[0xCBC2B000])[0A 68       ]0x0000DBF4:	LDR	R2, [R1]	;(R1=0xCBC74E00 )
(             libc.so[0xCBC2B000])[90 47       ]0x0000DBF6:	BLX	R2	;(PC=0xCBC38BF6 R2=0xCBC3ADCD )
(             libc.so[0xCBC2B000])[DF F8 A4 3B ]0x0000FDCC:	LDR.W	R3, [PC, #0XBA4] ; dlmalloc	;(PC=0xCBC3ADCC )
(             libc.so[0xCBC2B000])[2D E9 F7 4F ]0x0000FDD0:	PUSH.W	{R0, R1, R2, R4, R5, R6, R7, R8, SB, SL, FP, LR}	;(SP=0x100FFFE0 R0=0x00000014 R1=0xCBC74E00 R2=0xCBC3ADCD R4=0x00000000 R5=0x300001D0 R6=0x00000000 R7=0x100FFFF8 R8=0x00000000 SB=0x00000000 SL=0x00000000 FP=0x00000000 LR=0xCBC38BF9 )
(             libc.so[0xCBC2B000])[7B 44       ]0x0000FDD4:	ADD	R3, PC	;(R3=0x0003E588 PC=0xCBC3ADD4 )
(             libc.so[0xCBC2B000])[04 46       ]0x0000FDD6:	MOV	R4, R0	;(R0=0x00000014 )
(             libc.so[0xCBC2B000])[18 68       ]0x0000FDD8:	LDR	R0, [R3]	;(R3=0xCBC79360 )
(             libc.so[0xCBC2B000])[08 B9       ]0x0000FDDA:	CBNZ	R0, #0XCBC3ADE0	;(R0=0x0B13C7D8 )
(             libc.so[0xCBC2B000])[DF F8 94 1B ]0x0000FDE0:	LDR.W	R1, [PC, #0XB94]	;(PC=0xCBC3ADE0 )
(             libc.so[0xCBC2B000])[79 44       ]0x0000FDE4:	ADD	R1, PC	;(R1=0x0003E398 PC=0xCBC3ADE4 )
(             libc.so[0xCBC2B000])[D1 F8 BC 21 ]0x0000FDE6:	LDR.W	R2, [R1, #0X1BC]	;(R1=0xCBC79180 )
(             libc.so[0xCBC2B000])[93 07       ]0x0000FDEA:	LSLS	R3, R2, #0X1E	;(R2=0x00000007 )
(             libc.so[0xCBC2B000])[02 D4       ]0x0000FDEC:	BMI	#0XCBC3ADF4
(             libc.so[0xCBC2B000])[01 F5 E0 70 ]0x0000FDF4:	ADD.W	R0, R1, #0X1C0	;(R1=0xCBC79180 )
(             libc.so[0xCBC2B000])[00 26       ]0x0000FDF8:	MOVS	R6, #0
(             libc.so[0xCBC2B000])[FE F7 F0 EC ]0x0000FDFA:	BLX	#0XCBC397DC	;(PC=0xCBC3ADFA )
(             libc.so[0xCBC2B000])[90 FF FF EA ]0x0000E7DC:	B	#0XCBC39624 ; pthread_mutex_lock	;(PC=0xCBC397DC )
(             libc.so[0xCBC2B000])[F0 41 2D E9 ]0x0000E624:	PUSH	{R4, R5, R6, R7, R8, LR}	;(SP=0x100FFFB0 R4=0x00000014 R5=0x300001D0 R6=0x00000000 R7=0x100FFFF8 R8=0x00000000 LR=0xCBC3ADFF )
(             libc.so[0xCBC2B000])[00 40 50 E2 ]0x0000E628:	SUBS	R4, R0, #0	;(R0=0xCBC79340 )
(             libc.so[0xCBC2B000])[1B 00 00 0A ]0x0000E62C:	BEQ	#0XCBC396A0	;(PC=0xCBC3962C )
(             libc.so[0xCBC2B000])[00 50 94 E5 ]0x0000E630:	LDR	R5, [R4]	;(R4=0xCBC79340 )
(             libc.so[0xCBC2B000])[03 79 15 E2 ]0x0000E634:	ANDS	R7, R5, #0XC000	;(R5=0x00000000 )
(             libc.so[0xCBC2B000])[02 6A 05 E2 ]0x0000E638:	AND	R6, R5, #0X2000	;(R5=0x00000000 )
(             libc.so[0xCBC2B000])[19 00 00 1A ]0x0000E63C:	BNE	#0XCBC396A8	;(PC=0xCBC3963C )
(             libc.so[0xCBC2B000])[01 00 86 E3 ]0x0000E640:	ORR	R0, R6, #1	;(R6=0x00000000 )
(             libc.so[0xCBC2B000])[9F 3F 94 E1 ]0x0000E644:	LDREX	R3, [R4]	;(R4=0xCBC79340 )
(             libc.so[0xCBC2B000])[00 10 A0 E3 ]0x0000E648:	MOV	R1, #0
(             libc.so[0xCBC2B000])[06 00 33 E1 ]0x0000E64C:	TEQ	R3, R6	;(R3=0x00000000 R6=0x00000000 )
(             libc.so[0xCBC2B000])[90 1F 84 01 ]0x0000E650:	STREXEQ	R1, R0, [R4]	;(R0=0x00000001 R4=0xCBC79340 )
(             libc.so[0xCBC2B000])[00 00 51 E3 ]0x0000E654:	CMP	R1, #0	;(R1=0x00000000 )
(             libc.so[0xCBC2B000])[F9 FF FF 1A ]0x0000E658:	BNE	#0XCBC39644	;(PC=0xCBC39658 )
(             libc.so[0xCBC2B000])[03 00 56 E1 ]0x0000E65C:	CMP	R6, R3	;(R6=0x00000000 R3=0x00000000 )
(             libc.so[0xCBC2B000])[02 50 86 13 ]0x0000E660:	ORRNE	R5, R6, #2	;(R6=0x00000000 )
(             libc.so[0xCBC2B000])[01 00 00 1A ]0x0000E664:	BNE	#0XCBC39670	;(PC=0xCBC39664 )
(             libc.so[0xCBC2B000])[09 00 00 EA ]0x0000E668:	B	#0XCBC39694	;(PC=0xCBC39668 )
(             libc.so[0xCBC2B000])[5F F0 7F F5 ]0x0000E694:	DMB	SY
(             libc.so[0xCBC2B000])[00 00 A0 E3 ]0x0000E698:	MOV	R0, #0
(             libc.so[0xCBC2B000])[F0 81 BD E8 ]0x0000E69C:	POP	{R4, R5, R6, R7, R8, PC}	;(SP=0x100FFF98 )
(             libc.so[0xCBC2B000])[00 28       ]0x0000FDFE:	CMP	R0, #0	;(R0=0x00000000 )
(             libc.so[0xCBC2B000])[41 F0 6F 80 ]0x0000FE00:	BNE.W	#0XCBC3BEE2
(             libc.so[0xCBC2B000])[F3 E7       ]0x0000FE04:	B	#0XCBC3ADEE
(             libc.so[0xCBC2B000])[F4 2C       ]0x0000FDEE:	CMP	R4, #0XF4	;(R4=0x00000014 )
(             libc.so[0xCBC2B000])[09 D9       ]0x0000FDF0:	BLS	#0XCBC3AE06
(             libc.so[0xCBC2B000])[0A 2C       ]0x0000FE06:	CMP	R4, #0XA	;(R4=0x00000014 )
(             libc.so[0xCBC2B000])[03 D9       ]0x0000FE08:	BLS	#0XCBC3AE12
(             libc.so[0xCBC2B000])[0B 34       ]0x0000FE0A:	ADDS	R4, #0XB	;(R4=0x00000014 )
(             libc.so[0xCBC2B000])[24 F0 07 04 ]0x0000FE0C:	BIC	R4, R4, #7	;(R4=0x0000001F )
(             libc.so[0xCBC2B000])[00 E0       ]0x0000FE10:	B	#0XCBC3AE14
(             libc.so[0xCBC2B000])[DF F8 68 3B ]0x0000FE14:	LDR.W	R3, [PC, #0XB68]	;(PC=0xCBC3AE14 )
(             libc.so[0xCBC2B000])[E2 08       ]0x0000FE18:	LSRS	R2, R4, #3	;(R4=0x00000018 )
(             libc.so[0xCBC2B000])[7B 44       ]0x0000FE1A:	ADD	R3, PC	;(R3=0x0003E362 PC=0xCBC3AE1A )
(             libc.so[0xCBC2B000])[18 68       ]0x0000FE1C:	LDR	R0, [R3]	;(R3=0xCBC79180 )
(             libc.so[0xCBC2B000])[20 FA 02 F1 ]0x0000FE1E:	LSR.W	R1, R0, R2	;(R0=0x00000000 R2=0x00000003 )
(             libc.so[0xCBC2B000])[01 90       ]0x0000FE22:	STR	R0, [SP, #4]	;(R0=0x00000000 SP=0x100FFFB0 )
(             libc.so[0xCBC2B000])[8E 07       ]0x0000FE24:	LSLS	R6, R1, #0X1E	;(R1=0x00000000 )
(             libc.so[0xCBC2B000])[21 D0       ]0x0000FE26:	BEQ	#0XCBC3AE6C
(             libc.so[0xCBC2B000])[9D 68       ]0x0000FE6C:	LDR	R5, [R3, #8]	;(R3=0xCBC79180 )
(             libc.so[0xCBC2B000])[AC 42       ]0x0000FE6E:	CMP	R4, R5	;(R4=0x00000018 R5=0x00000000 )
(             libc.so[0xCBC2B000])[40 F2 3F 83 ]0x0000FE70:	BLS.W	#0XCBC3B4F2
(             libc.so[0xCBC2B000])[00 29       ]0x0000FE74:	CMP	R1, #0	;(R1=0x00000000 )
(             libc.so[0xCBC2B000])[74 D0       ]0x0000FE76:	BEQ	#0XCBC3AF62
(             libc.so[0xCBC2B000])[D3 F8 04 80 ]0x0000FF62:	LDR.W	R8, [R3, #4]	;(R3=0xCBC79180 )
(             libc.so[0xCBC2B000])[B8 F1 00 0F ]0x0000FF66:	CMP.W	R8, #0	;(R8=0x00000000 )
(             libc.so[0xCBC2B000])[00 F0 C2 82 ]0x0000FF6A:	BEQ.W	#0XCBC3B4F2
(             libc.so[0xCBC2B000])[DF F8 E0 34 ]0x000104F2:	LDR.W	R3, [PC, #0X4E0]	;(PC=0xCBC3B4F2 )
(             libc.so[0xCBC2B000])[7B 44       ]0x000104F6:	ADD	R3, PC	;(R3=0x0003DC86 PC=0xCBC3B4F6 )
(             libc.so[0xCBC2B000])[98 68       ]0x000104F8:	LDR	R0, [R3, #8]	;(R3=0xCBC79180 )
(             libc.so[0xCBC2B000])[84 42       ]0x000104FA:	CMP	R4, R0	;(R4=0x00000018 R0=0x00000000 )
(             libc.so[0xCBC2B000])[19 D8       ]0x000104FC:	BHI	#0XCBC3B532
(             libc.so[0xCBC2B000])[DE 68       ]0x00010532:	LDR	R6, [R3, #0XC]	;(R3=0xCBC79180 )
(             libc.so[0xCBC2B000])[B4 42       ]0x00010534:	CMP	R4, R6	;(R4=0x00000018 R6=0x00000DF8 )
(             libc.so[0xCBC2B000])[01 D2       ]0x00010536:	BHS	#0XCBC3B53C
(             libc.so[0xCBC2B000])[00 F0 7B BC ]0x00010538:	B.W	#0XCBC3BE32
(             libc.so[0xCBC2B000])[30 1B       ]0x00010E32:	SUBS	R0, R6, R4	;(R6=0x00000DF8 R4=0x00000018 )
(             libc.so[0xCBC2B000])[9E 69       ]0x00010E34:	LDR	R6, [R3, #0X18]	;(R3=0xCBC79180 )
(             libc.so[0xCBC2B000])[D8 60       ]0x00010E36:	STR	R0, [R3, #0XC]	;(R0=0x00000DE0 R3=0xCBC79180 )
(             libc.so[0xCBC2B000])[32 19       ]0x00010E38:	ADDS	R2, R6, R4	;(R6=0x300001E0 R4=0x00000018 )
(             libc.so[0xCBC2B000])[9A 61       ]0x00010E3A:	STR	R2, [R3, #0X18]	;(R2=0x300001F8 R3=0xCBC79180 )
(             libc.so[0xCBC2B000])[40 F0 01 03 ]0x00010E3C:	ORR	R3, R0, #1	;(R0=0x00000DE0 )
(             libc.so[0xCBC2B000])[53 60       ]0x00010E40:	STR	R3, [R2, #4]	;(R3=0x00000DE1 R2=0x300001F8 )
(             libc.so[0xCBC2B000])[44 F0 03 04 ]0x00010E42:	ORR	R4, R4, #3	;(R4=0x00000018 )
(             libc.so[0xCBC2B000])[74 60       ]0x00010E46:	STR	R4, [R6, #4]	;(R4=0x0000001B R6=0x300001E0 )
(             libc.so[0xCBC2B000])[08 36       ]0x00010E48:	ADDS	R6, #8	;(R6=0x300001E0 )
(             libc.so[0xCBC2B000])[04 E0       ]0x00010E4A:	B	#0XCBC3BE56
(             libc.so[0xCBC2B000])[35 49       ]0x00010E56:	LDR	R1, [PC, #0XD4]	;(PC=0xCBC3BE56 )
(             libc.so[0xCBC2B000])[79 44       ]0x00010E58:	ADD	R1, PC	;(R1=0x0003D324 PC=0xCBC3BE58 )
(             libc.so[0xCBC2B000])[D1 F8 BC 21 ]0x00010E5A:	LDR.W	R2, [R1, #0X1BC]	;(R1=0xCBC79180 )
(             libc.so[0xCBC2B000])[93 07       ]0x00010E5E:	LSLS	R3, R2, #0X1E	;(R2=0x00000007 )
(             libc.so[0xCBC2B000])[3F D5       ]0x00010E60:	BPL	#0XCBC3BEE2
(             libc.so[0xCBC2B000])[01 F5 E0 70 ]0x00010E62:	ADD.W	R0, R1, #0X1C0	;(R1=0xCBC79180 )
(             libc.so[0xCBC2B000])[FD F7 3C ED ]0x00010E66:	BLX	#0XCBC398E0	;(PC=0xCBC3BE66 )
(             libc.so[0xCBC2B000])[BE FF FF EA ]0x0000E8E0:	B	#0XCBC397E0 ; pthread_mutex_unlock	;(PC=0xCBC398E0 )
(             libc.so[0xCBC2B000])[70 40 2D E9 ]0x0000E7E0:	PUSH	{R4, R5, R6, LR}	;(SP=0x100FFFB0 R4=0x0000001B R5=0x00000000 R6=0x300001E8 LR=0xCBC3BE6B )
(             libc.so[0xCBC2B000])[00 40 50 E2 ]0x0000E7E4:	SUBS	R4, R0, #0	;(R0=0xCBC79340 )
(             libc.so[0xCBC2B000])[08 D0 4D E2 ]0x0000E7E8:	SUB	SP, SP, #8	;(SP=0x100FFFA0 )
(             libc.so[0xCBC2B000])[2B 00 00 0A ]0x0000E7EC:	BEQ	#0XCBC398A0	;(PC=0xCBC397EC )
(             libc.so[0xCBC2B000])[00 50 94 E5 ]0x0000E7F0:	LDR	R5, [R4]	;(R4=0xCBC79340 )
(             libc.so[0xCBC2B000])[03 69 15 E2 ]0x0000E7F4:	ANDS	R6, R5, #0XC000	;(R5=0x00000001 )
(             libc.so[0xCBC2B000])[02 1A 05 E2 ]0x0000E7F8:	AND	R1, R5, #0X2000	;(R5=0x00000001 )
(             libc.so[0xCBC2B000])[11 00 00 1A ]0x0000E7FC:	BNE	#0XCBC39848	;(PC=0xCBC397FC )
(             libc.so[0xCBC2B000])[5F F0 7F F5 ]0x0000E800:	DMB	SY
(             libc.so[0xCBC2B000])[9F 2F 94 E1 ]0x0000E804:	LDREX	R2, [R4]	;(R4=0xCBC79340 )
(             libc.so[0xCBC2B000])[01 30 42 E2 ]0x0000E808:	SUB	R3, R2, #1	;(R2=0x00000001 )
(             libc.so[0xCBC2B000])[93 5F 84 E1 ]0x0000E80C:	STREX	R5, R3, [R4]	;(R3=0x00000000 R4=0xCBC79340 )
(             libc.so[0xCBC2B000])[00 00 55 E3 ]0x0000E810:	CMP	R5, #0	;(R5=0x00000000 )
(             libc.so[0xCBC2B000])[FA FF FF 1A ]0x0000E814:	BNE	#0XCBC39804	;(PC=0xCBC39814 )
(             libc.so[0xCBC2B000])[01 C0 81 E3 ]0x0000E818:	ORR	IP, R1, #1	;(R1=0x00000000 )
(             libc.so[0xCBC2B000])[0C 00 52 E1 ]0x0000E81C:	CMP	R2, IP	;(R2=0x00000001 IP=0x00000001 )
(             libc.so[0xCBC2B000])[06 00 00 0A ]0x0000E820:	BEQ	#0XCBC39840	;(PC=0xCBC39820 )
(             libc.so[0xCBC2B000])[00 00 A0 E3 ]0x0000E840:	MOV	R0, #0
(             libc.so[0xCBC2B000])[FB FF FF EA ]0x0000E844:	B	#0XCBC39838	;(PC=0xCBC39844 )
(             libc.so[0xCBC2B000])[08 D0 8D E2 ]0x0000E838:	ADD	SP, SP, #8	;(SP=0x100FFF98 )
(             libc.so[0xCBC2B000])[70 80 BD E8 ]0x0000E83C:	POP	{R4, R5, R6, PC}	;(SP=0x100FFFA0 )
(             libc.so[0xCBC2B000])[3A E0       ]0x00010E6A:	B	#0XCBC3BEE2
(             libc.so[0xCBC2B000])[30 46       ]0x00010EE2:	MOV	R0, R6	;(R6=0x300001E8 )
(             libc.so[0xCBC2B000])[BD E8 FE 8F ]0x00010EE4:	POP.W	{R1, R2, R3, R4, R5, R6, R7, R8, SB, SL, FP, PC}	;(SP=0x100FFFB0 )
(             libc.so[0xCBC2B000])[08 BD       ]0x0000DBF8:	POP	{R3, PC}	;(SP=0x100FFFE0 )
(        libstdc++.so[0xCBC8F000])[08 B9       ]0x0000091E:	CBNZ	R0, #0XCBC8F924	;(R0=0x300001E8 )
(        libstdc++.so[0xCBC8F000])[08 BD       ]0x00000924:	POP	{R3, PC}	;(SP=0x100FFFE8 )
(  libmakeurl2.4.9.so[0xCBBCB000])[05 46       ]0x00001778:	MOV	R5, R0	;(R0=0x300001E8 )
(  libmakeurl2.4.9.so[0xCBBCB000])[1B F0 6D F9 ]0x0000177A:	BL	#0XCBBE7A58	;(PC=0xCBBCC77A )
(  libmakeurl2.4.9.so[0xCBBCB000])[07 49       ]0x0001CA58:	LDR	R1, [PC, #0X1C]	;(PC=0xCBBE7A58 )
(  libmakeurl2.4.9.so[0xCBBCB000])[02 46       ]0x0001CA5A:	MOV	R2, R0	;(R0=0x300001E8 )
(  libmakeurl2.4.9.so[0xCBBCB000])[79 44       ]0x0001CA5C:	ADD	R1, PC	;(R1=0x000282D8 PC=0xCBBE7A5C )
(  libmakeurl2.4.9.so[0xCBBCB000])[08 31       ]0x0001CA5E:	ADDS	R1, #8	;(R1=0xCBC0FD38 )
(  libmakeurl2.4.9.so[0xCBBCB000])[01 60       ]0x0001CA60:	STR	R1, [R0]	;(R1=0xCBC0FD40 R0=0x300001E8 )
(  libmakeurl2.4.9.so[0xCBBCB000])[00 21       ]0x0001CA62:	MOVS	R1, #0
(  libmakeurl2.4.9.so[0xCBBCB000])[42 F8 08 1F ]0x0001CA64:	STR	R1, [R2, #8]!	;(R1=0x00000000 R2=0x300001E8 )
(  libmakeurl2.4.9.so[0xCBBCB000])[C1 60       ]0x0001CA68:	STR	R1, [R0, #0XC]	;(R1=0x00000000 R0=0x300001E8 )
(  libmakeurl2.4.9.so[0xCBBCB000])[45 F2 78 61 ]0x0001CA6A:	MOVW	R1, #0X5678
(  libmakeurl2.4.9.so[0xCBBCB000])[C1 F2 34 21 ]0x0001CA6E:	MOVT	R1, #0X1234	;(R1=0x00005678 )
(  libmakeurl2.4.9.so[0xCBBCB000])[42 60       ]0x0001CA72:	STR	R2, [R0, #4]	;(R2=0x300001F0 R0=0x300001E8 )
(  libmakeurl2.4.9.so[0xCBBCB000])[01 61       ]0x0001CA74:	STR	R1, [R0, #0X10]	;(R1=0x12345678 R0=0x300001E8 )
(  libmakeurl2.4.9.so[0xCBBCB000])[70 47       ]0x0001CA76:	BX	LR	;(LR=0xCBBCC77F )
(  libmakeurl2.4.9.so[0xCBBCB000])[B8 48       ]0x0000177E:	LDR	R0, [PC, #0X2E0]	;(PC=0xCBBCC77E )
(  libmakeurl2.4.9.so[0xCBBCB000])[78 44       ]0x00001780:	ADD	R0, PC	;(R0=0x00043A74 PC=0xCBBCC780 )
(  libmakeurl2.4.9.so[0xCBBCB000])[05 60       ]0x00001782:	STR	R5, [R0]	;(R5=0x300001E8 R0=0xCBC101F8 )
(  libmakeurl2.4.9.so[0xCBBCB000])[14 20       ]0x00001784:	MOVS	R0, #0X14
(  libmakeurl2.4.9.so[0xCBBCB000])[FF F7 7A EE ]0x00001786:	BLX	#0XCBBCC47C	;(PC=0xCBBCC786 )
(  libmakeurl2.4.9.so[0xCBBCB000])[00 C6 8F E2 ]0x0000147C:	ADD	IP, PC, #0, #12	;(PC=0xCBBCC47C )
(  libmakeurl2.4.9.so[0xCBBCB000])[43 CA 8C E2 ]0x00001480:	ADD	IP, IP, #0X43000	;(IP=0xCBBCC484 )
(  libmakeurl2.4.9.so[0xCBBCB000])[00 FB BC E5 ]0x00001484:	LDR	PC, [IP, #0XB00]!	;(IP=0xCBC0F484 )
(        libstdc++.so[0xCBC8F000])[08 B5       ]0x00000918:	PUSH	{R3, LR} ; _Znaj	;(SP=0x100FFFF0 R3=0x00000000 LR=0xCBBCC78B )
(        libstdc++.so[0xCBC8F000])[FF F7 6E EF ]0x0000091A:	BLX	#0XCBC8F7F8	;(PC=0xCBC8F91A )
(        libstdc++.so[0xCBC8F000])[00 C6 8F E2 ]0x000007F8:	ADD	IP, PC, #0, #12	;(PC=0xCBC8F7F8 )
(        libstdc++.so[0xCBC8F000])[01 CA 8C E2 ]0x000007FC:	ADD	IP, IP, #0X1000	;(IP=0xCBC8F800 )
(        libstdc++.so[0xCBC8F000])[F0 F7 BC E5 ]0x00000800:	LDR	PC, [IP, #0X7F0]!	;(IP=0xCBC90800 )
(             libc.so[0xCBC2B000])[08 B5       ]0x0000DBEC:	PUSH	{R3, LR} ; malloc	;(SP=0x100FFFE8 R3=0x00000000 LR=0xCBC8F91F )
(             libc.so[0xCBC2B000])[03 4B       ]0x0000DBEE:	LDR	R3, [PC, #0XC]	;(PC=0xCBC38BEE )
(             libc.so[0xCBC2B000])[7B 44       ]0x0000DBF0:	ADD	R3, PC	;(R3=0x0003C40C PC=0xCBC38BF0 )
(             libc.so[0xCBC2B000])[19 68       ]0x0000DBF2:	LDR	R1, [R3]	;(R3=0xCBC75000 )
(             libc.so[0xCBC2B000])[0A 68       ]0x0000DBF4:	LDR	R2, [R1]	;(R1=0xCBC74E00 )
(             libc.so[0xCBC2B000])[90 47       ]0x0000DBF6:	BLX	R2	;(PC=0xCBC38BF6 R2=0xCBC3ADCD )
(             libc.so[0xCBC2B000])[DF F8 A4 3B ]0x0000FDCC:	LDR.W	R3, [PC, #0XBA4] ; dlmalloc	;(PC=0xCBC3ADCC )
(             libc.so[0xCBC2B000])[2D E9 F7 4F ]0x0000FDD0:	PUSH.W	{R0, R1, R2, R4, R5, R6, R7, R8, SB, SL, FP, LR}	;(SP=0x100FFFE0 R0=0x00000014 R1=0xCBC74E00 R2=0xCBC3ADCD R4=0x00000000 R5=0x300001E8 R6=0x00000000 R7=0x100FFFF8 R8=0x00000000 SB=0x00000000 SL=0x00000000 FP=0x00000000 LR=0xCBC38BF9 )
(             libc.so[0xCBC2B000])[7B 44       ]0x0000FDD4:	ADD	R3, PC	;(R3=0x0003E588 PC=0xCBC3ADD4 )
(             libc.so[0xCBC2B000])[04 46       ]0x0000FDD6:	MOV	R4, R0	;(R0=0x00000014 )
(             libc.so[0xCBC2B000])[18 68       ]0x0000FDD8:	LDR	R0, [R3]	;(R3=0xCBC79360 )
(             libc.so[0xCBC2B000])[08 B9       ]0x0000FDDA:	CBNZ	R0, #0XCBC3ADE0	;(R0=0x0B13C7D8 )
(             libc.so[0xCBC2B000])[DF F8 94 1B ]0x0000FDE0:	LDR.W	R1, [PC, #0XB94]	;(PC=0xCBC3ADE0 )
(             libc.so[0xCBC2B000])[79 44       ]0x0000FDE4:	ADD	R1, PC	;(R1=0x0003E398 PC=0xCBC3ADE4 )
(             libc.so[0xCBC2B000])[D1 F8 BC 21 ]0x0000FDE6:	LDR.W	R2, [R1, #0X1BC]	;(R1=0xCBC79180 )
(             libc.so[0xCBC2B000])[93 07       ]0x0000FDEA:	LSLS	R3, R2, #0X1E	;(R2=0x00000007 )
(             libc.so[0xCBC2B000])[02 D4       ]0x0000FDEC:	BMI	#0XCBC3ADF4
(             libc.so[0xCBC2B000])[01 F5 E0 70 ]0x0000FDF4:	ADD.W	R0, R1, #0X1C0	;(R1=0xCBC79180 )
(             libc.so[0xCBC2B000])[00 26       ]0x0000FDF8:	MOVS	R6, #0
(             libc.so[0xCBC2B000])[FE F7 F0 EC ]0x0000FDFA:	BLX	#0XCBC397DC	;(PC=0xCBC3ADFA )
(             libc.so[0xCBC2B000])[90 FF FF EA ]0x0000E7DC:	B	#0XCBC39624 ; pthread_mutex_lock	;(PC=0xCBC397DC )
(             libc.so[0xCBC2B000])[F0 41 2D E9 ]0x0000E624:	PUSH	{R4, R5, R6, R7, R8, LR}	;(SP=0x100FFFB0 R4=0x00000014 R5=0x300001E8 R6=0x00000000 R7=0x100FFFF8 R8=0x00000000 LR=0xCBC3ADFF )
(             libc.so[0xCBC2B000])[00 40 50 E2 ]0x0000E628:	SUBS	R4, R0, #0	;(R0=0xCBC79340 )
(             libc.so[0xCBC2B000])[1B 00 00 0A ]0x0000E62C:	BEQ	#0XCBC396A0	;(PC=0xCBC3962C )
(             libc.so[0xCBC2B000])[00 50 94 E5 ]0x0000E630:	LDR	R5, [R4]	;(R4=0xCBC79340 )
(             libc.so[0xCBC2B000])[03 79 15 E2 ]0x0000E634:	ANDS	R7, R5, #0XC000	;(R5=0x00000000 )
(             libc.so[0xCBC2B000])[02 6A 05 E2 ]0x0000E638:	AND	R6, R5, #0X2000	;(R5=0x00000000 )
(             libc.so[0xCBC2B000])[19 00 00 1A ]0x0000E63C:	BNE	#0XCBC396A8	;(PC=0xCBC3963C )
(             libc.so[0xCBC2B000])[01 00 86 E3 ]0x0000E640:	ORR	R0, R6, #1	;(R6=0x00000000 )
(             libc.so[0xCBC2B000])[9F 3F 94 E1 ]0x0000E644:	LDREX	R3, [R4]	;(R4=0xCBC79340 )
(             libc.so[0xCBC2B000])[00 10 A0 E3 ]0x0000E648:	MOV	R1, #0
(             libc.so[0xCBC2B000])[06 00 33 E1 ]0x0000E64C:	TEQ	R3, R6	;(R3=0x00000000 R6=0x00000000 )
(             libc.so[0xCBC2B000])[90 1F 84 01 ]0x0000E650:	STREXEQ	R1, R0, [R4]	;(R0=0x00000001 R4=0xCBC79340 )
(             libc.so[0xCBC2B000])[00 00 51 E3 ]0x0000E654:	CMP	R1, #0	;(R1=0x00000000 )
(             libc.so[0xCBC2B000])[F9 FF FF 1A ]0x0000E658:	BNE	#0XCBC39644	;(PC=0xCBC39658 )
(             libc.so[0xCBC2B000])[03 00 56 E1 ]0x0000E65C:	CMP	R6, R3	;(R6=0x00000000 R3=0x00000000 )
(             libc.so[0xCBC2B000])[02 50 86 13 ]0x0000E660:	ORRNE	R5, R6, #2	;(R6=0x00000000 )
(             libc.so[0xCBC2B000])[01 00 00 1A ]0x0000E664:	BNE	#0XCBC39670	;(PC=0xCBC39664 )
(             libc.so[0xCBC2B000])[09 00 00 EA ]0x0000E668:	B	#0XCBC39694	;(PC=0xCBC39668 )
(             libc.so[0xCBC2B000])[5F F0 7F F5 ]0x0000E694:	DMB	SY
(             libc.so[0xCBC2B000])[00 00 A0 E3 ]0x0000E698:	MOV	R0, #0
(             libc.so[0xCBC2B000])[F0 81 BD E8 ]0x0000E69C:	POP	{R4, R5, R6, R7, R8, PC}	;(SP=0x100FFF98 )
(             libc.so[0xCBC2B000])[00 28       ]0x0000FDFE:	CMP	R0, #0	;(R0=0x00000000 )
(             libc.so[0xCBC2B000])[41 F0 6F 80 ]0x0000FE00:	BNE.W	#0XCBC3BEE2
(             libc.so[0xCBC2B000])[F3 E7       ]0x0000FE04:	B	#0XCBC3ADEE
(             libc.so[0xCBC2B000])[F4 2C       ]0x0000FDEE:	CMP	R4, #0XF4	;(R4=0x00000014 )
(             libc.so[0xCBC2B000])[09 D9       ]0x0000FDF0:	BLS	#0XCBC3AE06
(             libc.so[0xCBC2B000])[0A 2C       ]0x0000FE06:	CMP	R4, #0XA	;(R4=0x00000014 )
(             libc.so[0xCBC2B000])[03 D9       ]0x0000FE08:	BLS	#0XCBC3AE12
(             libc.so[0xCBC2B000])[0B 34       ]0x0000FE0A:	ADDS	R4, #0XB	;(R4=0x00000014 )
(             libc.so[0xCBC2B000])[24 F0 07 04 ]0x0000FE0C:	BIC	R4, R4, #7	;(R4=0x0000001F )
(             libc.so[0xCBC2B000])[00 E0       ]0x0000FE10:	B	#0XCBC3AE14
(             libc.so[0xCBC2B000])[DF F8 68 3B ]0x0000FE14:	LDR.W	R3, [PC, #0XB68]	;(PC=0xCBC3AE14 )
(             libc.so[0xCBC2B000])[E2 08       ]0x0000FE18:	LSRS	R2, R4, #3	;(R4=0x00000018 )
(             libc.so[0xCBC2B000])[7B 44       ]0x0000FE1A:	ADD	R3, PC	;(R3=0x0003E362 PC=0xCBC3AE1A )
(             libc.so[0xCBC2B000])[18 68       ]0x0000FE1C:	LDR	R0, [R3]	;(R3=0xCBC79180 )
(             libc.so[0xCBC2B000])[20 FA 02 F1 ]0x0000FE1E:	LSR.W	R1, R0, R2	;(R0=0x00000000 R2=0x00000003 )
(             libc.so[0xCBC2B000])[01 90       ]0x0000FE22:	STR	R0, [SP, #4]	;(R0=0x00000000 SP=0x100FFFB0 )
(             libc.so[0xCBC2B000])[8E 07       ]0x0000FE24:	LSLS	R6, R1, #0X1E	;(R1=0x00000000 )
(             libc.so[0xCBC2B000])[21 D0       ]0x0000FE26:	BEQ	#0XCBC3AE6C
(             libc.so[0xCBC2B000])[9D 68       ]0x0000FE6C:	LDR	R5, [R3, #8]	;(R3=0xCBC79180 )
(             libc.so[0xCBC2B000])[AC 42       ]0x0000FE6E:	CMP	R4, R5	;(R4=0x00000018 R5=0x00000000 )
(             libc.so[0xCBC2B000])[40 F2 3F 83 ]0x0000FE70:	BLS.W	#0XCBC3B4F2
(             libc.so[0xCBC2B000])[00 29       ]0x0000FE74:	CMP	R1, #0	;(R1=0x00000000 )
(             libc.so[0xCBC2B000])[74 D0       ]0x0000FE76:	BEQ	#0XCBC3AF62
(             libc.so[0xCBC2B000])[D3 F8 04 80 ]0x0000FF62:	LDR.W	R8, [R3, #4]	;(R3=0xCBC79180 )
(             libc.so[0xCBC2B000])[B8 F1 00 0F ]0x0000FF66:	CMP.W	R8, #0	;(R8=0x00000000 )
(             libc.so[0xCBC2B000])[00 F0 C2 82 ]0x0000FF6A:	BEQ.W	#0XCBC3B4F2
(             libc.so[0xCBC2B000])[DF F8 E0 34 ]0x000104F2:	LDR.W	R3, [PC, #0X4E0]	;(PC=0xCBC3B4F2 )
(             libc.so[0xCBC2B000])[7B 44       ]0x000104F6:	ADD	R3, PC	;(R3=0x0003DC86 PC=0xCBC3B4F6 )
(             libc.so[0xCBC2B000])[98 68       ]0x000104F8:	LDR	R0, [R3, #8]	;(R3=0xCBC79180 )
(             libc.so[0xCBC2B000])[84 42       ]0x000104FA:	CMP	R4, R0	;(R4=0x00000018 R0=0x00000000 )
(             libc.so[0xCBC2B000])[19 D8       ]0x000104FC:	BHI	#0XCBC3B532
(             libc.so[0xCBC2B000])[DE 68       ]0x00010532:	LDR	R6, [R3, #0XC]	;(R3=0xCBC79180 )
(             libc.so[0xCBC2B000])[B4 42       ]0x00010534:	CMP	R4, R6	;(R4=0x00000018 R6=0x00000DE0 )
(             libc.so[0xCBC2B000])[01 D2       ]0x00010536:	BHS	#0XCBC3B53C
(             libc.so[0xCBC2B000])[00 F0 7B BC ]0x00010538:	B.W	#0XCBC3BE32
(             libc.so[0xCBC2B000])[30 1B       ]0x00010E32:	SUBS	R0, R6, R4	;(R6=0x00000DE0 R4=0x00000018 )
(             libc.so[0xCBC2B000])[9E 69       ]0x00010E34:	LDR	R6, [R3, #0X18]	;(R3=0xCBC79180 )
(             libc.so[0xCBC2B000])[D8 60       ]0x00010E36:	STR	R0, [R3, #0XC]	;(R0=0x00000DC8 R3=0xCBC79180 )
(             libc.so[0xCBC2B000])[32 19       ]0x00010E38:	ADDS	R2, R6, R4	;(R6=0x300001F8 R4=0x00000018 )
(             libc.so[0xCBC2B000])[9A 61       ]0x00010E3A:	STR	R2, [R3, #0X18]	;(R2=0x30000210 R3=0xCBC79180 )
(             libc.so[0xCBC2B000])[40 F0 01 03 ]0x00010E3C:	ORR	R3, R0, #1	;(R0=0x00000DC8 )
(             libc.so[0xCBC2B000])[53 60       ]0x00010E40:	STR	R3, [R2, #4]	;(R3=0x00000DC9 R2=0x30000210 )
(             libc.so[0xCBC2B000])[44 F0 03 04 ]0x00010E42:	ORR	R4, R4, #3	;(R4=0x00000018 )
(             libc.so[0xCBC2B000])[74 60       ]0x00010E46:	STR	R4, [R6, #4]	;(R4=0x0000001B R6=0x300001F8 )
(             libc.so[0xCBC2B000])[08 36       ]0x00010E48:	ADDS	R6, #8	;(R6=0x300001F8 )
(             libc.so[0xCBC2B000])[04 E0       ]0x00010E4A:	B	#0XCBC3BE56
(             libc.so[0xCBC2B000])[35 49       ]0x00010E56:	LDR	R1, [PC, #0XD4]	;(PC=0xCBC3BE56 )
(             libc.so[0xCBC2B000])[79 44       ]0x00010E58:	ADD	R1, PC	;(R1=0x0003D324 PC=0xCBC3BE58 )
(             libc.so[0xCBC2B000])[D1 F8 BC 21 ]0x00010E5A:	LDR.W	R2, [R1, #0X1BC]	;(R1=0xCBC79180 )
(             libc.so[0xCBC2B000])[93 07       ]0x00010E5E:	LSLS	R3, R2, #0X1E	;(R2=0x00000007 )
(             libc.so[0xCBC2B000])[3F D5       ]0x00010E60:	BPL	#0XCBC3BEE2
(             libc.so[0xCBC2B000])[01 F5 E0 70 ]0x00010E62:	ADD.W	R0, R1, #0X1C0	;(R1=0xCBC79180 )
(             libc.so[0xCBC2B000])[FD F7 3C ED ]0x00010E66:	BLX	#0XCBC398E0	;(PC=0xCBC3BE66 )
(             libc.so[0xCBC2B000])[BE FF FF EA ]0x0000E8E0:	B	#0XCBC397E0 ; pthread_mutex_unlock	;(PC=0xCBC398E0 )
(             libc.so[0xCBC2B000])[70 40 2D E9 ]0x0000E7E0:	PUSH	{R4, R5, R6, LR}	;(SP=0x100FFFB0 R4=0x0000001B R5=0x00000000 R6=0x30000200 LR=0xCBC3BE6B )
(             libc.so[0xCBC2B000])[00 40 50 E2 ]0x0000E7E4:	SUBS	R4, R0, #0	;(R0=0xCBC79340 )
(             libc.so[0xCBC2B000])[08 D0 4D E2 ]0x0000E7E8:	SUB	SP, SP, #8	;(SP=0x100FFFA0 )
(             libc.so[0xCBC2B000])[2B 00 00 0A ]0x0000E7EC:	BEQ	#0XCBC398A0	;(PC=0xCBC397EC )
(             libc.so[0xCBC2B000])[00 50 94 E5 ]0x0000E7F0:	LDR	R5, [R4]	;(R4=0xCBC79340 )
(             libc.so[0xCBC2B000])[03 69 15 E2 ]0x0000E7F4:	ANDS	R6, R5, #0XC000	;(R5=0x00000001 )
(             libc.so[0xCBC2B000])[02 1A 05 E2 ]0x0000E7F8:	AND	R1, R5, #0X2000	;(R5=0x00000001 )
(             libc.so[0xCBC2B000])[11 00 00 1A ]0x0000E7FC:	BNE	#0XCBC39848	;(PC=0xCBC397FC )
(             libc.so[0xCBC2B000])[5F F0 7F F5 ]0x0000E800:	DMB	SY
(             libc.so[0xCBC2B000])[9F 2F 94 E1 ]0x0000E804:	LDREX	R2, [R4]	;(R4=0xCBC79340 )
(             libc.so[0xCBC2B000])[01 30 42 E2 ]0x0000E808:	SUB	R3, R2, #1	;(R2=0x00000001 )
(             libc.so[0xCBC2B000])[93 5F 84 E1 ]0x0000E80C:	STREX	R5, R3, [R4]	;(R3=0x00000000 R4=0xCBC79340 )
(             libc.so[0xCBC2B000])[00 00 55 E3 ]0x0000E810:	CMP	R5, #0	;(R5=0x00000000 )
(             libc.so[0xCBC2B000])[FA FF FF 1A ]0x0000E814:	BNE	#0XCBC39804	;(PC=0xCBC39814 )
(             libc.so[0xCBC2B000])[01 C0 81 E3 ]0x0000E818:	ORR	IP, R1, #1	;(R1=0x00000000 )
(             libc.so[0xCBC2B000])[0C 00 52 E1 ]0x0000E81C:	CMP	R2, IP	;(R2=0x00000001 IP=0x00000001 )
(             libc.so[0xCBC2B000])[06 00 00 0A ]0x0000E820:	BEQ	#0XCBC39840	;(PC=0xCBC39820 )
(             libc.so[0xCBC2B000])[00 00 A0 E3 ]0x0000E840:	MOV	R0, #0
(             libc.so[0xCBC2B000])[FB FF FF EA ]0x0000E844:	B	#0XCBC39838	;(PC=0xCBC39844 )
(             libc.so[0xCBC2B000])[08 D0 8D E2 ]0x0000E838:	ADD	SP, SP, #8	;(SP=0x100FFF98 )
(             libc.so[0xCBC2B000])[70 80 BD E8 ]0x0000E83C:	POP	{R4, R5, R6, PC}	;(SP=0x100FFFA0 )
(             libc.so[0xCBC2B000])[3A E0       ]0x00010E6A:	B	#0XCBC3BEE2
(             libc.so[0xCBC2B000])[30 46       ]0x00010EE2:	MOV	R0, R6	;(R6=0x30000200 )
(             libc.so[0xCBC2B000])[BD E8 FE 8F ]0x00010EE4:	POP.W	{R1, R2, R3, R4, R5, R6, R7, R8, SB, SL, FP, PC}	;(SP=0x100FFFB0 )
(             libc.so[0xCBC2B000])[08 BD       ]0x0000DBF8:	POP	{R3, PC}	;(SP=0x100FFFE0 )
(        libstdc++.so[0xCBC8F000])[08 B9       ]0x0000091E:	CBNZ	R0, #0XCBC8F924	;(R0=0x30000200 )
(        libstdc++.so[0xCBC8F000])[08 BD       ]0x00000924:	POP	{R3, PC}	;(SP=0x100FFFE8 )
(  libmakeurl2.4.9.so[0xCBBCB000])[05 46       ]0x0000178A:	MOV	R5, R0	;(R0=0x30000200 )
(  libmakeurl2.4.9.so[0xCBBCB000])[1B F0 64 F9 ]0x0000178C:	BL	#0XCBBE7A58	;(PC=0xCBBCC78C )
(  libmakeurl2.4.9.so[0xCBBCB000])[07 49       ]0x0001CA58:	LDR	R1, [PC, #0X1C]	;(PC=0xCBBE7A58 )
(  libmakeurl2.4.9.so[0xCBBCB000])[02 46       ]0x0001CA5A:	MOV	R2, R0	;(R0=0x30000200 )
(  libmakeurl2.4.9.so[0xCBBCB000])[79 44       ]0x0001CA5C:	ADD	R1, PC	;(R1=0x000282D8 PC=0xCBBE7A5C )
(  libmakeurl2.4.9.so[0xCBBCB000])[08 31       ]0x0001CA5E:	ADDS	R1, #8	;(R1=0xCBC0FD38 )
(  libmakeurl2.4.9.so[0xCBBCB000])[01 60       ]0x0001CA60:	STR	R1, [R0]	;(R1=0xCBC0FD40 R0=0x30000200 )
(  libmakeurl2.4.9.so[0xCBBCB000])[00 21       ]0x0001CA62:	MOVS	R1, #0
(  libmakeurl2.4.9.so[0xCBBCB000])[42 F8 08 1F ]0x0001CA64:	STR	R1, [R2, #8]!	;(R1=0x00000000 R2=0x30000200 )
(  libmakeurl2.4.9.so[0xCBBCB000])[C1 60       ]0x0001CA68:	STR	R1, [R0, #0XC]	;(R1=0x00000000 R0=0x30000200 )
(  libmakeurl2.4.9.so[0xCBBCB000])[45 F2 78 61 ]0x0001CA6A:	MOVW	R1, #0X5678
(  libmakeurl2.4.9.so[0xCBBCB000])[C1 F2 34 21 ]0x0001CA6E:	MOVT	R1, #0X1234	;(R1=0x00005678 )
(  libmakeurl2.4.9.so[0xCBBCB000])[42 60       ]0x0001CA72:	STR	R2, [R0, #4]	;(R2=0x30000208 R0=0x30000200 )
(  libmakeurl2.4.9.so[0xCBBCB000])[01 61       ]0x0001CA74:	STR	R1, [R0, #0X10]	;(R1=0x12345678 R0=0x30000200 )
(  libmakeurl2.4.9.so[0xCBBCB000])[70 47       ]0x0001CA76:	BX	LR	;(LR=0xCBBCC791 )
(  libmakeurl2.4.9.so[0xCBBCB000])[B4 48       ]0x00001790:	LDR	R0, [PC, #0X2D0]	;(PC=0xCBBCC790 )
(  libmakeurl2.4.9.so[0xCBBCB000])[78 44       ]0x00001792:	ADD	R0, PC	;(R0=0x00043A66 PC=0xCBBCC792 )
(  libmakeurl2.4.9.so[0xCBBCB000])[05 60       ]0x00001794:	STR	R5, [R0]	;(R5=0x30000200 R0=0xCBC101FC )
(  libmakeurl2.4.9.so[0xCBBCB000])[14 20       ]0x00001796:	MOVS	R0, #0X14
(  libmakeurl2.4.9.so[0xCBBCB000])[FF F7 70 EE ]0x00001798:	BLX	#0XCBBCC47C	;(PC=0xCBBCC798 )
(  libmakeurl2.4.9.so[0xCBBCB000])[00 C6 8F E2 ]0x0000147C:	ADD	IP, PC, #0, #12	;(PC=0xCBBCC47C )
(  libmakeurl2.4.9.so[0xCBBCB000])[43 CA 8C E2 ]0x00001480:	ADD	IP, IP, #0X43000	;(IP=0xCBBCC484 )
(  libmakeurl2.4.9.so[0xCBBCB000])[00 FB BC E5 ]0x00001484:	LDR	PC, [IP, #0XB00]!	;(IP=0xCBC0F484 )
(        libstdc++.so[0xCBC8F000])[08 B5       ]0x00000918:	PUSH	{R3, LR} ; _Znaj	;(SP=0x100FFFF0 R3=0x00000000 LR=0xCBBCC79D )
(        libstdc++.so[0xCBC8F000])[FF F7 6E EF ]0x0000091A:	BLX	#0XCBC8F7F8	;(PC=0xCBC8F91A )
(        libstdc++.so[0xCBC8F000])[00 C6 8F E2 ]0x000007F8:	ADD	IP, PC, #0, #12	;(PC=0xCBC8F7F8 )
(        libstdc++.so[0xCBC8F000])[01 CA 8C E2 ]0x000007FC:	ADD	IP, IP, #0X1000	;(IP=0xCBC8F800 )
(        libstdc++.so[0xCBC8F000])[F0 F7 BC E5 ]0x00000800:	LDR	PC, [IP, #0X7F0]!	;(IP=0xCBC90800 )
(             libc.so[0xCBC2B000])[08 B5       ]0x0000DBEC:	PUSH	{R3, LR} ; malloc	;(SP=0x100FFFE8 R3=0x00000000 LR=0xCBC8F91F )
(             libc.so[0xCBC2B000])[03 4B       ]0x0000DBEE:	LDR	R3, [PC, #0XC]	;(PC=0xCBC38BEE )
(             libc.so[0xCBC2B000])[7B 44       ]0x0000DBF0:	ADD	R3, PC	;(R3=0x0003C40C PC=0xCBC38BF0 )
(             libc.so[0xCBC2B000])[19 68       ]0x0000DBF2:	LDR	R1, [R3]	;(R3=0xCBC75000 )
(             libc.so[0xCBC2B000])[0A 68       ]0x0000DBF4:	LDR	R2, [R1]	;(R1=0xCBC74E00 )
(             libc.so[0xCBC2B000])[90 47       ]0x0000DBF6:	BLX	R2	;(PC=0xCBC38BF6 R2=0xCBC3ADCD )
(             libc.so[0xCBC2B000])[DF F8 A4 3B ]0x0000FDCC:	LDR.W	R3, [PC, #0XBA4] ; dlmalloc	;(PC=0xCBC3ADCC )
(             libc.so[0xCBC2B000])[2D E9 F7 4F ]0x0000FDD0:	PUSH.W	{R0, R1, R2, R4, R5, R6, R7, R8, SB, SL, FP, LR}	;(SP=0x100FFFE0 R0=0x00000014 R1=0xCBC74E00 R2=0xCBC3ADCD R4=0x00000000 R5=0x30000200 R6=0x00000000 R7=0x100FFFF8 R8=0x00000000 SB=0x00000000 SL=0x00000000 FP=0x00000000 LR=0xCBC38BF9 )
(             libc.so[0xCBC2B000])[7B 44       ]0x0000FDD4:	ADD	R3, PC	;(R3=0x0003E588 PC=0xCBC3ADD4 )
(             libc.so[0xCBC2B000])[04 46       ]0x0000FDD6:	MOV	R4, R0	;(R0=0x00000014 )
(             libc.so[0xCBC2B000])[18 68       ]0x0000FDD8:	LDR	R0, [R3]	;(R3=0xCBC79360 )
(             libc.so[0xCBC2B000])[08 B9       ]0x0000FDDA:	CBNZ	R0, #0XCBC3ADE0	;(R0=0x0B13C7D8 )
(             libc.so[0xCBC2B000])[DF F8 94 1B ]0x0000FDE0:	LDR.W	R1, [PC, #0XB94]	;(PC=0xCBC3ADE0 )
(             libc.so[0xCBC2B000])[79 44       ]0x0000FDE4:	ADD	R1, PC	;(R1=0x0003E398 PC=0xCBC3ADE4 )
(             libc.so[0xCBC2B000])[D1 F8 BC 21 ]0x0000FDE6:	LDR.W	R2, [R1, #0X1BC]	;(R1=0xCBC79180 )
(             libc.so[0xCBC2B000])[93 07       ]0x0000FDEA:	LSLS	R3, R2, #0X1E	;(R2=0x00000007 )
(             libc.so[0xCBC2B000])[02 D4       ]0x0000FDEC:	BMI	#0XCBC3ADF4
(             libc.so[0xCBC2B000])[01 F5 E0 70 ]0x0000FDF4:	ADD.W	R0, R1, #0X1C0	;(R1=0xCBC79180 )
(             libc.so[0xCBC2B000])[00 26       ]0x0000FDF8:	MOVS	R6, #0
(             libc.so[0xCBC2B000])[FE F7 F0 EC ]0x0000FDFA:	BLX	#0XCBC397DC	;(PC=0xCBC3ADFA )
(             libc.so[0xCBC2B000])[90 FF FF EA ]0x0000E7DC:	B	#0XCBC39624 ; pthread_mutex_lock	;(PC=0xCBC397DC )
(             libc.so[0xCBC2B000])[F0 41 2D E9 ]0x0000E624:	PUSH	{R4, R5, R6, R7, R8, LR}	;(SP=0x100FFFB0 R4=0x00000014 R5=0x30000200 R6=0x00000000 R7=0x100FFFF8 R8=0x00000000 LR=0xCBC3ADFF )
(             libc.so[0xCBC2B000])[00 40 50 E2 ]0x0000E628:	SUBS	R4, R0, #0	;(R0=0xCBC79340 )
(             libc.so[0xCBC2B000])[1B 00 00 0A ]0x0000E62C:	BEQ	#0XCBC396A0	;(PC=0xCBC3962C )
(             libc.so[0xCBC2B000])[00 50 94 E5 ]0x0000E630:	LDR	R5, [R4]	;(R4=0xCBC79340 )
(             libc.so[0xCBC2B000])[03 79 15 E2 ]0x0000E634:	ANDS	R7, R5, #0XC000	;(R5=0x00000000 )
(             libc.so[0xCBC2B000])[02 6A 05 E2 ]0x0000E638:	AND	R6, R5, #0X2000	;(R5=0x00000000 )
(             libc.so[0xCBC2B000])[19 00 00 1A ]0x0000E63C:	BNE	#0XCBC396A8	;(PC=0xCBC3963C )
(             libc.so[0xCBC2B000])[01 00 86 E3 ]0x0000E640:	ORR	R0, R6, #1	;(R6=0x00000000 )
(             libc.so[0xCBC2B000])[9F 3F 94 E1 ]0x0000E644:	LDREX	R3, [R4]	;(R4=0xCBC79340 )
(             libc.so[0xCBC2B000])[00 10 A0 E3 ]0x0000E648:	MOV	R1, #0
(             libc.so[0xCBC2B000])[06 00 33 E1 ]0x0000E64C:	TEQ	R3, R6	;(R3=0x00000000 R6=0x00000000 )
(             libc.so[0xCBC2B000])[90 1F 84 01 ]0x0000E650:	STREXEQ	R1, R0, [R4]	;(R0=0x00000001 R4=0xCBC79340 )
(             libc.so[0xCBC2B000])[00 00 51 E3 ]0x0000E654:	CMP	R1, #0	;(R1=0x00000000 )
(             libc.so[0xCBC2B000])[F9 FF FF 1A ]0x0000E658:	BNE	#0XCBC39644	;(PC=0xCBC39658 )
(             libc.so[0xCBC2B000])[03 00 56 E1 ]0x0000E65C:	CMP	R6, R3	;(R6=0x00000000 R3=0x00000000 )
(             libc.so[0xCBC2B000])[02 50 86 13 ]0x0000E660:	ORRNE	R5, R6, #2	;(R6=0x00000000 )
(             libc.so[0xCBC2B000])[01 00 00 1A ]0x0000E664:	BNE	#0XCBC39670	;(PC=0xCBC39664 )
(             libc.so[0xCBC2B000])[09 00 00 EA ]0x0000E668:	B	#0XCBC39694	;(PC=0xCBC39668 )
(             libc.so[0xCBC2B000])[5F F0 7F F5 ]0x0000E694:	DMB	SY
(             libc.so[0xCBC2B000])[00 00 A0 E3 ]0x0000E698:	MOV	R0, #0
(             libc.so[0xCBC2B000])[F0 81 BD E8 ]0x0000E69C:	POP	{R4, R5, R6, R7, R8, PC}	;(SP=0x100FFF98 )
(             libc.so[0xCBC2B000])[00 28       ]0x0000FDFE:	CMP	R0, #0	;(R0=0x00000000 )
(             libc.so[0xCBC2B000])[41 F0 6F 80 ]0x0000FE00:	BNE.W	#0XCBC3BEE2
(             libc.so[0xCBC2B000])[F3 E7       ]0x0000FE04:	B	#0XCBC3ADEE
(             libc.so[0xCBC2B000])[F4 2C       ]0x0000FDEE:	CMP	R4, #0XF4	;(R4=0x00000014 )
(             libc.so[0xCBC2B000])[09 D9       ]0x0000FDF0:	BLS	#0XCBC3AE06
(             libc.so[0xCBC2B000])[0A 2C       ]0x0000FE06:	CMP	R4, #0XA	;(R4=0x00000014 )
(             libc.so[0xCBC2B000])[03 D9       ]0x0000FE08:	BLS	#0XCBC3AE12
(             libc.so[0xCBC2B000])[0B 34       ]0x0000FE0A:	ADDS	R4, #0XB	;(R4=0x00000014 )
(             libc.so[0xCBC2B000])[24 F0 07 04 ]0x0000FE0C:	BIC	R4, R4, #7	;(R4=0x0000001F )
(             libc.so[0xCBC2B000])[00 E0       ]0x0000FE10:	B	#0XCBC3AE14
(             libc.so[0xCBC2B000])[DF F8 68 3B ]0x0000FE14:	LDR.W	R3, [PC, #0XB68]	;(PC=0xCBC3AE14 )
(             libc.so[0xCBC2B000])[E2 08       ]0x0000FE18:	LSRS	R2, R4, #3	;(R4=0x00000018 )
(             libc.so[0xCBC2B000])[7B 44       ]0x0000FE1A:	ADD	R3, PC	;(R3=0x0003E362 PC=0xCBC3AE1A )
(             libc.so[0xCBC2B000])[18 68       ]0x0000FE1C:	LDR	R0, [R3]	;(R3=0xCBC79180 )
(             libc.so[0xCBC2B000])[20 FA 02 F1 ]0x0000FE1E:	LSR.W	R1, R0, R2	;(R0=0x00000000 R2=0x00000003 )
(             libc.so[0xCBC2B000])[01 90       ]0x0000FE22:	STR	R0, [SP, #4]	;(R0=0x00000000 SP=0x100FFFB0 )
(             libc.so[0xCBC2B000])[8E 07       ]0x0000FE24:	LSLS	R6, R1, #0X1E	;(R1=0x00000000 )
(             libc.so[0xCBC2B000])[21 D0       ]0x0000FE26:	BEQ	#0XCBC3AE6C
(             libc.so[0xCBC2B000])[9D 68       ]0x0000FE6C:	LDR	R5, [R3, #8]	;(R3=0xCBC79180 )
(             libc.so[0xCBC2B000])[AC 42       ]0x0000FE6E:	CMP	R4, R5	;(R4=0x00000018 R5=0x00000000 )
(             libc.so[0xCBC2B000])[40 F2 3F 83 ]0x0000FE70:	BLS.W	#0XCBC3B4F2
(             libc.so[0xCBC2B000])[00 29       ]0x0000FE74:	CMP	R1, #0	;(R1=0x00000000 )
(             libc.so[0xCBC2B000])[74 D0       ]0x0000FE76:	BEQ	#0XCBC3AF62
(             libc.so[0xCBC2B000])[D3 F8 04 80 ]0x0000FF62:	LDR.W	R8, [R3, #4]	;(R3=0xCBC79180 )
(             libc.so[0xCBC2B000])[B8 F1 00 0F ]0x0000FF66:	CMP.W	R8, #0	;(R8=0x00000000 )
(             libc.so[0xCBC2B000])[00 F0 C2 82 ]0x0000FF6A:	BEQ.W	#0XCBC3B4F2
(             libc.so[0xCBC2B000])[DF F8 E0 34 ]0x000104F2:	LDR.W	R3, [PC, #0X4E0]	;(PC=0xCBC3B4F2 )
(             libc.so[0xCBC2B000])[7B 44       ]0x000104F6:	ADD	R3, PC	;(R3=0x0003DC86 PC=0xCBC3B4F6 )
(             libc.so[0xCBC2B000])[98 68       ]0x000104F8:	LDR	R0, [R3, #8]	;(R3=0xCBC79180 )
(             libc.so[0xCBC2B000])[84 42       ]0x000104FA:	CMP	R4, R0	;(R4=0x00000018 R0=0x00000000 )
(             libc.so[0xCBC2B000])[19 D8       ]0x000104FC:	BHI	#0XCBC3B532
(             libc.so[0xCBC2B000])[DE 68       ]0x00010532:	LDR	R6, [R3, #0XC]	;(R3=0xCBC79180 )
(             libc.so[0xCBC2B000])[B4 42       ]0x00010534:	CMP	R4, R6	;(R4=0x00000018 R6=0x00000DC8 )
(             libc.so[0xCBC2B000])[01 D2       ]0x00010536:	BHS	#0XCBC3B53C
(             libc.so[0xCBC2B000])[00 F0 7B BC ]0x00010538:	B.W	#0XCBC3BE32
(             libc.so[0xCBC2B000])[30 1B       ]0x00010E32:	SUBS	R0, R6, R4	;(R6=0x00000DC8 R4=0x00000018 )
(             libc.so[0xCBC2B000])[9E 69       ]0x00010E34:	LDR	R6, [R3, #0X18]	;(R3=0xCBC79180 )
(             libc.so[0xCBC2B000])[D8 60       ]0x00010E36:	STR	R0, [R3, #0XC]	;(R0=0x00000DB0 R3=0xCBC79180 )
(             libc.so[0xCBC2B000])[32 19       ]0x00010E38:	ADDS	R2, R6, R4	;(R6=0x30000210 R4=0x00000018 )
(             libc.so[0xCBC2B000])[9A 61       ]0x00010E3A:	STR	R2, [R3, #0X18]	;(R2=0x30000228 R3=0xCBC79180 )
(             libc.so[0xCBC2B000])[40 F0 01 03 ]0x00010E3C:	ORR	R3, R0, #1	;(R0=0x00000DB0 )
(             libc.so[0xCBC2B000])[53 60       ]0x00010E40:	STR	R3, [R2, #4]	;(R3=0x00000DB1 R2=0x30000228 )
(             libc.so[0xCBC2B000])[44 F0 03 04 ]0x00010E42:	ORR	R4, R4, #3	;(R4=0x00000018 )
(             libc.so[0xCBC2B000])[74 60       ]0x00010E46:	STR	R4, [R6, #4]	;(R4=0x0000001B R6=0x30000210 )
(             libc.so[0xCBC2B000])[08 36       ]0x00010E48:	ADDS	R6, #8	;(R6=0x30000210 )
(             libc.so[0xCBC2B000])[04 E0       ]0x00010E4A:	B	#0XCBC3BE56
(             libc.so[0xCBC2B000])[35 49       ]0x00010E56:	LDR	R1, [PC, #0XD4]	;(PC=0xCBC3BE56 )
(             libc.so[0xCBC2B000])[79 44       ]0x00010E58:	ADD	R1, PC	;(R1=0x0003D324 PC=0xCBC3BE58 )
(             libc.so[0xCBC2B000])[D1 F8 BC 21 ]0x00010E5A:	LDR.W	R2, [R1, #0X1BC]	;(R1=0xCBC79180 )
(             libc.so[0xCBC2B000])[93 07       ]0x00010E5E:	LSLS	R3, R2, #0X1E	;(R2=0x00000007 )
(             libc.so[0xCBC2B000])[3F D5       ]0x00010E60:	BPL	#0XCBC3BEE2
(             libc.so[0xCBC2B000])[01 F5 E0 70 ]0x00010E62:	ADD.W	R0, R1, #0X1C0	;(R1=0xCBC79180 )
(             libc.so[0xCBC2B000])[FD F7 3C ED ]0x00010E66:	BLX	#0XCBC398E0	;(PC=0xCBC3BE66 )
(             libc.so[0xCBC2B000])[BE FF FF EA ]0x0000E8E0:	B	#0XCBC397E0 ; pthread_mutex_unlock	;(PC=0xCBC398E0 )
(             libc.so[0xCBC2B000])[70 40 2D E9 ]0x0000E7E0:	PUSH	{R4, R5, R6, LR}	;(SP=0x100FFFB0 R4=0x0000001B R5=0x00000000 R6=0x30000218 LR=0xCBC3BE6B )
(             libc.so[0xCBC2B000])[00 40 50 E2 ]0x0000E7E4:	SUBS	R4, R0, #0	;(R0=0xCBC79340 )
(             libc.so[0xCBC2B000])[08 D0 4D E2 ]0x0000E7E8:	SUB	SP, SP, #8	;(SP=0x100FFFA0 )
(             libc.so[0xCBC2B000])[2B 00 00 0A ]0x0000E7EC:	BEQ	#0XCBC398A0	;(PC=0xCBC397EC )
(             libc.so[0xCBC2B000])[00 50 94 E5 ]0x0000E7F0:	LDR	R5, [R4]	;(R4=0xCBC79340 )
(             libc.so[0xCBC2B000])[03 69 15 E2 ]0x0000E7F4:	ANDS	R6, R5, #0XC000	;(R5=0x00000001 )
(             libc.so[0xCBC2B000])[02 1A 05 E2 ]0x0000E7F8:	AND	R1, R5, #0X2000	;(R5=0x00000001 )
(             libc.so[0xCBC2B000])[11 00 00 1A ]0x0000E7FC:	BNE	#0XCBC39848	;(PC=0xCBC397FC )
(             libc.so[0xCBC2B000])[5F F0 7F F5 ]0x0000E800:	DMB	SY
(             libc.so[0xCBC2B000])[9F 2F 94 E1 ]0x0000E804:	LDREX	R2, [R4]	;(R4=0xCBC79340 )
(             libc.so[0xCBC2B000])[01 30 42 E2 ]0x0000E808:	SUB	R3, R2, #1	;(R2=0x00000001 )
(             libc.so[0xCBC2B000])[93 5F 84 E1 ]0x0000E80C:	STREX	R5, R3, [R4]	;(R3=0x00000000 R4=0xCBC79340 )
(             libc.so[0xCBC2B000])[00 00 55 E3 ]0x0000E810:	CMP	R5, #0	;(R5=0x00000000 )
(             libc.so[0xCBC2B000])[FA FF FF 1A ]0x0000E814:	BNE	#0XCBC39804	;(PC=0xCBC39814 )
(             libc.so[0xCBC2B000])[01 C0 81 E3 ]0x0000E818:	ORR	IP, R1, #1	;(R1=0x00000000 )
(             libc.so[0xCBC2B000])[0C 00 52 E1 ]0x0000E81C:	CMP	R2, IP	;(R2=0x00000001 IP=0x00000001 )
(             libc.so[0xCBC2B000])[06 00 00 0A ]0x0000E820:	BEQ	#0XCBC39840	;(PC=0xCBC39820 )
(             libc.so[0xCBC2B000])[00 00 A0 E3 ]0x0000E840:	MOV	R0, #0
(             libc.so[0xCBC2B000])[FB FF FF EA ]0x0000E844:	B	#0XCBC39838	;(PC=0xCBC39844 )
(             libc.so[0xCBC2B000])[08 D0 8D E2 ]0x0000E838:	ADD	SP, SP, #8	;(SP=0x100FFF98 )
(             libc.so[0xCBC2B000])[70 80 BD E8 ]0x0000E83C:	POP	{R4, R5, R6, PC}	;(SP=0x100FFFA0 )
(             libc.so[0xCBC2B000])[3A E0       ]0x00010E6A:	B	#0XCBC3BEE2
(             libc.so[0xCBC2B000])[30 46       ]0x00010EE2:	MOV	R0, R6	;(R6=0x30000218 )
(             libc.so[0xCBC2B000])[BD E8 FE 8F ]0x00010EE4:	POP.W	{R1, R2, R3, R4, R5, R6, R7, R8, SB, SL, FP, PC}	;(SP=0x100FFFB0 )
(             libc.so[0xCBC2B000])[08 BD       ]0x0000DBF8:	POP	{R3, PC}	;(SP=0x100FFFE0 )
(        libstdc++.so[0xCBC8F000])[08 B9       ]0x0000091E:	CBNZ	R0, #0XCBC8F924	;(R0=0x30000218 )
(        libstdc++.so[0xCBC8F000])[08 BD       ]0x00000924:	POP	{R3, PC}	;(SP=0x100FFFE8 )
(  libmakeurl2.4.9.so[0xCBBCB000])[05 46       ]0x0000179C:	MOV	R5, R0	;(R0=0x30000218 )
(  libmakeurl2.4.9.so[0xCBBCB000])[1A F0 81 FC ]0x0000179E:	BL	#0XCBBE70A4	;(PC=0xCBBCC79E )
(  libmakeurl2.4.9.so[0xCBBCB000])[07 49       ]0x0001C0A4:	LDR	R1, [PC, #0X1C]	;(PC=0xCBBE70A4 )
(  libmakeurl2.4.9.so[0xCBBCB000])[02 1D       ]0x0001C0A6:	ADDS	R2, R0, #4	;(R0=0x30000218 )
(  libmakeurl2.4.9.so[0xCBBCB000])[4A F2 78 6C ]0x0001C0A8:	MOVW	IP, #0XA678
(  libmakeurl2.4.9.so[0xCBBCB000])[00 23       ]0x0001C0AC:	MOVS	R3, #0
(  libmakeurl2.4.9.so[0xCBBCB000])[79 44       ]0x0001C0AE:	ADD	R1, PC	;(R1=0x00028C5A PC=0xCBBE70AE )
(  libmakeurl2.4.9.so[0xCBBCB000])[C1 F2 3A 2C ]0x0001C0B0:	MOVT	IP, #0X123A	;(IP=0x0000A678 )
(  libmakeurl2.4.9.so[0xCBBCB000])[08 31       ]0x0001C0B4:	ADDS	R1, #8	;(R1=0xCBC0FD0C )
(  libmakeurl2.4.9.so[0xCBBCB000])[C0 E9 00 12 ]0x0001C0B6:	STRD	R1, R2, [R0]	;(R1=0xCBC0FD14 R2=0x3000021C R0=0x30000218 )
(  libmakeurl2.4.9.so[0xCBBCB000])[00 F1 08 01 ]0x0001C0BA:	ADD.W	R1, R0, #8	;(R0=0x30000218 )
(  libmakeurl2.4.9.so[0xCBBCB000])[81 E8 0C 10 ]0x0001C0BE:	STM.W	R1, {R2, R3, IP}	;(R1=0x30000220 R2=0x3000021C R3=0x00000000 IP=0x123AA678 )
(  libmakeurl2.4.9.so[0xCBBCB000])[70 47       ]0x0001C0C2:	BX	LR	;(LR=0xCBBCC7A3 )
(  libmakeurl2.4.9.so[0xCBBCB000])[B1 48       ]0x000017A2:	LDR	R0, [PC, #0X2C4]	;(PC=0xCBBCC7A2 )
(  libmakeurl2.4.9.so[0xCBBCB000])[78 44       ]0x000017A4:	ADD	R0, PC	;(R0=0x00043A58 PC=0xCBBCC7A4 )
(  libmakeurl2.4.9.so[0xCBBCB000])[05 60       ]0x000017A6:	STR	R5, [R0]	;(R5=0x30000218 R0=0xCBC10200 )
(  libmakeurl2.4.9.so[0xCBBCB000])[14 20       ]0x000017A8:	MOVS	R0, #0X14
(  libmakeurl2.4.9.so[0xCBBCB000])[FF F7 68 EE ]0x000017AA:	BLX	#0XCBBCC47C	;(PC=0xCBBCC7AA )
(  libmakeurl2.4.9.so[0xCBBCB000])[00 C6 8F E2 ]0x0000147C:	ADD	IP, PC, #0, #12	;(PC=0xCBBCC47C )
(  libmakeurl2.4.9.so[0xCBBCB000])[43 CA 8C E2 ]0x00001480:	ADD	IP, IP, #0X43000	;(IP=0xCBBCC484 )
(  libmakeurl2.4.9.so[0xCBBCB000])[00 FB BC E5 ]0x00001484:	LDR	PC, [IP, #0XB00]!	;(IP=0xCBC0F484 )
(        libstdc++.so[0xCBC8F000])[08 B5       ]0x00000918:	PUSH	{R3, LR} ; _Znaj	;(SP=0x100FFFF0 R3=0x00000000 LR=0xCBBCC7AF )
(        libstdc++.so[0xCBC8F000])[FF F7 6E EF ]0x0000091A:	BLX	#0XCBC8F7F8	;(PC=0xCBC8F91A )
(        libstdc++.so[0xCBC8F000])[00 C6 8F E2 ]0x000007F8:	ADD	IP, PC, #0, #12	;(PC=0xCBC8F7F8 )
(        libstdc++.so[0xCBC8F000])[01 CA 8C E2 ]0x000007FC:	ADD	IP, IP, #0X1000	;(IP=0xCBC8F800 )
(        libstdc++.so[0xCBC8F000])[F0 F7 BC E5 ]0x00000800:	LDR	PC, [IP, #0X7F0]!	;(IP=0xCBC90800 )
(             libc.so[0xCBC2B000])[08 B5       ]0x0000DBEC:	PUSH	{R3, LR} ; malloc	;(SP=0x100FFFE8 R3=0x00000000 LR=0xCBC8F91F )
(             libc.so[0xCBC2B000])[03 4B       ]0x0000DBEE:	LDR	R3, [PC, #0XC]	;(PC=0xCBC38BEE )
(             libc.so[0xCBC2B000])[7B 44       ]0x0000DBF0:	ADD	R3, PC	;(R3=0x0003C40C PC=0xCBC38BF0 )
(             libc.so[0xCBC2B000])[19 68       ]0x0000DBF2:	LDR	R1, [R3]	;(R3=0xCBC75000 )
(             libc.so[0xCBC2B000])[0A 68       ]0x0000DBF4:	LDR	R2, [R1]	;(R1=0xCBC74E00 )
(             libc.so[0xCBC2B000])[90 47       ]0x0000DBF6:	BLX	R2	;(PC=0xCBC38BF6 R2=0xCBC3ADCD )
(             libc.so[0xCBC2B000])[DF F8 A4 3B ]0x0000FDCC:	LDR.W	R3, [PC, #0XBA4] ; dlmalloc	;(PC=0xCBC3ADCC )
(             libc.so[0xCBC2B000])[2D E9 F7 4F ]0x0000FDD0:	PUSH.W	{R0, R1, R2, R4, R5, R6, R7, R8, SB, SL, FP, LR}	;(SP=0x100FFFE0 R0=0x00000014 R1=0xCBC74E00 R2=0xCBC3ADCD R4=0x00000000 R5=0x30000218 R6=0x00000000 R7=0x100FFFF8 R8=0x00000000 SB=0x00000000 SL=0x00000000 FP=0x00000000 LR=0xCBC38BF9 )
(             libc.so[0xCBC2B000])[7B 44       ]0x0000FDD4:	ADD	R3, PC	;(R3=0x0003E588 PC=0xCBC3ADD4 )
(             libc.so[0xCBC2B000])[04 46       ]0x0000FDD6:	MOV	R4, R0	;(R0=0x00000014 )
(             libc.so[0xCBC2B000])[18 68       ]0x0000FDD8:	LDR	R0, [R3]	;(R3=0xCBC79360 )
(             libc.so[0xCBC2B000])[08 B9       ]0x0000FDDA:	CBNZ	R0, #0XCBC3ADE0	;(R0=0x0B13C7D8 )
(             libc.so[0xCBC2B000])[DF F8 94 1B ]0x0000FDE0:	LDR.W	R1, [PC, #0XB94]	;(PC=0xCBC3ADE0 )
(             libc.so[0xCBC2B000])[79 44       ]0x0000FDE4:	ADD	R1, PC	;(R1=0x0003E398 PC=0xCBC3ADE4 )
(             libc.so[0xCBC2B000])[D1 F8 BC 21 ]0x0000FDE6:	LDR.W	R2, [R1, #0X1BC]	;(R1=0xCBC79180 )
(             libc.so[0xCBC2B000])[93 07       ]0x0000FDEA:	LSLS	R3, R2, #0X1E	;(R2=0x00000007 )
(             libc.so[0xCBC2B000])[02 D4       ]0x0000FDEC:	BMI	#0XCBC3ADF4
(             libc.so[0xCBC2B000])[01 F5 E0 70 ]0x0000FDF4:	ADD.W	R0, R1, #0X1C0	;(R1=0xCBC79180 )
(             libc.so[0xCBC2B000])[00 26       ]0x0000FDF8:	MOVS	R6, #0
(             libc.so[0xCBC2B000])[FE F7 F0 EC ]0x0000FDFA:	BLX	#0XCBC397DC	;(PC=0xCBC3ADFA )
(             libc.so[0xCBC2B000])[90 FF FF EA ]0x0000E7DC:	B	#0XCBC39624 ; pthread_mutex_lock	;(PC=0xCBC397DC )
(             libc.so[0xCBC2B000])[F0 41 2D E9 ]0x0000E624:	PUSH	{R4, R5, R6, R7, R8, LR}	;(SP=0x100FFFB0 R4=0x00000014 R5=0x30000218 R6=0x00000000 R7=0x100FFFF8 R8=0x00000000 LR=0xCBC3ADFF )
(             libc.so[0xCBC2B000])[00 40 50 E2 ]0x0000E628:	SUBS	R4, R0, #0	;(R0=0xCBC79340 )
(             libc.so[0xCBC2B000])[1B 00 00 0A ]0x0000E62C:	BEQ	#0XCBC396A0	;(PC=0xCBC3962C )
(             libc.so[0xCBC2B000])[00 50 94 E5 ]0x0000E630:	LDR	R5, [R4]	;(R4=0xCBC79340 )
(             libc.so[0xCBC2B000])[03 79 15 E2 ]0x0000E634:	ANDS	R7, R5, #0XC000	;(R5=0x00000000 )
(             libc.so[0xCBC2B000])[02 6A 05 E2 ]0x0000E638:	AND	R6, R5, #0X2000	;(R5=0x00000000 )
(             libc.so[0xCBC2B000])[19 00 00 1A ]0x0000E63C:	BNE	#0XCBC396A8	;(PC=0xCBC3963C )
(             libc.so[0xCBC2B000])[01 00 86 E3 ]0x0000E640:	ORR	R0, R6, #1	;(R6=0x00000000 )
(             libc.so[0xCBC2B000])[9F 3F 94 E1 ]0x0000E644:	LDREX	R3, [R4]	;(R4=0xCBC79340 )
(             libc.so[0xCBC2B000])[00 10 A0 E3 ]0x0000E648:	MOV	R1, #0
(             libc.so[0xCBC2B000])[06 00 33 E1 ]0x0000E64C:	TEQ	R3, R6	;(R3=0x00000000 R6=0x00000000 )
(             libc.so[0xCBC2B000])[90 1F 84 01 ]0x0000E650:	STREXEQ	R1, R0, [R4]	;(R0=0x00000001 R4=0xCBC79340 )
(             libc.so[0xCBC2B000])[00 00 51 E3 ]0x0000E654:	CMP	R1, #0	;(R1=0x00000000 )
(             libc.so[0xCBC2B000])[F9 FF FF 1A ]0x0000E658:	BNE	#0XCBC39644	;(PC=0xCBC39658 )
(             libc.so[0xCBC2B000])[03 00 56 E1 ]0x0000E65C:	CMP	R6, R3	;(R6=0x00000000 R3=0x00000000 )
(             libc.so[0xCBC2B000])[02 50 86 13 ]0x0000E660:	ORRNE	R5, R6, #2	;(R6=0x00000000 )
(             libc.so[0xCBC2B000])[01 00 00 1A ]0x0000E664:	BNE	#0XCBC39670	;(PC=0xCBC39664 )
(             libc.so[0xCBC2B000])[09 00 00 EA ]0x0000E668:	B	#0XCBC39694	;(PC=0xCBC39668 )
(             libc.so[0xCBC2B000])[5F F0 7F F5 ]0x0000E694:	DMB	SY
(             libc.so[0xCBC2B000])[00 00 A0 E3 ]0x0000E698:	MOV	R0, #0
(             libc.so[0xCBC2B000])[F0 81 BD E8 ]0x0000E69C:	POP	{R4, R5, R6, R7, R8, PC}	;(SP=0x100FFF98 )
(             libc.so[0xCBC2B000])[00 28       ]0x0000FDFE:	CMP	R0, #0	;(R0=0x00000000 )
(             libc.so[0xCBC2B000])[41 F0 6F 80 ]0x0000FE00:	BNE.W	#0XCBC3BEE2
(             libc.so[0xCBC2B000])[F3 E7       ]0x0000FE04:	B	#0XCBC3ADEE
(             libc.so[0xCBC2B000])[F4 2C       ]0x0000FDEE:	CMP	R4, #0XF4	;(R4=0x00000014 )
(             libc.so[0xCBC2B000])[09 D9       ]0x0000FDF0:	BLS	#0XCBC3AE06
(             libc.so[0xCBC2B000])[0A 2C       ]0x0000FE06:	CMP	R4, #0XA	;(R4=0x00000014 )
(             libc.so[0xCBC2B000])[03 D9       ]0x0000FE08:	BLS	#0XCBC3AE12
(             libc.so[0xCBC2B000])[0B 34       ]0x0000FE0A:	ADDS	R4, #0XB	;(R4=0x00000014 )
(             libc.so[0xCBC2B000])[24 F0 07 04 ]0x0000FE0C:	BIC	R4, R4, #7	;(R4=0x0000001F )
(             libc.so[0xCBC2B000])[00 E0       ]0x0000FE10:	B	#0XCBC3AE14
(             libc.so[0xCBC2B000])[DF F8 68 3B ]0x0000FE14:	LDR.W	R3, [PC, #0XB68]	;(PC=0xCBC3AE14 )
(             libc.so[0xCBC2B000])[E2 08       ]0x0000FE18:	LSRS	R2, R4, #3	;(R4=0x00000018 )
(             libc.so[0xCBC2B000])[7B 44       ]0x0000FE1A:	ADD	R3, PC	;(R3=0x0003E362 PC=0xCBC3AE1A )
(             libc.so[0xCBC2B000])[18 68       ]0x0000FE1C:	LDR	R0, [R3]	;(R3=0xCBC79180 )
(             libc.so[0xCBC2B000])[20 FA 02 F1 ]0x0000FE1E:	LSR.W	R1, R0, R2	;(R0=0x00000000 R2=0x00000003 )
(             libc.so[0xCBC2B000])[01 90       ]0x0000FE22:	STR	R0, [SP, #4]	;(R0=0x00000000 SP=0x100FFFB0 )
(             libc.so[0xCBC2B000])[8E 07       ]0x0000FE24:	LSLS	R6, R1, #0X1E	;(R1=0x00000000 )
(             libc.so[0xCBC2B000])[21 D0       ]0x0000FE26:	BEQ	#0XCBC3AE6C
(             libc.so[0xCBC2B000])[9D 68       ]0x0000FE6C:	LDR	R5, [R3, #8]	;(R3=0xCBC79180 )
(             libc.so[0xCBC2B000])[AC 42       ]0x0000FE6E:	CMP	R4, R5	;(R4=0x00000018 R5=0x00000000 )
(             libc.so[0xCBC2B000])[40 F2 3F 83 ]0x0000FE70:	BLS.W	#0XCBC3B4F2
(             libc.so[0xCBC2B000])[00 29       ]0x0000FE74:	CMP	R1, #0	;(R1=0x00000000 )
(             libc.so[0xCBC2B000])[74 D0       ]0x0000FE76:	BEQ	#0XCBC3AF62
(             libc.so[0xCBC2B000])[D3 F8 04 80 ]0x0000FF62:	LDR.W	R8, [R3, #4]	;(R3=0xCBC79180 )
(             libc.so[0xCBC2B000])[B8 F1 00 0F ]0x0000FF66:	CMP.W	R8, #0	;(R8=0x00000000 )
(             libc.so[0xCBC2B000])[00 F0 C2 82 ]0x0000FF6A:	BEQ.W	#0XCBC3B4F2
(             libc.so[0xCBC2B000])[DF F8 E0 34 ]0x000104F2:	LDR.W	R3, [PC, #0X4E0]	;(PC=0xCBC3B4F2 )
(             libc.so[0xCBC2B000])[7B 44       ]0x000104F6:	ADD	R3, PC	;(R3=0x0003DC86 PC=0xCBC3B4F6 )
(             libc.so[0xCBC2B000])[98 68       ]0x000104F8:	LDR	R0, [R3, #8]	;(R3=0xCBC79180 )
(             libc.so[0xCBC2B000])[84 42       ]0x000104FA:	CMP	R4, R0	;(R4=0x00000018 R0=0x00000000 )
(             libc.so[0xCBC2B000])[19 D8       ]0x000104FC:	BHI	#0XCBC3B532
(             libc.so[0xCBC2B000])[DE 68       ]0x00010532:	LDR	R6, [R3, #0XC]	;(R3=0xCBC79180 )
(             libc.so[0xCBC2B000])[B4 42       ]0x00010534:	CMP	R4, R6	;(R4=0x00000018 R6=0x00000DB0 )
(             libc.so[0xCBC2B000])[01 D2       ]0x00010536:	BHS	#0XCBC3B53C
(             libc.so[0xCBC2B000])[00 F0 7B BC ]0x00010538:	B.W	#0XCBC3BE32
(             libc.so[0xCBC2B000])[30 1B       ]0x00010E32:	SUBS	R0, R6, R4	;(R6=0x00000DB0 R4=0x00000018 )
(             libc.so[0xCBC2B000])[9E 69       ]0x00010E34:	LDR	R6, [R3, #0X18]	;(R3=0xCBC79180 )
(             libc.so[0xCBC2B000])[D8 60       ]0x00010E36:	STR	R0, [R3, #0XC]	;(R0=0x00000D98 R3=0xCBC79180 )
(             libc.so[0xCBC2B000])[32 19       ]0x00010E38:	ADDS	R2, R6, R4	;(R6=0x30000228 R4=0x00000018 )
(             libc.so[0xCBC2B000])[9A 61       ]0x00010E3A:	STR	R2, [R3, #0X18]	;(R2=0x30000240 R3=0xCBC79180 )
(             libc.so[0xCBC2B000])[40 F0 01 03 ]0x00010E3C:	ORR	R3, R0, #1	;(R0=0x00000D98 )
(             libc.so[0xCBC2B000])[53 60       ]0x00010E40:	STR	R3, [R2, #4]	;(R3=0x00000D99 R2=0x30000240 )
(             libc.so[0xCBC2B000])[44 F0 03 04 ]0x00010E42:	ORR	R4, R4, #3	;(R4=0x00000018 )
(             libc.so[0xCBC2B000])[74 60       ]0x00010E46:	STR	R4, [R6, #4]	;(R4=0x0000001B R6=0x30000228 )
(             libc.so[0xCBC2B000])[08 36       ]0x00010E48:	ADDS	R6, #8	;(R6=0x30000228 )
(             libc.so[0xCBC2B000])[04 E0       ]0x00010E4A:	B	#0XCBC3BE56
(             libc.so[0xCBC2B000])[35 49       ]0x00010E56:	LDR	R1, [PC, #0XD4]	;(PC=0xCBC3BE56 )
(             libc.so[0xCBC2B000])[79 44       ]0x00010E58:	ADD	R1, PC	;(R1=0x0003D324 PC=0xCBC3BE58 )
(             libc.so[0xCBC2B000])[D1 F8 BC 21 ]0x00010E5A:	LDR.W	R2, [R1, #0X1BC]	;(R1=0xCBC79180 )
(             libc.so[0xCBC2B000])[93 07       ]0x00010E5E:	LSLS	R3, R2, #0X1E	;(R2=0x00000007 )
(             libc.so[0xCBC2B000])[3F D5       ]0x00010E60:	BPL	#0XCBC3BEE2
(             libc.so[0xCBC2B000])[01 F5 E0 70 ]0x00010E62:	ADD.W	R0, R1, #0X1C0	;(R1=0xCBC79180 )
(             libc.so[0xCBC2B000])[FD F7 3C ED ]0x00010E66:	BLX	#0XCBC398E0	;(PC=0xCBC3BE66 )
(             libc.so[0xCBC2B000])[BE FF FF EA ]0x0000E8E0:	B	#0XCBC397E0 ; pthread_mutex_unlock	;(PC=0xCBC398E0 )
(             libc.so[0xCBC2B000])[70 40 2D E9 ]0x0000E7E0:	PUSH	{R4, R5, R6, LR}	;(SP=0x100FFFB0 R4=0x0000001B R5=0x00000000 R6=0x30000230 LR=0xCBC3BE6B )
(             libc.so[0xCBC2B000])[00 40 50 E2 ]0x0000E7E4:	SUBS	R4, R0, #0	;(R0=0xCBC79340 )
(             libc.so[0xCBC2B000])[08 D0 4D E2 ]0x0000E7E8:	SUB	SP, SP, #8	;(SP=0x100FFFA0 )
(             libc.so[0xCBC2B000])[2B 00 00 0A ]0x0000E7EC:	BEQ	#0XCBC398A0	;(PC=0xCBC397EC )
(             libc.so[0xCBC2B000])[00 50 94 E5 ]0x0000E7F0:	LDR	R5, [R4]	;(R4=0xCBC79340 )
(             libc.so[0xCBC2B000])[03 69 15 E2 ]0x0000E7F4:	ANDS	R6, R5, #0XC000	;(R5=0x00000001 )
(             libc.so[0xCBC2B000])[02 1A 05 E2 ]0x0000E7F8:	AND	R1, R5, #0X2000	;(R5=0x00000001 )
(             libc.so[0xCBC2B000])[11 00 00 1A ]0x0000E7FC:	BNE	#0XCBC39848	;(PC=0xCBC397FC )
(             libc.so[0xCBC2B000])[5F F0 7F F5 ]0x0000E800:	DMB	SY
(             libc.so[0xCBC2B000])[9F 2F 94 E1 ]0x0000E804:	LDREX	R2, [R4]	;(R4=0xCBC79340 )
(             libc.so[0xCBC2B000])[01 30 42 E2 ]0x0000E808:	SUB	R3, R2, #1	;(R2=0x00000001 )
(             libc.so[0xCBC2B000])[93 5F 84 E1 ]0x0000E80C:	STREX	R5, R3, [R4]	;(R3=0x00000000 R4=0xCBC79340 )
(             libc.so[0xCBC2B000])[00 00 55 E3 ]0x0000E810:	CMP	R5, #0	;(R5=0x00000000 )
(             libc.so[0xCBC2B000])[FA FF FF 1A ]0x0000E814:	BNE	#0XCBC39804	;(PC=0xCBC39814 )
(             libc.so[0xCBC2B000])[01 C0 81 E3 ]0x0000E818:	ORR	IP, R1, #1	;(R1=0x00000000 )
(             libc.so[0xCBC2B000])[0C 00 52 E1 ]0x0000E81C:	CMP	R2, IP	;(R2=0x00000001 IP=0x00000001 )
(             libc.so[0xCBC2B000])[06 00 00 0A ]0x0000E820:	BEQ	#0XCBC39840	;(PC=0xCBC39820 )
(             libc.so[0xCBC2B000])[00 00 A0 E3 ]0x0000E840:	MOV	R0, #0
(             libc.so[0xCBC2B000])[FB FF FF EA ]0x0000E844:	B	#0XCBC39838	;(PC=0xCBC39844 )
(             libc.so[0xCBC2B000])[08 D0 8D E2 ]0x0000E838:	ADD	SP, SP, #8	;(SP=0x100FFF98 )
(             libc.so[0xCBC2B000])[70 80 BD E8 ]0x0000E83C:	POP	{R4, R5, R6, PC}	;(SP=0x100FFFA0 )
(             libc.so[0xCBC2B000])[3A E0       ]0x00010E6A:	B	#0XCBC3BEE2
(             libc.so[0xCBC2B000])[30 46       ]0x00010EE2:	MOV	R0, R6	;(R6=0x30000230 )
(             libc.so[0xCBC2B000])[BD E8 FE 8F ]0x00010EE4:	POP.W	{R1, R2, R3, R4, R5, R6, R7, R8, SB, SL, FP, PC}	;(SP=0x100FFFB0 )
(             libc.so[0xCBC2B000])[08 BD       ]0x0000DBF8:	POP	{R3, PC}	;(SP=0x100FFFE0 )
(        libstdc++.so[0xCBC8F000])[08 B9       ]0x0000091E:	CBNZ	R0, #0XCBC8F924	;(R0=0x30000230 )
(        libstdc++.so[0xCBC8F000])[08 BD       ]0x00000924:	POP	{R3, PC}	;(SP=0x100FFFE8 )
(  libmakeurl2.4.9.so[0xCBBCB000])[05 46       ]0x000017AE:	MOV	R5, R0	;(R0=0x30000230 )
(  libmakeurl2.4.9.so[0xCBBCB000])[1A F0 78 FC ]0x000017B0:	BL	#0XCBBE70A4	;(PC=0xCBBCC7B0 )
(  libmakeurl2.4.9.so[0xCBBCB000])[07 49       ]0x0001C0A4:	LDR	R1, [PC, #0X1C]	;(PC=0xCBBE70A4 )
(  libmakeurl2.4.9.so[0xCBBCB000])[02 1D       ]0x0001C0A6:	ADDS	R2, R0, #4	;(R0=0x30000230 )
(  libmakeurl2.4.9.so[0xCBBCB000])[4A F2 78 6C ]0x0001C0A8:	MOVW	IP, #0XA678
(  libmakeurl2.4.9.so[0xCBBCB000])[00 23       ]0x0001C0AC:	MOVS	R3, #0
(  libmakeurl2.4.9.so[0xCBBCB000])[79 44       ]0x0001C0AE:	ADD	R1, PC	;(R1=0x00028C5A PC=0xCBBE70AE )
(  libmakeurl2.4.9.so[0xCBBCB000])[C1 F2 3A 2C ]0x0001C0B0:	MOVT	IP, #0X123A	;(IP=0x0000A678 )
(  libmakeurl2.4.9.so[0xCBBCB000])[08 31       ]0x0001C0B4:	ADDS	R1, #8	;(R1=0xCBC0FD0C )
(  libmakeurl2.4.9.so[0xCBBCB000])[C0 E9 00 12 ]0x0001C0B6:	STRD	R1, R2, [R0]	;(R1=0xCBC0FD14 R2=0x30000234 R0=0x30000230 )
(  libmakeurl2.4.9.so[0xCBBCB000])[00 F1 08 01 ]0x0001C0BA:	ADD.W	R1, R0, #8	;(R0=0x30000230 )
(  libmakeurl2.4.9.so[0xCBBCB000])[81 E8 0C 10 ]0x0001C0BE:	STM.W	R1, {R2, R3, IP}	;(R1=0x30000238 R2=0x30000234 R3=0x00000000 IP=0x123AA678 )
(  libmakeurl2.4.9.so[0xCBBCB000])[70 47       ]0x0001C0C2:	BX	LR	;(LR=0xCBBCC7B5 )
(  libmakeurl2.4.9.so[0xCBBCB000])[AD 48       ]0x000017B4:	LDR	R0, [PC, #0X2B4]	;(PC=0xCBBCC7B4 )
(  libmakeurl2.4.9.so[0xCBBCB000])[78 44       ]0x000017B6:	ADD	R0, PC	;(R0=0x00043A4A PC=0xCBBCC7B6 )
(  libmakeurl2.4.9.so[0xCBBCB000])[05 60       ]0x000017B8:	STR	R5, [R0]	;(R5=0x30000230 R0=0xCBC10204 )
(  libmakeurl2.4.9.so[0xCBBCB000])[14 20       ]0x000017BA:	MOVS	R0, #0X14
(  libmakeurl2.4.9.so[0xCBBCB000])[FF F7 5E EE ]0x000017BC:	BLX	#0XCBBCC47C	;(PC=0xCBBCC7BC )
(  libmakeurl2.4.9.so[0xCBBCB000])[00 C6 8F E2 ]0x0000147C:	ADD	IP, PC, #0, #12	;(PC=0xCBBCC47C )
(  libmakeurl2.4.9.so[0xCBBCB000])[43 CA 8C E2 ]0x00001480:	ADD	IP, IP, #0X43000	;(IP=0xCBBCC484 )
(  libmakeurl2.4.9.so[0xCBBCB000])[00 FB BC E5 ]0x00001484:	LDR	PC, [IP, #0XB00]!	;(IP=0xCBC0F484 )
(        libstdc++.so[0xCBC8F000])[08 B5       ]0x00000918:	PUSH	{R3, LR} ; _Znaj	;(SP=0x100FFFF0 R3=0x00000000 LR=0xCBBCC7C1 )
(        libstdc++.so[0xCBC8F000])[FF F7 6E EF ]0x0000091A:	BLX	#0XCBC8F7F8	;(PC=0xCBC8F91A )
(        libstdc++.so[0xCBC8F000])[00 C6 8F E2 ]0x000007F8:	ADD	IP, PC, #0, #12	;(PC=0xCBC8F7F8 )
(        libstdc++.so[0xCBC8F000])[01 CA 8C E2 ]0x000007FC:	ADD	IP, IP, #0X1000	;(IP=0xCBC8F800 )
(        libstdc++.so[0xCBC8F000])[F0 F7 BC E5 ]0x00000800:	LDR	PC, [IP, #0X7F0]!	;(IP=0xCBC90800 )
(             libc.so[0xCBC2B000])[08 B5       ]0x0000DBEC:	PUSH	{R3, LR} ; malloc	;(SP=0x100FFFE8 R3=0x00000000 LR=0xCBC8F91F )
(             libc.so[0xCBC2B000])[03 4B       ]0x0000DBEE:	LDR	R3, [PC, #0XC]	;(PC=0xCBC38BEE )
(             libc.so[0xCBC2B000])[7B 44       ]0x0000DBF0:	ADD	R3, PC	;(R3=0x0003C40C PC=0xCBC38BF0 )
(             libc.so[0xCBC2B000])[19 68       ]0x0000DBF2:	LDR	R1, [R3]	;(R3=0xCBC75000 )
(             libc.so[0xCBC2B000])[0A 68       ]0x0000DBF4:	LDR	R2, [R1]	;(R1=0xCBC74E00 )
(             libc.so[0xCBC2B000])[90 47       ]0x0000DBF6:	BLX	R2	;(PC=0xCBC38BF6 R2=0xCBC3ADCD )
(             libc.so[0xCBC2B000])[DF F8 A4 3B ]0x0000FDCC:	LDR.W	R3, [PC, #0XBA4] ; dlmalloc	;(PC=0xCBC3ADCC )
(             libc.so[0xCBC2B000])[2D E9 F7 4F ]0x0000FDD0:	PUSH.W	{R0, R1, R2, R4, R5, R6, R7, R8, SB, SL, FP, LR}	;(SP=0x100FFFE0 R0=0x00000014 R1=0xCBC74E00 R2=0xCBC3ADCD R4=0x00000000 R5=0x30000230 R6=0x00000000 R7=0x100FFFF8 R8=0x00000000 SB=0x00000000 SL=0x00000000 FP=0x00000000 LR=0xCBC38BF9 )
(             libc.so[0xCBC2B000])[7B 44       ]0x0000FDD4:	ADD	R3, PC	;(R3=0x0003E588 PC=0xCBC3ADD4 )
(             libc.so[0xCBC2B000])[04 46       ]0x0000FDD6:	MOV	R4, R0	;(R0=0x00000014 )
(             libc.so[0xCBC2B000])[18 68       ]0x0000FDD8:	LDR	R0, [R3]	;(R3=0xCBC79360 )
(             libc.so[0xCBC2B000])[08 B9       ]0x0000FDDA:	CBNZ	R0, #0XCBC3ADE0	;(R0=0x0B13C7D8 )
(             libc.so[0xCBC2B000])[DF F8 94 1B ]0x0000FDE0:	LDR.W	R1, [PC, #0XB94]	;(PC=0xCBC3ADE0 )
(             libc.so[0xCBC2B000])[79 44       ]0x0000FDE4:	ADD	R1, PC	;(R1=0x0003E398 PC=0xCBC3ADE4 )
(             libc.so[0xCBC2B000])[D1 F8 BC 21 ]0x0000FDE6:	LDR.W	R2, [R1, #0X1BC]	;(R1=0xCBC79180 )
(             libc.so[0xCBC2B000])[93 07       ]0x0000FDEA:	LSLS	R3, R2, #0X1E	;(R2=0x00000007 )
(             libc.so[0xCBC2B000])[02 D4       ]0x0000FDEC:	BMI	#0XCBC3ADF4
(             libc.so[0xCBC2B000])[01 F5 E0 70 ]0x0000FDF4:	ADD.W	R0, R1, #0X1C0	;(R1=0xCBC79180 )
(             libc.so[0xCBC2B000])[00 26       ]0x0000FDF8:	MOVS	R6, #0
(             libc.so[0xCBC2B000])[FE F7 F0 EC ]0x0000FDFA:	BLX	#0XCBC397DC	;(PC=0xCBC3ADFA )
(             libc.so[0xCBC2B000])[90 FF FF EA ]0x0000E7DC:	B	#0XCBC39624 ; pthread_mutex_lock	;(PC=0xCBC397DC )
(             libc.so[0xCBC2B000])[F0 41 2D E9 ]0x0000E624:	PUSH	{R4, R5, R6, R7, R8, LR}	;(SP=0x100FFFB0 R4=0x00000014 R5=0x30000230 R6=0x00000000 R7=0x100FFFF8 R8=0x00000000 LR=0xCBC3ADFF )
(             libc.so[0xCBC2B000])[00 40 50 E2 ]0x0000E628:	SUBS	R4, R0, #0	;(R0=0xCBC79340 )
(             libc.so[0xCBC2B000])[1B 00 00 0A ]0x0000E62C:	BEQ	#0XCBC396A0	;(PC=0xCBC3962C )
(             libc.so[0xCBC2B000])[00 50 94 E5 ]0x0000E630:	LDR	R5, [R4]	;(R4=0xCBC79340 )
(             libc.so[0xCBC2B000])[03 79 15 E2 ]0x0000E634:	ANDS	R7, R5, #0XC000	;(R5=0x00000000 )
(             libc.so[0xCBC2B000])[02 6A 05 E2 ]0x0000E638:	AND	R6, R5, #0X2000	;(R5=0x00000000 )
(             libc.so[0xCBC2B000])[19 00 00 1A ]0x0000E63C:	BNE	#0XCBC396A8	;(PC=0xCBC3963C )
(             libc.so[0xCBC2B000])[01 00 86 E3 ]0x0000E640:	ORR	R0, R6, #1	;(R6=0x00000000 )
(             libc.so[0xCBC2B000])[9F 3F 94 E1 ]0x0000E644:	LDREX	R3, [R4]	;(R4=0xCBC79340 )
(             libc.so[0xCBC2B000])[00 10 A0 E3 ]0x0000E648:	MOV	R1, #0
(             libc.so[0xCBC2B000])[06 00 33 E1 ]0x0000E64C:	TEQ	R3, R6	;(R3=0x00000000 R6=0x00000000 )
(             libc.so[0xCBC2B000])[90 1F 84 01 ]0x0000E650:	STREXEQ	R1, R0, [R4]	;(R0=0x00000001 R4=0xCBC79340 )
(             libc.so[0xCBC2B000])[00 00 51 E3 ]0x0000E654:	CMP	R1, #0	;(R1=0x00000000 )
(             libc.so[0xCBC2B000])[F9 FF FF 1A ]0x0000E658:	BNE	#0XCBC39644	;(PC=0xCBC39658 )
(             libc.so[0xCBC2B000])[03 00 56 E1 ]0x0000E65C:	CMP	R6, R3	;(R6=0x00000000 R3=0x00000000 )
(             libc.so[0xCBC2B000])[02 50 86 13 ]0x0000E660:	ORRNE	R5, R6, #2	;(R6=0x00000000 )
(             libc.so[0xCBC2B000])[01 00 00 1A ]0x0000E664:	BNE	#0XCBC39670	;(PC=0xCBC39664 )
(             libc.so[0xCBC2B000])[09 00 00 EA ]0x0000E668:	B	#0XCBC39694	;(PC=0xCBC39668 )
(             libc.so[0xCBC2B000])[5F F0 7F F5 ]0x0000E694:	DMB	SY
(             libc.so[0xCBC2B000])[00 00 A0 E3 ]0x0000E698:	MOV	R0, #0
(             libc.so[0xCBC2B000])[F0 81 BD E8 ]0x0000E69C:	POP	{R4, R5, R6, R7, R8, PC}	;(SP=0x100FFF98 )
(             libc.so[0xCBC2B000])[00 28       ]0x0000FDFE:	CMP	R0, #0	;(R0=0x00000000 )
(             libc.so[0xCBC2B000])[41 F0 6F 80 ]0x0000FE00:	BNE.W	#0XCBC3BEE2
(             libc.so[0xCBC2B000])[F3 E7       ]0x0000FE04:	B	#0XCBC3ADEE
(             libc.so[0xCBC2B000])[F4 2C       ]0x0000FDEE:	CMP	R4, #0XF4	;(R4=0x00000014 )
(             libc.so[0xCBC2B000])[09 D9       ]0x0000FDF0:	BLS	#0XCBC3AE06
(             libc.so[0xCBC2B000])[0A 2C       ]0x0000FE06:	CMP	R4, #0XA	;(R4=0x00000014 )
(             libc.so[0xCBC2B000])[03 D9       ]0x0000FE08:	BLS	#0XCBC3AE12
(             libc.so[0xCBC2B000])[0B 34       ]0x0000FE0A:	ADDS	R4, #0XB	;(R4=0x00000014 )
(             libc.so[0xCBC2B000])[24 F0 07 04 ]0x0000FE0C:	BIC	R4, R4, #7	;(R4=0x0000001F )
(             libc.so[0xCBC2B000])[00 E0       ]0x0000FE10:	B	#0XCBC3AE14
(             libc.so[0xCBC2B000])[DF F8 68 3B ]0x0000FE14:	LDR.W	R3, [PC, #0XB68]	;(PC=0xCBC3AE14 )
(             libc.so[0xCBC2B000])[E2 08       ]0x0000FE18:	LSRS	R2, R4, #3	;(R4=0x00000018 )
(             libc.so[0xCBC2B000])[7B 44       ]0x0000FE1A:	ADD	R3, PC	;(R3=0x0003E362 PC=0xCBC3AE1A )
(             libc.so[0xCBC2B000])[18 68       ]0x0000FE1C:	LDR	R0, [R3]	;(R3=0xCBC79180 )
(             libc.so[0xCBC2B000])[20 FA 02 F1 ]0x0000FE1E:	LSR.W	R1, R0, R2	;(R0=0x00000000 R2=0x00000003 )
(             libc.so[0xCBC2B000])[01 90       ]0x0000FE22:	STR	R0, [SP, #4]	;(R0=0x00000000 SP=0x100FFFB0 )
(             libc.so[0xCBC2B000])[8E 07       ]0x0000FE24:	LSLS	R6, R1, #0X1E	;(R1=0x00000000 )
(             libc.so[0xCBC2B000])[21 D0       ]0x0000FE26:	BEQ	#0XCBC3AE6C
(             libc.so[0xCBC2B000])[9D 68       ]0x0000FE6C:	LDR	R5, [R3, #8]	;(R3=0xCBC79180 )
(             libc.so[0xCBC2B000])[AC 42       ]0x0000FE6E:	CMP	R4, R5	;(R4=0x00000018 R5=0x00000000 )
(             libc.so[0xCBC2B000])[40 F2 3F 83 ]0x0000FE70:	BLS.W	#0XCBC3B4F2
(             libc.so[0xCBC2B000])[00 29       ]0x0000FE74:	CMP	R1, #0	;(R1=0x00000000 )
(             libc.so[0xCBC2B000])[74 D0       ]0x0000FE76:	BEQ	#0XCBC3AF62
(             libc.so[0xCBC2B000])[D3 F8 04 80 ]0x0000FF62:	LDR.W	R8, [R3, #4]	;(R3=0xCBC79180 )
(             libc.so[0xCBC2B000])[B8 F1 00 0F ]0x0000FF66:	CMP.W	R8, #0	;(R8=0x00000000 )
(             libc.so[0xCBC2B000])[00 F0 C2 82 ]0x0000FF6A:	BEQ.W	#0XCBC3B4F2
(             libc.so[0xCBC2B000])[DF F8 E0 34 ]0x000104F2:	LDR.W	R3, [PC, #0X4E0]	;(PC=0xCBC3B4F2 )
(             libc.so[0xCBC2B000])[7B 44       ]0x000104F6:	ADD	R3, PC	;(R3=0x0003DC86 PC=0xCBC3B4F6 )
(             libc.so[0xCBC2B000])[98 68       ]0x000104F8:	LDR	R0, [R3, #8]	;(R3=0xCBC79180 )
(             libc.so[0xCBC2B000])[84 42       ]0x000104FA:	CMP	R4, R0	;(R4=0x00000018 R0=0x00000000 )
(             libc.so[0xCBC2B000])[19 D8       ]0x000104FC:	BHI	#0XCBC3B532
(             libc.so[0xCBC2B000])[DE 68       ]0x00010532:	LDR	R6, [R3, #0XC]	;(R3=0xCBC79180 )
(             libc.so[0xCBC2B000])[B4 42       ]0x00010534:	CMP	R4, R6	;(R4=0x00000018 R6=0x00000D98 )
(             libc.so[0xCBC2B000])[01 D2       ]0x00010536:	BHS	#0XCBC3B53C
(             libc.so[0xCBC2B000])[00 F0 7B BC ]0x00010538:	B.W	#0XCBC3BE32
(             libc.so[0xCBC2B000])[30 1B       ]0x00010E32:	SUBS	R0, R6, R4	;(R6=0x00000D98 R4=0x00000018 )
(             libc.so[0xCBC2B000])[9E 69       ]0x00010E34:	LDR	R6, [R3, #0X18]	;(R3=0xCBC79180 )
(             libc.so[0xCBC2B000])[D8 60       ]0x00010E36:	STR	R0, [R3, #0XC]	;(R0=0x00000D80 R3=0xCBC79180 )
(             libc.so[0xCBC2B000])[32 19       ]0x00010E38:	ADDS	R2, R6, R4	;(R6=0x30000240 R4=0x00000018 )
(             libc.so[0xCBC2B000])[9A 61       ]0x00010E3A:	STR	R2, [R3, #0X18]	;(R2=0x30000258 R3=0xCBC79180 )
(             libc.so[0xCBC2B000])[40 F0 01 03 ]0x00010E3C:	ORR	R3, R0, #1	;(R0=0x00000D80 )
(             libc.so[0xCBC2B000])[53 60       ]0x00010E40:	STR	R3, [R2, #4]	;(R3=0x00000D81 R2=0x30000258 )
(             libc.so[0xCBC2B000])[44 F0 03 04 ]0x00010E42:	ORR	R4, R4, #3	;(R4=0x00000018 )
(             libc.so[0xCBC2B000])[74 60       ]0x00010E46:	STR	R4, [R6, #4]	;(R4=0x0000001B R6=0x30000240 )
(             libc.so[0xCBC2B000])[08 36       ]0x00010E48:	ADDS	R6, #8	;(R6=0x30000240 )
(             libc.so[0xCBC2B000])[04 E0       ]0x00010E4A:	B	#0XCBC3BE56
(             libc.so[0xCBC2B000])[35 49       ]0x00010E56:	LDR	R1, [PC, #0XD4]	;(PC=0xCBC3BE56 )
(             libc.so[0xCBC2B000])[79 44       ]0x00010E58:	ADD	R1, PC	;(R1=0x0003D324 PC=0xCBC3BE58 )
(             libc.so[0xCBC2B000])[D1 F8 BC 21 ]0x00010E5A:	LDR.W	R2, [R1, #0X1BC]	;(R1=0xCBC79180 )
(             libc.so[0xCBC2B000])[93 07       ]0x00010E5E:	LSLS	R3, R2, #0X1E	;(R2=0x00000007 )
(             libc.so[0xCBC2B000])[3F D5       ]0x00010E60:	BPL	#0XCBC3BEE2
(             libc.so[0xCBC2B000])[01 F5 E0 70 ]0x00010E62:	ADD.W	R0, R1, #0X1C0	;(R1=0xCBC79180 )
(             libc.so[0xCBC2B000])[FD F7 3C ED ]0x00010E66:	BLX	#0XCBC398E0	;(PC=0xCBC3BE66 )
(             libc.so[0xCBC2B000])[BE FF FF EA ]0x0000E8E0:	B	#0XCBC397E0 ; pthread_mutex_unlock	;(PC=0xCBC398E0 )
(             libc.so[0xCBC2B000])[70 40 2D E9 ]0x0000E7E0:	PUSH	{R4, R5, R6, LR}	;(SP=0x100FFFB0 R4=0x0000001B R5=0x00000000 R6=0x30000248 LR=0xCBC3BE6B )
(             libc.so[0xCBC2B000])[00 40 50 E2 ]0x0000E7E4:	SUBS	R4, R0, #0	;(R0=0xCBC79340 )
(             libc.so[0xCBC2B000])[08 D0 4D E2 ]0x0000E7E8:	SUB	SP, SP, #8	;(SP=0x100FFFA0 )
(             libc.so[0xCBC2B000])[2B 00 00 0A ]0x0000E7EC:	BEQ	#0XCBC398A0	;(PC=0xCBC397EC )
(             libc.so[0xCBC2B000])[00 50 94 E5 ]0x0000E7F0:	LDR	R5, [R4]	;(R4=0xCBC79340 )
(             libc.so[0xCBC2B000])[03 69 15 E2 ]0x0000E7F4:	ANDS	R6, R5, #0XC000	;(R5=0x00000001 )
(             libc.so[0xCBC2B000])[02 1A 05 E2 ]0x0000E7F8:	AND	R1, R5, #0X2000	;(R5=0x00000001 )
(             libc.so[0xCBC2B000])[11 00 00 1A ]0x0000E7FC:	BNE	#0XCBC39848	;(PC=0xCBC397FC )
(             libc.so[0xCBC2B000])[5F F0 7F F5 ]0x0000E800:	DMB	SY
(             libc.so[0xCBC2B000])[9F 2F 94 E1 ]0x0000E804:	LDREX	R2, [R4]	;(R4=0xCBC79340 )
(             libc.so[0xCBC2B000])[01 30 42 E2 ]0x0000E808:	SUB	R3, R2, #1	;(R2=0x00000001 )
(             libc.so[0xCBC2B000])[93 5F 84 E1 ]0x0000E80C:	STREX	R5, R3, [R4]	;(R3=0x00000000 R4=0xCBC79340 )
(             libc.so[0xCBC2B000])[00 00 55 E3 ]0x0000E810:	CMP	R5, #0	;(R5=0x00000000 )
(             libc.so[0xCBC2B000])[FA FF FF 1A ]0x0000E814:	BNE	#0XCBC39804	;(PC=0xCBC39814 )
(             libc.so[0xCBC2B000])[01 C0 81 E3 ]0x0000E818:	ORR	IP, R1, #1	;(R1=0x00000000 )
(             libc.so[0xCBC2B000])[0C 00 52 E1 ]0x0000E81C:	CMP	R2, IP	;(R2=0x00000001 IP=0x00000001 )
(             libc.so[0xCBC2B000])[06 00 00 0A ]0x0000E820:	BEQ	#0XCBC39840	;(PC=0xCBC39820 )
(             libc.so[0xCBC2B000])[00 00 A0 E3 ]0x0000E840:	MOV	R0, #0
(             libc.so[0xCBC2B000])[FB FF FF EA ]0x0000E844:	B	#0XCBC39838	;(PC=0xCBC39844 )
(             libc.so[0xCBC2B000])[08 D0 8D E2 ]0x0000E838:	ADD	SP, SP, #8	;(SP=0x100FFF98 )
(             libc.so[0xCBC2B000])[70 80 BD E8 ]0x0000E83C:	POP	{R4, R5, R6, PC}	;(SP=0x100FFFA0 )
(             libc.so[0xCBC2B000])[3A E0       ]0x00010E6A:	B	#0XCBC3BEE2
(             libc.so[0xCBC2B000])[30 46       ]0x00010EE2:	MOV	R0, R6	;(R6=0x30000248 )
(             libc.so[0xCBC2B000])[BD E8 FE 8F ]0x00010EE4:	POP.W	{R1, R2, R3, R4, R5, R6, R7, R8, SB, SL, FP, PC}	;(SP=0x100FFFB0 )
(             libc.so[0xCBC2B000])[08 BD       ]0x0000DBF8:	POP	{R3, PC}	;(SP=0x100FFFE0 )
(        libstdc++.so[0xCBC8F000])[08 B9       ]0x0000091E:	CBNZ	R0, #0XCBC8F924	;(R0=0x30000248 )
(        libstdc++.so[0xCBC8F000])[08 BD       ]0x00000924:	POP	{R3, PC}	;(SP=0x100FFFE8 )
(  libmakeurl2.4.9.so[0xCBBCB000])[05 46       ]0x000017C0:	MOV	R5, R0	;(R0=0x30000248 )
(  libmakeurl2.4.9.so[0xCBBCB000])[1B F0 49 F9 ]0x000017C2:	BL	#0XCBBE7A58	;(PC=0xCBBCC7C2 )
(  libmakeurl2.4.9.so[0xCBBCB000])[07 49       ]0x0001CA58:	LDR	R1, [PC, #0X1C]	;(PC=0xCBBE7A58 )
(  libmakeurl2.4.9.so[0xCBBCB000])[02 46       ]0x0001CA5A:	MOV	R2, R0	;(R0=0x30000248 )
(  libmakeurl2.4.9.so[0xCBBCB000])[79 44       ]0x0001CA5C:	ADD	R1, PC	;(R1=0x000282D8 PC=0xCBBE7A5C )
(  libmakeurl2.4.9.so[0xCBBCB000])[08 31       ]0x0001CA5E:	ADDS	R1, #8	;(R1=0xCBC0FD38 )
(  libmakeurl2.4.9.so[0xCBBCB000])[01 60       ]0x0001CA60:	STR	R1, [R0]	;(R1=0xCBC0FD40 R0=0x30000248 )
(  libmakeurl2.4.9.so[0xCBBCB000])[00 21       ]0x0001CA62:	MOVS	R1, #0
(  libmakeurl2.4.9.so[0xCBBCB000])[42 F8 08 1F ]0x0001CA64:	STR	R1, [R2, #8]!	;(R1=0x00000000 R2=0x30000248 )
(  libmakeurl2.4.9.so[0xCBBCB000])[C1 60       ]0x0001CA68:	STR	R1, [R0, #0XC]	;(R1=0x00000000 R0=0x30000248 )
(  libmakeurl2.4.9.so[0xCBBCB000])[45 F2 78 61 ]0x0001CA6A:	MOVW	R1, #0X5678
(  libmakeurl2.4.9.so[0xCBBCB000])[C1 F2 34 21 ]0x0001CA6E:	MOVT	R1, #0X1234	;(R1=0x00005678 )
(  libmakeurl2.4.9.so[0xCBBCB000])[42 60       ]0x0001CA72:	STR	R2, [R0, #4]	;(R2=0x30000250 R0=0x30000248 )
(  libmakeurl2.4.9.so[0xCBBCB000])[01 61       ]0x0001CA74:	STR	R1, [R0, #0X10]	;(R1=0x12345678 R0=0x30000248 )
(  libmakeurl2.4.9.so[0xCBBCB000])[70 47       ]0x0001CA76:	BX	LR	;(LR=0xCBBCC7C7 )
(  libmakeurl2.4.9.so[0xCBBCB000])[AA 48       ]0x000017C6:	LDR	R0, [PC, #0X2A8]	;(PC=0xCBBCC7C6 )
(  libmakeurl2.4.9.so[0xCBBCB000])[78 44       ]0x000017C8:	ADD	R0, PC	;(R0=0x00043A3C PC=0xCBBCC7C8 )
(  libmakeurl2.4.9.so[0xCBBCB000])[05 60       ]0x000017CA:	STR	R5, [R0]	;(R5=0x30000248 R0=0xCBC10208 )
(  libmakeurl2.4.9.so[0xCBBCB000])[14 20       ]0x000017CC:	MOVS	R0, #0X14
(  libmakeurl2.4.9.so[0xCBBCB000])[FF F7 56 EE ]0x000017CE:	BLX	#0XCBBCC47C	;(PC=0xCBBCC7CE )
(  libmakeurl2.4.9.so[0xCBBCB000])[00 C6 8F E2 ]0x0000147C:	ADD	IP, PC, #0, #12	;(PC=0xCBBCC47C )
(  libmakeurl2.4.9.so[0xCBBCB000])[43 CA 8C E2 ]0x00001480:	ADD	IP, IP, #0X43000	;(IP=0xCBBCC484 )
(  libmakeurl2.4.9.so[0xCBBCB000])[00 FB BC E5 ]0x00001484:	LDR	PC, [IP, #0XB00]!	;(IP=0xCBC0F484 )
(        libstdc++.so[0xCBC8F000])[08 B5       ]0x00000918:	PUSH	{R3, LR} ; _Znaj	;(SP=0x100FFFF0 R3=0x00000000 LR=0xCBBCC7D3 )
(        libstdc++.so[0xCBC8F000])[FF F7 6E EF ]0x0000091A:	BLX	#0XCBC8F7F8	;(PC=0xCBC8F91A )
(        libstdc++.so[0xCBC8F000])[00 C6 8F E2 ]0x000007F8:	ADD	IP, PC, #0, #12	;(PC=0xCBC8F7F8 )
(        libstdc++.so[0xCBC8F000])[01 CA 8C E2 ]0x000007FC:	ADD	IP, IP, #0X1000	;(IP=0xCBC8F800 )
(        libstdc++.so[0xCBC8F000])[F0 F7 BC E5 ]0x00000800:	LDR	PC, [IP, #0X7F0]!	;(IP=0xCBC90800 )
(             libc.so[0xCBC2B000])[08 B5       ]0x0000DBEC:	PUSH	{R3, LR} ; malloc	;(SP=0x100FFFE8 R3=0x00000000 LR=0xCBC8F91F )
(             libc.so[0xCBC2B000])[03 4B       ]0x0000DBEE:	LDR	R3, [PC, #0XC]	;(PC=0xCBC38BEE )
(             libc.so[0xCBC2B000])[7B 44       ]0x0000DBF0:	ADD	R3, PC	;(R3=0x0003C40C PC=0xCBC38BF0 )
(             libc.so[0xCBC2B000])[19 68       ]0x0000DBF2:	LDR	R1, [R3]	;(R3=0xCBC75000 )
(             libc.so[0xCBC2B000])[0A 68       ]0x0000DBF4:	LDR	R2, [R1]	;(R1=0xCBC74E00 )
(             libc.so[0xCBC2B000])[90 47       ]0x0000DBF6:	BLX	R2	;(PC=0xCBC38BF6 R2=0xCBC3ADCD )
(             libc.so[0xCBC2B000])[DF F8 A4 3B ]0x0000FDCC:	LDR.W	R3, [PC, #0XBA4] ; dlmalloc	;(PC=0xCBC3ADCC )
(             libc.so[0xCBC2B000])[2D E9 F7 4F ]0x0000FDD0:	PUSH.W	{R0, R1, R2, R4, R5, R6, R7, R8, SB, SL, FP, LR}	;(SP=0x100FFFE0 R0=0x00000014 R1=0xCBC74E00 R2=0xCBC3ADCD R4=0x00000000 R5=0x30000248 R6=0x00000000 R7=0x100FFFF8 R8=0x00000000 SB=0x00000000 SL=0x00000000 FP=0x00000000 LR=0xCBC38BF9 )
(             libc.so[0xCBC2B000])[7B 44       ]0x0000FDD4:	ADD	R3, PC	;(R3=0x0003E588 PC=0xCBC3ADD4 )
(             libc.so[0xCBC2B000])[04 46       ]0x0000FDD6:	MOV	R4, R0	;(R0=0x00000014 )
(             libc.so[0xCBC2B000])[18 68       ]0x0000FDD8:	LDR	R0, [R3]	;(R3=0xCBC79360 )
(             libc.so[0xCBC2B000])[08 B9       ]0x0000FDDA:	CBNZ	R0, #0XCBC3ADE0	;(R0=0x0B13C7D8 )
(             libc.so[0xCBC2B000])[DF F8 94 1B ]0x0000FDE0:	LDR.W	R1, [PC, #0XB94]	;(PC=0xCBC3ADE0 )
(             libc.so[0xCBC2B000])[79 44       ]0x0000FDE4:	ADD	R1, PC	;(R1=0x0003E398 PC=0xCBC3ADE4 )
(             libc.so[0xCBC2B000])[D1 F8 BC 21 ]0x0000FDE6:	LDR.W	R2, [R1, #0X1BC]	;(R1=0xCBC79180 )
(             libc.so[0xCBC2B000])[93 07       ]0x0000FDEA:	LSLS	R3, R2, #0X1E	;(R2=0x00000007 )
(             libc.so[0xCBC2B000])[02 D4       ]0x0000FDEC:	BMI	#0XCBC3ADF4
(             libc.so[0xCBC2B000])[01 F5 E0 70 ]0x0000FDF4:	ADD.W	R0, R1, #0X1C0	;(R1=0xCBC79180 )
(             libc.so[0xCBC2B000])[00 26       ]0x0000FDF8:	MOVS	R6, #0
(             libc.so[0xCBC2B000])[FE F7 F0 EC ]0x0000FDFA:	BLX	#0XCBC397DC	;(PC=0xCBC3ADFA )
(             libc.so[0xCBC2B000])[90 FF FF EA ]0x0000E7DC:	B	#0XCBC39624 ; pthread_mutex_lock	;(PC=0xCBC397DC )
(             libc.so[0xCBC2B000])[F0 41 2D E9 ]0x0000E624:	PUSH	{R4, R5, R6, R7, R8, LR}	;(SP=0x100FFFB0 R4=0x00000014 R5=0x30000248 R6=0x00000000 R7=0x100FFFF8 R8=0x00000000 LR=0xCBC3ADFF )
(             libc.so[0xCBC2B000])[00 40 50 E2 ]0x0000E628:	SUBS	R4, R0, #0	;(R0=0xCBC79340 )
(             libc.so[0xCBC2B000])[1B 00 00 0A ]0x0000E62C:	BEQ	#0XCBC396A0	;(PC=0xCBC3962C )
(             libc.so[0xCBC2B000])[00 50 94 E5 ]0x0000E630:	LDR	R5, [R4]	;(R4=0xCBC79340 )
(             libc.so[0xCBC2B000])[03 79 15 E2 ]0x0000E634:	ANDS	R7, R5, #0XC000	;(R5=0x00000000 )
(             libc.so[0xCBC2B000])[02 6A 05 E2 ]0x0000E638:	AND	R6, R5, #0X2000	;(R5=0x00000000 )
(             libc.so[0xCBC2B000])[19 00 00 1A ]0x0000E63C:	BNE	#0XCBC396A8	;(PC=0xCBC3963C )
(             libc.so[0xCBC2B000])[01 00 86 E3 ]0x0000E640:	ORR	R0, R6, #1	;(R6=0x00000000 )
(             libc.so[0xCBC2B000])[9F 3F 94 E1 ]0x0000E644:	LDREX	R3, [R4]	;(R4=0xCBC79340 )
(             libc.so[0xCBC2B000])[00 10 A0 E3 ]0x0000E648:	MOV	R1, #0
(             libc.so[0xCBC2B000])[06 00 33 E1 ]0x0000E64C:	TEQ	R3, R6	;(R3=0x00000000 R6=0x00000000 )
(             libc.so[0xCBC2B000])[90 1F 84 01 ]0x0000E650:	STREXEQ	R1, R0, [R4]	;(R0=0x00000001 R4=0xCBC79340 )
(             libc.so[0xCBC2B000])[00 00 51 E3 ]0x0000E654:	CMP	R1, #0	;(R1=0x00000000 )
(             libc.so[0xCBC2B000])[F9 FF FF 1A ]0x0000E658:	BNE	#0XCBC39644	;(PC=0xCBC39658 )
(             libc.so[0xCBC2B000])[03 00 56 E1 ]0x0000E65C:	CMP	R6, R3	;(R6=0x00000000 R3=0x00000000 )
(             libc.so[0xCBC2B000])[02 50 86 13 ]0x0000E660:	ORRNE	R5, R6, #2	;(R6=0x00000000 )
(             libc.so[0xCBC2B000])[01 00 00 1A ]0x0000E664:	BNE	#0XCBC39670	;(PC=0xCBC39664 )
(             libc.so[0xCBC2B000])[09 00 00 EA ]0x0000E668:	B	#0XCBC39694	;(PC=0xCBC39668 )
(             libc.so[0xCBC2B000])[5F F0 7F F5 ]0x0000E694:	DMB	SY
(             libc.so[0xCBC2B000])[00 00 A0 E3 ]0x0000E698:	MOV	R0, #0
(             libc.so[0xCBC2B000])[F0 81 BD E8 ]0x0000E69C:	POP	{R4, R5, R6, R7, R8, PC}	;(SP=0x100FFF98 )
(             libc.so[0xCBC2B000])[00 28       ]0x0000FDFE:	CMP	R0, #0	;(R0=0x00000000 )
(             libc.so[0xCBC2B000])[41 F0 6F 80 ]0x0000FE00:	BNE.W	#0XCBC3BEE2
(             libc.so[0xCBC2B000])[F3 E7       ]0x0000FE04:	B	#0XCBC3ADEE
(             libc.so[0xCBC2B000])[F4 2C       ]0x0000FDEE:	CMP	R4, #0XF4	;(R4=0x00000014 )
(             libc.so[0xCBC2B000])[09 D9       ]0x0000FDF0:	BLS	#0XCBC3AE06
(             libc.so[0xCBC2B000])[0A 2C       ]0x0000FE06:	CMP	R4, #0XA	;(R4=0x00000014 )
(             libc.so[0xCBC2B000])[03 D9       ]0x0000FE08:	BLS	#0XCBC3AE12
(             libc.so[0xCBC2B000])[0B 34       ]0x0000FE0A:	ADDS	R4, #0XB	;(R4=0x00000014 )
(             libc.so[0xCBC2B000])[24 F0 07 04 ]0x0000FE0C:	BIC	R4, R4, #7	;(R4=0x0000001F )
(             libc.so[0xCBC2B000])[00 E0       ]0x0000FE10:	B	#0XCBC3AE14
(             libc.so[0xCBC2B000])[DF F8 68 3B ]0x0000FE14:	LDR.W	R3, [PC, #0XB68]	;(PC=0xCBC3AE14 )
(             libc.so[0xCBC2B000])[E2 08       ]0x0000FE18:	LSRS	R2, R4, #3	;(R4=0x00000018 )
(             libc.so[0xCBC2B000])[7B 44       ]0x0000FE1A:	ADD	R3, PC	;(R3=0x0003E362 PC=0xCBC3AE1A )
(             libc.so[0xCBC2B000])[18 68       ]0x0000FE1C:	LDR	R0, [R3]	;(R3=0xCBC79180 )
(             libc.so[0xCBC2B000])[20 FA 02 F1 ]0x0000FE1E:	LSR.W	R1, R0, R2	;(R0=0x00000000 R2=0x00000003 )
(             libc.so[0xCBC2B000])[01 90       ]0x0000FE22:	STR	R0, [SP, #4]	;(R0=0x00000000 SP=0x100FFFB0 )
(             libc.so[0xCBC2B000])[8E 07       ]0x0000FE24:	LSLS	R6, R1, #0X1E	;(R1=0x00000000 )
(             libc.so[0xCBC2B000])[21 D0       ]0x0000FE26:	BEQ	#0XCBC3AE6C
(             libc.so[0xCBC2B000])[9D 68       ]0x0000FE6C:	LDR	R5, [R3, #8]	;(R3=0xCBC79180 )
(             libc.so[0xCBC2B000])[AC 42       ]0x0000FE6E:	CMP	R4, R5	;(R4=0x00000018 R5=0x00000000 )
(             libc.so[0xCBC2B000])[40 F2 3F 83 ]0x0000FE70:	BLS.W	#0XCBC3B4F2
(             libc.so[0xCBC2B000])[00 29       ]0x0000FE74:	CMP	R1, #0	;(R1=0x00000000 )
(             libc.so[0xCBC2B000])[74 D0       ]0x0000FE76:	BEQ	#0XCBC3AF62
(             libc.so[0xCBC2B000])[D3 F8 04 80 ]0x0000FF62:	LDR.W	R8, [R3, #4]	;(R3=0xCBC79180 )
(             libc.so[0xCBC2B000])[B8 F1 00 0F ]0x0000FF66:	CMP.W	R8, #0	;(R8=0x00000000 )
(             libc.so[0xCBC2B000])[00 F0 C2 82 ]0x0000FF6A:	BEQ.W	#0XCBC3B4F2
(             libc.so[0xCBC2B000])[DF F8 E0 34 ]0x000104F2:	LDR.W	R3, [PC, #0X4E0]	;(PC=0xCBC3B4F2 )
(             libc.so[0xCBC2B000])[7B 44       ]0x000104F6:	ADD	R3, PC	;(R3=0x0003DC86 PC=0xCBC3B4F6 )
(             libc.so[0xCBC2B000])[98 68       ]0x000104F8:	LDR	R0, [R3, #8]	;(R3=0xCBC79180 )
(             libc.so[0xCBC2B000])[84 42       ]0x000104FA:	CMP	R4, R0	;(R4=0x00000018 R0=0x00000000 )
(             libc.so[0xCBC2B000])[19 D8       ]0x000104FC:	BHI	#0XCBC3B532
(             libc.so[0xCBC2B000])[DE 68       ]0x00010532:	LDR	R6, [R3, #0XC]	;(R3=0xCBC79180 )
(             libc.so[0xCBC2B000])[B4 42       ]0x00010534:	CMP	R4, R6	;(R4=0x00000018 R6=0x00000D80 )
(             libc.so[0xCBC2B000])[01 D2       ]0x00010536:	BHS	#0XCBC3B53C
(             libc.so[0xCBC2B000])[00 F0 7B BC ]0x00010538:	B.W	#0XCBC3BE32
(             libc.so[0xCBC2B000])[30 1B       ]0x00010E32:	SUBS	R0, R6, R4	;(R6=0x00000D80 R4=0x00000018 )
(             libc.so[0xCBC2B000])[9E 69       ]0x00010E34:	LDR	R6, [R3, #0X18]	;(R3=0xCBC79180 )
(             libc.so[0xCBC2B000])[D8 60       ]0x00010E36:	STR	R0, [R3, #0XC]	;(R0=0x00000D68 R3=0xCBC79180 )
(             libc.so[0xCBC2B000])[32 19       ]0x00010E38:	ADDS	R2, R6, R4	;(R6=0x30000258 R4=0x00000018 )
(             libc.so[0xCBC2B000])[9A 61       ]0x00010E3A:	STR	R2, [R3, #0X18]	;(R2=0x30000270 R3=0xCBC79180 )
(             libc.so[0xCBC2B000])[40 F0 01 03 ]0x00010E3C:	ORR	R3, R0, #1	;(R0=0x00000D68 )
(             libc.so[0xCBC2B000])[53 60       ]0x00010E40:	STR	R3, [R2, #4]	;(R3=0x00000D69 R2=0x30000270 )
(             libc.so[0xCBC2B000])[44 F0 03 04 ]0x00010E42:	ORR	R4, R4, #3	;(R4=0x00000018 )
(             libc.so[0xCBC2B000])[74 60       ]0x00010E46:	STR	R4, [R6, #4]	;(R4=0x0000001B R6=0x30000258 )
(             libc.so[0xCBC2B000])[08 36       ]0x00010E48:	ADDS	R6, #8	;(R6=0x30000258 )
(             libc.so[0xCBC2B000])[04 E0       ]0x00010E4A:	B	#0XCBC3BE56
(             libc.so[0xCBC2B000])[35 49       ]0x00010E56:	LDR	R1, [PC, #0XD4]	;(PC=0xCBC3BE56 )
(             libc.so[0xCBC2B000])[79 44       ]0x00010E58:	ADD	R1, PC	;(R1=0x0003D324 PC=0xCBC3BE58 )
(             libc.so[0xCBC2B000])[D1 F8 BC 21 ]0x00010E5A:	LDR.W	R2, [R1, #0X1BC]	;(R1=0xCBC79180 )
(             libc.so[0xCBC2B000])[93 07       ]0x00010E5E:	LSLS	R3, R2, #0X1E	;(R2=0x00000007 )
(             libc.so[0xCBC2B000])[3F D5       ]0x00010E60:	BPL	#0XCBC3BEE2
(             libc.so[0xCBC2B000])[01 F5 E0 70 ]0x00010E62:	ADD.W	R0, R1, #0X1C0	;(R1=0xCBC79180 )
(             libc.so[0xCBC2B000])[FD F7 3C ED ]0x00010E66:	BLX	#0XCBC398E0	;(PC=0xCBC3BE66 )
(             libc.so[0xCBC2B000])[BE FF FF EA ]0x0000E8E0:	B	#0XCBC397E0 ; pthread_mutex_unlock	;(PC=0xCBC398E0 )
(             libc.so[0xCBC2B000])[70 40 2D E9 ]0x0000E7E0:	PUSH	{R4, R5, R6, LR}	;(SP=0x100FFFB0 R4=0x0000001B R5=0x00000000 R6=0x30000260 LR=0xCBC3BE6B )
(             libc.so[0xCBC2B000])[00 40 50 E2 ]0x0000E7E4:	SUBS	R4, R0, #0	;(R0=0xCBC79340 )
(             libc.so[0xCBC2B000])[08 D0 4D E2 ]0x0000E7E8:	SUB	SP, SP, #8	;(SP=0x100FFFA0 )
(             libc.so[0xCBC2B000])[2B 00 00 0A ]0x0000E7EC:	BEQ	#0XCBC398A0	;(PC=0xCBC397EC )
(             libc.so[0xCBC2B000])[00 50 94 E5 ]0x0000E7F0:	LDR	R5, [R4]	;(R4=0xCBC79340 )
(             libc.so[0xCBC2B000])[03 69 15 E2 ]0x0000E7F4:	ANDS	R6, R5, #0XC000	;(R5=0x00000001 )
(             libc.so[0xCBC2B000])[02 1A 05 E2 ]0x0000E7F8:	AND	R1, R5, #0X2000	;(R5=0x00000001 )
(             libc.so[0xCBC2B000])[11 00 00 1A ]0x0000E7FC:	BNE	#0XCBC39848	;(PC=0xCBC397FC )
(             libc.so[0xCBC2B000])[5F F0 7F F5 ]0x0000E800:	DMB	SY
(             libc.so[0xCBC2B000])[9F 2F 94 E1 ]0x0000E804:	LDREX	R2, [R4]	;(R4=0xCBC79340 )
(             libc.so[0xCBC2B000])[01 30 42 E2 ]0x0000E808:	SUB	R3, R2, #1	;(R2=0x00000001 )
(             libc.so[0xCBC2B000])[93 5F 84 E1 ]0x0000E80C:	STREX	R5, R3, [R4]	;(R3=0x00000000 R4=0xCBC79340 )
(             libc.so[0xCBC2B000])[00 00 55 E3 ]0x0000E810:	CMP	R5, #0	;(R5=0x00000000 )
(             libc.so[0xCBC2B000])[FA FF FF 1A ]0x0000E814:	BNE	#0XCBC39804	;(PC=0xCBC39814 )
(             libc.so[0xCBC2B000])[01 C0 81 E3 ]0x0000E818:	ORR	IP, R1, #1	;(R1=0x00000000 )
(             libc.so[0xCBC2B000])[0C 00 52 E1 ]0x0000E81C:	CMP	R2, IP	;(R2=0x00000001 IP=0x00000001 )
(             libc.so[0xCBC2B000])[06 00 00 0A ]0x0000E820:	BEQ	#0XCBC39840	;(PC=0xCBC39820 )
(             libc.so[0xCBC2B000])[00 00 A0 E3 ]0x0000E840:	MOV	R0, #0
(             libc.so[0xCBC2B000])[FB FF FF EA ]0x0000E844:	B	#0XCBC39838	;(PC=0xCBC39844 )
(             libc.so[0xCBC2B000])[08 D0 8D E2 ]0x0000E838:	ADD	SP, SP, #8	;(SP=0x100FFF98 )
(             libc.so[0xCBC2B000])[70 80 BD E8 ]0x0000E83C:	POP	{R4, R5, R6, PC}	;(SP=0x100FFFA0 )
(             libc.so[0xCBC2B000])[3A E0       ]0x00010E6A:	B	#0XCBC3BEE2
(             libc.so[0xCBC2B000])[30 46       ]0x00010EE2:	MOV	R0, R6	;(R6=0x30000260 )
(             libc.so[0xCBC2B000])[BD E8 FE 8F ]0x00010EE4:	POP.W	{R1, R2, R3, R4, R5, R6, R7, R8, SB, SL, FP, PC}	;(SP=0x100FFFB0 )
(             libc.so[0xCBC2B000])[08 BD       ]0x0000DBF8:	POP	{R3, PC}	;(SP=0x100FFFE0 )
(        libstdc++.so[0xCBC8F000])[08 B9       ]0x0000091E:	CBNZ	R0, #0XCBC8F924	;(R0=0x30000260 )
(        libstdc++.so[0xCBC8F000])[08 BD       ]0x00000924:	POP	{R3, PC}	;(SP=0x100FFFE8 )
(  libmakeurl2.4.9.so[0xCBBCB000])[05 46       ]0x000017D2:	MOV	R5, R0	;(R0=0x30000260 )
(  libmakeurl2.4.9.so[0xCBBCB000])[1B F0 40 F9 ]0x000017D4:	BL	#0XCBBE7A58	;(PC=0xCBBCC7D4 )
(  libmakeurl2.4.9.so[0xCBBCB000])[07 49       ]0x0001CA58:	LDR	R1, [PC, #0X1C]	;(PC=0xCBBE7A58 )
(  libmakeurl2.4.9.so[0xCBBCB000])[02 46       ]0x0001CA5A:	MOV	R2, R0	;(R0=0x30000260 )
(  libmakeurl2.4.9.so[0xCBBCB000])[79 44       ]0x0001CA5C:	ADD	R1, PC	;(R1=0x000282D8 PC=0xCBBE7A5C )
(  libmakeurl2.4.9.so[0xCBBCB000])[08 31       ]0x0001CA5E:	ADDS	R1, #8	;(R1=0xCBC0FD38 )
(  libmakeurl2.4.9.so[0xCBBCB000])[01 60       ]0x0001CA60:	STR	R1, [R0]	;(R1=0xCBC0FD40 R0=0x30000260 )
(  libmakeurl2.4.9.so[0xCBBCB000])[00 21       ]0x0001CA62:	MOVS	R1, #0
(  libmakeurl2.4.9.so[0xCBBCB000])[42 F8 08 1F ]0x0001CA64:	STR	R1, [R2, #8]!	;(R1=0x00000000 R2=0x30000260 )
(  libmakeurl2.4.9.so[0xCBBCB000])[C1 60       ]0x0001CA68:	STR	R1, [R0, #0XC]	;(R1=0x00000000 R0=0x30000260 )
(  libmakeurl2.4.9.so[0xCBBCB000])[45 F2 78 61 ]0x0001CA6A:	MOVW	R1, #0X5678
(  libmakeurl2.4.9.so[0xCBBCB000])[C1 F2 34 21 ]0x0001CA6E:	MOVT	R1, #0X1234	;(R1=0x00005678 )
(  libmakeurl2.4.9.so[0xCBBCB000])[42 60       ]0x0001CA72:	STR	R2, [R0, #4]	;(R2=0x30000268 R0=0x30000260 )
(  libmakeurl2.4.9.so[0xCBBCB000])[01 61       ]0x0001CA74:	STR	R1, [R0, #0X10]	;(R1=0x12345678 R0=0x30000260 )
(  libmakeurl2.4.9.so[0xCBBCB000])[70 47       ]0x0001CA76:	BX	LR	;(LR=0xCBBCC7D9 )
(  libmakeurl2.4.9.so[0xCBBCB000])[A6 48       ]0x000017D8:	LDR	R0, [PC, #0X298]	;(PC=0xCBBCC7D8 )
(  libmakeurl2.4.9.so[0xCBBCB000])[78 44       ]0x000017DA:	ADD	R0, PC	;(R0=0x00043A2E PC=0xCBBCC7DA )
(  libmakeurl2.4.9.so[0xCBBCB000])[05 60       ]0x000017DC:	STR	R5, [R0]	;(R5=0x30000260 R0=0xCBC1020C )
(  libmakeurl2.4.9.so[0xCBBCB000])[14 20       ]0x000017DE:	MOVS	R0, #0X14
(  libmakeurl2.4.9.so[0xCBBCB000])[FF F7 4C EE ]0x000017E0:	BLX	#0XCBBCC47C	;(PC=0xCBBCC7E0 )
(  libmakeurl2.4.9.so[0xCBBCB000])[00 C6 8F E2 ]0x0000147C:	ADD	IP, PC, #0, #12	;(PC=0xCBBCC47C )
(  libmakeurl2.4.9.so[0xCBBCB000])[43 CA 8C E2 ]0x00001480:	ADD	IP, IP, #0X43000	;(IP=0xCBBCC484 )
(  libmakeurl2.4.9.so[0xCBBCB000])[00 FB BC E5 ]0x00001484:	LDR	PC, [IP, #0XB00]!	;(IP=0xCBC0F484 )
(        libstdc++.so[0xCBC8F000])[08 B5       ]0x00000918:	PUSH	{R3, LR} ; _Znaj	;(SP=0x100FFFF0 R3=0x00000000 LR=0xCBBCC7E5 )
(        libstdc++.so[0xCBC8F000])[FF F7 6E EF ]0x0000091A:	BLX	#0XCBC8F7F8	;(PC=0xCBC8F91A )
(        libstdc++.so[0xCBC8F000])[00 C6 8F E2 ]0x000007F8:	ADD	IP, PC, #0, #12	;(PC=0xCBC8F7F8 )
(        libstdc++.so[0xCBC8F000])[01 CA 8C E2 ]0x000007FC:	ADD	IP, IP, #0X1000	;(IP=0xCBC8F800 )
(        libstdc++.so[0xCBC8F000])[F0 F7 BC E5 ]0x00000800:	LDR	PC, [IP, #0X7F0]!	;(IP=0xCBC90800 )
(             libc.so[0xCBC2B000])[08 B5       ]0x0000DBEC:	PUSH	{R3, LR} ; malloc	;(SP=0x100FFFE8 R3=0x00000000 LR=0xCBC8F91F )
(             libc.so[0xCBC2B000])[03 4B       ]0x0000DBEE:	LDR	R3, [PC, #0XC]	;(PC=0xCBC38BEE )
(             libc.so[0xCBC2B000])[7B 44       ]0x0000DBF0:	ADD	R3, PC	;(R3=0x0003C40C PC=0xCBC38BF0 )
(             libc.so[0xCBC2B000])[19 68       ]0x0000DBF2:	LDR	R1, [R3]	;(R3=0xCBC75000 )
(             libc.so[0xCBC2B000])[0A 68       ]0x0000DBF4:	LDR	R2, [R1]	;(R1=0xCBC74E00 )
(             libc.so[0xCBC2B000])[90 47       ]0x0000DBF6:	BLX	R2	;(PC=0xCBC38BF6 R2=0xCBC3ADCD )
(             libc.so[0xCBC2B000])[DF F8 A4 3B ]0x0000FDCC:	LDR.W	R3, [PC, #0XBA4] ; dlmalloc	;(PC=0xCBC3ADCC )
(             libc.so[0xCBC2B000])[2D E9 F7 4F ]0x0000FDD0:	PUSH.W	{R0, R1, R2, R4, R5, R6, R7, R8, SB, SL, FP, LR}	;(SP=0x100FFFE0 R0=0x00000014 R1=0xCBC74E00 R2=0xCBC3ADCD R4=0x00000000 R5=0x30000260 R6=0x00000000 R7=0x100FFFF8 R8=0x00000000 SB=0x00000000 SL=0x00000000 FP=0x00000000 LR=0xCBC38BF9 )
(             libc.so[0xCBC2B000])[7B 44       ]0x0000FDD4:	ADD	R3, PC	;(R3=0x0003E588 PC=0xCBC3ADD4 )
(             libc.so[0xCBC2B000])[04 46       ]0x0000FDD6:	MOV	R4, R0	;(R0=0x00000014 )
(             libc.so[0xCBC2B000])[18 68       ]0x0000FDD8:	LDR	R0, [R3]	;(R3=0xCBC79360 )
(             libc.so[0xCBC2B000])[08 B9       ]0x0000FDDA:	CBNZ	R0, #0XCBC3ADE0	;(R0=0x0B13C7D8 )
(             libc.so[0xCBC2B000])[DF F8 94 1B ]0x0000FDE0:	LDR.W	R1, [PC, #0XB94]	;(PC=0xCBC3ADE0 )
(             libc.so[0xCBC2B000])[79 44       ]0x0000FDE4:	ADD	R1, PC	;(R1=0x0003E398 PC=0xCBC3ADE4 )
(             libc.so[0xCBC2B000])[D1 F8 BC 21 ]0x0000FDE6:	LDR.W	R2, [R1, #0X1BC]	;(R1=0xCBC79180 )
(             libc.so[0xCBC2B000])[93 07       ]0x0000FDEA:	LSLS	R3, R2, #0X1E	;(R2=0x00000007 )
(             libc.so[0xCBC2B000])[02 D4       ]0x0000FDEC:	BMI	#0XCBC3ADF4
(             libc.so[0xCBC2B000])[01 F5 E0 70 ]0x0000FDF4:	ADD.W	R0, R1, #0X1C0	;(R1=0xCBC79180 )
(             libc.so[0xCBC2B000])[00 26       ]0x0000FDF8:	MOVS	R6, #0
(             libc.so[0xCBC2B000])[FE F7 F0 EC ]0x0000FDFA:	BLX	#0XCBC397DC	;(PC=0xCBC3ADFA )
(             libc.so[0xCBC2B000])[90 FF FF EA ]0x0000E7DC:	B	#0XCBC39624 ; pthread_mutex_lock	;(PC=0xCBC397DC )
(             libc.so[0xCBC2B000])[F0 41 2D E9 ]0x0000E624:	PUSH	{R4, R5, R6, R7, R8, LR}	;(SP=0x100FFFB0 R4=0x00000014 R5=0x30000260 R6=0x00000000 R7=0x100FFFF8 R8=0x00000000 LR=0xCBC3ADFF )
(             libc.so[0xCBC2B000])[00 40 50 E2 ]0x0000E628:	SUBS	R4, R0, #0	;(R0=0xCBC79340 )
(             libc.so[0xCBC2B000])[1B 00 00 0A ]0x0000E62C:	BEQ	#0XCBC396A0	;(PC=0xCBC3962C )
(             libc.so[0xCBC2B000])[00 50 94 E5 ]0x0000E630:	LDR	R5, [R4]	;(R4=0xCBC79340 )
(             libc.so[0xCBC2B000])[03 79 15 E2 ]0x0000E634:	ANDS	R7, R5, #0XC000	;(R5=0x00000000 )
(             libc.so[0xCBC2B000])[02 6A 05 E2 ]0x0000E638:	AND	R6, R5, #0X2000	;(R5=0x00000000 )
(             libc.so[0xCBC2B000])[19 00 00 1A ]0x0000E63C:	BNE	#0XCBC396A8	;(PC=0xCBC3963C )
(             libc.so[0xCBC2B000])[01 00 86 E3 ]0x0000E640:	ORR	R0, R6, #1	;(R6=0x00000000 )
(             libc.so[0xCBC2B000])[9F 3F 94 E1 ]0x0000E644:	LDREX	R3, [R4]	;(R4=0xCBC79340 )
(             libc.so[0xCBC2B000])[00 10 A0 E3 ]0x0000E648:	MOV	R1, #0
(             libc.so[0xCBC2B000])[06 00 33 E1 ]0x0000E64C:	TEQ	R3, R6	;(R3=0x00000000 R6=0x00000000 )
(             libc.so[0xCBC2B000])[90 1F 84 01 ]0x0000E650:	STREXEQ	R1, R0, [R4]	;(R0=0x00000001 R4=0xCBC79340 )
(             libc.so[0xCBC2B000])[00 00 51 E3 ]0x0000E654:	CMP	R1, #0	;(R1=0x00000000 )
(             libc.so[0xCBC2B000])[F9 FF FF 1A ]0x0000E658:	BNE	#0XCBC39644	;(PC=0xCBC39658 )
(             libc.so[0xCBC2B000])[03 00 56 E1 ]0x0000E65C:	CMP	R6, R3	;(R6=0x00000000 R3=0x00000000 )
(             libc.so[0xCBC2B000])[02 50 86 13 ]0x0000E660:	ORRNE	R5, R6, #2	;(R6=0x00000000 )
(             libc.so[0xCBC2B000])[01 00 00 1A ]0x0000E664:	BNE	#0XCBC39670	;(PC=0xCBC39664 )
(             libc.so[0xCBC2B000])[09 00 00 EA ]0x0000E668:	B	#0XCBC39694	;(PC=0xCBC39668 )
(             libc.so[0xCBC2B000])[5F F0 7F F5 ]0x0000E694:	DMB	SY
(             libc.so[0xCBC2B000])[00 00 A0 E3 ]0x0000E698:	MOV	R0, #0
(             libc.so[0xCBC2B000])[F0 81 BD E8 ]0x0000E69C:	POP	{R4, R5, R6, R7, R8, PC}	;(SP=0x100FFF98 )
(             libc.so[0xCBC2B000])[00 28       ]0x0000FDFE:	CMP	R0, #0	;(R0=0x00000000 )
(             libc.so[0xCBC2B000])[41 F0 6F 80 ]0x0000FE00:	BNE.W	#0XCBC3BEE2
(             libc.so[0xCBC2B000])[F3 E7       ]0x0000FE04:	B	#0XCBC3ADEE
(             libc.so[0xCBC2B000])[F4 2C       ]0x0000FDEE:	CMP	R4, #0XF4	;(R4=0x00000014 )
(             libc.so[0xCBC2B000])[09 D9       ]0x0000FDF0:	BLS	#0XCBC3AE06
(             libc.so[0xCBC2B000])[0A 2C       ]0x0000FE06:	CMP	R4, #0XA	;(R4=0x00000014 )
(             libc.so[0xCBC2B000])[03 D9       ]0x0000FE08:	BLS	#0XCBC3AE12
(             libc.so[0xCBC2B000])[0B 34       ]0x0000FE0A:	ADDS	R4, #0XB	;(R4=0x00000014 )
(             libc.so[0xCBC2B000])[24 F0 07 04 ]0x0000FE0C:	BIC	R4, R4, #7	;(R4=0x0000001F )
(             libc.so[0xCBC2B000])[00 E0       ]0x0000FE10:	B	#0XCBC3AE14
(             libc.so[0xCBC2B000])[DF F8 68 3B ]0x0000FE14:	LDR.W	R3, [PC, #0XB68]	;(PC=0xCBC3AE14 )
(             libc.so[0xCBC2B000])[E2 08       ]0x0000FE18:	LSRS	R2, R4, #3	;(R4=0x00000018 )
(             libc.so[0xCBC2B000])[7B 44       ]0x0000FE1A:	ADD	R3, PC	;(R3=0x0003E362 PC=0xCBC3AE1A )
(             libc.so[0xCBC2B000])[18 68       ]0x0000FE1C:	LDR	R0, [R3]	;(R3=0xCBC79180 )
(             libc.so[0xCBC2B000])[20 FA 02 F1 ]0x0000FE1E:	LSR.W	R1, R0, R2	;(R0=0x00000000 R2=0x00000003 )
(             libc.so[0xCBC2B000])[01 90       ]0x0000FE22:	STR	R0, [SP, #4]	;(R0=0x00000000 SP=0x100FFFB0 )
(             libc.so[0xCBC2B000])[8E 07       ]0x0000FE24:	LSLS	R6, R1, #0X1E	;(R1=0x00000000 )
(             libc.so[0xCBC2B000])[21 D0       ]0x0000FE26:	BEQ	#0XCBC3AE6C
(             libc.so[0xCBC2B000])[9D 68       ]0x0000FE6C:	LDR	R5, [R3, #8]	;(R3=0xCBC79180 )
(             libc.so[0xCBC2B000])[AC 42       ]0x0000FE6E:	CMP	R4, R5	;(R4=0x00000018 R5=0x00000000 )
(             libc.so[0xCBC2B000])[40 F2 3F 83 ]0x0000FE70:	BLS.W	#0XCBC3B4F2
(             libc.so[0xCBC2B000])[00 29       ]0x0000FE74:	CMP	R1, #0	;(R1=0x00000000 )
(             libc.so[0xCBC2B000])[74 D0       ]0x0000FE76:	BEQ	#0XCBC3AF62
(             libc.so[0xCBC2B000])[D3 F8 04 80 ]0x0000FF62:	LDR.W	R8, [R3, #4]	;(R3=0xCBC79180 )
(             libc.so[0xCBC2B000])[B8 F1 00 0F ]0x0000FF66:	CMP.W	R8, #0	;(R8=0x00000000 )
(             libc.so[0xCBC2B000])[00 F0 C2 82 ]0x0000FF6A:	BEQ.W	#0XCBC3B4F2
(             libc.so[0xCBC2B000])[DF F8 E0 34 ]0x000104F2:	LDR.W	R3, [PC, #0X4E0]	;(PC=0xCBC3B4F2 )
(             libc.so[0xCBC2B000])[7B 44       ]0x000104F6:	ADD	R3, PC	;(R3=0x0003DC86 PC=0xCBC3B4F6 )
(             libc.so[0xCBC2B000])[98 68       ]0x000104F8:	LDR	R0, [R3, #8]	;(R3=0xCBC79180 )
(             libc.so[0xCBC2B000])[84 42       ]0x000104FA:	CMP	R4, R0	;(R4=0x00000018 R0=0x00000000 )
(             libc.so[0xCBC2B000])[19 D8       ]0x000104FC:	BHI	#0XCBC3B532
(             libc.so[0xCBC2B000])[DE 68       ]0x00010532:	LDR	R6, [R3, #0XC]	;(R3=0xCBC79180 )
(             libc.so[0xCBC2B000])[B4 42       ]0x00010534:	CMP	R4, R6	;(R4=0x00000018 R6=0x00000D68 )
(             libc.so[0xCBC2B000])[01 D2       ]0x00010536:	BHS	#0XCBC3B53C
(             libc.so[0xCBC2B000])[00 F0 7B BC ]0x00010538:	B.W	#0XCBC3BE32
(             libc.so[0xCBC2B000])[30 1B       ]0x00010E32:	SUBS	R0, R6, R4	;(R6=0x00000D68 R4=0x00000018 )
(             libc.so[0xCBC2B000])[9E 69       ]0x00010E34:	LDR	R6, [R3, #0X18]	;(R3=0xCBC79180 )
(             libc.so[0xCBC2B000])[D8 60       ]0x00010E36:	STR	R0, [R3, #0XC]	;(R0=0x00000D50 R3=0xCBC79180 )
(             libc.so[0xCBC2B000])[32 19       ]0x00010E38:	ADDS	R2, R6, R4	;(R6=0x30000270 R4=0x00000018 )
(             libc.so[0xCBC2B000])[9A 61       ]0x00010E3A:	STR	R2, [R3, #0X18]	;(R2=0x30000288 R3=0xCBC79180 )
(             libc.so[0xCBC2B000])[40 F0 01 03 ]0x00010E3C:	ORR	R3, R0, #1	;(R0=0x00000D50 )
(             libc.so[0xCBC2B000])[53 60       ]0x00010E40:	STR	R3, [R2, #4]	;(R3=0x00000D51 R2=0x30000288 )
(             libc.so[0xCBC2B000])[44 F0 03 04 ]0x00010E42:	ORR	R4, R4, #3	;(R4=0x00000018 )
(             libc.so[0xCBC2B000])[74 60       ]0x00010E46:	STR	R4, [R6, #4]	;(R4=0x0000001B R6=0x30000270 )
(             libc.so[0xCBC2B000])[08 36       ]0x00010E48:	ADDS	R6, #8	;(R6=0x30000270 )
(             libc.so[0xCBC2B000])[04 E0       ]0x00010E4A:	B	#0XCBC3BE56
(             libc.so[0xCBC2B000])[35 49       ]0x00010E56:	LDR	R1, [PC, #0XD4]	;(PC=0xCBC3BE56 )
(             libc.so[0xCBC2B000])[79 44       ]0x00010E58:	ADD	R1, PC	;(R1=0x0003D324 PC=0xCBC3BE58 )
(             libc.so[0xCBC2B000])[D1 F8 BC 21 ]0x00010E5A:	LDR.W	R2, [R1, #0X1BC]	;(R1=0xCBC79180 )
(             libc.so[0xCBC2B000])[93 07       ]0x00010E5E:	LSLS	R3, R2, #0X1E	;(R2=0x00000007 )
(             libc.so[0xCBC2B000])[3F D5       ]0x00010E60:	BPL	#0XCBC3BEE2
(             libc.so[0xCBC2B000])[01 F5 E0 70 ]0x00010E62:	ADD.W	R0, R1, #0X1C0	;(R1=0xCBC79180 )
(             libc.so[0xCBC2B000])[FD F7 3C ED ]0x00010E66:	BLX	#0XCBC398E0	;(PC=0xCBC3BE66 )
(             libc.so[0xCBC2B000])[BE FF FF EA ]0x0000E8E0:	B	#0XCBC397E0 ; pthread_mutex_unlock	;(PC=0xCBC398E0 )
(             libc.so[0xCBC2B000])[70 40 2D E9 ]0x0000E7E0:	PUSH	{R4, R5, R6, LR}	;(SP=0x100FFFB0 R4=0x0000001B R5=0x00000000 R6=0x30000278 LR=0xCBC3BE6B )
(             libc.so[0xCBC2B000])[00 40 50 E2 ]0x0000E7E4:	SUBS	R4, R0, #0	;(R0=0xCBC79340 )
(             libc.so[0xCBC2B000])[08 D0 4D E2 ]0x0000E7E8:	SUB	SP, SP, #8	;(SP=0x100FFFA0 )
(             libc.so[0xCBC2B000])[2B 00 00 0A ]0x0000E7EC:	BEQ	#0XCBC398A0	;(PC=0xCBC397EC )
(             libc.so[0xCBC2B000])[00 50 94 E5 ]0x0000E7F0:	LDR	R5, [R4]	;(R4=0xCBC79340 )
(             libc.so[0xCBC2B000])[03 69 15 E2 ]0x0000E7F4:	ANDS	R6, R5, #0XC000	;(R5=0x00000001 )
(             libc.so[0xCBC2B000])[02 1A 05 E2 ]0x0000E7F8:	AND	R1, R5, #0X2000	;(R5=0x00000001 )
(             libc.so[0xCBC2B000])[11 00 00 1A ]0x0000E7FC:	BNE	#0XCBC39848	;(PC=0xCBC397FC )
(             libc.so[0xCBC2B000])[5F F0 7F F5 ]0x0000E800:	DMB	SY
(             libc.so[0xCBC2B000])[9F 2F 94 E1 ]0x0000E804:	LDREX	R2, [R4]	;(R4=0xCBC79340 )
(             libc.so[0xCBC2B000])[01 30 42 E2 ]0x0000E808:	SUB	R3, R2, #1	;(R2=0x00000001 )
(             libc.so[0xCBC2B000])[93 5F 84 E1 ]0x0000E80C:	STREX	R5, R3, [R4]	;(R3=0x00000000 R4=0xCBC79340 )
(             libc.so[0xCBC2B000])[00 00 55 E3 ]0x0000E810:	CMP	R5, #0	;(R5=0x00000000 )
(             libc.so[0xCBC2B000])[FA FF FF 1A ]0x0000E814:	BNE	#0XCBC39804	;(PC=0xCBC39814 )
(             libc.so[0xCBC2B000])[01 C0 81 E3 ]0x0000E818:	ORR	IP, R1, #1	;(R1=0x00000000 )
(             libc.so[0xCBC2B000])[0C 00 52 E1 ]0x0000E81C:	CMP	R2, IP	;(R2=0x00000001 IP=0x00000001 )
(             libc.so[0xCBC2B000])[06 00 00 0A ]0x0000E820:	BEQ	#0XCBC39840	;(PC=0xCBC39820 )
(             libc.so[0xCBC2B000])[00 00 A0 E3 ]0x0000E840:	MOV	R0, #0
(             libc.so[0xCBC2B000])[FB FF FF EA ]0x0000E844:	B	#0XCBC39838	;(PC=0xCBC39844 )
(             libc.so[0xCBC2B000])[08 D0 8D E2 ]0x0000E838:	ADD	SP, SP, #8	;(SP=0x100FFF98 )
(             libc.so[0xCBC2B000])[70 80 BD E8 ]0x0000E83C:	POP	{R4, R5, R6, PC}	;(SP=0x100FFFA0 )
(             libc.so[0xCBC2B000])[3A E0       ]0x00010E6A:	B	#0XCBC3BEE2
(             libc.so[0xCBC2B000])[30 46       ]0x00010EE2:	MOV	R0, R6	;(R6=0x30000278 )
(             libc.so[0xCBC2B000])[BD E8 FE 8F ]0x00010EE4:	POP.W	{R1, R2, R3, R4, R5, R6, R7, R8, SB, SL, FP, PC}	;(SP=0x100FFFB0 )
(             libc.so[0xCBC2B000])[08 BD       ]0x0000DBF8:	POP	{R3, PC}	;(SP=0x100FFFE0 )
(        libstdc++.so[0xCBC8F000])[08 B9       ]0x0000091E:	CBNZ	R0, #0XCBC8F924	;(R0=0x30000278 )
(        libstdc++.so[0xCBC8F000])[08 BD       ]0x00000924:	POP	{R3, PC}	;(SP=0x100FFFE8 )
(  libmakeurl2.4.9.so[0xCBBCB000])[05 46       ]0x000017E4:	MOV	R5, R0	;(R0=0x30000278 )
(  libmakeurl2.4.9.so[0xCBBCB000])[1B F0 37 F9 ]0x000017E6:	BL	#0XCBBE7A58	;(PC=0xCBBCC7E6 )
(  libmakeurl2.4.9.so[0xCBBCB000])[07 49       ]0x0001CA58:	LDR	R1, [PC, #0X1C]	;(PC=0xCBBE7A58 )
(  libmakeurl2.4.9.so[0xCBBCB000])[02 46       ]0x0001CA5A:	MOV	R2, R0	;(R0=0x30000278 )
(  libmakeurl2.4.9.so[0xCBBCB000])[79 44       ]0x0001CA5C:	ADD	R1, PC	;(R1=0x000282D8 PC=0xCBBE7A5C )
(  libmakeurl2.4.9.so[0xCBBCB000])[08 31       ]0x0001CA5E:	ADDS	R1, #8	;(R1=0xCBC0FD38 )
(  libmakeurl2.4.9.so[0xCBBCB000])[01 60       ]0x0001CA60:	STR	R1, [R0]	;(R1=0xCBC0FD40 R0=0x30000278 )
(  libmakeurl2.4.9.so[0xCBBCB000])[00 21       ]0x0001CA62:	MOVS	R1, #0
(  libmakeurl2.4.9.so[0xCBBCB000])[42 F8 08 1F ]0x0001CA64:	STR	R1, [R2, #8]!	;(R1=0x00000000 R2=0x30000278 )
(  libmakeurl2.4.9.so[0xCBBCB000])[C1 60       ]0x0001CA68:	STR	R1, [R0, #0XC]	;(R1=0x00000000 R0=0x30000278 )
(  libmakeurl2.4.9.so[0xCBBCB000])[45 F2 78 61 ]0x0001CA6A:	MOVW	R1, #0X5678
(  libmakeurl2.4.9.so[0xCBBCB000])[C1 F2 34 21 ]0x0001CA6E:	MOVT	R1, #0X1234	;(R1=0x00005678 )
(  libmakeurl2.4.9.so[0xCBBCB000])[42 60       ]0x0001CA72:	STR	R2, [R0, #4]	;(R2=0x30000280 R0=0x30000278 )
(  libmakeurl2.4.9.so[0xCBBCB000])[01 61       ]0x0001CA74:	STR	R1, [R0, #0X10]	;(R1=0x12345678 R0=0x30000278 )
(  libmakeurl2.4.9.so[0xCBBCB000])[70 47       ]0x0001CA76:	BX	LR	;(LR=0xCBBCC7EB )
(  libmakeurl2.4.9.so[0xCBBCB000])[A3 48       ]0x000017EA:	LDR	R0, [PC, #0X28C]	;(PC=0xCBBCC7EA )
(  libmakeurl2.4.9.so[0xCBBCB000])[78 44       ]0x000017EC:	ADD	R0, PC	;(R0=0x00043A20 PC=0xCBBCC7EC )
(  libmakeurl2.4.9.so[0xCBBCB000])[05 60       ]0x000017EE:	STR	R5, [R0]	;(R5=0x30000278 R0=0xCBC10210 )
(  libmakeurl2.4.9.so[0xCBBCB000])[14 20       ]0x000017F0:	MOVS	R0, #0X14
(  libmakeurl2.4.9.so[0xCBBCB000])[FF F7 44 EE ]0x000017F2:	BLX	#0XCBBCC47C	;(PC=0xCBBCC7F2 )
(  libmakeurl2.4.9.so[0xCBBCB000])[00 C6 8F E2 ]0x0000147C:	ADD	IP, PC, #0, #12	;(PC=0xCBBCC47C )
(  libmakeurl2.4.9.so[0xCBBCB000])[43 CA 8C E2 ]0x00001480:	ADD	IP, IP, #0X43000	;(IP=0xCBBCC484 )
(  libmakeurl2.4.9.so[0xCBBCB000])[00 FB BC E5 ]0x00001484:	LDR	PC, [IP, #0XB00]!	;(IP=0xCBC0F484 )
(        libstdc++.so[0xCBC8F000])[08 B5       ]0x00000918:	PUSH	{R3, LR} ; _Znaj	;(SP=0x100FFFF0 R3=0x00000000 LR=0xCBBCC7F7 )
(        libstdc++.so[0xCBC8F000])[FF F7 6E EF ]0x0000091A:	BLX	#0XCBC8F7F8	;(PC=0xCBC8F91A )
(        libstdc++.so[0xCBC8F000])[00 C6 8F E2 ]0x000007F8:	ADD	IP, PC, #0, #12	;(PC=0xCBC8F7F8 )
(        libstdc++.so[0xCBC8F000])[01 CA 8C E2 ]0x000007FC:	ADD	IP, IP, #0X1000	;(IP=0xCBC8F800 )
(        libstdc++.so[0xCBC8F000])[F0 F7 BC E5 ]0x00000800:	LDR	PC, [IP, #0X7F0]!	;(IP=0xCBC90800 )
(             libc.so[0xCBC2B000])[08 B5       ]0x0000DBEC:	PUSH	{R3, LR} ; malloc	;(SP=0x100FFFE8 R3=0x00000000 LR=0xCBC8F91F )
(             libc.so[0xCBC2B000])[03 4B       ]0x0000DBEE:	LDR	R3, [PC, #0XC]	;(PC=0xCBC38BEE )
(             libc.so[0xCBC2B000])[7B 44       ]0x0000DBF0:	ADD	R3, PC	;(R3=0x0003C40C PC=0xCBC38BF0 )
(             libc.so[0xCBC2B000])[19 68       ]0x0000DBF2:	LDR	R1, [R3]	;(R3=0xCBC75000 )
(             libc.so[0xCBC2B000])[0A 68       ]0x0000DBF4:	LDR	R2, [R1]	;(R1=0xCBC74E00 )
(             libc.so[0xCBC2B000])[90 47       ]0x0000DBF6:	BLX	R2	;(PC=0xCBC38BF6 R2=0xCBC3ADCD )
(             libc.so[0xCBC2B000])[DF F8 A4 3B ]0x0000FDCC:	LDR.W	R3, [PC, #0XBA4] ; dlmalloc	;(PC=0xCBC3ADCC )
(             libc.so[0xCBC2B000])[2D E9 F7 4F ]0x0000FDD0:	PUSH.W	{R0, R1, R2, R4, R5, R6, R7, R8, SB, SL, FP, LR}	;(SP=0x100FFFE0 R0=0x00000014 R1=0xCBC74E00 R2=0xCBC3ADCD R4=0x00000000 R5=0x30000278 R6=0x00000000 R7=0x100FFFF8 R8=0x00000000 SB=0x00000000 SL=0x00000000 FP=0x00000000 LR=0xCBC38BF9 )
(             libc.so[0xCBC2B000])[7B 44       ]0x0000FDD4:	ADD	R3, PC	;(R3=0x0003E588 PC=0xCBC3ADD4 )
(             libc.so[0xCBC2B000])[04 46       ]0x0000FDD6:	MOV	R4, R0	;(R0=0x00000014 )
(             libc.so[0xCBC2B000])[18 68       ]0x0000FDD8:	LDR	R0, [R3]	;(R3=0xCBC79360 )
(             libc.so[0xCBC2B000])[08 B9       ]0x0000FDDA:	CBNZ	R0, #0XCBC3ADE0	;(R0=0x0B13C7D8 )
(             libc.so[0xCBC2B000])[DF F8 94 1B ]0x0000FDE0:	LDR.W	R1, [PC, #0XB94]	;(PC=0xCBC3ADE0 )
(             libc.so[0xCBC2B000])[79 44       ]0x0000FDE4:	ADD	R1, PC	;(R1=0x0003E398 PC=0xCBC3ADE4 )
(             libc.so[0xCBC2B000])[D1 F8 BC 21 ]0x0000FDE6:	LDR.W	R2, [R1, #0X1BC]	;(R1=0xCBC79180 )
(             libc.so[0xCBC2B000])[93 07       ]0x0000FDEA:	LSLS	R3, R2, #0X1E	;(R2=0x00000007 )
(             libc.so[0xCBC2B000])[02 D4       ]0x0000FDEC:	BMI	#0XCBC3ADF4
(             libc.so[0xCBC2B000])[01 F5 E0 70 ]0x0000FDF4:	ADD.W	R0, R1, #0X1C0	;(R1=0xCBC79180 )
(             libc.so[0xCBC2B000])[00 26       ]0x0000FDF8:	MOVS	R6, #0
(             libc.so[0xCBC2B000])[FE F7 F0 EC ]0x0000FDFA:	BLX	#0XCBC397DC	;(PC=0xCBC3ADFA )
(             libc.so[0xCBC2B000])[90 FF FF EA ]0x0000E7DC:	B	#0XCBC39624 ; pthread_mutex_lock	;(PC=0xCBC397DC )
(             libc.so[0xCBC2B000])[F0 41 2D E9 ]0x0000E624:	PUSH	{R4, R5, R6, R7, R8, LR}	;(SP=0x100FFFB0 R4=0x00000014 R5=0x30000278 R6=0x00000000 R7=0x100FFFF8 R8=0x00000000 LR=0xCBC3ADFF )
(             libc.so[0xCBC2B000])[00 40 50 E2 ]0x0000E628:	SUBS	R4, R0, #0	;(R0=0xCBC79340 )
(             libc.so[0xCBC2B000])[1B 00 00 0A ]0x0000E62C:	BEQ	#0XCBC396A0	;(PC=0xCBC3962C )
(             libc.so[0xCBC2B000])[00 50 94 E5 ]0x0000E630:	LDR	R5, [R4]	;(R4=0xCBC79340 )
(             libc.so[0xCBC2B000])[03 79 15 E2 ]0x0000E634:	ANDS	R7, R5, #0XC000	;(R5=0x00000000 )
(             libc.so[0xCBC2B000])[02 6A 05 E2 ]0x0000E638:	AND	R6, R5, #0X2000	;(R5=0x00000000 )
(             libc.so[0xCBC2B000])[19 00 00 1A ]0x0000E63C:	BNE	#0XCBC396A8	;(PC=0xCBC3963C )
(             libc.so[0xCBC2B000])[01 00 86 E3 ]0x0000E640:	ORR	R0, R6, #1	;(R6=0x00000000 )
(             libc.so[0xCBC2B000])[9F 3F 94 E1 ]0x0000E644:	LDREX	R3, [R4]	;(R4=0xCBC79340 )
(             libc.so[0xCBC2B000])[00 10 A0 E3 ]0x0000E648:	MOV	R1, #0
(             libc.so[0xCBC2B000])[06 00 33 E1 ]0x0000E64C:	TEQ	R3, R6	;(R3=0x00000000 R6=0x00000000 )
(             libc.so[0xCBC2B000])[90 1F 84 01 ]0x0000E650:	STREXEQ	R1, R0, [R4]	;(R0=0x00000001 R4=0xCBC79340 )
(             libc.so[0xCBC2B000])[00 00 51 E3 ]0x0000E654:	CMP	R1, #0	;(R1=0x00000000 )
(             libc.so[0xCBC2B000])[F9 FF FF 1A ]0x0000E658:	BNE	#0XCBC39644	;(PC=0xCBC39658 )
(             libc.so[0xCBC2B000])[03 00 56 E1 ]0x0000E65C:	CMP	R6, R3	;(R6=0x00000000 R3=0x00000000 )
(             libc.so[0xCBC2B000])[02 50 86 13 ]0x0000E660:	ORRNE	R5, R6, #2	;(R6=0x00000000 )
(             libc.so[0xCBC2B000])[01 00 00 1A ]0x0000E664:	BNE	#0XCBC39670	;(PC=0xCBC39664 )
(             libc.so[0xCBC2B000])[09 00 00 EA ]0x0000E668:	B	#0XCBC39694	;(PC=0xCBC39668 )
(             libc.so[0xCBC2B000])[5F F0 7F F5 ]0x0000E694:	DMB	SY
(             libc.so[0xCBC2B000])[00 00 A0 E3 ]0x0000E698:	MOV	R0, #0
(             libc.so[0xCBC2B000])[F0 81 BD E8 ]0x0000E69C:	POP	{R4, R5, R6, R7, R8, PC}	;(SP=0x100FFF98 )
(             libc.so[0xCBC2B000])[00 28       ]0x0000FDFE:	CMP	R0, #0	;(R0=0x00000000 )
(             libc.so[0xCBC2B000])[41 F0 6F 80 ]0x0000FE00:	BNE.W	#0XCBC3BEE2
(             libc.so[0xCBC2B000])[F3 E7       ]0x0000FE04:	B	#0XCBC3ADEE
(             libc.so[0xCBC2B000])[F4 2C       ]0x0000FDEE:	CMP	R4, #0XF4	;(R4=0x00000014 )
(             libc.so[0xCBC2B000])[09 D9       ]0x0000FDF0:	BLS	#0XCBC3AE06
(             libc.so[0xCBC2B000])[0A 2C       ]0x0000FE06:	CMP	R4, #0XA	;(R4=0x00000014 )
(             libc.so[0xCBC2B000])[03 D9       ]0x0000FE08:	BLS	#0XCBC3AE12
(             libc.so[0xCBC2B000])[0B 34       ]0x0000FE0A:	ADDS	R4, #0XB	;(R4=0x00000014 )
(             libc.so[0xCBC2B000])[24 F0 07 04 ]0x0000FE0C:	BIC	R4, R4, #7	;(R4=0x0000001F )
(             libc.so[0xCBC2B000])[00 E0       ]0x0000FE10:	B	#0XCBC3AE14
(             libc.so[0xCBC2B000])[DF F8 68 3B ]0x0000FE14:	LDR.W	R3, [PC, #0XB68]	;(PC=0xCBC3AE14 )
(             libc.so[0xCBC2B000])[E2 08       ]0x0000FE18:	LSRS	R2, R4, #3	;(R4=0x00000018 )
(             libc.so[0xCBC2B000])[7B 44       ]0x0000FE1A:	ADD	R3, PC	;(R3=0x0003E362 PC=0xCBC3AE1A )
(             libc.so[0xCBC2B000])[18 68       ]0x0000FE1C:	LDR	R0, [R3]	;(R3=0xCBC79180 )
(             libc.so[0xCBC2B000])[20 FA 02 F1 ]0x0000FE1E:	LSR.W	R1, R0, R2	;(R0=0x00000000 R2=0x00000003 )
(             libc.so[0xCBC2B000])[01 90       ]0x0000FE22:	STR	R0, [SP, #4]	;(R0=0x00000000 SP=0x100FFFB0 )
(             libc.so[0xCBC2B000])[8E 07       ]0x0000FE24:	LSLS	R6, R1, #0X1E	;(R1=0x00000000 )
(             libc.so[0xCBC2B000])[21 D0       ]0x0000FE26:	BEQ	#0XCBC3AE6C
(             libc.so[0xCBC2B000])[9D 68       ]0x0000FE6C:	LDR	R5, [R3, #8]	;(R3=0xCBC79180 )
(             libc.so[0xCBC2B000])[AC 42       ]0x0000FE6E:	CMP	R4, R5	;(R4=0x00000018 R5=0x00000000 )
(             libc.so[0xCBC2B000])[40 F2 3F 83 ]0x0000FE70:	BLS.W	#0XCBC3B4F2
(             libc.so[0xCBC2B000])[00 29       ]0x0000FE74:	CMP	R1, #0	;(R1=0x00000000 )
(             libc.so[0xCBC2B000])[74 D0       ]0x0000FE76:	BEQ	#0XCBC3AF62
(             libc.so[0xCBC2B000])[D3 F8 04 80 ]0x0000FF62:	LDR.W	R8, [R3, #4]	;(R3=0xCBC79180 )
(             libc.so[0xCBC2B000])[B8 F1 00 0F ]0x0000FF66:	CMP.W	R8, #0	;(R8=0x00000000 )
(             libc.so[0xCBC2B000])[00 F0 C2 82 ]0x0000FF6A:	BEQ.W	#0XCBC3B4F2
(             libc.so[0xCBC2B000])[DF F8 E0 34 ]0x000104F2:	LDR.W	R3, [PC, #0X4E0]	;(PC=0xCBC3B4F2 )
(             libc.so[0xCBC2B000])[7B 44       ]0x000104F6:	ADD	R3, PC	;(R3=0x0003DC86 PC=0xCBC3B4F6 )
(             libc.so[0xCBC2B000])[98 68       ]0x000104F8:	LDR	R0, [R3, #8]	;(R3=0xCBC79180 )
(             libc.so[0xCBC2B000])[84 42       ]0x000104FA:	CMP	R4, R0	;(R4=0x00000018 R0=0x00000000 )
(             libc.so[0xCBC2B000])[19 D8       ]0x000104FC:	BHI	#0XCBC3B532
(             libc.so[0xCBC2B000])[DE 68       ]0x00010532:	LDR	R6, [R3, #0XC]	;(R3=0xCBC79180 )
(             libc.so[0xCBC2B000])[B4 42       ]0x00010534:	CMP	R4, R6	;(R4=0x00000018 R6=0x00000D50 )
(             libc.so[0xCBC2B000])[01 D2       ]0x00010536:	BHS	#0XCBC3B53C
(             libc.so[0xCBC2B000])[00 F0 7B BC ]0x00010538:	B.W	#0XCBC3BE32
(             libc.so[0xCBC2B000])[30 1B       ]0x00010E32:	SUBS	R0, R6, R4	;(R6=0x00000D50 R4=0x00000018 )
(             libc.so[0xCBC2B000])[9E 69       ]0x00010E34:	LDR	R6, [R3, #0X18]	;(R3=0xCBC79180 )
(             libc.so[0xCBC2B000])[D8 60       ]0x00010E36:	STR	R0, [R3, #0XC]	;(R0=0x00000D38 R3=0xCBC79180 )
(             libc.so[0xCBC2B000])[32 19       ]0x00010E38:	ADDS	R2, R6, R4	;(R6=0x30000288 R4=0x00000018 )
(             libc.so[0xCBC2B000])[9A 61       ]0x00010E3A:	STR	R2, [R3, #0X18]	;(R2=0x300002A0 R3=0xCBC79180 )
(             libc.so[0xCBC2B000])[40 F0 01 03 ]0x00010E3C:	ORR	R3, R0, #1	;(R0=0x00000D38 )
(             libc.so[0xCBC2B000])[53 60       ]0x00010E40:	STR	R3, [R2, #4]	;(R3=0x00000D39 R2=0x300002A0 )
(             libc.so[0xCBC2B000])[44 F0 03 04 ]0x00010E42:	ORR	R4, R4, #3	;(R4=0x00000018 )
(             libc.so[0xCBC2B000])[74 60       ]0x00010E46:	STR	R4, [R6, #4]	;(R4=0x0000001B R6=0x30000288 )
(             libc.so[0xCBC2B000])[08 36       ]0x00010E48:	ADDS	R6, #8	;(R6=0x30000288 )
(             libc.so[0xCBC2B000])[04 E0       ]0x00010E4A:	B	#0XCBC3BE56
(             libc.so[0xCBC2B000])[35 49       ]0x00010E56:	LDR	R1, [PC, #0XD4]	;(PC=0xCBC3BE56 )
(             libc.so[0xCBC2B000])[79 44       ]0x00010E58:	ADD	R1, PC	;(R1=0x0003D324 PC=0xCBC3BE58 )
(             libc.so[0xCBC2B000])[D1 F8 BC 21 ]0x00010E5A:	LDR.W	R2, [R1, #0X1BC]	;(R1=0xCBC79180 )
(             libc.so[0xCBC2B000])[93 07       ]0x00010E5E:	LSLS	R3, R2, #0X1E	;(R2=0x00000007 )
(             libc.so[0xCBC2B000])[3F D5       ]0x00010E60:	BPL	#0XCBC3BEE2
(             libc.so[0xCBC2B000])[01 F5 E0 70 ]0x00010E62:	ADD.W	R0, R1, #0X1C0	;(R1=0xCBC79180 )
(             libc.so[0xCBC2B000])[FD F7 3C ED ]0x00010E66:	BLX	#0XCBC398E0	;(PC=0xCBC3BE66 )
(             libc.so[0xCBC2B000])[BE FF FF EA ]0x0000E8E0:	B	#0XCBC397E0 ; pthread_mutex_unlock	;(PC=0xCBC398E0 )
(             libc.so[0xCBC2B000])[70 40 2D E9 ]0x0000E7E0:	PUSH	{R4, R5, R6, LR}	;(SP=0x100FFFB0 R4=0x0000001B R5=0x00000000 R6=0x30000290 LR=0xCBC3BE6B )
(             libc.so[0xCBC2B000])[00 40 50 E2 ]0x0000E7E4:	SUBS	R4, R0, #0	;(R0=0xCBC79340 )
(             libc.so[0xCBC2B000])[08 D0 4D E2 ]0x0000E7E8:	SUB	SP, SP, #8	;(SP=0x100FFFA0 )
(             libc.so[0xCBC2B000])[2B 00 00 0A ]0x0000E7EC:	BEQ	#0XCBC398A0	;(PC=0xCBC397EC )
(             libc.so[0xCBC2B000])[00 50 94 E5 ]0x0000E7F0:	LDR	R5, [R4]	;(R4=0xCBC79340 )
(             libc.so[0xCBC2B000])[03 69 15 E2 ]0x0000E7F4:	ANDS	R6, R5, #0XC000	;(R5=0x00000001 )
(             libc.so[0xCBC2B000])[02 1A 05 E2 ]0x0000E7F8:	AND	R1, R5, #0X2000	;(R5=0x00000001 )
(             libc.so[0xCBC2B000])[11 00 00 1A ]0x0000E7FC:	BNE	#0XCBC39848	;(PC=0xCBC397FC )
(             libc.so[0xCBC2B000])[5F F0 7F F5 ]0x0000E800:	DMB	SY
(             libc.so[0xCBC2B000])[9F 2F 94 E1 ]0x0000E804:	LDREX	R2, [R4]	;(R4=0xCBC79340 )
(             libc.so[0xCBC2B000])[01 30 42 E2 ]0x0000E808:	SUB	R3, R2, #1	;(R2=0x00000001 )
(             libc.so[0xCBC2B000])[93 5F 84 E1 ]0x0000E80C:	STREX	R5, R3, [R4]	;(R3=0x00000000 R4=0xCBC79340 )
(             libc.so[0xCBC2B000])[00 00 55 E3 ]0x0000E810:	CMP	R5, #0	;(R5=0x00000000 )
(             libc.so[0xCBC2B000])[FA FF FF 1A ]0x0000E814:	BNE	#0XCBC39804	;(PC=0xCBC39814 )
(             libc.so[0xCBC2B000])[01 C0 81 E3 ]0x0000E818:	ORR	IP, R1, #1	;(R1=0x00000000 )
(             libc.so[0xCBC2B000])[0C 00 52 E1 ]0x0000E81C:	CMP	R2, IP	;(R2=0x00000001 IP=0x00000001 )
(             libc.so[0xCBC2B000])[06 00 00 0A ]0x0000E820:	BEQ	#0XCBC39840	;(PC=0xCBC39820 )
(             libc.so[0xCBC2B000])[00 00 A0 E3 ]0x0000E840:	MOV	R0, #0
(             libc.so[0xCBC2B000])[FB FF FF EA ]0x0000E844:	B	#0XCBC39838	;(PC=0xCBC39844 )
(             libc.so[0xCBC2B000])[08 D0 8D E2 ]0x0000E838:	ADD	SP, SP, #8	;(SP=0x100FFF98 )
(             libc.so[0xCBC2B000])[70 80 BD E8 ]0x0000E83C:	POP	{R4, R5, R6, PC}	;(SP=0x100FFFA0 )
(             libc.so[0xCBC2B000])[3A E0       ]0x00010E6A:	B	#0XCBC3BEE2
(             libc.so[0xCBC2B000])[30 46       ]0x00010EE2:	MOV	R0, R6	;(R6=0x30000290 )
(             libc.so[0xCBC2B000])[BD E8 FE 8F ]0x00010EE4:	POP.W	{R1, R2, R3, R4, R5, R6, R7, R8, SB, SL, FP, PC}	;(SP=0x100FFFB0 )
(             libc.so[0xCBC2B000])[08 BD       ]0x0000DBF8:	POP	{R3, PC}	;(SP=0x100FFFE0 )
(        libstdc++.so[0xCBC8F000])[08 B9       ]0x0000091E:	CBNZ	R0, #0XCBC8F924	;(R0=0x30000290 )
(        libstdc++.so[0xCBC8F000])[08 BD       ]0x00000924:	POP	{R3, PC}	;(SP=0x100FFFE8 )
(  libmakeurl2.4.9.so[0xCBBCB000])[05 46       ]0x000017F6:	MOV	R5, R0	;(R0=0x30000290 )
(  libmakeurl2.4.9.so[0xCBBCB000])[1B F0 2E F9 ]0x000017F8:	BL	#0XCBBE7A58	;(PC=0xCBBCC7F8 )
(  libmakeurl2.4.9.so[0xCBBCB000])[07 49       ]0x0001CA58:	LDR	R1, [PC, #0X1C]	;(PC=0xCBBE7A58 )
(  libmakeurl2.4.9.so[0xCBBCB000])[02 46       ]0x0001CA5A:	MOV	R2, R0	;(R0=0x30000290 )
(  libmakeurl2.4.9.so[0xCBBCB000])[79 44       ]0x0001CA5C:	ADD	R1, PC	;(R1=0x000282D8 PC=0xCBBE7A5C )
(  libmakeurl2.4.9.so[0xCBBCB000])[08 31       ]0x0001CA5E:	ADDS	R1, #8	;(R1=0xCBC0FD38 )
(  libmakeurl2.4.9.so[0xCBBCB000])[01 60       ]0x0001CA60:	STR	R1, [R0]	;(R1=0xCBC0FD40 R0=0x30000290 )
(  libmakeurl2.4.9.so[0xCBBCB000])[00 21       ]0x0001CA62:	MOVS	R1, #0
(  libmakeurl2.4.9.so[0xCBBCB000])[42 F8 08 1F ]0x0001CA64:	STR	R1, [R2, #8]!	;(R1=0x00000000 R2=0x30000290 )
(  libmakeurl2.4.9.so[0xCBBCB000])[C1 60       ]0x0001CA68:	STR	R1, [R0, #0XC]	;(R1=0x00000000 R0=0x30000290 )
(  libmakeurl2.4.9.so[0xCBBCB000])[45 F2 78 61 ]0x0001CA6A:	MOVW	R1, #0X5678
(  libmakeurl2.4.9.so[0xCBBCB000])[C1 F2 34 21 ]0x0001CA6E:	MOVT	R1, #0X1234	;(R1=0x00005678 )
(  libmakeurl2.4.9.so[0xCBBCB000])[42 60       ]0x0001CA72:	STR	R2, [R0, #4]	;(R2=0x30000298 R0=0x30000290 )
(  libmakeurl2.4.9.so[0xCBBCB000])[01 61       ]0x0001CA74:	STR	R1, [R0, #0X10]	;(R1=0x12345678 R0=0x30000290 )
(  libmakeurl2.4.9.so[0xCBBCB000])[70 47       ]0x0001CA76:	BX	LR	;(LR=0xCBBCC7FD )
(  libmakeurl2.4.9.so[0xCBBCB000])[9F 48       ]0x000017FC:	LDR	R0, [PC, #0X27C]	;(PC=0xCBBCC7FC )
(  libmakeurl2.4.9.so[0xCBBCB000])[78 44       ]0x000017FE:	ADD	R0, PC	;(R0=0x00043A12 PC=0xCBBCC7FE )
(  libmakeurl2.4.9.so[0xCBBCB000])[05 60       ]0x00001800:	STR	R5, [R0]	;(R5=0x30000290 R0=0xCBC10214 )
(  libmakeurl2.4.9.so[0xCBBCB000])[14 20       ]0x00001802:	MOVS	R0, #0X14
(  libmakeurl2.4.9.so[0xCBBCB000])[FF F7 3A EE ]0x00001804:	BLX	#0XCBBCC47C	;(PC=0xCBBCC804 )
(  libmakeurl2.4.9.so[0xCBBCB000])[00 C6 8F E2 ]0x0000147C:	ADD	IP, PC, #0, #12	;(PC=0xCBBCC47C )
(  libmakeurl2.4.9.so[0xCBBCB000])[43 CA 8C E2 ]0x00001480:	ADD	IP, IP, #0X43000	;(IP=0xCBBCC484 )
(  libmakeurl2.4.9.so[0xCBBCB000])[00 FB BC E5 ]0x00001484:	LDR	PC, [IP, #0XB00]!	;(IP=0xCBC0F484 )
(        libstdc++.so[0xCBC8F000])[08 B5       ]0x00000918:	PUSH	{R3, LR} ; _Znaj	;(SP=0x100FFFF0 R3=0x00000000 LR=0xCBBCC809 )
(        libstdc++.so[0xCBC8F000])[FF F7 6E EF ]0x0000091A:	BLX	#0XCBC8F7F8	;(PC=0xCBC8F91A )
(        libstdc++.so[0xCBC8F000])[00 C6 8F E2 ]0x000007F8:	ADD	IP, PC, #0, #12	;(PC=0xCBC8F7F8 )
(        libstdc++.so[0xCBC8F000])[01 CA 8C E2 ]0x000007FC:	ADD	IP, IP, #0X1000	;(IP=0xCBC8F800 )
(        libstdc++.so[0xCBC8F000])[F0 F7 BC E5 ]0x00000800:	LDR	PC, [IP, #0X7F0]!	;(IP=0xCBC90800 )
(             libc.so[0xCBC2B000])[08 B5       ]0x0000DBEC:	PUSH	{R3, LR} ; malloc	;(SP=0x100FFFE8 R3=0x00000000 LR=0xCBC8F91F )
(             libc.so[0xCBC2B000])[03 4B       ]0x0000DBEE:	LDR	R3, [PC, #0XC]	;(PC=0xCBC38BEE )
(             libc.so[0xCBC2B000])[7B 44       ]0x0000DBF0:	ADD	R3, PC	;(R3=0x0003C40C PC=0xCBC38BF0 )
(             libc.so[0xCBC2B000])[19 68       ]0x0000DBF2:	LDR	R1, [R3]	;(R3=0xCBC75000 )
(             libc.so[0xCBC2B000])[0A 68       ]0x0000DBF4:	LDR	R2, [R1]	;(R1=0xCBC74E00 )
(             libc.so[0xCBC2B000])[90 47       ]0x0000DBF6:	BLX	R2	;(PC=0xCBC38BF6 R2=0xCBC3ADCD )
(             libc.so[0xCBC2B000])[DF F8 A4 3B ]0x0000FDCC:	LDR.W	R3, [PC, #0XBA4] ; dlmalloc	;(PC=0xCBC3ADCC )
(             libc.so[0xCBC2B000])[2D E9 F7 4F ]0x0000FDD0:	PUSH.W	{R0, R1, R2, R4, R5, R6, R7, R8, SB, SL, FP, LR}	;(SP=0x100FFFE0 R0=0x00000014 R1=0xCBC74E00 R2=0xCBC3ADCD R4=0x00000000 R5=0x30000290 R6=0x00000000 R7=0x100FFFF8 R8=0x00000000 SB=0x00000000 SL=0x00000000 FP=0x00000000 LR=0xCBC38BF9 )
(             libc.so[0xCBC2B000])[7B 44       ]0x0000FDD4:	ADD	R3, PC	;(R3=0x0003E588 PC=0xCBC3ADD4 )
(             libc.so[0xCBC2B000])[04 46       ]0x0000FDD6:	MOV	R4, R0	;(R0=0x00000014 )
(             libc.so[0xCBC2B000])[18 68       ]0x0000FDD8:	LDR	R0, [R3]	;(R3=0xCBC79360 )
(             libc.so[0xCBC2B000])[08 B9       ]0x0000FDDA:	CBNZ	R0, #0XCBC3ADE0	;(R0=0x0B13C7D8 )
(             libc.so[0xCBC2B000])[DF F8 94 1B ]0x0000FDE0:	LDR.W	R1, [PC, #0XB94]	;(PC=0xCBC3ADE0 )
(             libc.so[0xCBC2B000])[79 44       ]0x0000FDE4:	ADD	R1, PC	;(R1=0x0003E398 PC=0xCBC3ADE4 )
(             libc.so[0xCBC2B000])[D1 F8 BC 21 ]0x0000FDE6:	LDR.W	R2, [R1, #0X1BC]	;(R1=0xCBC79180 )
(             libc.so[0xCBC2B000])[93 07       ]0x0000FDEA:	LSLS	R3, R2, #0X1E	;(R2=0x00000007 )
(             libc.so[0xCBC2B000])[02 D4       ]0x0000FDEC:	BMI	#0XCBC3ADF4
(             libc.so[0xCBC2B000])[01 F5 E0 70 ]0x0000FDF4:	ADD.W	R0, R1, #0X1C0	;(R1=0xCBC79180 )
(             libc.so[0xCBC2B000])[00 26       ]0x0000FDF8:	MOVS	R6, #0
(             libc.so[0xCBC2B000])[FE F7 F0 EC ]0x0000FDFA:	BLX	#0XCBC397DC	;(PC=0xCBC3ADFA )
(             libc.so[0xCBC2B000])[90 FF FF EA ]0x0000E7DC:	B	#0XCBC39624 ; pthread_mutex_lock	;(PC=0xCBC397DC )
(             libc.so[0xCBC2B000])[F0 41 2D E9 ]0x0000E624:	PUSH	{R4, R5, R6, R7, R8, LR}	;(SP=0x100FFFB0 R4=0x00000014 R5=0x30000290 R6=0x00000000 R7=0x100FFFF8 R8=0x00000000 LR=0xCBC3ADFF )
(             libc.so[0xCBC2B000])[00 40 50 E2 ]0x0000E628:	SUBS	R4, R0, #0	;(R0=0xCBC79340 )
(             libc.so[0xCBC2B000])[1B 00 00 0A ]0x0000E62C:	BEQ	#0XCBC396A0	;(PC=0xCBC3962C )
(             libc.so[0xCBC2B000])[00 50 94 E5 ]0x0000E630:	LDR	R5, [R4]	;(R4=0xCBC79340 )
(             libc.so[0xCBC2B000])[03 79 15 E2 ]0x0000E634:	ANDS	R7, R5, #0XC000	;(R5=0x00000000 )
(             libc.so[0xCBC2B000])[02 6A 05 E2 ]0x0000E638:	AND	R6, R5, #0X2000	;(R5=0x00000000 )
(             libc.so[0xCBC2B000])[19 00 00 1A ]0x0000E63C:	BNE	#0XCBC396A8	;(PC=0xCBC3963C )
(             libc.so[0xCBC2B000])[01 00 86 E3 ]0x0000E640:	ORR	R0, R6, #1	;(R6=0x00000000 )
(             libc.so[0xCBC2B000])[9F 3F 94 E1 ]0x0000E644:	LDREX	R3, [R4]	;(R4=0xCBC79340 )
(             libc.so[0xCBC2B000])[00 10 A0 E3 ]0x0000E648:	MOV	R1, #0
(             libc.so[0xCBC2B000])[06 00 33 E1 ]0x0000E64C:	TEQ	R3, R6	;(R3=0x00000000 R6=0x00000000 )
(             libc.so[0xCBC2B000])[90 1F 84 01 ]0x0000E650:	STREXEQ	R1, R0, [R4]	;(R0=0x00000001 R4=0xCBC79340 )
(             libc.so[0xCBC2B000])[00 00 51 E3 ]0x0000E654:	CMP	R1, #0	;(R1=0x00000000 )
(             libc.so[0xCBC2B000])[F9 FF FF 1A ]0x0000E658:	BNE	#0XCBC39644	;(PC=0xCBC39658 )
(             libc.so[0xCBC2B000])[03 00 56 E1 ]0x0000E65C:	CMP	R6, R3	;(R6=0x00000000 R3=0x00000000 )
(             libc.so[0xCBC2B000])[02 50 86 13 ]0x0000E660:	ORRNE	R5, R6, #2	;(R6=0x00000000 )
(             libc.so[0xCBC2B000])[01 00 00 1A ]0x0000E664:	BNE	#0XCBC39670	;(PC=0xCBC39664 )
(             libc.so[0xCBC2B000])[09 00 00 EA ]0x0000E668:	B	#0XCBC39694	;(PC=0xCBC39668 )
(             libc.so[0xCBC2B000])[5F F0 7F F5 ]0x0000E694:	DMB	SY
(             libc.so[0xCBC2B000])[00 00 A0 E3 ]0x0000E698:	MOV	R0, #0
(             libc.so[0xCBC2B000])[F0 81 BD E8 ]0x0000E69C:	POP	{R4, R5, R6, R7, R8, PC}	;(SP=0x100FFF98 )
(             libc.so[0xCBC2B000])[00 28       ]0x0000FDFE:	CMP	R0, #0	;(R0=0x00000000 )
(             libc.so[0xCBC2B000])[41 F0 6F 80 ]0x0000FE00:	BNE.W	#0XCBC3BEE2
(             libc.so[0xCBC2B000])[F3 E7       ]0x0000FE04:	B	#0XCBC3ADEE
(             libc.so[0xCBC2B000])[F4 2C       ]0x0000FDEE:	CMP	R4, #0XF4	;(R4=0x00000014 )
(             libc.so[0xCBC2B000])[09 D9       ]0x0000FDF0:	BLS	#0XCBC3AE06
(             libc.so[0xCBC2B000])[0A 2C       ]0x0000FE06:	CMP	R4, #0XA	;(R4=0x00000014 )
(             libc.so[0xCBC2B000])[03 D9       ]0x0000FE08:	BLS	#0XCBC3AE12
(             libc.so[0xCBC2B000])[0B 34       ]0x0000FE0A:	ADDS	R4, #0XB	;(R4=0x00000014 )
(             libc.so[0xCBC2B000])[24 F0 07 04 ]0x0000FE0C:	BIC	R4, R4, #7	;(R4=0x0000001F )
(             libc.so[0xCBC2B000])[00 E0       ]0x0000FE10:	B	#0XCBC3AE14
(             libc.so[0xCBC2B000])[DF F8 68 3B ]0x0000FE14:	LDR.W	R3, [PC, #0XB68]	;(PC=0xCBC3AE14 )
(             libc.so[0xCBC2B000])[E2 08       ]0x0000FE18:	LSRS	R2, R4, #3	;(R4=0x00000018 )
(             libc.so[0xCBC2B000])[7B 44       ]0x0000FE1A:	ADD	R3, PC	;(R3=0x0003E362 PC=0xCBC3AE1A )
(             libc.so[0xCBC2B000])[18 68       ]0x0000FE1C:	LDR	R0, [R3]	;(R3=0xCBC79180 )
(             libc.so[0xCBC2B000])[20 FA 02 F1 ]0x0000FE1E:	LSR.W	R1, R0, R2	;(R0=0x00000000 R2=0x00000003 )
(             libc.so[0xCBC2B000])[01 90       ]0x0000FE22:	STR	R0, [SP, #4]	;(R0=0x00000000 SP=0x100FFFB0 )
(             libc.so[0xCBC2B000])[8E 07       ]0x0000FE24:	LSLS	R6, R1, #0X1E	;(R1=0x00000000 )
(             libc.so[0xCBC2B000])[21 D0       ]0x0000FE26:	BEQ	#0XCBC3AE6C
(             libc.so[0xCBC2B000])[9D 68       ]0x0000FE6C:	LDR	R5, [R3, #8]	;(R3=0xCBC79180 )
(             libc.so[0xCBC2B000])[AC 42       ]0x0000FE6E:	CMP	R4, R5	;(R4=0x00000018 R5=0x00000000 )
(             libc.so[0xCBC2B000])[40 F2 3F 83 ]0x0000FE70:	BLS.W	#0XCBC3B4F2
(             libc.so[0xCBC2B000])[00 29       ]0x0000FE74:	CMP	R1, #0	;(R1=0x00000000 )
(             libc.so[0xCBC2B000])[74 D0       ]0x0000FE76:	BEQ	#0XCBC3AF62
(             libc.so[0xCBC2B000])[D3 F8 04 80 ]0x0000FF62:	LDR.W	R8, [R3, #4]	;(R3=0xCBC79180 )
(             libc.so[0xCBC2B000])[B8 F1 00 0F ]0x0000FF66:	CMP.W	R8, #0	;(R8=0x00000000 )
(             libc.so[0xCBC2B000])[00 F0 C2 82 ]0x0000FF6A:	BEQ.W	#0XCBC3B4F2
(             libc.so[0xCBC2B000])[DF F8 E0 34 ]0x000104F2:	LDR.W	R3, [PC, #0X4E0]	;(PC=0xCBC3B4F2 )
(             libc.so[0xCBC2B000])[7B 44       ]0x000104F6:	ADD	R3, PC	;(R3=0x0003DC86 PC=0xCBC3B4F6 )
(             libc.so[0xCBC2B000])[98 68       ]0x000104F8:	LDR	R0, [R3, #8]	;(R3=0xCBC79180 )
(             libc.so[0xCBC2B000])[84 42       ]0x000104FA:	CMP	R4, R0	;(R4=0x00000018 R0=0x00000000 )
(             libc.so[0xCBC2B000])[19 D8       ]0x000104FC:	BHI	#0XCBC3B532
(             libc.so[0xCBC2B000])[DE 68       ]0x00010532:	LDR	R6, [R3, #0XC]	;(R3=0xCBC79180 )
(             libc.so[0xCBC2B000])[B4 42       ]0x00010534:	CMP	R4, R6	;(R4=0x00000018 R6=0x00000D38 )
(             libc.so[0xCBC2B000])[01 D2       ]0x00010536:	BHS	#0XCBC3B53C
(             libc.so[0xCBC2B000])[00 F0 7B BC ]0x00010538:	B.W	#0XCBC3BE32
(             libc.so[0xCBC2B000])[30 1B       ]0x00010E32:	SUBS	R0, R6, R4	;(R6=0x00000D38 R4=0x00000018 )
(             libc.so[0xCBC2B000])[9E 69       ]0x00010E34:	LDR	R6, [R3, #0X18]	;(R3=0xCBC79180 )
(             libc.so[0xCBC2B000])[D8 60       ]0x00010E36:	STR	R0, [R3, #0XC]	;(R0=0x00000D20 R3=0xCBC79180 )
(             libc.so[0xCBC2B000])[32 19       ]0x00010E38:	ADDS	R2, R6, R4	;(R6=0x300002A0 R4=0x00000018 )
(             libc.so[0xCBC2B000])[9A 61       ]0x00010E3A:	STR	R2, [R3, #0X18]	;(R2=0x300002B8 R3=0xCBC79180 )
(             libc.so[0xCBC2B000])[40 F0 01 03 ]0x00010E3C:	ORR	R3, R0, #1	;(R0=0x00000D20 )
(             libc.so[0xCBC2B000])[53 60       ]0x00010E40:	STR	R3, [R2, #4]	;(R3=0x00000D21 R2=0x300002B8 )
(             libc.so[0xCBC2B000])[44 F0 03 04 ]0x00010E42:	ORR	R4, R4, #3	;(R4=0x00000018 )
(             libc.so[0xCBC2B000])[74 60       ]0x00010E46:	STR	R4, [R6, #4]	;(R4=0x0000001B R6=0x300002A0 )
(             libc.so[0xCBC2B000])[08 36       ]0x00010E48:	ADDS	R6, #8	;(R6=0x300002A0 )
(             libc.so[0xCBC2B000])[04 E0       ]0x00010E4A:	B	#0XCBC3BE56
(             libc.so[0xCBC2B000])[35 49       ]0x00010E56:	LDR	R1, [PC, #0XD4]	;(PC=0xCBC3BE56 )
(             libc.so[0xCBC2B000])[79 44       ]0x00010E58:	ADD	R1, PC	;(R1=0x0003D324 PC=0xCBC3BE58 )
(             libc.so[0xCBC2B000])[D1 F8 BC 21 ]0x00010E5A:	LDR.W	R2, [R1, #0X1BC]	;(R1=0xCBC79180 )
(             libc.so[0xCBC2B000])[93 07       ]0x00010E5E:	LSLS	R3, R2, #0X1E	;(R2=0x00000007 )
(             libc.so[0xCBC2B000])[3F D5       ]0x00010E60:	BPL	#0XCBC3BEE2
(             libc.so[0xCBC2B000])[01 F5 E0 70 ]0x00010E62:	ADD.W	R0, R1, #0X1C0	;(R1=0xCBC79180 )
(             libc.so[0xCBC2B000])[FD F7 3C ED ]0x00010E66:	BLX	#0XCBC398E0	;(PC=0xCBC3BE66 )
(             libc.so[0xCBC2B000])[BE FF FF EA ]0x0000E8E0:	B	#0XCBC397E0 ; pthread_mutex_unlock	;(PC=0xCBC398E0 )
(             libc.so[0xCBC2B000])[70 40 2D E9 ]0x0000E7E0:	PUSH	{R4, R5, R6, LR}	;(SP=0x100FFFB0 R4=0x0000001B R5=0x00000000 R6=0x300002A8 LR=0xCBC3BE6B )
(             libc.so[0xCBC2B000])[00 40 50 E2 ]0x0000E7E4:	SUBS	R4, R0, #0	;(R0=0xCBC79340 )
(             libc.so[0xCBC2B000])[08 D0 4D E2 ]0x0000E7E8:	SUB	SP, SP, #8	;(SP=0x100FFFA0 )
(             libc.so[0xCBC2B000])[2B 00 00 0A ]0x0000E7EC:	BEQ	#0XCBC398A0	;(PC=0xCBC397EC )
(             libc.so[0xCBC2B000])[00 50 94 E5 ]0x0000E7F0:	LDR	R5, [R4]	;(R4=0xCBC79340 )
(             libc.so[0xCBC2B000])[03 69 15 E2 ]0x0000E7F4:	ANDS	R6, R5, #0XC000	;(R5=0x00000001 )
(             libc.so[0xCBC2B000])[02 1A 05 E2 ]0x0000E7F8:	AND	R1, R5, #0X2000	;(R5=0x00000001 )
(             libc.so[0xCBC2B000])[11 00 00 1A ]0x0000E7FC:	BNE	#0XCBC39848	;(PC=0xCBC397FC )
(             libc.so[0xCBC2B000])[5F F0 7F F5 ]0x0000E800:	DMB	SY
(             libc.so[0xCBC2B000])[9F 2F 94 E1 ]0x0000E804:	LDREX	R2, [R4]	;(R4=0xCBC79340 )
(             libc.so[0xCBC2B000])[01 30 42 E2 ]0x0000E808:	SUB	R3, R2, #1	;(R2=0x00000001 )
(             libc.so[0xCBC2B000])[93 5F 84 E1 ]0x0000E80C:	STREX	R5, R3, [R4]	;(R3=0x00000000 R4=0xCBC79340 )
(             libc.so[0xCBC2B000])[00 00 55 E3 ]0x0000E810:	CMP	R5, #0	;(R5=0x00000000 )
(             libc.so[0xCBC2B000])[FA FF FF 1A ]0x0000E814:	BNE	#0XCBC39804	;(PC=0xCBC39814 )
(             libc.so[0xCBC2B000])[01 C0 81 E3 ]0x0000E818:	ORR	IP, R1, #1	;(R1=0x00000000 )
(             libc.so[0xCBC2B000])[0C 00 52 E1 ]0x0000E81C:	CMP	R2, IP	;(R2=0x00000001 IP=0x00000001 )
(             libc.so[0xCBC2B000])[06 00 00 0A ]0x0000E820:	BEQ	#0XCBC39840	;(PC=0xCBC39820 )
(             libc.so[0xCBC2B000])[00 00 A0 E3 ]0x0000E840:	MOV	R0, #0
(             libc.so[0xCBC2B000])[FB FF FF EA ]0x0000E844:	B	#0XCBC39838	;(PC=0xCBC39844 )
(             libc.so[0xCBC2B000])[08 D0 8D E2 ]0x0000E838:	ADD	SP, SP, #8	;(SP=0x100FFF98 )
(             libc.so[0xCBC2B000])[70 80 BD E8 ]0x0000E83C:	POP	{R4, R5, R6, PC}	;(SP=0x100FFFA0 )
(             libc.so[0xCBC2B000])[3A E0       ]0x00010E6A:	B	#0XCBC3BEE2
(             libc.so[0xCBC2B000])[30 46       ]0x00010EE2:	MOV	R0, R6	;(R6=0x300002A8 )
(             libc.so[0xCBC2B000])[BD E8 FE 8F ]0x00010EE4:	POP.W	{R1, R2, R3, R4, R5, R6, R7, R8, SB, SL, FP, PC}	;(SP=0x100FFFB0 )
(             libc.so[0xCBC2B000])[08 BD       ]0x0000DBF8:	POP	{R3, PC}	;(SP=0x100FFFE0 )
(        libstdc++.so[0xCBC8F000])[08 B9       ]0x0000091E:	CBNZ	R0, #0XCBC8F924	;(R0=0x300002A8 )
(        libstdc++.so[0xCBC8F000])[08 BD       ]0x00000924:	POP	{R3, PC}	;(SP=0x100FFFE8 )
(  libmakeurl2.4.9.so[0xCBBCB000])[05 46       ]0x00001808:	MOV	R5, R0	;(R0=0x300002A8 )
(  libmakeurl2.4.9.so[0xCBBCB000])[1A F0 4B FC ]0x0000180A:	BL	#0XCBBE70A4	;(PC=0xCBBCC80A )
(  libmakeurl2.4.9.so[0xCBBCB000])[07 49       ]0x0001C0A4:	LDR	R1, [PC, #0X1C]	;(PC=0xCBBE70A4 )
(  libmakeurl2.4.9.so[0xCBBCB000])[02 1D       ]0x0001C0A6:	ADDS	R2, R0, #4	;(R0=0x300002A8 )
(  libmakeurl2.4.9.so[0xCBBCB000])[4A F2 78 6C ]0x0001C0A8:	MOVW	IP, #0XA678
(  libmakeurl2.4.9.so[0xCBBCB000])[00 23       ]0x0001C0AC:	MOVS	R3, #0
(  libmakeurl2.4.9.so[0xCBBCB000])[79 44       ]0x0001C0AE:	ADD	R1, PC	;(R1=0x00028C5A PC=0xCBBE70AE )
(  libmakeurl2.4.9.so[0xCBBCB000])[C1 F2 3A 2C ]0x0001C0B0:	MOVT	IP, #0X123A	;(IP=0x0000A678 )
(  libmakeurl2.4.9.so[0xCBBCB000])[08 31       ]0x0001C0B4:	ADDS	R1, #8	;(R1=0xCBC0FD0C )
(  libmakeurl2.4.9.so[0xCBBCB000])[C0 E9 00 12 ]0x0001C0B6:	STRD	R1, R2, [R0]	;(R1=0xCBC0FD14 R2=0x300002AC R0=0x300002A8 )
(  libmakeurl2.4.9.so[0xCBBCB000])[00 F1 08 01 ]0x0001C0BA:	ADD.W	R1, R0, #8	;(R0=0x300002A8 )
(  libmakeurl2.4.9.so[0xCBBCB000])[81 E8 0C 10 ]0x0001C0BE:	STM.W	R1, {R2, R3, IP}	;(R1=0x300002B0 R2=0x300002AC R3=0x00000000 IP=0x123AA678 )
(  libmakeurl2.4.9.so[0xCBBCB000])[70 47       ]0x0001C0C2:	BX	LR	;(LR=0xCBBCC80F )
(  libmakeurl2.4.9.so[0xCBBCB000])[9C 48       ]0x0000180E:	LDR	R0, [PC, #0X270]	;(PC=0xCBBCC80E )
(  libmakeurl2.4.9.so[0xCBBCB000])[78 44       ]0x00001810:	ADD	R0, PC	;(R0=0x00043A04 PC=0xCBBCC810 )
(  libmakeurl2.4.9.so[0xCBBCB000])[05 60       ]0x00001812:	STR	R5, [R0]	;(R5=0x300002A8 R0=0xCBC10218 )
(  libmakeurl2.4.9.so[0xCBBCB000])[14 20       ]0x00001814:	MOVS	R0, #0X14
(  libmakeurl2.4.9.so[0xCBBCB000])[FF F7 32 EE ]0x00001816:	BLX	#0XCBBCC47C	;(PC=0xCBBCC816 )
(  libmakeurl2.4.9.so[0xCBBCB000])[00 C6 8F E2 ]0x0000147C:	ADD	IP, PC, #0, #12	;(PC=0xCBBCC47C )
(  libmakeurl2.4.9.so[0xCBBCB000])[43 CA 8C E2 ]0x00001480:	ADD	IP, IP, #0X43000	;(IP=0xCBBCC484 )
(  libmakeurl2.4.9.so[0xCBBCB000])[00 FB BC E5 ]0x00001484:	LDR	PC, [IP, #0XB00]!	;(IP=0xCBC0F484 )
(        libstdc++.so[0xCBC8F000])[08 B5       ]0x00000918:	PUSH	{R3, LR} ; _Znaj	;(SP=0x100FFFF0 R3=0x00000000 LR=0xCBBCC81B )
(        libstdc++.so[0xCBC8F000])[FF F7 6E EF ]0x0000091A:	BLX	#0XCBC8F7F8	;(PC=0xCBC8F91A )
(        libstdc++.so[0xCBC8F000])[00 C6 8F E2 ]0x000007F8:	ADD	IP, PC, #0, #12	;(PC=0xCBC8F7F8 )
(        libstdc++.so[0xCBC8F000])[01 CA 8C E2 ]0x000007FC:	ADD	IP, IP, #0X1000	;(IP=0xCBC8F800 )
(        libstdc++.so[0xCBC8F000])[F0 F7 BC E5 ]0x00000800:	LDR	PC, [IP, #0X7F0]!	;(IP=0xCBC90800 )
(             libc.so[0xCBC2B000])[08 B5       ]0x0000DBEC:	PUSH	{R3, LR} ; malloc	;(SP=0x100FFFE8 R3=0x00000000 LR=0xCBC8F91F )
(             libc.so[0xCBC2B000])[03 4B       ]0x0000DBEE:	LDR	R3, [PC, #0XC]	;(PC=0xCBC38BEE )
(             libc.so[0xCBC2B000])[7B 44       ]0x0000DBF0:	ADD	R3, PC	;(R3=0x0003C40C PC=0xCBC38BF0 )
(             libc.so[0xCBC2B000])[19 68       ]0x0000DBF2:	LDR	R1, [R3]	;(R3=0xCBC75000 )
(             libc.so[0xCBC2B000])[0A 68       ]0x0000DBF4:	LDR	R2, [R1]	;(R1=0xCBC74E00 )
(             libc.so[0xCBC2B000])[90 47       ]0x0000DBF6:	BLX	R2	;(PC=0xCBC38BF6 R2=0xCBC3ADCD )
(             libc.so[0xCBC2B000])[DF F8 A4 3B ]0x0000FDCC:	LDR.W	R3, [PC, #0XBA4] ; dlmalloc	;(PC=0xCBC3ADCC )
(             libc.so[0xCBC2B000])[2D E9 F7 4F ]0x0000FDD0:	PUSH.W	{R0, R1, R2, R4, R5, R6, R7, R8, SB, SL, FP, LR}	;(SP=0x100FFFE0 R0=0x00000014 R1=0xCBC74E00 R2=0xCBC3ADCD R4=0x00000000 R5=0x300002A8 R6=0x00000000 R7=0x100FFFF8 R8=0x00000000 SB=0x00000000 SL=0x00000000 FP=0x00000000 LR=0xCBC38BF9 )
(             libc.so[0xCBC2B000])[7B 44       ]0x0000FDD4:	ADD	R3, PC	;(R3=0x0003E588 PC=0xCBC3ADD4 )
(             libc.so[0xCBC2B000])[04 46       ]0x0000FDD6:	MOV	R4, R0	;(R0=0x00000014 )
(             libc.so[0xCBC2B000])[18 68       ]0x0000FDD8:	LDR	R0, [R3]	;(R3=0xCBC79360 )
(             libc.so[0xCBC2B000])[08 B9       ]0x0000FDDA:	CBNZ	R0, #0XCBC3ADE0	;(R0=0x0B13C7D8 )
(             libc.so[0xCBC2B000])[DF F8 94 1B ]0x0000FDE0:	LDR.W	R1, [PC, #0XB94]	;(PC=0xCBC3ADE0 )
(             libc.so[0xCBC2B000])[79 44       ]0x0000FDE4:	ADD	R1, PC	;(R1=0x0003E398 PC=0xCBC3ADE4 )
(             libc.so[0xCBC2B000])[D1 F8 BC 21 ]0x0000FDE6:	LDR.W	R2, [R1, #0X1BC]	;(R1=0xCBC79180 )
(             libc.so[0xCBC2B000])[93 07       ]0x0000FDEA:	LSLS	R3, R2, #0X1E	;(R2=0x00000007 )
(             libc.so[0xCBC2B000])[02 D4       ]0x0000FDEC:	BMI	#0XCBC3ADF4
(             libc.so[0xCBC2B000])[01 F5 E0 70 ]0x0000FDF4:	ADD.W	R0, R1, #0X1C0	;(R1=0xCBC79180 )
(             libc.so[0xCBC2B000])[00 26       ]0x0000FDF8:	MOVS	R6, #0
(             libc.so[0xCBC2B000])[FE F7 F0 EC ]0x0000FDFA:	BLX	#0XCBC397DC	;(PC=0xCBC3ADFA )
(             libc.so[0xCBC2B000])[90 FF FF EA ]0x0000E7DC:	B	#0XCBC39624 ; pthread_mutex_lock	;(PC=0xCBC397DC )
(             libc.so[0xCBC2B000])[F0 41 2D E9 ]0x0000E624:	PUSH	{R4, R5, R6, R7, R8, LR}	;(SP=0x100FFFB0 R4=0x00000014 R5=0x300002A8 R6=0x00000000 R7=0x100FFFF8 R8=0x00000000 LR=0xCBC3ADFF )
(             libc.so[0xCBC2B000])[00 40 50 E2 ]0x0000E628:	SUBS	R4, R0, #0	;(R0=0xCBC79340 )
(             libc.so[0xCBC2B000])[1B 00 00 0A ]0x0000E62C:	BEQ	#0XCBC396A0	;(PC=0xCBC3962C )
(             libc.so[0xCBC2B000])[00 50 94 E5 ]0x0000E630:	LDR	R5, [R4]	;(R4=0xCBC79340 )
(             libc.so[0xCBC2B000])[03 79 15 E2 ]0x0000E634:	ANDS	R7, R5, #0XC000	;(R5=0x00000000 )
(             libc.so[0xCBC2B000])[02 6A 05 E2 ]0x0000E638:	AND	R6, R5, #0X2000	;(R5=0x00000000 )
(             libc.so[0xCBC2B000])[19 00 00 1A ]0x0000E63C:	BNE	#0XCBC396A8	;(PC=0xCBC3963C )
(             libc.so[0xCBC2B000])[01 00 86 E3 ]0x0000E640:	ORR	R0, R6, #1	;(R6=0x00000000 )
(             libc.so[0xCBC2B000])[9F 3F 94 E1 ]0x0000E644:	LDREX	R3, [R4]	;(R4=0xCBC79340 )
(             libc.so[0xCBC2B000])[00 10 A0 E3 ]0x0000E648:	MOV	R1, #0
(             libc.so[0xCBC2B000])[06 00 33 E1 ]0x0000E64C:	TEQ	R3, R6	;(R3=0x00000000 R6=0x00000000 )
(             libc.so[0xCBC2B000])[90 1F 84 01 ]0x0000E650:	STREXEQ	R1, R0, [R4]	;(R0=0x00000001 R4=0xCBC79340 )
(             libc.so[0xCBC2B000])[00 00 51 E3 ]0x0000E654:	CMP	R1, #0	;(R1=0x00000000 )
(             libc.so[0xCBC2B000])[F9 FF FF 1A ]0x0000E658:	BNE	#0XCBC39644	;(PC=0xCBC39658 )
(             libc.so[0xCBC2B000])[03 00 56 E1 ]0x0000E65C:	CMP	R6, R3	;(R6=0x00000000 R3=0x00000000 )
(             libc.so[0xCBC2B000])[02 50 86 13 ]0x0000E660:	ORRNE	R5, R6, #2	;(R6=0x00000000 )
(             libc.so[0xCBC2B000])[01 00 00 1A ]0x0000E664:	BNE	#0XCBC39670	;(PC=0xCBC39664 )
(             libc.so[0xCBC2B000])[09 00 00 EA ]0x0000E668:	B	#0XCBC39694	;(PC=0xCBC39668 )
(             libc.so[0xCBC2B000])[5F F0 7F F5 ]0x0000E694:	DMB	SY
(             libc.so[0xCBC2B000])[00 00 A0 E3 ]0x0000E698:	MOV	R0, #0
(             libc.so[0xCBC2B000])[F0 81 BD E8 ]0x0000E69C:	POP	{R4, R5, R6, R7, R8, PC}	;(SP=0x100FFF98 )
(             libc.so[0xCBC2B000])[00 28       ]0x0000FDFE:	CMP	R0, #0	;(R0=0x00000000 )
(             libc.so[0xCBC2B000])[41 F0 6F 80 ]0x0000FE00:	BNE.W	#0XCBC3BEE2
(             libc.so[0xCBC2B000])[F3 E7       ]0x0000FE04:	B	#0XCBC3ADEE
(             libc.so[0xCBC2B000])[F4 2C       ]0x0000FDEE:	CMP	R4, #0XF4	;(R4=0x00000014 )
(             libc.so[0xCBC2B000])[09 D9       ]0x0000FDF0:	BLS	#0XCBC3AE06
(             libc.so[0xCBC2B000])[0A 2C       ]0x0000FE06:	CMP	R4, #0XA	;(R4=0x00000014 )
(             libc.so[0xCBC2B000])[03 D9       ]0x0000FE08:	BLS	#0XCBC3AE12
(             libc.so[0xCBC2B000])[0B 34       ]0x0000FE0A:	ADDS	R4, #0XB	;(R4=0x00000014 )
(             libc.so[0xCBC2B000])[24 F0 07 04 ]0x0000FE0C:	BIC	R4, R4, #7	;(R4=0x0000001F )
(             libc.so[0xCBC2B000])[00 E0       ]0x0000FE10:	B	#0XCBC3AE14
(             libc.so[0xCBC2B000])[DF F8 68 3B ]0x0000FE14:	LDR.W	R3, [PC, #0XB68]	;(PC=0xCBC3AE14 )
(             libc.so[0xCBC2B000])[E2 08       ]0x0000FE18:	LSRS	R2, R4, #3	;(R4=0x00000018 )
(             libc.so[0xCBC2B000])[7B 44       ]0x0000FE1A:	ADD	R3, PC	;(R3=0x0003E362 PC=0xCBC3AE1A )
(             libc.so[0xCBC2B000])[18 68       ]0x0000FE1C:	LDR	R0, [R3]	;(R3=0xCBC79180 )
(             libc.so[0xCBC2B000])[20 FA 02 F1 ]0x0000FE1E:	LSR.W	R1, R0, R2	;(R0=0x00000000 R2=0x00000003 )
(             libc.so[0xCBC2B000])[01 90       ]0x0000FE22:	STR	R0, [SP, #4]	;(R0=0x00000000 SP=0x100FFFB0 )
(             libc.so[0xCBC2B000])[8E 07       ]0x0000FE24:	LSLS	R6, R1, #0X1E	;(R1=0x00000000 )
(             libc.so[0xCBC2B000])[21 D0       ]0x0000FE26:	BEQ	#0XCBC3AE6C
(             libc.so[0xCBC2B000])[9D 68       ]0x0000FE6C:	LDR	R5, [R3, #8]	;(R3=0xCBC79180 )
(             libc.so[0xCBC2B000])[AC 42       ]0x0000FE6E:	CMP	R4, R5	;(R4=0x00000018 R5=0x00000000 )
(             libc.so[0xCBC2B000])[40 F2 3F 83 ]0x0000FE70:	BLS.W	#0XCBC3B4F2
(             libc.so[0xCBC2B000])[00 29       ]0x0000FE74:	CMP	R1, #0	;(R1=0x00000000 )
(             libc.so[0xCBC2B000])[74 D0       ]0x0000FE76:	BEQ	#0XCBC3AF62
(             libc.so[0xCBC2B000])[D3 F8 04 80 ]0x0000FF62:	LDR.W	R8, [R3, #4]	;(R3=0xCBC79180 )
(             libc.so[0xCBC2B000])[B8 F1 00 0F ]0x0000FF66:	CMP.W	R8, #0	;(R8=0x00000000 )
(             libc.so[0xCBC2B000])[00 F0 C2 82 ]0x0000FF6A:	BEQ.W	#0XCBC3B4F2
(             libc.so[0xCBC2B000])[DF F8 E0 34 ]0x000104F2:	LDR.W	R3, [PC, #0X4E0]	;(PC=0xCBC3B4F2 )
(             libc.so[0xCBC2B000])[7B 44       ]0x000104F6:	ADD	R3, PC	;(R3=0x0003DC86 PC=0xCBC3B4F6 )
(             libc.so[0xCBC2B000])[98 68       ]0x000104F8:	LDR	R0, [R3, #8]	;(R3=0xCBC79180 )
(             libc.so[0xCBC2B000])[84 42       ]0x000104FA:	CMP	R4, R0	;(R4=0x00000018 R0=0x00000000 )
(             libc.so[0xCBC2B000])[19 D8       ]0x000104FC:	BHI	#0XCBC3B532
(             libc.so[0xCBC2B000])[DE 68       ]0x00010532:	LDR	R6, [R3, #0XC]	;(R3=0xCBC79180 )
(             libc.so[0xCBC2B000])[B4 42       ]0x00010534:	CMP	R4, R6	;(R4=0x00000018 R6=0x00000D20 )
(             libc.so[0xCBC2B000])[01 D2       ]0x00010536:	BHS	#0XCBC3B53C
(             libc.so[0xCBC2B000])[00 F0 7B BC ]0x00010538:	B.W	#0XCBC3BE32
(             libc.so[0xCBC2B000])[30 1B       ]0x00010E32:	SUBS	R0, R6, R4	;(R6=0x00000D20 R4=0x00000018 )
(             libc.so[0xCBC2B000])[9E 69       ]0x00010E34:	LDR	R6, [R3, #0X18]	;(R3=0xCBC79180 )
(             libc.so[0xCBC2B000])[D8 60       ]0x00010E36:	STR	R0, [R3, #0XC]	;(R0=0x00000D08 R3=0xCBC79180 )
(             libc.so[0xCBC2B000])[32 19       ]0x00010E38:	ADDS	R2, R6, R4	;(R6=0x300002B8 R4=0x00000018 )
(             libc.so[0xCBC2B000])[9A 61       ]0x00010E3A:	STR	R2, [R3, #0X18]	;(R2=0x300002D0 R3=0xCBC79180 )
(             libc.so[0xCBC2B000])[40 F0 01 03 ]0x00010E3C:	ORR	R3, R0, #1	;(R0=0x00000D08 )
(             libc.so[0xCBC2B000])[53 60       ]0x00010E40:	STR	R3, [R2, #4]	;(R3=0x00000D09 R2=0x300002D0 )
(             libc.so[0xCBC2B000])[44 F0 03 04 ]0x00010E42:	ORR	R4, R4, #3	;(R4=0x00000018 )
(             libc.so[0xCBC2B000])[74 60       ]0x00010E46:	STR	R4, [R6, #4]	;(R4=0x0000001B R6=0x300002B8 )
(             libc.so[0xCBC2B000])[08 36       ]0x00010E48:	ADDS	R6, #8	;(R6=0x300002B8 )
(             libc.so[0xCBC2B000])[04 E0       ]0x00010E4A:	B	#0XCBC3BE56
(             libc.so[0xCBC2B000])[35 49       ]0x00010E56:	LDR	R1, [PC, #0XD4]	;(PC=0xCBC3BE56 )
(             libc.so[0xCBC2B000])[79 44       ]0x00010E58:	ADD	R1, PC	;(R1=0x0003D324 PC=0xCBC3BE58 )
(             libc.so[0xCBC2B000])[D1 F8 BC 21 ]0x00010E5A:	LDR.W	R2, [R1, #0X1BC]	;(R1=0xCBC79180 )
(             libc.so[0xCBC2B000])[93 07       ]0x00010E5E:	LSLS	R3, R2, #0X1E	;(R2=0x00000007 )
(             libc.so[0xCBC2B000])[3F D5       ]0x00010E60:	BPL	#0XCBC3BEE2
(             libc.so[0xCBC2B000])[01 F5 E0 70 ]0x00010E62:	ADD.W	R0, R1, #0X1C0	;(R1=0xCBC79180 )
(             libc.so[0xCBC2B000])[FD F7 3C ED ]0x00010E66:	BLX	#0XCBC398E0	;(PC=0xCBC3BE66 )
(             libc.so[0xCBC2B000])[BE FF FF EA ]0x0000E8E0:	B	#0XCBC397E0 ; pthread_mutex_unlock	;(PC=0xCBC398E0 )
(             libc.so[0xCBC2B000])[70 40 2D E9 ]0x0000E7E0:	PUSH	{R4, R5, R6, LR}	;(SP=0x100FFFB0 R4=0x0000001B R5=0x00000000 R6=0x300002C0 LR=0xCBC3BE6B )
(             libc.so[0xCBC2B000])[00 40 50 E2 ]0x0000E7E4:	SUBS	R4, R0, #0	;(R0=0xCBC79340 )
(             libc.so[0xCBC2B000])[08 D0 4D E2 ]0x0000E7E8:	SUB	SP, SP, #8	;(SP=0x100FFFA0 )
(             libc.so[0xCBC2B000])[2B 00 00 0A ]0x0000E7EC:	BEQ	#0XCBC398A0	;(PC=0xCBC397EC )
(             libc.so[0xCBC2B000])[00 50 94 E5 ]0x0000E7F0:	LDR	R5, [R4]	;(R4=0xCBC79340 )
(             libc.so[0xCBC2B000])[03 69 15 E2 ]0x0000E7F4:	ANDS	R6, R5, #0XC000	;(R5=0x00000001 )
(             libc.so[0xCBC2B000])[02 1A 05 E2 ]0x0000E7F8:	AND	R1, R5, #0X2000	;(R5=0x00000001 )
(             libc.so[0xCBC2B000])[11 00 00 1A ]0x0000E7FC:	BNE	#0XCBC39848	;(PC=0xCBC397FC )
(             libc.so[0xCBC2B000])[5F F0 7F F5 ]0x0000E800:	DMB	SY
(             libc.so[0xCBC2B000])[9F 2F 94 E1 ]0x0000E804:	LDREX	R2, [R4]	;(R4=0xCBC79340 )
(             libc.so[0xCBC2B000])[01 30 42 E2 ]0x0000E808:	SUB	R3, R2, #1	;(R2=0x00000001 )
(             libc.so[0xCBC2B000])[93 5F 84 E1 ]0x0000E80C:	STREX	R5, R3, [R4]	;(R3=0x00000000 R4=0xCBC79340 )
(             libc.so[0xCBC2B000])[00 00 55 E3 ]0x0000E810:	CMP	R5, #0	;(R5=0x00000000 )
(             libc.so[0xCBC2B000])[FA FF FF 1A ]0x0000E814:	BNE	#0XCBC39804	;(PC=0xCBC39814 )
(             libc.so[0xCBC2B000])[01 C0 81 E3 ]0x0000E818:	ORR	IP, R1, #1	;(R1=0x00000000 )
(             libc.so[0xCBC2B000])[0C 00 52 E1 ]0x0000E81C:	CMP	R2, IP	;(R2=0x00000001 IP=0x00000001 )
(             libc.so[0xCBC2B000])[06 00 00 0A ]0x0000E820:	BEQ	#0XCBC39840	;(PC=0xCBC39820 )
(             libc.so[0xCBC2B000])[00 00 A0 E3 ]0x0000E840:	MOV	R0, #0
(             libc.so[0xCBC2B000])[FB FF FF EA ]0x0000E844:	B	#0XCBC39838	;(PC=0xCBC39844 )
(             libc.so[0xCBC2B000])[08 D0 8D E2 ]0x0000E838:	ADD	SP, SP, #8	;(SP=0x100FFF98 )
(             libc.so[0xCBC2B000])[70 80 BD E8 ]0x0000E83C:	POP	{R4, R5, R6, PC}	;(SP=0x100FFFA0 )
(             libc.so[0xCBC2B000])[3A E0       ]0x00010E6A:	B	#0XCBC3BEE2
(             libc.so[0xCBC2B000])[30 46       ]0x00010EE2:	MOV	R0, R6	;(R6=0x300002C0 )
(             libc.so[0xCBC2B000])[BD E8 FE 8F ]0x00010EE4:	POP.W	{R1, R2, R3, R4, R5, R6, R7, R8, SB, SL, FP, PC}	;(SP=0x100FFFB0 )
(             libc.so[0xCBC2B000])[08 BD       ]0x0000DBF8:	POP	{R3, PC}	;(SP=0x100FFFE0 )
(        libstdc++.so[0xCBC8F000])[08 B9       ]0x0000091E:	CBNZ	R0, #0XCBC8F924	;(R0=0x300002C0 )
(        libstdc++.so[0xCBC8F000])[08 BD       ]0x00000924:	POP	{R3, PC}	;(SP=0x100FFFE8 )
(  libmakeurl2.4.9.so[0xCBBCB000])[05 46       ]0x0000181A:	MOV	R5, R0	;(R0=0x300002C0 )
(  libmakeurl2.4.9.so[0xCBBCB000])[1A F0 42 FC ]0x0000181C:	BL	#0XCBBE70A4	;(PC=0xCBBCC81C )
(  libmakeurl2.4.9.so[0xCBBCB000])[07 49       ]0x0001C0A4:	LDR	R1, [PC, #0X1C]	;(PC=0xCBBE70A4 )
(  libmakeurl2.4.9.so[0xCBBCB000])[02 1D       ]0x0001C0A6:	ADDS	R2, R0, #4	;(R0=0x300002C0 )
(  libmakeurl2.4.9.so[0xCBBCB000])[4A F2 78 6C ]0x0001C0A8:	MOVW	IP, #0XA678
(  libmakeurl2.4.9.so[0xCBBCB000])[00 23       ]0x0001C0AC:	MOVS	R3, #0
(  libmakeurl2.4.9.so[0xCBBCB000])[79 44       ]0x0001C0AE:	ADD	R1, PC	;(R1=0x00028C5A PC=0xCBBE70AE )
(  libmakeurl2.4.9.so[0xCBBCB000])[C1 F2 3A 2C ]0x0001C0B0:	MOVT	IP, #0X123A	;(IP=0x0000A678 )
(  libmakeurl2.4.9.so[0xCBBCB000])[08 31       ]0x0001C0B4:	ADDS	R1, #8	;(R1=0xCBC0FD0C )
(  libmakeurl2.4.9.so[0xCBBCB000])[C0 E9 00 12 ]0x0001C0B6:	STRD	R1, R2, [R0]	;(R1=0xCBC0FD14 R2=0x300002C4 R0=0x300002C0 )
(  libmakeurl2.4.9.so[0xCBBCB000])[00 F1 08 01 ]0x0001C0BA:	ADD.W	R1, R0, #8	;(R0=0x300002C0 )
(  libmakeurl2.4.9.so[0xCBBCB000])[81 E8 0C 10 ]0x0001C0BE:	STM.W	R1, {R2, R3, IP}	;(R1=0x300002C8 R2=0x300002C4 R3=0x00000000 IP=0x123AA678 )
(  libmakeurl2.4.9.so[0xCBBCB000])[70 47       ]0x0001C0C2:	BX	LR	;(LR=0xCBBCC821 )
(  libmakeurl2.4.9.so[0xCBBCB000])[98 48       ]0x00001820:	LDR	R0, [PC, #0X260]	;(PC=0xCBBCC820 )
(  libmakeurl2.4.9.so[0xCBBCB000])[78 44       ]0x00001822:	ADD	R0, PC	;(R0=0x000439F6 PC=0xCBBCC822 )
(  libmakeurl2.4.9.so[0xCBBCB000])[05 60       ]0x00001824:	STR	R5, [R0]	;(R5=0x300002C0 R0=0xCBC1021C )
(  libmakeurl2.4.9.so[0xCBBCB000])[14 20       ]0x00001826:	MOVS	R0, #0X14
(  libmakeurl2.4.9.so[0xCBBCB000])[FF F7 28 EE ]0x00001828:	BLX	#0XCBBCC47C	;(PC=0xCBBCC828 )
(  libmakeurl2.4.9.so[0xCBBCB000])[00 C6 8F E2 ]0x0000147C:	ADD	IP, PC, #0, #12	;(PC=0xCBBCC47C )
(  libmakeurl2.4.9.so[0xCBBCB000])[43 CA 8C E2 ]0x00001480:	ADD	IP, IP, #0X43000	;(IP=0xCBBCC484 )
(  libmakeurl2.4.9.so[0xCBBCB000])[00 FB BC E5 ]0x00001484:	LDR	PC, [IP, #0XB00]!	;(IP=0xCBC0F484 )
(        libstdc++.so[0xCBC8F000])[08 B5       ]0x00000918:	PUSH	{R3, LR} ; _Znaj	;(SP=0x100FFFF0 R3=0x00000000 LR=0xCBBCC82D )
(        libstdc++.so[0xCBC8F000])[FF F7 6E EF ]0x0000091A:	BLX	#0XCBC8F7F8	;(PC=0xCBC8F91A )
(        libstdc++.so[0xCBC8F000])[00 C6 8F E2 ]0x000007F8:	ADD	IP, PC, #0, #12	;(PC=0xCBC8F7F8 )
(        libstdc++.so[0xCBC8F000])[01 CA 8C E2 ]0x000007FC:	ADD	IP, IP, #0X1000	;(IP=0xCBC8F800 )
(        libstdc++.so[0xCBC8F000])[F0 F7 BC E5 ]0x00000800:	LDR	PC, [IP, #0X7F0]!	;(IP=0xCBC90800 )
(             libc.so[0xCBC2B000])[08 B5       ]0x0000DBEC:	PUSH	{R3, LR} ; malloc	;(SP=0x100FFFE8 R3=0x00000000 LR=0xCBC8F91F )
(             libc.so[0xCBC2B000])[03 4B       ]0x0000DBEE:	LDR	R3, [PC, #0XC]	;(PC=0xCBC38BEE )
(             libc.so[0xCBC2B000])[7B 44       ]0x0000DBF0:	ADD	R3, PC	;(R3=0x0003C40C PC=0xCBC38BF0 )
(             libc.so[0xCBC2B000])[19 68       ]0x0000DBF2:	LDR	R1, [R3]	;(R3=0xCBC75000 )
(             libc.so[0xCBC2B000])[0A 68       ]0x0000DBF4:	LDR	R2, [R1]	;(R1=0xCBC74E00 )
(             libc.so[0xCBC2B000])[90 47       ]0x0000DBF6:	BLX	R2	;(PC=0xCBC38BF6 R2=0xCBC3ADCD )
(             libc.so[0xCBC2B000])[DF F8 A4 3B ]0x0000FDCC:	LDR.W	R3, [PC, #0XBA4] ; dlmalloc	;(PC=0xCBC3ADCC )
(             libc.so[0xCBC2B000])[2D E9 F7 4F ]0x0000FDD0:	PUSH.W	{R0, R1, R2, R4, R5, R6, R7, R8, SB, SL, FP, LR}	;(SP=0x100FFFE0 R0=0x00000014 R1=0xCBC74E00 R2=0xCBC3ADCD R4=0x00000000 R5=0x300002C0 R6=0x00000000 R7=0x100FFFF8 R8=0x00000000 SB=0x00000000 SL=0x00000000 FP=0x00000000 LR=0xCBC38BF9 )
(             libc.so[0xCBC2B000])[7B 44       ]0x0000FDD4:	ADD	R3, PC	;(R3=0x0003E588 PC=0xCBC3ADD4 )
(             libc.so[0xCBC2B000])[04 46       ]0x0000FDD6:	MOV	R4, R0	;(R0=0x00000014 )
(             libc.so[0xCBC2B000])[18 68       ]0x0000FDD8:	LDR	R0, [R3]	;(R3=0xCBC79360 )
(             libc.so[0xCBC2B000])[08 B9       ]0x0000FDDA:	CBNZ	R0, #0XCBC3ADE0	;(R0=0x0B13C7D8 )
(             libc.so[0xCBC2B000])[DF F8 94 1B ]0x0000FDE0:	LDR.W	R1, [PC, #0XB94]	;(PC=0xCBC3ADE0 )
(             libc.so[0xCBC2B000])[79 44       ]0x0000FDE4:	ADD	R1, PC	;(R1=0x0003E398 PC=0xCBC3ADE4 )
(             libc.so[0xCBC2B000])[D1 F8 BC 21 ]0x0000FDE6:	LDR.W	R2, [R1, #0X1BC]	;(R1=0xCBC79180 )
(             libc.so[0xCBC2B000])[93 07       ]0x0000FDEA:	LSLS	R3, R2, #0X1E	;(R2=0x00000007 )
(             libc.so[0xCBC2B000])[02 D4       ]0x0000FDEC:	BMI	#0XCBC3ADF4
(             libc.so[0xCBC2B000])[01 F5 E0 70 ]0x0000FDF4:	ADD.W	R0, R1, #0X1C0	;(R1=0xCBC79180 )
(             libc.so[0xCBC2B000])[00 26       ]0x0000FDF8:	MOVS	R6, #0
(             libc.so[0xCBC2B000])[FE F7 F0 EC ]0x0000FDFA:	BLX	#0XCBC397DC	;(PC=0xCBC3ADFA )
(             libc.so[0xCBC2B000])[90 FF FF EA ]0x0000E7DC:	B	#0XCBC39624 ; pthread_mutex_lock	;(PC=0xCBC397DC )
(             libc.so[0xCBC2B000])[F0 41 2D E9 ]0x0000E624:	PUSH	{R4, R5, R6, R7, R8, LR}	;(SP=0x100FFFB0 R4=0x00000014 R5=0x300002C0 R6=0x00000000 R7=0x100FFFF8 R8=0x00000000 LR=0xCBC3ADFF )
(             libc.so[0xCBC2B000])[00 40 50 E2 ]0x0000E628:	SUBS	R4, R0, #0	;(R0=0xCBC79340 )
(             libc.so[0xCBC2B000])[1B 00 00 0A ]0x0000E62C:	BEQ	#0XCBC396A0	;(PC=0xCBC3962C )
(             libc.so[0xCBC2B000])[00 50 94 E5 ]0x0000E630:	LDR	R5, [R4]	;(R4=0xCBC79340 )
(             libc.so[0xCBC2B000])[03 79 15 E2 ]0x0000E634:	ANDS	R7, R5, #0XC000	;(R5=0x00000000 )
(             libc.so[0xCBC2B000])[02 6A 05 E2 ]0x0000E638:	AND	R6, R5, #0X2000	;(R5=0x00000000 )
(             libc.so[0xCBC2B000])[19 00 00 1A ]0x0000E63C:	BNE	#0XCBC396A8	;(PC=0xCBC3963C )
(             libc.so[0xCBC2B000])[01 00 86 E3 ]0x0000E640:	ORR	R0, R6, #1	;(R6=0x00000000 )
(             libc.so[0xCBC2B000])[9F 3F 94 E1 ]0x0000E644:	LDREX	R3, [R4]	;(R4=0xCBC79340 )
(             libc.so[0xCBC2B000])[00 10 A0 E3 ]0x0000E648:	MOV	R1, #0
(             libc.so[0xCBC2B000])[06 00 33 E1 ]0x0000E64C:	TEQ	R3, R6	;(R3=0x00000000 R6=0x00000000 )
(             libc.so[0xCBC2B000])[90 1F 84 01 ]0x0000E650:	STREXEQ	R1, R0, [R4]	;(R0=0x00000001 R4=0xCBC79340 )
(             libc.so[0xCBC2B000])[00 00 51 E3 ]0x0000E654:	CMP	R1, #0	;(R1=0x00000000 )
(             libc.so[0xCBC2B000])[F9 FF FF 1A ]0x0000E658:	BNE	#0XCBC39644	;(PC=0xCBC39658 )
(             libc.so[0xCBC2B000])[03 00 56 E1 ]0x0000E65C:	CMP	R6, R3	;(R6=0x00000000 R3=0x00000000 )
(             libc.so[0xCBC2B000])[02 50 86 13 ]0x0000E660:	ORRNE	R5, R6, #2	;(R6=0x00000000 )
(             libc.so[0xCBC2B000])[01 00 00 1A ]0x0000E664:	BNE	#0XCBC39670	;(PC=0xCBC39664 )
(             libc.so[0xCBC2B000])[09 00 00 EA ]0x0000E668:	B	#0XCBC39694	;(PC=0xCBC39668 )
(             libc.so[0xCBC2B000])[5F F0 7F F5 ]0x0000E694:	DMB	SY
(             libc.so[0xCBC2B000])[00 00 A0 E3 ]0x0000E698:	MOV	R0, #0
(             libc.so[0xCBC2B000])[F0 81 BD E8 ]0x0000E69C:	POP	{R4, R5, R6, R7, R8, PC}	;(SP=0x100FFF98 )
(             libc.so[0xCBC2B000])[00 28       ]0x0000FDFE:	CMP	R0, #0	;(R0=0x00000000 )
(             libc.so[0xCBC2B000])[41 F0 6F 80 ]0x0000FE00:	BNE.W	#0XCBC3BEE2
(             libc.so[0xCBC2B000])[F3 E7       ]0x0000FE04:	B	#0XCBC3ADEE
(             libc.so[0xCBC2B000])[F4 2C       ]0x0000FDEE:	CMP	R4, #0XF4	;(R4=0x00000014 )
(             libc.so[0xCBC2B000])[09 D9       ]0x0000FDF0:	BLS	#0XCBC3AE06
(             libc.so[0xCBC2B000])[0A 2C       ]0x0000FE06:	CMP	R4, #0XA	;(R4=0x00000014 )
(             libc.so[0xCBC2B000])[03 D9       ]0x0000FE08:	BLS	#0XCBC3AE12
(             libc.so[0xCBC2B000])[0B 34       ]0x0000FE0A:	ADDS	R4, #0XB	;(R4=0x00000014 )
(             libc.so[0xCBC2B000])[24 F0 07 04 ]0x0000FE0C:	BIC	R4, R4, #7	;(R4=0x0000001F )
(             libc.so[0xCBC2B000])[00 E0       ]0x0000FE10:	B	#0XCBC3AE14
(             libc.so[0xCBC2B000])[DF F8 68 3B ]0x0000FE14:	LDR.W	R3, [PC, #0XB68]	;(PC=0xCBC3AE14 )
(             libc.so[0xCBC2B000])[E2 08       ]0x0000FE18:	LSRS	R2, R4, #3	;(R4=0x00000018 )
(             libc.so[0xCBC2B000])[7B 44       ]0x0000FE1A:	ADD	R3, PC	;(R3=0x0003E362 PC=0xCBC3AE1A )
(             libc.so[0xCBC2B000])[18 68       ]0x0000FE1C:	LDR	R0, [R3]	;(R3=0xCBC79180 )
(             libc.so[0xCBC2B000])[20 FA 02 F1 ]0x0000FE1E:	LSR.W	R1, R0, R2	;(R0=0x00000000 R2=0x00000003 )
(             libc.so[0xCBC2B000])[01 90       ]0x0000FE22:	STR	R0, [SP, #4]	;(R0=0x00000000 SP=0x100FFFB0 )
(             libc.so[0xCBC2B000])[8E 07       ]0x0000FE24:	LSLS	R6, R1, #0X1E	;(R1=0x00000000 )
(             libc.so[0xCBC2B000])[21 D0       ]0x0000FE26:	BEQ	#0XCBC3AE6C
(             libc.so[0xCBC2B000])[9D 68       ]0x0000FE6C:	LDR	R5, [R3, #8]	;(R3=0xCBC79180 )
(             libc.so[0xCBC2B000])[AC 42       ]0x0000FE6E:	CMP	R4, R5	;(R4=0x00000018 R5=0x00000000 )
(             libc.so[0xCBC2B000])[40 F2 3F 83 ]0x0000FE70:	BLS.W	#0XCBC3B4F2
(             libc.so[0xCBC2B000])[00 29       ]0x0000FE74:	CMP	R1, #0	;(R1=0x00000000 )
(             libc.so[0xCBC2B000])[74 D0       ]0x0000FE76:	BEQ	#0XCBC3AF62
(             libc.so[0xCBC2B000])[D3 F8 04 80 ]0x0000FF62:	LDR.W	R8, [R3, #4]	;(R3=0xCBC79180 )
(             libc.so[0xCBC2B000])[B8 F1 00 0F ]0x0000FF66:	CMP.W	R8, #0	;(R8=0x00000000 )
(             libc.so[0xCBC2B000])[00 F0 C2 82 ]0x0000FF6A:	BEQ.W	#0XCBC3B4F2
(             libc.so[0xCBC2B000])[DF F8 E0 34 ]0x000104F2:	LDR.W	R3, [PC, #0X4E0]	;(PC=0xCBC3B4F2 )
(             libc.so[0xCBC2B000])[7B 44       ]0x000104F6:	ADD	R3, PC	;(R3=0x0003DC86 PC=0xCBC3B4F6 )
(             libc.so[0xCBC2B000])[98 68       ]0x000104F8:	LDR	R0, [R3, #8]	;(R3=0xCBC79180 )
(             libc.so[0xCBC2B000])[84 42       ]0x000104FA:	CMP	R4, R0	;(R4=0x00000018 R0=0x00000000 )
(             libc.so[0xCBC2B000])[19 D8       ]0x000104FC:	BHI	#0XCBC3B532
(             libc.so[0xCBC2B000])[DE 68       ]0x00010532:	LDR	R6, [R3, #0XC]	;(R3=0xCBC79180 )
(             libc.so[0xCBC2B000])[B4 42       ]0x00010534:	CMP	R4, R6	;(R4=0x00000018 R6=0x00000D08 )
(             libc.so[0xCBC2B000])[01 D2       ]0x00010536:	BHS	#0XCBC3B53C
(             libc.so[0xCBC2B000])[00 F0 7B BC ]0x00010538:	B.W	#0XCBC3BE32
(             libc.so[0xCBC2B000])[30 1B       ]0x00010E32:	SUBS	R0, R6, R4	;(R6=0x00000D08 R4=0x00000018 )
(             libc.so[0xCBC2B000])[9E 69       ]0x00010E34:	LDR	R6, [R3, #0X18]	;(R3=0xCBC79180 )
(             libc.so[0xCBC2B000])[D8 60       ]0x00010E36:	STR	R0, [R3, #0XC]	;(R0=0x00000CF0 R3=0xCBC79180 )
(             libc.so[0xCBC2B000])[32 19       ]0x00010E38:	ADDS	R2, R6, R4	;(R6=0x300002D0 R4=0x00000018 )
(             libc.so[0xCBC2B000])[9A 61       ]0x00010E3A:	STR	R2, [R3, #0X18]	;(R2=0x300002E8 R3=0xCBC79180 )
(             libc.so[0xCBC2B000])[40 F0 01 03 ]0x00010E3C:	ORR	R3, R0, #1	;(R0=0x00000CF0 )
(             libc.so[0xCBC2B000])[53 60       ]0x00010E40:	STR	R3, [R2, #4]	;(R3=0x00000CF1 R2=0x300002E8 )
(             libc.so[0xCBC2B000])[44 F0 03 04 ]0x00010E42:	ORR	R4, R4, #3	;(R4=0x00000018 )
(             libc.so[0xCBC2B000])[74 60       ]0x00010E46:	STR	R4, [R6, #4]	;(R4=0x0000001B R6=0x300002D0 )
(             libc.so[0xCBC2B000])[08 36       ]0x00010E48:	ADDS	R6, #8	;(R6=0x300002D0 )
(             libc.so[0xCBC2B000])[04 E0       ]0x00010E4A:	B	#0XCBC3BE56
(             libc.so[0xCBC2B000])[35 49       ]0x00010E56:	LDR	R1, [PC, #0XD4]	;(PC=0xCBC3BE56 )
(             libc.so[0xCBC2B000])[79 44       ]0x00010E58:	ADD	R1, PC	;(R1=0x0003D324 PC=0xCBC3BE58 )
(             libc.so[0xCBC2B000])[D1 F8 BC 21 ]0x00010E5A:	LDR.W	R2, [R1, #0X1BC]	;(R1=0xCBC79180 )
(             libc.so[0xCBC2B000])[93 07       ]0x00010E5E:	LSLS	R3, R2, #0X1E	;(R2=0x00000007 )
(             libc.so[0xCBC2B000])[3F D5       ]0x00010E60:	BPL	#0XCBC3BEE2
(             libc.so[0xCBC2B000])[01 F5 E0 70 ]0x00010E62:	ADD.W	R0, R1, #0X1C0	;(R1=0xCBC79180 )
(             libc.so[0xCBC2B000])[FD F7 3C ED ]0x00010E66:	BLX	#0XCBC398E0	;(PC=0xCBC3BE66 )
(             libc.so[0xCBC2B000])[BE FF FF EA ]0x0000E8E0:	B	#0XCBC397E0 ; pthread_mutex_unlock	;(PC=0xCBC398E0 )
(             libc.so[0xCBC2B000])[70 40 2D E9 ]0x0000E7E0:	PUSH	{R4, R5, R6, LR}	;(SP=0x100FFFB0 R4=0x0000001B R5=0x00000000 R6=0x300002D8 LR=0xCBC3BE6B )
(             libc.so[0xCBC2B000])[00 40 50 E2 ]0x0000E7E4:	SUBS	R4, R0, #0	;(R0=0xCBC79340 )
(             libc.so[0xCBC2B000])[08 D0 4D E2 ]0x0000E7E8:	SUB	SP, SP, #8	;(SP=0x100FFFA0 )
(             libc.so[0xCBC2B000])[2B 00 00 0A ]0x0000E7EC:	BEQ	#0XCBC398A0	;(PC=0xCBC397EC )
(             libc.so[0xCBC2B000])[00 50 94 E5 ]0x0000E7F0:	LDR	R5, [R4]	;(R4=0xCBC79340 )
(             libc.so[0xCBC2B000])[03 69 15 E2 ]0x0000E7F4:	ANDS	R6, R5, #0XC000	;(R5=0x00000001 )
(             libc.so[0xCBC2B000])[02 1A 05 E2 ]0x0000E7F8:	AND	R1, R5, #0X2000	;(R5=0x00000001 )
(             libc.so[0xCBC2B000])[11 00 00 1A ]0x0000E7FC:	BNE	#0XCBC39848	;(PC=0xCBC397FC )
(             libc.so[0xCBC2B000])[5F F0 7F F5 ]0x0000E800:	DMB	SY
(             libc.so[0xCBC2B000])[9F 2F 94 E1 ]0x0000E804:	LDREX	R2, [R4]	;(R4=0xCBC79340 )
(             libc.so[0xCBC2B000])[01 30 42 E2 ]0x0000E808:	SUB	R3, R2, #1	;(R2=0x00000001 )
(             libc.so[0xCBC2B000])[93 5F 84 E1 ]0x0000E80C:	STREX	R5, R3, [R4]	;(R3=0x00000000 R4=0xCBC79340 )
(             libc.so[0xCBC2B000])[00 00 55 E3 ]0x0000E810:	CMP	R5, #0	;(R5=0x00000000 )
(             libc.so[0xCBC2B000])[FA FF FF 1A ]0x0000E814:	BNE	#0XCBC39804	;(PC=0xCBC39814 )
(             libc.so[0xCBC2B000])[01 C0 81 E3 ]0x0000E818:	ORR	IP, R1, #1	;(R1=0x00000000 )
(             libc.so[0xCBC2B000])[0C 00 52 E1 ]0x0000E81C:	CMP	R2, IP	;(R2=0x00000001 IP=0x00000001 )
(             libc.so[0xCBC2B000])[06 00 00 0A ]0x0000E820:	BEQ	#0XCBC39840	;(PC=0xCBC39820 )
(             libc.so[0xCBC2B000])[00 00 A0 E3 ]0x0000E840:	MOV	R0, #0
(             libc.so[0xCBC2B000])[FB FF FF EA ]0x0000E844:	B	#0XCBC39838	;(PC=0xCBC39844 )
(             libc.so[0xCBC2B000])[08 D0 8D E2 ]0x0000E838:	ADD	SP, SP, #8	;(SP=0x100FFF98 )
(             libc.so[0xCBC2B000])[70 80 BD E8 ]0x0000E83C:	POP	{R4, R5, R6, PC}	;(SP=0x100FFFA0 )
(             libc.so[0xCBC2B000])[3A E0       ]0x00010E6A:	B	#0XCBC3BEE2
(             libc.so[0xCBC2B000])[30 46       ]0x00010EE2:	MOV	R0, R6	;(R6=0x300002D8 )
(             libc.so[0xCBC2B000])[BD E8 FE 8F ]0x00010EE4:	POP.W	{R1, R2, R3, R4, R5, R6, R7, R8, SB, SL, FP, PC}	;(SP=0x100FFFB0 )
(             libc.so[0xCBC2B000])[08 BD       ]0x0000DBF8:	POP	{R3, PC}	;(SP=0x100FFFE0 )
(        libstdc++.so[0xCBC8F000])[08 B9       ]0x0000091E:	CBNZ	R0, #0XCBC8F924	;(R0=0x300002D8 )
(        libstdc++.so[0xCBC8F000])[08 BD       ]0x00000924:	POP	{R3, PC}	;(SP=0x100FFFE8 )
(  libmakeurl2.4.9.so[0xCBBCB000])[05 46       ]0x0000182C:	MOV	R5, R0	;(R0=0x300002D8 )
(  libmakeurl2.4.9.so[0xCBBCB000])[1B F0 13 F9 ]0x0000182E:	BL	#0XCBBE7A58	;(PC=0xCBBCC82E )
(  libmakeurl2.4.9.so[0xCBBCB000])[07 49       ]0x0001CA58:	LDR	R1, [PC, #0X1C]	;(PC=0xCBBE7A58 )
(  libmakeurl2.4.9.so[0xCBBCB000])[02 46       ]0x0001CA5A:	MOV	R2, R0	;(R0=0x300002D8 )
(  libmakeurl2.4.9.so[0xCBBCB000])[79 44       ]0x0001CA5C:	ADD	R1, PC	;(R1=0x000282D8 PC=0xCBBE7A5C )
(  libmakeurl2.4.9.so[0xCBBCB000])[08 31       ]0x0001CA5E:	ADDS	R1, #8	;(R1=0xCBC0FD38 )
(  libmakeurl2.4.9.so[0xCBBCB000])[01 60       ]0x0001CA60:	STR	R1, [R0]	;(R1=0xCBC0FD40 R0=0x300002D8 )
(  libmakeurl2.4.9.so[0xCBBCB000])[00 21       ]0x0001CA62:	MOVS	R1, #0
(  libmakeurl2.4.9.so[0xCBBCB000])[42 F8 08 1F ]0x0001CA64:	STR	R1, [R2, #8]!	;(R1=0x00000000 R2=0x300002D8 )
(  libmakeurl2.4.9.so[0xCBBCB000])[C1 60       ]0x0001CA68:	STR	R1, [R0, #0XC]	;(R1=0x00000000 R0=0x300002D8 )
(  libmakeurl2.4.9.so[0xCBBCB000])[45 F2 78 61 ]0x0001CA6A:	MOVW	R1, #0X5678
(  libmakeurl2.4.9.so[0xCBBCB000])[C1 F2 34 21 ]0x0001CA6E:	MOVT	R1, #0X1234	;(R1=0x00005678 )
(  libmakeurl2.4.9.so[0xCBBCB000])[42 60       ]0x0001CA72:	STR	R2, [R0, #4]	;(R2=0x300002E0 R0=0x300002D8 )
(  libmakeurl2.4.9.so[0xCBBCB000])[01 61       ]0x0001CA74:	STR	R1, [R0, #0X10]	;(R1=0x12345678 R0=0x300002D8 )
(  libmakeurl2.4.9.so[0xCBBCB000])[70 47       ]0x0001CA76:	BX	LR	;(LR=0xCBBCC833 )
(  libmakeurl2.4.9.so[0xCBBCB000])[95 48       ]0x00001832:	LDR	R0, [PC, #0X254]	;(PC=0xCBBCC832 )
(  libmakeurl2.4.9.so[0xCBBCB000])[78 44       ]0x00001834:	ADD	R0, PC	;(R0=0x000439E8 PC=0xCBBCC834 )
(  libmakeurl2.4.9.so[0xCBBCB000])[05 60       ]0x00001836:	STR	R5, [R0]	;(R5=0x300002D8 R0=0xCBC10220 )
(  libmakeurl2.4.9.so[0xCBBCB000])[14 20       ]0x00001838:	MOVS	R0, #0X14
(  libmakeurl2.4.9.so[0xCBBCB000])[FF F7 20 EE ]0x0000183A:	BLX	#0XCBBCC47C	;(PC=0xCBBCC83A )
(  libmakeurl2.4.9.so[0xCBBCB000])[00 C6 8F E2 ]0x0000147C:	ADD	IP, PC, #0, #12	;(PC=0xCBBCC47C )
(  libmakeurl2.4.9.so[0xCBBCB000])[43 CA 8C E2 ]0x00001480:	ADD	IP, IP, #0X43000	;(IP=0xCBBCC484 )
(  libmakeurl2.4.9.so[0xCBBCB000])[00 FB BC E5 ]0x00001484:	LDR	PC, [IP, #0XB00]!	;(IP=0xCBC0F484 )
(        libstdc++.so[0xCBC8F000])[08 B5       ]0x00000918:	PUSH	{R3, LR} ; _Znaj	;(SP=0x100FFFF0 R3=0x00000000 LR=0xCBBCC83F )
(        libstdc++.so[0xCBC8F000])[FF F7 6E EF ]0x0000091A:	BLX	#0XCBC8F7F8	;(PC=0xCBC8F91A )
(        libstdc++.so[0xCBC8F000])[00 C6 8F E2 ]0x000007F8:	ADD	IP, PC, #0, #12	;(PC=0xCBC8F7F8 )
(        libstdc++.so[0xCBC8F000])[01 CA 8C E2 ]0x000007FC:	ADD	IP, IP, #0X1000	;(IP=0xCBC8F800 )
(        libstdc++.so[0xCBC8F000])[F0 F7 BC E5 ]0x00000800:	LDR	PC, [IP, #0X7F0]!	;(IP=0xCBC90800 )
(             libc.so[0xCBC2B000])[08 B5       ]0x0000DBEC:	PUSH	{R3, LR} ; malloc	;(SP=0x100FFFE8 R3=0x00000000 LR=0xCBC8F91F )
(             libc.so[0xCBC2B000])[03 4B       ]0x0000DBEE:	LDR	R3, [PC, #0XC]	;(PC=0xCBC38BEE )
(             libc.so[0xCBC2B000])[7B 44       ]0x0000DBF0:	ADD	R3, PC	;(R3=0x0003C40C PC=0xCBC38BF0 )
(             libc.so[0xCBC2B000])[19 68       ]0x0000DBF2:	LDR	R1, [R3]	;(R3=0xCBC75000 )
(             libc.so[0xCBC2B000])[0A 68       ]0x0000DBF4:	LDR	R2, [R1]	;(R1=0xCBC74E00 )
(             libc.so[0xCBC2B000])[90 47       ]0x0000DBF6:	BLX	R2	;(PC=0xCBC38BF6 R2=0xCBC3ADCD )
(             libc.so[0xCBC2B000])[DF F8 A4 3B ]0x0000FDCC:	LDR.W	R3, [PC, #0XBA4] ; dlmalloc	;(PC=0xCBC3ADCC )
(             libc.so[0xCBC2B000])[2D E9 F7 4F ]0x0000FDD0:	PUSH.W	{R0, R1, R2, R4, R5, R6, R7, R8, SB, SL, FP, LR}	;(SP=0x100FFFE0 R0=0x00000014 R1=0xCBC74E00 R2=0xCBC3ADCD R4=0x00000000 R5=0x300002D8 R6=0x00000000 R7=0x100FFFF8 R8=0x00000000 SB=0x00000000 SL=0x00000000 FP=0x00000000 LR=0xCBC38BF9 )
(             libc.so[0xCBC2B000])[7B 44       ]0x0000FDD4:	ADD	R3, PC	;(R3=0x0003E588 PC=0xCBC3ADD4 )
(             libc.so[0xCBC2B000])[04 46       ]0x0000FDD6:	MOV	R4, R0	;(R0=0x00000014 )
(             libc.so[0xCBC2B000])[18 68       ]0x0000FDD8:	LDR	R0, [R3]	;(R3=0xCBC79360 )
(             libc.so[0xCBC2B000])[08 B9       ]0x0000FDDA:	CBNZ	R0, #0XCBC3ADE0	;(R0=0x0B13C7D8 )
(             libc.so[0xCBC2B000])[DF F8 94 1B ]0x0000FDE0:	LDR.W	R1, [PC, #0XB94]	;(PC=0xCBC3ADE0 )
(             libc.so[0xCBC2B000])[79 44       ]0x0000FDE4:	ADD	R1, PC	;(R1=0x0003E398 PC=0xCBC3ADE4 )
(             libc.so[0xCBC2B000])[D1 F8 BC 21 ]0x0000FDE6:	LDR.W	R2, [R1, #0X1BC]	;(R1=0xCBC79180 )
(             libc.so[0xCBC2B000])[93 07       ]0x0000FDEA:	LSLS	R3, R2, #0X1E	;(R2=0x00000007 )
(             libc.so[0xCBC2B000])[02 D4       ]0x0000FDEC:	BMI	#0XCBC3ADF4
(             libc.so[0xCBC2B000])[01 F5 E0 70 ]0x0000FDF4:	ADD.W	R0, R1, #0X1C0	;(R1=0xCBC79180 )
(             libc.so[0xCBC2B000])[00 26       ]0x0000FDF8:	MOVS	R6, #0
(             libc.so[0xCBC2B000])[FE F7 F0 EC ]0x0000FDFA:	BLX	#0XCBC397DC	;(PC=0xCBC3ADFA )
(             libc.so[0xCBC2B000])[90 FF FF EA ]0x0000E7DC:	B	#0XCBC39624 ; pthread_mutex_lock	;(PC=0xCBC397DC )
(             libc.so[0xCBC2B000])[F0 41 2D E9 ]0x0000E624:	PUSH	{R4, R5, R6, R7, R8, LR}	;(SP=0x100FFFB0 R4=0x00000014 R5=0x300002D8 R6=0x00000000 R7=0x100FFFF8 R8=0x00000000 LR=0xCBC3ADFF )
(             libc.so[0xCBC2B000])[00 40 50 E2 ]0x0000E628:	SUBS	R4, R0, #0	;(R0=0xCBC79340 )
(             libc.so[0xCBC2B000])[1B 00 00 0A ]0x0000E62C:	BEQ	#0XCBC396A0	;(PC=0xCBC3962C )
(             libc.so[0xCBC2B000])[00 50 94 E5 ]0x0000E630:	LDR	R5, [R4]	;(R4=0xCBC79340 )
(             libc.so[0xCBC2B000])[03 79 15 E2 ]0x0000E634:	ANDS	R7, R5, #0XC000	;(R5=0x00000000 )
(             libc.so[0xCBC2B000])[02 6A 05 E2 ]0x0000E638:	AND	R6, R5, #0X2000	;(R5=0x00000000 )
(             libc.so[0xCBC2B000])[19 00 00 1A ]0x0000E63C:	BNE	#0XCBC396A8	;(PC=0xCBC3963C )
(             libc.so[0xCBC2B000])[01 00 86 E3 ]0x0000E640:	ORR	R0, R6, #1	;(R6=0x00000000 )
(             libc.so[0xCBC2B000])[9F 3F 94 E1 ]0x0000E644:	LDREX	R3, [R4]	;(R4=0xCBC79340 )
(             libc.so[0xCBC2B000])[00 10 A0 E3 ]0x0000E648:	MOV	R1, #0
(             libc.so[0xCBC2B000])[06 00 33 E1 ]0x0000E64C:	TEQ	R3, R6	;(R3=0x00000000 R6=0x00000000 )
(             libc.so[0xCBC2B000])[90 1F 84 01 ]0x0000E650:	STREXEQ	R1, R0, [R4]	;(R0=0x00000001 R4=0xCBC79340 )
(             libc.so[0xCBC2B000])[00 00 51 E3 ]0x0000E654:	CMP	R1, #0	;(R1=0x00000000 )
(             libc.so[0xCBC2B000])[F9 FF FF 1A ]0x0000E658:	BNE	#0XCBC39644	;(PC=0xCBC39658 )
(             libc.so[0xCBC2B000])[03 00 56 E1 ]0x0000E65C:	CMP	R6, R3	;(R6=0x00000000 R3=0x00000000 )
(             libc.so[0xCBC2B000])[02 50 86 13 ]0x0000E660:	ORRNE	R5, R6, #2	;(R6=0x00000000 )
(             libc.so[0xCBC2B000])[01 00 00 1A ]0x0000E664:	BNE	#0XCBC39670	;(PC=0xCBC39664 )
(             libc.so[0xCBC2B000])[09 00 00 EA ]0x0000E668:	B	#0XCBC39694	;(PC=0xCBC39668 )
(             libc.so[0xCBC2B000])[5F F0 7F F5 ]0x0000E694:	DMB	SY
(             libc.so[0xCBC2B000])[00 00 A0 E3 ]0x0000E698:	MOV	R0, #0
(             libc.so[0xCBC2B000])[F0 81 BD E8 ]0x0000E69C:	POP	{R4, R5, R6, R7, R8, PC}	;(SP=0x100FFF98 )
(             libc.so[0xCBC2B000])[00 28       ]0x0000FDFE:	CMP	R0, #0	;(R0=0x00000000 )
(             libc.so[0xCBC2B000])[41 F0 6F 80 ]0x0000FE00:	BNE.W	#0XCBC3BEE2
(             libc.so[0xCBC2B000])[F3 E7       ]0x0000FE04:	B	#0XCBC3ADEE
(             libc.so[0xCBC2B000])[F4 2C       ]0x0000FDEE:	CMP	R4, #0XF4	;(R4=0x00000014 )
(             libc.so[0xCBC2B000])[09 D9       ]0x0000FDF0:	BLS	#0XCBC3AE06
(             libc.so[0xCBC2B000])[0A 2C       ]0x0000FE06:	CMP	R4, #0XA	;(R4=0x00000014 )
(             libc.so[0xCBC2B000])[03 D9       ]0x0000FE08:	BLS	#0XCBC3AE12
(             libc.so[0xCBC2B000])[0B 34       ]0x0000FE0A:	ADDS	R4, #0XB	;(R4=0x00000014 )
(             libc.so[0xCBC2B000])[24 F0 07 04 ]0x0000FE0C:	BIC	R4, R4, #7	;(R4=0x0000001F )
(             libc.so[0xCBC2B000])[00 E0       ]0x0000FE10:	B	#0XCBC3AE14
(             libc.so[0xCBC2B000])[DF F8 68 3B ]0x0000FE14:	LDR.W	R3, [PC, #0XB68]	;(PC=0xCBC3AE14 )
(             libc.so[0xCBC2B000])[E2 08       ]0x0000FE18:	LSRS	R2, R4, #3	;(R4=0x00000018 )
(             libc.so[0xCBC2B000])[7B 44       ]0x0000FE1A:	ADD	R3, PC	;(R3=0x0003E362 PC=0xCBC3AE1A )
(             libc.so[0xCBC2B000])[18 68       ]0x0000FE1C:	LDR	R0, [R3]	;(R3=0xCBC79180 )
(             libc.so[0xCBC2B000])[20 FA 02 F1 ]0x0000FE1E:	LSR.W	R1, R0, R2	;(R0=0x00000000 R2=0x00000003 )
(             libc.so[0xCBC2B000])[01 90       ]0x0000FE22:	STR	R0, [SP, #4]	;(R0=0x00000000 SP=0x100FFFB0 )
(             libc.so[0xCBC2B000])[8E 07       ]0x0000FE24:	LSLS	R6, R1, #0X1E	;(R1=0x00000000 )
(             libc.so[0xCBC2B000])[21 D0       ]0x0000FE26:	BEQ	#0XCBC3AE6C
(             libc.so[0xCBC2B000])[9D 68       ]0x0000FE6C:	LDR	R5, [R3, #8]	;(R3=0xCBC79180 )
(             libc.so[0xCBC2B000])[AC 42       ]0x0000FE6E:	CMP	R4, R5	;(R4=0x00000018 R5=0x00000000 )
(             libc.so[0xCBC2B000])[40 F2 3F 83 ]0x0000FE70:	BLS.W	#0XCBC3B4F2
(             libc.so[0xCBC2B000])[00 29       ]0x0000FE74:	CMP	R1, #0	;(R1=0x00000000 )
(             libc.so[0xCBC2B000])[74 D0       ]0x0000FE76:	BEQ	#0XCBC3AF62
(             libc.so[0xCBC2B000])[D3 F8 04 80 ]0x0000FF62:	LDR.W	R8, [R3, #4]	;(R3=0xCBC79180 )
(             libc.so[0xCBC2B000])[B8 F1 00 0F ]0x0000FF66:	CMP.W	R8, #0	;(R8=0x00000000 )
(             libc.so[0xCBC2B000])[00 F0 C2 82 ]0x0000FF6A:	BEQ.W	#0XCBC3B4F2
(             libc.so[0xCBC2B000])[DF F8 E0 34 ]0x000104F2:	LDR.W	R3, [PC, #0X4E0]	;(PC=0xCBC3B4F2 )
(             libc.so[0xCBC2B000])[7B 44       ]0x000104F6:	ADD	R3, PC	;(R3=0x0003DC86 PC=0xCBC3B4F6 )
(             libc.so[0xCBC2B000])[98 68       ]0x000104F8:	LDR	R0, [R3, #8]	;(R3=0xCBC79180 )
(             libc.so[0xCBC2B000])[84 42       ]0x000104FA:	CMP	R4, R0	;(R4=0x00000018 R0=0x00000000 )
(             libc.so[0xCBC2B000])[19 D8       ]0x000104FC:	BHI	#0XCBC3B532
(             libc.so[0xCBC2B000])[DE 68       ]0x00010532:	LDR	R6, [R3, #0XC]	;(R3=0xCBC79180 )
(             libc.so[0xCBC2B000])[B4 42       ]0x00010534:	CMP	R4, R6	;(R4=0x00000018 R6=0x00000CF0 )
(             libc.so[0xCBC2B000])[01 D2       ]0x00010536:	BHS	#0XCBC3B53C
(             libc.so[0xCBC2B000])[00 F0 7B BC ]0x00010538:	B.W	#0XCBC3BE32
(             libc.so[0xCBC2B000])[30 1B       ]0x00010E32:	SUBS	R0, R6, R4	;(R6=0x00000CF0 R4=0x00000018 )
(             libc.so[0xCBC2B000])[9E 69       ]0x00010E34:	LDR	R6, [R3, #0X18]	;(R3=0xCBC79180 )
(             libc.so[0xCBC2B000])[D8 60       ]0x00010E36:	STR	R0, [R3, #0XC]	;(R0=0x00000CD8 R3=0xCBC79180 )
(             libc.so[0xCBC2B000])[32 19       ]0x00010E38:	ADDS	R2, R6, R4	;(R6=0x300002E8 R4=0x00000018 )
(             libc.so[0xCBC2B000])[9A 61       ]0x00010E3A:	STR	R2, [R3, #0X18]	;(R2=0x30000300 R3=0xCBC79180 )
(             libc.so[0xCBC2B000])[40 F0 01 03 ]0x00010E3C:	ORR	R3, R0, #1	;(R0=0x00000CD8 )
(             libc.so[0xCBC2B000])[53 60       ]0x00010E40:	STR	R3, [R2, #4]	;(R3=0x00000CD9 R2=0x30000300 )
(             libc.so[0xCBC2B000])[44 F0 03 04 ]0x00010E42:	ORR	R4, R4, #3	;(R4=0x00000018 )
(             libc.so[0xCBC2B000])[74 60       ]0x00010E46:	STR	R4, [R6, #4]	;(R4=0x0000001B R6=0x300002E8 )
(             libc.so[0xCBC2B000])[08 36       ]0x00010E48:	ADDS	R6, #8	;(R6=0x300002E8 )
(             libc.so[0xCBC2B000])[04 E0       ]0x00010E4A:	B	#0XCBC3BE56
(             libc.so[0xCBC2B000])[35 49       ]0x00010E56:	LDR	R1, [PC, #0XD4]	;(PC=0xCBC3BE56 )
(             libc.so[0xCBC2B000])[79 44       ]0x00010E58:	ADD	R1, PC	;(R1=0x0003D324 PC=0xCBC3BE58 )
(             libc.so[0xCBC2B000])[D1 F8 BC 21 ]0x00010E5A:	LDR.W	R2, [R1, #0X1BC]	;(R1=0xCBC79180 )
(             libc.so[0xCBC2B000])[93 07       ]0x00010E5E:	LSLS	R3, R2, #0X1E	;(R2=0x00000007 )
(             libc.so[0xCBC2B000])[3F D5       ]0x00010E60:	BPL	#0XCBC3BEE2
(             libc.so[0xCBC2B000])[01 F5 E0 70 ]0x00010E62:	ADD.W	R0, R1, #0X1C0	;(R1=0xCBC79180 )
(             libc.so[0xCBC2B000])[FD F7 3C ED ]0x00010E66:	BLX	#0XCBC398E0	;(PC=0xCBC3BE66 )
(             libc.so[0xCBC2B000])[BE FF FF EA ]0x0000E8E0:	B	#0XCBC397E0 ; pthread_mutex_unlock	;(PC=0xCBC398E0 )
(             libc.so[0xCBC2B000])[70 40 2D E9 ]0x0000E7E0:	PUSH	{R4, R5, R6, LR}	;(SP=0x100FFFB0 R4=0x0000001B R5=0x00000000 R6=0x300002F0 LR=0xCBC3BE6B )
(             libc.so[0xCBC2B000])[00 40 50 E2 ]0x0000E7E4:	SUBS	R4, R0, #0	;(R0=0xCBC79340 )
(             libc.so[0xCBC2B000])[08 D0 4D E2 ]0x0000E7E8:	SUB	SP, SP, #8	;(SP=0x100FFFA0 )
(             libc.so[0xCBC2B000])[2B 00 00 0A ]0x0000E7EC:	BEQ	#0XCBC398A0	;(PC=0xCBC397EC )
(             libc.so[0xCBC2B000])[00 50 94 E5 ]0x0000E7F0:	LDR	R5, [R4]	;(R4=0xCBC79340 )
(             libc.so[0xCBC2B000])[03 69 15 E2 ]0x0000E7F4:	ANDS	R6, R5, #0XC000	;(R5=0x00000001 )
(             libc.so[0xCBC2B000])[02 1A 05 E2 ]0x0000E7F8:	AND	R1, R5, #0X2000	;(R5=0x00000001 )
(             libc.so[0xCBC2B000])[11 00 00 1A ]0x0000E7FC:	BNE	#0XCBC39848	;(PC=0xCBC397FC )
(             libc.so[0xCBC2B000])[5F F0 7F F5 ]0x0000E800:	DMB	SY
(             libc.so[0xCBC2B000])[9F 2F 94 E1 ]0x0000E804:	LDREX	R2, [R4]	;(R4=0xCBC79340 )
(             libc.so[0xCBC2B000])[01 30 42 E2 ]0x0000E808:	SUB	R3, R2, #1	;(R2=0x00000001 )
(             libc.so[0xCBC2B000])[93 5F 84 E1 ]0x0000E80C:	STREX	R5, R3, [R4]	;(R3=0x00000000 R4=0xCBC79340 )
(             libc.so[0xCBC2B000])[00 00 55 E3 ]0x0000E810:	CMP	R5, #0	;(R5=0x00000000 )
(             libc.so[0xCBC2B000])[FA FF FF 1A ]0x0000E814:	BNE	#0XCBC39804	;(PC=0xCBC39814 )
(             libc.so[0xCBC2B000])[01 C0 81 E3 ]0x0000E818:	ORR	IP, R1, #1	;(R1=0x00000000 )
(             libc.so[0xCBC2B000])[0C 00 52 E1 ]0x0000E81C:	CMP	R2, IP	;(R2=0x00000001 IP=0x00000001 )
(             libc.so[0xCBC2B000])[06 00 00 0A ]0x0000E820:	BEQ	#0XCBC39840	;(PC=0xCBC39820 )
(             libc.so[0xCBC2B000])[00 00 A0 E3 ]0x0000E840:	MOV	R0, #0
(             libc.so[0xCBC2B000])[FB FF FF EA ]0x0000E844:	B	#0XCBC39838	;(PC=0xCBC39844 )
(             libc.so[0xCBC2B000])[08 D0 8D E2 ]0x0000E838:	ADD	SP, SP, #8	;(SP=0x100FFF98 )
(             libc.so[0xCBC2B000])[70 80 BD E8 ]0x0000E83C:	POP	{R4, R5, R6, PC}	;(SP=0x100FFFA0 )
(             libc.so[0xCBC2B000])[3A E0       ]0x00010E6A:	B	#0XCBC3BEE2
(             libc.so[0xCBC2B000])[30 46       ]0x00010EE2:	MOV	R0, R6	;(R6=0x300002F0 )
(             libc.so[0xCBC2B000])[BD E8 FE 8F ]0x00010EE4:	POP.W	{R1, R2, R3, R4, R5, R6, R7, R8, SB, SL, FP, PC}	;(SP=0x100FFFB0 )
(             libc.so[0xCBC2B000])[08 BD       ]0x0000DBF8:	POP	{R3, PC}	;(SP=0x100FFFE0 )
(        libstdc++.so[0xCBC8F000])[08 B9       ]0x0000091E:	CBNZ	R0, #0XCBC8F924	;(R0=0x300002F0 )
(        libstdc++.so[0xCBC8F000])[08 BD       ]0x00000924:	POP	{R3, PC}	;(SP=0x100FFFE8 )
(  libmakeurl2.4.9.so[0xCBBCB000])[05 46       ]0x0000183E:	MOV	R5, R0	;(R0=0x300002F0 )
(  libmakeurl2.4.9.so[0xCBBCB000])[1B F0 0A F9 ]0x00001840:	BL	#0XCBBE7A58	;(PC=0xCBBCC840 )
(  libmakeurl2.4.9.so[0xCBBCB000])[07 49       ]0x0001CA58:	LDR	R1, [PC, #0X1C]	;(PC=0xCBBE7A58 )
(  libmakeurl2.4.9.so[0xCBBCB000])[02 46       ]0x0001CA5A:	MOV	R2, R0	;(R0=0x300002F0 )
(  libmakeurl2.4.9.so[0xCBBCB000])[79 44       ]0x0001CA5C:	ADD	R1, PC	;(R1=0x000282D8 PC=0xCBBE7A5C )
(  libmakeurl2.4.9.so[0xCBBCB000])[08 31       ]0x0001CA5E:	ADDS	R1, #8	;(R1=0xCBC0FD38 )
(  libmakeurl2.4.9.so[0xCBBCB000])[01 60       ]0x0001CA60:	STR	R1, [R0]	;(R1=0xCBC0FD40 R0=0x300002F0 )
(  libmakeurl2.4.9.so[0xCBBCB000])[00 21       ]0x0001CA62:	MOVS	R1, #0
(  libmakeurl2.4.9.so[0xCBBCB000])[42 F8 08 1F ]0x0001CA64:	STR	R1, [R2, #8]!	;(R1=0x00000000 R2=0x300002F0 )
(  libmakeurl2.4.9.so[0xCBBCB000])[C1 60       ]0x0001CA68:	STR	R1, [R0, #0XC]	;(R1=0x00000000 R0=0x300002F0 )
(  libmakeurl2.4.9.so[0xCBBCB000])[45 F2 78 61 ]0x0001CA6A:	MOVW	R1, #0X5678
(  libmakeurl2.4.9.so[0xCBBCB000])[C1 F2 34 21 ]0x0001CA6E:	MOVT	R1, #0X1234	;(R1=0x00005678 )
(  libmakeurl2.4.9.so[0xCBBCB000])[42 60       ]0x0001CA72:	STR	R2, [R0, #4]	;(R2=0x300002F8 R0=0x300002F0 )
(  libmakeurl2.4.9.so[0xCBBCB000])[01 61       ]0x0001CA74:	STR	R1, [R0, #0X10]	;(R1=0x12345678 R0=0x300002F0 )
(  libmakeurl2.4.9.so[0xCBBCB000])[70 47       ]0x0001CA76:	BX	LR	;(LR=0xCBBCC845 )
(  libmakeurl2.4.9.so[0xCBBCB000])[91 48       ]0x00001844:	LDR	R0, [PC, #0X244]	;(PC=0xCBBCC844 )
(  libmakeurl2.4.9.so[0xCBBCB000])[78 44       ]0x00001846:	ADD	R0, PC	;(R0=0x000439DA PC=0xCBBCC846 )
(  libmakeurl2.4.9.so[0xCBBCB000])[05 60       ]0x00001848:	STR	R5, [R0]	;(R5=0x300002F0 R0=0xCBC10224 )
(  libmakeurl2.4.9.so[0xCBBCB000])[14 20       ]0x0000184A:	MOVS	R0, #0X14
(  libmakeurl2.4.9.so[0xCBBCB000])[FF F7 16 EE ]0x0000184C:	BLX	#0XCBBCC47C	;(PC=0xCBBCC84C )
(  libmakeurl2.4.9.so[0xCBBCB000])[00 C6 8F E2 ]0x0000147C:	ADD	IP, PC, #0, #12	;(PC=0xCBBCC47C )
(  libmakeurl2.4.9.so[0xCBBCB000])[43 CA 8C E2 ]0x00001480:	ADD	IP, IP, #0X43000	;(IP=0xCBBCC484 )
(  libmakeurl2.4.9.so[0xCBBCB000])[00 FB BC E5 ]0x00001484:	LDR	PC, [IP, #0XB00]!	;(IP=0xCBC0F484 )
(        libstdc++.so[0xCBC8F000])[08 B5       ]0x00000918:	PUSH	{R3, LR} ; _Znaj	;(SP=0x100FFFF0 R3=0x00000000 LR=0xCBBCC851 )
(        libstdc++.so[0xCBC8F000])[FF F7 6E EF ]0x0000091A:	BLX	#0XCBC8F7F8	;(PC=0xCBC8F91A )
(        libstdc++.so[0xCBC8F000])[00 C6 8F E2 ]0x000007F8:	ADD	IP, PC, #0, #12	;(PC=0xCBC8F7F8 )
(        libstdc++.so[0xCBC8F000])[01 CA 8C E2 ]0x000007FC:	ADD	IP, IP, #0X1000	;(IP=0xCBC8F800 )
(        libstdc++.so[0xCBC8F000])[F0 F7 BC E5 ]0x00000800:	LDR	PC, [IP, #0X7F0]!	;(IP=0xCBC90800 )
(             libc.so[0xCBC2B000])[08 B5       ]0x0000DBEC:	PUSH	{R3, LR} ; malloc	;(SP=0x100FFFE8 R3=0x00000000 LR=0xCBC8F91F )
(             libc.so[0xCBC2B000])[03 4B       ]0x0000DBEE:	LDR	R3, [PC, #0XC]	;(PC=0xCBC38BEE )
(             libc.so[0xCBC2B000])[7B 44       ]0x0000DBF0:	ADD	R3, PC	;(R3=0x0003C40C PC=0xCBC38BF0 )
(             libc.so[0xCBC2B000])[19 68       ]0x0000DBF2:	LDR	R1, [R3]	;(R3=0xCBC75000 )
(             libc.so[0xCBC2B000])[0A 68       ]0x0000DBF4:	LDR	R2, [R1]	;(R1=0xCBC74E00 )
(             libc.so[0xCBC2B000])[90 47       ]0x0000DBF6:	BLX	R2	;(PC=0xCBC38BF6 R2=0xCBC3ADCD )
(             libc.so[0xCBC2B000])[DF F8 A4 3B ]0x0000FDCC:	LDR.W	R3, [PC, #0XBA4] ; dlmalloc	;(PC=0xCBC3ADCC )
(             libc.so[0xCBC2B000])[2D E9 F7 4F ]0x0000FDD0:	PUSH.W	{R0, R1, R2, R4, R5, R6, R7, R8, SB, SL, FP, LR}	;(SP=0x100FFFE0 R0=0x00000014 R1=0xCBC74E00 R2=0xCBC3ADCD R4=0x00000000 R5=0x300002F0 R6=0x00000000 R7=0x100FFFF8 R8=0x00000000 SB=0x00000000 SL=0x00000000 FP=0x00000000 LR=0xCBC38BF9 )
(             libc.so[0xCBC2B000])[7B 44       ]0x0000FDD4:	ADD	R3, PC	;(R3=0x0003E588 PC=0xCBC3ADD4 )
(             libc.so[0xCBC2B000])[04 46       ]0x0000FDD6:	MOV	R4, R0	;(R0=0x00000014 )
(             libc.so[0xCBC2B000])[18 68       ]0x0000FDD8:	LDR	R0, [R3]	;(R3=0xCBC79360 )
(             libc.so[0xCBC2B000])[08 B9       ]0x0000FDDA:	CBNZ	R0, #0XCBC3ADE0	;(R0=0x0B13C7D8 )
(             libc.so[0xCBC2B000])[DF F8 94 1B ]0x0000FDE0:	LDR.W	R1, [PC, #0XB94]	;(PC=0xCBC3ADE0 )
(             libc.so[0xCBC2B000])[79 44       ]0x0000FDE4:	ADD	R1, PC	;(R1=0x0003E398 PC=0xCBC3ADE4 )
(             libc.so[0xCBC2B000])[D1 F8 BC 21 ]0x0000FDE6:	LDR.W	R2, [R1, #0X1BC]	;(R1=0xCBC79180 )
(             libc.so[0xCBC2B000])[93 07       ]0x0000FDEA:	LSLS	R3, R2, #0X1E	;(R2=0x00000007 )
(             libc.so[0xCBC2B000])[02 D4       ]0x0000FDEC:	BMI	#0XCBC3ADF4
(             libc.so[0xCBC2B000])[01 F5 E0 70 ]0x0000FDF4:	ADD.W	R0, R1, #0X1C0	;(R1=0xCBC79180 )
(             libc.so[0xCBC2B000])[00 26       ]0x0000FDF8:	MOVS	R6, #0
(             libc.so[0xCBC2B000])[FE F7 F0 EC ]0x0000FDFA:	BLX	#0XCBC397DC	;(PC=0xCBC3ADFA )
(             libc.so[0xCBC2B000])[90 FF FF EA ]0x0000E7DC:	B	#0XCBC39624 ; pthread_mutex_lock	;(PC=0xCBC397DC )
(             libc.so[0xCBC2B000])[F0 41 2D E9 ]0x0000E624:	PUSH	{R4, R5, R6, R7, R8, LR}	;(SP=0x100FFFB0 R4=0x00000014 R5=0x300002F0 R6=0x00000000 R7=0x100FFFF8 R8=0x00000000 LR=0xCBC3ADFF )
(             libc.so[0xCBC2B000])[00 40 50 E2 ]0x0000E628:	SUBS	R4, R0, #0	;(R0=0xCBC79340 )
(             libc.so[0xCBC2B000])[1B 00 00 0A ]0x0000E62C:	BEQ	#0XCBC396A0	;(PC=0xCBC3962C )
(             libc.so[0xCBC2B000])[00 50 94 E5 ]0x0000E630:	LDR	R5, [R4]	;(R4=0xCBC79340 )
(             libc.so[0xCBC2B000])[03 79 15 E2 ]0x0000E634:	ANDS	R7, R5, #0XC000	;(R5=0x00000000 )
(             libc.so[0xCBC2B000])[02 6A 05 E2 ]0x0000E638:	AND	R6, R5, #0X2000	;(R5=0x00000000 )
(             libc.so[0xCBC2B000])[19 00 00 1A ]0x0000E63C:	BNE	#0XCBC396A8	;(PC=0xCBC3963C )
(             libc.so[0xCBC2B000])[01 00 86 E3 ]0x0000E640:	ORR	R0, R6, #1	;(R6=0x00000000 )
(             libc.so[0xCBC2B000])[9F 3F 94 E1 ]0x0000E644:	LDREX	R3, [R4]	;(R4=0xCBC79340 )
(             libc.so[0xCBC2B000])[00 10 A0 E3 ]0x0000E648:	MOV	R1, #0
(             libc.so[0xCBC2B000])[06 00 33 E1 ]0x0000E64C:	TEQ	R3, R6	;(R3=0x00000000 R6=0x00000000 )
(             libc.so[0xCBC2B000])[90 1F 84 01 ]0x0000E650:	STREXEQ	R1, R0, [R4]	;(R0=0x00000001 R4=0xCBC79340 )
(             libc.so[0xCBC2B000])[00 00 51 E3 ]0x0000E654:	CMP	R1, #0	;(R1=0x00000000 )
(             libc.so[0xCBC2B000])[F9 FF FF 1A ]0x0000E658:	BNE	#0XCBC39644	;(PC=0xCBC39658 )
(             libc.so[0xCBC2B000])[03 00 56 E1 ]0x0000E65C:	CMP	R6, R3	;(R6=0x00000000 R3=0x00000000 )
(             libc.so[0xCBC2B000])[02 50 86 13 ]0x0000E660:	ORRNE	R5, R6, #2	;(R6=0x00000000 )
(             libc.so[0xCBC2B000])[01 00 00 1A ]0x0000E664:	BNE	#0XCBC39670	;(PC=0xCBC39664 )
(             libc.so[0xCBC2B000])[09 00 00 EA ]0x0000E668:	B	#0XCBC39694	;(PC=0xCBC39668 )
(             libc.so[0xCBC2B000])[5F F0 7F F5 ]0x0000E694:	DMB	SY
(             libc.so[0xCBC2B000])[00 00 A0 E3 ]0x0000E698:	MOV	R0, #0
(             libc.so[0xCBC2B000])[F0 81 BD E8 ]0x0000E69C:	POP	{R4, R5, R6, R7, R8, PC}	;(SP=0x100FFF98 )
(             libc.so[0xCBC2B000])[00 28       ]0x0000FDFE:	CMP	R0, #0	;(R0=0x00000000 )
(             libc.so[0xCBC2B000])[41 F0 6F 80 ]0x0000FE00:	BNE.W	#0XCBC3BEE2
(             libc.so[0xCBC2B000])[F3 E7       ]0x0000FE04:	B	#0XCBC3ADEE
(             libc.so[0xCBC2B000])[F4 2C       ]0x0000FDEE:	CMP	R4, #0XF4	;(R4=0x00000014 )
(             libc.so[0xCBC2B000])[09 D9       ]0x0000FDF0:	BLS	#0XCBC3AE06
(             libc.so[0xCBC2B000])[0A 2C       ]0x0000FE06:	CMP	R4, #0XA	;(R4=0x00000014 )
(             libc.so[0xCBC2B000])[03 D9       ]0x0000FE08:	BLS	#0XCBC3AE12
(             libc.so[0xCBC2B000])[0B 34       ]0x0000FE0A:	ADDS	R4, #0XB	;(R4=0x00000014 )
(             libc.so[0xCBC2B000])[24 F0 07 04 ]0x0000FE0C:	BIC	R4, R4, #7	;(R4=0x0000001F )
(             libc.so[0xCBC2B000])[00 E0       ]0x0000FE10:	B	#0XCBC3AE14
(             libc.so[0xCBC2B000])[DF F8 68 3B ]0x0000FE14:	LDR.W	R3, [PC, #0XB68]	;(PC=0xCBC3AE14 )
(             libc.so[0xCBC2B000])[E2 08       ]0x0000FE18:	LSRS	R2, R4, #3	;(R4=0x00000018 )
(             libc.so[0xCBC2B000])[7B 44       ]0x0000FE1A:	ADD	R3, PC	;(R3=0x0003E362 PC=0xCBC3AE1A )
(             libc.so[0xCBC2B000])[18 68       ]0x0000FE1C:	LDR	R0, [R3]	;(R3=0xCBC79180 )
(             libc.so[0xCBC2B000])[20 FA 02 F1 ]0x0000FE1E:	LSR.W	R1, R0, R2	;(R0=0x00000000 R2=0x00000003 )
(             libc.so[0xCBC2B000])[01 90       ]0x0000FE22:	STR	R0, [SP, #4]	;(R0=0x00000000 SP=0x100FFFB0 )
(             libc.so[0xCBC2B000])[8E 07       ]0x0000FE24:	LSLS	R6, R1, #0X1E	;(R1=0x00000000 )
(             libc.so[0xCBC2B000])[21 D0       ]0x0000FE26:	BEQ	#0XCBC3AE6C
(             libc.so[0xCBC2B000])[9D 68       ]0x0000FE6C:	LDR	R5, [R3, #8]	;(R3=0xCBC79180 )
(             libc.so[0xCBC2B000])[AC 42       ]0x0000FE6E:	CMP	R4, R5	;(R4=0x00000018 R5=0x00000000 )
(             libc.so[0xCBC2B000])[40 F2 3F 83 ]0x0000FE70:	BLS.W	#0XCBC3B4F2
(             libc.so[0xCBC2B000])[00 29       ]0x0000FE74:	CMP	R1, #0	;(R1=0x00000000 )
(             libc.so[0xCBC2B000])[74 D0       ]0x0000FE76:	BEQ	#0XCBC3AF62
(             libc.so[0xCBC2B000])[D3 F8 04 80 ]0x0000FF62:	LDR.W	R8, [R3, #4]	;(R3=0xCBC79180 )
(             libc.so[0xCBC2B000])[B8 F1 00 0F ]0x0000FF66:	CMP.W	R8, #0	;(R8=0x00000000 )
(             libc.so[0xCBC2B000])[00 F0 C2 82 ]0x0000FF6A:	BEQ.W	#0XCBC3B4F2
(             libc.so[0xCBC2B000])[DF F8 E0 34 ]0x000104F2:	LDR.W	R3, [PC, #0X4E0]	;(PC=0xCBC3B4F2 )
(             libc.so[0xCBC2B000])[7B 44       ]0x000104F6:	ADD	R3, PC	;(R3=0x0003DC86 PC=0xCBC3B4F6 )
(             libc.so[0xCBC2B000])[98 68       ]0x000104F8:	LDR	R0, [R3, #8]	;(R3=0xCBC79180 )
(             libc.so[0xCBC2B000])[84 42       ]0x000104FA:	CMP	R4, R0	;(R4=0x00000018 R0=0x00000000 )
(             libc.so[0xCBC2B000])[19 D8       ]0x000104FC:	BHI	#0XCBC3B532
(             libc.so[0xCBC2B000])[DE 68       ]0x00010532:	LDR	R6, [R3, #0XC]	;(R3=0xCBC79180 )
(             libc.so[0xCBC2B000])[B4 42       ]0x00010534:	CMP	R4, R6	;(R4=0x00000018 R6=0x00000CD8 )
(             libc.so[0xCBC2B000])[01 D2       ]0x00010536:	BHS	#0XCBC3B53C
(             libc.so[0xCBC2B000])[00 F0 7B BC ]0x00010538:	B.W	#0XCBC3BE32
(             libc.so[0xCBC2B000])[30 1B       ]0x00010E32:	SUBS	R0, R6, R4	;(R6=0x00000CD8 R4=0x00000018 )
(             libc.so[0xCBC2B000])[9E 69       ]0x00010E34:	LDR	R6, [R3, #0X18]	;(R3=0xCBC79180 )
(             libc.so[0xCBC2B000])[D8 60       ]0x00010E36:	STR	R0, [R3, #0XC]	;(R0=0x00000CC0 R3=0xCBC79180 )
(             libc.so[0xCBC2B000])[32 19       ]0x00010E38:	ADDS	R2, R6, R4	;(R6=0x30000300 R4=0x00000018 )
(             libc.so[0xCBC2B000])[9A 61       ]0x00010E3A:	STR	R2, [R3, #0X18]	;(R2=0x30000318 R3=0xCBC79180 )
(             libc.so[0xCBC2B000])[40 F0 01 03 ]0x00010E3C:	ORR	R3, R0, #1	;(R0=0x00000CC0 )
(             libc.so[0xCBC2B000])[53 60       ]0x00010E40:	STR	R3, [R2, #4]	;(R3=0x00000CC1 R2=0x30000318 )
(             libc.so[0xCBC2B000])[44 F0 03 04 ]0x00010E42:	ORR	R4, R4, #3	;(R4=0x00000018 )
(             libc.so[0xCBC2B000])[74 60       ]0x00010E46:	STR	R4, [R6, #4]	;(R4=0x0000001B R6=0x30000300 )
(             libc.so[0xCBC2B000])[08 36       ]0x00010E48:	ADDS	R6, #8	;(R6=0x30000300 )
(             libc.so[0xCBC2B000])[04 E0       ]0x00010E4A:	B	#0XCBC3BE56
(             libc.so[0xCBC2B000])[35 49       ]0x00010E56:	LDR	R1, [PC, #0XD4]	;(PC=0xCBC3BE56 )
(             libc.so[0xCBC2B000])[79 44       ]0x00010E58:	ADD	R1, PC	;(R1=0x0003D324 PC=0xCBC3BE58 )
(             libc.so[0xCBC2B000])[D1 F8 BC 21 ]0x00010E5A:	LDR.W	R2, [R1, #0X1BC]	;(R1=0xCBC79180 )
(             libc.so[0xCBC2B000])[93 07       ]0x00010E5E:	LSLS	R3, R2, #0X1E	;(R2=0x00000007 )
(             libc.so[0xCBC2B000])[3F D5       ]0x00010E60:	BPL	#0XCBC3BEE2
(             libc.so[0xCBC2B000])[01 F5 E0 70 ]0x00010E62:	ADD.W	R0, R1, #0X1C0	;(R1=0xCBC79180 )
(             libc.so[0xCBC2B000])[FD F7 3C ED ]0x00010E66:	BLX	#0XCBC398E0	;(PC=0xCBC3BE66 )
(             libc.so[0xCBC2B000])[BE FF FF EA ]0x0000E8E0:	B	#0XCBC397E0 ; pthread_mutex_unlock	;(PC=0xCBC398E0 )
(             libc.so[0xCBC2B000])[70 40 2D E9 ]0x0000E7E0:	PUSH	{R4, R5, R6, LR}	;(SP=0x100FFFB0 R4=0x0000001B R5=0x00000000 R6=0x30000308 LR=0xCBC3BE6B )
(             libc.so[0xCBC2B000])[00 40 50 E2 ]0x0000E7E4:	SUBS	R4, R0, #0	;(R0=0xCBC79340 )
(             libc.so[0xCBC2B000])[08 D0 4D E2 ]0x0000E7E8:	SUB	SP, SP, #8	;(SP=0x100FFFA0 )
(             libc.so[0xCBC2B000])[2B 00 00 0A ]0x0000E7EC:	BEQ	#0XCBC398A0	;(PC=0xCBC397EC )
(             libc.so[0xCBC2B000])[00 50 94 E5 ]0x0000E7F0:	LDR	R5, [R4]	;(R4=0xCBC79340 )
(             libc.so[0xCBC2B000])[03 69 15 E2 ]0x0000E7F4:	ANDS	R6, R5, #0XC000	;(R5=0x00000001 )
(             libc.so[0xCBC2B000])[02 1A 05 E2 ]0x0000E7F8:	AND	R1, R5, #0X2000	;(R5=0x00000001 )
(             libc.so[0xCBC2B000])[11 00 00 1A ]0x0000E7FC:	BNE	#0XCBC39848	;(PC=0xCBC397FC )
(             libc.so[0xCBC2B000])[5F F0 7F F5 ]0x0000E800:	DMB	SY
(             libc.so[0xCBC2B000])[9F 2F 94 E1 ]0x0000E804:	LDREX	R2, [R4]	;(R4=0xCBC79340 )
(             libc.so[0xCBC2B000])[01 30 42 E2 ]0x0000E808:	SUB	R3, R2, #1	;(R2=0x00000001 )
(             libc.so[0xCBC2B000])[93 5F 84 E1 ]0x0000E80C:	STREX	R5, R3, [R4]	;(R3=0x00000000 R4=0xCBC79340 )
(             libc.so[0xCBC2B000])[00 00 55 E3 ]0x0000E810:	CMP	R5, #0	;(R5=0x00000000 )
(             libc.so[0xCBC2B000])[FA FF FF 1A ]0x0000E814:	BNE	#0XCBC39804	;(PC=0xCBC39814 )
(             libc.so[0xCBC2B000])[01 C0 81 E3 ]0x0000E818:	ORR	IP, R1, #1	;(R1=0x00000000 )
(             libc.so[0xCBC2B000])[0C 00 52 E1 ]0x0000E81C:	CMP	R2, IP	;(R2=0x00000001 IP=0x00000001 )
(             libc.so[0xCBC2B000])[06 00 00 0A ]0x0000E820:	BEQ	#0XCBC39840	;(PC=0xCBC39820 )
(             libc.so[0xCBC2B000])[00 00 A0 E3 ]0x0000E840:	MOV	R0, #0
(             libc.so[0xCBC2B000])[FB FF FF EA ]0x0000E844:	B	#0XCBC39838	;(PC=0xCBC39844 )
(             libc.so[0xCBC2B000])[08 D0 8D E2 ]0x0000E838:	ADD	SP, SP, #8	;(SP=0x100FFF98 )
(             libc.so[0xCBC2B000])[70 80 BD E8 ]0x0000E83C:	POP	{R4, R5, R6, PC}	;(SP=0x100FFFA0 )
(             libc.so[0xCBC2B000])[3A E0       ]0x00010E6A:	B	#0XCBC3BEE2
(             libc.so[0xCBC2B000])[30 46       ]0x00010EE2:	MOV	R0, R6	;(R6=0x30000308 )
(             libc.so[0xCBC2B000])[BD E8 FE 8F ]0x00010EE4:	POP.W	{R1, R2, R3, R4, R5, R6, R7, R8, SB, SL, FP, PC}	;(SP=0x100FFFB0 )
(             libc.so[0xCBC2B000])[08 BD       ]0x0000DBF8:	POP	{R3, PC}	;(SP=0x100FFFE0 )
(        libstdc++.so[0xCBC8F000])[08 B9       ]0x0000091E:	CBNZ	R0, #0XCBC8F924	;(R0=0x30000308 )
(        libstdc++.so[0xCBC8F000])[08 BD       ]0x00000924:	POP	{R3, PC}	;(SP=0x100FFFE8 )
(  libmakeurl2.4.9.so[0xCBBCB000])[05 46       ]0x00001850:	MOV	R5, R0	;(R0=0x30000308 )
(  libmakeurl2.4.9.so[0xCBBCB000])[1A F0 27 FC ]0x00001852:	BL	#0XCBBE70A4	;(PC=0xCBBCC852 )
(  libmakeurl2.4.9.so[0xCBBCB000])[07 49       ]0x0001C0A4:	LDR	R1, [PC, #0X1C]	;(PC=0xCBBE70A4 )
(  libmakeurl2.4.9.so[0xCBBCB000])[02 1D       ]0x0001C0A6:	ADDS	R2, R0, #4	;(R0=0x30000308 )
(  libmakeurl2.4.9.so[0xCBBCB000])[4A F2 78 6C ]0x0001C0A8:	MOVW	IP, #0XA678
(  libmakeurl2.4.9.so[0xCBBCB000])[00 23       ]0x0001C0AC:	MOVS	R3, #0
(  libmakeurl2.4.9.so[0xCBBCB000])[79 44       ]0x0001C0AE:	ADD	R1, PC	;(R1=0x00028C5A PC=0xCBBE70AE )
(  libmakeurl2.4.9.so[0xCBBCB000])[C1 F2 3A 2C ]0x0001C0B0:	MOVT	IP, #0X123A	;(IP=0x0000A678 )
(  libmakeurl2.4.9.so[0xCBBCB000])[08 31       ]0x0001C0B4:	ADDS	R1, #8	;(R1=0xCBC0FD0C )
(  libmakeurl2.4.9.so[0xCBBCB000])[C0 E9 00 12 ]0x0001C0B6:	STRD	R1, R2, [R0]	;(R1=0xCBC0FD14 R2=0x3000030C R0=0x30000308 )
(  libmakeurl2.4.9.so[0xCBBCB000])[00 F1 08 01 ]0x0001C0BA:	ADD.W	R1, R0, #8	;(R0=0x30000308 )
(  libmakeurl2.4.9.so[0xCBBCB000])[81 E8 0C 10 ]0x0001C0BE:	STM.W	R1, {R2, R3, IP}	;(R1=0x30000310 R2=0x3000030C R3=0x00000000 IP=0x123AA678 )
(  libmakeurl2.4.9.so[0xCBBCB000])[70 47       ]0x0001C0C2:	BX	LR	;(LR=0xCBBCC857 )
(  libmakeurl2.4.9.so[0xCBBCB000])[8E 48       ]0x00001856:	LDR	R0, [PC, #0X238]	;(PC=0xCBBCC856 )
(  libmakeurl2.4.9.so[0xCBBCB000])[78 44       ]0x00001858:	ADD	R0, PC	;(R0=0x000439CC PC=0xCBBCC858 )
(  libmakeurl2.4.9.so[0xCBBCB000])[05 60       ]0x0000185A:	STR	R5, [R0]	;(R5=0x30000308 R0=0xCBC10228 )
(  libmakeurl2.4.9.so[0xCBBCB000])[14 20       ]0x0000185C:	MOVS	R0, #0X14
(  libmakeurl2.4.9.so[0xCBBCB000])[FF F7 0E EE ]0x0000185E:	BLX	#0XCBBCC47C	;(PC=0xCBBCC85E )
(  libmakeurl2.4.9.so[0xCBBCB000])[00 C6 8F E2 ]0x0000147C:	ADD	IP, PC, #0, #12	;(PC=0xCBBCC47C )
(  libmakeurl2.4.9.so[0xCBBCB000])[43 CA 8C E2 ]0x00001480:	ADD	IP, IP, #0X43000	;(IP=0xCBBCC484 )
(  libmakeurl2.4.9.so[0xCBBCB000])[00 FB BC E5 ]0x00001484:	LDR	PC, [IP, #0XB00]!	;(IP=0xCBC0F484 )
(        libstdc++.so[0xCBC8F000])[08 B5       ]0x00000918:	PUSH	{R3, LR} ; _Znaj	;(SP=0x100FFFF0 R3=0x00000000 LR=0xCBBCC863 )
(        libstdc++.so[0xCBC8F000])[FF F7 6E EF ]0x0000091A:	BLX	#0XCBC8F7F8	;(PC=0xCBC8F91A )
(        libstdc++.so[0xCBC8F000])[00 C6 8F E2 ]0x000007F8:	ADD	IP, PC, #0, #12	;(PC=0xCBC8F7F8 )
(        libstdc++.so[0xCBC8F000])[01 CA 8C E2 ]0x000007FC:	ADD	IP, IP, #0X1000	;(IP=0xCBC8F800 )
(        libstdc++.so[0xCBC8F000])[F0 F7 BC E5 ]0x00000800:	LDR	PC, [IP, #0X7F0]!	;(IP=0xCBC90800 )
(             libc.so[0xCBC2B000])[08 B5       ]0x0000DBEC:	PUSH	{R3, LR} ; malloc	;(SP=0x100FFFE8 R3=0x00000000 LR=0xCBC8F91F )
(             libc.so[0xCBC2B000])[03 4B       ]0x0000DBEE:	LDR	R3, [PC, #0XC]	;(PC=0xCBC38BEE )
(             libc.so[0xCBC2B000])[7B 44       ]0x0000DBF0:	ADD	R3, PC	;(R3=0x0003C40C PC=0xCBC38BF0 )
(             libc.so[0xCBC2B000])[19 68       ]0x0000DBF2:	LDR	R1, [R3]	;(R3=0xCBC75000 )
(             libc.so[0xCBC2B000])[0A 68       ]0x0000DBF4:	LDR	R2, [R1]	;(R1=0xCBC74E00 )
(             libc.so[0xCBC2B000])[90 47       ]0x0000DBF6:	BLX	R2	;(PC=0xCBC38BF6 R2=0xCBC3ADCD )
(             libc.so[0xCBC2B000])[DF F8 A4 3B ]0x0000FDCC:	LDR.W	R3, [PC, #0XBA4] ; dlmalloc	;(PC=0xCBC3ADCC )
(             libc.so[0xCBC2B000])[2D E9 F7 4F ]0x0000FDD0:	PUSH.W	{R0, R1, R2, R4, R5, R6, R7, R8, SB, SL, FP, LR}	;(SP=0x100FFFE0 R0=0x00000014 R1=0xCBC74E00 R2=0xCBC3ADCD R4=0x00000000 R5=0x30000308 R6=0x00000000 R7=0x100FFFF8 R8=0x00000000 SB=0x00000000 SL=0x00000000 FP=0x00000000 LR=0xCBC38BF9 )
(             libc.so[0xCBC2B000])[7B 44       ]0x0000FDD4:	ADD	R3, PC	;(R3=0x0003E588 PC=0xCBC3ADD4 )
(             libc.so[0xCBC2B000])[04 46       ]0x0000FDD6:	MOV	R4, R0	;(R0=0x00000014 )
(             libc.so[0xCBC2B000])[18 68       ]0x0000FDD8:	LDR	R0, [R3]	;(R3=0xCBC79360 )
(             libc.so[0xCBC2B000])[08 B9       ]0x0000FDDA:	CBNZ	R0, #0XCBC3ADE0	;(R0=0x0B13C7D8 )
(             libc.so[0xCBC2B000])[DF F8 94 1B ]0x0000FDE0:	LDR.W	R1, [PC, #0XB94]	;(PC=0xCBC3ADE0 )
(             libc.so[0xCBC2B000])[79 44       ]0x0000FDE4:	ADD	R1, PC	;(R1=0x0003E398 PC=0xCBC3ADE4 )
(             libc.so[0xCBC2B000])[D1 F8 BC 21 ]0x0000FDE6:	LDR.W	R2, [R1, #0X1BC]	;(R1=0xCBC79180 )
(             libc.so[0xCBC2B000])[93 07       ]0x0000FDEA:	LSLS	R3, R2, #0X1E	;(R2=0x00000007 )
(             libc.so[0xCBC2B000])[02 D4       ]0x0000FDEC:	BMI	#0XCBC3ADF4
(             libc.so[0xCBC2B000])[01 F5 E0 70 ]0x0000FDF4:	ADD.W	R0, R1, #0X1C0	;(R1=0xCBC79180 )
(             libc.so[0xCBC2B000])[00 26       ]0x0000FDF8:	MOVS	R6, #0
(             libc.so[0xCBC2B000])[FE F7 F0 EC ]0x0000FDFA:	BLX	#0XCBC397DC	;(PC=0xCBC3ADFA )
(             libc.so[0xCBC2B000])[90 FF FF EA ]0x0000E7DC:	B	#0XCBC39624 ; pthread_mutex_lock	;(PC=0xCBC397DC )
(             libc.so[0xCBC2B000])[F0 41 2D E9 ]0x0000E624:	PUSH	{R4, R5, R6, R7, R8, LR}	;(SP=0x100FFFB0 R4=0x00000014 R5=0x30000308 R6=0x00000000 R7=0x100FFFF8 R8=0x00000000 LR=0xCBC3ADFF )
(             libc.so[0xCBC2B000])[00 40 50 E2 ]0x0000E628:	SUBS	R4, R0, #0	;(R0=0xCBC79340 )
(             libc.so[0xCBC2B000])[1B 00 00 0A ]0x0000E62C:	BEQ	#0XCBC396A0	;(PC=0xCBC3962C )
(             libc.so[0xCBC2B000])[00 50 94 E5 ]0x0000E630:	LDR	R5, [R4]	;(R4=0xCBC79340 )
(             libc.so[0xCBC2B000])[03 79 15 E2 ]0x0000E634:	ANDS	R7, R5, #0XC000	;(R5=0x00000000 )
(             libc.so[0xCBC2B000])[02 6A 05 E2 ]0x0000E638:	AND	R6, R5, #0X2000	;(R5=0x00000000 )
(             libc.so[0xCBC2B000])[19 00 00 1A ]0x0000E63C:	BNE	#0XCBC396A8	;(PC=0xCBC3963C )
(             libc.so[0xCBC2B000])[01 00 86 E3 ]0x0000E640:	ORR	R0, R6, #1	;(R6=0x00000000 )
(             libc.so[0xCBC2B000])[9F 3F 94 E1 ]0x0000E644:	LDREX	R3, [R4]	;(R4=0xCBC79340 )
(             libc.so[0xCBC2B000])[00 10 A0 E3 ]0x0000E648:	MOV	R1, #0
(             libc.so[0xCBC2B000])[06 00 33 E1 ]0x0000E64C:	TEQ	R3, R6	;(R3=0x00000000 R6=0x00000000 )
(             libc.so[0xCBC2B000])[90 1F 84 01 ]0x0000E650:	STREXEQ	R1, R0, [R4]	;(R0=0x00000001 R4=0xCBC79340 )
(             libc.so[0xCBC2B000])[00 00 51 E3 ]0x0000E654:	CMP	R1, #0	;(R1=0x00000000 )
(             libc.so[0xCBC2B000])[F9 FF FF 1A ]0x0000E658:	BNE	#0XCBC39644	;(PC=0xCBC39658 )
(             libc.so[0xCBC2B000])[03 00 56 E1 ]0x0000E65C:	CMP	R6, R3	;(R6=0x00000000 R3=0x00000000 )
(             libc.so[0xCBC2B000])[02 50 86 13 ]0x0000E660:	ORRNE	R5, R6, #2	;(R6=0x00000000 )
(             libc.so[0xCBC2B000])[01 00 00 1A ]0x0000E664:	BNE	#0XCBC39670	;(PC=0xCBC39664 )
(             libc.so[0xCBC2B000])[09 00 00 EA ]0x0000E668:	B	#0XCBC39694	;(PC=0xCBC39668 )
(             libc.so[0xCBC2B000])[5F F0 7F F5 ]0x0000E694:	DMB	SY
(             libc.so[0xCBC2B000])[00 00 A0 E3 ]0x0000E698:	MOV	R0, #0
(             libc.so[0xCBC2B000])[F0 81 BD E8 ]0x0000E69C:	POP	{R4, R5, R6, R7, R8, PC}	;(SP=0x100FFF98 )
(             libc.so[0xCBC2B000])[00 28       ]0x0000FDFE:	CMP	R0, #0	;(R0=0x00000000 )
(             libc.so[0xCBC2B000])[41 F0 6F 80 ]0x0000FE00:	BNE.W	#0XCBC3BEE2
(             libc.so[0xCBC2B000])[F3 E7       ]0x0000FE04:	B	#0XCBC3ADEE
(             libc.so[0xCBC2B000])[F4 2C       ]0x0000FDEE:	CMP	R4, #0XF4	;(R4=0x00000014 )
(             libc.so[0xCBC2B000])[09 D9       ]0x0000FDF0:	BLS	#0XCBC3AE06
(             libc.so[0xCBC2B000])[0A 2C       ]0x0000FE06:	CMP	R4, #0XA	;(R4=0x00000014 )
(             libc.so[0xCBC2B000])[03 D9       ]0x0000FE08:	BLS	#0XCBC3AE12
(             libc.so[0xCBC2B000])[0B 34       ]0x0000FE0A:	ADDS	R4, #0XB	;(R4=0x00000014 )
(             libc.so[0xCBC2B000])[24 F0 07 04 ]0x0000FE0C:	BIC	R4, R4, #7	;(R4=0x0000001F )
(             libc.so[0xCBC2B000])[00 E0       ]0x0000FE10:	B	#0XCBC3AE14
(             libc.so[0xCBC2B000])[DF F8 68 3B ]0x0000FE14:	LDR.W	R3, [PC, #0XB68]	;(PC=0xCBC3AE14 )
(             libc.so[0xCBC2B000])[E2 08       ]0x0000FE18:	LSRS	R2, R4, #3	;(R4=0x00000018 )
(             libc.so[0xCBC2B000])[7B 44       ]0x0000FE1A:	ADD	R3, PC	;(R3=0x0003E362 PC=0xCBC3AE1A )
(             libc.so[0xCBC2B000])[18 68       ]0x0000FE1C:	LDR	R0, [R3]	;(R3=0xCBC79180 )
(             libc.so[0xCBC2B000])[20 FA 02 F1 ]0x0000FE1E:	LSR.W	R1, R0, R2	;(R0=0x00000000 R2=0x00000003 )
(             libc.so[0xCBC2B000])[01 90       ]0x0000FE22:	STR	R0, [SP, #4]	;(R0=0x00000000 SP=0x100FFFB0 )
(             libc.so[0xCBC2B000])[8E 07       ]0x0000FE24:	LSLS	R6, R1, #0X1E	;(R1=0x00000000 )
(             libc.so[0xCBC2B000])[21 D0       ]0x0000FE26:	BEQ	#0XCBC3AE6C
(             libc.so[0xCBC2B000])[9D 68       ]0x0000FE6C:	LDR	R5, [R3, #8]	;(R3=0xCBC79180 )
(             libc.so[0xCBC2B000])[AC 42       ]0x0000FE6E:	CMP	R4, R5	;(R4=0x00000018 R5=0x00000000 )
(             libc.so[0xCBC2B000])[40 F2 3F 83 ]0x0000FE70:	BLS.W	#0XCBC3B4F2
(             libc.so[0xCBC2B000])[00 29       ]0x0000FE74:	CMP	R1, #0	;(R1=0x00000000 )
(             libc.so[0xCBC2B000])[74 D0       ]0x0000FE76:	BEQ	#0XCBC3AF62
(             libc.so[0xCBC2B000])[D3 F8 04 80 ]0x0000FF62:	LDR.W	R8, [R3, #4]	;(R3=0xCBC79180 )
(             libc.so[0xCBC2B000])[B8 F1 00 0F ]0x0000FF66:	CMP.W	R8, #0	;(R8=0x00000000 )
(             libc.so[0xCBC2B000])[00 F0 C2 82 ]0x0000FF6A:	BEQ.W	#0XCBC3B4F2
(             libc.so[0xCBC2B000])[DF F8 E0 34 ]0x000104F2:	LDR.W	R3, [PC, #0X4E0]	;(PC=0xCBC3B4F2 )
(             libc.so[0xCBC2B000])[7B 44       ]0x000104F6:	ADD	R3, PC	;(R3=0x0003DC86 PC=0xCBC3B4F6 )
(             libc.so[0xCBC2B000])[98 68       ]0x000104F8:	LDR	R0, [R3, #8]	;(R3=0xCBC79180 )
(             libc.so[0xCBC2B000])[84 42       ]0x000104FA:	CMP	R4, R0	;(R4=0x00000018 R0=0x00000000 )
(             libc.so[0xCBC2B000])[19 D8       ]0x000104FC:	BHI	#0XCBC3B532
(             libc.so[0xCBC2B000])[DE 68       ]0x00010532:	LDR	R6, [R3, #0XC]	;(R3=0xCBC79180 )
(             libc.so[0xCBC2B000])[B4 42       ]0x00010534:	CMP	R4, R6	;(R4=0x00000018 R6=0x00000CC0 )
(             libc.so[0xCBC2B000])[01 D2       ]0x00010536:	BHS	#0XCBC3B53C
(             libc.so[0xCBC2B000])[00 F0 7B BC ]0x00010538:	B.W	#0XCBC3BE32
(             libc.so[0xCBC2B000])[30 1B       ]0x00010E32:	SUBS	R0, R6, R4	;(R6=0x00000CC0 R4=0x00000018 )
(             libc.so[0xCBC2B000])[9E 69       ]0x00010E34:	LDR	R6, [R3, #0X18]	;(R3=0xCBC79180 )
(             libc.so[0xCBC2B000])[D8 60       ]0x00010E36:	STR	R0, [R3, #0XC]	;(R0=0x00000CA8 R3=0xCBC79180 )
(             libc.so[0xCBC2B000])[32 19       ]0x00010E38:	ADDS	R2, R6, R4	;(R6=0x30000318 R4=0x00000018 )
(             libc.so[0xCBC2B000])[9A 61       ]0x00010E3A:	STR	R2, [R3, #0X18]	;(R2=0x30000330 R3=0xCBC79180 )
(             libc.so[0xCBC2B000])[40 F0 01 03 ]0x00010E3C:	ORR	R3, R0, #1	;(R0=0x00000CA8 )
(             libc.so[0xCBC2B000])[53 60       ]0x00010E40:	STR	R3, [R2, #4]	;(R3=0x00000CA9 R2=0x30000330 )
(             libc.so[0xCBC2B000])[44 F0 03 04 ]0x00010E42:	ORR	R4, R4, #3	;(R4=0x00000018 )
(             libc.so[0xCBC2B000])[74 60       ]0x00010E46:	STR	R4, [R6, #4]	;(R4=0x0000001B R6=0x30000318 )
(             libc.so[0xCBC2B000])[08 36       ]0x00010E48:	ADDS	R6, #8	;(R6=0x30000318 )
(             libc.so[0xCBC2B000])[04 E0       ]0x00010E4A:	B	#0XCBC3BE56
(             libc.so[0xCBC2B000])[35 49       ]0x00010E56:	LDR	R1, [PC, #0XD4]	;(PC=0xCBC3BE56 )
(             libc.so[0xCBC2B000])[79 44       ]0x00010E58:	ADD	R1, PC	;(R1=0x0003D324 PC=0xCBC3BE58 )
(             libc.so[0xCBC2B000])[D1 F8 BC 21 ]0x00010E5A:	LDR.W	R2, [R1, #0X1BC]	;(R1=0xCBC79180 )
(             libc.so[0xCBC2B000])[93 07       ]0x00010E5E:	LSLS	R3, R2, #0X1E	;(R2=0x00000007 )
(             libc.so[0xCBC2B000])[3F D5       ]0x00010E60:	BPL	#0XCBC3BEE2
(             libc.so[0xCBC2B000])[01 F5 E0 70 ]0x00010E62:	ADD.W	R0, R1, #0X1C0	;(R1=0xCBC79180 )
(             libc.so[0xCBC2B000])[FD F7 3C ED ]0x00010E66:	BLX	#0XCBC398E0	;(PC=0xCBC3BE66 )
(             libc.so[0xCBC2B000])[BE FF FF EA ]0x0000E8E0:	B	#0XCBC397E0 ; pthread_mutex_unlock	;(PC=0xCBC398E0 )
(             libc.so[0xCBC2B000])[70 40 2D E9 ]0x0000E7E0:	PUSH	{R4, R5, R6, LR}	;(SP=0x100FFFB0 R4=0x0000001B R5=0x00000000 R6=0x30000320 LR=0xCBC3BE6B )
(             libc.so[0xCBC2B000])[00 40 50 E2 ]0x0000E7E4:	SUBS	R4, R0, #0	;(R0=0xCBC79340 )
(             libc.so[0xCBC2B000])[08 D0 4D E2 ]0x0000E7E8:	SUB	SP, SP, #8	;(SP=0x100FFFA0 )
(             libc.so[0xCBC2B000])[2B 00 00 0A ]0x0000E7EC:	BEQ	#0XCBC398A0	;(PC=0xCBC397EC )
(             libc.so[0xCBC2B000])[00 50 94 E5 ]0x0000E7F0:	LDR	R5, [R4]	;(R4=0xCBC79340 )
(             libc.so[0xCBC2B000])[03 69 15 E2 ]0x0000E7F4:	ANDS	R6, R5, #0XC000	;(R5=0x00000001 )
(             libc.so[0xCBC2B000])[02 1A 05 E2 ]0x0000E7F8:	AND	R1, R5, #0X2000	;(R5=0x00000001 )
(             libc.so[0xCBC2B000])[11 00 00 1A ]0x0000E7FC:	BNE	#0XCBC39848	;(PC=0xCBC397FC )
(             libc.so[0xCBC2B000])[5F F0 7F F5 ]0x0000E800:	DMB	SY
(             libc.so[0xCBC2B000])[9F 2F 94 E1 ]0x0000E804:	LDREX	R2, [R4]	;(R4=0xCBC79340 )
(             libc.so[0xCBC2B000])[01 30 42 E2 ]0x0000E808:	SUB	R3, R2, #1	;(R2=0x00000001 )
(             libc.so[0xCBC2B000])[93 5F 84 E1 ]0x0000E80C:	STREX	R5, R3, [R4]	;(R3=0x00000000 R4=0xCBC79340 )
(             libc.so[0xCBC2B000])[00 00 55 E3 ]0x0000E810:	CMP	R5, #0	;(R5=0x00000000 )
(             libc.so[0xCBC2B000])[FA FF FF 1A ]0x0000E814:	BNE	#0XCBC39804	;(PC=0xCBC39814 )
(             libc.so[0xCBC2B000])[01 C0 81 E3 ]0x0000E818:	ORR	IP, R1, #1	;(R1=0x00000000 )
(             libc.so[0xCBC2B000])[0C 00 52 E1 ]0x0000E81C:	CMP	R2, IP	;(R2=0x00000001 IP=0x00000001 )
(             libc.so[0xCBC2B000])[06 00 00 0A ]0x0000E820:	BEQ	#0XCBC39840	;(PC=0xCBC39820 )
(             libc.so[0xCBC2B000])[00 00 A0 E3 ]0x0000E840:	MOV	R0, #0
(             libc.so[0xCBC2B000])[FB FF FF EA ]0x0000E844:	B	#0XCBC39838	;(PC=0xCBC39844 )
(             libc.so[0xCBC2B000])[08 D0 8D E2 ]0x0000E838:	ADD	SP, SP, #8	;(SP=0x100FFF98 )
(             libc.so[0xCBC2B000])[70 80 BD E8 ]0x0000E83C:	POP	{R4, R5, R6, PC}	;(SP=0x100FFFA0 )
(             libc.so[0xCBC2B000])[3A E0       ]0x00010E6A:	B	#0XCBC3BEE2
(             libc.so[0xCBC2B000])[30 46       ]0x00010EE2:	MOV	R0, R6	;(R6=0x30000320 )
(             libc.so[0xCBC2B000])[BD E8 FE 8F ]0x00010EE4:	POP.W	{R1, R2, R3, R4, R5, R6, R7, R8, SB, SL, FP, PC}	;(SP=0x100FFFB0 )
(             libc.so[0xCBC2B000])[08 BD       ]0x0000DBF8:	POP	{R3, PC}	;(SP=0x100FFFE0 )
(        libstdc++.so[0xCBC8F000])[08 B9       ]0x0000091E:	CBNZ	R0, #0XCBC8F924	;(R0=0x30000320 )
(        libstdc++.so[0xCBC8F000])[08 BD       ]0x00000924:	POP	{R3, PC}	;(SP=0x100FFFE8 )
(  libmakeurl2.4.9.so[0xCBBCB000])[05 46       ]0x00001862:	MOV	R5, R0	;(R0=0x30000320 )
(  libmakeurl2.4.9.so[0xCBBCB000])[1B F0 F8 F8 ]0x00001864:	BL	#0XCBBE7A58	;(PC=0xCBBCC864 )
(  libmakeurl2.4.9.so[0xCBBCB000])[07 49       ]0x0001CA58:	LDR	R1, [PC, #0X1C]	;(PC=0xCBBE7A58 )
(  libmakeurl2.4.9.so[0xCBBCB000])[02 46       ]0x0001CA5A:	MOV	R2, R0	;(R0=0x30000320 )
(  libmakeurl2.4.9.so[0xCBBCB000])[79 44       ]0x0001CA5C:	ADD	R1, PC	;(R1=0x000282D8 PC=0xCBBE7A5C )
(  libmakeurl2.4.9.so[0xCBBCB000])[08 31       ]0x0001CA5E:	ADDS	R1, #8	;(R1=0xCBC0FD38 )
(  libmakeurl2.4.9.so[0xCBBCB000])[01 60       ]0x0001CA60:	STR	R1, [R0]	;(R1=0xCBC0FD40 R0=0x30000320 )
(  libmakeurl2.4.9.so[0xCBBCB000])[00 21       ]0x0001CA62:	MOVS	R1, #0
(  libmakeurl2.4.9.so[0xCBBCB000])[42 F8 08 1F ]0x0001CA64:	STR	R1, [R2, #8]!	;(R1=0x00000000 R2=0x30000320 )
(  libmakeurl2.4.9.so[0xCBBCB000])[C1 60       ]0x0001CA68:	STR	R1, [R0, #0XC]	;(R1=0x00000000 R0=0x30000320 )
(  libmakeurl2.4.9.so[0xCBBCB000])[45 F2 78 61 ]0x0001CA6A:	MOVW	R1, #0X5678
(  libmakeurl2.4.9.so[0xCBBCB000])[C1 F2 34 21 ]0x0001CA6E:	MOVT	R1, #0X1234	;(R1=0x00005678 )
(  libmakeurl2.4.9.so[0xCBBCB000])[42 60       ]0x0001CA72:	STR	R2, [R0, #4]	;(R2=0x30000328 R0=0x30000320 )
(  libmakeurl2.4.9.so[0xCBBCB000])[01 61       ]0x0001CA74:	STR	R1, [R0, #0X10]	;(R1=0x12345678 R0=0x30000320 )
(  libmakeurl2.4.9.so[0xCBBCB000])[70 47       ]0x0001CA76:	BX	LR	;(LR=0xCBBCC869 )
(  libmakeurl2.4.9.so[0xCBBCB000])[8A 48       ]0x00001868:	LDR	R0, [PC, #0X228]	;(PC=0xCBBCC868 )
(  libmakeurl2.4.9.so[0xCBBCB000])[78 44       ]0x0000186A:	ADD	R0, PC	;(R0=0x000439BE PC=0xCBBCC86A )
(  libmakeurl2.4.9.so[0xCBBCB000])[05 60       ]0x0000186C:	STR	R5, [R0]	;(R5=0x30000320 R0=0xCBC1022C )
(  libmakeurl2.4.9.so[0xCBBCB000])[14 20       ]0x0000186E:	MOVS	R0, #0X14
(  libmakeurl2.4.9.so[0xCBBCB000])[FF F7 04 EE ]0x00001870:	BLX	#0XCBBCC47C	;(PC=0xCBBCC870 )
(  libmakeurl2.4.9.so[0xCBBCB000])[00 C6 8F E2 ]0x0000147C:	ADD	IP, PC, #0, #12	;(PC=0xCBBCC47C )
(  libmakeurl2.4.9.so[0xCBBCB000])[43 CA 8C E2 ]0x00001480:	ADD	IP, IP, #0X43000	;(IP=0xCBBCC484 )
(  libmakeurl2.4.9.so[0xCBBCB000])[00 FB BC E5 ]0x00001484:	LDR	PC, [IP, #0XB00]!	;(IP=0xCBC0F484 )
(        libstdc++.so[0xCBC8F000])[08 B5       ]0x00000918:	PUSH	{R3, LR} ; _Znaj	;(SP=0x100FFFF0 R3=0x00000000 LR=0xCBBCC875 )
(        libstdc++.so[0xCBC8F000])[FF F7 6E EF ]0x0000091A:	BLX	#0XCBC8F7F8	;(PC=0xCBC8F91A )
(        libstdc++.so[0xCBC8F000])[00 C6 8F E2 ]0x000007F8:	ADD	IP, PC, #0, #12	;(PC=0xCBC8F7F8 )
(        libstdc++.so[0xCBC8F000])[01 CA 8C E2 ]0x000007FC:	ADD	IP, IP, #0X1000	;(IP=0xCBC8F800 )
(        libstdc++.so[0xCBC8F000])[F0 F7 BC E5 ]0x00000800:	LDR	PC, [IP, #0X7F0]!	;(IP=0xCBC90800 )
(             libc.so[0xCBC2B000])[08 B5       ]0x0000DBEC:	PUSH	{R3, LR} ; malloc	;(SP=0x100FFFE8 R3=0x00000000 LR=0xCBC8F91F )
(             libc.so[0xCBC2B000])[03 4B       ]0x0000DBEE:	LDR	R3, [PC, #0XC]	;(PC=0xCBC38BEE )
(             libc.so[0xCBC2B000])[7B 44       ]0x0000DBF0:	ADD	R3, PC	;(R3=0x0003C40C PC=0xCBC38BF0 )
(             libc.so[0xCBC2B000])[19 68       ]0x0000DBF2:	LDR	R1, [R3]	;(R3=0xCBC75000 )
(             libc.so[0xCBC2B000])[0A 68       ]0x0000DBF4:	LDR	R2, [R1]	;(R1=0xCBC74E00 )
(             libc.so[0xCBC2B000])[90 47       ]0x0000DBF6:	BLX	R2	;(PC=0xCBC38BF6 R2=0xCBC3ADCD )
(             libc.so[0xCBC2B000])[DF F8 A4 3B ]0x0000FDCC:	LDR.W	R3, [PC, #0XBA4] ; dlmalloc	;(PC=0xCBC3ADCC )
(             libc.so[0xCBC2B000])[2D E9 F7 4F ]0x0000FDD0:	PUSH.W	{R0, R1, R2, R4, R5, R6, R7, R8, SB, SL, FP, LR}	;(SP=0x100FFFE0 R0=0x00000014 R1=0xCBC74E00 R2=0xCBC3ADCD R4=0x00000000 R5=0x30000320 R6=0x00000000 R7=0x100FFFF8 R8=0x00000000 SB=0x00000000 SL=0x00000000 FP=0x00000000 LR=0xCBC38BF9 )
(             libc.so[0xCBC2B000])[7B 44       ]0x0000FDD4:	ADD	R3, PC	;(R3=0x0003E588 PC=0xCBC3ADD4 )
(             libc.so[0xCBC2B000])[04 46       ]0x0000FDD6:	MOV	R4, R0	;(R0=0x00000014 )
(             libc.so[0xCBC2B000])[18 68       ]0x0000FDD8:	LDR	R0, [R3]	;(R3=0xCBC79360 )
(             libc.so[0xCBC2B000])[08 B9       ]0x0000FDDA:	CBNZ	R0, #0XCBC3ADE0	;(R0=0x0B13C7D8 )
(             libc.so[0xCBC2B000])[DF F8 94 1B ]0x0000FDE0:	LDR.W	R1, [PC, #0XB94]	;(PC=0xCBC3ADE0 )
(             libc.so[0xCBC2B000])[79 44       ]0x0000FDE4:	ADD	R1, PC	;(R1=0x0003E398 PC=0xCBC3ADE4 )
(             libc.so[0xCBC2B000])[D1 F8 BC 21 ]0x0000FDE6:	LDR.W	R2, [R1, #0X1BC]	;(R1=0xCBC79180 )
(             libc.so[0xCBC2B000])[93 07       ]0x0000FDEA:	LSLS	R3, R2, #0X1E	;(R2=0x00000007 )
(             libc.so[0xCBC2B000])[02 D4       ]0x0000FDEC:	BMI	#0XCBC3ADF4
(             libc.so[0xCBC2B000])[01 F5 E0 70 ]0x0000FDF4:	ADD.W	R0, R1, #0X1C0	;(R1=0xCBC79180 )
(             libc.so[0xCBC2B000])[00 26       ]0x0000FDF8:	MOVS	R6, #0
(             libc.so[0xCBC2B000])[FE F7 F0 EC ]0x0000FDFA:	BLX	#0XCBC397DC	;(PC=0xCBC3ADFA )
(             libc.so[0xCBC2B000])[90 FF FF EA ]0x0000E7DC:	B	#0XCBC39624 ; pthread_mutex_lock	;(PC=0xCBC397DC )
(             libc.so[0xCBC2B000])[F0 41 2D E9 ]0x0000E624:	PUSH	{R4, R5, R6, R7, R8, LR}	;(SP=0x100FFFB0 R4=0x00000014 R5=0x30000320 R6=0x00000000 R7=0x100FFFF8 R8=0x00000000 LR=0xCBC3ADFF )
(             libc.so[0xCBC2B000])[00 40 50 E2 ]0x0000E628:	SUBS	R4, R0, #0	;(R0=0xCBC79340 )
(             libc.so[0xCBC2B000])[1B 00 00 0A ]0x0000E62C:	BEQ	#0XCBC396A0	;(PC=0xCBC3962C )
(             libc.so[0xCBC2B000])[00 50 94 E5 ]0x0000E630:	LDR	R5, [R4]	;(R4=0xCBC79340 )
(             libc.so[0xCBC2B000])[03 79 15 E2 ]0x0000E634:	ANDS	R7, R5, #0XC000	;(R5=0x00000000 )
(             libc.so[0xCBC2B000])[02 6A 05 E2 ]0x0000E638:	AND	R6, R5, #0X2000	;(R5=0x00000000 )
(             libc.so[0xCBC2B000])[19 00 00 1A ]0x0000E63C:	BNE	#0XCBC396A8	;(PC=0xCBC3963C )
(             libc.so[0xCBC2B000])[01 00 86 E3 ]0x0000E640:	ORR	R0, R6, #1	;(R6=0x00000000 )
(             libc.so[0xCBC2B000])[9F 3F 94 E1 ]0x0000E644:	LDREX	R3, [R4]	;(R4=0xCBC79340 )
(             libc.so[0xCBC2B000])[00 10 A0 E3 ]0x0000E648:	MOV	R1, #0
(             libc.so[0xCBC2B000])[06 00 33 E1 ]0x0000E64C:	TEQ	R3, R6	;(R3=0x00000000 R6=0x00000000 )
(             libc.so[0xCBC2B000])[90 1F 84 01 ]0x0000E650:	STREXEQ	R1, R0, [R4]	;(R0=0x00000001 R4=0xCBC79340 )
(             libc.so[0xCBC2B000])[00 00 51 E3 ]0x0000E654:	CMP	R1, #0	;(R1=0x00000000 )
(             libc.so[0xCBC2B000])[F9 FF FF 1A ]0x0000E658:	BNE	#0XCBC39644	;(PC=0xCBC39658 )
(             libc.so[0xCBC2B000])[03 00 56 E1 ]0x0000E65C:	CMP	R6, R3	;(R6=0x00000000 R3=0x00000000 )
(             libc.so[0xCBC2B000])[02 50 86 13 ]0x0000E660:	ORRNE	R5, R6, #2	;(R6=0x00000000 )
(             libc.so[0xCBC2B000])[01 00 00 1A ]0x0000E664:	BNE	#0XCBC39670	;(PC=0xCBC39664 )
(             libc.so[0xCBC2B000])[09 00 00 EA ]0x0000E668:	B	#0XCBC39694	;(PC=0xCBC39668 )
(             libc.so[0xCBC2B000])[5F F0 7F F5 ]0x0000E694:	DMB	SY
(             libc.so[0xCBC2B000])[00 00 A0 E3 ]0x0000E698:	MOV	R0, #0
(             libc.so[0xCBC2B000])[F0 81 BD E8 ]0x0000E69C:	POP	{R4, R5, R6, R7, R8, PC}	;(SP=0x100FFF98 )
(             libc.so[0xCBC2B000])[00 28       ]0x0000FDFE:	CMP	R0, #0	;(R0=0x00000000 )
(             libc.so[0xCBC2B000])[41 F0 6F 80 ]0x0000FE00:	BNE.W	#0XCBC3BEE2
(             libc.so[0xCBC2B000])[F3 E7       ]0x0000FE04:	B	#0XCBC3ADEE
(             libc.so[0xCBC2B000])[F4 2C       ]0x0000FDEE:	CMP	R4, #0XF4	;(R4=0x00000014 )
(             libc.so[0xCBC2B000])[09 D9       ]0x0000FDF0:	BLS	#0XCBC3AE06
(             libc.so[0xCBC2B000])[0A 2C       ]0x0000FE06:	CMP	R4, #0XA	;(R4=0x00000014 )
(             libc.so[0xCBC2B000])[03 D9       ]0x0000FE08:	BLS	#0XCBC3AE12
(             libc.so[0xCBC2B000])[0B 34       ]0x0000FE0A:	ADDS	R4, #0XB	;(R4=0x00000014 )
(             libc.so[0xCBC2B000])[24 F0 07 04 ]0x0000FE0C:	BIC	R4, R4, #7	;(R4=0x0000001F )
(             libc.so[0xCBC2B000])[00 E0       ]0x0000FE10:	B	#0XCBC3AE14
(             libc.so[0xCBC2B000])[DF F8 68 3B ]0x0000FE14:	LDR.W	R3, [PC, #0XB68]	;(PC=0xCBC3AE14 )
(             libc.so[0xCBC2B000])[E2 08       ]0x0000FE18:	LSRS	R2, R4, #3	;(R4=0x00000018 )
(             libc.so[0xCBC2B000])[7B 44       ]0x0000FE1A:	ADD	R3, PC	;(R3=0x0003E362 PC=0xCBC3AE1A )
(             libc.so[0xCBC2B000])[18 68       ]0x0000FE1C:	LDR	R0, [R3]	;(R3=0xCBC79180 )
(             libc.so[0xCBC2B000])[20 FA 02 F1 ]0x0000FE1E:	LSR.W	R1, R0, R2	;(R0=0x00000000 R2=0x00000003 )
(             libc.so[0xCBC2B000])[01 90       ]0x0000FE22:	STR	R0, [SP, #4]	;(R0=0x00000000 SP=0x100FFFB0 )
(             libc.so[0xCBC2B000])[8E 07       ]0x0000FE24:	LSLS	R6, R1, #0X1E	;(R1=0x00000000 )
(             libc.so[0xCBC2B000])[21 D0       ]0x0000FE26:	BEQ	#0XCBC3AE6C
(             libc.so[0xCBC2B000])[9D 68       ]0x0000FE6C:	LDR	R5, [R3, #8]	;(R3=0xCBC79180 )
(             libc.so[0xCBC2B000])[AC 42       ]0x0000FE6E:	CMP	R4, R5	;(R4=0x00000018 R5=0x00000000 )
(             libc.so[0xCBC2B000])[40 F2 3F 83 ]0x0000FE70:	BLS.W	#0XCBC3B4F2
(             libc.so[0xCBC2B000])[00 29       ]0x0000FE74:	CMP	R1, #0	;(R1=0x00000000 )
(             libc.so[0xCBC2B000])[74 D0       ]0x0000FE76:	BEQ	#0XCBC3AF62
(             libc.so[0xCBC2B000])[D3 F8 04 80 ]0x0000FF62:	LDR.W	R8, [R3, #4]	;(R3=0xCBC79180 )
(             libc.so[0xCBC2B000])[B8 F1 00 0F ]0x0000FF66:	CMP.W	R8, #0	;(R8=0x00000000 )
(             libc.so[0xCBC2B000])[00 F0 C2 82 ]0x0000FF6A:	BEQ.W	#0XCBC3B4F2
(             libc.so[0xCBC2B000])[DF F8 E0 34 ]0x000104F2:	LDR.W	R3, [PC, #0X4E0]	;(PC=0xCBC3B4F2 )
(             libc.so[0xCBC2B000])[7B 44       ]0x000104F6:	ADD	R3, PC	;(R3=0x0003DC86 PC=0xCBC3B4F6 )
(             libc.so[0xCBC2B000])[98 68       ]0x000104F8:	LDR	R0, [R3, #8]	;(R3=0xCBC79180 )
(             libc.so[0xCBC2B000])[84 42       ]0x000104FA:	CMP	R4, R0	;(R4=0x00000018 R0=0x00000000 )
(             libc.so[0xCBC2B000])[19 D8       ]0x000104FC:	BHI	#0XCBC3B532
(             libc.so[0xCBC2B000])[DE 68       ]0x00010532:	LDR	R6, [R3, #0XC]	;(R3=0xCBC79180 )
(             libc.so[0xCBC2B000])[B4 42       ]0x00010534:	CMP	R4, R6	;(R4=0x00000018 R6=0x00000CA8 )
(             libc.so[0xCBC2B000])[01 D2       ]0x00010536:	BHS	#0XCBC3B53C
(             libc.so[0xCBC2B000])[00 F0 7B BC ]0x00010538:	B.W	#0XCBC3BE32
(             libc.so[0xCBC2B000])[30 1B       ]0x00010E32:	SUBS	R0, R6, R4	;(R6=0x00000CA8 R4=0x00000018 )
(             libc.so[0xCBC2B000])[9E 69       ]0x00010E34:	LDR	R6, [R3, #0X18]	;(R3=0xCBC79180 )
(             libc.so[0xCBC2B000])[D8 60       ]0x00010E36:	STR	R0, [R3, #0XC]	;(R0=0x00000C90 R3=0xCBC79180 )
(             libc.so[0xCBC2B000])[32 19       ]0x00010E38:	ADDS	R2, R6, R4	;(R6=0x30000330 R4=0x00000018 )
(             libc.so[0xCBC2B000])[9A 61       ]0x00010E3A:	STR	R2, [R3, #0X18]	;(R2=0x30000348 R3=0xCBC79180 )
(             libc.so[0xCBC2B000])[40 F0 01 03 ]0x00010E3C:	ORR	R3, R0, #1	;(R0=0x00000C90 )
(             libc.so[0xCBC2B000])[53 60       ]0x00010E40:	STR	R3, [R2, #4]	;(R3=0x00000C91 R2=0x30000348 )
(             libc.so[0xCBC2B000])[44 F0 03 04 ]0x00010E42:	ORR	R4, R4, #3	;(R4=0x00000018 )
(             libc.so[0xCBC2B000])[74 60       ]0x00010E46:	STR	R4, [R6, #4]	;(R4=0x0000001B R6=0x30000330 )
(             libc.so[0xCBC2B000])[08 36       ]0x00010E48:	ADDS	R6, #8	;(R6=0x30000330 )
(             libc.so[0xCBC2B000])[04 E0       ]0x00010E4A:	B	#0XCBC3BE56
(             libc.so[0xCBC2B000])[35 49       ]0x00010E56:	LDR	R1, [PC, #0XD4]	;(PC=0xCBC3BE56 )
(             libc.so[0xCBC2B000])[79 44       ]0x00010E58:	ADD	R1, PC	;(R1=0x0003D324 PC=0xCBC3BE58 )
(             libc.so[0xCBC2B000])[D1 F8 BC 21 ]0x00010E5A:	LDR.W	R2, [R1, #0X1BC]	;(R1=0xCBC79180 )
(             libc.so[0xCBC2B000])[93 07       ]0x00010E5E:	LSLS	R3, R2, #0X1E	;(R2=0x00000007 )
(             libc.so[0xCBC2B000])[3F D5       ]0x00010E60:	BPL	#0XCBC3BEE2
(             libc.so[0xCBC2B000])[01 F5 E0 70 ]0x00010E62:	ADD.W	R0, R1, #0X1C0	;(R1=0xCBC79180 )
(             libc.so[0xCBC2B000])[FD F7 3C ED ]0x00010E66:	BLX	#0XCBC398E0	;(PC=0xCBC3BE66 )
(             libc.so[0xCBC2B000])[BE FF FF EA ]0x0000E8E0:	B	#0XCBC397E0 ; pthread_mutex_unlock	;(PC=0xCBC398E0 )
(             libc.so[0xCBC2B000])[70 40 2D E9 ]0x0000E7E0:	PUSH	{R4, R5, R6, LR}	;(SP=0x100FFFB0 R4=0x0000001B R5=0x00000000 R6=0x30000338 LR=0xCBC3BE6B )
(             libc.so[0xCBC2B000])[00 40 50 E2 ]0x0000E7E4:	SUBS	R4, R0, #0	;(R0=0xCBC79340 )
(             libc.so[0xCBC2B000])[08 D0 4D E2 ]0x0000E7E8:	SUB	SP, SP, #8	;(SP=0x100FFFA0 )
(             libc.so[0xCBC2B000])[2B 00 00 0A ]0x0000E7EC:	BEQ	#0XCBC398A0	;(PC=0xCBC397EC )
(             libc.so[0xCBC2B000])[00 50 94 E5 ]0x0000E7F0:	LDR	R5, [R4]	;(R4=0xCBC79340 )
(             libc.so[0xCBC2B000])[03 69 15 E2 ]0x0000E7F4:	ANDS	R6, R5, #0XC000	;(R5=0x00000001 )
(             libc.so[0xCBC2B000])[02 1A 05 E2 ]0x0000E7F8:	AND	R1, R5, #0X2000	;(R5=0x00000001 )
(             libc.so[0xCBC2B000])[11 00 00 1A ]0x0000E7FC:	BNE	#0XCBC39848	;(PC=0xCBC397FC )
(             libc.so[0xCBC2B000])[5F F0 7F F5 ]0x0000E800:	DMB	SY
(             libc.so[0xCBC2B000])[9F 2F 94 E1 ]0x0000E804:	LDREX	R2, [R4]	;(R4=0xCBC79340 )
(             libc.so[0xCBC2B000])[01 30 42 E2 ]0x0000E808:	SUB	R3, R2, #1	;(R2=0x00000001 )
(             libc.so[0xCBC2B000])[93 5F 84 E1 ]0x0000E80C:	STREX	R5, R3, [R4]	;(R3=0x00000000 R4=0xCBC79340 )
(             libc.so[0xCBC2B000])[00 00 55 E3 ]0x0000E810:	CMP	R5, #0	;(R5=0x00000000 )
(             libc.so[0xCBC2B000])[FA FF FF 1A ]0x0000E814:	BNE	#0XCBC39804	;(PC=0xCBC39814 )
(             libc.so[0xCBC2B000])[01 C0 81 E3 ]0x0000E818:	ORR	IP, R1, #1	;(R1=0x00000000 )
(             libc.so[0xCBC2B000])[0C 00 52 E1 ]0x0000E81C:	CMP	R2, IP	;(R2=0x00000001 IP=0x00000001 )
(             libc.so[0xCBC2B000])[06 00 00 0A ]0x0000E820:	BEQ	#0XCBC39840	;(PC=0xCBC39820 )
(             libc.so[0xCBC2B000])[00 00 A0 E3 ]0x0000E840:	MOV	R0, #0
(             libc.so[0xCBC2B000])[FB FF FF EA ]0x0000E844:	B	#0XCBC39838	;(PC=0xCBC39844 )
(             libc.so[0xCBC2B000])[08 D0 8D E2 ]0x0000E838:	ADD	SP, SP, #8	;(SP=0x100FFF98 )
(             libc.so[0xCBC2B000])[70 80 BD E8 ]0x0000E83C:	POP	{R4, R5, R6, PC}	;(SP=0x100FFFA0 )
(             libc.so[0xCBC2B000])[3A E0       ]0x00010E6A:	B	#0XCBC3BEE2
(             libc.so[0xCBC2B000])[30 46       ]0x00010EE2:	MOV	R0, R6	;(R6=0x30000338 )
(             libc.so[0xCBC2B000])[BD E8 FE 8F ]0x00010EE4:	POP.W	{R1, R2, R3, R4, R5, R6, R7, R8, SB, SL, FP, PC}	;(SP=0x100FFFB0 )
(             libc.so[0xCBC2B000])[08 BD       ]0x0000DBF8:	POP	{R3, PC}	;(SP=0x100FFFE0 )
(        libstdc++.so[0xCBC8F000])[08 B9       ]0x0000091E:	CBNZ	R0, #0XCBC8F924	;(R0=0x30000338 )
(        libstdc++.so[0xCBC8F000])[08 BD       ]0x00000924:	POP	{R3, PC}	;(SP=0x100FFFE8 )
(  libmakeurl2.4.9.so[0xCBBCB000])[05 46       ]0x00001874:	MOV	R5, R0	;(R0=0x30000338 )
(  libmakeurl2.4.9.so[0xCBBCB000])[1B F0 EF F8 ]0x00001876:	BL	#0XCBBE7A58	;(PC=0xCBBCC876 )
(  libmakeurl2.4.9.so[0xCBBCB000])[07 49       ]0x0001CA58:	LDR	R1, [PC, #0X1C]	;(PC=0xCBBE7A58 )
(  libmakeurl2.4.9.so[0xCBBCB000])[02 46       ]0x0001CA5A:	MOV	R2, R0	;(R0=0x30000338 )
(  libmakeurl2.4.9.so[0xCBBCB000])[79 44       ]0x0001CA5C:	ADD	R1, PC	;(R1=0x000282D8 PC=0xCBBE7A5C )
(  libmakeurl2.4.9.so[0xCBBCB000])[08 31       ]0x0001CA5E:	ADDS	R1, #8	;(R1=0xCBC0FD38 )
(  libmakeurl2.4.9.so[0xCBBCB000])[01 60       ]0x0001CA60:	STR	R1, [R0]	;(R1=0xCBC0FD40 R0=0x30000338 )
(  libmakeurl2.4.9.so[0xCBBCB000])[00 21       ]0x0001CA62:	MOVS	R1, #0
(  libmakeurl2.4.9.so[0xCBBCB000])[42 F8 08 1F ]0x0001CA64:	STR	R1, [R2, #8]!	;(R1=0x00000000 R2=0x30000338 )
(  libmakeurl2.4.9.so[0xCBBCB000])[C1 60       ]0x0001CA68:	STR	R1, [R0, #0XC]	;(R1=0x00000000 R0=0x30000338 )
(  libmakeurl2.4.9.so[0xCBBCB000])[45 F2 78 61 ]0x0001CA6A:	MOVW	R1, #0X5678
(  libmakeurl2.4.9.so[0xCBBCB000])[C1 F2 34 21 ]0x0001CA6E:	MOVT	R1, #0X1234	;(R1=0x00005678 )
(  libmakeurl2.4.9.so[0xCBBCB000])[42 60       ]0x0001CA72:	STR	R2, [R0, #4]	;(R2=0x30000340 R0=0x30000338 )
(  libmakeurl2.4.9.so[0xCBBCB000])[01 61       ]0x0001CA74:	STR	R1, [R0, #0X10]	;(R1=0x12345678 R0=0x30000338 )
(  libmakeurl2.4.9.so[0xCBBCB000])[70 47       ]0x0001CA76:	BX	LR	;(LR=0xCBBCC87B )
(  libmakeurl2.4.9.so[0xCBBCB000])[87 48       ]0x0000187A:	LDR	R0, [PC, #0X21C]	;(PC=0xCBBCC87A )
(  libmakeurl2.4.9.so[0xCBBCB000])[78 44       ]0x0000187C:	ADD	R0, PC	;(R0=0x000439B0 PC=0xCBBCC87C )
(  libmakeurl2.4.9.so[0xCBBCB000])[05 60       ]0x0000187E:	STR	R5, [R0]	;(R5=0x30000338 R0=0xCBC10230 )
(  libmakeurl2.4.9.so[0xCBBCB000])[14 20       ]0x00001880:	MOVS	R0, #0X14
(  libmakeurl2.4.9.so[0xCBBCB000])[FF F7 FC ED ]0x00001882:	BLX	#0XCBBCC47C	;(PC=0xCBBCC882 )
(  libmakeurl2.4.9.so[0xCBBCB000])[00 C6 8F E2 ]0x0000147C:	ADD	IP, PC, #0, #12	;(PC=0xCBBCC47C )
(  libmakeurl2.4.9.so[0xCBBCB000])[43 CA 8C E2 ]0x00001480:	ADD	IP, IP, #0X43000	;(IP=0xCBBCC484 )
(  libmakeurl2.4.9.so[0xCBBCB000])[00 FB BC E5 ]0x00001484:	LDR	PC, [IP, #0XB00]!	;(IP=0xCBC0F484 )
(        libstdc++.so[0xCBC8F000])[08 B5       ]0x00000918:	PUSH	{R3, LR} ; _Znaj	;(SP=0x100FFFF0 R3=0x00000000 LR=0xCBBCC887 )
(        libstdc++.so[0xCBC8F000])[FF F7 6E EF ]0x0000091A:	BLX	#0XCBC8F7F8	;(PC=0xCBC8F91A )
(        libstdc++.so[0xCBC8F000])[00 C6 8F E2 ]0x000007F8:	ADD	IP, PC, #0, #12	;(PC=0xCBC8F7F8 )
(        libstdc++.so[0xCBC8F000])[01 CA 8C E2 ]0x000007FC:	ADD	IP, IP, #0X1000	;(IP=0xCBC8F800 )
(        libstdc++.so[0xCBC8F000])[F0 F7 BC E5 ]0x00000800:	LDR	PC, [IP, #0X7F0]!	;(IP=0xCBC90800 )
(             libc.so[0xCBC2B000])[08 B5       ]0x0000DBEC:	PUSH	{R3, LR} ; malloc	;(SP=0x100FFFE8 R3=0x00000000 LR=0xCBC8F91F )
(             libc.so[0xCBC2B000])[03 4B       ]0x0000DBEE:	LDR	R3, [PC, #0XC]	;(PC=0xCBC38BEE )
(             libc.so[0xCBC2B000])[7B 44       ]0x0000DBF0:	ADD	R3, PC	;(R3=0x0003C40C PC=0xCBC38BF0 )
(             libc.so[0xCBC2B000])[19 68       ]0x0000DBF2:	LDR	R1, [R3]	;(R3=0xCBC75000 )
(             libc.so[0xCBC2B000])[0A 68       ]0x0000DBF4:	LDR	R2, [R1]	;(R1=0xCBC74E00 )
(             libc.so[0xCBC2B000])[90 47       ]0x0000DBF6:	BLX	R2	;(PC=0xCBC38BF6 R2=0xCBC3ADCD )
(             libc.so[0xCBC2B000])[DF F8 A4 3B ]0x0000FDCC:	LDR.W	R3, [PC, #0XBA4] ; dlmalloc	;(PC=0xCBC3ADCC )
(             libc.so[0xCBC2B000])[2D E9 F7 4F ]0x0000FDD0:	PUSH.W	{R0, R1, R2, R4, R5, R6, R7, R8, SB, SL, FP, LR}	;(SP=0x100FFFE0 R0=0x00000014 R1=0xCBC74E00 R2=0xCBC3ADCD R4=0x00000000 R5=0x30000338 R6=0x00000000 R7=0x100FFFF8 R8=0x00000000 SB=0x00000000 SL=0x00000000 FP=0x00000000 LR=0xCBC38BF9 )
(             libc.so[0xCBC2B000])[7B 44       ]0x0000FDD4:	ADD	R3, PC	;(R3=0x0003E588 PC=0xCBC3ADD4 )
(             libc.so[0xCBC2B000])[04 46       ]0x0000FDD6:	MOV	R4, R0	;(R0=0x00000014 )
(             libc.so[0xCBC2B000])[18 68       ]0x0000FDD8:	LDR	R0, [R3]	;(R3=0xCBC79360 )
(             libc.so[0xCBC2B000])[08 B9       ]0x0000FDDA:	CBNZ	R0, #0XCBC3ADE0	;(R0=0x0B13C7D8 )
(             libc.so[0xCBC2B000])[DF F8 94 1B ]0x0000FDE0:	LDR.W	R1, [PC, #0XB94]	;(PC=0xCBC3ADE0 )
(             libc.so[0xCBC2B000])[79 44       ]0x0000FDE4:	ADD	R1, PC	;(R1=0x0003E398 PC=0xCBC3ADE4 )
(             libc.so[0xCBC2B000])[D1 F8 BC 21 ]0x0000FDE6:	LDR.W	R2, [R1, #0X1BC]	;(R1=0xCBC79180 )
(             libc.so[0xCBC2B000])[93 07       ]0x0000FDEA:	LSLS	R3, R2, #0X1E	;(R2=0x00000007 )
(             libc.so[0xCBC2B000])[02 D4       ]0x0000FDEC:	BMI	#0XCBC3ADF4
(             libc.so[0xCBC2B000])[01 F5 E0 70 ]0x0000FDF4:	ADD.W	R0, R1, #0X1C0	;(R1=0xCBC79180 )
(             libc.so[0xCBC2B000])[00 26       ]0x0000FDF8:	MOVS	R6, #0
(             libc.so[0xCBC2B000])[FE F7 F0 EC ]0x0000FDFA:	BLX	#0XCBC397DC	;(PC=0xCBC3ADFA )
(             libc.so[0xCBC2B000])[90 FF FF EA ]0x0000E7DC:	B	#0XCBC39624 ; pthread_mutex_lock	;(PC=0xCBC397DC )
(             libc.so[0xCBC2B000])[F0 41 2D E9 ]0x0000E624:	PUSH	{R4, R5, R6, R7, R8, LR}	;(SP=0x100FFFB0 R4=0x00000014 R5=0x30000338 R6=0x00000000 R7=0x100FFFF8 R8=0x00000000 LR=0xCBC3ADFF )
(             libc.so[0xCBC2B000])[00 40 50 E2 ]0x0000E628:	SUBS	R4, R0, #0	;(R0=0xCBC79340 )
(             libc.so[0xCBC2B000])[1B 00 00 0A ]0x0000E62C:	BEQ	#0XCBC396A0	;(PC=0xCBC3962C )
(             libc.so[0xCBC2B000])[00 50 94 E5 ]0x0000E630:	LDR	R5, [R4]	;(R4=0xCBC79340 )
(             libc.so[0xCBC2B000])[03 79 15 E2 ]0x0000E634:	ANDS	R7, R5, #0XC000	;(R5=0x00000000 )
(             libc.so[0xCBC2B000])[02 6A 05 E2 ]0x0000E638:	AND	R6, R5, #0X2000	;(R5=0x00000000 )
(             libc.so[0xCBC2B000])[19 00 00 1A ]0x0000E63C:	BNE	#0XCBC396A8	;(PC=0xCBC3963C )
(             libc.so[0xCBC2B000])[01 00 86 E3 ]0x0000E640:	ORR	R0, R6, #1	;(R6=0x00000000 )
(             libc.so[0xCBC2B000])[9F 3F 94 E1 ]0x0000E644:	LDREX	R3, [R4]	;(R4=0xCBC79340 )
(             libc.so[0xCBC2B000])[00 10 A0 E3 ]0x0000E648:	MOV	R1, #0
(             libc.so[0xCBC2B000])[06 00 33 E1 ]0x0000E64C:	TEQ	R3, R6	;(R3=0x00000000 R6=0x00000000 )
(             libc.so[0xCBC2B000])[90 1F 84 01 ]0x0000E650:	STREXEQ	R1, R0, [R4]	;(R0=0x00000001 R4=0xCBC79340 )
(             libc.so[0xCBC2B000])[00 00 51 E3 ]0x0000E654:	CMP	R1, #0	;(R1=0x00000000 )
(             libc.so[0xCBC2B000])[F9 FF FF 1A ]0x0000E658:	BNE	#0XCBC39644	;(PC=0xCBC39658 )
(             libc.so[0xCBC2B000])[03 00 56 E1 ]0x0000E65C:	CMP	R6, R3	;(R6=0x00000000 R3=0x00000000 )
(             libc.so[0xCBC2B000])[02 50 86 13 ]0x0000E660:	ORRNE	R5, R6, #2	;(R6=0x00000000 )
(             libc.so[0xCBC2B000])[01 00 00 1A ]0x0000E664:	BNE	#0XCBC39670	;(PC=0xCBC39664 )
(             libc.so[0xCBC2B000])[09 00 00 EA ]0x0000E668:	B	#0XCBC39694	;(PC=0xCBC39668 )
(             libc.so[0xCBC2B000])[5F F0 7F F5 ]0x0000E694:	DMB	SY
(             libc.so[0xCBC2B000])[00 00 A0 E3 ]0x0000E698:	MOV	R0, #0
(             libc.so[0xCBC2B000])[F0 81 BD E8 ]0x0000E69C:	POP	{R4, R5, R6, R7, R8, PC}	;(SP=0x100FFF98 )
(             libc.so[0xCBC2B000])[00 28       ]0x0000FDFE:	CMP	R0, #0	;(R0=0x00000000 )
(             libc.so[0xCBC2B000])[41 F0 6F 80 ]0x0000FE00:	BNE.W	#0XCBC3BEE2
(             libc.so[0xCBC2B000])[F3 E7       ]0x0000FE04:	B	#0XCBC3ADEE
(             libc.so[0xCBC2B000])[F4 2C       ]0x0000FDEE:	CMP	R4, #0XF4	;(R4=0x00000014 )
(             libc.so[0xCBC2B000])[09 D9       ]0x0000FDF0:	BLS	#0XCBC3AE06
(             libc.so[0xCBC2B000])[0A 2C       ]0x0000FE06:	CMP	R4, #0XA	;(R4=0x00000014 )
(             libc.so[0xCBC2B000])[03 D9       ]0x0000FE08:	BLS	#0XCBC3AE12
(             libc.so[0xCBC2B000])[0B 34       ]0x0000FE0A:	ADDS	R4, #0XB	;(R4=0x00000014 )
(             libc.so[0xCBC2B000])[24 F0 07 04 ]0x0000FE0C:	BIC	R4, R4, #7	;(R4=0x0000001F )
(             libc.so[0xCBC2B000])[00 E0       ]0x0000FE10:	B	#0XCBC3AE14
(             libc.so[0xCBC2B000])[DF F8 68 3B ]0x0000FE14:	LDR.W	R3, [PC, #0XB68]	;(PC=0xCBC3AE14 )
(             libc.so[0xCBC2B000])[E2 08       ]0x0000FE18:	LSRS	R2, R4, #3	;(R4=0x00000018 )
(             libc.so[0xCBC2B000])[7B 44       ]0x0000FE1A:	ADD	R3, PC	;(R3=0x0003E362 PC=0xCBC3AE1A )
(             libc.so[0xCBC2B000])[18 68       ]0x0000FE1C:	LDR	R0, [R3]	;(R3=0xCBC79180 )
(             libc.so[0xCBC2B000])[20 FA 02 F1 ]0x0000FE1E:	LSR.W	R1, R0, R2	;(R0=0x00000000 R2=0x00000003 )
(             libc.so[0xCBC2B000])[01 90       ]0x0000FE22:	STR	R0, [SP, #4]	;(R0=0x00000000 SP=0x100FFFB0 )
(             libc.so[0xCBC2B000])[8E 07       ]0x0000FE24:	LSLS	R6, R1, #0X1E	;(R1=0x00000000 )
(             libc.so[0xCBC2B000])[21 D0       ]0x0000FE26:	BEQ	#0XCBC3AE6C
(             libc.so[0xCBC2B000])[9D 68       ]0x0000FE6C:	LDR	R5, [R3, #8]	;(R3=0xCBC79180 )
(             libc.so[0xCBC2B000])[AC 42       ]0x0000FE6E:	CMP	R4, R5	;(R4=0x00000018 R5=0x00000000 )
(             libc.so[0xCBC2B000])[40 F2 3F 83 ]0x0000FE70:	BLS.W	#0XCBC3B4F2
(             libc.so[0xCBC2B000])[00 29       ]0x0000FE74:	CMP	R1, #0	;(R1=0x00000000 )
(             libc.so[0xCBC2B000])[74 D0       ]0x0000FE76:	BEQ	#0XCBC3AF62
(             libc.so[0xCBC2B000])[D3 F8 04 80 ]0x0000FF62:	LDR.W	R8, [R3, #4]	;(R3=0xCBC79180 )
(             libc.so[0xCBC2B000])[B8 F1 00 0F ]0x0000FF66:	CMP.W	R8, #0	;(R8=0x00000000 )
(             libc.so[0xCBC2B000])[00 F0 C2 82 ]0x0000FF6A:	BEQ.W	#0XCBC3B4F2
(             libc.so[0xCBC2B000])[DF F8 E0 34 ]0x000104F2:	LDR.W	R3, [PC, #0X4E0]	;(PC=0xCBC3B4F2 )
(             libc.so[0xCBC2B000])[7B 44       ]0x000104F6:	ADD	R3, PC	;(R3=0x0003DC86 PC=0xCBC3B4F6 )
(             libc.so[0xCBC2B000])[98 68       ]0x000104F8:	LDR	R0, [R3, #8]	;(R3=0xCBC79180 )
(             libc.so[0xCBC2B000])[84 42       ]0x000104FA:	CMP	R4, R0	;(R4=0x00000018 R0=0x00000000 )
(             libc.so[0xCBC2B000])[19 D8       ]0x000104FC:	BHI	#0XCBC3B532
(             libc.so[0xCBC2B000])[DE 68       ]0x00010532:	LDR	R6, [R3, #0XC]	;(R3=0xCBC79180 )
(             libc.so[0xCBC2B000])[B4 42       ]0x00010534:	CMP	R4, R6	;(R4=0x00000018 R6=0x00000C90 )
(             libc.so[0xCBC2B000])[01 D2       ]0x00010536:	BHS	#0XCBC3B53C
(             libc.so[0xCBC2B000])[00 F0 7B BC ]0x00010538:	B.W	#0XCBC3BE32
(             libc.so[0xCBC2B000])[30 1B       ]0x00010E32:	SUBS	R0, R6, R4	;(R6=0x00000C90 R4=0x00000018 )
(             libc.so[0xCBC2B000])[9E 69       ]0x00010E34:	LDR	R6, [R3, #0X18]	;(R3=0xCBC79180 )
(             libc.so[0xCBC2B000])[D8 60       ]0x00010E36:	STR	R0, [R3, #0XC]	;(R0=0x00000C78 R3=0xCBC79180 )
(             libc.so[0xCBC2B000])[32 19       ]0x00010E38:	ADDS	R2, R6, R4	;(R6=0x30000348 R4=0x00000018 )
(             libc.so[0xCBC2B000])[9A 61       ]0x00010E3A:	STR	R2, [R3, #0X18]	;(R2=0x30000360 R3=0xCBC79180 )
(             libc.so[0xCBC2B000])[40 F0 01 03 ]0x00010E3C:	ORR	R3, R0, #1	;(R0=0x00000C78 )
(             libc.so[0xCBC2B000])[53 60       ]0x00010E40:	STR	R3, [R2, #4]	;(R3=0x00000C79 R2=0x30000360 )
(             libc.so[0xCBC2B000])[44 F0 03 04 ]0x00010E42:	ORR	R4, R4, #3	;(R4=0x00000018 )
(             libc.so[0xCBC2B000])[74 60       ]0x00010E46:	STR	R4, [R6, #4]	;(R4=0x0000001B R6=0x30000348 )
(             libc.so[0xCBC2B000])[08 36       ]0x00010E48:	ADDS	R6, #8	;(R6=0x30000348 )
(             libc.so[0xCBC2B000])[04 E0       ]0x00010E4A:	B	#0XCBC3BE56
(             libc.so[0xCBC2B000])[35 49       ]0x00010E56:	LDR	R1, [PC, #0XD4]	;(PC=0xCBC3BE56 )
(             libc.so[0xCBC2B000])[79 44       ]0x00010E58:	ADD	R1, PC	;(R1=0x0003D324 PC=0xCBC3BE58 )
(             libc.so[0xCBC2B000])[D1 F8 BC 21 ]0x00010E5A:	LDR.W	R2, [R1, #0X1BC]	;(R1=0xCBC79180 )
(             libc.so[0xCBC2B000])[93 07       ]0x00010E5E:	LSLS	R3, R2, #0X1E	;(R2=0x00000007 )
(             libc.so[0xCBC2B000])[3F D5       ]0x00010E60:	BPL	#0XCBC3BEE2
(             libc.so[0xCBC2B000])[01 F5 E0 70 ]0x00010E62:	ADD.W	R0, R1, #0X1C0	;(R1=0xCBC79180 )
(             libc.so[0xCBC2B000])[FD F7 3C ED ]0x00010E66:	BLX	#0XCBC398E0	;(PC=0xCBC3BE66 )
(             libc.so[0xCBC2B000])[BE FF FF EA ]0x0000E8E0:	B	#0XCBC397E0 ; pthread_mutex_unlock	;(PC=0xCBC398E0 )
(             libc.so[0xCBC2B000])[70 40 2D E9 ]0x0000E7E0:	PUSH	{R4, R5, R6, LR}	;(SP=0x100FFFB0 R4=0x0000001B R5=0x00000000 R6=0x30000350 LR=0xCBC3BE6B )
(             libc.so[0xCBC2B000])[00 40 50 E2 ]0x0000E7E4:	SUBS	R4, R0, #0	;(R0=0xCBC79340 )
(             libc.so[0xCBC2B000])[08 D0 4D E2 ]0x0000E7E8:	SUB	SP, SP, #8	;(SP=0x100FFFA0 )
(             libc.so[0xCBC2B000])[2B 00 00 0A ]0x0000E7EC:	BEQ	#0XCBC398A0	;(PC=0xCBC397EC )
(             libc.so[0xCBC2B000])[00 50 94 E5 ]0x0000E7F0:	LDR	R5, [R4]	;(R4=0xCBC79340 )
(             libc.so[0xCBC2B000])[03 69 15 E2 ]0x0000E7F4:	ANDS	R6, R5, #0XC000	;(R5=0x00000001 )
(             libc.so[0xCBC2B000])[02 1A 05 E2 ]0x0000E7F8:	AND	R1, R5, #0X2000	;(R5=0x00000001 )
(             libc.so[0xCBC2B000])[11 00 00 1A ]0x0000E7FC:	BNE	#0XCBC39848	;(PC=0xCBC397FC )
(             libc.so[0xCBC2B000])[5F F0 7F F5 ]0x0000E800:	DMB	SY
(             libc.so[0xCBC2B000])[9F 2F 94 E1 ]0x0000E804:	LDREX	R2, [R4]	;(R4=0xCBC79340 )
(             libc.so[0xCBC2B000])[01 30 42 E2 ]0x0000E808:	SUB	R3, R2, #1	;(R2=0x00000001 )
(             libc.so[0xCBC2B000])[93 5F 84 E1 ]0x0000E80C:	STREX	R5, R3, [R4]	;(R3=0x00000000 R4=0xCBC79340 )
(             libc.so[0xCBC2B000])[00 00 55 E3 ]0x0000E810:	CMP	R5, #0	;(R5=0x00000000 )
(             libc.so[0xCBC2B000])[FA FF FF 1A ]0x0000E814:	BNE	#0XCBC39804	;(PC=0xCBC39814 )
(             libc.so[0xCBC2B000])[01 C0 81 E3 ]0x0000E818:	ORR	IP, R1, #1	;(R1=0x00000000 )
(             libc.so[0xCBC2B000])[0C 00 52 E1 ]0x0000E81C:	CMP	R2, IP	;(R2=0x00000001 IP=0x00000001 )
(             libc.so[0xCBC2B000])[06 00 00 0A ]0x0000E820:	BEQ	#0XCBC39840	;(PC=0xCBC39820 )
(             libc.so[0xCBC2B000])[00 00 A0 E3 ]0x0000E840:	MOV	R0, #0
(             libc.so[0xCBC2B000])[FB FF FF EA ]0x0000E844:	B	#0XCBC39838	;(PC=0xCBC39844 )
(             libc.so[0xCBC2B000])[08 D0 8D E2 ]0x0000E838:	ADD	SP, SP, #8	;(SP=0x100FFF98 )
(             libc.so[0xCBC2B000])[70 80 BD E8 ]0x0000E83C:	POP	{R4, R5, R6, PC}	;(SP=0x100FFFA0 )
(             libc.so[0xCBC2B000])[3A E0       ]0x00010E6A:	B	#0XCBC3BEE2
(             libc.so[0xCBC2B000])[30 46       ]0x00010EE2:	MOV	R0, R6	;(R6=0x30000350 )
(             libc.so[0xCBC2B000])[BD E8 FE 8F ]0x00010EE4:	POP.W	{R1, R2, R3, R4, R5, R6, R7, R8, SB, SL, FP, PC}	;(SP=0x100FFFB0 )
(             libc.so[0xCBC2B000])[08 BD       ]0x0000DBF8:	POP	{R3, PC}	;(SP=0x100FFFE0 )
(        libstdc++.so[0xCBC8F000])[08 B9       ]0x0000091E:	CBNZ	R0, #0XCBC8F924	;(R0=0x30000350 )
(        libstdc++.so[0xCBC8F000])[08 BD       ]0x00000924:	POP	{R3, PC}	;(SP=0x100FFFE8 )
(  libmakeurl2.4.9.so[0xCBBCB000])[05 46       ]0x00001886:	MOV	R5, R0	;(R0=0x30000350 )
(  libmakeurl2.4.9.so[0xCBBCB000])[1A F0 0C FC ]0x00001888:	BL	#0XCBBE70A4	;(PC=0xCBBCC888 )
(  libmakeurl2.4.9.so[0xCBBCB000])[07 49       ]0x0001C0A4:	LDR	R1, [PC, #0X1C]	;(PC=0xCBBE70A4 )
(  libmakeurl2.4.9.so[0xCBBCB000])[02 1D       ]0x0001C0A6:	ADDS	R2, R0, #4	;(R0=0x30000350 )
(  libmakeurl2.4.9.so[0xCBBCB000])[4A F2 78 6C ]0x0001C0A8:	MOVW	IP, #0XA678
(  libmakeurl2.4.9.so[0xCBBCB000])[00 23       ]0x0001C0AC:	MOVS	R3, #0
(  libmakeurl2.4.9.so[0xCBBCB000])[79 44       ]0x0001C0AE:	ADD	R1, PC	;(R1=0x00028C5A PC=0xCBBE70AE )
(  libmakeurl2.4.9.so[0xCBBCB000])[C1 F2 3A 2C ]0x0001C0B0:	MOVT	IP, #0X123A	;(IP=0x0000A678 )
(  libmakeurl2.4.9.so[0xCBBCB000])[08 31       ]0x0001C0B4:	ADDS	R1, #8	;(R1=0xCBC0FD0C )
(  libmakeurl2.4.9.so[0xCBBCB000])[C0 E9 00 12 ]0x0001C0B6:	STRD	R1, R2, [R0]	;(R1=0xCBC0FD14 R2=0x30000354 R0=0x30000350 )
(  libmakeurl2.4.9.so[0xCBBCB000])[00 F1 08 01 ]0x0001C0BA:	ADD.W	R1, R0, #8	;(R0=0x30000350 )
(  libmakeurl2.4.9.so[0xCBBCB000])[81 E8 0C 10 ]0x0001C0BE:	STM.W	R1, {R2, R3, IP}	;(R1=0x30000358 R2=0x30000354 R3=0x00000000 IP=0x123AA678 )
(  libmakeurl2.4.9.so[0xCBBCB000])[70 47       ]0x0001C0C2:	BX	LR	;(LR=0xCBBCC88D )
(  libmakeurl2.4.9.so[0xCBBCB000])[83 48       ]0x0000188C:	LDR	R0, [PC, #0X20C]	;(PC=0xCBBCC88C )
(  libmakeurl2.4.9.so[0xCBBCB000])[78 44       ]0x0000188E:	ADD	R0, PC	;(R0=0x000439A2 PC=0xCBBCC88E )
(  libmakeurl2.4.9.so[0xCBBCB000])[05 60       ]0x00001890:	STR	R5, [R0]	;(R5=0x30000350 R0=0xCBC10234 )
(  libmakeurl2.4.9.so[0xCBBCB000])[14 20       ]0x00001892:	MOVS	R0, #0X14
(  libmakeurl2.4.9.so[0xCBBCB000])[FF F7 F2 ED ]0x00001894:	BLX	#0XCBBCC47C	;(PC=0xCBBCC894 )
(  libmakeurl2.4.9.so[0xCBBCB000])[00 C6 8F E2 ]0x0000147C:	ADD	IP, PC, #0, #12	;(PC=0xCBBCC47C )
(  libmakeurl2.4.9.so[0xCBBCB000])[43 CA 8C E2 ]0x00001480:	ADD	IP, IP, #0X43000	;(IP=0xCBBCC484 )
(  libmakeurl2.4.9.so[0xCBBCB000])[00 FB BC E5 ]0x00001484:	LDR	PC, [IP, #0XB00]!	;(IP=0xCBC0F484 )
(        libstdc++.so[0xCBC8F000])[08 B5       ]0x00000918:	PUSH	{R3, LR} ; _Znaj	;(SP=0x100FFFF0 R3=0x00000000 LR=0xCBBCC899 )
(        libstdc++.so[0xCBC8F000])[FF F7 6E EF ]0x0000091A:	BLX	#0XCBC8F7F8	;(PC=0xCBC8F91A )
(        libstdc++.so[0xCBC8F000])[00 C6 8F E2 ]0x000007F8:	ADD	IP, PC, #0, #12	;(PC=0xCBC8F7F8 )
(        libstdc++.so[0xCBC8F000])[01 CA 8C E2 ]0x000007FC:	ADD	IP, IP, #0X1000	;(IP=0xCBC8F800 )
(        libstdc++.so[0xCBC8F000])[F0 F7 BC E5 ]0x00000800:	LDR	PC, [IP, #0X7F0]!	;(IP=0xCBC90800 )
(             libc.so[0xCBC2B000])[08 B5       ]0x0000DBEC:	PUSH	{R3, LR} ; malloc	;(SP=0x100FFFE8 R3=0x00000000 LR=0xCBC8F91F )
(             libc.so[0xCBC2B000])[03 4B       ]0x0000DBEE:	LDR	R3, [PC, #0XC]	;(PC=0xCBC38BEE )
(             libc.so[0xCBC2B000])[7B 44       ]0x0000DBF0:	ADD	R3, PC	;(R3=0x0003C40C PC=0xCBC38BF0 )
(             libc.so[0xCBC2B000])[19 68       ]0x0000DBF2:	LDR	R1, [R3]	;(R3=0xCBC75000 )
(             libc.so[0xCBC2B000])[0A 68       ]0x0000DBF4:	LDR	R2, [R1]	;(R1=0xCBC74E00 )
(             libc.so[0xCBC2B000])[90 47       ]0x0000DBF6:	BLX	R2	;(PC=0xCBC38BF6 R2=0xCBC3ADCD )
(             libc.so[0xCBC2B000])[DF F8 A4 3B ]0x0000FDCC:	LDR.W	R3, [PC, #0XBA4] ; dlmalloc	;(PC=0xCBC3ADCC )
(             libc.so[0xCBC2B000])[2D E9 F7 4F ]0x0000FDD0:	PUSH.W	{R0, R1, R2, R4, R5, R6, R7, R8, SB, SL, FP, LR}	;(SP=0x100FFFE0 R0=0x00000014 R1=0xCBC74E00 R2=0xCBC3ADCD R4=0x00000000 R5=0x30000350 R6=0x00000000 R7=0x100FFFF8 R8=0x00000000 SB=0x00000000 SL=0x00000000 FP=0x00000000 LR=0xCBC38BF9 )
(             libc.so[0xCBC2B000])[7B 44       ]0x0000FDD4:	ADD	R3, PC	;(R3=0x0003E588 PC=0xCBC3ADD4 )
(             libc.so[0xCBC2B000])[04 46       ]0x0000FDD6:	MOV	R4, R0	;(R0=0x00000014 )
(             libc.so[0xCBC2B000])[18 68       ]0x0000FDD8:	LDR	R0, [R3]	;(R3=0xCBC79360 )
(             libc.so[0xCBC2B000])[08 B9       ]0x0000FDDA:	CBNZ	R0, #0XCBC3ADE0	;(R0=0x0B13C7D8 )
(             libc.so[0xCBC2B000])[DF F8 94 1B ]0x0000FDE0:	LDR.W	R1, [PC, #0XB94]	;(PC=0xCBC3ADE0 )
(             libc.so[0xCBC2B000])[79 44       ]0x0000FDE4:	ADD	R1, PC	;(R1=0x0003E398 PC=0xCBC3ADE4 )
(             libc.so[0xCBC2B000])[D1 F8 BC 21 ]0x0000FDE6:	LDR.W	R2, [R1, #0X1BC]	;(R1=0xCBC79180 )
(             libc.so[0xCBC2B000])[93 07       ]0x0000FDEA:	LSLS	R3, R2, #0X1E	;(R2=0x00000007 )
(             libc.so[0xCBC2B000])[02 D4       ]0x0000FDEC:	BMI	#0XCBC3ADF4
(             libc.so[0xCBC2B000])[01 F5 E0 70 ]0x0000FDF4:	ADD.W	R0, R1, #0X1C0	;(R1=0xCBC79180 )
(             libc.so[0xCBC2B000])[00 26       ]0x0000FDF8:	MOVS	R6, #0
(             libc.so[0xCBC2B000])[FE F7 F0 EC ]0x0000FDFA:	BLX	#0XCBC397DC	;(PC=0xCBC3ADFA )
(             libc.so[0xCBC2B000])[90 FF FF EA ]0x0000E7DC:	B	#0XCBC39624 ; pthread_mutex_lock	;(PC=0xCBC397DC )
(             libc.so[0xCBC2B000])[F0 41 2D E9 ]0x0000E624:	PUSH	{R4, R5, R6, R7, R8, LR}	;(SP=0x100FFFB0 R4=0x00000014 R5=0x30000350 R6=0x00000000 R7=0x100FFFF8 R8=0x00000000 LR=0xCBC3ADFF )
(             libc.so[0xCBC2B000])[00 40 50 E2 ]0x0000E628:	SUBS	R4, R0, #0	;(R0=0xCBC79340 )
(             libc.so[0xCBC2B000])[1B 00 00 0A ]0x0000E62C:	BEQ	#0XCBC396A0	;(PC=0xCBC3962C )
(             libc.so[0xCBC2B000])[00 50 94 E5 ]0x0000E630:	LDR	R5, [R4]	;(R4=0xCBC79340 )
(             libc.so[0xCBC2B000])[03 79 15 E2 ]0x0000E634:	ANDS	R7, R5, #0XC000	;(R5=0x00000000 )
(             libc.so[0xCBC2B000])[02 6A 05 E2 ]0x0000E638:	AND	R6, R5, #0X2000	;(R5=0x00000000 )
(             libc.so[0xCBC2B000])[19 00 00 1A ]0x0000E63C:	BNE	#0XCBC396A8	;(PC=0xCBC3963C )
(             libc.so[0xCBC2B000])[01 00 86 E3 ]0x0000E640:	ORR	R0, R6, #1	;(R6=0x00000000 )
(             libc.so[0xCBC2B000])[9F 3F 94 E1 ]0x0000E644:	LDREX	R3, [R4]	;(R4=0xCBC79340 )
(             libc.so[0xCBC2B000])[00 10 A0 E3 ]0x0000E648:	MOV	R1, #0
(             libc.so[0xCBC2B000])[06 00 33 E1 ]0x0000E64C:	TEQ	R3, R6	;(R3=0x00000000 R6=0x00000000 )
(             libc.so[0xCBC2B000])[90 1F 84 01 ]0x0000E650:	STREXEQ	R1, R0, [R4]	;(R0=0x00000001 R4=0xCBC79340 )
(             libc.so[0xCBC2B000])[00 00 51 E3 ]0x0000E654:	CMP	R1, #0	;(R1=0x00000000 )
(             libc.so[0xCBC2B000])[F9 FF FF 1A ]0x0000E658:	BNE	#0XCBC39644	;(PC=0xCBC39658 )
(             libc.so[0xCBC2B000])[03 00 56 E1 ]0x0000E65C:	CMP	R6, R3	;(R6=0x00000000 R3=0x00000000 )
(             libc.so[0xCBC2B000])[02 50 86 13 ]0x0000E660:	ORRNE	R5, R6, #2	;(R6=0x00000000 )
(             libc.so[0xCBC2B000])[01 00 00 1A ]0x0000E664:	BNE	#0XCBC39670	;(PC=0xCBC39664 )
(             libc.so[0xCBC2B000])[09 00 00 EA ]0x0000E668:	B	#0XCBC39694	;(PC=0xCBC39668 )
(             libc.so[0xCBC2B000])[5F F0 7F F5 ]0x0000E694:	DMB	SY
(             libc.so[0xCBC2B000])[00 00 A0 E3 ]0x0000E698:	MOV	R0, #0
(             libc.so[0xCBC2B000])[F0 81 BD E8 ]0x0000E69C:	POP	{R4, R5, R6, R7, R8, PC}	;(SP=0x100FFF98 )
(             libc.so[0xCBC2B000])[00 28       ]0x0000FDFE:	CMP	R0, #0	;(R0=0x00000000 )
(             libc.so[0xCBC2B000])[41 F0 6F 80 ]0x0000FE00:	BNE.W	#0XCBC3BEE2
(             libc.so[0xCBC2B000])[F3 E7       ]0x0000FE04:	B	#0XCBC3ADEE
(             libc.so[0xCBC2B000])[F4 2C       ]0x0000FDEE:	CMP	R4, #0XF4	;(R4=0x00000014 )
(             libc.so[0xCBC2B000])[09 D9       ]0x0000FDF0:	BLS	#0XCBC3AE06
(             libc.so[0xCBC2B000])[0A 2C       ]0x0000FE06:	CMP	R4, #0XA	;(R4=0x00000014 )
(             libc.so[0xCBC2B000])[03 D9       ]0x0000FE08:	BLS	#0XCBC3AE12
(             libc.so[0xCBC2B000])[0B 34       ]0x0000FE0A:	ADDS	R4, #0XB	;(R4=0x00000014 )
(             libc.so[0xCBC2B000])[24 F0 07 04 ]0x0000FE0C:	BIC	R4, R4, #7	;(R4=0x0000001F )
(             libc.so[0xCBC2B000])[00 E0       ]0x0000FE10:	B	#0XCBC3AE14
(             libc.so[0xCBC2B000])[DF F8 68 3B ]0x0000FE14:	LDR.W	R3, [PC, #0XB68]	;(PC=0xCBC3AE14 )
(             libc.so[0xCBC2B000])[E2 08       ]0x0000FE18:	LSRS	R2, R4, #3	;(R4=0x00000018 )
(             libc.so[0xCBC2B000])[7B 44       ]0x0000FE1A:	ADD	R3, PC	;(R3=0x0003E362 PC=0xCBC3AE1A )
(             libc.so[0xCBC2B000])[18 68       ]0x0000FE1C:	LDR	R0, [R3]	;(R3=0xCBC79180 )
(             libc.so[0xCBC2B000])[20 FA 02 F1 ]0x0000FE1E:	LSR.W	R1, R0, R2	;(R0=0x00000000 R2=0x00000003 )
(             libc.so[0xCBC2B000])[01 90       ]0x0000FE22:	STR	R0, [SP, #4]	;(R0=0x00000000 SP=0x100FFFB0 )
(             libc.so[0xCBC2B000])[8E 07       ]0x0000FE24:	LSLS	R6, R1, #0X1E	;(R1=0x00000000 )
(             libc.so[0xCBC2B000])[21 D0       ]0x0000FE26:	BEQ	#0XCBC3AE6C
(             libc.so[0xCBC2B000])[9D 68       ]0x0000FE6C:	LDR	R5, [R3, #8]	;(R3=0xCBC79180 )
(             libc.so[0xCBC2B000])[AC 42       ]0x0000FE6E:	CMP	R4, R5	;(R4=0x00000018 R5=0x00000000 )
(             libc.so[0xCBC2B000])[40 F2 3F 83 ]0x0000FE70:	BLS.W	#0XCBC3B4F2
(             libc.so[0xCBC2B000])[00 29       ]0x0000FE74:	CMP	R1, #0	;(R1=0x00000000 )
(             libc.so[0xCBC2B000])[74 D0       ]0x0000FE76:	BEQ	#0XCBC3AF62
(             libc.so[0xCBC2B000])[D3 F8 04 80 ]0x0000FF62:	LDR.W	R8, [R3, #4]	;(R3=0xCBC79180 )
(             libc.so[0xCBC2B000])[B8 F1 00 0F ]0x0000FF66:	CMP.W	R8, #0	;(R8=0x00000000 )
(             libc.so[0xCBC2B000])[00 F0 C2 82 ]0x0000FF6A:	BEQ.W	#0XCBC3B4F2
(             libc.so[0xCBC2B000])[DF F8 E0 34 ]0x000104F2:	LDR.W	R3, [PC, #0X4E0]	;(PC=0xCBC3B4F2 )
(             libc.so[0xCBC2B000])[7B 44       ]0x000104F6:	ADD	R3, PC	;(R3=0x0003DC86 PC=0xCBC3B4F6 )
(             libc.so[0xCBC2B000])[98 68       ]0x000104F8:	LDR	R0, [R3, #8]	;(R3=0xCBC79180 )
(             libc.so[0xCBC2B000])[84 42       ]0x000104FA:	CMP	R4, R0	;(R4=0x00000018 R0=0x00000000 )
(             libc.so[0xCBC2B000])[19 D8       ]0x000104FC:	BHI	#0XCBC3B532
(             libc.so[0xCBC2B000])[DE 68       ]0x00010532:	LDR	R6, [R3, #0XC]	;(R3=0xCBC79180 )
(             libc.so[0xCBC2B000])[B4 42       ]0x00010534:	CMP	R4, R6	;(R4=0x00000018 R6=0x00000C78 )
(             libc.so[0xCBC2B000])[01 D2       ]0x00010536:	BHS	#0XCBC3B53C
(             libc.so[0xCBC2B000])[00 F0 7B BC ]0x00010538:	B.W	#0XCBC3BE32
(             libc.so[0xCBC2B000])[30 1B       ]0x00010E32:	SUBS	R0, R6, R4	;(R6=0x00000C78 R4=0x00000018 )
(             libc.so[0xCBC2B000])[9E 69       ]0x00010E34:	LDR	R6, [R3, #0X18]	;(R3=0xCBC79180 )
(             libc.so[0xCBC2B000])[D8 60       ]0x00010E36:	STR	R0, [R3, #0XC]	;(R0=0x00000C60 R3=0xCBC79180 )
(             libc.so[0xCBC2B000])[32 19       ]0x00010E38:	ADDS	R2, R6, R4	;(R6=0x30000360 R4=0x00000018 )
(             libc.so[0xCBC2B000])[9A 61       ]0x00010E3A:	STR	R2, [R3, #0X18]	;(R2=0x30000378 R3=0xCBC79180 )
(             libc.so[0xCBC2B000])[40 F0 01 03 ]0x00010E3C:	ORR	R3, R0, #1	;(R0=0x00000C60 )
(             libc.so[0xCBC2B000])[53 60       ]0x00010E40:	STR	R3, [R2, #4]	;(R3=0x00000C61 R2=0x30000378 )
(             libc.so[0xCBC2B000])[44 F0 03 04 ]0x00010E42:	ORR	R4, R4, #3	;(R4=0x00000018 )
(             libc.so[0xCBC2B000])[74 60       ]0x00010E46:	STR	R4, [R6, #4]	;(R4=0x0000001B R6=0x30000360 )
(             libc.so[0xCBC2B000])[08 36       ]0x00010E48:	ADDS	R6, #8	;(R6=0x30000360 )
(             libc.so[0xCBC2B000])[04 E0       ]0x00010E4A:	B	#0XCBC3BE56
(             libc.so[0xCBC2B000])[35 49       ]0x00010E56:	LDR	R1, [PC, #0XD4]	;(PC=0xCBC3BE56 )
(             libc.so[0xCBC2B000])[79 44       ]0x00010E58:	ADD	R1, PC	;(R1=0x0003D324 PC=0xCBC3BE58 )
(             libc.so[0xCBC2B000])[D1 F8 BC 21 ]0x00010E5A:	LDR.W	R2, [R1, #0X1BC]	;(R1=0xCBC79180 )
(             libc.so[0xCBC2B000])[93 07       ]0x00010E5E:	LSLS	R3, R2, #0X1E	;(R2=0x00000007 )
(             libc.so[0xCBC2B000])[3F D5       ]0x00010E60:	BPL	#0XCBC3BEE2
(             libc.so[0xCBC2B000])[01 F5 E0 70 ]0x00010E62:	ADD.W	R0, R1, #0X1C0	;(R1=0xCBC79180 )
(             libc.so[0xCBC2B000])[FD F7 3C ED ]0x00010E66:	BLX	#0XCBC398E0	;(PC=0xCBC3BE66 )
(             libc.so[0xCBC2B000])[BE FF FF EA ]0x0000E8E0:	B	#0XCBC397E0 ; pthread_mutex_unlock	;(PC=0xCBC398E0 )
(             libc.so[0xCBC2B000])[70 40 2D E9 ]0x0000E7E0:	PUSH	{R4, R5, R6, LR}	;(SP=0x100FFFB0 R4=0x0000001B R5=0x00000000 R6=0x30000368 LR=0xCBC3BE6B )
(             libc.so[0xCBC2B000])[00 40 50 E2 ]0x0000E7E4:	SUBS	R4, R0, #0	;(R0=0xCBC79340 )
(             libc.so[0xCBC2B000])[08 D0 4D E2 ]0x0000E7E8:	SUB	SP, SP, #8	;(SP=0x100FFFA0 )
(             libc.so[0xCBC2B000])[2B 00 00 0A ]0x0000E7EC:	BEQ	#0XCBC398A0	;(PC=0xCBC397EC )
(             libc.so[0xCBC2B000])[00 50 94 E5 ]0x0000E7F0:	LDR	R5, [R4]	;(R4=0xCBC79340 )
(             libc.so[0xCBC2B000])[03 69 15 E2 ]0x0000E7F4:	ANDS	R6, R5, #0XC000	;(R5=0x00000001 )
(             libc.so[0xCBC2B000])[02 1A 05 E2 ]0x0000E7F8:	AND	R1, R5, #0X2000	;(R5=0x00000001 )
(             libc.so[0xCBC2B000])[11 00 00 1A ]0x0000E7FC:	BNE	#0XCBC39848	;(PC=0xCBC397FC )
(             libc.so[0xCBC2B000])[5F F0 7F F5 ]0x0000E800:	DMB	SY
(             libc.so[0xCBC2B000])[9F 2F 94 E1 ]0x0000E804:	LDREX	R2, [R4]	;(R4=0xCBC79340 )
(             libc.so[0xCBC2B000])[01 30 42 E2 ]0x0000E808:	SUB	R3, R2, #1	;(R2=0x00000001 )
(             libc.so[0xCBC2B000])[93 5F 84 E1 ]0x0000E80C:	STREX	R5, R3, [R4]	;(R3=0x00000000 R4=0xCBC79340 )
(             libc.so[0xCBC2B000])[00 00 55 E3 ]0x0000E810:	CMP	R5, #0	;(R5=0x00000000 )
(             libc.so[0xCBC2B000])[FA FF FF 1A ]0x0000E814:	BNE	#0XCBC39804	;(PC=0xCBC39814 )
(             libc.so[0xCBC2B000])[01 C0 81 E3 ]0x0000E818:	ORR	IP, R1, #1	;(R1=0x00000000 )
(             libc.so[0xCBC2B000])[0C 00 52 E1 ]0x0000E81C:	CMP	R2, IP	;(R2=0x00000001 IP=0x00000001 )
(             libc.so[0xCBC2B000])[06 00 00 0A ]0x0000E820:	BEQ	#0XCBC39840	;(PC=0xCBC39820 )
(             libc.so[0xCBC2B000])[00 00 A0 E3 ]0x0000E840:	MOV	R0, #0
(             libc.so[0xCBC2B000])[FB FF FF EA ]0x0000E844:	B	#0XCBC39838	;(PC=0xCBC39844 )
(             libc.so[0xCBC2B000])[08 D0 8D E2 ]0x0000E838:	ADD	SP, SP, #8	;(SP=0x100FFF98 )
(             libc.so[0xCBC2B000])[70 80 BD E8 ]0x0000E83C:	POP	{R4, R5, R6, PC}	;(SP=0x100FFFA0 )
(             libc.so[0xCBC2B000])[3A E0       ]0x00010E6A:	B	#0XCBC3BEE2
(             libc.so[0xCBC2B000])[30 46       ]0x00010EE2:	MOV	R0, R6	;(R6=0x30000368 )
(             libc.so[0xCBC2B000])[BD E8 FE 8F ]0x00010EE4:	POP.W	{R1, R2, R3, R4, R5, R6, R7, R8, SB, SL, FP, PC}	;(SP=0x100FFFB0 )
(             libc.so[0xCBC2B000])[08 BD       ]0x0000DBF8:	POP	{R3, PC}	;(SP=0x100FFFE0 )
(        libstdc++.so[0xCBC8F000])[08 B9       ]0x0000091E:	CBNZ	R0, #0XCBC8F924	;(R0=0x30000368 )
(        libstdc++.so[0xCBC8F000])[08 BD       ]0x00000924:	POP	{R3, PC}	;(SP=0x100FFFE8 )
(  libmakeurl2.4.9.so[0xCBBCB000])[05 46       ]0x00001898:	MOV	R5, R0	;(R0=0x30000368 )
(  libmakeurl2.4.9.so[0xCBBCB000])[1B F0 DD F8 ]0x0000189A:	BL	#0XCBBE7A58	;(PC=0xCBBCC89A )
(  libmakeurl2.4.9.so[0xCBBCB000])[07 49       ]0x0001CA58:	LDR	R1, [PC, #0X1C]	;(PC=0xCBBE7A58 )
(  libmakeurl2.4.9.so[0xCBBCB000])[02 46       ]0x0001CA5A:	MOV	R2, R0	;(R0=0x30000368 )
(  libmakeurl2.4.9.so[0xCBBCB000])[79 44       ]0x0001CA5C:	ADD	R1, PC	;(R1=0x000282D8 PC=0xCBBE7A5C )
(  libmakeurl2.4.9.so[0xCBBCB000])[08 31       ]0x0001CA5E:	ADDS	R1, #8	;(R1=0xCBC0FD38 )
(  libmakeurl2.4.9.so[0xCBBCB000])[01 60       ]0x0001CA60:	STR	R1, [R0]	;(R1=0xCBC0FD40 R0=0x30000368 )
(  libmakeurl2.4.9.so[0xCBBCB000])[00 21       ]0x0001CA62:	MOVS	R1, #0
(  libmakeurl2.4.9.so[0xCBBCB000])[42 F8 08 1F ]0x0001CA64:	STR	R1, [R2, #8]!	;(R1=0x00000000 R2=0x30000368 )
(  libmakeurl2.4.9.so[0xCBBCB000])[C1 60       ]0x0001CA68:	STR	R1, [R0, #0XC]	;(R1=0x00000000 R0=0x30000368 )
(  libmakeurl2.4.9.so[0xCBBCB000])[45 F2 78 61 ]0x0001CA6A:	MOVW	R1, #0X5678
(  libmakeurl2.4.9.so[0xCBBCB000])[C1 F2 34 21 ]0x0001CA6E:	MOVT	R1, #0X1234	;(R1=0x00005678 )
(  libmakeurl2.4.9.so[0xCBBCB000])[42 60       ]0x0001CA72:	STR	R2, [R0, #4]	;(R2=0x30000370 R0=0x30000368 )
(  libmakeurl2.4.9.so[0xCBBCB000])[01 61       ]0x0001CA74:	STR	R1, [R0, #0X10]	;(R1=0x12345678 R0=0x30000368 )
(  libmakeurl2.4.9.so[0xCBBCB000])[70 47       ]0x0001CA76:	BX	LR	;(LR=0xCBBCC89F )
(  libmakeurl2.4.9.so[0xCBBCB000])[80 48       ]0x0000189E:	LDR	R0, [PC, #0X200]	;(PC=0xCBBCC89E )
(  libmakeurl2.4.9.so[0xCBBCB000])[78 44       ]0x000018A0:	ADD	R0, PC	;(R0=0x00043994 PC=0xCBBCC8A0 )
(  libmakeurl2.4.9.so[0xCBBCB000])[05 60       ]0x000018A2:	STR	R5, [R0]	;(R5=0x30000368 R0=0xCBC10238 )
(  libmakeurl2.4.9.so[0xCBBCB000])[14 20       ]0x000018A4:	MOVS	R0, #0X14
(  libmakeurl2.4.9.so[0xCBBCB000])[FF F7 EA ED ]0x000018A6:	BLX	#0XCBBCC47C	;(PC=0xCBBCC8A6 )
(  libmakeurl2.4.9.so[0xCBBCB000])[00 C6 8F E2 ]0x0000147C:	ADD	IP, PC, #0, #12	;(PC=0xCBBCC47C )
(  libmakeurl2.4.9.so[0xCBBCB000])[43 CA 8C E2 ]0x00001480:	ADD	IP, IP, #0X43000	;(IP=0xCBBCC484 )
(  libmakeurl2.4.9.so[0xCBBCB000])[00 FB BC E5 ]0x00001484:	LDR	PC, [IP, #0XB00]!	;(IP=0xCBC0F484 )
(        libstdc++.so[0xCBC8F000])[08 B5       ]0x00000918:	PUSH	{R3, LR} ; _Znaj	;(SP=0x100FFFF0 R3=0x00000000 LR=0xCBBCC8AB )
(        libstdc++.so[0xCBC8F000])[FF F7 6E EF ]0x0000091A:	BLX	#0XCBC8F7F8	;(PC=0xCBC8F91A )
(        libstdc++.so[0xCBC8F000])[00 C6 8F E2 ]0x000007F8:	ADD	IP, PC, #0, #12	;(PC=0xCBC8F7F8 )
(        libstdc++.so[0xCBC8F000])[01 CA 8C E2 ]0x000007FC:	ADD	IP, IP, #0X1000	;(IP=0xCBC8F800 )
(        libstdc++.so[0xCBC8F000])[F0 F7 BC E5 ]0x00000800:	LDR	PC, [IP, #0X7F0]!	;(IP=0xCBC90800 )
(             libc.so[0xCBC2B000])[08 B5       ]0x0000DBEC:	PUSH	{R3, LR} ; malloc	;(SP=0x100FFFE8 R3=0x00000000 LR=0xCBC8F91F )
(             libc.so[0xCBC2B000])[03 4B       ]0x0000DBEE:	LDR	R3, [PC, #0XC]	;(PC=0xCBC38BEE )
(             libc.so[0xCBC2B000])[7B 44       ]0x0000DBF0:	ADD	R3, PC	;(R3=0x0003C40C PC=0xCBC38BF0 )
(             libc.so[0xCBC2B000])[19 68       ]0x0000DBF2:	LDR	R1, [R3]	;(R3=0xCBC75000 )
(             libc.so[0xCBC2B000])[0A 68       ]0x0000DBF4:	LDR	R2, [R1]	;(R1=0xCBC74E00 )
(             libc.so[0xCBC2B000])[90 47       ]0x0000DBF6:	BLX	R2	;(PC=0xCBC38BF6 R2=0xCBC3ADCD )
(             libc.so[0xCBC2B000])[DF F8 A4 3B ]0x0000FDCC:	LDR.W	R3, [PC, #0XBA4] ; dlmalloc	;(PC=0xCBC3ADCC )
(             libc.so[0xCBC2B000])[2D E9 F7 4F ]0x0000FDD0:	PUSH.W	{R0, R1, R2, R4, R5, R6, R7, R8, SB, SL, FP, LR}	;(SP=0x100FFFE0 R0=0x00000014 R1=0xCBC74E00 R2=0xCBC3ADCD R4=0x00000000 R5=0x30000368 R6=0x00000000 R7=0x100FFFF8 R8=0x00000000 SB=0x00000000 SL=0x00000000 FP=0x00000000 LR=0xCBC38BF9 )
(             libc.so[0xCBC2B000])[7B 44       ]0x0000FDD4:	ADD	R3, PC	;(R3=0x0003E588 PC=0xCBC3ADD4 )
(             libc.so[0xCBC2B000])[04 46       ]0x0000FDD6:	MOV	R4, R0	;(R0=0x00000014 )
(             libc.so[0xCBC2B000])[18 68       ]0x0000FDD8:	LDR	R0, [R3]	;(R3=0xCBC79360 )
(             libc.so[0xCBC2B000])[08 B9       ]0x0000FDDA:	CBNZ	R0, #0XCBC3ADE0	;(R0=0x0B13C7D8 )
(             libc.so[0xCBC2B000])[DF F8 94 1B ]0x0000FDE0:	LDR.W	R1, [PC, #0XB94]	;(PC=0xCBC3ADE0 )
(             libc.so[0xCBC2B000])[79 44       ]0x0000FDE4:	ADD	R1, PC	;(R1=0x0003E398 PC=0xCBC3ADE4 )
(             libc.so[0xCBC2B000])[D1 F8 BC 21 ]0x0000FDE6:	LDR.W	R2, [R1, #0X1BC]	;(R1=0xCBC79180 )
(             libc.so[0xCBC2B000])[93 07       ]0x0000FDEA:	LSLS	R3, R2, #0X1E	;(R2=0x00000007 )
(             libc.so[0xCBC2B000])[02 D4       ]0x0000FDEC:	BMI	#0XCBC3ADF4
(             libc.so[0xCBC2B000])[01 F5 E0 70 ]0x0000FDF4:	ADD.W	R0, R1, #0X1C0	;(R1=0xCBC79180 )
(             libc.so[0xCBC2B000])[00 26       ]0x0000FDF8:	MOVS	R6, #0
(             libc.so[0xCBC2B000])[FE F7 F0 EC ]0x0000FDFA:	BLX	#0XCBC397DC	;(PC=0xCBC3ADFA )
(             libc.so[0xCBC2B000])[90 FF FF EA ]0x0000E7DC:	B	#0XCBC39624 ; pthread_mutex_lock	;(PC=0xCBC397DC )
(             libc.so[0xCBC2B000])[F0 41 2D E9 ]0x0000E624:	PUSH	{R4, R5, R6, R7, R8, LR}	;(SP=0x100FFFB0 R4=0x00000014 R5=0x30000368 R6=0x00000000 R7=0x100FFFF8 R8=0x00000000 LR=0xCBC3ADFF )
(             libc.so[0xCBC2B000])[00 40 50 E2 ]0x0000E628:	SUBS	R4, R0, #0	;(R0=0xCBC79340 )
(             libc.so[0xCBC2B000])[1B 00 00 0A ]0x0000E62C:	BEQ	#0XCBC396A0	;(PC=0xCBC3962C )
(             libc.so[0xCBC2B000])[00 50 94 E5 ]0x0000E630:	LDR	R5, [R4]	;(R4=0xCBC79340 )
(             libc.so[0xCBC2B000])[03 79 15 E2 ]0x0000E634:	ANDS	R7, R5, #0XC000	;(R5=0x00000000 )
(             libc.so[0xCBC2B000])[02 6A 05 E2 ]0x0000E638:	AND	R6, R5, #0X2000	;(R5=0x00000000 )
(             libc.so[0xCBC2B000])[19 00 00 1A ]0x0000E63C:	BNE	#0XCBC396A8	;(PC=0xCBC3963C )
(             libc.so[0xCBC2B000])[01 00 86 E3 ]0x0000E640:	ORR	R0, R6, #1	;(R6=0x00000000 )
(             libc.so[0xCBC2B000])[9F 3F 94 E1 ]0x0000E644:	LDREX	R3, [R4]	;(R4=0xCBC79340 )
(             libc.so[0xCBC2B000])[00 10 A0 E3 ]0x0000E648:	MOV	R1, #0
(             libc.so[0xCBC2B000])[06 00 33 E1 ]0x0000E64C:	TEQ	R3, R6	;(R3=0x00000000 R6=0x00000000 )
(             libc.so[0xCBC2B000])[90 1F 84 01 ]0x0000E650:	STREXEQ	R1, R0, [R4]	;(R0=0x00000001 R4=0xCBC79340 )
(             libc.so[0xCBC2B000])[00 00 51 E3 ]0x0000E654:	CMP	R1, #0	;(R1=0x00000000 )
(             libc.so[0xCBC2B000])[F9 FF FF 1A ]0x0000E658:	BNE	#0XCBC39644	;(PC=0xCBC39658 )
(             libc.so[0xCBC2B000])[03 00 56 E1 ]0x0000E65C:	CMP	R6, R3	;(R6=0x00000000 R3=0x00000000 )
(             libc.so[0xCBC2B000])[02 50 86 13 ]0x0000E660:	ORRNE	R5, R6, #2	;(R6=0x00000000 )
(             libc.so[0xCBC2B000])[01 00 00 1A ]0x0000E664:	BNE	#0XCBC39670	;(PC=0xCBC39664 )
(             libc.so[0xCBC2B000])[09 00 00 EA ]0x0000E668:	B	#0XCBC39694	;(PC=0xCBC39668 )
(             libc.so[0xCBC2B000])[5F F0 7F F5 ]0x0000E694:	DMB	SY
(             libc.so[0xCBC2B000])[00 00 A0 E3 ]0x0000E698:	MOV	R0, #0
(             libc.so[0xCBC2B000])[F0 81 BD E8 ]0x0000E69C:	POP	{R4, R5, R6, R7, R8, PC}	;(SP=0x100FFF98 )
(             libc.so[0xCBC2B000])[00 28       ]0x0000FDFE:	CMP	R0, #0	;(R0=0x00000000 )
(             libc.so[0xCBC2B000])[41 F0 6F 80 ]0x0000FE00:	BNE.W	#0XCBC3BEE2
(             libc.so[0xCBC2B000])[F3 E7       ]0x0000FE04:	B	#0XCBC3ADEE
(             libc.so[0xCBC2B000])[F4 2C       ]0x0000FDEE:	CMP	R4, #0XF4	;(R4=0x00000014 )
(             libc.so[0xCBC2B000])[09 D9       ]0x0000FDF0:	BLS	#0XCBC3AE06
(             libc.so[0xCBC2B000])[0A 2C       ]0x0000FE06:	CMP	R4, #0XA	;(R4=0x00000014 )
(             libc.so[0xCBC2B000])[03 D9       ]0x0000FE08:	BLS	#0XCBC3AE12
(             libc.so[0xCBC2B000])[0B 34       ]0x0000FE0A:	ADDS	R4, #0XB	;(R4=0x00000014 )
(             libc.so[0xCBC2B000])[24 F0 07 04 ]0x0000FE0C:	BIC	R4, R4, #7	;(R4=0x0000001F )
(             libc.so[0xCBC2B000])[00 E0       ]0x0000FE10:	B	#0XCBC3AE14
(             libc.so[0xCBC2B000])[DF F8 68 3B ]0x0000FE14:	LDR.W	R3, [PC, #0XB68]	;(PC=0xCBC3AE14 )
(             libc.so[0xCBC2B000])[E2 08       ]0x0000FE18:	LSRS	R2, R4, #3	;(R4=0x00000018 )
(             libc.so[0xCBC2B000])[7B 44       ]0x0000FE1A:	ADD	R3, PC	;(R3=0x0003E362 PC=0xCBC3AE1A )
(             libc.so[0xCBC2B000])[18 68       ]0x0000FE1C:	LDR	R0, [R3]	;(R3=0xCBC79180 )
(             libc.so[0xCBC2B000])[20 FA 02 F1 ]0x0000FE1E:	LSR.W	R1, R0, R2	;(R0=0x00000000 R2=0x00000003 )
(             libc.so[0xCBC2B000])[01 90       ]0x0000FE22:	STR	R0, [SP, #4]	;(R0=0x00000000 SP=0x100FFFB0 )
(             libc.so[0xCBC2B000])[8E 07       ]0x0000FE24:	LSLS	R6, R1, #0X1E	;(R1=0x00000000 )
(             libc.so[0xCBC2B000])[21 D0       ]0x0000FE26:	BEQ	#0XCBC3AE6C
(             libc.so[0xCBC2B000])[9D 68       ]0x0000FE6C:	LDR	R5, [R3, #8]	;(R3=0xCBC79180 )
(             libc.so[0xCBC2B000])[AC 42       ]0x0000FE6E:	CMP	R4, R5	;(R4=0x00000018 R5=0x00000000 )
(             libc.so[0xCBC2B000])[40 F2 3F 83 ]0x0000FE70:	BLS.W	#0XCBC3B4F2
(             libc.so[0xCBC2B000])[00 29       ]0x0000FE74:	CMP	R1, #0	;(R1=0x00000000 )
(             libc.so[0xCBC2B000])[74 D0       ]0x0000FE76:	BEQ	#0XCBC3AF62
(             libc.so[0xCBC2B000])[D3 F8 04 80 ]0x0000FF62:	LDR.W	R8, [R3, #4]	;(R3=0xCBC79180 )
(             libc.so[0xCBC2B000])[B8 F1 00 0F ]0x0000FF66:	CMP.W	R8, #0	;(R8=0x00000000 )
(             libc.so[0xCBC2B000])[00 F0 C2 82 ]0x0000FF6A:	BEQ.W	#0XCBC3B4F2
(             libc.so[0xCBC2B000])[DF F8 E0 34 ]0x000104F2:	LDR.W	R3, [PC, #0X4E0]	;(PC=0xCBC3B4F2 )
(             libc.so[0xCBC2B000])[7B 44       ]0x000104F6:	ADD	R3, PC	;(R3=0x0003DC86 PC=0xCBC3B4F6 )
(             libc.so[0xCBC2B000])[98 68       ]0x000104F8:	LDR	R0, [R3, #8]	;(R3=0xCBC79180 )
(             libc.so[0xCBC2B000])[84 42       ]0x000104FA:	CMP	R4, R0	;(R4=0x00000018 R0=0x00000000 )
(             libc.so[0xCBC2B000])[19 D8       ]0x000104FC:	BHI	#0XCBC3B532
(             libc.so[0xCBC2B000])[DE 68       ]0x00010532:	LDR	R6, [R3, #0XC]	;(R3=0xCBC79180 )
(             libc.so[0xCBC2B000])[B4 42       ]0x00010534:	CMP	R4, R6	;(R4=0x00000018 R6=0x00000C60 )
(             libc.so[0xCBC2B000])[01 D2       ]0x00010536:	BHS	#0XCBC3B53C
(             libc.so[0xCBC2B000])[00 F0 7B BC ]0x00010538:	B.W	#0XCBC3BE32
(             libc.so[0xCBC2B000])[30 1B       ]0x00010E32:	SUBS	R0, R6, R4	;(R6=0x00000C60 R4=0x00000018 )
(             libc.so[0xCBC2B000])[9E 69       ]0x00010E34:	LDR	R6, [R3, #0X18]	;(R3=0xCBC79180 )
(             libc.so[0xCBC2B000])[D8 60       ]0x00010E36:	STR	R0, [R3, #0XC]	;(R0=0x00000C48 R3=0xCBC79180 )
(             libc.so[0xCBC2B000])[32 19       ]0x00010E38:	ADDS	R2, R6, R4	;(R6=0x30000378 R4=0x00000018 )
(             libc.so[0xCBC2B000])[9A 61       ]0x00010E3A:	STR	R2, [R3, #0X18]	;(R2=0x30000390 R3=0xCBC79180 )
(             libc.so[0xCBC2B000])[40 F0 01 03 ]0x00010E3C:	ORR	R3, R0, #1	;(R0=0x00000C48 )
(             libc.so[0xCBC2B000])[53 60       ]0x00010E40:	STR	R3, [R2, #4]	;(R3=0x00000C49 R2=0x30000390 )
(             libc.so[0xCBC2B000])[44 F0 03 04 ]0x00010E42:	ORR	R4, R4, #3	;(R4=0x00000018 )
(             libc.so[0xCBC2B000])[74 60       ]0x00010E46:	STR	R4, [R6, #4]	;(R4=0x0000001B R6=0x30000378 )
(             libc.so[0xCBC2B000])[08 36       ]0x00010E48:	ADDS	R6, #8	;(R6=0x30000378 )
(             libc.so[0xCBC2B000])[04 E0       ]0x00010E4A:	B	#0XCBC3BE56
(             libc.so[0xCBC2B000])[35 49       ]0x00010E56:	LDR	R1, [PC, #0XD4]	;(PC=0xCBC3BE56 )
(             libc.so[0xCBC2B000])[79 44       ]0x00010E58:	ADD	R1, PC	;(R1=0x0003D324 PC=0xCBC3BE58 )
(             libc.so[0xCBC2B000])[D1 F8 BC 21 ]0x00010E5A:	LDR.W	R2, [R1, #0X1BC]	;(R1=0xCBC79180 )
(             libc.so[0xCBC2B000])[93 07       ]0x00010E5E:	LSLS	R3, R2, #0X1E	;(R2=0x00000007 )
(             libc.so[0xCBC2B000])[3F D5       ]0x00010E60:	BPL	#0XCBC3BEE2
(             libc.so[0xCBC2B000])[01 F5 E0 70 ]0x00010E62:	ADD.W	R0, R1, #0X1C0	;(R1=0xCBC79180 )
(             libc.so[0xCBC2B000])[FD F7 3C ED ]0x00010E66:	BLX	#0XCBC398E0	;(PC=0xCBC3BE66 )
(             libc.so[0xCBC2B000])[BE FF FF EA ]0x0000E8E0:	B	#0XCBC397E0 ; pthread_mutex_unlock	;(PC=0xCBC398E0 )
(             libc.so[0xCBC2B000])[70 40 2D E9 ]0x0000E7E0:	PUSH	{R4, R5, R6, LR}	;(SP=0x100FFFB0 R4=0x0000001B R5=0x00000000 R6=0x30000380 LR=0xCBC3BE6B )
(             libc.so[0xCBC2B000])[00 40 50 E2 ]0x0000E7E4:	SUBS	R4, R0, #0	;(R0=0xCBC79340 )
(             libc.so[0xCBC2B000])[08 D0 4D E2 ]0x0000E7E8:	SUB	SP, SP, #8	;(SP=0x100FFFA0 )
(             libc.so[0xCBC2B000])[2B 00 00 0A ]0x0000E7EC:	BEQ	#0XCBC398A0	;(PC=0xCBC397EC )
(             libc.so[0xCBC2B000])[00 50 94 E5 ]0x0000E7F0:	LDR	R5, [R4]	;(R4=0xCBC79340 )
(             libc.so[0xCBC2B000])[03 69 15 E2 ]0x0000E7F4:	ANDS	R6, R5, #0XC000	;(R5=0x00000001 )
(             libc.so[0xCBC2B000])[02 1A 05 E2 ]0x0000E7F8:	AND	R1, R5, #0X2000	;(R5=0x00000001 )
(             libc.so[0xCBC2B000])[11 00 00 1A ]0x0000E7FC:	BNE	#0XCBC39848	;(PC=0xCBC397FC )
(             libc.so[0xCBC2B000])[5F F0 7F F5 ]0x0000E800:	DMB	SY
(             libc.so[0xCBC2B000])[9F 2F 94 E1 ]0x0000E804:	LDREX	R2, [R4]	;(R4=0xCBC79340 )
(             libc.so[0xCBC2B000])[01 30 42 E2 ]0x0000E808:	SUB	R3, R2, #1	;(R2=0x00000001 )
(             libc.so[0xCBC2B000])[93 5F 84 E1 ]0x0000E80C:	STREX	R5, R3, [R4]	;(R3=0x00000000 R4=0xCBC79340 )
(             libc.so[0xCBC2B000])[00 00 55 E3 ]0x0000E810:	CMP	R5, #0	;(R5=0x00000000 )
(             libc.so[0xCBC2B000])[FA FF FF 1A ]0x0000E814:	BNE	#0XCBC39804	;(PC=0xCBC39814 )
(             libc.so[0xCBC2B000])[01 C0 81 E3 ]0x0000E818:	ORR	IP, R1, #1	;(R1=0x00000000 )
(             libc.so[0xCBC2B000])[0C 00 52 E1 ]0x0000E81C:	CMP	R2, IP	;(R2=0x00000001 IP=0x00000001 )
(             libc.so[0xCBC2B000])[06 00 00 0A ]0x0000E820:	BEQ	#0XCBC39840	;(PC=0xCBC39820 )
(             libc.so[0xCBC2B000])[00 00 A0 E3 ]0x0000E840:	MOV	R0, #0
(             libc.so[0xCBC2B000])[FB FF FF EA ]0x0000E844:	B	#0XCBC39838	;(PC=0xCBC39844 )
(             libc.so[0xCBC2B000])[08 D0 8D E2 ]0x0000E838:	ADD	SP, SP, #8	;(SP=0x100FFF98 )
(             libc.so[0xCBC2B000])[70 80 BD E8 ]0x0000E83C:	POP	{R4, R5, R6, PC}	;(SP=0x100FFFA0 )
(             libc.so[0xCBC2B000])[3A E0       ]0x00010E6A:	B	#0XCBC3BEE2
(             libc.so[0xCBC2B000])[30 46       ]0x00010EE2:	MOV	R0, R6	;(R6=0x30000380 )
(             libc.so[0xCBC2B000])[BD E8 FE 8F ]0x00010EE4:	POP.W	{R1, R2, R3, R4, R5, R6, R7, R8, SB, SL, FP, PC}	;(SP=0x100FFFB0 )
(             libc.so[0xCBC2B000])[08 BD       ]0x0000DBF8:	POP	{R3, PC}	;(SP=0x100FFFE0 )
(        libstdc++.so[0xCBC8F000])[08 B9       ]0x0000091E:	CBNZ	R0, #0XCBC8F924	;(R0=0x30000380 )
(        libstdc++.so[0xCBC8F000])[08 BD       ]0x00000924:	POP	{R3, PC}	;(SP=0x100FFFE8 )
(  libmakeurl2.4.9.so[0xCBBCB000])[05 46       ]0x000018AA:	MOV	R5, R0	;(R0=0x30000380 )
(  libmakeurl2.4.9.so[0xCBBCB000])[1B F0 D4 F8 ]0x000018AC:	BL	#0XCBBE7A58	;(PC=0xCBBCC8AC )
(  libmakeurl2.4.9.so[0xCBBCB000])[07 49       ]0x0001CA58:	LDR	R1, [PC, #0X1C]	;(PC=0xCBBE7A58 )
(  libmakeurl2.4.9.so[0xCBBCB000])[02 46       ]0x0001CA5A:	MOV	R2, R0	;(R0=0x30000380 )
(  libmakeurl2.4.9.so[0xCBBCB000])[79 44       ]0x0001CA5C:	ADD	R1, PC	;(R1=0x000282D8 PC=0xCBBE7A5C )
(  libmakeurl2.4.9.so[0xCBBCB000])[08 31       ]0x0001CA5E:	ADDS	R1, #8	;(R1=0xCBC0FD38 )
(  libmakeurl2.4.9.so[0xCBBCB000])[01 60       ]0x0001CA60:	STR	R1, [R0]	;(R1=0xCBC0FD40 R0=0x30000380 )
(  libmakeurl2.4.9.so[0xCBBCB000])[00 21       ]0x0001CA62:	MOVS	R1, #0
(  libmakeurl2.4.9.so[0xCBBCB000])[42 F8 08 1F ]0x0001CA64:	STR	R1, [R2, #8]!	;(R1=0x00000000 R2=0x30000380 )
(  libmakeurl2.4.9.so[0xCBBCB000])[C1 60       ]0x0001CA68:	STR	R1, [R0, #0XC]	;(R1=0x00000000 R0=0x30000380 )
(  libmakeurl2.4.9.so[0xCBBCB000])[45 F2 78 61 ]0x0001CA6A:	MOVW	R1, #0X5678
(  libmakeurl2.4.9.so[0xCBBCB000])[C1 F2 34 21 ]0x0001CA6E:	MOVT	R1, #0X1234	;(R1=0x00005678 )
(  libmakeurl2.4.9.so[0xCBBCB000])[42 60       ]0x0001CA72:	STR	R2, [R0, #4]	;(R2=0x30000388 R0=0x30000380 )
(  libmakeurl2.4.9.so[0xCBBCB000])[01 61       ]0x0001CA74:	STR	R1, [R0, #0X10]	;(R1=0x12345678 R0=0x30000380 )
(  libmakeurl2.4.9.so[0xCBBCB000])[70 47       ]0x0001CA76:	BX	LR	;(LR=0xCBBCC8B1 )
(  libmakeurl2.4.9.so[0xCBBCB000])[7C 48       ]0x000018B0:	LDR	R0, [PC, #0X1F0]	;(PC=0xCBBCC8B0 )
(  libmakeurl2.4.9.so[0xCBBCB000])[78 44       ]0x000018B2:	ADD	R0, PC	;(R0=0x00043986 PC=0xCBBCC8B2 )
(  libmakeurl2.4.9.so[0xCBBCB000])[05 60       ]0x000018B4:	STR	R5, [R0]	;(R5=0x30000380 R0=0xCBC1023C )
(  libmakeurl2.4.9.so[0xCBBCB000])[14 20       ]0x000018B6:	MOVS	R0, #0X14
(  libmakeurl2.4.9.so[0xCBBCB000])[FF F7 E0 ED ]0x000018B8:	BLX	#0XCBBCC47C	;(PC=0xCBBCC8B8 )
(  libmakeurl2.4.9.so[0xCBBCB000])[00 C6 8F E2 ]0x0000147C:	ADD	IP, PC, #0, #12	;(PC=0xCBBCC47C )
(  libmakeurl2.4.9.so[0xCBBCB000])[43 CA 8C E2 ]0x00001480:	ADD	IP, IP, #0X43000	;(IP=0xCBBCC484 )
(  libmakeurl2.4.9.so[0xCBBCB000])[00 FB BC E5 ]0x00001484:	LDR	PC, [IP, #0XB00]!	;(IP=0xCBC0F484 )
(        libstdc++.so[0xCBC8F000])[08 B5       ]0x00000918:	PUSH	{R3, LR} ; _Znaj	;(SP=0x100FFFF0 R3=0x00000000 LR=0xCBBCC8BD )
(        libstdc++.so[0xCBC8F000])[FF F7 6E EF ]0x0000091A:	BLX	#0XCBC8F7F8	;(PC=0xCBC8F91A )
(        libstdc++.so[0xCBC8F000])[00 C6 8F E2 ]0x000007F8:	ADD	IP, PC, #0, #12	;(PC=0xCBC8F7F8 )
(        libstdc++.so[0xCBC8F000])[01 CA 8C E2 ]0x000007FC:	ADD	IP, IP, #0X1000	;(IP=0xCBC8F800 )
(        libstdc++.so[0xCBC8F000])[F0 F7 BC E5 ]0x00000800:	LDR	PC, [IP, #0X7F0]!	;(IP=0xCBC90800 )
(             libc.so[0xCBC2B000])[08 B5       ]0x0000DBEC:	PUSH	{R3, LR} ; malloc	;(SP=0x100FFFE8 R3=0x00000000 LR=0xCBC8F91F )
(             libc.so[0xCBC2B000])[03 4B       ]0x0000DBEE:	LDR	R3, [PC, #0XC]	;(PC=0xCBC38BEE )
(             libc.so[0xCBC2B000])[7B 44       ]0x0000DBF0:	ADD	R3, PC	;(R3=0x0003C40C PC=0xCBC38BF0 )
(             libc.so[0xCBC2B000])[19 68       ]0x0000DBF2:	LDR	R1, [R3]	;(R3=0xCBC75000 )
(             libc.so[0xCBC2B000])[0A 68       ]0x0000DBF4:	LDR	R2, [R1]	;(R1=0xCBC74E00 )
(             libc.so[0xCBC2B000])[90 47       ]0x0000DBF6:	BLX	R2	;(PC=0xCBC38BF6 R2=0xCBC3ADCD )
(             libc.so[0xCBC2B000])[DF F8 A4 3B ]0x0000FDCC:	LDR.W	R3, [PC, #0XBA4] ; dlmalloc	;(PC=0xCBC3ADCC )
(             libc.so[0xCBC2B000])[2D E9 F7 4F ]0x0000FDD0:	PUSH.W	{R0, R1, R2, R4, R5, R6, R7, R8, SB, SL, FP, LR}	;(SP=0x100FFFE0 R0=0x00000014 R1=0xCBC74E00 R2=0xCBC3ADCD R4=0x00000000 R5=0x30000380 R6=0x00000000 R7=0x100FFFF8 R8=0x00000000 SB=0x00000000 SL=0x00000000 FP=0x00000000 LR=0xCBC38BF9 )
(             libc.so[0xCBC2B000])[7B 44       ]0x0000FDD4:	ADD	R3, PC	;(R3=0x0003E588 PC=0xCBC3ADD4 )
(             libc.so[0xCBC2B000])[04 46       ]0x0000FDD6:	MOV	R4, R0	;(R0=0x00000014 )
(             libc.so[0xCBC2B000])[18 68       ]0x0000FDD8:	LDR	R0, [R3]	;(R3=0xCBC79360 )
(             libc.so[0xCBC2B000])[08 B9       ]0x0000FDDA:	CBNZ	R0, #0XCBC3ADE0	;(R0=0x0B13C7D8 )
(             libc.so[0xCBC2B000])[DF F8 94 1B ]0x0000FDE0:	LDR.W	R1, [PC, #0XB94]	;(PC=0xCBC3ADE0 )
(             libc.so[0xCBC2B000])[79 44       ]0x0000FDE4:	ADD	R1, PC	;(R1=0x0003E398 PC=0xCBC3ADE4 )
(             libc.so[0xCBC2B000])[D1 F8 BC 21 ]0x0000FDE6:	LDR.W	R2, [R1, #0X1BC]	;(R1=0xCBC79180 )
(             libc.so[0xCBC2B000])[93 07       ]0x0000FDEA:	LSLS	R3, R2, #0X1E	;(R2=0x00000007 )
(             libc.so[0xCBC2B000])[02 D4       ]0x0000FDEC:	BMI	#0XCBC3ADF4
(             libc.so[0xCBC2B000])[01 F5 E0 70 ]0x0000FDF4:	ADD.W	R0, R1, #0X1C0	;(R1=0xCBC79180 )
(             libc.so[0xCBC2B000])[00 26       ]0x0000FDF8:	MOVS	R6, #0
(             libc.so[0xCBC2B000])[FE F7 F0 EC ]0x0000FDFA:	BLX	#0XCBC397DC	;(PC=0xCBC3ADFA )
(             libc.so[0xCBC2B000])[90 FF FF EA ]0x0000E7DC:	B	#0XCBC39624 ; pthread_mutex_lock	;(PC=0xCBC397DC )
(             libc.so[0xCBC2B000])[F0 41 2D E9 ]0x0000E624:	PUSH	{R4, R5, R6, R7, R8, LR}	;(SP=0x100FFFB0 R4=0x00000014 R5=0x30000380 R6=0x00000000 R7=0x100FFFF8 R8=0x00000000 LR=0xCBC3ADFF )
(             libc.so[0xCBC2B000])[00 40 50 E2 ]0x0000E628:	SUBS	R4, R0, #0	;(R0=0xCBC79340 )
(             libc.so[0xCBC2B000])[1B 00 00 0A ]0x0000E62C:	BEQ	#0XCBC396A0	;(PC=0xCBC3962C )
(             libc.so[0xCBC2B000])[00 50 94 E5 ]0x0000E630:	LDR	R5, [R4]	;(R4=0xCBC79340 )
(             libc.so[0xCBC2B000])[03 79 15 E2 ]0x0000E634:	ANDS	R7, R5, #0XC000	;(R5=0x00000000 )
(             libc.so[0xCBC2B000])[02 6A 05 E2 ]0x0000E638:	AND	R6, R5, #0X2000	;(R5=0x00000000 )
(             libc.so[0xCBC2B000])[19 00 00 1A ]0x0000E63C:	BNE	#0XCBC396A8	;(PC=0xCBC3963C )
(             libc.so[0xCBC2B000])[01 00 86 E3 ]0x0000E640:	ORR	R0, R6, #1	;(R6=0x00000000 )
(             libc.so[0xCBC2B000])[9F 3F 94 E1 ]0x0000E644:	LDREX	R3, [R4]	;(R4=0xCBC79340 )
(             libc.so[0xCBC2B000])[00 10 A0 E3 ]0x0000E648:	MOV	R1, #0
(             libc.so[0xCBC2B000])[06 00 33 E1 ]0x0000E64C:	TEQ	R3, R6	;(R3=0x00000000 R6=0x00000000 )
(             libc.so[0xCBC2B000])[90 1F 84 01 ]0x0000E650:	STREXEQ	R1, R0, [R4]	;(R0=0x00000001 R4=0xCBC79340 )
(             libc.so[0xCBC2B000])[00 00 51 E3 ]0x0000E654:	CMP	R1, #0	;(R1=0x00000000 )
(             libc.so[0xCBC2B000])[F9 FF FF 1A ]0x0000E658:	BNE	#0XCBC39644	;(PC=0xCBC39658 )
(             libc.so[0xCBC2B000])[03 00 56 E1 ]0x0000E65C:	CMP	R6, R3	;(R6=0x00000000 R3=0x00000000 )
(             libc.so[0xCBC2B000])[02 50 86 13 ]0x0000E660:	ORRNE	R5, R6, #2	;(R6=0x00000000 )
(             libc.so[0xCBC2B000])[01 00 00 1A ]0x0000E664:	BNE	#0XCBC39670	;(PC=0xCBC39664 )
(             libc.so[0xCBC2B000])[09 00 00 EA ]0x0000E668:	B	#0XCBC39694	;(PC=0xCBC39668 )
(             libc.so[0xCBC2B000])[5F F0 7F F5 ]0x0000E694:	DMB	SY
(             libc.so[0xCBC2B000])[00 00 A0 E3 ]0x0000E698:	MOV	R0, #0
(             libc.so[0xCBC2B000])[F0 81 BD E8 ]0x0000E69C:	POP	{R4, R5, R6, R7, R8, PC}	;(SP=0x100FFF98 )
(             libc.so[0xCBC2B000])[00 28       ]0x0000FDFE:	CMP	R0, #0	;(R0=0x00000000 )
(             libc.so[0xCBC2B000])[41 F0 6F 80 ]0x0000FE00:	BNE.W	#0XCBC3BEE2
(             libc.so[0xCBC2B000])[F3 E7       ]0x0000FE04:	B	#0XCBC3ADEE
(             libc.so[0xCBC2B000])[F4 2C       ]0x0000FDEE:	CMP	R4, #0XF4	;(R4=0x00000014 )
(             libc.so[0xCBC2B000])[09 D9       ]0x0000FDF0:	BLS	#0XCBC3AE06
(             libc.so[0xCBC2B000])[0A 2C       ]0x0000FE06:	CMP	R4, #0XA	;(R4=0x00000014 )
(             libc.so[0xCBC2B000])[03 D9       ]0x0000FE08:	BLS	#0XCBC3AE12
(             libc.so[0xCBC2B000])[0B 34       ]0x0000FE0A:	ADDS	R4, #0XB	;(R4=0x00000014 )
(             libc.so[0xCBC2B000])[24 F0 07 04 ]0x0000FE0C:	BIC	R4, R4, #7	;(R4=0x0000001F )
(             libc.so[0xCBC2B000])[00 E0       ]0x0000FE10:	B	#0XCBC3AE14
(             libc.so[0xCBC2B000])[DF F8 68 3B ]0x0000FE14:	LDR.W	R3, [PC, #0XB68]	;(PC=0xCBC3AE14 )
(             libc.so[0xCBC2B000])[E2 08       ]0x0000FE18:	LSRS	R2, R4, #3	;(R4=0x00000018 )
(             libc.so[0xCBC2B000])[7B 44       ]0x0000FE1A:	ADD	R3, PC	;(R3=0x0003E362 PC=0xCBC3AE1A )
(             libc.so[0xCBC2B000])[18 68       ]0x0000FE1C:	LDR	R0, [R3]	;(R3=0xCBC79180 )
(             libc.so[0xCBC2B000])[20 FA 02 F1 ]0x0000FE1E:	LSR.W	R1, R0, R2	;(R0=0x00000000 R2=0x00000003 )
(             libc.so[0xCBC2B000])[01 90       ]0x0000FE22:	STR	R0, [SP, #4]	;(R0=0x00000000 SP=0x100FFFB0 )
(             libc.so[0xCBC2B000])[8E 07       ]0x0000FE24:	LSLS	R6, R1, #0X1E	;(R1=0x00000000 )
(             libc.so[0xCBC2B000])[21 D0       ]0x0000FE26:	BEQ	#0XCBC3AE6C
(             libc.so[0xCBC2B000])[9D 68       ]0x0000FE6C:	LDR	R5, [R3, #8]	;(R3=0xCBC79180 )
(             libc.so[0xCBC2B000])[AC 42       ]0x0000FE6E:	CMP	R4, R5	;(R4=0x00000018 R5=0x00000000 )
(             libc.so[0xCBC2B000])[40 F2 3F 83 ]0x0000FE70:	BLS.W	#0XCBC3B4F2
(             libc.so[0xCBC2B000])[00 29       ]0x0000FE74:	CMP	R1, #0	;(R1=0x00000000 )
(             libc.so[0xCBC2B000])[74 D0       ]0x0000FE76:	BEQ	#0XCBC3AF62
(             libc.so[0xCBC2B000])[D3 F8 04 80 ]0x0000FF62:	LDR.W	R8, [R3, #4]	;(R3=0xCBC79180 )
(             libc.so[0xCBC2B000])[B8 F1 00 0F ]0x0000FF66:	CMP.W	R8, #0	;(R8=0x00000000 )
(             libc.so[0xCBC2B000])[00 F0 C2 82 ]0x0000FF6A:	BEQ.W	#0XCBC3B4F2
(             libc.so[0xCBC2B000])[DF F8 E0 34 ]0x000104F2:	LDR.W	R3, [PC, #0X4E0]	;(PC=0xCBC3B4F2 )
(             libc.so[0xCBC2B000])[7B 44       ]0x000104F6:	ADD	R3, PC	;(R3=0x0003DC86 PC=0xCBC3B4F6 )
(             libc.so[0xCBC2B000])[98 68       ]0x000104F8:	LDR	R0, [R3, #8]	;(R3=0xCBC79180 )
(             libc.so[0xCBC2B000])[84 42       ]0x000104FA:	CMP	R4, R0	;(R4=0x00000018 R0=0x00000000 )
(             libc.so[0xCBC2B000])[19 D8       ]0x000104FC:	BHI	#0XCBC3B532
(             libc.so[0xCBC2B000])[DE 68       ]0x00010532:	LDR	R6, [R3, #0XC]	;(R3=0xCBC79180 )
(             libc.so[0xCBC2B000])[B4 42       ]0x00010534:	CMP	R4, R6	;(R4=0x00000018 R6=0x00000C48 )
(             libc.so[0xCBC2B000])[01 D2       ]0x00010536:	BHS	#0XCBC3B53C
(             libc.so[0xCBC2B000])[00 F0 7B BC ]0x00010538:	B.W	#0XCBC3BE32
(             libc.so[0xCBC2B000])[30 1B       ]0x00010E32:	SUBS	R0, R6, R4	;(R6=0x00000C48 R4=0x00000018 )
(             libc.so[0xCBC2B000])[9E 69       ]0x00010E34:	LDR	R6, [R3, #0X18]	;(R3=0xCBC79180 )
(             libc.so[0xCBC2B000])[D8 60       ]0x00010E36:	STR	R0, [R3, #0XC]	;(R0=0x00000C30 R3=0xCBC79180 )
(             libc.so[0xCBC2B000])[32 19       ]0x00010E38:	ADDS	R2, R6, R4	;(R6=0x30000390 R4=0x00000018 )
(             libc.so[0xCBC2B000])[9A 61       ]0x00010E3A:	STR	R2, [R3, #0X18]	;(R2=0x300003A8 R3=0xCBC79180 )
(             libc.so[0xCBC2B000])[40 F0 01 03 ]0x00010E3C:	ORR	R3, R0, #1	;(R0=0x00000C30 )
(             libc.so[0xCBC2B000])[53 60       ]0x00010E40:	STR	R3, [R2, #4]	;(R3=0x00000C31 R2=0x300003A8 )
(             libc.so[0xCBC2B000])[44 F0 03 04 ]0x00010E42:	ORR	R4, R4, #3	;(R4=0x00000018 )
(             libc.so[0xCBC2B000])[74 60       ]0x00010E46:	STR	R4, [R6, #4]	;(R4=0x0000001B R6=0x30000390 )
(             libc.so[0xCBC2B000])[08 36       ]0x00010E48:	ADDS	R6, #8	;(R6=0x30000390 )
(             libc.so[0xCBC2B000])[04 E0       ]0x00010E4A:	B	#0XCBC3BE56
(             libc.so[0xCBC2B000])[35 49       ]0x00010E56:	LDR	R1, [PC, #0XD4]	;(PC=0xCBC3BE56 )
(             libc.so[0xCBC2B000])[79 44       ]0x00010E58:	ADD	R1, PC	;(R1=0x0003D324 PC=0xCBC3BE58 )
(             libc.so[0xCBC2B000])[D1 F8 BC 21 ]0x00010E5A:	LDR.W	R2, [R1, #0X1BC]	;(R1=0xCBC79180 )
(             libc.so[0xCBC2B000])[93 07       ]0x00010E5E:	LSLS	R3, R2, #0X1E	;(R2=0x00000007 )
(             libc.so[0xCBC2B000])[3F D5       ]0x00010E60:	BPL	#0XCBC3BEE2
(             libc.so[0xCBC2B000])[01 F5 E0 70 ]0x00010E62:	ADD.W	R0, R1, #0X1C0	;(R1=0xCBC79180 )
(             libc.so[0xCBC2B000])[FD F7 3C ED ]0x00010E66:	BLX	#0XCBC398E0	;(PC=0xCBC3BE66 )
(             libc.so[0xCBC2B000])[BE FF FF EA ]0x0000E8E0:	B	#0XCBC397E0 ; pthread_mutex_unlock	;(PC=0xCBC398E0 )
(             libc.so[0xCBC2B000])[70 40 2D E9 ]0x0000E7E0:	PUSH	{R4, R5, R6, LR}	;(SP=0x100FFFB0 R4=0x0000001B R5=0x00000000 R6=0x30000398 LR=0xCBC3BE6B )
(             libc.so[0xCBC2B000])[00 40 50 E2 ]0x0000E7E4:	SUBS	R4, R0, #0	;(R0=0xCBC79340 )
(             libc.so[0xCBC2B000])[08 D0 4D E2 ]0x0000E7E8:	SUB	SP, SP, #8	;(SP=0x100FFFA0 )
(             libc.so[0xCBC2B000])[2B 00 00 0A ]0x0000E7EC:	BEQ	#0XCBC398A0	;(PC=0xCBC397EC )
(             libc.so[0xCBC2B000])[00 50 94 E5 ]0x0000E7F0:	LDR	R5, [R4]	;(R4=0xCBC79340 )
(             libc.so[0xCBC2B000])[03 69 15 E2 ]0x0000E7F4:	ANDS	R6, R5, #0XC000	;(R5=0x00000001 )
(             libc.so[0xCBC2B000])[02 1A 05 E2 ]0x0000E7F8:	AND	R1, R5, #0X2000	;(R5=0x00000001 )
(             libc.so[0xCBC2B000])[11 00 00 1A ]0x0000E7FC:	BNE	#0XCBC39848	;(PC=0xCBC397FC )
(             libc.so[0xCBC2B000])[5F F0 7F F5 ]0x0000E800:	DMB	SY
(             libc.so[0xCBC2B000])[9F 2F 94 E1 ]0x0000E804:	LDREX	R2, [R4]	;(R4=0xCBC79340 )
(             libc.so[0xCBC2B000])[01 30 42 E2 ]0x0000E808:	SUB	R3, R2, #1	;(R2=0x00000001 )
(             libc.so[0xCBC2B000])[93 5F 84 E1 ]0x0000E80C:	STREX	R5, R3, [R4]	;(R3=0x00000000 R4=0xCBC79340 )
(             libc.so[0xCBC2B000])[00 00 55 E3 ]0x0000E810:	CMP	R5, #0	;(R5=0x00000000 )
(             libc.so[0xCBC2B000])[FA FF FF 1A ]0x0000E814:	BNE	#0XCBC39804	;(PC=0xCBC39814 )
(             libc.so[0xCBC2B000])[01 C0 81 E3 ]0x0000E818:	ORR	IP, R1, #1	;(R1=0x00000000 )
(             libc.so[0xCBC2B000])[0C 00 52 E1 ]0x0000E81C:	CMP	R2, IP	;(R2=0x00000001 IP=0x00000001 )
(             libc.so[0xCBC2B000])[06 00 00 0A ]0x0000E820:	BEQ	#0XCBC39840	;(PC=0xCBC39820 )
(             libc.so[0xCBC2B000])[00 00 A0 E3 ]0x0000E840:	MOV	R0, #0
(             libc.so[0xCBC2B000])[FB FF FF EA ]0x0000E844:	B	#0XCBC39838	;(PC=0xCBC39844 )
(             libc.so[0xCBC2B000])[08 D0 8D E2 ]0x0000E838:	ADD	SP, SP, #8	;(SP=0x100FFF98 )
(             libc.so[0xCBC2B000])[70 80 BD E8 ]0x0000E83C:	POP	{R4, R5, R6, PC}	;(SP=0x100FFFA0 )
(             libc.so[0xCBC2B000])[3A E0       ]0x00010E6A:	B	#0XCBC3BEE2
(             libc.so[0xCBC2B000])[30 46       ]0x00010EE2:	MOV	R0, R6	;(R6=0x30000398 )
(             libc.so[0xCBC2B000])[BD E8 FE 8F ]0x00010EE4:	POP.W	{R1, R2, R3, R4, R5, R6, R7, R8, SB, SL, FP, PC}	;(SP=0x100FFFB0 )
(             libc.so[0xCBC2B000])[08 BD       ]0x0000DBF8:	POP	{R3, PC}	;(SP=0x100FFFE0 )
(        libstdc++.so[0xCBC8F000])[08 B9       ]0x0000091E:	CBNZ	R0, #0XCBC8F924	;(R0=0x30000398 )
(        libstdc++.so[0xCBC8F000])[08 BD       ]0x00000924:	POP	{R3, PC}	;(SP=0x100FFFE8 )
(  libmakeurl2.4.9.so[0xCBBCB000])[05 46       ]0x000018BC:	MOV	R5, R0	;(R0=0x30000398 )
(  libmakeurl2.4.9.so[0xCBBCB000])[1B F0 CB F8 ]0x000018BE:	BL	#0XCBBE7A58	;(PC=0xCBBCC8BE )
(  libmakeurl2.4.9.so[0xCBBCB000])[07 49       ]0x0001CA58:	LDR	R1, [PC, #0X1C]	;(PC=0xCBBE7A58 )
(  libmakeurl2.4.9.so[0xCBBCB000])[02 46       ]0x0001CA5A:	MOV	R2, R0	;(R0=0x30000398 )
(  libmakeurl2.4.9.so[0xCBBCB000])[79 44       ]0x0001CA5C:	ADD	R1, PC	;(R1=0x000282D8 PC=0xCBBE7A5C )
(  libmakeurl2.4.9.so[0xCBBCB000])[08 31       ]0x0001CA5E:	ADDS	R1, #8	;(R1=0xCBC0FD38 )
(  libmakeurl2.4.9.so[0xCBBCB000])[01 60       ]0x0001CA60:	STR	R1, [R0]	;(R1=0xCBC0FD40 R0=0x30000398 )
(  libmakeurl2.4.9.so[0xCBBCB000])[00 21       ]0x0001CA62:	MOVS	R1, #0
(  libmakeurl2.4.9.so[0xCBBCB000])[42 F8 08 1F ]0x0001CA64:	STR	R1, [R2, #8]!	;(R1=0x00000000 R2=0x30000398 )
(  libmakeurl2.4.9.so[0xCBBCB000])[C1 60       ]0x0001CA68:	STR	R1, [R0, #0XC]	;(R1=0x00000000 R0=0x30000398 )
(  libmakeurl2.4.9.so[0xCBBCB000])[45 F2 78 61 ]0x0001CA6A:	MOVW	R1, #0X5678
(  libmakeurl2.4.9.so[0xCBBCB000])[C1 F2 34 21 ]0x0001CA6E:	MOVT	R1, #0X1234	;(R1=0x00005678 )
(  libmakeurl2.4.9.so[0xCBBCB000])[42 60       ]0x0001CA72:	STR	R2, [R0, #4]	;(R2=0x300003A0 R0=0x30000398 )
(  libmakeurl2.4.9.so[0xCBBCB000])[01 61       ]0x0001CA74:	STR	R1, [R0, #0X10]	;(R1=0x12345678 R0=0x30000398 )
(  libmakeurl2.4.9.so[0xCBBCB000])[70 47       ]0x0001CA76:	BX	LR	;(LR=0xCBBCC8C3 )
(  libmakeurl2.4.9.so[0xCBBCB000])[79 48       ]0x000018C2:	LDR	R0, [PC, #0X1E4]	;(PC=0xCBBCC8C2 )
(  libmakeurl2.4.9.so[0xCBBCB000])[78 44       ]0x000018C4:	ADD	R0, PC	;(R0=0x00043978 PC=0xCBBCC8C4 )
(  libmakeurl2.4.9.so[0xCBBCB000])[05 60       ]0x000018C6:	STR	R5, [R0]	;(R5=0x30000398 R0=0xCBC10240 )
(  libmakeurl2.4.9.so[0xCBBCB000])[14 20       ]0x000018C8:	MOVS	R0, #0X14
(  libmakeurl2.4.9.so[0xCBBCB000])[FF F7 D8 ED ]0x000018CA:	BLX	#0XCBBCC47C	;(PC=0xCBBCC8CA )
(  libmakeurl2.4.9.so[0xCBBCB000])[00 C6 8F E2 ]0x0000147C:	ADD	IP, PC, #0, #12	;(PC=0xCBBCC47C )
(  libmakeurl2.4.9.so[0xCBBCB000])[43 CA 8C E2 ]0x00001480:	ADD	IP, IP, #0X43000	;(IP=0xCBBCC484 )
(  libmakeurl2.4.9.so[0xCBBCB000])[00 FB BC E5 ]0x00001484:	LDR	PC, [IP, #0XB00]!	;(IP=0xCBC0F484 )
(        libstdc++.so[0xCBC8F000])[08 B5       ]0x00000918:	PUSH	{R3, LR} ; _Znaj	;(SP=0x100FFFF0 R3=0x00000000 LR=0xCBBCC8CF )
(        libstdc++.so[0xCBC8F000])[FF F7 6E EF ]0x0000091A:	BLX	#0XCBC8F7F8	;(PC=0xCBC8F91A )
(        libstdc++.so[0xCBC8F000])[00 C6 8F E2 ]0x000007F8:	ADD	IP, PC, #0, #12	;(PC=0xCBC8F7F8 )
(        libstdc++.so[0xCBC8F000])[01 CA 8C E2 ]0x000007FC:	ADD	IP, IP, #0X1000	;(IP=0xCBC8F800 )
(        libstdc++.so[0xCBC8F000])[F0 F7 BC E5 ]0x00000800:	LDR	PC, [IP, #0X7F0]!	;(IP=0xCBC90800 )
(             libc.so[0xCBC2B000])[08 B5       ]0x0000DBEC:	PUSH	{R3, LR} ; malloc	;(SP=0x100FFFE8 R3=0x00000000 LR=0xCBC8F91F )
(             libc.so[0xCBC2B000])[03 4B       ]0x0000DBEE:	LDR	R3, [PC, #0XC]	;(PC=0xCBC38BEE )
(             libc.so[0xCBC2B000])[7B 44       ]0x0000DBF0:	ADD	R3, PC	;(R3=0x0003C40C PC=0xCBC38BF0 )
(             libc.so[0xCBC2B000])[19 68       ]0x0000DBF2:	LDR	R1, [R3]	;(R3=0xCBC75000 )
(             libc.so[0xCBC2B000])[0A 68       ]0x0000DBF4:	LDR	R2, [R1]	;(R1=0xCBC74E00 )
(             libc.so[0xCBC2B000])[90 47       ]0x0000DBF6:	BLX	R2	;(PC=0xCBC38BF6 R2=0xCBC3ADCD )
(             libc.so[0xCBC2B000])[DF F8 A4 3B ]0x0000FDCC:	LDR.W	R3, [PC, #0XBA4] ; dlmalloc	;(PC=0xCBC3ADCC )
(             libc.so[0xCBC2B000])[2D E9 F7 4F ]0x0000FDD0:	PUSH.W	{R0, R1, R2, R4, R5, R6, R7, R8, SB, SL, FP, LR}	;(SP=0x100FFFE0 R0=0x00000014 R1=0xCBC74E00 R2=0xCBC3ADCD R4=0x00000000 R5=0x30000398 R6=0x00000000 R7=0x100FFFF8 R8=0x00000000 SB=0x00000000 SL=0x00000000 FP=0x00000000 LR=0xCBC38BF9 )
(             libc.so[0xCBC2B000])[7B 44       ]0x0000FDD4:	ADD	R3, PC	;(R3=0x0003E588 PC=0xCBC3ADD4 )
(             libc.so[0xCBC2B000])[04 46       ]0x0000FDD6:	MOV	R4, R0	;(R0=0x00000014 )
(             libc.so[0xCBC2B000])[18 68       ]0x0000FDD8:	LDR	R0, [R3]	;(R3=0xCBC79360 )
(             libc.so[0xCBC2B000])[08 B9       ]0x0000FDDA:	CBNZ	R0, #0XCBC3ADE0	;(R0=0x0B13C7D8 )
(             libc.so[0xCBC2B000])[DF F8 94 1B ]0x0000FDE0:	LDR.W	R1, [PC, #0XB94]	;(PC=0xCBC3ADE0 )
(             libc.so[0xCBC2B000])[79 44       ]0x0000FDE4:	ADD	R1, PC	;(R1=0x0003E398 PC=0xCBC3ADE4 )
(             libc.so[0xCBC2B000])[D1 F8 BC 21 ]0x0000FDE6:	LDR.W	R2, [R1, #0X1BC]	;(R1=0xCBC79180 )
(             libc.so[0xCBC2B000])[93 07       ]0x0000FDEA:	LSLS	R3, R2, #0X1E	;(R2=0x00000007 )
(             libc.so[0xCBC2B000])[02 D4       ]0x0000FDEC:	BMI	#0XCBC3ADF4
(             libc.so[0xCBC2B000])[01 F5 E0 70 ]0x0000FDF4:	ADD.W	R0, R1, #0X1C0	;(R1=0xCBC79180 )
(             libc.so[0xCBC2B000])[00 26       ]0x0000FDF8:	MOVS	R6, #0
(             libc.so[0xCBC2B000])[FE F7 F0 EC ]0x0000FDFA:	BLX	#0XCBC397DC	;(PC=0xCBC3ADFA )
(             libc.so[0xCBC2B000])[90 FF FF EA ]0x0000E7DC:	B	#0XCBC39624 ; pthread_mutex_lock	;(PC=0xCBC397DC )
(             libc.so[0xCBC2B000])[F0 41 2D E9 ]0x0000E624:	PUSH	{R4, R5, R6, R7, R8, LR}	;(SP=0x100FFFB0 R4=0x00000014 R5=0x30000398 R6=0x00000000 R7=0x100FFFF8 R8=0x00000000 LR=0xCBC3ADFF )
(             libc.so[0xCBC2B000])[00 40 50 E2 ]0x0000E628:	SUBS	R4, R0, #0	;(R0=0xCBC79340 )
(             libc.so[0xCBC2B000])[1B 00 00 0A ]0x0000E62C:	BEQ	#0XCBC396A0	;(PC=0xCBC3962C )
(             libc.so[0xCBC2B000])[00 50 94 E5 ]0x0000E630:	LDR	R5, [R4]	;(R4=0xCBC79340 )
(             libc.so[0xCBC2B000])[03 79 15 E2 ]0x0000E634:	ANDS	R7, R5, #0XC000	;(R5=0x00000000 )
(             libc.so[0xCBC2B000])[02 6A 05 E2 ]0x0000E638:	AND	R6, R5, #0X2000	;(R5=0x00000000 )
(             libc.so[0xCBC2B000])[19 00 00 1A ]0x0000E63C:	BNE	#0XCBC396A8	;(PC=0xCBC3963C )
(             libc.so[0xCBC2B000])[01 00 86 E3 ]0x0000E640:	ORR	R0, R6, #1	;(R6=0x00000000 )
(             libc.so[0xCBC2B000])[9F 3F 94 E1 ]0x0000E644:	LDREX	R3, [R4]	;(R4=0xCBC79340 )
(             libc.so[0xCBC2B000])[00 10 A0 E3 ]0x0000E648:	MOV	R1, #0
(             libc.so[0xCBC2B000])[06 00 33 E1 ]0x0000E64C:	TEQ	R3, R6	;(R3=0x00000000 R6=0x00000000 )
(             libc.so[0xCBC2B000])[90 1F 84 01 ]0x0000E650:	STREXEQ	R1, R0, [R4]	;(R0=0x00000001 R4=0xCBC79340 )
(             libc.so[0xCBC2B000])[00 00 51 E3 ]0x0000E654:	CMP	R1, #0	;(R1=0x00000000 )
(             libc.so[0xCBC2B000])[F9 FF FF 1A ]0x0000E658:	BNE	#0XCBC39644	;(PC=0xCBC39658 )
(             libc.so[0xCBC2B000])[03 00 56 E1 ]0x0000E65C:	CMP	R6, R3	;(R6=0x00000000 R3=0x00000000 )
(             libc.so[0xCBC2B000])[02 50 86 13 ]0x0000E660:	ORRNE	R5, R6, #2	;(R6=0x00000000 )
(             libc.so[0xCBC2B000])[01 00 00 1A ]0x0000E664:	BNE	#0XCBC39670	;(PC=0xCBC39664 )
(             libc.so[0xCBC2B000])[09 00 00 EA ]0x0000E668:	B	#0XCBC39694	;(PC=0xCBC39668 )
(             libc.so[0xCBC2B000])[5F F0 7F F5 ]0x0000E694:	DMB	SY
(             libc.so[0xCBC2B000])[00 00 A0 E3 ]0x0000E698:	MOV	R0, #0
(             libc.so[0xCBC2B000])[F0 81 BD E8 ]0x0000E69C:	POP	{R4, R5, R6, R7, R8, PC}	;(SP=0x100FFF98 )
(             libc.so[0xCBC2B000])[00 28       ]0x0000FDFE:	CMP	R0, #0	;(R0=0x00000000 )
(             libc.so[0xCBC2B000])[41 F0 6F 80 ]0x0000FE00:	BNE.W	#0XCBC3BEE2
(             libc.so[0xCBC2B000])[F3 E7       ]0x0000FE04:	B	#0XCBC3ADEE
(             libc.so[0xCBC2B000])[F4 2C       ]0x0000FDEE:	CMP	R4, #0XF4	;(R4=0x00000014 )
(             libc.so[0xCBC2B000])[09 D9       ]0x0000FDF0:	BLS	#0XCBC3AE06
(             libc.so[0xCBC2B000])[0A 2C       ]0x0000FE06:	CMP	R4, #0XA	;(R4=0x00000014 )
(             libc.so[0xCBC2B000])[03 D9       ]0x0000FE08:	BLS	#0XCBC3AE12
(             libc.so[0xCBC2B000])[0B 34       ]0x0000FE0A:	ADDS	R4, #0XB	;(R4=0x00000014 )
(             libc.so[0xCBC2B000])[24 F0 07 04 ]0x0000FE0C:	BIC	R4, R4, #7	;(R4=0x0000001F )
(             libc.so[0xCBC2B000])[00 E0       ]0x0000FE10:	B	#0XCBC3AE14
(             libc.so[0xCBC2B000])[DF F8 68 3B ]0x0000FE14:	LDR.W	R3, [PC, #0XB68]	;(PC=0xCBC3AE14 )
(             libc.so[0xCBC2B000])[E2 08       ]0x0000FE18:	LSRS	R2, R4, #3	;(R4=0x00000018 )
(             libc.so[0xCBC2B000])[7B 44       ]0x0000FE1A:	ADD	R3, PC	;(R3=0x0003E362 PC=0xCBC3AE1A )
(             libc.so[0xCBC2B000])[18 68       ]0x0000FE1C:	LDR	R0, [R3]	;(R3=0xCBC79180 )
(             libc.so[0xCBC2B000])[20 FA 02 F1 ]0x0000FE1E:	LSR.W	R1, R0, R2	;(R0=0x00000000 R2=0x00000003 )
(             libc.so[0xCBC2B000])[01 90       ]0x0000FE22:	STR	R0, [SP, #4]	;(R0=0x00000000 SP=0x100FFFB0 )
(             libc.so[0xCBC2B000])[8E 07       ]0x0000FE24:	LSLS	R6, R1, #0X1E	;(R1=0x00000000 )
(             libc.so[0xCBC2B000])[21 D0       ]0x0000FE26:	BEQ	#0XCBC3AE6C
(             libc.so[0xCBC2B000])[9D 68       ]0x0000FE6C:	LDR	R5, [R3, #8]	;(R3=0xCBC79180 )
(             libc.so[0xCBC2B000])[AC 42       ]0x0000FE6E:	CMP	R4, R5	;(R4=0x00000018 R5=0x00000000 )
(             libc.so[0xCBC2B000])[40 F2 3F 83 ]0x0000FE70:	BLS.W	#0XCBC3B4F2
(             libc.so[0xCBC2B000])[00 29       ]0x0000FE74:	CMP	R1, #0	;(R1=0x00000000 )
(             libc.so[0xCBC2B000])[74 D0       ]0x0000FE76:	BEQ	#0XCBC3AF62
(             libc.so[0xCBC2B000])[D3 F8 04 80 ]0x0000FF62:	LDR.W	R8, [R3, #4]	;(R3=0xCBC79180 )
(             libc.so[0xCBC2B000])[B8 F1 00 0F ]0x0000FF66:	CMP.W	R8, #0	;(R8=0x00000000 )
(             libc.so[0xCBC2B000])[00 F0 C2 82 ]0x0000FF6A:	BEQ.W	#0XCBC3B4F2
(             libc.so[0xCBC2B000])[DF F8 E0 34 ]0x000104F2:	LDR.W	R3, [PC, #0X4E0]	;(PC=0xCBC3B4F2 )
(             libc.so[0xCBC2B000])[7B 44       ]0x000104F6:	ADD	R3, PC	;(R3=0x0003DC86 PC=0xCBC3B4F6 )
(             libc.so[0xCBC2B000])[98 68       ]0x000104F8:	LDR	R0, [R3, #8]	;(R3=0xCBC79180 )
(             libc.so[0xCBC2B000])[84 42       ]0x000104FA:	CMP	R4, R0	;(R4=0x00000018 R0=0x00000000 )
(             libc.so[0xCBC2B000])[19 D8       ]0x000104FC:	BHI	#0XCBC3B532
(             libc.so[0xCBC2B000])[DE 68       ]0x00010532:	LDR	R6, [R3, #0XC]	;(R3=0xCBC79180 )
(             libc.so[0xCBC2B000])[B4 42       ]0x00010534:	CMP	R4, R6	;(R4=0x00000018 R6=0x00000C30 )
(             libc.so[0xCBC2B000])[01 D2       ]0x00010536:	BHS	#0XCBC3B53C
(             libc.so[0xCBC2B000])[00 F0 7B BC ]0x00010538:	B.W	#0XCBC3BE32
(             libc.so[0xCBC2B000])[30 1B       ]0x00010E32:	SUBS	R0, R6, R4	;(R6=0x00000C30 R4=0x00000018 )
(             libc.so[0xCBC2B000])[9E 69       ]0x00010E34:	LDR	R6, [R3, #0X18]	;(R3=0xCBC79180 )
(             libc.so[0xCBC2B000])[D8 60       ]0x00010E36:	STR	R0, [R3, #0XC]	;(R0=0x00000C18 R3=0xCBC79180 )
(             libc.so[0xCBC2B000])[32 19       ]0x00010E38:	ADDS	R2, R6, R4	;(R6=0x300003A8 R4=0x00000018 )
(             libc.so[0xCBC2B000])[9A 61       ]0x00010E3A:	STR	R2, [R3, #0X18]	;(R2=0x300003C0 R3=0xCBC79180 )
(             libc.so[0xCBC2B000])[40 F0 01 03 ]0x00010E3C:	ORR	R3, R0, #1	;(R0=0x00000C18 )
(             libc.so[0xCBC2B000])[53 60       ]0x00010E40:	STR	R3, [R2, #4]	;(R3=0x00000C19 R2=0x300003C0 )
(             libc.so[0xCBC2B000])[44 F0 03 04 ]0x00010E42:	ORR	R4, R4, #3	;(R4=0x00000018 )
(             libc.so[0xCBC2B000])[74 60       ]0x00010E46:	STR	R4, [R6, #4]	;(R4=0x0000001B R6=0x300003A8 )
(             libc.so[0xCBC2B000])[08 36       ]0x00010E48:	ADDS	R6, #8	;(R6=0x300003A8 )
(             libc.so[0xCBC2B000])[04 E0       ]0x00010E4A:	B	#0XCBC3BE56
(             libc.so[0xCBC2B000])[35 49       ]0x00010E56:	LDR	R1, [PC, #0XD4]	;(PC=0xCBC3BE56 )
(             libc.so[0xCBC2B000])[79 44       ]0x00010E58:	ADD	R1, PC	;(R1=0x0003D324 PC=0xCBC3BE58 )
(             libc.so[0xCBC2B000])[D1 F8 BC 21 ]0x00010E5A:	LDR.W	R2, [R1, #0X1BC]	;(R1=0xCBC79180 )
(             libc.so[0xCBC2B000])[93 07       ]0x00010E5E:	LSLS	R3, R2, #0X1E	;(R2=0x00000007 )
(             libc.so[0xCBC2B000])[3F D5       ]0x00010E60:	BPL	#0XCBC3BEE2
(             libc.so[0xCBC2B000])[01 F5 E0 70 ]0x00010E62:	ADD.W	R0, R1, #0X1C0	;(R1=0xCBC79180 )
(             libc.so[0xCBC2B000])[FD F7 3C ED ]0x00010E66:	BLX	#0XCBC398E0	;(PC=0xCBC3BE66 )
(             libc.so[0xCBC2B000])[BE FF FF EA ]0x0000E8E0:	B	#0XCBC397E0 ; pthread_mutex_unlock	;(PC=0xCBC398E0 )
(             libc.so[0xCBC2B000])[70 40 2D E9 ]0x0000E7E0:	PUSH	{R4, R5, R6, LR}	;(SP=0x100FFFB0 R4=0x0000001B R5=0x00000000 R6=0x300003B0 LR=0xCBC3BE6B )
(             libc.so[0xCBC2B000])[00 40 50 E2 ]0x0000E7E4:	SUBS	R4, R0, #0	;(R0=0xCBC79340 )
(             libc.so[0xCBC2B000])[08 D0 4D E2 ]0x0000E7E8:	SUB	SP, SP, #8	;(SP=0x100FFFA0 )
(             libc.so[0xCBC2B000])[2B 00 00 0A ]0x0000E7EC:	BEQ	#0XCBC398A0	;(PC=0xCBC397EC )
(             libc.so[0xCBC2B000])[00 50 94 E5 ]0x0000E7F0:	LDR	R5, [R4]	;(R4=0xCBC79340 )
(             libc.so[0xCBC2B000])[03 69 15 E2 ]0x0000E7F4:	ANDS	R6, R5, #0XC000	;(R5=0x00000001 )
(             libc.so[0xCBC2B000])[02 1A 05 E2 ]0x0000E7F8:	AND	R1, R5, #0X2000	;(R5=0x00000001 )
(             libc.so[0xCBC2B000])[11 00 00 1A ]0x0000E7FC:	BNE	#0XCBC39848	;(PC=0xCBC397FC )
(             libc.so[0xCBC2B000])[5F F0 7F F5 ]0x0000E800:	DMB	SY
(             libc.so[0xCBC2B000])[9F 2F 94 E1 ]0x0000E804:	LDREX	R2, [R4]	;(R4=0xCBC79340 )
(             libc.so[0xCBC2B000])[01 30 42 E2 ]0x0000E808:	SUB	R3, R2, #1	;(R2=0x00000001 )
(             libc.so[0xCBC2B000])[93 5F 84 E1 ]0x0000E80C:	STREX	R5, R3, [R4]	;(R3=0x00000000 R4=0xCBC79340 )
(             libc.so[0xCBC2B000])[00 00 55 E3 ]0x0000E810:	CMP	R5, #0	;(R5=0x00000000 )
(             libc.so[0xCBC2B000])[FA FF FF 1A ]0x0000E814:	BNE	#0XCBC39804	;(PC=0xCBC39814 )
(             libc.so[0xCBC2B000])[01 C0 81 E3 ]0x0000E818:	ORR	IP, R1, #1	;(R1=0x00000000 )
(             libc.so[0xCBC2B000])[0C 00 52 E1 ]0x0000E81C:	CMP	R2, IP	;(R2=0x00000001 IP=0x00000001 )
(             libc.so[0xCBC2B000])[06 00 00 0A ]0x0000E820:	BEQ	#0XCBC39840	;(PC=0xCBC39820 )
(             libc.so[0xCBC2B000])[00 00 A0 E3 ]0x0000E840:	MOV	R0, #0
(             libc.so[0xCBC2B000])[FB FF FF EA ]0x0000E844:	B	#0XCBC39838	;(PC=0xCBC39844 )
(             libc.so[0xCBC2B000])[08 D0 8D E2 ]0x0000E838:	ADD	SP, SP, #8	;(SP=0x100FFF98 )
(             libc.so[0xCBC2B000])[70 80 BD E8 ]0x0000E83C:	POP	{R4, R5, R6, PC}	;(SP=0x100FFFA0 )
(             libc.so[0xCBC2B000])[3A E0       ]0x00010E6A:	B	#0XCBC3BEE2
(             libc.so[0xCBC2B000])[30 46       ]0x00010EE2:	MOV	R0, R6	;(R6=0x300003B0 )
(             libc.so[0xCBC2B000])[BD E8 FE 8F ]0x00010EE4:	POP.W	{R1, R2, R3, R4, R5, R6, R7, R8, SB, SL, FP, PC}	;(SP=0x100FFFB0 )
(             libc.so[0xCBC2B000])[08 BD       ]0x0000DBF8:	POP	{R3, PC}	;(SP=0x100FFFE0 )
(        libstdc++.so[0xCBC8F000])[08 B9       ]0x0000091E:	CBNZ	R0, #0XCBC8F924	;(R0=0x300003B0 )
(        libstdc++.so[0xCBC8F000])[08 BD       ]0x00000924:	POP	{R3, PC}	;(SP=0x100FFFE8 )
(  libmakeurl2.4.9.so[0xCBBCB000])[05 46       ]0x000018CE:	MOV	R5, R0	;(R0=0x300003B0 )
(  libmakeurl2.4.9.so[0xCBBCB000])[1A F0 E8 FB ]0x000018D0:	BL	#0XCBBE70A4	;(PC=0xCBBCC8D0 )
(  libmakeurl2.4.9.so[0xCBBCB000])[07 49       ]0x0001C0A4:	LDR	R1, [PC, #0X1C]	;(PC=0xCBBE70A4 )
(  libmakeurl2.4.9.so[0xCBBCB000])[02 1D       ]0x0001C0A6:	ADDS	R2, R0, #4	;(R0=0x300003B0 )
(  libmakeurl2.4.9.so[0xCBBCB000])[4A F2 78 6C ]0x0001C0A8:	MOVW	IP, #0XA678
(  libmakeurl2.4.9.so[0xCBBCB000])[00 23       ]0x0001C0AC:	MOVS	R3, #0
(  libmakeurl2.4.9.so[0xCBBCB000])[79 44       ]0x0001C0AE:	ADD	R1, PC	;(R1=0x00028C5A PC=0xCBBE70AE )
(  libmakeurl2.4.9.so[0xCBBCB000])[C1 F2 3A 2C ]0x0001C0B0:	MOVT	IP, #0X123A	;(IP=0x0000A678 )
(  libmakeurl2.4.9.so[0xCBBCB000])[08 31       ]0x0001C0B4:	ADDS	R1, #8	;(R1=0xCBC0FD0C )
(  libmakeurl2.4.9.so[0xCBBCB000])[C0 E9 00 12 ]0x0001C0B6:	STRD	R1, R2, [R0]	;(R1=0xCBC0FD14 R2=0x300003B4 R0=0x300003B0 )
(  libmakeurl2.4.9.so[0xCBBCB000])[00 F1 08 01 ]0x0001C0BA:	ADD.W	R1, R0, #8	;(R0=0x300003B0 )
(  libmakeurl2.4.9.so[0xCBBCB000])[81 E8 0C 10 ]0x0001C0BE:	STM.W	R1, {R2, R3, IP}	;(R1=0x300003B8 R2=0x300003B4 R3=0x00000000 IP=0x123AA678 )
(  libmakeurl2.4.9.so[0xCBBCB000])[70 47       ]0x0001C0C2:	BX	LR	;(LR=0xCBBCC8D5 )
(  libmakeurl2.4.9.so[0xCBBCB000])[75 48       ]0x000018D4:	LDR	R0, [PC, #0X1D4]	;(PC=0xCBBCC8D4 )
(  libmakeurl2.4.9.so[0xCBBCB000])[78 44       ]0x000018D6:	ADD	R0, PC	;(R0=0x0004396A PC=0xCBBCC8D6 )
(  libmakeurl2.4.9.so[0xCBBCB000])[05 60       ]0x000018D8:	STR	R5, [R0]	;(R5=0x300003B0 R0=0xCBC10244 )
(  libmakeurl2.4.9.so[0xCBBCB000])[14 20       ]0x000018DA:	MOVS	R0, #0X14
(  libmakeurl2.4.9.so[0xCBBCB000])[FF F7 CE ED ]0x000018DC:	BLX	#0XCBBCC47C	;(PC=0xCBBCC8DC )
(  libmakeurl2.4.9.so[0xCBBCB000])[00 C6 8F E2 ]0x0000147C:	ADD	IP, PC, #0, #12	;(PC=0xCBBCC47C )
(  libmakeurl2.4.9.so[0xCBBCB000])[43 CA 8C E2 ]0x00001480:	ADD	IP, IP, #0X43000	;(IP=0xCBBCC484 )
(  libmakeurl2.4.9.so[0xCBBCB000])[00 FB BC E5 ]0x00001484:	LDR	PC, [IP, #0XB00]!	;(IP=0xCBC0F484 )
(        libstdc++.so[0xCBC8F000])[08 B5       ]0x00000918:	PUSH	{R3, LR} ; _Znaj	;(SP=0x100FFFF0 R3=0x00000000 LR=0xCBBCC8E1 )
(        libstdc++.so[0xCBC8F000])[FF F7 6E EF ]0x0000091A:	BLX	#0XCBC8F7F8	;(PC=0xCBC8F91A )
(        libstdc++.so[0xCBC8F000])[00 C6 8F E2 ]0x000007F8:	ADD	IP, PC, #0, #12	;(PC=0xCBC8F7F8 )
(        libstdc++.so[0xCBC8F000])[01 CA 8C E2 ]0x000007FC:	ADD	IP, IP, #0X1000	;(IP=0xCBC8F800 )
(        libstdc++.so[0xCBC8F000])[F0 F7 BC E5 ]0x00000800:	LDR	PC, [IP, #0X7F0]!	;(IP=0xCBC90800 )
(             libc.so[0xCBC2B000])[08 B5       ]0x0000DBEC:	PUSH	{R3, LR} ; malloc	;(SP=0x100FFFE8 R3=0x00000000 LR=0xCBC8F91F )
(             libc.so[0xCBC2B000])[03 4B       ]0x0000DBEE:	LDR	R3, [PC, #0XC]	;(PC=0xCBC38BEE )
(             libc.so[0xCBC2B000])[7B 44       ]0x0000DBF0:	ADD	R3, PC	;(R3=0x0003C40C PC=0xCBC38BF0 )
(             libc.so[0xCBC2B000])[19 68       ]0x0000DBF2:	LDR	R1, [R3]	;(R3=0xCBC75000 )
(             libc.so[0xCBC2B000])[0A 68       ]0x0000DBF4:	LDR	R2, [R1]	;(R1=0xCBC74E00 )
(             libc.so[0xCBC2B000])[90 47       ]0x0000DBF6:	BLX	R2	;(PC=0xCBC38BF6 R2=0xCBC3ADCD )
(             libc.so[0xCBC2B000])[DF F8 A4 3B ]0x0000FDCC:	LDR.W	R3, [PC, #0XBA4] ; dlmalloc	;(PC=0xCBC3ADCC )
(             libc.so[0xCBC2B000])[2D E9 F7 4F ]0x0000FDD0:	PUSH.W	{R0, R1, R2, R4, R5, R6, R7, R8, SB, SL, FP, LR}	;(SP=0x100FFFE0 R0=0x00000014 R1=0xCBC74E00 R2=0xCBC3ADCD R4=0x00000000 R5=0x300003B0 R6=0x00000000 R7=0x100FFFF8 R8=0x00000000 SB=0x00000000 SL=0x00000000 FP=0x00000000 LR=0xCBC38BF9 )
(             libc.so[0xCBC2B000])[7B 44       ]0x0000FDD4:	ADD	R3, PC	;(R3=0x0003E588 PC=0xCBC3ADD4 )
(             libc.so[0xCBC2B000])[04 46       ]0x0000FDD6:	MOV	R4, R0	;(R0=0x00000014 )
(             libc.so[0xCBC2B000])[18 68       ]0x0000FDD8:	LDR	R0, [R3]	;(R3=0xCBC79360 )
(             libc.so[0xCBC2B000])[08 B9       ]0x0000FDDA:	CBNZ	R0, #0XCBC3ADE0	;(R0=0x0B13C7D8 )
(             libc.so[0xCBC2B000])[DF F8 94 1B ]0x0000FDE0:	LDR.W	R1, [PC, #0XB94]	;(PC=0xCBC3ADE0 )
(             libc.so[0xCBC2B000])[79 44       ]0x0000FDE4:	ADD	R1, PC	;(R1=0x0003E398 PC=0xCBC3ADE4 )
(             libc.so[0xCBC2B000])[D1 F8 BC 21 ]0x0000FDE6:	LDR.W	R2, [R1, #0X1BC]	;(R1=0xCBC79180 )
(             libc.so[0xCBC2B000])[93 07       ]0x0000FDEA:	LSLS	R3, R2, #0X1E	;(R2=0x00000007 )
(             libc.so[0xCBC2B000])[02 D4       ]0x0000FDEC:	BMI	#0XCBC3ADF4
(             libc.so[0xCBC2B000])[01 F5 E0 70 ]0x0000FDF4:	ADD.W	R0, R1, #0X1C0	;(R1=0xCBC79180 )
(             libc.so[0xCBC2B000])[00 26       ]0x0000FDF8:	MOVS	R6, #0
(             libc.so[0xCBC2B000])[FE F7 F0 EC ]0x0000FDFA:	BLX	#0XCBC397DC	;(PC=0xCBC3ADFA )
(             libc.so[0xCBC2B000])[90 FF FF EA ]0x0000E7DC:	B	#0XCBC39624 ; pthread_mutex_lock	;(PC=0xCBC397DC )
(             libc.so[0xCBC2B000])[F0 41 2D E9 ]0x0000E624:	PUSH	{R4, R5, R6, R7, R8, LR}	;(SP=0x100FFFB0 R4=0x00000014 R5=0x300003B0 R6=0x00000000 R7=0x100FFFF8 R8=0x00000000 LR=0xCBC3ADFF )
(             libc.so[0xCBC2B000])[00 40 50 E2 ]0x0000E628:	SUBS	R4, R0, #0	;(R0=0xCBC79340 )
(             libc.so[0xCBC2B000])[1B 00 00 0A ]0x0000E62C:	BEQ	#0XCBC396A0	;(PC=0xCBC3962C )
(             libc.so[0xCBC2B000])[00 50 94 E5 ]0x0000E630:	LDR	R5, [R4]	;(R4=0xCBC79340 )
(             libc.so[0xCBC2B000])[03 79 15 E2 ]0x0000E634:	ANDS	R7, R5, #0XC000	;(R5=0x00000000 )
(             libc.so[0xCBC2B000])[02 6A 05 E2 ]0x0000E638:	AND	R6, R5, #0X2000	;(R5=0x00000000 )
(             libc.so[0xCBC2B000])[19 00 00 1A ]0x0000E63C:	BNE	#0XCBC396A8	;(PC=0xCBC3963C )
(             libc.so[0xCBC2B000])[01 00 86 E3 ]0x0000E640:	ORR	R0, R6, #1	;(R6=0x00000000 )
(             libc.so[0xCBC2B000])[9F 3F 94 E1 ]0x0000E644:	LDREX	R3, [R4]	;(R4=0xCBC79340 )
(             libc.so[0xCBC2B000])[00 10 A0 E3 ]0x0000E648:	MOV	R1, #0
(             libc.so[0xCBC2B000])[06 00 33 E1 ]0x0000E64C:	TEQ	R3, R6	;(R3=0x00000000 R6=0x00000000 )
(             libc.so[0xCBC2B000])[90 1F 84 01 ]0x0000E650:	STREXEQ	R1, R0, [R4]	;(R0=0x00000001 R4=0xCBC79340 )
(             libc.so[0xCBC2B000])[00 00 51 E3 ]0x0000E654:	CMP	R1, #0	;(R1=0x00000000 )
(             libc.so[0xCBC2B000])[F9 FF FF 1A ]0x0000E658:	BNE	#0XCBC39644	;(PC=0xCBC39658 )
(             libc.so[0xCBC2B000])[03 00 56 E1 ]0x0000E65C:	CMP	R6, R3	;(R6=0x00000000 R3=0x00000000 )
(             libc.so[0xCBC2B000])[02 50 86 13 ]0x0000E660:	ORRNE	R5, R6, #2	;(R6=0x00000000 )
(             libc.so[0xCBC2B000])[01 00 00 1A ]0x0000E664:	BNE	#0XCBC39670	;(PC=0xCBC39664 )
(             libc.so[0xCBC2B000])[09 00 00 EA ]0x0000E668:	B	#0XCBC39694	;(PC=0xCBC39668 )
(             libc.so[0xCBC2B000])[5F F0 7F F5 ]0x0000E694:	DMB	SY
(             libc.so[0xCBC2B000])[00 00 A0 E3 ]0x0000E698:	MOV	R0, #0
(             libc.so[0xCBC2B000])[F0 81 BD E8 ]0x0000E69C:	POP	{R4, R5, R6, R7, R8, PC}	;(SP=0x100FFF98 )
(             libc.so[0xCBC2B000])[00 28       ]0x0000FDFE:	CMP	R0, #0	;(R0=0x00000000 )
(             libc.so[0xCBC2B000])[41 F0 6F 80 ]0x0000FE00:	BNE.W	#0XCBC3BEE2
(             libc.so[0xCBC2B000])[F3 E7       ]0x0000FE04:	B	#0XCBC3ADEE
(             libc.so[0xCBC2B000])[F4 2C       ]0x0000FDEE:	CMP	R4, #0XF4	;(R4=0x00000014 )
(             libc.so[0xCBC2B000])[09 D9       ]0x0000FDF0:	BLS	#0XCBC3AE06
(             libc.so[0xCBC2B000])[0A 2C       ]0x0000FE06:	CMP	R4, #0XA	;(R4=0x00000014 )
(             libc.so[0xCBC2B000])[03 D9       ]0x0000FE08:	BLS	#0XCBC3AE12
(             libc.so[0xCBC2B000])[0B 34       ]0x0000FE0A:	ADDS	R4, #0XB	;(R4=0x00000014 )
(             libc.so[0xCBC2B000])[24 F0 07 04 ]0x0000FE0C:	BIC	R4, R4, #7	;(R4=0x0000001F )
(             libc.so[0xCBC2B000])[00 E0       ]0x0000FE10:	B	#0XCBC3AE14
(             libc.so[0xCBC2B000])[DF F8 68 3B ]0x0000FE14:	LDR.W	R3, [PC, #0XB68]	;(PC=0xCBC3AE14 )
(             libc.so[0xCBC2B000])[E2 08       ]0x0000FE18:	LSRS	R2, R4, #3	;(R4=0x00000018 )
(             libc.so[0xCBC2B000])[7B 44       ]0x0000FE1A:	ADD	R3, PC	;(R3=0x0003E362 PC=0xCBC3AE1A )
(             libc.so[0xCBC2B000])[18 68       ]0x0000FE1C:	LDR	R0, [R3]	;(R3=0xCBC79180 )
(             libc.so[0xCBC2B000])[20 FA 02 F1 ]0x0000FE1E:	LSR.W	R1, R0, R2	;(R0=0x00000000 R2=0x00000003 )
(             libc.so[0xCBC2B000])[01 90       ]0x0000FE22:	STR	R0, [SP, #4]	;(R0=0x00000000 SP=0x100FFFB0 )
(             libc.so[0xCBC2B000])[8E 07       ]0x0000FE24:	LSLS	R6, R1, #0X1E	;(R1=0x00000000 )
(             libc.so[0xCBC2B000])[21 D0       ]0x0000FE26:	BEQ	#0XCBC3AE6C
(             libc.so[0xCBC2B000])[9D 68       ]0x0000FE6C:	LDR	R5, [R3, #8]	;(R3=0xCBC79180 )
(             libc.so[0xCBC2B000])[AC 42       ]0x0000FE6E:	CMP	R4, R5	;(R4=0x00000018 R5=0x00000000 )
(             libc.so[0xCBC2B000])[40 F2 3F 83 ]0x0000FE70:	BLS.W	#0XCBC3B4F2
(             libc.so[0xCBC2B000])[00 29       ]0x0000FE74:	CMP	R1, #0	;(R1=0x00000000 )
(             libc.so[0xCBC2B000])[74 D0       ]0x0000FE76:	BEQ	#0XCBC3AF62
(             libc.so[0xCBC2B000])[D3 F8 04 80 ]0x0000FF62:	LDR.W	R8, [R3, #4]	;(R3=0xCBC79180 )
(             libc.so[0xCBC2B000])[B8 F1 00 0F ]0x0000FF66:	CMP.W	R8, #0	;(R8=0x00000000 )
(             libc.so[0xCBC2B000])[00 F0 C2 82 ]0x0000FF6A:	BEQ.W	#0XCBC3B4F2
(             libc.so[0xCBC2B000])[DF F8 E0 34 ]0x000104F2:	LDR.W	R3, [PC, #0X4E0]	;(PC=0xCBC3B4F2 )
(             libc.so[0xCBC2B000])[7B 44       ]0x000104F6:	ADD	R3, PC	;(R3=0x0003DC86 PC=0xCBC3B4F6 )
(             libc.so[0xCBC2B000])[98 68       ]0x000104F8:	LDR	R0, [R3, #8]	;(R3=0xCBC79180 )
(             libc.so[0xCBC2B000])[84 42       ]0x000104FA:	CMP	R4, R0	;(R4=0x00000018 R0=0x00000000 )
(             libc.so[0xCBC2B000])[19 D8       ]0x000104FC:	BHI	#0XCBC3B532
(             libc.so[0xCBC2B000])[DE 68       ]0x00010532:	LDR	R6, [R3, #0XC]	;(R3=0xCBC79180 )
(             libc.so[0xCBC2B000])[B4 42       ]0x00010534:	CMP	R4, R6	;(R4=0x00000018 R6=0x00000C18 )
(             libc.so[0xCBC2B000])[01 D2       ]0x00010536:	BHS	#0XCBC3B53C
(             libc.so[0xCBC2B000])[00 F0 7B BC ]0x00010538:	B.W	#0XCBC3BE32
(             libc.so[0xCBC2B000])[30 1B       ]0x00010E32:	SUBS	R0, R6, R4	;(R6=0x00000C18 R4=0x00000018 )
(             libc.so[0xCBC2B000])[9E 69       ]0x00010E34:	LDR	R6, [R3, #0X18]	;(R3=0xCBC79180 )
(             libc.so[0xCBC2B000])[D8 60       ]0x00010E36:	STR	R0, [R3, #0XC]	;(R0=0x00000C00 R3=0xCBC79180 )
(             libc.so[0xCBC2B000])[32 19       ]0x00010E38:	ADDS	R2, R6, R4	;(R6=0x300003C0 R4=0x00000018 )
(             libc.so[0xCBC2B000])[9A 61       ]0x00010E3A:	STR	R2, [R3, #0X18]	;(R2=0x300003D8 R3=0xCBC79180 )
(             libc.so[0xCBC2B000])[40 F0 01 03 ]0x00010E3C:	ORR	R3, R0, #1	;(R0=0x00000C00 )
(             libc.so[0xCBC2B000])[53 60       ]0x00010E40:	STR	R3, [R2, #4]	;(R3=0x00000C01 R2=0x300003D8 )
(             libc.so[0xCBC2B000])[44 F0 03 04 ]0x00010E42:	ORR	R4, R4, #3	;(R4=0x00000018 )
(             libc.so[0xCBC2B000])[74 60       ]0x00010E46:	STR	R4, [R6, #4]	;(R4=0x0000001B R6=0x300003C0 )
(             libc.so[0xCBC2B000])[08 36       ]0x00010E48:	ADDS	R6, #8	;(R6=0x300003C0 )
(             libc.so[0xCBC2B000])[04 E0       ]0x00010E4A:	B	#0XCBC3BE56
(             libc.so[0xCBC2B000])[35 49       ]0x00010E56:	LDR	R1, [PC, #0XD4]	;(PC=0xCBC3BE56 )
(             libc.so[0xCBC2B000])[79 44       ]0x00010E58:	ADD	R1, PC	;(R1=0x0003D324 PC=0xCBC3BE58 )
(             libc.so[0xCBC2B000])[D1 F8 BC 21 ]0x00010E5A:	LDR.W	R2, [R1, #0X1BC]	;(R1=0xCBC79180 )
(             libc.so[0xCBC2B000])[93 07       ]0x00010E5E:	LSLS	R3, R2, #0X1E	;(R2=0x00000007 )
(             libc.so[0xCBC2B000])[3F D5       ]0x00010E60:	BPL	#0XCBC3BEE2
(             libc.so[0xCBC2B000])[01 F5 E0 70 ]0x00010E62:	ADD.W	R0, R1, #0X1C0	;(R1=0xCBC79180 )
(             libc.so[0xCBC2B000])[FD F7 3C ED ]0x00010E66:	BLX	#0XCBC398E0	;(PC=0xCBC3BE66 )
(             libc.so[0xCBC2B000])[BE FF FF EA ]0x0000E8E0:	B	#0XCBC397E0 ; pthread_mutex_unlock	;(PC=0xCBC398E0 )
(             libc.so[0xCBC2B000])[70 40 2D E9 ]0x0000E7E0:	PUSH	{R4, R5, R6, LR}	;(SP=0x100FFFB0 R4=0x0000001B R5=0x00000000 R6=0x300003C8 LR=0xCBC3BE6B )
(             libc.so[0xCBC2B000])[00 40 50 E2 ]0x0000E7E4:	SUBS	R4, R0, #0	;(R0=0xCBC79340 )
(             libc.so[0xCBC2B000])[08 D0 4D E2 ]0x0000E7E8:	SUB	SP, SP, #8	;(SP=0x100FFFA0 )
(             libc.so[0xCBC2B000])[2B 00 00 0A ]0x0000E7EC:	BEQ	#0XCBC398A0	;(PC=0xCBC397EC )
(             libc.so[0xCBC2B000])[00 50 94 E5 ]0x0000E7F0:	LDR	R5, [R4]	;(R4=0xCBC79340 )
(             libc.so[0xCBC2B000])[03 69 15 E2 ]0x0000E7F4:	ANDS	R6, R5, #0XC000	;(R5=0x00000001 )
(             libc.so[0xCBC2B000])[02 1A 05 E2 ]0x0000E7F8:	AND	R1, R5, #0X2000	;(R5=0x00000001 )
(             libc.so[0xCBC2B000])[11 00 00 1A ]0x0000E7FC:	BNE	#0XCBC39848	;(PC=0xCBC397FC )
(             libc.so[0xCBC2B000])[5F F0 7F F5 ]0x0000E800:	DMB	SY
(             libc.so[0xCBC2B000])[9F 2F 94 E1 ]0x0000E804:	LDREX	R2, [R4]	;(R4=0xCBC79340 )
(             libc.so[0xCBC2B000])[01 30 42 E2 ]0x0000E808:	SUB	R3, R2, #1	;(R2=0x00000001 )
(             libc.so[0xCBC2B000])[93 5F 84 E1 ]0x0000E80C:	STREX	R5, R3, [R4]	;(R3=0x00000000 R4=0xCBC79340 )
(             libc.so[0xCBC2B000])[00 00 55 E3 ]0x0000E810:	CMP	R5, #0	;(R5=0x00000000 )
(             libc.so[0xCBC2B000])[FA FF FF 1A ]0x0000E814:	BNE	#0XCBC39804	;(PC=0xCBC39814 )
(             libc.so[0xCBC2B000])[01 C0 81 E3 ]0x0000E818:	ORR	IP, R1, #1	;(R1=0x00000000 )
(             libc.so[0xCBC2B000])[0C 00 52 E1 ]0x0000E81C:	CMP	R2, IP	;(R2=0x00000001 IP=0x00000001 )
(             libc.so[0xCBC2B000])[06 00 00 0A ]0x0000E820:	BEQ	#0XCBC39840	;(PC=0xCBC39820 )
(             libc.so[0xCBC2B000])[00 00 A0 E3 ]0x0000E840:	MOV	R0, #0
(             libc.so[0xCBC2B000])[FB FF FF EA ]0x0000E844:	B	#0XCBC39838	;(PC=0xCBC39844 )
(             libc.so[0xCBC2B000])[08 D0 8D E2 ]0x0000E838:	ADD	SP, SP, #8	;(SP=0x100FFF98 )
(             libc.so[0xCBC2B000])[70 80 BD E8 ]0x0000E83C:	POP	{R4, R5, R6, PC}	;(SP=0x100FFFA0 )
(             libc.so[0xCBC2B000])[3A E0       ]0x00010E6A:	B	#0XCBC3BEE2
(             libc.so[0xCBC2B000])[30 46       ]0x00010EE2:	MOV	R0, R6	;(R6=0x300003C8 )
(             libc.so[0xCBC2B000])[BD E8 FE 8F ]0x00010EE4:	POP.W	{R1, R2, R3, R4, R5, R6, R7, R8, SB, SL, FP, PC}	;(SP=0x100FFFB0 )
(             libc.so[0xCBC2B000])[08 BD       ]0x0000DBF8:	POP	{R3, PC}	;(SP=0x100FFFE0 )
(        libstdc++.so[0xCBC8F000])[08 B9       ]0x0000091E:	CBNZ	R0, #0XCBC8F924	;(R0=0x300003C8 )
(        libstdc++.so[0xCBC8F000])[08 BD       ]0x00000924:	POP	{R3, PC}	;(SP=0x100FFFE8 )
(  libmakeurl2.4.9.so[0xCBBCB000])[05 46       ]0x000018E0:	MOV	R5, R0	;(R0=0x300003C8 )
(  libmakeurl2.4.9.so[0xCBBCB000])[1A F0 DF FB ]0x000018E2:	BL	#0XCBBE70A4	;(PC=0xCBBCC8E2 )
(  libmakeurl2.4.9.so[0xCBBCB000])[07 49       ]0x0001C0A4:	LDR	R1, [PC, #0X1C]	;(PC=0xCBBE70A4 )
(  libmakeurl2.4.9.so[0xCBBCB000])[02 1D       ]0x0001C0A6:	ADDS	R2, R0, #4	;(R0=0x300003C8 )
(  libmakeurl2.4.9.so[0xCBBCB000])[4A F2 78 6C ]0x0001C0A8:	MOVW	IP, #0XA678
(  libmakeurl2.4.9.so[0xCBBCB000])[00 23       ]0x0001C0AC:	MOVS	R3, #0
(  libmakeurl2.4.9.so[0xCBBCB000])[79 44       ]0x0001C0AE:	ADD	R1, PC	;(R1=0x00028C5A PC=0xCBBE70AE )
(  libmakeurl2.4.9.so[0xCBBCB000])[C1 F2 3A 2C ]0x0001C0B0:	MOVT	IP, #0X123A	;(IP=0x0000A678 )
(  libmakeurl2.4.9.so[0xCBBCB000])[08 31       ]0x0001C0B4:	ADDS	R1, #8	;(R1=0xCBC0FD0C )
(  libmakeurl2.4.9.so[0xCBBCB000])[C0 E9 00 12 ]0x0001C0B6:	STRD	R1, R2, [R0]	;(R1=0xCBC0FD14 R2=0x300003CC R0=0x300003C8 )
(  libmakeurl2.4.9.so[0xCBBCB000])[00 F1 08 01 ]0x0001C0BA:	ADD.W	R1, R0, #8	;(R0=0x300003C8 )
(  libmakeurl2.4.9.so[0xCBBCB000])[81 E8 0C 10 ]0x0001C0BE:	STM.W	R1, {R2, R3, IP}	;(R1=0x300003D0 R2=0x300003CC R3=0x00000000 IP=0x123AA678 )
(  libmakeurl2.4.9.so[0xCBBCB000])[70 47       ]0x0001C0C2:	BX	LR	;(LR=0xCBBCC8E7 )
(  libmakeurl2.4.9.so[0xCBBCB000])[72 48       ]0x000018E6:	LDR	R0, [PC, #0X1C8]	;(PC=0xCBBCC8E6 )
(  libmakeurl2.4.9.so[0xCBBCB000])[78 44       ]0x000018E8:	ADD	R0, PC	;(R0=0x0004395C PC=0xCBBCC8E8 )
(  libmakeurl2.4.9.so[0xCBBCB000])[05 60       ]0x000018EA:	STR	R5, [R0]	;(R5=0x300003C8 R0=0xCBC10248 )
(  libmakeurl2.4.9.so[0xCBBCB000])[14 20       ]0x000018EC:	MOVS	R0, #0X14
(  libmakeurl2.4.9.so[0xCBBCB000])[FF F7 C6 ED ]0x000018EE:	BLX	#0XCBBCC47C	;(PC=0xCBBCC8EE )
(  libmakeurl2.4.9.so[0xCBBCB000])[00 C6 8F E2 ]0x0000147C:	ADD	IP, PC, #0, #12	;(PC=0xCBBCC47C )
(  libmakeurl2.4.9.so[0xCBBCB000])[43 CA 8C E2 ]0x00001480:	ADD	IP, IP, #0X43000	;(IP=0xCBBCC484 )
(  libmakeurl2.4.9.so[0xCBBCB000])[00 FB BC E5 ]0x00001484:	LDR	PC, [IP, #0XB00]!	;(IP=0xCBC0F484 )
(        libstdc++.so[0xCBC8F000])[08 B5       ]0x00000918:	PUSH	{R3, LR} ; _Znaj	;(SP=0x100FFFF0 R3=0x00000000 LR=0xCBBCC8F3 )
(        libstdc++.so[0xCBC8F000])[FF F7 6E EF ]0x0000091A:	BLX	#0XCBC8F7F8	;(PC=0xCBC8F91A )
(        libstdc++.so[0xCBC8F000])[00 C6 8F E2 ]0x000007F8:	ADD	IP, PC, #0, #12	;(PC=0xCBC8F7F8 )
(        libstdc++.so[0xCBC8F000])[01 CA 8C E2 ]0x000007FC:	ADD	IP, IP, #0X1000	;(IP=0xCBC8F800 )
(        libstdc++.so[0xCBC8F000])[F0 F7 BC E5 ]0x00000800:	LDR	PC, [IP, #0X7F0]!	;(IP=0xCBC90800 )
(             libc.so[0xCBC2B000])[08 B5       ]0x0000DBEC:	PUSH	{R3, LR} ; malloc	;(SP=0x100FFFE8 R3=0x00000000 LR=0xCBC8F91F )
(             libc.so[0xCBC2B000])[03 4B       ]0x0000DBEE:	LDR	R3, [PC, #0XC]	;(PC=0xCBC38BEE )
(             libc.so[0xCBC2B000])[7B 44       ]0x0000DBF0:	ADD	R3, PC	;(R3=0x0003C40C PC=0xCBC38BF0 )
(             libc.so[0xCBC2B000])[19 68       ]0x0000DBF2:	LDR	R1, [R3]	;(R3=0xCBC75000 )
(             libc.so[0xCBC2B000])[0A 68       ]0x0000DBF4:	LDR	R2, [R1]	;(R1=0xCBC74E00 )
(             libc.so[0xCBC2B000])[90 47       ]0x0000DBF6:	BLX	R2	;(PC=0xCBC38BF6 R2=0xCBC3ADCD )
(             libc.so[0xCBC2B000])[DF F8 A4 3B ]0x0000FDCC:	LDR.W	R3, [PC, #0XBA4] ; dlmalloc	;(PC=0xCBC3ADCC )
(             libc.so[0xCBC2B000])[2D E9 F7 4F ]0x0000FDD0:	PUSH.W	{R0, R1, R2, R4, R5, R6, R7, R8, SB, SL, FP, LR}	;(SP=0x100FFFE0 R0=0x00000014 R1=0xCBC74E00 R2=0xCBC3ADCD R4=0x00000000 R5=0x300003C8 R6=0x00000000 R7=0x100FFFF8 R8=0x00000000 SB=0x00000000 SL=0x00000000 FP=0x00000000 LR=0xCBC38BF9 )
(             libc.so[0xCBC2B000])[7B 44       ]0x0000FDD4:	ADD	R3, PC	;(R3=0x0003E588 PC=0xCBC3ADD4 )
(             libc.so[0xCBC2B000])[04 46       ]0x0000FDD6:	MOV	R4, R0	;(R0=0x00000014 )
(             libc.so[0xCBC2B000])[18 68       ]0x0000FDD8:	LDR	R0, [R3]	;(R3=0xCBC79360 )
(             libc.so[0xCBC2B000])[08 B9       ]0x0000FDDA:	CBNZ	R0, #0XCBC3ADE0	;(R0=0x0B13C7D8 )
(             libc.so[0xCBC2B000])[DF F8 94 1B ]0x0000FDE0:	LDR.W	R1, [PC, #0XB94]	;(PC=0xCBC3ADE0 )
(             libc.so[0xCBC2B000])[79 44       ]0x0000FDE4:	ADD	R1, PC	;(R1=0x0003E398 PC=0xCBC3ADE4 )
(             libc.so[0xCBC2B000])[D1 F8 BC 21 ]0x0000FDE6:	LDR.W	R2, [R1, #0X1BC]	;(R1=0xCBC79180 )
(             libc.so[0xCBC2B000])[93 07       ]0x0000FDEA:	LSLS	R3, R2, #0X1E	;(R2=0x00000007 )
(             libc.so[0xCBC2B000])[02 D4       ]0x0000FDEC:	BMI	#0XCBC3ADF4
(             libc.so[0xCBC2B000])[01 F5 E0 70 ]0x0000FDF4:	ADD.W	R0, R1, #0X1C0	;(R1=0xCBC79180 )
(             libc.so[0xCBC2B000])[00 26       ]0x0000FDF8:	MOVS	R6, #0
(             libc.so[0xCBC2B000])[FE F7 F0 EC ]0x0000FDFA:	BLX	#0XCBC397DC	;(PC=0xCBC3ADFA )
(             libc.so[0xCBC2B000])[90 FF FF EA ]0x0000E7DC:	B	#0XCBC39624 ; pthread_mutex_lock	;(PC=0xCBC397DC )
(             libc.so[0xCBC2B000])[F0 41 2D E9 ]0x0000E624:	PUSH	{R4, R5, R6, R7, R8, LR}	;(SP=0x100FFFB0 R4=0x00000014 R5=0x300003C8 R6=0x00000000 R7=0x100FFFF8 R8=0x00000000 LR=0xCBC3ADFF )
(             libc.so[0xCBC2B000])[00 40 50 E2 ]0x0000E628:	SUBS	R4, R0, #0	;(R0=0xCBC79340 )
(             libc.so[0xCBC2B000])[1B 00 00 0A ]0x0000E62C:	BEQ	#0XCBC396A0	;(PC=0xCBC3962C )
(             libc.so[0xCBC2B000])[00 50 94 E5 ]0x0000E630:	LDR	R5, [R4]	;(R4=0xCBC79340 )
(             libc.so[0xCBC2B000])[03 79 15 E2 ]0x0000E634:	ANDS	R7, R5, #0XC000	;(R5=0x00000000 )
(             libc.so[0xCBC2B000])[02 6A 05 E2 ]0x0000E638:	AND	R6, R5, #0X2000	;(R5=0x00000000 )
(             libc.so[0xCBC2B000])[19 00 00 1A ]0x0000E63C:	BNE	#0XCBC396A8	;(PC=0xCBC3963C )
(             libc.so[0xCBC2B000])[01 00 86 E3 ]0x0000E640:	ORR	R0, R6, #1	;(R6=0x00000000 )
(             libc.so[0xCBC2B000])[9F 3F 94 E1 ]0x0000E644:	LDREX	R3, [R4]	;(R4=0xCBC79340 )
(             libc.so[0xCBC2B000])[00 10 A0 E3 ]0x0000E648:	MOV	R1, #0
(             libc.so[0xCBC2B000])[06 00 33 E1 ]0x0000E64C:	TEQ	R3, R6	;(R3=0x00000000 R6=0x00000000 )
(             libc.so[0xCBC2B000])[90 1F 84 01 ]0x0000E650:	STREXEQ	R1, R0, [R4]	;(R0=0x00000001 R4=0xCBC79340 )
(             libc.so[0xCBC2B000])[00 00 51 E3 ]0x0000E654:	CMP	R1, #0	;(R1=0x00000000 )
(             libc.so[0xCBC2B000])[F9 FF FF 1A ]0x0000E658:	BNE	#0XCBC39644	;(PC=0xCBC39658 )
(             libc.so[0xCBC2B000])[03 00 56 E1 ]0x0000E65C:	CMP	R6, R3	;(R6=0x00000000 R3=0x00000000 )
(             libc.so[0xCBC2B000])[02 50 86 13 ]0x0000E660:	ORRNE	R5, R6, #2	;(R6=0x00000000 )
(             libc.so[0xCBC2B000])[01 00 00 1A ]0x0000E664:	BNE	#0XCBC39670	;(PC=0xCBC39664 )
(             libc.so[0xCBC2B000])[09 00 00 EA ]0x0000E668:	B	#0XCBC39694	;(PC=0xCBC39668 )
(             libc.so[0xCBC2B000])[5F F0 7F F5 ]0x0000E694:	DMB	SY
(             libc.so[0xCBC2B000])[00 00 A0 E3 ]0x0000E698:	MOV	R0, #0
(             libc.so[0xCBC2B000])[F0 81 BD E8 ]0x0000E69C:	POP	{R4, R5, R6, R7, R8, PC}	;(SP=0x100FFF98 )
(             libc.so[0xCBC2B000])[00 28       ]0x0000FDFE:	CMP	R0, #0	;(R0=0x00000000 )
(             libc.so[0xCBC2B000])[41 F0 6F 80 ]0x0000FE00:	BNE.W	#0XCBC3BEE2
(             libc.so[0xCBC2B000])[F3 E7       ]0x0000FE04:	B	#0XCBC3ADEE
(             libc.so[0xCBC2B000])[F4 2C       ]0x0000FDEE:	CMP	R4, #0XF4	;(R4=0x00000014 )
(             libc.so[0xCBC2B000])[09 D9       ]0x0000FDF0:	BLS	#0XCBC3AE06
(             libc.so[0xCBC2B000])[0A 2C       ]0x0000FE06:	CMP	R4, #0XA	;(R4=0x00000014 )
(             libc.so[0xCBC2B000])[03 D9       ]0x0000FE08:	BLS	#0XCBC3AE12
(             libc.so[0xCBC2B000])[0B 34       ]0x0000FE0A:	ADDS	R4, #0XB	;(R4=0x00000014 )
(             libc.so[0xCBC2B000])[24 F0 07 04 ]0x0000FE0C:	BIC	R4, R4, #7	;(R4=0x0000001F )
(             libc.so[0xCBC2B000])[00 E0       ]0x0000FE10:	B	#0XCBC3AE14
(             libc.so[0xCBC2B000])[DF F8 68 3B ]0x0000FE14:	LDR.W	R3, [PC, #0XB68]	;(PC=0xCBC3AE14 )
(             libc.so[0xCBC2B000])[E2 08       ]0x0000FE18:	LSRS	R2, R4, #3	;(R4=0x00000018 )
(             libc.so[0xCBC2B000])[7B 44       ]0x0000FE1A:	ADD	R3, PC	;(R3=0x0003E362 PC=0xCBC3AE1A )
(             libc.so[0xCBC2B000])[18 68       ]0x0000FE1C:	LDR	R0, [R3]	;(R3=0xCBC79180 )
(             libc.so[0xCBC2B000])[20 FA 02 F1 ]0x0000FE1E:	LSR.W	R1, R0, R2	;(R0=0x00000000 R2=0x00000003 )
(             libc.so[0xCBC2B000])[01 90       ]0x0000FE22:	STR	R0, [SP, #4]	;(R0=0x00000000 SP=0x100FFFB0 )
(             libc.so[0xCBC2B000])[8E 07       ]0x0000FE24:	LSLS	R6, R1, #0X1E	;(R1=0x00000000 )
(             libc.so[0xCBC2B000])[21 D0       ]0x0000FE26:	BEQ	#0XCBC3AE6C
(             libc.so[0xCBC2B000])[9D 68       ]0x0000FE6C:	LDR	R5, [R3, #8]	;(R3=0xCBC79180 )
(             libc.so[0xCBC2B000])[AC 42       ]0x0000FE6E:	CMP	R4, R5	;(R4=0x00000018 R5=0x00000000 )
(             libc.so[0xCBC2B000])[40 F2 3F 83 ]0x0000FE70:	BLS.W	#0XCBC3B4F2
(             libc.so[0xCBC2B000])[00 29       ]0x0000FE74:	CMP	R1, #0	;(R1=0x00000000 )
(             libc.so[0xCBC2B000])[74 D0       ]0x0000FE76:	BEQ	#0XCBC3AF62
(             libc.so[0xCBC2B000])[D3 F8 04 80 ]0x0000FF62:	LDR.W	R8, [R3, #4]	;(R3=0xCBC79180 )
(             libc.so[0xCBC2B000])[B8 F1 00 0F ]0x0000FF66:	CMP.W	R8, #0	;(R8=0x00000000 )
(             libc.so[0xCBC2B000])[00 F0 C2 82 ]0x0000FF6A:	BEQ.W	#0XCBC3B4F2
(             libc.so[0xCBC2B000])[DF F8 E0 34 ]0x000104F2:	LDR.W	R3, [PC, #0X4E0]	;(PC=0xCBC3B4F2 )
(             libc.so[0xCBC2B000])[7B 44       ]0x000104F6:	ADD	R3, PC	;(R3=0x0003DC86 PC=0xCBC3B4F6 )
(             libc.so[0xCBC2B000])[98 68       ]0x000104F8:	LDR	R0, [R3, #8]	;(R3=0xCBC79180 )
(             libc.so[0xCBC2B000])[84 42       ]0x000104FA:	CMP	R4, R0	;(R4=0x00000018 R0=0x00000000 )
(             libc.so[0xCBC2B000])[19 D8       ]0x000104FC:	BHI	#0XCBC3B532
(             libc.so[0xCBC2B000])[DE 68       ]0x00010532:	LDR	R6, [R3, #0XC]	;(R3=0xCBC79180 )
(             libc.so[0xCBC2B000])[B4 42       ]0x00010534:	CMP	R4, R6	;(R4=0x00000018 R6=0x00000C00 )
(             libc.so[0xCBC2B000])[01 D2       ]0x00010536:	BHS	#0XCBC3B53C
(             libc.so[0xCBC2B000])[00 F0 7B BC ]0x00010538:	B.W	#0XCBC3BE32
(             libc.so[0xCBC2B000])[30 1B       ]0x00010E32:	SUBS	R0, R6, R4	;(R6=0x00000C00 R4=0x00000018 )
(             libc.so[0xCBC2B000])[9E 69       ]0x00010E34:	LDR	R6, [R3, #0X18]	;(R3=0xCBC79180 )
(             libc.so[0xCBC2B000])[D8 60       ]0x00010E36:	STR	R0, [R3, #0XC]	;(R0=0x00000BE8 R3=0xCBC79180 )
(             libc.so[0xCBC2B000])[32 19       ]0x00010E38:	ADDS	R2, R6, R4	;(R6=0x300003D8 R4=0x00000018 )
(             libc.so[0xCBC2B000])[9A 61       ]0x00010E3A:	STR	R2, [R3, #0X18]	;(R2=0x300003F0 R3=0xCBC79180 )
(             libc.so[0xCBC2B000])[40 F0 01 03 ]0x00010E3C:	ORR	R3, R0, #1	;(R0=0x00000BE8 )
(             libc.so[0xCBC2B000])[53 60       ]0x00010E40:	STR	R3, [R2, #4]	;(R3=0x00000BE9 R2=0x300003F0 )
(             libc.so[0xCBC2B000])[44 F0 03 04 ]0x00010E42:	ORR	R4, R4, #3	;(R4=0x00000018 )
(             libc.so[0xCBC2B000])[74 60       ]0x00010E46:	STR	R4, [R6, #4]	;(R4=0x0000001B R6=0x300003D8 )
(             libc.so[0xCBC2B000])[08 36       ]0x00010E48:	ADDS	R6, #8	;(R6=0x300003D8 )
(             libc.so[0xCBC2B000])[04 E0       ]0x00010E4A:	B	#0XCBC3BE56
(             libc.so[0xCBC2B000])[35 49       ]0x00010E56:	LDR	R1, [PC, #0XD4]	;(PC=0xCBC3BE56 )
(             libc.so[0xCBC2B000])[79 44       ]0x00010E58:	ADD	R1, PC	;(R1=0x0003D324 PC=0xCBC3BE58 )
(             libc.so[0xCBC2B000])[D1 F8 BC 21 ]0x00010E5A:	LDR.W	R2, [R1, #0X1BC]	;(R1=0xCBC79180 )
(             libc.so[0xCBC2B000])[93 07       ]0x00010E5E:	LSLS	R3, R2, #0X1E	;(R2=0x00000007 )
(             libc.so[0xCBC2B000])[3F D5       ]0x00010E60:	BPL	#0XCBC3BEE2
(             libc.so[0xCBC2B000])[01 F5 E0 70 ]0x00010E62:	ADD.W	R0, R1, #0X1C0	;(R1=0xCBC79180 )
(             libc.so[0xCBC2B000])[FD F7 3C ED ]0x00010E66:	BLX	#0XCBC398E0	;(PC=0xCBC3BE66 )
(             libc.so[0xCBC2B000])[BE FF FF EA ]0x0000E8E0:	B	#0XCBC397E0 ; pthread_mutex_unlock	;(PC=0xCBC398E0 )
(             libc.so[0xCBC2B000])[70 40 2D E9 ]0x0000E7E0:	PUSH	{R4, R5, R6, LR}	;(SP=0x100FFFB0 R4=0x0000001B R5=0x00000000 R6=0x300003E0 LR=0xCBC3BE6B )
(             libc.so[0xCBC2B000])[00 40 50 E2 ]0x0000E7E4:	SUBS	R4, R0, #0	;(R0=0xCBC79340 )
(             libc.so[0xCBC2B000])[08 D0 4D E2 ]0x0000E7E8:	SUB	SP, SP, #8	;(SP=0x100FFFA0 )
(             libc.so[0xCBC2B000])[2B 00 00 0A ]0x0000E7EC:	BEQ	#0XCBC398A0	;(PC=0xCBC397EC )
(             libc.so[0xCBC2B000])[00 50 94 E5 ]0x0000E7F0:	LDR	R5, [R4]	;(R4=0xCBC79340 )
(             libc.so[0xCBC2B000])[03 69 15 E2 ]0x0000E7F4:	ANDS	R6, R5, #0XC000	;(R5=0x00000001 )
(             libc.so[0xCBC2B000])[02 1A 05 E2 ]0x0000E7F8:	AND	R1, R5, #0X2000	;(R5=0x00000001 )
(             libc.so[0xCBC2B000])[11 00 00 1A ]0x0000E7FC:	BNE	#0XCBC39848	;(PC=0xCBC397FC )
(             libc.so[0xCBC2B000])[5F F0 7F F5 ]0x0000E800:	DMB	SY
(             libc.so[0xCBC2B000])[9F 2F 94 E1 ]0x0000E804:	LDREX	R2, [R4]	;(R4=0xCBC79340 )
(             libc.so[0xCBC2B000])[01 30 42 E2 ]0x0000E808:	SUB	R3, R2, #1	;(R2=0x00000001 )
(             libc.so[0xCBC2B000])[93 5F 84 E1 ]0x0000E80C:	STREX	R5, R3, [R4]	;(R3=0x00000000 R4=0xCBC79340 )
(             libc.so[0xCBC2B000])[00 00 55 E3 ]0x0000E810:	CMP	R5, #0	;(R5=0x00000000 )
(             libc.so[0xCBC2B000])[FA FF FF 1A ]0x0000E814:	BNE	#0XCBC39804	;(PC=0xCBC39814 )
(             libc.so[0xCBC2B000])[01 C0 81 E3 ]0x0000E818:	ORR	IP, R1, #1	;(R1=0x00000000 )
(             libc.so[0xCBC2B000])[0C 00 52 E1 ]0x0000E81C:	CMP	R2, IP	;(R2=0x00000001 IP=0x00000001 )
(             libc.so[0xCBC2B000])[06 00 00 0A ]0x0000E820:	BEQ	#0XCBC39840	;(PC=0xCBC39820 )
(             libc.so[0xCBC2B000])[00 00 A0 E3 ]0x0000E840:	MOV	R0, #0
(             libc.so[0xCBC2B000])[FB FF FF EA ]0x0000E844:	B	#0XCBC39838	;(PC=0xCBC39844 )
(             libc.so[0xCBC2B000])[08 D0 8D E2 ]0x0000E838:	ADD	SP, SP, #8	;(SP=0x100FFF98 )
(             libc.so[0xCBC2B000])[70 80 BD E8 ]0x0000E83C:	POP	{R4, R5, R6, PC}	;(SP=0x100FFFA0 )
(             libc.so[0xCBC2B000])[3A E0       ]0x00010E6A:	B	#0XCBC3BEE2
(             libc.so[0xCBC2B000])[30 46       ]0x00010EE2:	MOV	R0, R6	;(R6=0x300003E0 )
(             libc.so[0xCBC2B000])[BD E8 FE 8F ]0x00010EE4:	POP.W	{R1, R2, R3, R4, R5, R6, R7, R8, SB, SL, FP, PC}	;(SP=0x100FFFB0 )
(             libc.so[0xCBC2B000])[08 BD       ]0x0000DBF8:	POP	{R3, PC}	;(SP=0x100FFFE0 )
(        libstdc++.so[0xCBC8F000])[08 B9       ]0x0000091E:	CBNZ	R0, #0XCBC8F924	;(R0=0x300003E0 )
(        libstdc++.so[0xCBC8F000])[08 BD       ]0x00000924:	POP	{R3, PC}	;(SP=0x100FFFE8 )
(  libmakeurl2.4.9.so[0xCBBCB000])[05 46       ]0x000018F2:	MOV	R5, R0	;(R0=0x300003E0 )
(  libmakeurl2.4.9.so[0xCBBCB000])[1B F0 B0 F8 ]0x000018F4:	BL	#0XCBBE7A58	;(PC=0xCBBCC8F4 )
(  libmakeurl2.4.9.so[0xCBBCB000])[07 49       ]0x0001CA58:	LDR	R1, [PC, #0X1C]	;(PC=0xCBBE7A58 )
(  libmakeurl2.4.9.so[0xCBBCB000])[02 46       ]0x0001CA5A:	MOV	R2, R0	;(R0=0x300003E0 )
(  libmakeurl2.4.9.so[0xCBBCB000])[79 44       ]0x0001CA5C:	ADD	R1, PC	;(R1=0x000282D8 PC=0xCBBE7A5C )
(  libmakeurl2.4.9.so[0xCBBCB000])[08 31       ]0x0001CA5E:	ADDS	R1, #8	;(R1=0xCBC0FD38 )
(  libmakeurl2.4.9.so[0xCBBCB000])[01 60       ]0x0001CA60:	STR	R1, [R0]	;(R1=0xCBC0FD40 R0=0x300003E0 )
(  libmakeurl2.4.9.so[0xCBBCB000])[00 21       ]0x0001CA62:	MOVS	R1, #0
(  libmakeurl2.4.9.so[0xCBBCB000])[42 F8 08 1F ]0x0001CA64:	STR	R1, [R2, #8]!	;(R1=0x00000000 R2=0x300003E0 )
(  libmakeurl2.4.9.so[0xCBBCB000])[C1 60       ]0x0001CA68:	STR	R1, [R0, #0XC]	;(R1=0x00000000 R0=0x300003E0 )
(  libmakeurl2.4.9.so[0xCBBCB000])[45 F2 78 61 ]0x0001CA6A:	MOVW	R1, #0X5678
(  libmakeurl2.4.9.so[0xCBBCB000])[C1 F2 34 21 ]0x0001CA6E:	MOVT	R1, #0X1234	;(R1=0x00005678 )
(  libmakeurl2.4.9.so[0xCBBCB000])[42 60       ]0x0001CA72:	STR	R2, [R0, #4]	;(R2=0x300003E8 R0=0x300003E0 )
(  libmakeurl2.4.9.so[0xCBBCB000])[01 61       ]0x0001CA74:	STR	R1, [R0, #0X10]	;(R1=0x12345678 R0=0x300003E0 )
(  libmakeurl2.4.9.so[0xCBBCB000])[70 47       ]0x0001CA76:	BX	LR	;(LR=0xCBBCC8F9 )
(  libmakeurl2.4.9.so[0xCBBCB000])[6E 48       ]0x000018F8:	LDR	R0, [PC, #0X1B8]	;(PC=0xCBBCC8F8 )
(  libmakeurl2.4.9.so[0xCBBCB000])[78 44       ]0x000018FA:	ADD	R0, PC	;(R0=0x0004394E PC=0xCBBCC8FA )
(  libmakeurl2.4.9.so[0xCBBCB000])[05 60       ]0x000018FC:	STR	R5, [R0]	;(R5=0x300003E0 R0=0xCBC1024C )
(  libmakeurl2.4.9.so[0xCBBCB000])[14 20       ]0x000018FE:	MOVS	R0, #0X14
(  libmakeurl2.4.9.so[0xCBBCB000])[FF F7 BC ED ]0x00001900:	BLX	#0XCBBCC47C	;(PC=0xCBBCC900 )
(  libmakeurl2.4.9.so[0xCBBCB000])[00 C6 8F E2 ]0x0000147C:	ADD	IP, PC, #0, #12	;(PC=0xCBBCC47C )
(  libmakeurl2.4.9.so[0xCBBCB000])[43 CA 8C E2 ]0x00001480:	ADD	IP, IP, #0X43000	;(IP=0xCBBCC484 )
(  libmakeurl2.4.9.so[0xCBBCB000])[00 FB BC E5 ]0x00001484:	LDR	PC, [IP, #0XB00]!	;(IP=0xCBC0F484 )
(        libstdc++.so[0xCBC8F000])[08 B5       ]0x00000918:	PUSH	{R3, LR} ; _Znaj	;(SP=0x100FFFF0 R3=0x00000000 LR=0xCBBCC905 )
(        libstdc++.so[0xCBC8F000])[FF F7 6E EF ]0x0000091A:	BLX	#0XCBC8F7F8	;(PC=0xCBC8F91A )
(        libstdc++.so[0xCBC8F000])[00 C6 8F E2 ]0x000007F8:	ADD	IP, PC, #0, #12	;(PC=0xCBC8F7F8 )
(        libstdc++.so[0xCBC8F000])[01 CA 8C E2 ]0x000007FC:	ADD	IP, IP, #0X1000	;(IP=0xCBC8F800 )
(        libstdc++.so[0xCBC8F000])[F0 F7 BC E5 ]0x00000800:	LDR	PC, [IP, #0X7F0]!	;(IP=0xCBC90800 )
(             libc.so[0xCBC2B000])[08 B5       ]0x0000DBEC:	PUSH	{R3, LR} ; malloc	;(SP=0x100FFFE8 R3=0x00000000 LR=0xCBC8F91F )
(             libc.so[0xCBC2B000])[03 4B       ]0x0000DBEE:	LDR	R3, [PC, #0XC]	;(PC=0xCBC38BEE )
(             libc.so[0xCBC2B000])[7B 44       ]0x0000DBF0:	ADD	R3, PC	;(R3=0x0003C40C PC=0xCBC38BF0 )
(             libc.so[0xCBC2B000])[19 68       ]0x0000DBF2:	LDR	R1, [R3]	;(R3=0xCBC75000 )
(             libc.so[0xCBC2B000])[0A 68       ]0x0000DBF4:	LDR	R2, [R1]	;(R1=0xCBC74E00 )
(             libc.so[0xCBC2B000])[90 47       ]0x0000DBF6:	BLX	R2	;(PC=0xCBC38BF6 R2=0xCBC3ADCD )
(             libc.so[0xCBC2B000])[DF F8 A4 3B ]0x0000FDCC:	LDR.W	R3, [PC, #0XBA4] ; dlmalloc	;(PC=0xCBC3ADCC )
(             libc.so[0xCBC2B000])[2D E9 F7 4F ]0x0000FDD0:	PUSH.W	{R0, R1, R2, R4, R5, R6, R7, R8, SB, SL, FP, LR}	;(SP=0x100FFFE0 R0=0x00000014 R1=0xCBC74E00 R2=0xCBC3ADCD R4=0x00000000 R5=0x300003E0 R6=0x00000000 R7=0x100FFFF8 R8=0x00000000 SB=0x00000000 SL=0x00000000 FP=0x00000000 LR=0xCBC38BF9 )
(             libc.so[0xCBC2B000])[7B 44       ]0x0000FDD4:	ADD	R3, PC	;(R3=0x0003E588 PC=0xCBC3ADD4 )
(             libc.so[0xCBC2B000])[04 46       ]0x0000FDD6:	MOV	R4, R0	;(R0=0x00000014 )
(             libc.so[0xCBC2B000])[18 68       ]0x0000FDD8:	LDR	R0, [R3]	;(R3=0xCBC79360 )
(             libc.so[0xCBC2B000])[08 B9       ]0x0000FDDA:	CBNZ	R0, #0XCBC3ADE0	;(R0=0x0B13C7D8 )
(             libc.so[0xCBC2B000])[DF F8 94 1B ]0x0000FDE0:	LDR.W	R1, [PC, #0XB94]	;(PC=0xCBC3ADE0 )
(             libc.so[0xCBC2B000])[79 44       ]0x0000FDE4:	ADD	R1, PC	;(R1=0x0003E398 PC=0xCBC3ADE4 )
(             libc.so[0xCBC2B000])[D1 F8 BC 21 ]0x0000FDE6:	LDR.W	R2, [R1, #0X1BC]	;(R1=0xCBC79180 )
(             libc.so[0xCBC2B000])[93 07       ]0x0000FDEA:	LSLS	R3, R2, #0X1E	;(R2=0x00000007 )
(             libc.so[0xCBC2B000])[02 D4       ]0x0000FDEC:	BMI	#0XCBC3ADF4
(             libc.so[0xCBC2B000])[01 F5 E0 70 ]0x0000FDF4:	ADD.W	R0, R1, #0X1C0	;(R1=0xCBC79180 )
(             libc.so[0xCBC2B000])[00 26       ]0x0000FDF8:	MOVS	R6, #0
(             libc.so[0xCBC2B000])[FE F7 F0 EC ]0x0000FDFA:	BLX	#0XCBC397DC	;(PC=0xCBC3ADFA )
(             libc.so[0xCBC2B000])[90 FF FF EA ]0x0000E7DC:	B	#0XCBC39624 ; pthread_mutex_lock	;(PC=0xCBC397DC )
(             libc.so[0xCBC2B000])[F0 41 2D E9 ]0x0000E624:	PUSH	{R4, R5, R6, R7, R8, LR}	;(SP=0x100FFFB0 R4=0x00000014 R5=0x300003E0 R6=0x00000000 R7=0x100FFFF8 R8=0x00000000 LR=0xCBC3ADFF )
(             libc.so[0xCBC2B000])[00 40 50 E2 ]0x0000E628:	SUBS	R4, R0, #0	;(R0=0xCBC79340 )
(             libc.so[0xCBC2B000])[1B 00 00 0A ]0x0000E62C:	BEQ	#0XCBC396A0	;(PC=0xCBC3962C )
(             libc.so[0xCBC2B000])[00 50 94 E5 ]0x0000E630:	LDR	R5, [R4]	;(R4=0xCBC79340 )
(             libc.so[0xCBC2B000])[03 79 15 E2 ]0x0000E634:	ANDS	R7, R5, #0XC000	;(R5=0x00000000 )
(             libc.so[0xCBC2B000])[02 6A 05 E2 ]0x0000E638:	AND	R6, R5, #0X2000	;(R5=0x00000000 )
(             libc.so[0xCBC2B000])[19 00 00 1A ]0x0000E63C:	BNE	#0XCBC396A8	;(PC=0xCBC3963C )
(             libc.so[0xCBC2B000])[01 00 86 E3 ]0x0000E640:	ORR	R0, R6, #1	;(R6=0x00000000 )
(             libc.so[0xCBC2B000])[9F 3F 94 E1 ]0x0000E644:	LDREX	R3, [R4]	;(R4=0xCBC79340 )
(             libc.so[0xCBC2B000])[00 10 A0 E3 ]0x0000E648:	MOV	R1, #0
(             libc.so[0xCBC2B000])[06 00 33 E1 ]0x0000E64C:	TEQ	R3, R6	;(R3=0x00000000 R6=0x00000000 )
(             libc.so[0xCBC2B000])[90 1F 84 01 ]0x0000E650:	STREXEQ	R1, R0, [R4]	;(R0=0x00000001 R4=0xCBC79340 )
(             libc.so[0xCBC2B000])[00 00 51 E3 ]0x0000E654:	CMP	R1, #0	;(R1=0x00000000 )
(             libc.so[0xCBC2B000])[F9 FF FF 1A ]0x0000E658:	BNE	#0XCBC39644	;(PC=0xCBC39658 )
(             libc.so[0xCBC2B000])[03 00 56 E1 ]0x0000E65C:	CMP	R6, R3	;(R6=0x00000000 R3=0x00000000 )
(             libc.so[0xCBC2B000])[02 50 86 13 ]0x0000E660:	ORRNE	R5, R6, #2	;(R6=0x00000000 )
(             libc.so[0xCBC2B000])[01 00 00 1A ]0x0000E664:	BNE	#0XCBC39670	;(PC=0xCBC39664 )
(             libc.so[0xCBC2B000])[09 00 00 EA ]0x0000E668:	B	#0XCBC39694	;(PC=0xCBC39668 )
(             libc.so[0xCBC2B000])[5F F0 7F F5 ]0x0000E694:	DMB	SY
(             libc.so[0xCBC2B000])[00 00 A0 E3 ]0x0000E698:	MOV	R0, #0
(             libc.so[0xCBC2B000])[F0 81 BD E8 ]0x0000E69C:	POP	{R4, R5, R6, R7, R8, PC}	;(SP=0x100FFF98 )
(             libc.so[0xCBC2B000])[00 28       ]0x0000FDFE:	CMP	R0, #0	;(R0=0x00000000 )
(             libc.so[0xCBC2B000])[41 F0 6F 80 ]0x0000FE00:	BNE.W	#0XCBC3BEE2
(             libc.so[0xCBC2B000])[F3 E7       ]0x0000FE04:	B	#0XCBC3ADEE
(             libc.so[0xCBC2B000])[F4 2C       ]0x0000FDEE:	CMP	R4, #0XF4	;(R4=0x00000014 )
(             libc.so[0xCBC2B000])[09 D9       ]0x0000FDF0:	BLS	#0XCBC3AE06
(             libc.so[0xCBC2B000])[0A 2C       ]0x0000FE06:	CMP	R4, #0XA	;(R4=0x00000014 )
(             libc.so[0xCBC2B000])[03 D9       ]0x0000FE08:	BLS	#0XCBC3AE12
(             libc.so[0xCBC2B000])[0B 34       ]0x0000FE0A:	ADDS	R4, #0XB	;(R4=0x00000014 )
(             libc.so[0xCBC2B000])[24 F0 07 04 ]0x0000FE0C:	BIC	R4, R4, #7	;(R4=0x0000001F )
(             libc.so[0xCBC2B000])[00 E0       ]0x0000FE10:	B	#0XCBC3AE14
(             libc.so[0xCBC2B000])[DF F8 68 3B ]0x0000FE14:	LDR.W	R3, [PC, #0XB68]	;(PC=0xCBC3AE14 )
(             libc.so[0xCBC2B000])[E2 08       ]0x0000FE18:	LSRS	R2, R4, #3	;(R4=0x00000018 )
(             libc.so[0xCBC2B000])[7B 44       ]0x0000FE1A:	ADD	R3, PC	;(R3=0x0003E362 PC=0xCBC3AE1A )
(             libc.so[0xCBC2B000])[18 68       ]0x0000FE1C:	LDR	R0, [R3]	;(R3=0xCBC79180 )
(             libc.so[0xCBC2B000])[20 FA 02 F1 ]0x0000FE1E:	LSR.W	R1, R0, R2	;(R0=0x00000000 R2=0x00000003 )
(             libc.so[0xCBC2B000])[01 90       ]0x0000FE22:	STR	R0, [SP, #4]	;(R0=0x00000000 SP=0x100FFFB0 )
(             libc.so[0xCBC2B000])[8E 07       ]0x0000FE24:	LSLS	R6, R1, #0X1E	;(R1=0x00000000 )
(             libc.so[0xCBC2B000])[21 D0       ]0x0000FE26:	BEQ	#0XCBC3AE6C
(             libc.so[0xCBC2B000])[9D 68       ]0x0000FE6C:	LDR	R5, [R3, #8]	;(R3=0xCBC79180 )
(             libc.so[0xCBC2B000])[AC 42       ]0x0000FE6E:	CMP	R4, R5	;(R4=0x00000018 R5=0x00000000 )
(             libc.so[0xCBC2B000])[40 F2 3F 83 ]0x0000FE70:	BLS.W	#0XCBC3B4F2
(             libc.so[0xCBC2B000])[00 29       ]0x0000FE74:	CMP	R1, #0	;(R1=0x00000000 )
(             libc.so[0xCBC2B000])[74 D0       ]0x0000FE76:	BEQ	#0XCBC3AF62
(             libc.so[0xCBC2B000])[D3 F8 04 80 ]0x0000FF62:	LDR.W	R8, [R3, #4]	;(R3=0xCBC79180 )
(             libc.so[0xCBC2B000])[B8 F1 00 0F ]0x0000FF66:	CMP.W	R8, #0	;(R8=0x00000000 )
(             libc.so[0xCBC2B000])[00 F0 C2 82 ]0x0000FF6A:	BEQ.W	#0XCBC3B4F2
(             libc.so[0xCBC2B000])[DF F8 E0 34 ]0x000104F2:	LDR.W	R3, [PC, #0X4E0]	;(PC=0xCBC3B4F2 )
(             libc.so[0xCBC2B000])[7B 44       ]0x000104F6:	ADD	R3, PC	;(R3=0x0003DC86 PC=0xCBC3B4F6 )
(             libc.so[0xCBC2B000])[98 68       ]0x000104F8:	LDR	R0, [R3, #8]	;(R3=0xCBC79180 )
(             libc.so[0xCBC2B000])[84 42       ]0x000104FA:	CMP	R4, R0	;(R4=0x00000018 R0=0x00000000 )
(             libc.so[0xCBC2B000])[19 D8       ]0x000104FC:	BHI	#0XCBC3B532
(             libc.so[0xCBC2B000])[DE 68       ]0x00010532:	LDR	R6, [R3, #0XC]	;(R3=0xCBC79180 )
(             libc.so[0xCBC2B000])[B4 42       ]0x00010534:	CMP	R4, R6	;(R4=0x00000018 R6=0x00000BE8 )
(             libc.so[0xCBC2B000])[01 D2       ]0x00010536:	BHS	#0XCBC3B53C
(             libc.so[0xCBC2B000])[00 F0 7B BC ]0x00010538:	B.W	#0XCBC3BE32
(             libc.so[0xCBC2B000])[30 1B       ]0x00010E32:	SUBS	R0, R6, R4	;(R6=0x00000BE8 R4=0x00000018 )
(             libc.so[0xCBC2B000])[9E 69       ]0x00010E34:	LDR	R6, [R3, #0X18]	;(R3=0xCBC79180 )
(             libc.so[0xCBC2B000])[D8 60       ]0x00010E36:	STR	R0, [R3, #0XC]	;(R0=0x00000BD0 R3=0xCBC79180 )
(             libc.so[0xCBC2B000])[32 19       ]0x00010E38:	ADDS	R2, R6, R4	;(R6=0x300003F0 R4=0x00000018 )
(             libc.so[0xCBC2B000])[9A 61       ]0x00010E3A:	STR	R2, [R3, #0X18]	;(R2=0x30000408 R3=0xCBC79180 )
(             libc.so[0xCBC2B000])[40 F0 01 03 ]0x00010E3C:	ORR	R3, R0, #1	;(R0=0x00000BD0 )
(             libc.so[0xCBC2B000])[53 60       ]0x00010E40:	STR	R3, [R2, #4]	;(R3=0x00000BD1 R2=0x30000408 )
(             libc.so[0xCBC2B000])[44 F0 03 04 ]0x00010E42:	ORR	R4, R4, #3	;(R4=0x00000018 )
(             libc.so[0xCBC2B000])[74 60       ]0x00010E46:	STR	R4, [R6, #4]	;(R4=0x0000001B R6=0x300003F0 )
(             libc.so[0xCBC2B000])[08 36       ]0x00010E48:	ADDS	R6, #8	;(R6=0x300003F0 )
(             libc.so[0xCBC2B000])[04 E0       ]0x00010E4A:	B	#0XCBC3BE56
(             libc.so[0xCBC2B000])[35 49       ]0x00010E56:	LDR	R1, [PC, #0XD4]	;(PC=0xCBC3BE56 )
(             libc.so[0xCBC2B000])[79 44       ]0x00010E58:	ADD	R1, PC	;(R1=0x0003D324 PC=0xCBC3BE58 )
(             libc.so[0xCBC2B000])[D1 F8 BC 21 ]0x00010E5A:	LDR.W	R2, [R1, #0X1BC]	;(R1=0xCBC79180 )
(             libc.so[0xCBC2B000])[93 07       ]0x00010E5E:	LSLS	R3, R2, #0X1E	;(R2=0x00000007 )
(             libc.so[0xCBC2B000])[3F D5       ]0x00010E60:	BPL	#0XCBC3BEE2
(             libc.so[0xCBC2B000])[01 F5 E0 70 ]0x00010E62:	ADD.W	R0, R1, #0X1C0	;(R1=0xCBC79180 )
(             libc.so[0xCBC2B000])[FD F7 3C ED ]0x00010E66:	BLX	#0XCBC398E0	;(PC=0xCBC3BE66 )
(             libc.so[0xCBC2B000])[BE FF FF EA ]0x0000E8E0:	B	#0XCBC397E0 ; pthread_mutex_unlock	;(PC=0xCBC398E0 )
(             libc.so[0xCBC2B000])[70 40 2D E9 ]0x0000E7E0:	PUSH	{R4, R5, R6, LR}	;(SP=0x100FFFB0 R4=0x0000001B R5=0x00000000 R6=0x300003F8 LR=0xCBC3BE6B )
(             libc.so[0xCBC2B000])[00 40 50 E2 ]0x0000E7E4:	SUBS	R4, R0, #0	;(R0=0xCBC79340 )
(             libc.so[0xCBC2B000])[08 D0 4D E2 ]0x0000E7E8:	SUB	SP, SP, #8	;(SP=0x100FFFA0 )
(             libc.so[0xCBC2B000])[2B 00 00 0A ]0x0000E7EC:	BEQ	#0XCBC398A0	;(PC=0xCBC397EC )
(             libc.so[0xCBC2B000])[00 50 94 E5 ]0x0000E7F0:	LDR	R5, [R4]	;(R4=0xCBC79340 )
(             libc.so[0xCBC2B000])[03 69 15 E2 ]0x0000E7F4:	ANDS	R6, R5, #0XC000	;(R5=0x00000001 )
(             libc.so[0xCBC2B000])[02 1A 05 E2 ]0x0000E7F8:	AND	R1, R5, #0X2000	;(R5=0x00000001 )
(             libc.so[0xCBC2B000])[11 00 00 1A ]0x0000E7FC:	BNE	#0XCBC39848	;(PC=0xCBC397FC )
(             libc.so[0xCBC2B000])[5F F0 7F F5 ]0x0000E800:	DMB	SY
(             libc.so[0xCBC2B000])[9F 2F 94 E1 ]0x0000E804:	LDREX	R2, [R4]	;(R4=0xCBC79340 )
(             libc.so[0xCBC2B000])[01 30 42 E2 ]0x0000E808:	SUB	R3, R2, #1	;(R2=0x00000001 )
(             libc.so[0xCBC2B000])[93 5F 84 E1 ]0x0000E80C:	STREX	R5, R3, [R4]	;(R3=0x00000000 R4=0xCBC79340 )
(             libc.so[0xCBC2B000])[00 00 55 E3 ]0x0000E810:	CMP	R5, #0	;(R5=0x00000000 )
(             libc.so[0xCBC2B000])[FA FF FF 1A ]0x0000E814:	BNE	#0XCBC39804	;(PC=0xCBC39814 )
(             libc.so[0xCBC2B000])[01 C0 81 E3 ]0x0000E818:	ORR	IP, R1, #1	;(R1=0x00000000 )
(             libc.so[0xCBC2B000])[0C 00 52 E1 ]0x0000E81C:	CMP	R2, IP	;(R2=0x00000001 IP=0x00000001 )
(             libc.so[0xCBC2B000])[06 00 00 0A ]0x0000E820:	BEQ	#0XCBC39840	;(PC=0xCBC39820 )
(             libc.so[0xCBC2B000])[00 00 A0 E3 ]0x0000E840:	MOV	R0, #0
(             libc.so[0xCBC2B000])[FB FF FF EA ]0x0000E844:	B	#0XCBC39838	;(PC=0xCBC39844 )
(             libc.so[0xCBC2B000])[08 D0 8D E2 ]0x0000E838:	ADD	SP, SP, #8	;(SP=0x100FFF98 )
(             libc.so[0xCBC2B000])[70 80 BD E8 ]0x0000E83C:	POP	{R4, R5, R6, PC}	;(SP=0x100FFFA0 )
(             libc.so[0xCBC2B000])[3A E0       ]0x00010E6A:	B	#0XCBC3BEE2
(             libc.so[0xCBC2B000])[30 46       ]0x00010EE2:	MOV	R0, R6	;(R6=0x300003F8 )
(             libc.so[0xCBC2B000])[BD E8 FE 8F ]0x00010EE4:	POP.W	{R1, R2, R3, R4, R5, R6, R7, R8, SB, SL, FP, PC}	;(SP=0x100FFFB0 )
(             libc.so[0xCBC2B000])[08 BD       ]0x0000DBF8:	POP	{R3, PC}	;(SP=0x100FFFE0 )
(        libstdc++.so[0xCBC8F000])[08 B9       ]0x0000091E:	CBNZ	R0, #0XCBC8F924	;(R0=0x300003F8 )
(        libstdc++.so[0xCBC8F000])[08 BD       ]0x00000924:	POP	{R3, PC}	;(SP=0x100FFFE8 )
(  libmakeurl2.4.9.so[0xCBBCB000])[05 46       ]0x00001904:	MOV	R5, R0	;(R0=0x300003F8 )
(  libmakeurl2.4.9.so[0xCBBCB000])[1B F0 A7 F8 ]0x00001906:	BL	#0XCBBE7A58	;(PC=0xCBBCC906 )
(  libmakeurl2.4.9.so[0xCBBCB000])[07 49       ]0x0001CA58:	LDR	R1, [PC, #0X1C]	;(PC=0xCBBE7A58 )
(  libmakeurl2.4.9.so[0xCBBCB000])[02 46       ]0x0001CA5A:	MOV	R2, R0	;(R0=0x300003F8 )
(  libmakeurl2.4.9.so[0xCBBCB000])[79 44       ]0x0001CA5C:	ADD	R1, PC	;(R1=0x000282D8 PC=0xCBBE7A5C )
(  libmakeurl2.4.9.so[0xCBBCB000])[08 31       ]0x0001CA5E:	ADDS	R1, #8	;(R1=0xCBC0FD38 )
(  libmakeurl2.4.9.so[0xCBBCB000])[01 60       ]0x0001CA60:	STR	R1, [R0]	;(R1=0xCBC0FD40 R0=0x300003F8 )
(  libmakeurl2.4.9.so[0xCBBCB000])[00 21       ]0x0001CA62:	MOVS	R1, #0
(  libmakeurl2.4.9.so[0xCBBCB000])[42 F8 08 1F ]0x0001CA64:	STR	R1, [R2, #8]!	;(R1=0x00000000 R2=0x300003F8 )
(  libmakeurl2.4.9.so[0xCBBCB000])[C1 60       ]0x0001CA68:	STR	R1, [R0, #0XC]	;(R1=0x00000000 R0=0x300003F8 )
(  libmakeurl2.4.9.so[0xCBBCB000])[45 F2 78 61 ]0x0001CA6A:	MOVW	R1, #0X5678
(  libmakeurl2.4.9.so[0xCBBCB000])[C1 F2 34 21 ]0x0001CA6E:	MOVT	R1, #0X1234	;(R1=0x00005678 )
(  libmakeurl2.4.9.so[0xCBBCB000])[42 60       ]0x0001CA72:	STR	R2, [R0, #4]	;(R2=0x30000400 R0=0x300003F8 )
(  libmakeurl2.4.9.so[0xCBBCB000])[01 61       ]0x0001CA74:	STR	R1, [R0, #0X10]	;(R1=0x12345678 R0=0x300003F8 )
(  libmakeurl2.4.9.so[0xCBBCB000])[70 47       ]0x0001CA76:	BX	LR	;(LR=0xCBBCC90B )
(  libmakeurl2.4.9.so[0xCBBCB000])[6B 48       ]0x0000190A:	LDR	R0, [PC, #0X1AC]	;(PC=0xCBBCC90A )
(  libmakeurl2.4.9.so[0xCBBCB000])[78 44       ]0x0000190C:	ADD	R0, PC	;(R0=0x00043940 PC=0xCBBCC90C )
(  libmakeurl2.4.9.so[0xCBBCB000])[05 60       ]0x0000190E:	STR	R5, [R0]	;(R5=0x300003F8 R0=0xCBC10250 )
(  libmakeurl2.4.9.so[0xCBBCB000])[14 20       ]0x00001910:	MOVS	R0, #0X14
(  libmakeurl2.4.9.so[0xCBBCB000])[FF F7 B4 ED ]0x00001912:	BLX	#0XCBBCC47C	;(PC=0xCBBCC912 )
(  libmakeurl2.4.9.so[0xCBBCB000])[00 C6 8F E2 ]0x0000147C:	ADD	IP, PC, #0, #12	;(PC=0xCBBCC47C )
(  libmakeurl2.4.9.so[0xCBBCB000])[43 CA 8C E2 ]0x00001480:	ADD	IP, IP, #0X43000	;(IP=0xCBBCC484 )
(  libmakeurl2.4.9.so[0xCBBCB000])[00 FB BC E5 ]0x00001484:	LDR	PC, [IP, #0XB00]!	;(IP=0xCBC0F484 )
(        libstdc++.so[0xCBC8F000])[08 B5       ]0x00000918:	PUSH	{R3, LR} ; _Znaj	;(SP=0x100FFFF0 R3=0x00000000 LR=0xCBBCC917 )
(        libstdc++.so[0xCBC8F000])[FF F7 6E EF ]0x0000091A:	BLX	#0XCBC8F7F8	;(PC=0xCBC8F91A )
(        libstdc++.so[0xCBC8F000])[00 C6 8F E2 ]0x000007F8:	ADD	IP, PC, #0, #12	;(PC=0xCBC8F7F8 )
(        libstdc++.so[0xCBC8F000])[01 CA 8C E2 ]0x000007FC:	ADD	IP, IP, #0X1000	;(IP=0xCBC8F800 )
(        libstdc++.so[0xCBC8F000])[F0 F7 BC E5 ]0x00000800:	LDR	PC, [IP, #0X7F0]!	;(IP=0xCBC90800 )
(             libc.so[0xCBC2B000])[08 B5       ]0x0000DBEC:	PUSH	{R3, LR} ; malloc	;(SP=0x100FFFE8 R3=0x00000000 LR=0xCBC8F91F )
(             libc.so[0xCBC2B000])[03 4B       ]0x0000DBEE:	LDR	R3, [PC, #0XC]	;(PC=0xCBC38BEE )
(             libc.so[0xCBC2B000])[7B 44       ]0x0000DBF0:	ADD	R3, PC	;(R3=0x0003C40C PC=0xCBC38BF0 )
(             libc.so[0xCBC2B000])[19 68       ]0x0000DBF2:	LDR	R1, [R3]	;(R3=0xCBC75000 )
(             libc.so[0xCBC2B000])[0A 68       ]0x0000DBF4:	LDR	R2, [R1]	;(R1=0xCBC74E00 )
(             libc.so[0xCBC2B000])[90 47       ]0x0000DBF6:	BLX	R2	;(PC=0xCBC38BF6 R2=0xCBC3ADCD )
(             libc.so[0xCBC2B000])[DF F8 A4 3B ]0x0000FDCC:	LDR.W	R3, [PC, #0XBA4] ; dlmalloc	;(PC=0xCBC3ADCC )
(             libc.so[0xCBC2B000])[2D E9 F7 4F ]0x0000FDD0:	PUSH.W	{R0, R1, R2, R4, R5, R6, R7, R8, SB, SL, FP, LR}	;(SP=0x100FFFE0 R0=0x00000014 R1=0xCBC74E00 R2=0xCBC3ADCD R4=0x00000000 R5=0x300003F8 R6=0x00000000 R7=0x100FFFF8 R8=0x00000000 SB=0x00000000 SL=0x00000000 FP=0x00000000 LR=0xCBC38BF9 )
(             libc.so[0xCBC2B000])[7B 44       ]0x0000FDD4:	ADD	R3, PC	;(R3=0x0003E588 PC=0xCBC3ADD4 )
(             libc.so[0xCBC2B000])[04 46       ]0x0000FDD6:	MOV	R4, R0	;(R0=0x00000014 )
(             libc.so[0xCBC2B000])[18 68       ]0x0000FDD8:	LDR	R0, [R3]	;(R3=0xCBC79360 )
(             libc.so[0xCBC2B000])[08 B9       ]0x0000FDDA:	CBNZ	R0, #0XCBC3ADE0	;(R0=0x0B13C7D8 )
(             libc.so[0xCBC2B000])[DF F8 94 1B ]0x0000FDE0:	LDR.W	R1, [PC, #0XB94]	;(PC=0xCBC3ADE0 )
(             libc.so[0xCBC2B000])[79 44       ]0x0000FDE4:	ADD	R1, PC	;(R1=0x0003E398 PC=0xCBC3ADE4 )
(             libc.so[0xCBC2B000])[D1 F8 BC 21 ]0x0000FDE6:	LDR.W	R2, [R1, #0X1BC]	;(R1=0xCBC79180 )
(             libc.so[0xCBC2B000])[93 07       ]0x0000FDEA:	LSLS	R3, R2, #0X1E	;(R2=0x00000007 )
(             libc.so[0xCBC2B000])[02 D4       ]0x0000FDEC:	BMI	#0XCBC3ADF4
(             libc.so[0xCBC2B000])[01 F5 E0 70 ]0x0000FDF4:	ADD.W	R0, R1, #0X1C0	;(R1=0xCBC79180 )
(             libc.so[0xCBC2B000])[00 26       ]0x0000FDF8:	MOVS	R6, #0
(             libc.so[0xCBC2B000])[FE F7 F0 EC ]0x0000FDFA:	BLX	#0XCBC397DC	;(PC=0xCBC3ADFA )
(             libc.so[0xCBC2B000])[90 FF FF EA ]0x0000E7DC:	B	#0XCBC39624 ; pthread_mutex_lock	;(PC=0xCBC397DC )
(             libc.so[0xCBC2B000])[F0 41 2D E9 ]0x0000E624:	PUSH	{R4, R5, R6, R7, R8, LR}	;(SP=0x100FFFB0 R4=0x00000014 R5=0x300003F8 R6=0x00000000 R7=0x100FFFF8 R8=0x00000000 LR=0xCBC3ADFF )
(             libc.so[0xCBC2B000])[00 40 50 E2 ]0x0000E628:	SUBS	R4, R0, #0	;(R0=0xCBC79340 )
(             libc.so[0xCBC2B000])[1B 00 00 0A ]0x0000E62C:	BEQ	#0XCBC396A0	;(PC=0xCBC3962C )
(             libc.so[0xCBC2B000])[00 50 94 E5 ]0x0000E630:	LDR	R5, [R4]	;(R4=0xCBC79340 )
(             libc.so[0xCBC2B000])[03 79 15 E2 ]0x0000E634:	ANDS	R7, R5, #0XC000	;(R5=0x00000000 )
(             libc.so[0xCBC2B000])[02 6A 05 E2 ]0x0000E638:	AND	R6, R5, #0X2000	;(R5=0x00000000 )
(             libc.so[0xCBC2B000])[19 00 00 1A ]0x0000E63C:	BNE	#0XCBC396A8	;(PC=0xCBC3963C )
(             libc.so[0xCBC2B000])[01 00 86 E3 ]0x0000E640:	ORR	R0, R6, #1	;(R6=0x00000000 )
(             libc.so[0xCBC2B000])[9F 3F 94 E1 ]0x0000E644:	LDREX	R3, [R4]	;(R4=0xCBC79340 )
(             libc.so[0xCBC2B000])[00 10 A0 E3 ]0x0000E648:	MOV	R1, #0
(             libc.so[0xCBC2B000])[06 00 33 E1 ]0x0000E64C:	TEQ	R3, R6	;(R3=0x00000000 R6=0x00000000 )
(             libc.so[0xCBC2B000])[90 1F 84 01 ]0x0000E650:	STREXEQ	R1, R0, [R4]	;(R0=0x00000001 R4=0xCBC79340 )
(             libc.so[0xCBC2B000])[00 00 51 E3 ]0x0000E654:	CMP	R1, #0	;(R1=0x00000000 )
(             libc.so[0xCBC2B000])[F9 FF FF 1A ]0x0000E658:	BNE	#0XCBC39644	;(PC=0xCBC39658 )
(             libc.so[0xCBC2B000])[03 00 56 E1 ]0x0000E65C:	CMP	R6, R3	;(R6=0x00000000 R3=0x00000000 )
(             libc.so[0xCBC2B000])[02 50 86 13 ]0x0000E660:	ORRNE	R5, R6, #2	;(R6=0x00000000 )
(             libc.so[0xCBC2B000])[01 00 00 1A ]0x0000E664:	BNE	#0XCBC39670	;(PC=0xCBC39664 )
(             libc.so[0xCBC2B000])[09 00 00 EA ]0x0000E668:	B	#0XCBC39694	;(PC=0xCBC39668 )
(             libc.so[0xCBC2B000])[5F F0 7F F5 ]0x0000E694:	DMB	SY
(             libc.so[0xCBC2B000])[00 00 A0 E3 ]0x0000E698:	MOV	R0, #0
(             libc.so[0xCBC2B000])[F0 81 BD E8 ]0x0000E69C:	POP	{R4, R5, R6, R7, R8, PC}	;(SP=0x100FFF98 )
(             libc.so[0xCBC2B000])[00 28       ]0x0000FDFE:	CMP	R0, #0	;(R0=0x00000000 )
(             libc.so[0xCBC2B000])[41 F0 6F 80 ]0x0000FE00:	BNE.W	#0XCBC3BEE2
(             libc.so[0xCBC2B000])[F3 E7       ]0x0000FE04:	B	#0XCBC3ADEE
(             libc.so[0xCBC2B000])[F4 2C       ]0x0000FDEE:	CMP	R4, #0XF4	;(R4=0x00000014 )
(             libc.so[0xCBC2B000])[09 D9       ]0x0000FDF0:	BLS	#0XCBC3AE06
(             libc.so[0xCBC2B000])[0A 2C       ]0x0000FE06:	CMP	R4, #0XA	;(R4=0x00000014 )
(             libc.so[0xCBC2B000])[03 D9       ]0x0000FE08:	BLS	#0XCBC3AE12
(             libc.so[0xCBC2B000])[0B 34       ]0x0000FE0A:	ADDS	R4, #0XB	;(R4=0x00000014 )
(             libc.so[0xCBC2B000])[24 F0 07 04 ]0x0000FE0C:	BIC	R4, R4, #7	;(R4=0x0000001F )
(             libc.so[0xCBC2B000])[00 E0       ]0x0000FE10:	B	#0XCBC3AE14
(             libc.so[0xCBC2B000])[DF F8 68 3B ]0x0000FE14:	LDR.W	R3, [PC, #0XB68]	;(PC=0xCBC3AE14 )
(             libc.so[0xCBC2B000])[E2 08       ]0x0000FE18:	LSRS	R2, R4, #3	;(R4=0x00000018 )
(             libc.so[0xCBC2B000])[7B 44       ]0x0000FE1A:	ADD	R3, PC	;(R3=0x0003E362 PC=0xCBC3AE1A )
(             libc.so[0xCBC2B000])[18 68       ]0x0000FE1C:	LDR	R0, [R3]	;(R3=0xCBC79180 )
(             libc.so[0xCBC2B000])[20 FA 02 F1 ]0x0000FE1E:	LSR.W	R1, R0, R2	;(R0=0x00000000 R2=0x00000003 )
(             libc.so[0xCBC2B000])[01 90       ]0x0000FE22:	STR	R0, [SP, #4]	;(R0=0x00000000 SP=0x100FFFB0 )
(             libc.so[0xCBC2B000])[8E 07       ]0x0000FE24:	LSLS	R6, R1, #0X1E	;(R1=0x00000000 )
(             libc.so[0xCBC2B000])[21 D0       ]0x0000FE26:	BEQ	#0XCBC3AE6C
(             libc.so[0xCBC2B000])[9D 68       ]0x0000FE6C:	LDR	R5, [R3, #8]	;(R3=0xCBC79180 )
(             libc.so[0xCBC2B000])[AC 42       ]0x0000FE6E:	CMP	R4, R5	;(R4=0x00000018 R5=0x00000000 )
(             libc.so[0xCBC2B000])[40 F2 3F 83 ]0x0000FE70:	BLS.W	#0XCBC3B4F2
(             libc.so[0xCBC2B000])[00 29       ]0x0000FE74:	CMP	R1, #0	;(R1=0x00000000 )
(             libc.so[0xCBC2B000])[74 D0       ]0x0000FE76:	BEQ	#0XCBC3AF62
(             libc.so[0xCBC2B000])[D3 F8 04 80 ]0x0000FF62:	LDR.W	R8, [R3, #4]	;(R3=0xCBC79180 )
(             libc.so[0xCBC2B000])[B8 F1 00 0F ]0x0000FF66:	CMP.W	R8, #0	;(R8=0x00000000 )
(             libc.so[0xCBC2B000])[00 F0 C2 82 ]0x0000FF6A:	BEQ.W	#0XCBC3B4F2
(             libc.so[0xCBC2B000])[DF F8 E0 34 ]0x000104F2:	LDR.W	R3, [PC, #0X4E0]	;(PC=0xCBC3B4F2 )
(             libc.so[0xCBC2B000])[7B 44       ]0x000104F6:	ADD	R3, PC	;(R3=0x0003DC86 PC=0xCBC3B4F6 )
(             libc.so[0xCBC2B000])[98 68       ]0x000104F8:	LDR	R0, [R3, #8]	;(R3=0xCBC79180 )
(             libc.so[0xCBC2B000])[84 42       ]0x000104FA:	CMP	R4, R0	;(R4=0x00000018 R0=0x00000000 )
(             libc.so[0xCBC2B000])[19 D8       ]0x000104FC:	BHI	#0XCBC3B532
(             libc.so[0xCBC2B000])[DE 68       ]0x00010532:	LDR	R6, [R3, #0XC]	;(R3=0xCBC79180 )
(             libc.so[0xCBC2B000])[B4 42       ]0x00010534:	CMP	R4, R6	;(R4=0x00000018 R6=0x00000BD0 )
(             libc.so[0xCBC2B000])[01 D2       ]0x00010536:	BHS	#0XCBC3B53C
(             libc.so[0xCBC2B000])[00 F0 7B BC ]0x00010538:	B.W	#0XCBC3BE32
(             libc.so[0xCBC2B000])[30 1B       ]0x00010E32:	SUBS	R0, R6, R4	;(R6=0x00000BD0 R4=0x00000018 )
(             libc.so[0xCBC2B000])[9E 69       ]0x00010E34:	LDR	R6, [R3, #0X18]	;(R3=0xCBC79180 )
(             libc.so[0xCBC2B000])[D8 60       ]0x00010E36:	STR	R0, [R3, #0XC]	;(R0=0x00000BB8 R3=0xCBC79180 )
(             libc.so[0xCBC2B000])[32 19       ]0x00010E38:	ADDS	R2, R6, R4	;(R6=0x30000408 R4=0x00000018 )
(             libc.so[0xCBC2B000])[9A 61       ]0x00010E3A:	STR	R2, [R3, #0X18]	;(R2=0x30000420 R3=0xCBC79180 )
(             libc.so[0xCBC2B000])[40 F0 01 03 ]0x00010E3C:	ORR	R3, R0, #1	;(R0=0x00000BB8 )
(             libc.so[0xCBC2B000])[53 60       ]0x00010E40:	STR	R3, [R2, #4]	;(R3=0x00000BB9 R2=0x30000420 )
(             libc.so[0xCBC2B000])[44 F0 03 04 ]0x00010E42:	ORR	R4, R4, #3	;(R4=0x00000018 )
(             libc.so[0xCBC2B000])[74 60       ]0x00010E46:	STR	R4, [R6, #4]	;(R4=0x0000001B R6=0x30000408 )
(             libc.so[0xCBC2B000])[08 36       ]0x00010E48:	ADDS	R6, #8	;(R6=0x30000408 )
(             libc.so[0xCBC2B000])[04 E0       ]0x00010E4A:	B	#0XCBC3BE56
(             libc.so[0xCBC2B000])[35 49       ]0x00010E56:	LDR	R1, [PC, #0XD4]	;(PC=0xCBC3BE56 )
(             libc.so[0xCBC2B000])[79 44       ]0x00010E58:	ADD	R1, PC	;(R1=0x0003D324 PC=0xCBC3BE58 )
(             libc.so[0xCBC2B000])[D1 F8 BC 21 ]0x00010E5A:	LDR.W	R2, [R1, #0X1BC]	;(R1=0xCBC79180 )
(             libc.so[0xCBC2B000])[93 07       ]0x00010E5E:	LSLS	R3, R2, #0X1E	;(R2=0x00000007 )
(             libc.so[0xCBC2B000])[3F D5       ]0x00010E60:	BPL	#0XCBC3BEE2
(             libc.so[0xCBC2B000])[01 F5 E0 70 ]0x00010E62:	ADD.W	R0, R1, #0X1C0	;(R1=0xCBC79180 )
(             libc.so[0xCBC2B000])[FD F7 3C ED ]0x00010E66:	BLX	#0XCBC398E0	;(PC=0xCBC3BE66 )
(             libc.so[0xCBC2B000])[BE FF FF EA ]0x0000E8E0:	B	#0XCBC397E0 ; pthread_mutex_unlock	;(PC=0xCBC398E0 )
(             libc.so[0xCBC2B000])[70 40 2D E9 ]0x0000E7E0:	PUSH	{R4, R5, R6, LR}	;(SP=0x100FFFB0 R4=0x0000001B R5=0x00000000 R6=0x30000410 LR=0xCBC3BE6B )
(             libc.so[0xCBC2B000])[00 40 50 E2 ]0x0000E7E4:	SUBS	R4, R0, #0	;(R0=0xCBC79340 )
(             libc.so[0xCBC2B000])[08 D0 4D E2 ]0x0000E7E8:	SUB	SP, SP, #8	;(SP=0x100FFFA0 )
(             libc.so[0xCBC2B000])[2B 00 00 0A ]0x0000E7EC:	BEQ	#0XCBC398A0	;(PC=0xCBC397EC )
(             libc.so[0xCBC2B000])[00 50 94 E5 ]0x0000E7F0:	LDR	R5, [R4]	;(R4=0xCBC79340 )
(             libc.so[0xCBC2B000])[03 69 15 E2 ]0x0000E7F4:	ANDS	R6, R5, #0XC000	;(R5=0x00000001 )
(             libc.so[0xCBC2B000])[02 1A 05 E2 ]0x0000E7F8:	AND	R1, R5, #0X2000	;(R5=0x00000001 )
(             libc.so[0xCBC2B000])[11 00 00 1A ]0x0000E7FC:	BNE	#0XCBC39848	;(PC=0xCBC397FC )
(             libc.so[0xCBC2B000])[5F F0 7F F5 ]0x0000E800:	DMB	SY
(             libc.so[0xCBC2B000])[9F 2F 94 E1 ]0x0000E804:	LDREX	R2, [R4]	;(R4=0xCBC79340 )
(             libc.so[0xCBC2B000])[01 30 42 E2 ]0x0000E808:	SUB	R3, R2, #1	;(R2=0x00000001 )
(             libc.so[0xCBC2B000])[93 5F 84 E1 ]0x0000E80C:	STREX	R5, R3, [R4]	;(R3=0x00000000 R4=0xCBC79340 )
(             libc.so[0xCBC2B000])[00 00 55 E3 ]0x0000E810:	CMP	R5, #0	;(R5=0x00000000 )
(             libc.so[0xCBC2B000])[FA FF FF 1A ]0x0000E814:	BNE	#0XCBC39804	;(PC=0xCBC39814 )
(             libc.so[0xCBC2B000])[01 C0 81 E3 ]0x0000E818:	ORR	IP, R1, #1	;(R1=0x00000000 )
(             libc.so[0xCBC2B000])[0C 00 52 E1 ]0x0000E81C:	CMP	R2, IP	;(R2=0x00000001 IP=0x00000001 )
(             libc.so[0xCBC2B000])[06 00 00 0A ]0x0000E820:	BEQ	#0XCBC39840	;(PC=0xCBC39820 )
(             libc.so[0xCBC2B000])[00 00 A0 E3 ]0x0000E840:	MOV	R0, #0
(             libc.so[0xCBC2B000])[FB FF FF EA ]0x0000E844:	B	#0XCBC39838	;(PC=0xCBC39844 )
(             libc.so[0xCBC2B000])[08 D0 8D E2 ]0x0000E838:	ADD	SP, SP, #8	;(SP=0x100FFF98 )
(             libc.so[0xCBC2B000])[70 80 BD E8 ]0x0000E83C:	POP	{R4, R5, R6, PC}	;(SP=0x100FFFA0 )
(             libc.so[0xCBC2B000])[3A E0       ]0x00010E6A:	B	#0XCBC3BEE2
(             libc.so[0xCBC2B000])[30 46       ]0x00010EE2:	MOV	R0, R6	;(R6=0x30000410 )
(             libc.so[0xCBC2B000])[BD E8 FE 8F ]0x00010EE4:	POP.W	{R1, R2, R3, R4, R5, R6, R7, R8, SB, SL, FP, PC}	;(SP=0x100FFFB0 )
(             libc.so[0xCBC2B000])[08 BD       ]0x0000DBF8:	POP	{R3, PC}	;(SP=0x100FFFE0 )
(        libstdc++.so[0xCBC8F000])[08 B9       ]0x0000091E:	CBNZ	R0, #0XCBC8F924	;(R0=0x30000410 )
(        libstdc++.so[0xCBC8F000])[08 BD       ]0x00000924:	POP	{R3, PC}	;(SP=0x100FFFE8 )
(  libmakeurl2.4.9.so[0xCBBCB000])[05 46       ]0x00001916:	MOV	R5, R0	;(R0=0x30000410 )
(  libmakeurl2.4.9.so[0xCBBCB000])[1B F0 9E F8 ]0x00001918:	BL	#0XCBBE7A58	;(PC=0xCBBCC918 )
(  libmakeurl2.4.9.so[0xCBBCB000])[07 49       ]0x0001CA58:	LDR	R1, [PC, #0X1C]	;(PC=0xCBBE7A58 )
(  libmakeurl2.4.9.so[0xCBBCB000])[02 46       ]0x0001CA5A:	MOV	R2, R0	;(R0=0x30000410 )
(  libmakeurl2.4.9.so[0xCBBCB000])[79 44       ]0x0001CA5C:	ADD	R1, PC	;(R1=0x000282D8 PC=0xCBBE7A5C )
(  libmakeurl2.4.9.so[0xCBBCB000])[08 31       ]0x0001CA5E:	ADDS	R1, #8	;(R1=0xCBC0FD38 )
(  libmakeurl2.4.9.so[0xCBBCB000])[01 60       ]0x0001CA60:	STR	R1, [R0]	;(R1=0xCBC0FD40 R0=0x30000410 )
(  libmakeurl2.4.9.so[0xCBBCB000])[00 21       ]0x0001CA62:	MOVS	R1, #0
(  libmakeurl2.4.9.so[0xCBBCB000])[42 F8 08 1F ]0x0001CA64:	STR	R1, [R2, #8]!	;(R1=0x00000000 R2=0x30000410 )
(  libmakeurl2.4.9.so[0xCBBCB000])[C1 60       ]0x0001CA68:	STR	R1, [R0, #0XC]	;(R1=0x00000000 R0=0x30000410 )
(  libmakeurl2.4.9.so[0xCBBCB000])[45 F2 78 61 ]0x0001CA6A:	MOVW	R1, #0X5678
(  libmakeurl2.4.9.so[0xCBBCB000])[C1 F2 34 21 ]0x0001CA6E:	MOVT	R1, #0X1234	;(R1=0x00005678 )
(  libmakeurl2.4.9.so[0xCBBCB000])[42 60       ]0x0001CA72:	STR	R2, [R0, #4]	;(R2=0x30000418 R0=0x30000410 )
(  libmakeurl2.4.9.so[0xCBBCB000])[01 61       ]0x0001CA74:	STR	R1, [R0, #0X10]	;(R1=0x12345678 R0=0x30000410 )
(  libmakeurl2.4.9.so[0xCBBCB000])[70 47       ]0x0001CA76:	BX	LR	;(LR=0xCBBCC91D )
(  libmakeurl2.4.9.so[0xCBBCB000])[67 48       ]0x0000191C:	LDR	R0, [PC, #0X19C]	;(PC=0xCBBCC91C )
(  libmakeurl2.4.9.so[0xCBBCB000])[78 44       ]0x0000191E:	ADD	R0, PC	;(R0=0x00043932 PC=0xCBBCC91E )
(  libmakeurl2.4.9.so[0xCBBCB000])[05 60       ]0x00001920:	STR	R5, [R0]	;(R5=0x30000410 R0=0xCBC10254 )
(  libmakeurl2.4.9.so[0xCBBCB000])[14 20       ]0x00001922:	MOVS	R0, #0X14
(  libmakeurl2.4.9.so[0xCBBCB000])[FF F7 AA ED ]0x00001924:	BLX	#0XCBBCC47C	;(PC=0xCBBCC924 )
(  libmakeurl2.4.9.so[0xCBBCB000])[00 C6 8F E2 ]0x0000147C:	ADD	IP, PC, #0, #12	;(PC=0xCBBCC47C )
(  libmakeurl2.4.9.so[0xCBBCB000])[43 CA 8C E2 ]0x00001480:	ADD	IP, IP, #0X43000	;(IP=0xCBBCC484 )
(  libmakeurl2.4.9.so[0xCBBCB000])[00 FB BC E5 ]0x00001484:	LDR	PC, [IP, #0XB00]!	;(IP=0xCBC0F484 )
(        libstdc++.so[0xCBC8F000])[08 B5       ]0x00000918:	PUSH	{R3, LR} ; _Znaj	;(SP=0x100FFFF0 R3=0x00000000 LR=0xCBBCC929 )
(        libstdc++.so[0xCBC8F000])[FF F7 6E EF ]0x0000091A:	BLX	#0XCBC8F7F8	;(PC=0xCBC8F91A )
(        libstdc++.so[0xCBC8F000])[00 C6 8F E2 ]0x000007F8:	ADD	IP, PC, #0, #12	;(PC=0xCBC8F7F8 )
(        libstdc++.so[0xCBC8F000])[01 CA 8C E2 ]0x000007FC:	ADD	IP, IP, #0X1000	;(IP=0xCBC8F800 )
(        libstdc++.so[0xCBC8F000])[F0 F7 BC E5 ]0x00000800:	LDR	PC, [IP, #0X7F0]!	;(IP=0xCBC90800 )
(             libc.so[0xCBC2B000])[08 B5       ]0x0000DBEC:	PUSH	{R3, LR} ; malloc	;(SP=0x100FFFE8 R3=0x00000000 LR=0xCBC8F91F )
(             libc.so[0xCBC2B000])[03 4B       ]0x0000DBEE:	LDR	R3, [PC, #0XC]	;(PC=0xCBC38BEE )
(             libc.so[0xCBC2B000])[7B 44       ]0x0000DBF0:	ADD	R3, PC	;(R3=0x0003C40C PC=0xCBC38BF0 )
(             libc.so[0xCBC2B000])[19 68       ]0x0000DBF2:	LDR	R1, [R3]	;(R3=0xCBC75000 )
(             libc.so[0xCBC2B000])[0A 68       ]0x0000DBF4:	LDR	R2, [R1]	;(R1=0xCBC74E00 )
(             libc.so[0xCBC2B000])[90 47       ]0x0000DBF6:	BLX	R2	;(PC=0xCBC38BF6 R2=0xCBC3ADCD )
(             libc.so[0xCBC2B000])[DF F8 A4 3B ]0x0000FDCC:	LDR.W	R3, [PC, #0XBA4] ; dlmalloc	;(PC=0xCBC3ADCC )
(             libc.so[0xCBC2B000])[2D E9 F7 4F ]0x0000FDD0:	PUSH.W	{R0, R1, R2, R4, R5, R6, R7, R8, SB, SL, FP, LR}	;(SP=0x100FFFE0 R0=0x00000014 R1=0xCBC74E00 R2=0xCBC3ADCD R4=0x00000000 R5=0x30000410 R6=0x00000000 R7=0x100FFFF8 R8=0x00000000 SB=0x00000000 SL=0x00000000 FP=0x00000000 LR=0xCBC38BF9 )
(             libc.so[0xCBC2B000])[7B 44       ]0x0000FDD4:	ADD	R3, PC	;(R3=0x0003E588 PC=0xCBC3ADD4 )
(             libc.so[0xCBC2B000])[04 46       ]0x0000FDD6:	MOV	R4, R0	;(R0=0x00000014 )
(             libc.so[0xCBC2B000])[18 68       ]0x0000FDD8:	LDR	R0, [R3]	;(R3=0xCBC79360 )
(             libc.so[0xCBC2B000])[08 B9       ]0x0000FDDA:	CBNZ	R0, #0XCBC3ADE0	;(R0=0x0B13C7D8 )
(             libc.so[0xCBC2B000])[DF F8 94 1B ]0x0000FDE0:	LDR.W	R1, [PC, #0XB94]	;(PC=0xCBC3ADE0 )
(             libc.so[0xCBC2B000])[79 44       ]0x0000FDE4:	ADD	R1, PC	;(R1=0x0003E398 PC=0xCBC3ADE4 )
(             libc.so[0xCBC2B000])[D1 F8 BC 21 ]0x0000FDE6:	LDR.W	R2, [R1, #0X1BC]	;(R1=0xCBC79180 )
(             libc.so[0xCBC2B000])[93 07       ]0x0000FDEA:	LSLS	R3, R2, #0X1E	;(R2=0x00000007 )
(             libc.so[0xCBC2B000])[02 D4       ]0x0000FDEC:	BMI	#0XCBC3ADF4
(             libc.so[0xCBC2B000])[01 F5 E0 70 ]0x0000FDF4:	ADD.W	R0, R1, #0X1C0	;(R1=0xCBC79180 )
(             libc.so[0xCBC2B000])[00 26       ]0x0000FDF8:	MOVS	R6, #0
(             libc.so[0xCBC2B000])[FE F7 F0 EC ]0x0000FDFA:	BLX	#0XCBC397DC	;(PC=0xCBC3ADFA )
(             libc.so[0xCBC2B000])[90 FF FF EA ]0x0000E7DC:	B	#0XCBC39624 ; pthread_mutex_lock	;(PC=0xCBC397DC )
(             libc.so[0xCBC2B000])[F0 41 2D E9 ]0x0000E624:	PUSH	{R4, R5, R6, R7, R8, LR}	;(SP=0x100FFFB0 R4=0x00000014 R5=0x30000410 R6=0x00000000 R7=0x100FFFF8 R8=0x00000000 LR=0xCBC3ADFF )
(             libc.so[0xCBC2B000])[00 40 50 E2 ]0x0000E628:	SUBS	R4, R0, #0	;(R0=0xCBC79340 )
(             libc.so[0xCBC2B000])[1B 00 00 0A ]0x0000E62C:	BEQ	#0XCBC396A0	;(PC=0xCBC3962C )
(             libc.so[0xCBC2B000])[00 50 94 E5 ]0x0000E630:	LDR	R5, [R4]	;(R4=0xCBC79340 )
(             libc.so[0xCBC2B000])[03 79 15 E2 ]0x0000E634:	ANDS	R7, R5, #0XC000	;(R5=0x00000000 )
(             libc.so[0xCBC2B000])[02 6A 05 E2 ]0x0000E638:	AND	R6, R5, #0X2000	;(R5=0x00000000 )
(             libc.so[0xCBC2B000])[19 00 00 1A ]0x0000E63C:	BNE	#0XCBC396A8	;(PC=0xCBC3963C )
(             libc.so[0xCBC2B000])[01 00 86 E3 ]0x0000E640:	ORR	R0, R6, #1	;(R6=0x00000000 )
(             libc.so[0xCBC2B000])[9F 3F 94 E1 ]0x0000E644:	LDREX	R3, [R4]	;(R4=0xCBC79340 )
(             libc.so[0xCBC2B000])[00 10 A0 E3 ]0x0000E648:	MOV	R1, #0
(             libc.so[0xCBC2B000])[06 00 33 E1 ]0x0000E64C:	TEQ	R3, R6	;(R3=0x00000000 R6=0x00000000 )
(             libc.so[0xCBC2B000])[90 1F 84 01 ]0x0000E650:	STREXEQ	R1, R0, [R4]	;(R0=0x00000001 R4=0xCBC79340 )
(             libc.so[0xCBC2B000])[00 00 51 E3 ]0x0000E654:	CMP	R1, #0	;(R1=0x00000000 )
(             libc.so[0xCBC2B000])[F9 FF FF 1A ]0x0000E658:	BNE	#0XCBC39644	;(PC=0xCBC39658 )
(             libc.so[0xCBC2B000])[03 00 56 E1 ]0x0000E65C:	CMP	R6, R3	;(R6=0x00000000 R3=0x00000000 )
(             libc.so[0xCBC2B000])[02 50 86 13 ]0x0000E660:	ORRNE	R5, R6, #2	;(R6=0x00000000 )
(             libc.so[0xCBC2B000])[01 00 00 1A ]0x0000E664:	BNE	#0XCBC39670	;(PC=0xCBC39664 )
(             libc.so[0xCBC2B000])[09 00 00 EA ]0x0000E668:	B	#0XCBC39694	;(PC=0xCBC39668 )
(             libc.so[0xCBC2B000])[5F F0 7F F5 ]0x0000E694:	DMB	SY
(             libc.so[0xCBC2B000])[00 00 A0 E3 ]0x0000E698:	MOV	R0, #0
(             libc.so[0xCBC2B000])[F0 81 BD E8 ]0x0000E69C:	POP	{R4, R5, R6, R7, R8, PC}	;(SP=0x100FFF98 )
(             libc.so[0xCBC2B000])[00 28       ]0x0000FDFE:	CMP	R0, #0	;(R0=0x00000000 )
(             libc.so[0xCBC2B000])[41 F0 6F 80 ]0x0000FE00:	BNE.W	#0XCBC3BEE2
(             libc.so[0xCBC2B000])[F3 E7       ]0x0000FE04:	B	#0XCBC3ADEE
(             libc.so[0xCBC2B000])[F4 2C       ]0x0000FDEE:	CMP	R4, #0XF4	;(R4=0x00000014 )
(             libc.so[0xCBC2B000])[09 D9       ]0x0000FDF0:	BLS	#0XCBC3AE06
(             libc.so[0xCBC2B000])[0A 2C       ]0x0000FE06:	CMP	R4, #0XA	;(R4=0x00000014 )
(             libc.so[0xCBC2B000])[03 D9       ]0x0000FE08:	BLS	#0XCBC3AE12
(             libc.so[0xCBC2B000])[0B 34       ]0x0000FE0A:	ADDS	R4, #0XB	;(R4=0x00000014 )
(             libc.so[0xCBC2B000])[24 F0 07 04 ]0x0000FE0C:	BIC	R4, R4, #7	;(R4=0x0000001F )
(             libc.so[0xCBC2B000])[00 E0       ]0x0000FE10:	B	#0XCBC3AE14
(             libc.so[0xCBC2B000])[DF F8 68 3B ]0x0000FE14:	LDR.W	R3, [PC, #0XB68]	;(PC=0xCBC3AE14 )
(             libc.so[0xCBC2B000])[E2 08       ]0x0000FE18:	LSRS	R2, R4, #3	;(R4=0x00000018 )
(             libc.so[0xCBC2B000])[7B 44       ]0x0000FE1A:	ADD	R3, PC	;(R3=0x0003E362 PC=0xCBC3AE1A )
(             libc.so[0xCBC2B000])[18 68       ]0x0000FE1C:	LDR	R0, [R3]	;(R3=0xCBC79180 )
(             libc.so[0xCBC2B000])[20 FA 02 F1 ]0x0000FE1E:	LSR.W	R1, R0, R2	;(R0=0x00000000 R2=0x00000003 )
(             libc.so[0xCBC2B000])[01 90       ]0x0000FE22:	STR	R0, [SP, #4]	;(R0=0x00000000 SP=0x100FFFB0 )
(             libc.so[0xCBC2B000])[8E 07       ]0x0000FE24:	LSLS	R6, R1, #0X1E	;(R1=0x00000000 )
(             libc.so[0xCBC2B000])[21 D0       ]0x0000FE26:	BEQ	#0XCBC3AE6C
(             libc.so[0xCBC2B000])[9D 68       ]0x0000FE6C:	LDR	R5, [R3, #8]	;(R3=0xCBC79180 )
(             libc.so[0xCBC2B000])[AC 42       ]0x0000FE6E:	CMP	R4, R5	;(R4=0x00000018 R5=0x00000000 )
(             libc.so[0xCBC2B000])[40 F2 3F 83 ]0x0000FE70:	BLS.W	#0XCBC3B4F2
(             libc.so[0xCBC2B000])[00 29       ]0x0000FE74:	CMP	R1, #0	;(R1=0x00000000 )
(             libc.so[0xCBC2B000])[74 D0       ]0x0000FE76:	BEQ	#0XCBC3AF62
(             libc.so[0xCBC2B000])[D3 F8 04 80 ]0x0000FF62:	LDR.W	R8, [R3, #4]	;(R3=0xCBC79180 )
(             libc.so[0xCBC2B000])[B8 F1 00 0F ]0x0000FF66:	CMP.W	R8, #0	;(R8=0x00000000 )
(             libc.so[0xCBC2B000])[00 F0 C2 82 ]0x0000FF6A:	BEQ.W	#0XCBC3B4F2
(             libc.so[0xCBC2B000])[DF F8 E0 34 ]0x000104F2:	LDR.W	R3, [PC, #0X4E0]	;(PC=0xCBC3B4F2 )
(             libc.so[0xCBC2B000])[7B 44       ]0x000104F6:	ADD	R3, PC	;(R3=0x0003DC86 PC=0xCBC3B4F6 )
(             libc.so[0xCBC2B000])[98 68       ]0x000104F8:	LDR	R0, [R3, #8]	;(R3=0xCBC79180 )
(             libc.so[0xCBC2B000])[84 42       ]0x000104FA:	CMP	R4, R0	;(R4=0x00000018 R0=0x00000000 )
(             libc.so[0xCBC2B000])[19 D8       ]0x000104FC:	BHI	#0XCBC3B532
(             libc.so[0xCBC2B000])[DE 68       ]0x00010532:	LDR	R6, [R3, #0XC]	;(R3=0xCBC79180 )
(             libc.so[0xCBC2B000])[B4 42       ]0x00010534:	CMP	R4, R6	;(R4=0x00000018 R6=0x00000BB8 )
(             libc.so[0xCBC2B000])[01 D2       ]0x00010536:	BHS	#0XCBC3B53C
(             libc.so[0xCBC2B000])[00 F0 7B BC ]0x00010538:	B.W	#0XCBC3BE32
(             libc.so[0xCBC2B000])[30 1B       ]0x00010E32:	SUBS	R0, R6, R4	;(R6=0x00000BB8 R4=0x00000018 )
(             libc.so[0xCBC2B000])[9E 69       ]0x00010E34:	LDR	R6, [R3, #0X18]	;(R3=0xCBC79180 )
(             libc.so[0xCBC2B000])[D8 60       ]0x00010E36:	STR	R0, [R3, #0XC]	;(R0=0x00000BA0 R3=0xCBC79180 )
(             libc.so[0xCBC2B000])[32 19       ]0x00010E38:	ADDS	R2, R6, R4	;(R6=0x30000420 R4=0x00000018 )
(             libc.so[0xCBC2B000])[9A 61       ]0x00010E3A:	STR	R2, [R3, #0X18]	;(R2=0x30000438 R3=0xCBC79180 )
(             libc.so[0xCBC2B000])[40 F0 01 03 ]0x00010E3C:	ORR	R3, R0, #1	;(R0=0x00000BA0 )
(             libc.so[0xCBC2B000])[53 60       ]0x00010E40:	STR	R3, [R2, #4]	;(R3=0x00000BA1 R2=0x30000438 )
(             libc.so[0xCBC2B000])[44 F0 03 04 ]0x00010E42:	ORR	R4, R4, #3	;(R4=0x00000018 )
(             libc.so[0xCBC2B000])[74 60       ]0x00010E46:	STR	R4, [R6, #4]	;(R4=0x0000001B R6=0x30000420 )
(             libc.so[0xCBC2B000])[08 36       ]0x00010E48:	ADDS	R6, #8	;(R6=0x30000420 )
(             libc.so[0xCBC2B000])[04 E0       ]0x00010E4A:	B	#0XCBC3BE56
(             libc.so[0xCBC2B000])[35 49       ]0x00010E56:	LDR	R1, [PC, #0XD4]	;(PC=0xCBC3BE56 )
(             libc.so[0xCBC2B000])[79 44       ]0x00010E58:	ADD	R1, PC	;(R1=0x0003D324 PC=0xCBC3BE58 )
(             libc.so[0xCBC2B000])[D1 F8 BC 21 ]0x00010E5A:	LDR.W	R2, [R1, #0X1BC]	;(R1=0xCBC79180 )
(             libc.so[0xCBC2B000])[93 07       ]0x00010E5E:	LSLS	R3, R2, #0X1E	;(R2=0x00000007 )
(             libc.so[0xCBC2B000])[3F D5       ]0x00010E60:	BPL	#0XCBC3BEE2
(             libc.so[0xCBC2B000])[01 F5 E0 70 ]0x00010E62:	ADD.W	R0, R1, #0X1C0	;(R1=0xCBC79180 )
(             libc.so[0xCBC2B000])[FD F7 3C ED ]0x00010E66:	BLX	#0XCBC398E0	;(PC=0xCBC3BE66 )
(             libc.so[0xCBC2B000])[BE FF FF EA ]0x0000E8E0:	B	#0XCBC397E0 ; pthread_mutex_unlock	;(PC=0xCBC398E0 )
(             libc.so[0xCBC2B000])[70 40 2D E9 ]0x0000E7E0:	PUSH	{R4, R5, R6, LR}	;(SP=0x100FFFB0 R4=0x0000001B R5=0x00000000 R6=0x30000428 LR=0xCBC3BE6B )
(             libc.so[0xCBC2B000])[00 40 50 E2 ]0x0000E7E4:	SUBS	R4, R0, #0	;(R0=0xCBC79340 )
(             libc.so[0xCBC2B000])[08 D0 4D E2 ]0x0000E7E8:	SUB	SP, SP, #8	;(SP=0x100FFFA0 )
(             libc.so[0xCBC2B000])[2B 00 00 0A ]0x0000E7EC:	BEQ	#0XCBC398A0	;(PC=0xCBC397EC )
(             libc.so[0xCBC2B000])[00 50 94 E5 ]0x0000E7F0:	LDR	R5, [R4]	;(R4=0xCBC79340 )
(             libc.so[0xCBC2B000])[03 69 15 E2 ]0x0000E7F4:	ANDS	R6, R5, #0XC000	;(R5=0x00000001 )
(             libc.so[0xCBC2B000])[02 1A 05 E2 ]0x0000E7F8:	AND	R1, R5, #0X2000	;(R5=0x00000001 )
(             libc.so[0xCBC2B000])[11 00 00 1A ]0x0000E7FC:	BNE	#0XCBC39848	;(PC=0xCBC397FC )
(             libc.so[0xCBC2B000])[5F F0 7F F5 ]0x0000E800:	DMB	SY
(             libc.so[0xCBC2B000])[9F 2F 94 E1 ]0x0000E804:	LDREX	R2, [R4]	;(R4=0xCBC79340 )
(             libc.so[0xCBC2B000])[01 30 42 E2 ]0x0000E808:	SUB	R3, R2, #1	;(R2=0x00000001 )
(             libc.so[0xCBC2B000])[93 5F 84 E1 ]0x0000E80C:	STREX	R5, R3, [R4]	;(R3=0x00000000 R4=0xCBC79340 )
(             libc.so[0xCBC2B000])[00 00 55 E3 ]0x0000E810:	CMP	R5, #0	;(R5=0x00000000 )
(             libc.so[0xCBC2B000])[FA FF FF 1A ]0x0000E814:	BNE	#0XCBC39804	;(PC=0xCBC39814 )
(             libc.so[0xCBC2B000])[01 C0 81 E3 ]0x0000E818:	ORR	IP, R1, #1	;(R1=0x00000000 )
(             libc.so[0xCBC2B000])[0C 00 52 E1 ]0x0000E81C:	CMP	R2, IP	;(R2=0x00000001 IP=0x00000001 )
(             libc.so[0xCBC2B000])[06 00 00 0A ]0x0000E820:	BEQ	#0XCBC39840	;(PC=0xCBC39820 )
(             libc.so[0xCBC2B000])[00 00 A0 E3 ]0x0000E840:	MOV	R0, #0
(             libc.so[0xCBC2B000])[FB FF FF EA ]0x0000E844:	B	#0XCBC39838	;(PC=0xCBC39844 )
(             libc.so[0xCBC2B000])[08 D0 8D E2 ]0x0000E838:	ADD	SP, SP, #8	;(SP=0x100FFF98 )
(             libc.so[0xCBC2B000])[70 80 BD E8 ]0x0000E83C:	POP	{R4, R5, R6, PC}	;(SP=0x100FFFA0 )
(             libc.so[0xCBC2B000])[3A E0       ]0x00010E6A:	B	#0XCBC3BEE2
(             libc.so[0xCBC2B000])[30 46       ]0x00010EE2:	MOV	R0, R6	;(R6=0x30000428 )
(             libc.so[0xCBC2B000])[BD E8 FE 8F ]0x00010EE4:	POP.W	{R1, R2, R3, R4, R5, R6, R7, R8, SB, SL, FP, PC}	;(SP=0x100FFFB0 )
(             libc.so[0xCBC2B000])[08 BD       ]0x0000DBF8:	POP	{R3, PC}	;(SP=0x100FFFE0 )
(        libstdc++.so[0xCBC8F000])[08 B9       ]0x0000091E:	CBNZ	R0, #0XCBC8F924	;(R0=0x30000428 )
(        libstdc++.so[0xCBC8F000])[08 BD       ]0x00000924:	POP	{R3, PC}	;(SP=0x100FFFE8 )
(  libmakeurl2.4.9.so[0xCBBCB000])[05 46       ]0x00001928:	MOV	R5, R0	;(R0=0x30000428 )
(  libmakeurl2.4.9.so[0xCBBCB000])[1B F0 95 F8 ]0x0000192A:	BL	#0XCBBE7A58	;(PC=0xCBBCC92A )
(  libmakeurl2.4.9.so[0xCBBCB000])[07 49       ]0x0001CA58:	LDR	R1, [PC, #0X1C]	;(PC=0xCBBE7A58 )
(  libmakeurl2.4.9.so[0xCBBCB000])[02 46       ]0x0001CA5A:	MOV	R2, R0	;(R0=0x30000428 )
(  libmakeurl2.4.9.so[0xCBBCB000])[79 44       ]0x0001CA5C:	ADD	R1, PC	;(R1=0x000282D8 PC=0xCBBE7A5C )
(  libmakeurl2.4.9.so[0xCBBCB000])[08 31       ]0x0001CA5E:	ADDS	R1, #8	;(R1=0xCBC0FD38 )
(  libmakeurl2.4.9.so[0xCBBCB000])[01 60       ]0x0001CA60:	STR	R1, [R0]	;(R1=0xCBC0FD40 R0=0x30000428 )
(  libmakeurl2.4.9.so[0xCBBCB000])[00 21       ]0x0001CA62:	MOVS	R1, #0
(  libmakeurl2.4.9.so[0xCBBCB000])[42 F8 08 1F ]0x0001CA64:	STR	R1, [R2, #8]!	;(R1=0x00000000 R2=0x30000428 )
(  libmakeurl2.4.9.so[0xCBBCB000])[C1 60       ]0x0001CA68:	STR	R1, [R0, #0XC]	;(R1=0x00000000 R0=0x30000428 )
(  libmakeurl2.4.9.so[0xCBBCB000])[45 F2 78 61 ]0x0001CA6A:	MOVW	R1, #0X5678
(  libmakeurl2.4.9.so[0xCBBCB000])[C1 F2 34 21 ]0x0001CA6E:	MOVT	R1, #0X1234	;(R1=0x00005678 )
(  libmakeurl2.4.9.so[0xCBBCB000])[42 60       ]0x0001CA72:	STR	R2, [R0, #4]	;(R2=0x30000430 R0=0x30000428 )
(  libmakeurl2.4.9.so[0xCBBCB000])[01 61       ]0x0001CA74:	STR	R1, [R0, #0X10]	;(R1=0x12345678 R0=0x30000428 )
(  libmakeurl2.4.9.so[0xCBBCB000])[70 47       ]0x0001CA76:	BX	LR	;(LR=0xCBBCC92F )
(  libmakeurl2.4.9.so[0xCBBCB000])[64 48       ]0x0000192E:	LDR	R0, [PC, #0X190]	;(PC=0xCBBCC92E )
(  libmakeurl2.4.9.so[0xCBBCB000])[78 44       ]0x00001930:	ADD	R0, PC	;(R0=0x00043924 PC=0xCBBCC930 )
(  libmakeurl2.4.9.so[0xCBBCB000])[05 60       ]0x00001932:	STR	R5, [R0]	;(R5=0x30000428 R0=0xCBC10258 )
(  libmakeurl2.4.9.so[0xCBBCB000])[14 20       ]0x00001934:	MOVS	R0, #0X14
(  libmakeurl2.4.9.so[0xCBBCB000])[FF F7 A2 ED ]0x00001936:	BLX	#0XCBBCC47C	;(PC=0xCBBCC936 )
(  libmakeurl2.4.9.so[0xCBBCB000])[00 C6 8F E2 ]0x0000147C:	ADD	IP, PC, #0, #12	;(PC=0xCBBCC47C )
(  libmakeurl2.4.9.so[0xCBBCB000])[43 CA 8C E2 ]0x00001480:	ADD	IP, IP, #0X43000	;(IP=0xCBBCC484 )
(  libmakeurl2.4.9.so[0xCBBCB000])[00 FB BC E5 ]0x00001484:	LDR	PC, [IP, #0XB00]!	;(IP=0xCBC0F484 )
(        libstdc++.so[0xCBC8F000])[08 B5       ]0x00000918:	PUSH	{R3, LR} ; _Znaj	;(SP=0x100FFFF0 R3=0x00000000 LR=0xCBBCC93B )
(        libstdc++.so[0xCBC8F000])[FF F7 6E EF ]0x0000091A:	BLX	#0XCBC8F7F8	;(PC=0xCBC8F91A )
(        libstdc++.so[0xCBC8F000])[00 C6 8F E2 ]0x000007F8:	ADD	IP, PC, #0, #12	;(PC=0xCBC8F7F8 )
(        libstdc++.so[0xCBC8F000])[01 CA 8C E2 ]0x000007FC:	ADD	IP, IP, #0X1000	;(IP=0xCBC8F800 )
(        libstdc++.so[0xCBC8F000])[F0 F7 BC E5 ]0x00000800:	LDR	PC, [IP, #0X7F0]!	;(IP=0xCBC90800 )
(             libc.so[0xCBC2B000])[08 B5       ]0x0000DBEC:	PUSH	{R3, LR} ; malloc	;(SP=0x100FFFE8 R3=0x00000000 LR=0xCBC8F91F )
(             libc.so[0xCBC2B000])[03 4B       ]0x0000DBEE:	LDR	R3, [PC, #0XC]	;(PC=0xCBC38BEE )
(             libc.so[0xCBC2B000])[7B 44       ]0x0000DBF0:	ADD	R3, PC	;(R3=0x0003C40C PC=0xCBC38BF0 )
(             libc.so[0xCBC2B000])[19 68       ]0x0000DBF2:	LDR	R1, [R3]	;(R3=0xCBC75000 )
(             libc.so[0xCBC2B000])[0A 68       ]0x0000DBF4:	LDR	R2, [R1]	;(R1=0xCBC74E00 )
(             libc.so[0xCBC2B000])[90 47       ]0x0000DBF6:	BLX	R2	;(PC=0xCBC38BF6 R2=0xCBC3ADCD )
(             libc.so[0xCBC2B000])[DF F8 A4 3B ]0x0000FDCC:	LDR.W	R3, [PC, #0XBA4] ; dlmalloc	;(PC=0xCBC3ADCC )
(             libc.so[0xCBC2B000])[2D E9 F7 4F ]0x0000FDD0:	PUSH.W	{R0, R1, R2, R4, R5, R6, R7, R8, SB, SL, FP, LR}	;(SP=0x100FFFE0 R0=0x00000014 R1=0xCBC74E00 R2=0xCBC3ADCD R4=0x00000000 R5=0x30000428 R6=0x00000000 R7=0x100FFFF8 R8=0x00000000 SB=0x00000000 SL=0x00000000 FP=0x00000000 LR=0xCBC38BF9 )
(             libc.so[0xCBC2B000])[7B 44       ]0x0000FDD4:	ADD	R3, PC	;(R3=0x0003E588 PC=0xCBC3ADD4 )
(             libc.so[0xCBC2B000])[04 46       ]0x0000FDD6:	MOV	R4, R0	;(R0=0x00000014 )
(             libc.so[0xCBC2B000])[18 68       ]0x0000FDD8:	LDR	R0, [R3]	;(R3=0xCBC79360 )
(             libc.so[0xCBC2B000])[08 B9       ]0x0000FDDA:	CBNZ	R0, #0XCBC3ADE0	;(R0=0x0B13C7D8 )
(             libc.so[0xCBC2B000])[DF F8 94 1B ]0x0000FDE0:	LDR.W	R1, [PC, #0XB94]	;(PC=0xCBC3ADE0 )
(             libc.so[0xCBC2B000])[79 44       ]0x0000FDE4:	ADD	R1, PC	;(R1=0x0003E398 PC=0xCBC3ADE4 )
(             libc.so[0xCBC2B000])[D1 F8 BC 21 ]0x0000FDE6:	LDR.W	R2, [R1, #0X1BC]	;(R1=0xCBC79180 )
(             libc.so[0xCBC2B000])[93 07       ]0x0000FDEA:	LSLS	R3, R2, #0X1E	;(R2=0x00000007 )
(             libc.so[0xCBC2B000])[02 D4       ]0x0000FDEC:	BMI	#0XCBC3ADF4
(             libc.so[0xCBC2B000])[01 F5 E0 70 ]0x0000FDF4:	ADD.W	R0, R1, #0X1C0	;(R1=0xCBC79180 )
(             libc.so[0xCBC2B000])[00 26       ]0x0000FDF8:	MOVS	R6, #0
(             libc.so[0xCBC2B000])[FE F7 F0 EC ]0x0000FDFA:	BLX	#0XCBC397DC	;(PC=0xCBC3ADFA )
(             libc.so[0xCBC2B000])[90 FF FF EA ]0x0000E7DC:	B	#0XCBC39624 ; pthread_mutex_lock	;(PC=0xCBC397DC )
(             libc.so[0xCBC2B000])[F0 41 2D E9 ]0x0000E624:	PUSH	{R4, R5, R6, R7, R8, LR}	;(SP=0x100FFFB0 R4=0x00000014 R5=0x30000428 R6=0x00000000 R7=0x100FFFF8 R8=0x00000000 LR=0xCBC3ADFF )
(             libc.so[0xCBC2B000])[00 40 50 E2 ]0x0000E628:	SUBS	R4, R0, #0	;(R0=0xCBC79340 )
(             libc.so[0xCBC2B000])[1B 00 00 0A ]0x0000E62C:	BEQ	#0XCBC396A0	;(PC=0xCBC3962C )
(             libc.so[0xCBC2B000])[00 50 94 E5 ]0x0000E630:	LDR	R5, [R4]	;(R4=0xCBC79340 )
(             libc.so[0xCBC2B000])[03 79 15 E2 ]0x0000E634:	ANDS	R7, R5, #0XC000	;(R5=0x00000000 )
(             libc.so[0xCBC2B000])[02 6A 05 E2 ]0x0000E638:	AND	R6, R5, #0X2000	;(R5=0x00000000 )
(             libc.so[0xCBC2B000])[19 00 00 1A ]0x0000E63C:	BNE	#0XCBC396A8	;(PC=0xCBC3963C )
(             libc.so[0xCBC2B000])[01 00 86 E3 ]0x0000E640:	ORR	R0, R6, #1	;(R6=0x00000000 )
(             libc.so[0xCBC2B000])[9F 3F 94 E1 ]0x0000E644:	LDREX	R3, [R4]	;(R4=0xCBC79340 )
(             libc.so[0xCBC2B000])[00 10 A0 E3 ]0x0000E648:	MOV	R1, #0
(             libc.so[0xCBC2B000])[06 00 33 E1 ]0x0000E64C:	TEQ	R3, R6	;(R3=0x00000000 R6=0x00000000 )
(             libc.so[0xCBC2B000])[90 1F 84 01 ]0x0000E650:	STREXEQ	R1, R0, [R4]	;(R0=0x00000001 R4=0xCBC79340 )
(             libc.so[0xCBC2B000])[00 00 51 E3 ]0x0000E654:	CMP	R1, #0	;(R1=0x00000000 )
(             libc.so[0xCBC2B000])[F9 FF FF 1A ]0x0000E658:	BNE	#0XCBC39644	;(PC=0xCBC39658 )
(             libc.so[0xCBC2B000])[03 00 56 E1 ]0x0000E65C:	CMP	R6, R3	;(R6=0x00000000 R3=0x00000000 )
(             libc.so[0xCBC2B000])[02 50 86 13 ]0x0000E660:	ORRNE	R5, R6, #2	;(R6=0x00000000 )
(             libc.so[0xCBC2B000])[01 00 00 1A ]0x0000E664:	BNE	#0XCBC39670	;(PC=0xCBC39664 )
(             libc.so[0xCBC2B000])[09 00 00 EA ]0x0000E668:	B	#0XCBC39694	;(PC=0xCBC39668 )
(             libc.so[0xCBC2B000])[5F F0 7F F5 ]0x0000E694:	DMB	SY
(             libc.so[0xCBC2B000])[00 00 A0 E3 ]0x0000E698:	MOV	R0, #0
(             libc.so[0xCBC2B000])[F0 81 BD E8 ]0x0000E69C:	POP	{R4, R5, R6, R7, R8, PC}	;(SP=0x100FFF98 )
(             libc.so[0xCBC2B000])[00 28       ]0x0000FDFE:	CMP	R0, #0	;(R0=0x00000000 )
(             libc.so[0xCBC2B000])[41 F0 6F 80 ]0x0000FE00:	BNE.W	#0XCBC3BEE2
(             libc.so[0xCBC2B000])[F3 E7       ]0x0000FE04:	B	#0XCBC3ADEE
(             libc.so[0xCBC2B000])[F4 2C       ]0x0000FDEE:	CMP	R4, #0XF4	;(R4=0x00000014 )
(             libc.so[0xCBC2B000])[09 D9       ]0x0000FDF0:	BLS	#0XCBC3AE06
(             libc.so[0xCBC2B000])[0A 2C       ]0x0000FE06:	CMP	R4, #0XA	;(R4=0x00000014 )
(             libc.so[0xCBC2B000])[03 D9       ]0x0000FE08:	BLS	#0XCBC3AE12
(             libc.so[0xCBC2B000])[0B 34       ]0x0000FE0A:	ADDS	R4, #0XB	;(R4=0x00000014 )
(             libc.so[0xCBC2B000])[24 F0 07 04 ]0x0000FE0C:	BIC	R4, R4, #7	;(R4=0x0000001F )
(             libc.so[0xCBC2B000])[00 E0       ]0x0000FE10:	B	#0XCBC3AE14
(             libc.so[0xCBC2B000])[DF F8 68 3B ]0x0000FE14:	LDR.W	R3, [PC, #0XB68]	;(PC=0xCBC3AE14 )
(             libc.so[0xCBC2B000])[E2 08       ]0x0000FE18:	LSRS	R2, R4, #3	;(R4=0x00000018 )
(             libc.so[0xCBC2B000])[7B 44       ]0x0000FE1A:	ADD	R3, PC	;(R3=0x0003E362 PC=0xCBC3AE1A )
(             libc.so[0xCBC2B000])[18 68       ]0x0000FE1C:	LDR	R0, [R3]	;(R3=0xCBC79180 )
(             libc.so[0xCBC2B000])[20 FA 02 F1 ]0x0000FE1E:	LSR.W	R1, R0, R2	;(R0=0x00000000 R2=0x00000003 )
(             libc.so[0xCBC2B000])[01 90       ]0x0000FE22:	STR	R0, [SP, #4]	;(R0=0x00000000 SP=0x100FFFB0 )
(             libc.so[0xCBC2B000])[8E 07       ]0x0000FE24:	LSLS	R6, R1, #0X1E	;(R1=0x00000000 )
(             libc.so[0xCBC2B000])[21 D0       ]0x0000FE26:	BEQ	#0XCBC3AE6C
(             libc.so[0xCBC2B000])[9D 68       ]0x0000FE6C:	LDR	R5, [R3, #8]	;(R3=0xCBC79180 )
(             libc.so[0xCBC2B000])[AC 42       ]0x0000FE6E:	CMP	R4, R5	;(R4=0x00000018 R5=0x00000000 )
(             libc.so[0xCBC2B000])[40 F2 3F 83 ]0x0000FE70:	BLS.W	#0XCBC3B4F2
(             libc.so[0xCBC2B000])[00 29       ]0x0000FE74:	CMP	R1, #0	;(R1=0x00000000 )
(             libc.so[0xCBC2B000])[74 D0       ]0x0000FE76:	BEQ	#0XCBC3AF62
(             libc.so[0xCBC2B000])[D3 F8 04 80 ]0x0000FF62:	LDR.W	R8, [R3, #4]	;(R3=0xCBC79180 )
(             libc.so[0xCBC2B000])[B8 F1 00 0F ]0x0000FF66:	CMP.W	R8, #0	;(R8=0x00000000 )
(             libc.so[0xCBC2B000])[00 F0 C2 82 ]0x0000FF6A:	BEQ.W	#0XCBC3B4F2
(             libc.so[0xCBC2B000])[DF F8 E0 34 ]0x000104F2:	LDR.W	R3, [PC, #0X4E0]	;(PC=0xCBC3B4F2 )
(             libc.so[0xCBC2B000])[7B 44       ]0x000104F6:	ADD	R3, PC	;(R3=0x0003DC86 PC=0xCBC3B4F6 )
(             libc.so[0xCBC2B000])[98 68       ]0x000104F8:	LDR	R0, [R3, #8]	;(R3=0xCBC79180 )
(             libc.so[0xCBC2B000])[84 42       ]0x000104FA:	CMP	R4, R0	;(R4=0x00000018 R0=0x00000000 )
(             libc.so[0xCBC2B000])[19 D8       ]0x000104FC:	BHI	#0XCBC3B532
(             libc.so[0xCBC2B000])[DE 68       ]0x00010532:	LDR	R6, [R3, #0XC]	;(R3=0xCBC79180 )
(             libc.so[0xCBC2B000])[B4 42       ]0x00010534:	CMP	R4, R6	;(R4=0x00000018 R6=0x00000BA0 )
(             libc.so[0xCBC2B000])[01 D2       ]0x00010536:	BHS	#0XCBC3B53C
(             libc.so[0xCBC2B000])[00 F0 7B BC ]0x00010538:	B.W	#0XCBC3BE32
(             libc.so[0xCBC2B000])[30 1B       ]0x00010E32:	SUBS	R0, R6, R4	;(R6=0x00000BA0 R4=0x00000018 )
(             libc.so[0xCBC2B000])[9E 69       ]0x00010E34:	LDR	R6, [R3, #0X18]	;(R3=0xCBC79180 )
(             libc.so[0xCBC2B000])[D8 60       ]0x00010E36:	STR	R0, [R3, #0XC]	;(R0=0x00000B88 R3=0xCBC79180 )
(             libc.so[0xCBC2B000])[32 19       ]0x00010E38:	ADDS	R2, R6, R4	;(R6=0x30000438 R4=0x00000018 )
(             libc.so[0xCBC2B000])[9A 61       ]0x00010E3A:	STR	R2, [R3, #0X18]	;(R2=0x30000450 R3=0xCBC79180 )
(             libc.so[0xCBC2B000])[40 F0 01 03 ]0x00010E3C:	ORR	R3, R0, #1	;(R0=0x00000B88 )
(             libc.so[0xCBC2B000])[53 60       ]0x00010E40:	STR	R3, [R2, #4]	;(R3=0x00000B89 R2=0x30000450 )
(             libc.so[0xCBC2B000])[44 F0 03 04 ]0x00010E42:	ORR	R4, R4, #3	;(R4=0x00000018 )
(             libc.so[0xCBC2B000])[74 60       ]0x00010E46:	STR	R4, [R6, #4]	;(R4=0x0000001B R6=0x30000438 )
(             libc.so[0xCBC2B000])[08 36       ]0x00010E48:	ADDS	R6, #8	;(R6=0x30000438 )
(             libc.so[0xCBC2B000])[04 E0       ]0x00010E4A:	B	#0XCBC3BE56
(             libc.so[0xCBC2B000])[35 49       ]0x00010E56:	LDR	R1, [PC, #0XD4]	;(PC=0xCBC3BE56 )
(             libc.so[0xCBC2B000])[79 44       ]0x00010E58:	ADD	R1, PC	;(R1=0x0003D324 PC=0xCBC3BE58 )
(             libc.so[0xCBC2B000])[D1 F8 BC 21 ]0x00010E5A:	LDR.W	R2, [R1, #0X1BC]	;(R1=0xCBC79180 )
(             libc.so[0xCBC2B000])[93 07       ]0x00010E5E:	LSLS	R3, R2, #0X1E	;(R2=0x00000007 )
(             libc.so[0xCBC2B000])[3F D5       ]0x00010E60:	BPL	#0XCBC3BEE2
(             libc.so[0xCBC2B000])[01 F5 E0 70 ]0x00010E62:	ADD.W	R0, R1, #0X1C0	;(R1=0xCBC79180 )
(             libc.so[0xCBC2B000])[FD F7 3C ED ]0x00010E66:	BLX	#0XCBC398E0	;(PC=0xCBC3BE66 )
(             libc.so[0xCBC2B000])[BE FF FF EA ]0x0000E8E0:	B	#0XCBC397E0 ; pthread_mutex_unlock	;(PC=0xCBC398E0 )
(             libc.so[0xCBC2B000])[70 40 2D E9 ]0x0000E7E0:	PUSH	{R4, R5, R6, LR}	;(SP=0x100FFFB0 R4=0x0000001B R5=0x00000000 R6=0x30000440 LR=0xCBC3BE6B )
(             libc.so[0xCBC2B000])[00 40 50 E2 ]0x0000E7E4:	SUBS	R4, R0, #0	;(R0=0xCBC79340 )
(             libc.so[0xCBC2B000])[08 D0 4D E2 ]0x0000E7E8:	SUB	SP, SP, #8	;(SP=0x100FFFA0 )
(             libc.so[0xCBC2B000])[2B 00 00 0A ]0x0000E7EC:	BEQ	#0XCBC398A0	;(PC=0xCBC397EC )
(             libc.so[0xCBC2B000])[00 50 94 E5 ]0x0000E7F0:	LDR	R5, [R4]	;(R4=0xCBC79340 )
(             libc.so[0xCBC2B000])[03 69 15 E2 ]0x0000E7F4:	ANDS	R6, R5, #0XC000	;(R5=0x00000001 )
(             libc.so[0xCBC2B000])[02 1A 05 E2 ]0x0000E7F8:	AND	R1, R5, #0X2000	;(R5=0x00000001 )
(             libc.so[0xCBC2B000])[11 00 00 1A ]0x0000E7FC:	BNE	#0XCBC39848	;(PC=0xCBC397FC )
(             libc.so[0xCBC2B000])[5F F0 7F F5 ]0x0000E800:	DMB	SY
(             libc.so[0xCBC2B000])[9F 2F 94 E1 ]0x0000E804:	LDREX	R2, [R4]	;(R4=0xCBC79340 )
(             libc.so[0xCBC2B000])[01 30 42 E2 ]0x0000E808:	SUB	R3, R2, #1	;(R2=0x00000001 )
(             libc.so[0xCBC2B000])[93 5F 84 E1 ]0x0000E80C:	STREX	R5, R3, [R4]	;(R3=0x00000000 R4=0xCBC79340 )
(             libc.so[0xCBC2B000])[00 00 55 E3 ]0x0000E810:	CMP	R5, #0	;(R5=0x00000000 )
(             libc.so[0xCBC2B000])[FA FF FF 1A ]0x0000E814:	BNE	#0XCBC39804	;(PC=0xCBC39814 )
(             libc.so[0xCBC2B000])[01 C0 81 E3 ]0x0000E818:	ORR	IP, R1, #1	;(R1=0x00000000 )
(             libc.so[0xCBC2B000])[0C 00 52 E1 ]0x0000E81C:	CMP	R2, IP	;(R2=0x00000001 IP=0x00000001 )
(             libc.so[0xCBC2B000])[06 00 00 0A ]0x0000E820:	BEQ	#0XCBC39840	;(PC=0xCBC39820 )
(             libc.so[0xCBC2B000])[00 00 A0 E3 ]0x0000E840:	MOV	R0, #0
(             libc.so[0xCBC2B000])[FB FF FF EA ]0x0000E844:	B	#0XCBC39838	;(PC=0xCBC39844 )
(             libc.so[0xCBC2B000])[08 D0 8D E2 ]0x0000E838:	ADD	SP, SP, #8	;(SP=0x100FFF98 )
(             libc.so[0xCBC2B000])[70 80 BD E8 ]0x0000E83C:	POP	{R4, R5, R6, PC}	;(SP=0x100FFFA0 )
(             libc.so[0xCBC2B000])[3A E0       ]0x00010E6A:	B	#0XCBC3BEE2
(             libc.so[0xCBC2B000])[30 46       ]0x00010EE2:	MOV	R0, R6	;(R6=0x30000440 )
(             libc.so[0xCBC2B000])[BD E8 FE 8F ]0x00010EE4:	POP.W	{R1, R2, R3, R4, R5, R6, R7, R8, SB, SL, FP, PC}	;(SP=0x100FFFB0 )
(             libc.so[0xCBC2B000])[08 BD       ]0x0000DBF8:	POP	{R3, PC}	;(SP=0x100FFFE0 )
(        libstdc++.so[0xCBC8F000])[08 B9       ]0x0000091E:	CBNZ	R0, #0XCBC8F924	;(R0=0x30000440 )
(        libstdc++.so[0xCBC8F000])[08 BD       ]0x00000924:	POP	{R3, PC}	;(SP=0x100FFFE8 )
(  libmakeurl2.4.9.so[0xCBBCB000])[05 46       ]0x0000193A:	MOV	R5, R0	;(R0=0x30000440 )
(  libmakeurl2.4.9.so[0xCBBCB000])[1B F0 8C F8 ]0x0000193C:	BL	#0XCBBE7A58	;(PC=0xCBBCC93C )
(  libmakeurl2.4.9.so[0xCBBCB000])[07 49       ]0x0001CA58:	LDR	R1, [PC, #0X1C]	;(PC=0xCBBE7A58 )
(  libmakeurl2.4.9.so[0xCBBCB000])[02 46       ]0x0001CA5A:	MOV	R2, R0	;(R0=0x30000440 )
(  libmakeurl2.4.9.so[0xCBBCB000])[79 44       ]0x0001CA5C:	ADD	R1, PC	;(R1=0x000282D8 PC=0xCBBE7A5C )
(  libmakeurl2.4.9.so[0xCBBCB000])[08 31       ]0x0001CA5E:	ADDS	R1, #8	;(R1=0xCBC0FD38 )
(  libmakeurl2.4.9.so[0xCBBCB000])[01 60       ]0x0001CA60:	STR	R1, [R0]	;(R1=0xCBC0FD40 R0=0x30000440 )
(  libmakeurl2.4.9.so[0xCBBCB000])[00 21       ]0x0001CA62:	MOVS	R1, #0
(  libmakeurl2.4.9.so[0xCBBCB000])[42 F8 08 1F ]0x0001CA64:	STR	R1, [R2, #8]!	;(R1=0x00000000 R2=0x30000440 )
(  libmakeurl2.4.9.so[0xCBBCB000])[C1 60       ]0x0001CA68:	STR	R1, [R0, #0XC]	;(R1=0x00000000 R0=0x30000440 )
(  libmakeurl2.4.9.so[0xCBBCB000])[45 F2 78 61 ]0x0001CA6A:	MOVW	R1, #0X5678
(  libmakeurl2.4.9.so[0xCBBCB000])[C1 F2 34 21 ]0x0001CA6E:	MOVT	R1, #0X1234	;(R1=0x00005678 )
(  libmakeurl2.4.9.so[0xCBBCB000])[42 60       ]0x0001CA72:	STR	R2, [R0, #4]	;(R2=0x30000448 R0=0x30000440 )
(  libmakeurl2.4.9.so[0xCBBCB000])[01 61       ]0x0001CA74:	STR	R1, [R0, #0X10]	;(R1=0x12345678 R0=0x30000440 )
(  libmakeurl2.4.9.so[0xCBBCB000])[70 47       ]0x0001CA76:	BX	LR	;(LR=0xCBBCC941 )
(  libmakeurl2.4.9.so[0xCBBCB000])[60 48       ]0x00001940:	LDR	R0, [PC, #0X180]	;(PC=0xCBBCC940 )
(  libmakeurl2.4.9.so[0xCBBCB000])[78 44       ]0x00001942:	ADD	R0, PC	;(R0=0x00043916 PC=0xCBBCC942 )
(  libmakeurl2.4.9.so[0xCBBCB000])[05 60       ]0x00001944:	STR	R5, [R0]	;(R5=0x30000440 R0=0xCBC1025C )
(  libmakeurl2.4.9.so[0xCBBCB000])[14 20       ]0x00001946:	MOVS	R0, #0X14
(  libmakeurl2.4.9.so[0xCBBCB000])[FF F7 98 ED ]0x00001948:	BLX	#0XCBBCC47C	;(PC=0xCBBCC948 )
(  libmakeurl2.4.9.so[0xCBBCB000])[00 C6 8F E2 ]0x0000147C:	ADD	IP, PC, #0, #12	;(PC=0xCBBCC47C )
(  libmakeurl2.4.9.so[0xCBBCB000])[43 CA 8C E2 ]0x00001480:	ADD	IP, IP, #0X43000	;(IP=0xCBBCC484 )
(  libmakeurl2.4.9.so[0xCBBCB000])[00 FB BC E5 ]0x00001484:	LDR	PC, [IP, #0XB00]!	;(IP=0xCBC0F484 )
(        libstdc++.so[0xCBC8F000])[08 B5       ]0x00000918:	PUSH	{R3, LR} ; _Znaj	;(SP=0x100FFFF0 R3=0x00000000 LR=0xCBBCC94D )
(        libstdc++.so[0xCBC8F000])[FF F7 6E EF ]0x0000091A:	BLX	#0XCBC8F7F8	;(PC=0xCBC8F91A )
(        libstdc++.so[0xCBC8F000])[00 C6 8F E2 ]0x000007F8:	ADD	IP, PC, #0, #12	;(PC=0xCBC8F7F8 )
(        libstdc++.so[0xCBC8F000])[01 CA 8C E2 ]0x000007FC:	ADD	IP, IP, #0X1000	;(IP=0xCBC8F800 )
(        libstdc++.so[0xCBC8F000])[F0 F7 BC E5 ]0x00000800:	LDR	PC, [IP, #0X7F0]!	;(IP=0xCBC90800 )
(             libc.so[0xCBC2B000])[08 B5       ]0x0000DBEC:	PUSH	{R3, LR} ; malloc	;(SP=0x100FFFE8 R3=0x00000000 LR=0xCBC8F91F )
(             libc.so[0xCBC2B000])[03 4B       ]0x0000DBEE:	LDR	R3, [PC, #0XC]	;(PC=0xCBC38BEE )
(             libc.so[0xCBC2B000])[7B 44       ]0x0000DBF0:	ADD	R3, PC	;(R3=0x0003C40C PC=0xCBC38BF0 )
(             libc.so[0xCBC2B000])[19 68       ]0x0000DBF2:	LDR	R1, [R3]	;(R3=0xCBC75000 )
(             libc.so[0xCBC2B000])[0A 68       ]0x0000DBF4:	LDR	R2, [R1]	;(R1=0xCBC74E00 )
(             libc.so[0xCBC2B000])[90 47       ]0x0000DBF6:	BLX	R2	;(PC=0xCBC38BF6 R2=0xCBC3ADCD )
(             libc.so[0xCBC2B000])[DF F8 A4 3B ]0x0000FDCC:	LDR.W	R3, [PC, #0XBA4] ; dlmalloc	;(PC=0xCBC3ADCC )
(             libc.so[0xCBC2B000])[2D E9 F7 4F ]0x0000FDD0:	PUSH.W	{R0, R1, R2, R4, R5, R6, R7, R8, SB, SL, FP, LR}	;(SP=0x100FFFE0 R0=0x00000014 R1=0xCBC74E00 R2=0xCBC3ADCD R4=0x00000000 R5=0x30000440 R6=0x00000000 R7=0x100FFFF8 R8=0x00000000 SB=0x00000000 SL=0x00000000 FP=0x00000000 LR=0xCBC38BF9 )
(             libc.so[0xCBC2B000])[7B 44       ]0x0000FDD4:	ADD	R3, PC	;(R3=0x0003E588 PC=0xCBC3ADD4 )
(             libc.so[0xCBC2B000])[04 46       ]0x0000FDD6:	MOV	R4, R0	;(R0=0x00000014 )
(             libc.so[0xCBC2B000])[18 68       ]0x0000FDD8:	LDR	R0, [R3]	;(R3=0xCBC79360 )
(             libc.so[0xCBC2B000])[08 B9       ]0x0000FDDA:	CBNZ	R0, #0XCBC3ADE0	;(R0=0x0B13C7D8 )
(             libc.so[0xCBC2B000])[DF F8 94 1B ]0x0000FDE0:	LDR.W	R1, [PC, #0XB94]	;(PC=0xCBC3ADE0 )
(             libc.so[0xCBC2B000])[79 44       ]0x0000FDE4:	ADD	R1, PC	;(R1=0x0003E398 PC=0xCBC3ADE4 )
(             libc.so[0xCBC2B000])[D1 F8 BC 21 ]0x0000FDE6:	LDR.W	R2, [R1, #0X1BC]	;(R1=0xCBC79180 )
(             libc.so[0xCBC2B000])[93 07       ]0x0000FDEA:	LSLS	R3, R2, #0X1E	;(R2=0x00000007 )
(             libc.so[0xCBC2B000])[02 D4       ]0x0000FDEC:	BMI	#0XCBC3ADF4
(             libc.so[0xCBC2B000])[01 F5 E0 70 ]0x0000FDF4:	ADD.W	R0, R1, #0X1C0	;(R1=0xCBC79180 )
(             libc.so[0xCBC2B000])[00 26       ]0x0000FDF8:	MOVS	R6, #0
(             libc.so[0xCBC2B000])[FE F7 F0 EC ]0x0000FDFA:	BLX	#0XCBC397DC	;(PC=0xCBC3ADFA )
(             libc.so[0xCBC2B000])[90 FF FF EA ]0x0000E7DC:	B	#0XCBC39624 ; pthread_mutex_lock	;(PC=0xCBC397DC )
(             libc.so[0xCBC2B000])[F0 41 2D E9 ]0x0000E624:	PUSH	{R4, R5, R6, R7, R8, LR}	;(SP=0x100FFFB0 R4=0x00000014 R5=0x30000440 R6=0x00000000 R7=0x100FFFF8 R8=0x00000000 LR=0xCBC3ADFF )
(             libc.so[0xCBC2B000])[00 40 50 E2 ]0x0000E628:	SUBS	R4, R0, #0	;(R0=0xCBC79340 )
(             libc.so[0xCBC2B000])[1B 00 00 0A ]0x0000E62C:	BEQ	#0XCBC396A0	;(PC=0xCBC3962C )
(             libc.so[0xCBC2B000])[00 50 94 E5 ]0x0000E630:	LDR	R5, [R4]	;(R4=0xCBC79340 )
(             libc.so[0xCBC2B000])[03 79 15 E2 ]0x0000E634:	ANDS	R7, R5, #0XC000	;(R5=0x00000000 )
(             libc.so[0xCBC2B000])[02 6A 05 E2 ]0x0000E638:	AND	R6, R5, #0X2000	;(R5=0x00000000 )
(             libc.so[0xCBC2B000])[19 00 00 1A ]0x0000E63C:	BNE	#0XCBC396A8	;(PC=0xCBC3963C )
(             libc.so[0xCBC2B000])[01 00 86 E3 ]0x0000E640:	ORR	R0, R6, #1	;(R6=0x00000000 )
(             libc.so[0xCBC2B000])[9F 3F 94 E1 ]0x0000E644:	LDREX	R3, [R4]	;(R4=0xCBC79340 )
(             libc.so[0xCBC2B000])[00 10 A0 E3 ]0x0000E648:	MOV	R1, #0
(             libc.so[0xCBC2B000])[06 00 33 E1 ]0x0000E64C:	TEQ	R3, R6	;(R3=0x00000000 R6=0x00000000 )
(             libc.so[0xCBC2B000])[90 1F 84 01 ]0x0000E650:	STREXEQ	R1, R0, [R4]	;(R0=0x00000001 R4=0xCBC79340 )
(             libc.so[0xCBC2B000])[00 00 51 E3 ]0x0000E654:	CMP	R1, #0	;(R1=0x00000000 )
(             libc.so[0xCBC2B000])[F9 FF FF 1A ]0x0000E658:	BNE	#0XCBC39644	;(PC=0xCBC39658 )
(             libc.so[0xCBC2B000])[03 00 56 E1 ]0x0000E65C:	CMP	R6, R3	;(R6=0x00000000 R3=0x00000000 )
(             libc.so[0xCBC2B000])[02 50 86 13 ]0x0000E660:	ORRNE	R5, R6, #2	;(R6=0x00000000 )
(             libc.so[0xCBC2B000])[01 00 00 1A ]0x0000E664:	BNE	#0XCBC39670	;(PC=0xCBC39664 )
(             libc.so[0xCBC2B000])[09 00 00 EA ]0x0000E668:	B	#0XCBC39694	;(PC=0xCBC39668 )
(             libc.so[0xCBC2B000])[5F F0 7F F5 ]0x0000E694:	DMB	SY
(             libc.so[0xCBC2B000])[00 00 A0 E3 ]0x0000E698:	MOV	R0, #0
(             libc.so[0xCBC2B000])[F0 81 BD E8 ]0x0000E69C:	POP	{R4, R5, R6, R7, R8, PC}	;(SP=0x100FFF98 )
(             libc.so[0xCBC2B000])[00 28       ]0x0000FDFE:	CMP	R0, #0	;(R0=0x00000000 )
(             libc.so[0xCBC2B000])[41 F0 6F 80 ]0x0000FE00:	BNE.W	#0XCBC3BEE2
(             libc.so[0xCBC2B000])[F3 E7       ]0x0000FE04:	B	#0XCBC3ADEE
(             libc.so[0xCBC2B000])[F4 2C       ]0x0000FDEE:	CMP	R4, #0XF4	;(R4=0x00000014 )
(             libc.so[0xCBC2B000])[09 D9       ]0x0000FDF0:	BLS	#0XCBC3AE06
(             libc.so[0xCBC2B000])[0A 2C       ]0x0000FE06:	CMP	R4, #0XA	;(R4=0x00000014 )
(             libc.so[0xCBC2B000])[03 D9       ]0x0000FE08:	BLS	#0XCBC3AE12
(             libc.so[0xCBC2B000])[0B 34       ]0x0000FE0A:	ADDS	R4, #0XB	;(R4=0x00000014 )
(             libc.so[0xCBC2B000])[24 F0 07 04 ]0x0000FE0C:	BIC	R4, R4, #7	;(R4=0x0000001F )
(             libc.so[0xCBC2B000])[00 E0       ]0x0000FE10:	B	#0XCBC3AE14
(             libc.so[0xCBC2B000])[DF F8 68 3B ]0x0000FE14:	LDR.W	R3, [PC, #0XB68]	;(PC=0xCBC3AE14 )
(             libc.so[0xCBC2B000])[E2 08       ]0x0000FE18:	LSRS	R2, R4, #3	;(R4=0x00000018 )
(             libc.so[0xCBC2B000])[7B 44       ]0x0000FE1A:	ADD	R3, PC	;(R3=0x0003E362 PC=0xCBC3AE1A )
(             libc.so[0xCBC2B000])[18 68       ]0x0000FE1C:	LDR	R0, [R3]	;(R3=0xCBC79180 )
(             libc.so[0xCBC2B000])[20 FA 02 F1 ]0x0000FE1E:	LSR.W	R1, R0, R2	;(R0=0x00000000 R2=0x00000003 )
(             libc.so[0xCBC2B000])[01 90       ]0x0000FE22:	STR	R0, [SP, #4]	;(R0=0x00000000 SP=0x100FFFB0 )
(             libc.so[0xCBC2B000])[8E 07       ]0x0000FE24:	LSLS	R6, R1, #0X1E	;(R1=0x00000000 )
(             libc.so[0xCBC2B000])[21 D0       ]0x0000FE26:	BEQ	#0XCBC3AE6C
(             libc.so[0xCBC2B000])[9D 68       ]0x0000FE6C:	LDR	R5, [R3, #8]	;(R3=0xCBC79180 )
(             libc.so[0xCBC2B000])[AC 42       ]0x0000FE6E:	CMP	R4, R5	;(R4=0x00000018 R5=0x00000000 )
(             libc.so[0xCBC2B000])[40 F2 3F 83 ]0x0000FE70:	BLS.W	#0XCBC3B4F2
(             libc.so[0xCBC2B000])[00 29       ]0x0000FE74:	CMP	R1, #0	;(R1=0x00000000 )
(             libc.so[0xCBC2B000])[74 D0       ]0x0000FE76:	BEQ	#0XCBC3AF62
(             libc.so[0xCBC2B000])[D3 F8 04 80 ]0x0000FF62:	LDR.W	R8, [R3, #4]	;(R3=0xCBC79180 )
(             libc.so[0xCBC2B000])[B8 F1 00 0F ]0x0000FF66:	CMP.W	R8, #0	;(R8=0x00000000 )
(             libc.so[0xCBC2B000])[00 F0 C2 82 ]0x0000FF6A:	BEQ.W	#0XCBC3B4F2
(             libc.so[0xCBC2B000])[DF F8 E0 34 ]0x000104F2:	LDR.W	R3, [PC, #0X4E0]	;(PC=0xCBC3B4F2 )
(             libc.so[0xCBC2B000])[7B 44       ]0x000104F6:	ADD	R3, PC	;(R3=0x0003DC86 PC=0xCBC3B4F6 )
(             libc.so[0xCBC2B000])[98 68       ]0x000104F8:	LDR	R0, [R3, #8]	;(R3=0xCBC79180 )
(             libc.so[0xCBC2B000])[84 42       ]0x000104FA:	CMP	R4, R0	;(R4=0x00000018 R0=0x00000000 )
(             libc.so[0xCBC2B000])[19 D8       ]0x000104FC:	BHI	#0XCBC3B532
(             libc.so[0xCBC2B000])[DE 68       ]0x00010532:	LDR	R6, [R3, #0XC]	;(R3=0xCBC79180 )
(             libc.so[0xCBC2B000])[B4 42       ]0x00010534:	CMP	R4, R6	;(R4=0x00000018 R6=0x00000B88 )
(             libc.so[0xCBC2B000])[01 D2       ]0x00010536:	BHS	#0XCBC3B53C
(             libc.so[0xCBC2B000])[00 F0 7B BC ]0x00010538:	B.W	#0XCBC3BE32
(             libc.so[0xCBC2B000])[30 1B       ]0x00010E32:	SUBS	R0, R6, R4	;(R6=0x00000B88 R4=0x00000018 )
(             libc.so[0xCBC2B000])[9E 69       ]0x00010E34:	LDR	R6, [R3, #0X18]	;(R3=0xCBC79180 )
(             libc.so[0xCBC2B000])[D8 60       ]0x00010E36:	STR	R0, [R3, #0XC]	;(R0=0x00000B70 R3=0xCBC79180 )
(             libc.so[0xCBC2B000])[32 19       ]0x00010E38:	ADDS	R2, R6, R4	;(R6=0x30000450 R4=0x00000018 )
(             libc.so[0xCBC2B000])[9A 61       ]0x00010E3A:	STR	R2, [R3, #0X18]	;(R2=0x30000468 R3=0xCBC79180 )
(             libc.so[0xCBC2B000])[40 F0 01 03 ]0x00010E3C:	ORR	R3, R0, #1	;(R0=0x00000B70 )
(             libc.so[0xCBC2B000])[53 60       ]0x00010E40:	STR	R3, [R2, #4]	;(R3=0x00000B71 R2=0x30000468 )
(             libc.so[0xCBC2B000])[44 F0 03 04 ]0x00010E42:	ORR	R4, R4, #3	;(R4=0x00000018 )
(             libc.so[0xCBC2B000])[74 60       ]0x00010E46:	STR	R4, [R6, #4]	;(R4=0x0000001B R6=0x30000450 )
(             libc.so[0xCBC2B000])[08 36       ]0x00010E48:	ADDS	R6, #8	;(R6=0x30000450 )
(             libc.so[0xCBC2B000])[04 E0       ]0x00010E4A:	B	#0XCBC3BE56
(             libc.so[0xCBC2B000])[35 49       ]0x00010E56:	LDR	R1, [PC, #0XD4]	;(PC=0xCBC3BE56 )
(             libc.so[0xCBC2B000])[79 44       ]0x00010E58:	ADD	R1, PC	;(R1=0x0003D324 PC=0xCBC3BE58 )
(             libc.so[0xCBC2B000])[D1 F8 BC 21 ]0x00010E5A:	LDR.W	R2, [R1, #0X1BC]	;(R1=0xCBC79180 )
(             libc.so[0xCBC2B000])[93 07       ]0x00010E5E:	LSLS	R3, R2, #0X1E	;(R2=0x00000007 )
(             libc.so[0xCBC2B000])[3F D5       ]0x00010E60:	BPL	#0XCBC3BEE2
(             libc.so[0xCBC2B000])[01 F5 E0 70 ]0x00010E62:	ADD.W	R0, R1, #0X1C0	;(R1=0xCBC79180 )
(             libc.so[0xCBC2B000])[FD F7 3C ED ]0x00010E66:	BLX	#0XCBC398E0	;(PC=0xCBC3BE66 )
(             libc.so[0xCBC2B000])[BE FF FF EA ]0x0000E8E0:	B	#0XCBC397E0 ; pthread_mutex_unlock	;(PC=0xCBC398E0 )
(             libc.so[0xCBC2B000])[70 40 2D E9 ]0x0000E7E0:	PUSH	{R4, R5, R6, LR}	;(SP=0x100FFFB0 R4=0x0000001B R5=0x00000000 R6=0x30000458 LR=0xCBC3BE6B )
(             libc.so[0xCBC2B000])[00 40 50 E2 ]0x0000E7E4:	SUBS	R4, R0, #0	;(R0=0xCBC79340 )
(             libc.so[0xCBC2B000])[08 D0 4D E2 ]0x0000E7E8:	SUB	SP, SP, #8	;(SP=0x100FFFA0 )
(             libc.so[0xCBC2B000])[2B 00 00 0A ]0x0000E7EC:	BEQ	#0XCBC398A0	;(PC=0xCBC397EC )
(             libc.so[0xCBC2B000])[00 50 94 E5 ]0x0000E7F0:	LDR	R5, [R4]	;(R4=0xCBC79340 )
(             libc.so[0xCBC2B000])[03 69 15 E2 ]0x0000E7F4:	ANDS	R6, R5, #0XC000	;(R5=0x00000001 )
(             libc.so[0xCBC2B000])[02 1A 05 E2 ]0x0000E7F8:	AND	R1, R5, #0X2000	;(R5=0x00000001 )
(             libc.so[0xCBC2B000])[11 00 00 1A ]0x0000E7FC:	BNE	#0XCBC39848	;(PC=0xCBC397FC )
(             libc.so[0xCBC2B000])[5F F0 7F F5 ]0x0000E800:	DMB	SY
(             libc.so[0xCBC2B000])[9F 2F 94 E1 ]0x0000E804:	LDREX	R2, [R4]	;(R4=0xCBC79340 )
(             libc.so[0xCBC2B000])[01 30 42 E2 ]0x0000E808:	SUB	R3, R2, #1	;(R2=0x00000001 )
(             libc.so[0xCBC2B000])[93 5F 84 E1 ]0x0000E80C:	STREX	R5, R3, [R4]	;(R3=0x00000000 R4=0xCBC79340 )
(             libc.so[0xCBC2B000])[00 00 55 E3 ]0x0000E810:	CMP	R5, #0	;(R5=0x00000000 )
(             libc.so[0xCBC2B000])[FA FF FF 1A ]0x0000E814:	BNE	#0XCBC39804	;(PC=0xCBC39814 )
(             libc.so[0xCBC2B000])[01 C0 81 E3 ]0x0000E818:	ORR	IP, R1, #1	;(R1=0x00000000 )
(             libc.so[0xCBC2B000])[0C 00 52 E1 ]0x0000E81C:	CMP	R2, IP	;(R2=0x00000001 IP=0x00000001 )
(             libc.so[0xCBC2B000])[06 00 00 0A ]0x0000E820:	BEQ	#0XCBC39840	;(PC=0xCBC39820 )
(             libc.so[0xCBC2B000])[00 00 A0 E3 ]0x0000E840:	MOV	R0, #0
(             libc.so[0xCBC2B000])[FB FF FF EA ]0x0000E844:	B	#0XCBC39838	;(PC=0xCBC39844 )
(             libc.so[0xCBC2B000])[08 D0 8D E2 ]0x0000E838:	ADD	SP, SP, #8	;(SP=0x100FFF98 )
(             libc.so[0xCBC2B000])[70 80 BD E8 ]0x0000E83C:	POP	{R4, R5, R6, PC}	;(SP=0x100FFFA0 )
(             libc.so[0xCBC2B000])[3A E0       ]0x00010E6A:	B	#0XCBC3BEE2
(             libc.so[0xCBC2B000])[30 46       ]0x00010EE2:	MOV	R0, R6	;(R6=0x30000458 )
(             libc.so[0xCBC2B000])[BD E8 FE 8F ]0x00010EE4:	POP.W	{R1, R2, R3, R4, R5, R6, R7, R8, SB, SL, FP, PC}	;(SP=0x100FFFB0 )
(             libc.so[0xCBC2B000])[08 BD       ]0x0000DBF8:	POP	{R3, PC}	;(SP=0x100FFFE0 )
(        libstdc++.so[0xCBC8F000])[08 B9       ]0x0000091E:	CBNZ	R0, #0XCBC8F924	;(R0=0x30000458 )
(        libstdc++.so[0xCBC8F000])[08 BD       ]0x00000924:	POP	{R3, PC}	;(SP=0x100FFFE8 )
(  libmakeurl2.4.9.so[0xCBBCB000])[05 46       ]0x0000194C:	MOV	R5, R0	;(R0=0x30000458 )
(  libmakeurl2.4.9.so[0xCBBCB000])[1B F0 83 F8 ]0x0000194E:	BL	#0XCBBE7A58	;(PC=0xCBBCC94E )
(  libmakeurl2.4.9.so[0xCBBCB000])[07 49       ]0x0001CA58:	LDR	R1, [PC, #0X1C]	;(PC=0xCBBE7A58 )
(  libmakeurl2.4.9.so[0xCBBCB000])[02 46       ]0x0001CA5A:	MOV	R2, R0	;(R0=0x30000458 )
(  libmakeurl2.4.9.so[0xCBBCB000])[79 44       ]0x0001CA5C:	ADD	R1, PC	;(R1=0x000282D8 PC=0xCBBE7A5C )
(  libmakeurl2.4.9.so[0xCBBCB000])[08 31       ]0x0001CA5E:	ADDS	R1, #8	;(R1=0xCBC0FD38 )
(  libmakeurl2.4.9.so[0xCBBCB000])[01 60       ]0x0001CA60:	STR	R1, [R0]	;(R1=0xCBC0FD40 R0=0x30000458 )
(  libmakeurl2.4.9.so[0xCBBCB000])[00 21       ]0x0001CA62:	MOVS	R1, #0
(  libmakeurl2.4.9.so[0xCBBCB000])[42 F8 08 1F ]0x0001CA64:	STR	R1, [R2, #8]!	;(R1=0x00000000 R2=0x30000458 )
(  libmakeurl2.4.9.so[0xCBBCB000])[C1 60       ]0x0001CA68:	STR	R1, [R0, #0XC]	;(R1=0x00000000 R0=0x30000458 )
(  libmakeurl2.4.9.so[0xCBBCB000])[45 F2 78 61 ]0x0001CA6A:	MOVW	R1, #0X5678
(  libmakeurl2.4.9.so[0xCBBCB000])[C1 F2 34 21 ]0x0001CA6E:	MOVT	R1, #0X1234	;(R1=0x00005678 )
(  libmakeurl2.4.9.so[0xCBBCB000])[42 60       ]0x0001CA72:	STR	R2, [R0, #4]	;(R2=0x30000460 R0=0x30000458 )
(  libmakeurl2.4.9.so[0xCBBCB000])[01 61       ]0x0001CA74:	STR	R1, [R0, #0X10]	;(R1=0x12345678 R0=0x30000458 )
(  libmakeurl2.4.9.so[0xCBBCB000])[70 47       ]0x0001CA76:	BX	LR	;(LR=0xCBBCC953 )
(  libmakeurl2.4.9.so[0xCBBCB000])[5D 48       ]0x00001952:	LDR	R0, [PC, #0X174]	;(PC=0xCBBCC952 )
(  libmakeurl2.4.9.so[0xCBBCB000])[78 44       ]0x00001954:	ADD	R0, PC	;(R0=0x00043908 PC=0xCBBCC954 )
(  libmakeurl2.4.9.so[0xCBBCB000])[05 60       ]0x00001956:	STR	R5, [R0]	;(R5=0x30000458 R0=0xCBC10260 )
(  libmakeurl2.4.9.so[0xCBBCB000])[14 20       ]0x00001958:	MOVS	R0, #0X14
(  libmakeurl2.4.9.so[0xCBBCB000])[FF F7 90 ED ]0x0000195A:	BLX	#0XCBBCC47C	;(PC=0xCBBCC95A )
(  libmakeurl2.4.9.so[0xCBBCB000])[00 C6 8F E2 ]0x0000147C:	ADD	IP, PC, #0, #12	;(PC=0xCBBCC47C )
(  libmakeurl2.4.9.so[0xCBBCB000])[43 CA 8C E2 ]0x00001480:	ADD	IP, IP, #0X43000	;(IP=0xCBBCC484 )
(  libmakeurl2.4.9.so[0xCBBCB000])[00 FB BC E5 ]0x00001484:	LDR	PC, [IP, #0XB00]!	;(IP=0xCBC0F484 )
(        libstdc++.so[0xCBC8F000])[08 B5       ]0x00000918:	PUSH	{R3, LR} ; _Znaj	;(SP=0x100FFFF0 R3=0x00000000 LR=0xCBBCC95F )
(        libstdc++.so[0xCBC8F000])[FF F7 6E EF ]0x0000091A:	BLX	#0XCBC8F7F8	;(PC=0xCBC8F91A )
(        libstdc++.so[0xCBC8F000])[00 C6 8F E2 ]0x000007F8:	ADD	IP, PC, #0, #12	;(PC=0xCBC8F7F8 )
(        libstdc++.so[0xCBC8F000])[01 CA 8C E2 ]0x000007FC:	ADD	IP, IP, #0X1000	;(IP=0xCBC8F800 )
(        libstdc++.so[0xCBC8F000])[F0 F7 BC E5 ]0x00000800:	LDR	PC, [IP, #0X7F0]!	;(IP=0xCBC90800 )
(             libc.so[0xCBC2B000])[08 B5       ]0x0000DBEC:	PUSH	{R3, LR} ; malloc	;(SP=0x100FFFE8 R3=0x00000000 LR=0xCBC8F91F )
(             libc.so[0xCBC2B000])[03 4B       ]0x0000DBEE:	LDR	R3, [PC, #0XC]	;(PC=0xCBC38BEE )
(             libc.so[0xCBC2B000])[7B 44       ]0x0000DBF0:	ADD	R3, PC	;(R3=0x0003C40C PC=0xCBC38BF0 )
(             libc.so[0xCBC2B000])[19 68       ]0x0000DBF2:	LDR	R1, [R3]	;(R3=0xCBC75000 )
(             libc.so[0xCBC2B000])[0A 68       ]0x0000DBF4:	LDR	R2, [R1]	;(R1=0xCBC74E00 )
(             libc.so[0xCBC2B000])[90 47       ]0x0000DBF6:	BLX	R2	;(PC=0xCBC38BF6 R2=0xCBC3ADCD )
(             libc.so[0xCBC2B000])[DF F8 A4 3B ]0x0000FDCC:	LDR.W	R3, [PC, #0XBA4] ; dlmalloc	;(PC=0xCBC3ADCC )
(             libc.so[0xCBC2B000])[2D E9 F7 4F ]0x0000FDD0:	PUSH.W	{R0, R1, R2, R4, R5, R6, R7, R8, SB, SL, FP, LR}	;(SP=0x100FFFE0 R0=0x00000014 R1=0xCBC74E00 R2=0xCBC3ADCD R4=0x00000000 R5=0x30000458 R6=0x00000000 R7=0x100FFFF8 R8=0x00000000 SB=0x00000000 SL=0x00000000 FP=0x00000000 LR=0xCBC38BF9 )
(             libc.so[0xCBC2B000])[7B 44       ]0x0000FDD4:	ADD	R3, PC	;(R3=0x0003E588 PC=0xCBC3ADD4 )
(             libc.so[0xCBC2B000])[04 46       ]0x0000FDD6:	MOV	R4, R0	;(R0=0x00000014 )
(             libc.so[0xCBC2B000])[18 68       ]0x0000FDD8:	LDR	R0, [R3]	;(R3=0xCBC79360 )
(             libc.so[0xCBC2B000])[08 B9       ]0x0000FDDA:	CBNZ	R0, #0XCBC3ADE0	;(R0=0x0B13C7D8 )
(             libc.so[0xCBC2B000])[DF F8 94 1B ]0x0000FDE0:	LDR.W	R1, [PC, #0XB94]	;(PC=0xCBC3ADE0 )
(             libc.so[0xCBC2B000])[79 44       ]0x0000FDE4:	ADD	R1, PC	;(R1=0x0003E398 PC=0xCBC3ADE4 )
(             libc.so[0xCBC2B000])[D1 F8 BC 21 ]0x0000FDE6:	LDR.W	R2, [R1, #0X1BC]	;(R1=0xCBC79180 )
(             libc.so[0xCBC2B000])[93 07       ]0x0000FDEA:	LSLS	R3, R2, #0X1E	;(R2=0x00000007 )
(             libc.so[0xCBC2B000])[02 D4       ]0x0000FDEC:	BMI	#0XCBC3ADF4
(             libc.so[0xCBC2B000])[01 F5 E0 70 ]0x0000FDF4:	ADD.W	R0, R1, #0X1C0	;(R1=0xCBC79180 )
(             libc.so[0xCBC2B000])[00 26       ]0x0000FDF8:	MOVS	R6, #0
(             libc.so[0xCBC2B000])[FE F7 F0 EC ]0x0000FDFA:	BLX	#0XCBC397DC	;(PC=0xCBC3ADFA )
(             libc.so[0xCBC2B000])[90 FF FF EA ]0x0000E7DC:	B	#0XCBC39624 ; pthread_mutex_lock	;(PC=0xCBC397DC )
(             libc.so[0xCBC2B000])[F0 41 2D E9 ]0x0000E624:	PUSH	{R4, R5, R6, R7, R8, LR}	;(SP=0x100FFFB0 R4=0x00000014 R5=0x30000458 R6=0x00000000 R7=0x100FFFF8 R8=0x00000000 LR=0xCBC3ADFF )
(             libc.so[0xCBC2B000])[00 40 50 E2 ]0x0000E628:	SUBS	R4, R0, #0	;(R0=0xCBC79340 )
(             libc.so[0xCBC2B000])[1B 00 00 0A ]0x0000E62C:	BEQ	#0XCBC396A0	;(PC=0xCBC3962C )
(             libc.so[0xCBC2B000])[00 50 94 E5 ]0x0000E630:	LDR	R5, [R4]	;(R4=0xCBC79340 )
(             libc.so[0xCBC2B000])[03 79 15 E2 ]0x0000E634:	ANDS	R7, R5, #0XC000	;(R5=0x00000000 )
(             libc.so[0xCBC2B000])[02 6A 05 E2 ]0x0000E638:	AND	R6, R5, #0X2000	;(R5=0x00000000 )
(             libc.so[0xCBC2B000])[19 00 00 1A ]0x0000E63C:	BNE	#0XCBC396A8	;(PC=0xCBC3963C )
(             libc.so[0xCBC2B000])[01 00 86 E3 ]0x0000E640:	ORR	R0, R6, #1	;(R6=0x00000000 )
(             libc.so[0xCBC2B000])[9F 3F 94 E1 ]0x0000E644:	LDREX	R3, [R4]	;(R4=0xCBC79340 )
(             libc.so[0xCBC2B000])[00 10 A0 E3 ]0x0000E648:	MOV	R1, #0
(             libc.so[0xCBC2B000])[06 00 33 E1 ]0x0000E64C:	TEQ	R3, R6	;(R3=0x00000000 R6=0x00000000 )
(             libc.so[0xCBC2B000])[90 1F 84 01 ]0x0000E650:	STREXEQ	R1, R0, [R4]	;(R0=0x00000001 R4=0xCBC79340 )
(             libc.so[0xCBC2B000])[00 00 51 E3 ]0x0000E654:	CMP	R1, #0	;(R1=0x00000000 )
(             libc.so[0xCBC2B000])[F9 FF FF 1A ]0x0000E658:	BNE	#0XCBC39644	;(PC=0xCBC39658 )
(             libc.so[0xCBC2B000])[03 00 56 E1 ]0x0000E65C:	CMP	R6, R3	;(R6=0x00000000 R3=0x00000000 )
(             libc.so[0xCBC2B000])[02 50 86 13 ]0x0000E660:	ORRNE	R5, R6, #2	;(R6=0x00000000 )
(             libc.so[0xCBC2B000])[01 00 00 1A ]0x0000E664:	BNE	#0XCBC39670	;(PC=0xCBC39664 )
(             libc.so[0xCBC2B000])[09 00 00 EA ]0x0000E668:	B	#0XCBC39694	;(PC=0xCBC39668 )
(             libc.so[0xCBC2B000])[5F F0 7F F5 ]0x0000E694:	DMB	SY
(             libc.so[0xCBC2B000])[00 00 A0 E3 ]0x0000E698:	MOV	R0, #0
(             libc.so[0xCBC2B000])[F0 81 BD E8 ]0x0000E69C:	POP	{R4, R5, R6, R7, R8, PC}	;(SP=0x100FFF98 )
(             libc.so[0xCBC2B000])[00 28       ]0x0000FDFE:	CMP	R0, #0	;(R0=0x00000000 )
(             libc.so[0xCBC2B000])[41 F0 6F 80 ]0x0000FE00:	BNE.W	#0XCBC3BEE2
(             libc.so[0xCBC2B000])[F3 E7       ]0x0000FE04:	B	#0XCBC3ADEE
(             libc.so[0xCBC2B000])[F4 2C       ]0x0000FDEE:	CMP	R4, #0XF4	;(R4=0x00000014 )
(             libc.so[0xCBC2B000])[09 D9       ]0x0000FDF0:	BLS	#0XCBC3AE06
(             libc.so[0xCBC2B000])[0A 2C       ]0x0000FE06:	CMP	R4, #0XA	;(R4=0x00000014 )
(             libc.so[0xCBC2B000])[03 D9       ]0x0000FE08:	BLS	#0XCBC3AE12
(             libc.so[0xCBC2B000])[0B 34       ]0x0000FE0A:	ADDS	R4, #0XB	;(R4=0x00000014 )
(             libc.so[0xCBC2B000])[24 F0 07 04 ]0x0000FE0C:	BIC	R4, R4, #7	;(R4=0x0000001F )
(             libc.so[0xCBC2B000])[00 E0       ]0x0000FE10:	B	#0XCBC3AE14
(             libc.so[0xCBC2B000])[DF F8 68 3B ]0x0000FE14:	LDR.W	R3, [PC, #0XB68]	;(PC=0xCBC3AE14 )
(             libc.so[0xCBC2B000])[E2 08       ]0x0000FE18:	LSRS	R2, R4, #3	;(R4=0x00000018 )
(             libc.so[0xCBC2B000])[7B 44       ]0x0000FE1A:	ADD	R3, PC	;(R3=0x0003E362 PC=0xCBC3AE1A )
(             libc.so[0xCBC2B000])[18 68       ]0x0000FE1C:	LDR	R0, [R3]	;(R3=0xCBC79180 )
(             libc.so[0xCBC2B000])[20 FA 02 F1 ]0x0000FE1E:	LSR.W	R1, R0, R2	;(R0=0x00000000 R2=0x00000003 )
(             libc.so[0xCBC2B000])[01 90       ]0x0000FE22:	STR	R0, [SP, #4]	;(R0=0x00000000 SP=0x100FFFB0 )
(             libc.so[0xCBC2B000])[8E 07       ]0x0000FE24:	LSLS	R6, R1, #0X1E	;(R1=0x00000000 )
(             libc.so[0xCBC2B000])[21 D0       ]0x0000FE26:	BEQ	#0XCBC3AE6C
(             libc.so[0xCBC2B000])[9D 68       ]0x0000FE6C:	LDR	R5, [R3, #8]	;(R3=0xCBC79180 )
(             libc.so[0xCBC2B000])[AC 42       ]0x0000FE6E:	CMP	R4, R5	;(R4=0x00000018 R5=0x00000000 )
(             libc.so[0xCBC2B000])[40 F2 3F 83 ]0x0000FE70:	BLS.W	#0XCBC3B4F2
(             libc.so[0xCBC2B000])[00 29       ]0x0000FE74:	CMP	R1, #0	;(R1=0x00000000 )
(             libc.so[0xCBC2B000])[74 D0       ]0x0000FE76:	BEQ	#0XCBC3AF62
(             libc.so[0xCBC2B000])[D3 F8 04 80 ]0x0000FF62:	LDR.W	R8, [R3, #4]	;(R3=0xCBC79180 )
(             libc.so[0xCBC2B000])[B8 F1 00 0F ]0x0000FF66:	CMP.W	R8, #0	;(R8=0x00000000 )
(             libc.so[0xCBC2B000])[00 F0 C2 82 ]0x0000FF6A:	BEQ.W	#0XCBC3B4F2
(             libc.so[0xCBC2B000])[DF F8 E0 34 ]0x000104F2:	LDR.W	R3, [PC, #0X4E0]	;(PC=0xCBC3B4F2 )
(             libc.so[0xCBC2B000])[7B 44       ]0x000104F6:	ADD	R3, PC	;(R3=0x0003DC86 PC=0xCBC3B4F6 )
(             libc.so[0xCBC2B000])[98 68       ]0x000104F8:	LDR	R0, [R3, #8]	;(R3=0xCBC79180 )
(             libc.so[0xCBC2B000])[84 42       ]0x000104FA:	CMP	R4, R0	;(R4=0x00000018 R0=0x00000000 )
(             libc.so[0xCBC2B000])[19 D8       ]0x000104FC:	BHI	#0XCBC3B532
(             libc.so[0xCBC2B000])[DE 68       ]0x00010532:	LDR	R6, [R3, #0XC]	;(R3=0xCBC79180 )
(             libc.so[0xCBC2B000])[B4 42       ]0x00010534:	CMP	R4, R6	;(R4=0x00000018 R6=0x00000B70 )
(             libc.so[0xCBC2B000])[01 D2       ]0x00010536:	BHS	#0XCBC3B53C
(             libc.so[0xCBC2B000])[00 F0 7B BC ]0x00010538:	B.W	#0XCBC3BE32
(             libc.so[0xCBC2B000])[30 1B       ]0x00010E32:	SUBS	R0, R6, R4	;(R6=0x00000B70 R4=0x00000018 )
(             libc.so[0xCBC2B000])[9E 69       ]0x00010E34:	LDR	R6, [R3, #0X18]	;(R3=0xCBC79180 )
(             libc.so[0xCBC2B000])[D8 60       ]0x00010E36:	STR	R0, [R3, #0XC]	;(R0=0x00000B58 R3=0xCBC79180 )
(             libc.so[0xCBC2B000])[32 19       ]0x00010E38:	ADDS	R2, R6, R4	;(R6=0x30000468 R4=0x00000018 )
(             libc.so[0xCBC2B000])[9A 61       ]0x00010E3A:	STR	R2, [R3, #0X18]	;(R2=0x30000480 R3=0xCBC79180 )
(             libc.so[0xCBC2B000])[40 F0 01 03 ]0x00010E3C:	ORR	R3, R0, #1	;(R0=0x00000B58 )
(             libc.so[0xCBC2B000])[53 60       ]0x00010E40:	STR	R3, [R2, #4]	;(R3=0x00000B59 R2=0x30000480 )
(             libc.so[0xCBC2B000])[44 F0 03 04 ]0x00010E42:	ORR	R4, R4, #3	;(R4=0x00000018 )
(             libc.so[0xCBC2B000])[74 60       ]0x00010E46:	STR	R4, [R6, #4]	;(R4=0x0000001B R6=0x30000468 )
(             libc.so[0xCBC2B000])[08 36       ]0x00010E48:	ADDS	R6, #8	;(R6=0x30000468 )
(             libc.so[0xCBC2B000])[04 E0       ]0x00010E4A:	B	#0XCBC3BE56
(             libc.so[0xCBC2B000])[35 49       ]0x00010E56:	LDR	R1, [PC, #0XD4]	;(PC=0xCBC3BE56 )
(             libc.so[0xCBC2B000])[79 44       ]0x00010E58:	ADD	R1, PC	;(R1=0x0003D324 PC=0xCBC3BE58 )
(             libc.so[0xCBC2B000])[D1 F8 BC 21 ]0x00010E5A:	LDR.W	R2, [R1, #0X1BC]	;(R1=0xCBC79180 )
(             libc.so[0xCBC2B000])[93 07       ]0x00010E5E:	LSLS	R3, R2, #0X1E	;(R2=0x00000007 )
(             libc.so[0xCBC2B000])[3F D5       ]0x00010E60:	BPL	#0XCBC3BEE2
(             libc.so[0xCBC2B000])[01 F5 E0 70 ]0x00010E62:	ADD.W	R0, R1, #0X1C0	;(R1=0xCBC79180 )
(             libc.so[0xCBC2B000])[FD F7 3C ED ]0x00010E66:	BLX	#0XCBC398E0	;(PC=0xCBC3BE66 )
(             libc.so[0xCBC2B000])[BE FF FF EA ]0x0000E8E0:	B	#0XCBC397E0 ; pthread_mutex_unlock	;(PC=0xCBC398E0 )
(             libc.so[0xCBC2B000])[70 40 2D E9 ]0x0000E7E0:	PUSH	{R4, R5, R6, LR}	;(SP=0x100FFFB0 R4=0x0000001B R5=0x00000000 R6=0x30000470 LR=0xCBC3BE6B )
(             libc.so[0xCBC2B000])[00 40 50 E2 ]0x0000E7E4:	SUBS	R4, R0, #0	;(R0=0xCBC79340 )
(             libc.so[0xCBC2B000])[08 D0 4D E2 ]0x0000E7E8:	SUB	SP, SP, #8	;(SP=0x100FFFA0 )
(             libc.so[0xCBC2B000])[2B 00 00 0A ]0x0000E7EC:	BEQ	#0XCBC398A0	;(PC=0xCBC397EC )
(             libc.so[0xCBC2B000])[00 50 94 E5 ]0x0000E7F0:	LDR	R5, [R4]	;(R4=0xCBC79340 )
(             libc.so[0xCBC2B000])[03 69 15 E2 ]0x0000E7F4:	ANDS	R6, R5, #0XC000	;(R5=0x00000001 )
(             libc.so[0xCBC2B000])[02 1A 05 E2 ]0x0000E7F8:	AND	R1, R5, #0X2000	;(R5=0x00000001 )
(             libc.so[0xCBC2B000])[11 00 00 1A ]0x0000E7FC:	BNE	#0XCBC39848	;(PC=0xCBC397FC )
(             libc.so[0xCBC2B000])[5F F0 7F F5 ]0x0000E800:	DMB	SY
(             libc.so[0xCBC2B000])[9F 2F 94 E1 ]0x0000E804:	LDREX	R2, [R4]	;(R4=0xCBC79340 )
(             libc.so[0xCBC2B000])[01 30 42 E2 ]0x0000E808:	SUB	R3, R2, #1	;(R2=0x00000001 )
(             libc.so[0xCBC2B000])[93 5F 84 E1 ]0x0000E80C:	STREX	R5, R3, [R4]	;(R3=0x00000000 R4=0xCBC79340 )
(             libc.so[0xCBC2B000])[00 00 55 E3 ]0x0000E810:	CMP	R5, #0	;(R5=0x00000000 )
(             libc.so[0xCBC2B000])[FA FF FF 1A ]0x0000E814:	BNE	#0XCBC39804	;(PC=0xCBC39814 )
(             libc.so[0xCBC2B000])[01 C0 81 E3 ]0x0000E818:	ORR	IP, R1, #1	;(R1=0x00000000 )
(             libc.so[0xCBC2B000])[0C 00 52 E1 ]0x0000E81C:	CMP	R2, IP	;(R2=0x00000001 IP=0x00000001 )
(             libc.so[0xCBC2B000])[06 00 00 0A ]0x0000E820:	BEQ	#0XCBC39840	;(PC=0xCBC39820 )
(             libc.so[0xCBC2B000])[00 00 A0 E3 ]0x0000E840:	MOV	R0, #0
(             libc.so[0xCBC2B000])[FB FF FF EA ]0x0000E844:	B	#0XCBC39838	;(PC=0xCBC39844 )
(             libc.so[0xCBC2B000])[08 D0 8D E2 ]0x0000E838:	ADD	SP, SP, #8	;(SP=0x100FFF98 )
(             libc.so[0xCBC2B000])[70 80 BD E8 ]0x0000E83C:	POP	{R4, R5, R6, PC}	;(SP=0x100FFFA0 )
(             libc.so[0xCBC2B000])[3A E0       ]0x00010E6A:	B	#0XCBC3BEE2
(             libc.so[0xCBC2B000])[30 46       ]0x00010EE2:	MOV	R0, R6	;(R6=0x30000470 )
(             libc.so[0xCBC2B000])[BD E8 FE 8F ]0x00010EE4:	POP.W	{R1, R2, R3, R4, R5, R6, R7, R8, SB, SL, FP, PC}	;(SP=0x100FFFB0 )
(             libc.so[0xCBC2B000])[08 BD       ]0x0000DBF8:	POP	{R3, PC}	;(SP=0x100FFFE0 )
(        libstdc++.so[0xCBC8F000])[08 B9       ]0x0000091E:	CBNZ	R0, #0XCBC8F924	;(R0=0x30000470 )
(        libstdc++.so[0xCBC8F000])[08 BD       ]0x00000924:	POP	{R3, PC}	;(SP=0x100FFFE8 )
(  libmakeurl2.4.9.so[0xCBBCB000])[05 46       ]0x0000195E:	MOV	R5, R0	;(R0=0x30000470 )
(  libmakeurl2.4.9.so[0xCBBCB000])[1B F0 7A F8 ]0x00001960:	BL	#0XCBBE7A58	;(PC=0xCBBCC960 )
(  libmakeurl2.4.9.so[0xCBBCB000])[07 49       ]0x0001CA58:	LDR	R1, [PC, #0X1C]	;(PC=0xCBBE7A58 )
(  libmakeurl2.4.9.so[0xCBBCB000])[02 46       ]0x0001CA5A:	MOV	R2, R0	;(R0=0x30000470 )
(  libmakeurl2.4.9.so[0xCBBCB000])[79 44       ]0x0001CA5C:	ADD	R1, PC	;(R1=0x000282D8 PC=0xCBBE7A5C )
(  libmakeurl2.4.9.so[0xCBBCB000])[08 31       ]0x0001CA5E:	ADDS	R1, #8	;(R1=0xCBC0FD38 )
(  libmakeurl2.4.9.so[0xCBBCB000])[01 60       ]0x0001CA60:	STR	R1, [R0]	;(R1=0xCBC0FD40 R0=0x30000470 )
(  libmakeurl2.4.9.so[0xCBBCB000])[00 21       ]0x0001CA62:	MOVS	R1, #0
(  libmakeurl2.4.9.so[0xCBBCB000])[42 F8 08 1F ]0x0001CA64:	STR	R1, [R2, #8]!	;(R1=0x00000000 R2=0x30000470 )
(  libmakeurl2.4.9.so[0xCBBCB000])[C1 60       ]0x0001CA68:	STR	R1, [R0, #0XC]	;(R1=0x00000000 R0=0x30000470 )
(  libmakeurl2.4.9.so[0xCBBCB000])[45 F2 78 61 ]0x0001CA6A:	MOVW	R1, #0X5678
(  libmakeurl2.4.9.so[0xCBBCB000])[C1 F2 34 21 ]0x0001CA6E:	MOVT	R1, #0X1234	;(R1=0x00005678 )
(  libmakeurl2.4.9.so[0xCBBCB000])[42 60       ]0x0001CA72:	STR	R2, [R0, #4]	;(R2=0x30000478 R0=0x30000470 )
(  libmakeurl2.4.9.so[0xCBBCB000])[01 61       ]0x0001CA74:	STR	R1, [R0, #0X10]	;(R1=0x12345678 R0=0x30000470 )
(  libmakeurl2.4.9.so[0xCBBCB000])[70 47       ]0x0001CA76:	BX	LR	;(LR=0xCBBCC965 )
(  libmakeurl2.4.9.so[0xCBBCB000])[59 48       ]0x00001964:	LDR	R0, [PC, #0X164]	;(PC=0xCBBCC964 )
(  libmakeurl2.4.9.so[0xCBBCB000])[78 44       ]0x00001966:	ADD	R0, PC	;(R0=0x000438FA PC=0xCBBCC966 )
(  libmakeurl2.4.9.so[0xCBBCB000])[05 60       ]0x00001968:	STR	R5, [R0]	;(R5=0x30000470 R0=0xCBC10264 )
(  libmakeurl2.4.9.so[0xCBBCB000])[14 20       ]0x0000196A:	MOVS	R0, #0X14
(  libmakeurl2.4.9.so[0xCBBCB000])[FF F7 86 ED ]0x0000196C:	BLX	#0XCBBCC47C	;(PC=0xCBBCC96C )
(  libmakeurl2.4.9.so[0xCBBCB000])[00 C6 8F E2 ]0x0000147C:	ADD	IP, PC, #0, #12	;(PC=0xCBBCC47C )
(  libmakeurl2.4.9.so[0xCBBCB000])[43 CA 8C E2 ]0x00001480:	ADD	IP, IP, #0X43000	;(IP=0xCBBCC484 )
(  libmakeurl2.4.9.so[0xCBBCB000])[00 FB BC E5 ]0x00001484:	LDR	PC, [IP, #0XB00]!	;(IP=0xCBC0F484 )
(        libstdc++.so[0xCBC8F000])[08 B5       ]0x00000918:	PUSH	{R3, LR} ; _Znaj	;(SP=0x100FFFF0 R3=0x00000000 LR=0xCBBCC971 )
(        libstdc++.so[0xCBC8F000])[FF F7 6E EF ]0x0000091A:	BLX	#0XCBC8F7F8	;(PC=0xCBC8F91A )
(        libstdc++.so[0xCBC8F000])[00 C6 8F E2 ]0x000007F8:	ADD	IP, PC, #0, #12	;(PC=0xCBC8F7F8 )
(        libstdc++.so[0xCBC8F000])[01 CA 8C E2 ]0x000007FC:	ADD	IP, IP, #0X1000	;(IP=0xCBC8F800 )
(        libstdc++.so[0xCBC8F000])[F0 F7 BC E5 ]0x00000800:	LDR	PC, [IP, #0X7F0]!	;(IP=0xCBC90800 )
(             libc.so[0xCBC2B000])[08 B5       ]0x0000DBEC:	PUSH	{R3, LR} ; malloc	;(SP=0x100FFFE8 R3=0x00000000 LR=0xCBC8F91F )
(             libc.so[0xCBC2B000])[03 4B       ]0x0000DBEE:	LDR	R3, [PC, #0XC]	;(PC=0xCBC38BEE )
(             libc.so[0xCBC2B000])[7B 44       ]0x0000DBF0:	ADD	R3, PC	;(R3=0x0003C40C PC=0xCBC38BF0 )
(             libc.so[0xCBC2B000])[19 68       ]0x0000DBF2:	LDR	R1, [R3]	;(R3=0xCBC75000 )
(             libc.so[0xCBC2B000])[0A 68       ]0x0000DBF4:	LDR	R2, [R1]	;(R1=0xCBC74E00 )
(             libc.so[0xCBC2B000])[90 47       ]0x0000DBF6:	BLX	R2	;(PC=0xCBC38BF6 R2=0xCBC3ADCD )
(             libc.so[0xCBC2B000])[DF F8 A4 3B ]0x0000FDCC:	LDR.W	R3, [PC, #0XBA4] ; dlmalloc	;(PC=0xCBC3ADCC )
(             libc.so[0xCBC2B000])[2D E9 F7 4F ]0x0000FDD0:	PUSH.W	{R0, R1, R2, R4, R5, R6, R7, R8, SB, SL, FP, LR}	;(SP=0x100FFFE0 R0=0x00000014 R1=0xCBC74E00 R2=0xCBC3ADCD R4=0x00000000 R5=0x30000470 R6=0x00000000 R7=0x100FFFF8 R8=0x00000000 SB=0x00000000 SL=0x00000000 FP=0x00000000 LR=0xCBC38BF9 )
(             libc.so[0xCBC2B000])[7B 44       ]0x0000FDD4:	ADD	R3, PC	;(R3=0x0003E588 PC=0xCBC3ADD4 )
(             libc.so[0xCBC2B000])[04 46       ]0x0000FDD6:	MOV	R4, R0	;(R0=0x00000014 )
(             libc.so[0xCBC2B000])[18 68       ]0x0000FDD8:	LDR	R0, [R3]	;(R3=0xCBC79360 )
(             libc.so[0xCBC2B000])[08 B9       ]0x0000FDDA:	CBNZ	R0, #0XCBC3ADE0	;(R0=0x0B13C7D8 )
(             libc.so[0xCBC2B000])[DF F8 94 1B ]0x0000FDE0:	LDR.W	R1, [PC, #0XB94]	;(PC=0xCBC3ADE0 )
(             libc.so[0xCBC2B000])[79 44       ]0x0000FDE4:	ADD	R1, PC	;(R1=0x0003E398 PC=0xCBC3ADE4 )
(             libc.so[0xCBC2B000])[D1 F8 BC 21 ]0x0000FDE6:	LDR.W	R2, [R1, #0X1BC]	;(R1=0xCBC79180 )
(             libc.so[0xCBC2B000])[93 07       ]0x0000FDEA:	LSLS	R3, R2, #0X1E	;(R2=0x00000007 )
(             libc.so[0xCBC2B000])[02 D4       ]0x0000FDEC:	BMI	#0XCBC3ADF4
(             libc.so[0xCBC2B000])[01 F5 E0 70 ]0x0000FDF4:	ADD.W	R0, R1, #0X1C0	;(R1=0xCBC79180 )
(             libc.so[0xCBC2B000])[00 26       ]0x0000FDF8:	MOVS	R6, #0
(             libc.so[0xCBC2B000])[FE F7 F0 EC ]0x0000FDFA:	BLX	#0XCBC397DC	;(PC=0xCBC3ADFA )
(             libc.so[0xCBC2B000])[90 FF FF EA ]0x0000E7DC:	B	#0XCBC39624 ; pthread_mutex_lock	;(PC=0xCBC397DC )
(             libc.so[0xCBC2B000])[F0 41 2D E9 ]0x0000E624:	PUSH	{R4, R5, R6, R7, R8, LR}	;(SP=0x100FFFB0 R4=0x00000014 R5=0x30000470 R6=0x00000000 R7=0x100FFFF8 R8=0x00000000 LR=0xCBC3ADFF )
(             libc.so[0xCBC2B000])[00 40 50 E2 ]0x0000E628:	SUBS	R4, R0, #0	;(R0=0xCBC79340 )
(             libc.so[0xCBC2B000])[1B 00 00 0A ]0x0000E62C:	BEQ	#0XCBC396A0	;(PC=0xCBC3962C )
(             libc.so[0xCBC2B000])[00 50 94 E5 ]0x0000E630:	LDR	R5, [R4]	;(R4=0xCBC79340 )
(             libc.so[0xCBC2B000])[03 79 15 E2 ]0x0000E634:	ANDS	R7, R5, #0XC000	;(R5=0x00000000 )
(             libc.so[0xCBC2B000])[02 6A 05 E2 ]0x0000E638:	AND	R6, R5, #0X2000	;(R5=0x00000000 )
(             libc.so[0xCBC2B000])[19 00 00 1A ]0x0000E63C:	BNE	#0XCBC396A8	;(PC=0xCBC3963C )
(             libc.so[0xCBC2B000])[01 00 86 E3 ]0x0000E640:	ORR	R0, R6, #1	;(R6=0x00000000 )
(             libc.so[0xCBC2B000])[9F 3F 94 E1 ]0x0000E644:	LDREX	R3, [R4]	;(R4=0xCBC79340 )
(             libc.so[0xCBC2B000])[00 10 A0 E3 ]0x0000E648:	MOV	R1, #0
(             libc.so[0xCBC2B000])[06 00 33 E1 ]0x0000E64C:	TEQ	R3, R6	;(R3=0x00000000 R6=0x00000000 )
(             libc.so[0xCBC2B000])[90 1F 84 01 ]0x0000E650:	STREXEQ	R1, R0, [R4]	;(R0=0x00000001 R4=0xCBC79340 )
(             libc.so[0xCBC2B000])[00 00 51 E3 ]0x0000E654:	CMP	R1, #0	;(R1=0x00000000 )
(             libc.so[0xCBC2B000])[F9 FF FF 1A ]0x0000E658:	BNE	#0XCBC39644	;(PC=0xCBC39658 )
(             libc.so[0xCBC2B000])[03 00 56 E1 ]0x0000E65C:	CMP	R6, R3	;(R6=0x00000000 R3=0x00000000 )
(             libc.so[0xCBC2B000])[02 50 86 13 ]0x0000E660:	ORRNE	R5, R6, #2	;(R6=0x00000000 )
(             libc.so[0xCBC2B000])[01 00 00 1A ]0x0000E664:	BNE	#0XCBC39670	;(PC=0xCBC39664 )
(             libc.so[0xCBC2B000])[09 00 00 EA ]0x0000E668:	B	#0XCBC39694	;(PC=0xCBC39668 )
(             libc.so[0xCBC2B000])[5F F0 7F F5 ]0x0000E694:	DMB	SY
(             libc.so[0xCBC2B000])[00 00 A0 E3 ]0x0000E698:	MOV	R0, #0
(             libc.so[0xCBC2B000])[F0 81 BD E8 ]0x0000E69C:	POP	{R4, R5, R6, R7, R8, PC}	;(SP=0x100FFF98 )
(             libc.so[0xCBC2B000])[00 28       ]0x0000FDFE:	CMP	R0, #0	;(R0=0x00000000 )
(             libc.so[0xCBC2B000])[41 F0 6F 80 ]0x0000FE00:	BNE.W	#0XCBC3BEE2
(             libc.so[0xCBC2B000])[F3 E7       ]0x0000FE04:	B	#0XCBC3ADEE
(             libc.so[0xCBC2B000])[F4 2C       ]0x0000FDEE:	CMP	R4, #0XF4	;(R4=0x00000014 )
(             libc.so[0xCBC2B000])[09 D9       ]0x0000FDF0:	BLS	#0XCBC3AE06
(             libc.so[0xCBC2B000])[0A 2C       ]0x0000FE06:	CMP	R4, #0XA	;(R4=0x00000014 )
(             libc.so[0xCBC2B000])[03 D9       ]0x0000FE08:	BLS	#0XCBC3AE12
(             libc.so[0xCBC2B000])[0B 34       ]0x0000FE0A:	ADDS	R4, #0XB	;(R4=0x00000014 )
(             libc.so[0xCBC2B000])[24 F0 07 04 ]0x0000FE0C:	BIC	R4, R4, #7	;(R4=0x0000001F )
(             libc.so[0xCBC2B000])[00 E0       ]0x0000FE10:	B	#0XCBC3AE14
(             libc.so[0xCBC2B000])[DF F8 68 3B ]0x0000FE14:	LDR.W	R3, [PC, #0XB68]	;(PC=0xCBC3AE14 )
(             libc.so[0xCBC2B000])[E2 08       ]0x0000FE18:	LSRS	R2, R4, #3	;(R4=0x00000018 )
(             libc.so[0xCBC2B000])[7B 44       ]0x0000FE1A:	ADD	R3, PC	;(R3=0x0003E362 PC=0xCBC3AE1A )
(             libc.so[0xCBC2B000])[18 68       ]0x0000FE1C:	LDR	R0, [R3]	;(R3=0xCBC79180 )
(             libc.so[0xCBC2B000])[20 FA 02 F1 ]0x0000FE1E:	LSR.W	R1, R0, R2	;(R0=0x00000000 R2=0x00000003 )
(             libc.so[0xCBC2B000])[01 90       ]0x0000FE22:	STR	R0, [SP, #4]	;(R0=0x00000000 SP=0x100FFFB0 )
(             libc.so[0xCBC2B000])[8E 07       ]0x0000FE24:	LSLS	R6, R1, #0X1E	;(R1=0x00000000 )
(             libc.so[0xCBC2B000])[21 D0       ]0x0000FE26:	BEQ	#0XCBC3AE6C
(             libc.so[0xCBC2B000])[9D 68       ]0x0000FE6C:	LDR	R5, [R3, #8]	;(R3=0xCBC79180 )
(             libc.so[0xCBC2B000])[AC 42       ]0x0000FE6E:	CMP	R4, R5	;(R4=0x00000018 R5=0x00000000 )
(             libc.so[0xCBC2B000])[40 F2 3F 83 ]0x0000FE70:	BLS.W	#0XCBC3B4F2
(             libc.so[0xCBC2B000])[00 29       ]0x0000FE74:	CMP	R1, #0	;(R1=0x00000000 )
(             libc.so[0xCBC2B000])[74 D0       ]0x0000FE76:	BEQ	#0XCBC3AF62
(             libc.so[0xCBC2B000])[D3 F8 04 80 ]0x0000FF62:	LDR.W	R8, [R3, #4]	;(R3=0xCBC79180 )
(             libc.so[0xCBC2B000])[B8 F1 00 0F ]0x0000FF66:	CMP.W	R8, #0	;(R8=0x00000000 )
(             libc.so[0xCBC2B000])[00 F0 C2 82 ]0x0000FF6A:	BEQ.W	#0XCBC3B4F2
(             libc.so[0xCBC2B000])[DF F8 E0 34 ]0x000104F2:	LDR.W	R3, [PC, #0X4E0]	;(PC=0xCBC3B4F2 )
(             libc.so[0xCBC2B000])[7B 44       ]0x000104F6:	ADD	R3, PC	;(R3=0x0003DC86 PC=0xCBC3B4F6 )
(             libc.so[0xCBC2B000])[98 68       ]0x000104F8:	LDR	R0, [R3, #8]	;(R3=0xCBC79180 )
(             libc.so[0xCBC2B000])[84 42       ]0x000104FA:	CMP	R4, R0	;(R4=0x00000018 R0=0x00000000 )
(             libc.so[0xCBC2B000])[19 D8       ]0x000104FC:	BHI	#0XCBC3B532
(             libc.so[0xCBC2B000])[DE 68       ]0x00010532:	LDR	R6, [R3, #0XC]	;(R3=0xCBC79180 )
(             libc.so[0xCBC2B000])[B4 42       ]0x00010534:	CMP	R4, R6	;(R4=0x00000018 R6=0x00000B58 )
(             libc.so[0xCBC2B000])[01 D2       ]0x00010536:	BHS	#0XCBC3B53C
(             libc.so[0xCBC2B000])[00 F0 7B BC ]0x00010538:	B.W	#0XCBC3BE32
(             libc.so[0xCBC2B000])[30 1B       ]0x00010E32:	SUBS	R0, R6, R4	;(R6=0x00000B58 R4=0x00000018 )
(             libc.so[0xCBC2B000])[9E 69       ]0x00010E34:	LDR	R6, [R3, #0X18]	;(R3=0xCBC79180 )
(             libc.so[0xCBC2B000])[D8 60       ]0x00010E36:	STR	R0, [R3, #0XC]	;(R0=0x00000B40 R3=0xCBC79180 )
(             libc.so[0xCBC2B000])[32 19       ]0x00010E38:	ADDS	R2, R6, R4	;(R6=0x30000480 R4=0x00000018 )
(             libc.so[0xCBC2B000])[9A 61       ]0x00010E3A:	STR	R2, [R3, #0X18]	;(R2=0x30000498 R3=0xCBC79180 )
(             libc.so[0xCBC2B000])[40 F0 01 03 ]0x00010E3C:	ORR	R3, R0, #1	;(R0=0x00000B40 )
(             libc.so[0xCBC2B000])[53 60       ]0x00010E40:	STR	R3, [R2, #4]	;(R3=0x00000B41 R2=0x30000498 )
(             libc.so[0xCBC2B000])[44 F0 03 04 ]0x00010E42:	ORR	R4, R4, #3	;(R4=0x00000018 )
(             libc.so[0xCBC2B000])[74 60       ]0x00010E46:	STR	R4, [R6, #4]	;(R4=0x0000001B R6=0x30000480 )
(             libc.so[0xCBC2B000])[08 36       ]0x00010E48:	ADDS	R6, #8	;(R6=0x30000480 )
(             libc.so[0xCBC2B000])[04 E0       ]0x00010E4A:	B	#0XCBC3BE56
(             libc.so[0xCBC2B000])[35 49       ]0x00010E56:	LDR	R1, [PC, #0XD4]	;(PC=0xCBC3BE56 )
(             libc.so[0xCBC2B000])[79 44       ]0x00010E58:	ADD	R1, PC	;(R1=0x0003D324 PC=0xCBC3BE58 )
(             libc.so[0xCBC2B000])[D1 F8 BC 21 ]0x00010E5A:	LDR.W	R2, [R1, #0X1BC]	;(R1=0xCBC79180 )
(             libc.so[0xCBC2B000])[93 07       ]0x00010E5E:	LSLS	R3, R2, #0X1E	;(R2=0x00000007 )
(             libc.so[0xCBC2B000])[3F D5       ]0x00010E60:	BPL	#0XCBC3BEE2
(             libc.so[0xCBC2B000])[01 F5 E0 70 ]0x00010E62:	ADD.W	R0, R1, #0X1C0	;(R1=0xCBC79180 )
(             libc.so[0xCBC2B000])[FD F7 3C ED ]0x00010E66:	BLX	#0XCBC398E0	;(PC=0xCBC3BE66 )
(             libc.so[0xCBC2B000])[BE FF FF EA ]0x0000E8E0:	B	#0XCBC397E0 ; pthread_mutex_unlock	;(PC=0xCBC398E0 )
(             libc.so[0xCBC2B000])[70 40 2D E9 ]0x0000E7E0:	PUSH	{R4, R5, R6, LR}	;(SP=0x100FFFB0 R4=0x0000001B R5=0x00000000 R6=0x30000488 LR=0xCBC3BE6B )
(             libc.so[0xCBC2B000])[00 40 50 E2 ]0x0000E7E4:	SUBS	R4, R0, #0	;(R0=0xCBC79340 )
(             libc.so[0xCBC2B000])[08 D0 4D E2 ]0x0000E7E8:	SUB	SP, SP, #8	;(SP=0x100FFFA0 )
(             libc.so[0xCBC2B000])[2B 00 00 0A ]0x0000E7EC:	BEQ	#0XCBC398A0	;(PC=0xCBC397EC )
(             libc.so[0xCBC2B000])[00 50 94 E5 ]0x0000E7F0:	LDR	R5, [R4]	;(R4=0xCBC79340 )
(             libc.so[0xCBC2B000])[03 69 15 E2 ]0x0000E7F4:	ANDS	R6, R5, #0XC000	;(R5=0x00000001 )
(             libc.so[0xCBC2B000])[02 1A 05 E2 ]0x0000E7F8:	AND	R1, R5, #0X2000	;(R5=0x00000001 )
(             libc.so[0xCBC2B000])[11 00 00 1A ]0x0000E7FC:	BNE	#0XCBC39848	;(PC=0xCBC397FC )
(             libc.so[0xCBC2B000])[5F F0 7F F5 ]0x0000E800:	DMB	SY
(             libc.so[0xCBC2B000])[9F 2F 94 E1 ]0x0000E804:	LDREX	R2, [R4]	;(R4=0xCBC79340 )
(             libc.so[0xCBC2B000])[01 30 42 E2 ]0x0000E808:	SUB	R3, R2, #1	;(R2=0x00000001 )
(             libc.so[0xCBC2B000])[93 5F 84 E1 ]0x0000E80C:	STREX	R5, R3, [R4]	;(R3=0x00000000 R4=0xCBC79340 )
(             libc.so[0xCBC2B000])[00 00 55 E3 ]0x0000E810:	CMP	R5, #0	;(R5=0x00000000 )
(             libc.so[0xCBC2B000])[FA FF FF 1A ]0x0000E814:	BNE	#0XCBC39804	;(PC=0xCBC39814 )
(             libc.so[0xCBC2B000])[01 C0 81 E3 ]0x0000E818:	ORR	IP, R1, #1	;(R1=0x00000000 )
(             libc.so[0xCBC2B000])[0C 00 52 E1 ]0x0000E81C:	CMP	R2, IP	;(R2=0x00000001 IP=0x00000001 )
(             libc.so[0xCBC2B000])[06 00 00 0A ]0x0000E820:	BEQ	#0XCBC39840	;(PC=0xCBC39820 )
(             libc.so[0xCBC2B000])[00 00 A0 E3 ]0x0000E840:	MOV	R0, #0
(             libc.so[0xCBC2B000])[FB FF FF EA ]0x0000E844:	B	#0XCBC39838	;(PC=0xCBC39844 )
(             libc.so[0xCBC2B000])[08 D0 8D E2 ]0x0000E838:	ADD	SP, SP, #8	;(SP=0x100FFF98 )
(             libc.so[0xCBC2B000])[70 80 BD E8 ]0x0000E83C:	POP	{R4, R5, R6, PC}	;(SP=0x100FFFA0 )
(             libc.so[0xCBC2B000])[3A E0       ]0x00010E6A:	B	#0XCBC3BEE2
(             libc.so[0xCBC2B000])[30 46       ]0x00010EE2:	MOV	R0, R6	;(R6=0x30000488 )
(             libc.so[0xCBC2B000])[BD E8 FE 8F ]0x00010EE4:	POP.W	{R1, R2, R3, R4, R5, R6, R7, R8, SB, SL, FP, PC}	;(SP=0x100FFFB0 )
(             libc.so[0xCBC2B000])[08 BD       ]0x0000DBF8:	POP	{R3, PC}	;(SP=0x100FFFE0 )
(        libstdc++.so[0xCBC8F000])[08 B9       ]0x0000091E:	CBNZ	R0, #0XCBC8F924	;(R0=0x30000488 )
(        libstdc++.so[0xCBC8F000])[08 BD       ]0x00000924:	POP	{R3, PC}	;(SP=0x100FFFE8 )
(  libmakeurl2.4.9.so[0xCBBCB000])[05 46       ]0x00001970:	MOV	R5, R0	;(R0=0x30000488 )
(  libmakeurl2.4.9.so[0xCBBCB000])[1B F0 71 F8 ]0x00001972:	BL	#0XCBBE7A58	;(PC=0xCBBCC972 )
(  libmakeurl2.4.9.so[0xCBBCB000])[07 49       ]0x0001CA58:	LDR	R1, [PC, #0X1C]	;(PC=0xCBBE7A58 )
(  libmakeurl2.4.9.so[0xCBBCB000])[02 46       ]0x0001CA5A:	MOV	R2, R0	;(R0=0x30000488 )
(  libmakeurl2.4.9.so[0xCBBCB000])[79 44       ]0x0001CA5C:	ADD	R1, PC	;(R1=0x000282D8 PC=0xCBBE7A5C )
(  libmakeurl2.4.9.so[0xCBBCB000])[08 31       ]0x0001CA5E:	ADDS	R1, #8	;(R1=0xCBC0FD38 )
(  libmakeurl2.4.9.so[0xCBBCB000])[01 60       ]0x0001CA60:	STR	R1, [R0]	;(R1=0xCBC0FD40 R0=0x30000488 )
(  libmakeurl2.4.9.so[0xCBBCB000])[00 21       ]0x0001CA62:	MOVS	R1, #0
(  libmakeurl2.4.9.so[0xCBBCB000])[42 F8 08 1F ]0x0001CA64:	STR	R1, [R2, #8]!	;(R1=0x00000000 R2=0x30000488 )
(  libmakeurl2.4.9.so[0xCBBCB000])[C1 60       ]0x0001CA68:	STR	R1, [R0, #0XC]	;(R1=0x00000000 R0=0x30000488 )
(  libmakeurl2.4.9.so[0xCBBCB000])[45 F2 78 61 ]0x0001CA6A:	MOVW	R1, #0X5678
(  libmakeurl2.4.9.so[0xCBBCB000])[C1 F2 34 21 ]0x0001CA6E:	MOVT	R1, #0X1234	;(R1=0x00005678 )
(  libmakeurl2.4.9.so[0xCBBCB000])[42 60       ]0x0001CA72:	STR	R2, [R0, #4]	;(R2=0x30000490 R0=0x30000488 )
(  libmakeurl2.4.9.so[0xCBBCB000])[01 61       ]0x0001CA74:	STR	R1, [R0, #0X10]	;(R1=0x12345678 R0=0x30000488 )
(  libmakeurl2.4.9.so[0xCBBCB000])[70 47       ]0x0001CA76:	BX	LR	;(LR=0xCBBCC977 )
(  libmakeurl2.4.9.so[0xCBBCB000])[56 48       ]0x00001976:	LDR	R0, [PC, #0X158]	;(PC=0xCBBCC976 )
(  libmakeurl2.4.9.so[0xCBBCB000])[78 44       ]0x00001978:	ADD	R0, PC	;(R0=0x000438EC PC=0xCBBCC978 )
(  libmakeurl2.4.9.so[0xCBBCB000])[05 60       ]0x0000197A:	STR	R5, [R0]	;(R5=0x30000488 R0=0xCBC10268 )
(  libmakeurl2.4.9.so[0xCBBCB000])[14 20       ]0x0000197C:	MOVS	R0, #0X14
(  libmakeurl2.4.9.so[0xCBBCB000])[FF F7 7E ED ]0x0000197E:	BLX	#0XCBBCC47C	;(PC=0xCBBCC97E )
(  libmakeurl2.4.9.so[0xCBBCB000])[00 C6 8F E2 ]0x0000147C:	ADD	IP, PC, #0, #12	;(PC=0xCBBCC47C )
(  libmakeurl2.4.9.so[0xCBBCB000])[43 CA 8C E2 ]0x00001480:	ADD	IP, IP, #0X43000	;(IP=0xCBBCC484 )
(  libmakeurl2.4.9.so[0xCBBCB000])[00 FB BC E5 ]0x00001484:	LDR	PC, [IP, #0XB00]!	;(IP=0xCBC0F484 )
(        libstdc++.so[0xCBC8F000])[08 B5       ]0x00000918:	PUSH	{R3, LR} ; _Znaj	;(SP=0x100FFFF0 R3=0x00000000 LR=0xCBBCC983 )
(        libstdc++.so[0xCBC8F000])[FF F7 6E EF ]0x0000091A:	BLX	#0XCBC8F7F8	;(PC=0xCBC8F91A )
(        libstdc++.so[0xCBC8F000])[00 C6 8F E2 ]0x000007F8:	ADD	IP, PC, #0, #12	;(PC=0xCBC8F7F8 )
(        libstdc++.so[0xCBC8F000])[01 CA 8C E2 ]0x000007FC:	ADD	IP, IP, #0X1000	;(IP=0xCBC8F800 )
(        libstdc++.so[0xCBC8F000])[F0 F7 BC E5 ]0x00000800:	LDR	PC, [IP, #0X7F0]!	;(IP=0xCBC90800 )
(             libc.so[0xCBC2B000])[08 B5       ]0x0000DBEC:	PUSH	{R3, LR} ; malloc	;(SP=0x100FFFE8 R3=0x00000000 LR=0xCBC8F91F )
(             libc.so[0xCBC2B000])[03 4B       ]0x0000DBEE:	LDR	R3, [PC, #0XC]	;(PC=0xCBC38BEE )
(             libc.so[0xCBC2B000])[7B 44       ]0x0000DBF0:	ADD	R3, PC	;(R3=0x0003C40C PC=0xCBC38BF0 )
(             libc.so[0xCBC2B000])[19 68       ]0x0000DBF2:	LDR	R1, [R3]	;(R3=0xCBC75000 )
(             libc.so[0xCBC2B000])[0A 68       ]0x0000DBF4:	LDR	R2, [R1]	;(R1=0xCBC74E00 )
(             libc.so[0xCBC2B000])[90 47       ]0x0000DBF6:	BLX	R2	;(PC=0xCBC38BF6 R2=0xCBC3ADCD )
(             libc.so[0xCBC2B000])[DF F8 A4 3B ]0x0000FDCC:	LDR.W	R3, [PC, #0XBA4] ; dlmalloc	;(PC=0xCBC3ADCC )
(             libc.so[0xCBC2B000])[2D E9 F7 4F ]0x0000FDD0:	PUSH.W	{R0, R1, R2, R4, R5, R6, R7, R8, SB, SL, FP, LR}	;(SP=0x100FFFE0 R0=0x00000014 R1=0xCBC74E00 R2=0xCBC3ADCD R4=0x00000000 R5=0x30000488 R6=0x00000000 R7=0x100FFFF8 R8=0x00000000 SB=0x00000000 SL=0x00000000 FP=0x00000000 LR=0xCBC38BF9 )
(             libc.so[0xCBC2B000])[7B 44       ]0x0000FDD4:	ADD	R3, PC	;(R3=0x0003E588 PC=0xCBC3ADD4 )
(             libc.so[0xCBC2B000])[04 46       ]0x0000FDD6:	MOV	R4, R0	;(R0=0x00000014 )
(             libc.so[0xCBC2B000])[18 68       ]0x0000FDD8:	LDR	R0, [R3]	;(R3=0xCBC79360 )
(             libc.so[0xCBC2B000])[08 B9       ]0x0000FDDA:	CBNZ	R0, #0XCBC3ADE0	;(R0=0x0B13C7D8 )
(             libc.so[0xCBC2B000])[DF F8 94 1B ]0x0000FDE0:	LDR.W	R1, [PC, #0XB94]	;(PC=0xCBC3ADE0 )
(             libc.so[0xCBC2B000])[79 44       ]0x0000FDE4:	ADD	R1, PC	;(R1=0x0003E398 PC=0xCBC3ADE4 )
(             libc.so[0xCBC2B000])[D1 F8 BC 21 ]0x0000FDE6:	LDR.W	R2, [R1, #0X1BC]	;(R1=0xCBC79180 )
(             libc.so[0xCBC2B000])[93 07       ]0x0000FDEA:	LSLS	R3, R2, #0X1E	;(R2=0x00000007 )
(             libc.so[0xCBC2B000])[02 D4       ]0x0000FDEC:	BMI	#0XCBC3ADF4
(             libc.so[0xCBC2B000])[01 F5 E0 70 ]0x0000FDF4:	ADD.W	R0, R1, #0X1C0	;(R1=0xCBC79180 )
(             libc.so[0xCBC2B000])[00 26       ]0x0000FDF8:	MOVS	R6, #0
(             libc.so[0xCBC2B000])[FE F7 F0 EC ]0x0000FDFA:	BLX	#0XCBC397DC	;(PC=0xCBC3ADFA )
(             libc.so[0xCBC2B000])[90 FF FF EA ]0x0000E7DC:	B	#0XCBC39624 ; pthread_mutex_lock	;(PC=0xCBC397DC )
(             libc.so[0xCBC2B000])[F0 41 2D E9 ]0x0000E624:	PUSH	{R4, R5, R6, R7, R8, LR}	;(SP=0x100FFFB0 R4=0x00000014 R5=0x30000488 R6=0x00000000 R7=0x100FFFF8 R8=0x00000000 LR=0xCBC3ADFF )
(             libc.so[0xCBC2B000])[00 40 50 E2 ]0x0000E628:	SUBS	R4, R0, #0	;(R0=0xCBC79340 )
(             libc.so[0xCBC2B000])[1B 00 00 0A ]0x0000E62C:	BEQ	#0XCBC396A0	;(PC=0xCBC3962C )
(             libc.so[0xCBC2B000])[00 50 94 E5 ]0x0000E630:	LDR	R5, [R4]	;(R4=0xCBC79340 )
(             libc.so[0xCBC2B000])[03 79 15 E2 ]0x0000E634:	ANDS	R7, R5, #0XC000	;(R5=0x00000000 )
(             libc.so[0xCBC2B000])[02 6A 05 E2 ]0x0000E638:	AND	R6, R5, #0X2000	;(R5=0x00000000 )
(             libc.so[0xCBC2B000])[19 00 00 1A ]0x0000E63C:	BNE	#0XCBC396A8	;(PC=0xCBC3963C )
(             libc.so[0xCBC2B000])[01 00 86 E3 ]0x0000E640:	ORR	R0, R6, #1	;(R6=0x00000000 )
(             libc.so[0xCBC2B000])[9F 3F 94 E1 ]0x0000E644:	LDREX	R3, [R4]	;(R4=0xCBC79340 )
(             libc.so[0xCBC2B000])[00 10 A0 E3 ]0x0000E648:	MOV	R1, #0
(             libc.so[0xCBC2B000])[06 00 33 E1 ]0x0000E64C:	TEQ	R3, R6	;(R3=0x00000000 R6=0x00000000 )
(             libc.so[0xCBC2B000])[90 1F 84 01 ]0x0000E650:	STREXEQ	R1, R0, [R4]	;(R0=0x00000001 R4=0xCBC79340 )
(             libc.so[0xCBC2B000])[00 00 51 E3 ]0x0000E654:	CMP	R1, #0	;(R1=0x00000000 )
(             libc.so[0xCBC2B000])[F9 FF FF 1A ]0x0000E658:	BNE	#0XCBC39644	;(PC=0xCBC39658 )
(             libc.so[0xCBC2B000])[03 00 56 E1 ]0x0000E65C:	CMP	R6, R3	;(R6=0x00000000 R3=0x00000000 )
(             libc.so[0xCBC2B000])[02 50 86 13 ]0x0000E660:	ORRNE	R5, R6, #2	;(R6=0x00000000 )
(             libc.so[0xCBC2B000])[01 00 00 1A ]0x0000E664:	BNE	#0XCBC39670	;(PC=0xCBC39664 )
(             libc.so[0xCBC2B000])[09 00 00 EA ]0x0000E668:	B	#0XCBC39694	;(PC=0xCBC39668 )
(             libc.so[0xCBC2B000])[5F F0 7F F5 ]0x0000E694:	DMB	SY
(             libc.so[0xCBC2B000])[00 00 A0 E3 ]0x0000E698:	MOV	R0, #0
(             libc.so[0xCBC2B000])[F0 81 BD E8 ]0x0000E69C:	POP	{R4, R5, R6, R7, R8, PC}	;(SP=0x100FFF98 )
(             libc.so[0xCBC2B000])[00 28       ]0x0000FDFE:	CMP	R0, #0	;(R0=0x00000000 )
(             libc.so[0xCBC2B000])[41 F0 6F 80 ]0x0000FE00:	BNE.W	#0XCBC3BEE2
(             libc.so[0xCBC2B000])[F3 E7       ]0x0000FE04:	B	#0XCBC3ADEE
(             libc.so[0xCBC2B000])[F4 2C       ]0x0000FDEE:	CMP	R4, #0XF4	;(R4=0x00000014 )
(             libc.so[0xCBC2B000])[09 D9       ]0x0000FDF0:	BLS	#0XCBC3AE06
(             libc.so[0xCBC2B000])[0A 2C       ]0x0000FE06:	CMP	R4, #0XA	;(R4=0x00000014 )
(             libc.so[0xCBC2B000])[03 D9       ]0x0000FE08:	BLS	#0XCBC3AE12
(             libc.so[0xCBC2B000])[0B 34       ]0x0000FE0A:	ADDS	R4, #0XB	;(R4=0x00000014 )
(             libc.so[0xCBC2B000])[24 F0 07 04 ]0x0000FE0C:	BIC	R4, R4, #7	;(R4=0x0000001F )
(             libc.so[0xCBC2B000])[00 E0       ]0x0000FE10:	B	#0XCBC3AE14
(             libc.so[0xCBC2B000])[DF F8 68 3B ]0x0000FE14:	LDR.W	R3, [PC, #0XB68]	;(PC=0xCBC3AE14 )
(             libc.so[0xCBC2B000])[E2 08       ]0x0000FE18:	LSRS	R2, R4, #3	;(R4=0x00000018 )
(             libc.so[0xCBC2B000])[7B 44       ]0x0000FE1A:	ADD	R3, PC	;(R3=0x0003E362 PC=0xCBC3AE1A )
(             libc.so[0xCBC2B000])[18 68       ]0x0000FE1C:	LDR	R0, [R3]	;(R3=0xCBC79180 )
(             libc.so[0xCBC2B000])[20 FA 02 F1 ]0x0000FE1E:	LSR.W	R1, R0, R2	;(R0=0x00000000 R2=0x00000003 )
(             libc.so[0xCBC2B000])[01 90       ]0x0000FE22:	STR	R0, [SP, #4]	;(R0=0x00000000 SP=0x100FFFB0 )
(             libc.so[0xCBC2B000])[8E 07       ]0x0000FE24:	LSLS	R6, R1, #0X1E	;(R1=0x00000000 )
(             libc.so[0xCBC2B000])[21 D0       ]0x0000FE26:	BEQ	#0XCBC3AE6C
(             libc.so[0xCBC2B000])[9D 68       ]0x0000FE6C:	LDR	R5, [R3, #8]	;(R3=0xCBC79180 )
(             libc.so[0xCBC2B000])[AC 42       ]0x0000FE6E:	CMP	R4, R5	;(R4=0x00000018 R5=0x00000000 )
(             libc.so[0xCBC2B000])[40 F2 3F 83 ]0x0000FE70:	BLS.W	#0XCBC3B4F2
(             libc.so[0xCBC2B000])[00 29       ]0x0000FE74:	CMP	R1, #0	;(R1=0x00000000 )
(             libc.so[0xCBC2B000])[74 D0       ]0x0000FE76:	BEQ	#0XCBC3AF62
(             libc.so[0xCBC2B000])[D3 F8 04 80 ]0x0000FF62:	LDR.W	R8, [R3, #4]	;(R3=0xCBC79180 )
(             libc.so[0xCBC2B000])[B8 F1 00 0F ]0x0000FF66:	CMP.W	R8, #0	;(R8=0x00000000 )
(             libc.so[0xCBC2B000])[00 F0 C2 82 ]0x0000FF6A:	BEQ.W	#0XCBC3B4F2
(             libc.so[0xCBC2B000])[DF F8 E0 34 ]0x000104F2:	LDR.W	R3, [PC, #0X4E0]	;(PC=0xCBC3B4F2 )
(             libc.so[0xCBC2B000])[7B 44       ]0x000104F6:	ADD	R3, PC	;(R3=0x0003DC86 PC=0xCBC3B4F6 )
(             libc.so[0xCBC2B000])[98 68       ]0x000104F8:	LDR	R0, [R3, #8]	;(R3=0xCBC79180 )
(             libc.so[0xCBC2B000])[84 42       ]0x000104FA:	CMP	R4, R0	;(R4=0x00000018 R0=0x00000000 )
(             libc.so[0xCBC2B000])[19 D8       ]0x000104FC:	BHI	#0XCBC3B532
(             libc.so[0xCBC2B000])[DE 68       ]0x00010532:	LDR	R6, [R3, #0XC]	;(R3=0xCBC79180 )
(             libc.so[0xCBC2B000])[B4 42       ]0x00010534:	CMP	R4, R6	;(R4=0x00000018 R6=0x00000B40 )
(             libc.so[0xCBC2B000])[01 D2       ]0x00010536:	BHS	#0XCBC3B53C
(             libc.so[0xCBC2B000])[00 F0 7B BC ]0x00010538:	B.W	#0XCBC3BE32
(             libc.so[0xCBC2B000])[30 1B       ]0x00010E32:	SUBS	R0, R6, R4	;(R6=0x00000B40 R4=0x00000018 )
(             libc.so[0xCBC2B000])[9E 69       ]0x00010E34:	LDR	R6, [R3, #0X18]	;(R3=0xCBC79180 )
(             libc.so[0xCBC2B000])[D8 60       ]0x00010E36:	STR	R0, [R3, #0XC]	;(R0=0x00000B28 R3=0xCBC79180 )
(             libc.so[0xCBC2B000])[32 19       ]0x00010E38:	ADDS	R2, R6, R4	;(R6=0x30000498 R4=0x00000018 )
(             libc.so[0xCBC2B000])[9A 61       ]0x00010E3A:	STR	R2, [R3, #0X18]	;(R2=0x300004B0 R3=0xCBC79180 )
(             libc.so[0xCBC2B000])[40 F0 01 03 ]0x00010E3C:	ORR	R3, R0, #1	;(R0=0x00000B28 )
(             libc.so[0xCBC2B000])[53 60       ]0x00010E40:	STR	R3, [R2, #4]	;(R3=0x00000B29 R2=0x300004B0 )
(             libc.so[0xCBC2B000])[44 F0 03 04 ]0x00010E42:	ORR	R4, R4, #3	;(R4=0x00000018 )
(             libc.so[0xCBC2B000])[74 60       ]0x00010E46:	STR	R4, [R6, #4]	;(R4=0x0000001B R6=0x30000498 )
(             libc.so[0xCBC2B000])[08 36       ]0x00010E48:	ADDS	R6, #8	;(R6=0x30000498 )
(             libc.so[0xCBC2B000])[04 E0       ]0x00010E4A:	B	#0XCBC3BE56
(             libc.so[0xCBC2B000])[35 49       ]0x00010E56:	LDR	R1, [PC, #0XD4]	;(PC=0xCBC3BE56 )
(             libc.so[0xCBC2B000])[79 44       ]0x00010E58:	ADD	R1, PC	;(R1=0x0003D324 PC=0xCBC3BE58 )
(             libc.so[0xCBC2B000])[D1 F8 BC 21 ]0x00010E5A:	LDR.W	R2, [R1, #0X1BC]	;(R1=0xCBC79180 )
(             libc.so[0xCBC2B000])[93 07       ]0x00010E5E:	LSLS	R3, R2, #0X1E	;(R2=0x00000007 )
(             libc.so[0xCBC2B000])[3F D5       ]0x00010E60:	BPL	#0XCBC3BEE2
(             libc.so[0xCBC2B000])[01 F5 E0 70 ]0x00010E62:	ADD.W	R0, R1, #0X1C0	;(R1=0xCBC79180 )
(             libc.so[0xCBC2B000])[FD F7 3C ED ]0x00010E66:	BLX	#0XCBC398E0	;(PC=0xCBC3BE66 )
(             libc.so[0xCBC2B000])[BE FF FF EA ]0x0000E8E0:	B	#0XCBC397E0 ; pthread_mutex_unlock	;(PC=0xCBC398E0 )
(             libc.so[0xCBC2B000])[70 40 2D E9 ]0x0000E7E0:	PUSH	{R4, R5, R6, LR}	;(SP=0x100FFFB0 R4=0x0000001B R5=0x00000000 R6=0x300004A0 LR=0xCBC3BE6B )
(             libc.so[0xCBC2B000])[00 40 50 E2 ]0x0000E7E4:	SUBS	R4, R0, #0	;(R0=0xCBC79340 )
(             libc.so[0xCBC2B000])[08 D0 4D E2 ]0x0000E7E8:	SUB	SP, SP, #8	;(SP=0x100FFFA0 )
(             libc.so[0xCBC2B000])[2B 00 00 0A ]0x0000E7EC:	BEQ	#0XCBC398A0	;(PC=0xCBC397EC )
(             libc.so[0xCBC2B000])[00 50 94 E5 ]0x0000E7F0:	LDR	R5, [R4]	;(R4=0xCBC79340 )
(             libc.so[0xCBC2B000])[03 69 15 E2 ]0x0000E7F4:	ANDS	R6, R5, #0XC000	;(R5=0x00000001 )
(             libc.so[0xCBC2B000])[02 1A 05 E2 ]0x0000E7F8:	AND	R1, R5, #0X2000	;(R5=0x00000001 )
(             libc.so[0xCBC2B000])[11 00 00 1A ]0x0000E7FC:	BNE	#0XCBC39848	;(PC=0xCBC397FC )
(             libc.so[0xCBC2B000])[5F F0 7F F5 ]0x0000E800:	DMB	SY
(             libc.so[0xCBC2B000])[9F 2F 94 E1 ]0x0000E804:	LDREX	R2, [R4]	;(R4=0xCBC79340 )
(             libc.so[0xCBC2B000])[01 30 42 E2 ]0x0000E808:	SUB	R3, R2, #1	;(R2=0x00000001 )
(             libc.so[0xCBC2B000])[93 5F 84 E1 ]0x0000E80C:	STREX	R5, R3, [R4]	;(R3=0x00000000 R4=0xCBC79340 )
(             libc.so[0xCBC2B000])[00 00 55 E3 ]0x0000E810:	CMP	R5, #0	;(R5=0x00000000 )
(             libc.so[0xCBC2B000])[FA FF FF 1A ]0x0000E814:	BNE	#0XCBC39804	;(PC=0xCBC39814 )
(             libc.so[0xCBC2B000])[01 C0 81 E3 ]0x0000E818:	ORR	IP, R1, #1	;(R1=0x00000000 )
(             libc.so[0xCBC2B000])[0C 00 52 E1 ]0x0000E81C:	CMP	R2, IP	;(R2=0x00000001 IP=0x00000001 )
(             libc.so[0xCBC2B000])[06 00 00 0A ]0x0000E820:	BEQ	#0XCBC39840	;(PC=0xCBC39820 )
(             libc.so[0xCBC2B000])[00 00 A0 E3 ]0x0000E840:	MOV	R0, #0
(             libc.so[0xCBC2B000])[FB FF FF EA ]0x0000E844:	B	#0XCBC39838	;(PC=0xCBC39844 )
(             libc.so[0xCBC2B000])[08 D0 8D E2 ]0x0000E838:	ADD	SP, SP, #8	;(SP=0x100FFF98 )
(             libc.so[0xCBC2B000])[70 80 BD E8 ]0x0000E83C:	POP	{R4, R5, R6, PC}	;(SP=0x100FFFA0 )
(             libc.so[0xCBC2B000])[3A E0       ]0x00010E6A:	B	#0XCBC3BEE2
(             libc.so[0xCBC2B000])[30 46       ]0x00010EE2:	MOV	R0, R6	;(R6=0x300004A0 )
(             libc.so[0xCBC2B000])[BD E8 FE 8F ]0x00010EE4:	POP.W	{R1, R2, R3, R4, R5, R6, R7, R8, SB, SL, FP, PC}	;(SP=0x100FFFB0 )
(             libc.so[0xCBC2B000])[08 BD       ]0x0000DBF8:	POP	{R3, PC}	;(SP=0x100FFFE0 )
(        libstdc++.so[0xCBC8F000])[08 B9       ]0x0000091E:	CBNZ	R0, #0XCBC8F924	;(R0=0x300004A0 )
(        libstdc++.so[0xCBC8F000])[08 BD       ]0x00000924:	POP	{R3, PC}	;(SP=0x100FFFE8 )
(  libmakeurl2.4.9.so[0xCBBCB000])[05 46       ]0x00001982:	MOV	R5, R0	;(R0=0x300004A0 )
(  libmakeurl2.4.9.so[0xCBBCB000])[1B F0 68 F8 ]0x00001984:	BL	#0XCBBE7A58	;(PC=0xCBBCC984 )
(  libmakeurl2.4.9.so[0xCBBCB000])[07 49       ]0x0001CA58:	LDR	R1, [PC, #0X1C]	;(PC=0xCBBE7A58 )
(  libmakeurl2.4.9.so[0xCBBCB000])[02 46       ]0x0001CA5A:	MOV	R2, R0	;(R0=0x300004A0 )
(  libmakeurl2.4.9.so[0xCBBCB000])[79 44       ]0x0001CA5C:	ADD	R1, PC	;(R1=0x000282D8 PC=0xCBBE7A5C )
(  libmakeurl2.4.9.so[0xCBBCB000])[08 31       ]0x0001CA5E:	ADDS	R1, #8	;(R1=0xCBC0FD38 )
(  libmakeurl2.4.9.so[0xCBBCB000])[01 60       ]0x0001CA60:	STR	R1, [R0]	;(R1=0xCBC0FD40 R0=0x300004A0 )
(  libmakeurl2.4.9.so[0xCBBCB000])[00 21       ]0x0001CA62:	MOVS	R1, #0
(  libmakeurl2.4.9.so[0xCBBCB000])[42 F8 08 1F ]0x0001CA64:	STR	R1, [R2, #8]!	;(R1=0x00000000 R2=0x300004A0 )
(  libmakeurl2.4.9.so[0xCBBCB000])[C1 60       ]0x0001CA68:	STR	R1, [R0, #0XC]	;(R1=0x00000000 R0=0x300004A0 )
(  libmakeurl2.4.9.so[0xCBBCB000])[45 F2 78 61 ]0x0001CA6A:	MOVW	R1, #0X5678
(  libmakeurl2.4.9.so[0xCBBCB000])[C1 F2 34 21 ]0x0001CA6E:	MOVT	R1, #0X1234	;(R1=0x00005678 )
(  libmakeurl2.4.9.so[0xCBBCB000])[42 60       ]0x0001CA72:	STR	R2, [R0, #4]	;(R2=0x300004A8 R0=0x300004A0 )
(  libmakeurl2.4.9.so[0xCBBCB000])[01 61       ]0x0001CA74:	STR	R1, [R0, #0X10]	;(R1=0x12345678 R0=0x300004A0 )
(  libmakeurl2.4.9.so[0xCBBCB000])[70 47       ]0x0001CA76:	BX	LR	;(LR=0xCBBCC989 )
(  libmakeurl2.4.9.so[0xCBBCB000])[52 48       ]0x00001988:	LDR	R0, [PC, #0X148]	;(PC=0xCBBCC988 )
(  libmakeurl2.4.9.so[0xCBBCB000])[78 44       ]0x0000198A:	ADD	R0, PC	;(R0=0x000438DE PC=0xCBBCC98A )
(  libmakeurl2.4.9.so[0xCBBCB000])[05 60       ]0x0000198C:	STR	R5, [R0]	;(R5=0x300004A0 R0=0xCBC1026C )
(  libmakeurl2.4.9.so[0xCBBCB000])[14 20       ]0x0000198E:	MOVS	R0, #0X14
(  libmakeurl2.4.9.so[0xCBBCB000])[FF F7 74 ED ]0x00001990:	BLX	#0XCBBCC47C	;(PC=0xCBBCC990 )
(  libmakeurl2.4.9.so[0xCBBCB000])[00 C6 8F E2 ]0x0000147C:	ADD	IP, PC, #0, #12	;(PC=0xCBBCC47C )
(  libmakeurl2.4.9.so[0xCBBCB000])[43 CA 8C E2 ]0x00001480:	ADD	IP, IP, #0X43000	;(IP=0xCBBCC484 )
(  libmakeurl2.4.9.so[0xCBBCB000])[00 FB BC E5 ]0x00001484:	LDR	PC, [IP, #0XB00]!	;(IP=0xCBC0F484 )
(        libstdc++.so[0xCBC8F000])[08 B5       ]0x00000918:	PUSH	{R3, LR} ; _Znaj	;(SP=0x100FFFF0 R3=0x00000000 LR=0xCBBCC995 )
(        libstdc++.so[0xCBC8F000])[FF F7 6E EF ]0x0000091A:	BLX	#0XCBC8F7F8	;(PC=0xCBC8F91A )
(        libstdc++.so[0xCBC8F000])[00 C6 8F E2 ]0x000007F8:	ADD	IP, PC, #0, #12	;(PC=0xCBC8F7F8 )
(        libstdc++.so[0xCBC8F000])[01 CA 8C E2 ]0x000007FC:	ADD	IP, IP, #0X1000	;(IP=0xCBC8F800 )
(        libstdc++.so[0xCBC8F000])[F0 F7 BC E5 ]0x00000800:	LDR	PC, [IP, #0X7F0]!	;(IP=0xCBC90800 )
(             libc.so[0xCBC2B000])[08 B5       ]0x0000DBEC:	PUSH	{R3, LR} ; malloc	;(SP=0x100FFFE8 R3=0x00000000 LR=0xCBC8F91F )
(             libc.so[0xCBC2B000])[03 4B       ]0x0000DBEE:	LDR	R3, [PC, #0XC]	;(PC=0xCBC38BEE )
(             libc.so[0xCBC2B000])[7B 44       ]0x0000DBF0:	ADD	R3, PC	;(R3=0x0003C40C PC=0xCBC38BF0 )
(             libc.so[0xCBC2B000])[19 68       ]0x0000DBF2:	LDR	R1, [R3]	;(R3=0xCBC75000 )
(             libc.so[0xCBC2B000])[0A 68       ]0x0000DBF4:	LDR	R2, [R1]	;(R1=0xCBC74E00 )
(             libc.so[0xCBC2B000])[90 47       ]0x0000DBF6:	BLX	R2	;(PC=0xCBC38BF6 R2=0xCBC3ADCD )
(             libc.so[0xCBC2B000])[DF F8 A4 3B ]0x0000FDCC:	LDR.W	R3, [PC, #0XBA4] ; dlmalloc	;(PC=0xCBC3ADCC )
(             libc.so[0xCBC2B000])[2D E9 F7 4F ]0x0000FDD0:	PUSH.W	{R0, R1, R2, R4, R5, R6, R7, R8, SB, SL, FP, LR}	;(SP=0x100FFFE0 R0=0x00000014 R1=0xCBC74E00 R2=0xCBC3ADCD R4=0x00000000 R5=0x300004A0 R6=0x00000000 R7=0x100FFFF8 R8=0x00000000 SB=0x00000000 SL=0x00000000 FP=0x00000000 LR=0xCBC38BF9 )
(             libc.so[0xCBC2B000])[7B 44       ]0x0000FDD4:	ADD	R3, PC	;(R3=0x0003E588 PC=0xCBC3ADD4 )
(             libc.so[0xCBC2B000])[04 46       ]0x0000FDD6:	MOV	R4, R0	;(R0=0x00000014 )
(             libc.so[0xCBC2B000])[18 68       ]0x0000FDD8:	LDR	R0, [R3]	;(R3=0xCBC79360 )
(             libc.so[0xCBC2B000])[08 B9       ]0x0000FDDA:	CBNZ	R0, #0XCBC3ADE0	;(R0=0x0B13C7D8 )
(             libc.so[0xCBC2B000])[DF F8 94 1B ]0x0000FDE0:	LDR.W	R1, [PC, #0XB94]	;(PC=0xCBC3ADE0 )
(             libc.so[0xCBC2B000])[79 44       ]0x0000FDE4:	ADD	R1, PC	;(R1=0x0003E398 PC=0xCBC3ADE4 )
(             libc.so[0xCBC2B000])[D1 F8 BC 21 ]0x0000FDE6:	LDR.W	R2, [R1, #0X1BC]	;(R1=0xCBC79180 )
(             libc.so[0xCBC2B000])[93 07       ]0x0000FDEA:	LSLS	R3, R2, #0X1E	;(R2=0x00000007 )
(             libc.so[0xCBC2B000])[02 D4       ]0x0000FDEC:	BMI	#0XCBC3ADF4
(             libc.so[0xCBC2B000])[01 F5 E0 70 ]0x0000FDF4:	ADD.W	R0, R1, #0X1C0	;(R1=0xCBC79180 )
(             libc.so[0xCBC2B000])[00 26       ]0x0000FDF8:	MOVS	R6, #0
(             libc.so[0xCBC2B000])[FE F7 F0 EC ]0x0000FDFA:	BLX	#0XCBC397DC	;(PC=0xCBC3ADFA )
(             libc.so[0xCBC2B000])[90 FF FF EA ]0x0000E7DC:	B	#0XCBC39624 ; pthread_mutex_lock	;(PC=0xCBC397DC )
(             libc.so[0xCBC2B000])[F0 41 2D E9 ]0x0000E624:	PUSH	{R4, R5, R6, R7, R8, LR}	;(SP=0x100FFFB0 R4=0x00000014 R5=0x300004A0 R6=0x00000000 R7=0x100FFFF8 R8=0x00000000 LR=0xCBC3ADFF )
(             libc.so[0xCBC2B000])[00 40 50 E2 ]0x0000E628:	SUBS	R4, R0, #0	;(R0=0xCBC79340 )
(             libc.so[0xCBC2B000])[1B 00 00 0A ]0x0000E62C:	BEQ	#0XCBC396A0	;(PC=0xCBC3962C )
(             libc.so[0xCBC2B000])[00 50 94 E5 ]0x0000E630:	LDR	R5, [R4]	;(R4=0xCBC79340 )
(             libc.so[0xCBC2B000])[03 79 15 E2 ]0x0000E634:	ANDS	R7, R5, #0XC000	;(R5=0x00000000 )
(             libc.so[0xCBC2B000])[02 6A 05 E2 ]0x0000E638:	AND	R6, R5, #0X2000	;(R5=0x00000000 )
(             libc.so[0xCBC2B000])[19 00 00 1A ]0x0000E63C:	BNE	#0XCBC396A8	;(PC=0xCBC3963C )
(             libc.so[0xCBC2B000])[01 00 86 E3 ]0x0000E640:	ORR	R0, R6, #1	;(R6=0x00000000 )
(             libc.so[0xCBC2B000])[9F 3F 94 E1 ]0x0000E644:	LDREX	R3, [R4]	;(R4=0xCBC79340 )
(             libc.so[0xCBC2B000])[00 10 A0 E3 ]0x0000E648:	MOV	R1, #0
(             libc.so[0xCBC2B000])[06 00 33 E1 ]0x0000E64C:	TEQ	R3, R6	;(R3=0x00000000 R6=0x00000000 )
(             libc.so[0xCBC2B000])[90 1F 84 01 ]0x0000E650:	STREXEQ	R1, R0, [R4]	;(R0=0x00000001 R4=0xCBC79340 )
(             libc.so[0xCBC2B000])[00 00 51 E3 ]0x0000E654:	CMP	R1, #0	;(R1=0x00000000 )
(             libc.so[0xCBC2B000])[F9 FF FF 1A ]0x0000E658:	BNE	#0XCBC39644	;(PC=0xCBC39658 )
(             libc.so[0xCBC2B000])[03 00 56 E1 ]0x0000E65C:	CMP	R6, R3	;(R6=0x00000000 R3=0x00000000 )
(             libc.so[0xCBC2B000])[02 50 86 13 ]0x0000E660:	ORRNE	R5, R6, #2	;(R6=0x00000000 )
(             libc.so[0xCBC2B000])[01 00 00 1A ]0x0000E664:	BNE	#0XCBC39670	;(PC=0xCBC39664 )
(             libc.so[0xCBC2B000])[09 00 00 EA ]0x0000E668:	B	#0XCBC39694	;(PC=0xCBC39668 )
(             libc.so[0xCBC2B000])[5F F0 7F F5 ]0x0000E694:	DMB	SY
(             libc.so[0xCBC2B000])[00 00 A0 E3 ]0x0000E698:	MOV	R0, #0
(             libc.so[0xCBC2B000])[F0 81 BD E8 ]0x0000E69C:	POP	{R4, R5, R6, R7, R8, PC}	;(SP=0x100FFF98 )
(             libc.so[0xCBC2B000])[00 28       ]0x0000FDFE:	CMP	R0, #0	;(R0=0x00000000 )
(             libc.so[0xCBC2B000])[41 F0 6F 80 ]0x0000FE00:	BNE.W	#0XCBC3BEE2
(             libc.so[0xCBC2B000])[F3 E7       ]0x0000FE04:	B	#0XCBC3ADEE
(             libc.so[0xCBC2B000])[F4 2C       ]0x0000FDEE:	CMP	R4, #0XF4	;(R4=0x00000014 )
(             libc.so[0xCBC2B000])[09 D9       ]0x0000FDF0:	BLS	#0XCBC3AE06
(             libc.so[0xCBC2B000])[0A 2C       ]0x0000FE06:	CMP	R4, #0XA	;(R4=0x00000014 )
(             libc.so[0xCBC2B000])[03 D9       ]0x0000FE08:	BLS	#0XCBC3AE12
(             libc.so[0xCBC2B000])[0B 34       ]0x0000FE0A:	ADDS	R4, #0XB	;(R4=0x00000014 )
(             libc.so[0xCBC2B000])[24 F0 07 04 ]0x0000FE0C:	BIC	R4, R4, #7	;(R4=0x0000001F )
(             libc.so[0xCBC2B000])[00 E0       ]0x0000FE10:	B	#0XCBC3AE14
(             libc.so[0xCBC2B000])[DF F8 68 3B ]0x0000FE14:	LDR.W	R3, [PC, #0XB68]	;(PC=0xCBC3AE14 )
(             libc.so[0xCBC2B000])[E2 08       ]0x0000FE18:	LSRS	R2, R4, #3	;(R4=0x00000018 )
(             libc.so[0xCBC2B000])[7B 44       ]0x0000FE1A:	ADD	R3, PC	;(R3=0x0003E362 PC=0xCBC3AE1A )
(             libc.so[0xCBC2B000])[18 68       ]0x0000FE1C:	LDR	R0, [R3]	;(R3=0xCBC79180 )
(             libc.so[0xCBC2B000])[20 FA 02 F1 ]0x0000FE1E:	LSR.W	R1, R0, R2	;(R0=0x00000000 R2=0x00000003 )
(             libc.so[0xCBC2B000])[01 90       ]0x0000FE22:	STR	R0, [SP, #4]	;(R0=0x00000000 SP=0x100FFFB0 )
(             libc.so[0xCBC2B000])[8E 07       ]0x0000FE24:	LSLS	R6, R1, #0X1E	;(R1=0x00000000 )
(             libc.so[0xCBC2B000])[21 D0       ]0x0000FE26:	BEQ	#0XCBC3AE6C
(             libc.so[0xCBC2B000])[9D 68       ]0x0000FE6C:	LDR	R5, [R3, #8]	;(R3=0xCBC79180 )
(             libc.so[0xCBC2B000])[AC 42       ]0x0000FE6E:	CMP	R4, R5	;(R4=0x00000018 R5=0x00000000 )
(             libc.so[0xCBC2B000])[40 F2 3F 83 ]0x0000FE70:	BLS.W	#0XCBC3B4F2
(             libc.so[0xCBC2B000])[00 29       ]0x0000FE74:	CMP	R1, #0	;(R1=0x00000000 )
(             libc.so[0xCBC2B000])[74 D0       ]0x0000FE76:	BEQ	#0XCBC3AF62
(             libc.so[0xCBC2B000])[D3 F8 04 80 ]0x0000FF62:	LDR.W	R8, [R3, #4]	;(R3=0xCBC79180 )
(             libc.so[0xCBC2B000])[B8 F1 00 0F ]0x0000FF66:	CMP.W	R8, #0	;(R8=0x00000000 )
(             libc.so[0xCBC2B000])[00 F0 C2 82 ]0x0000FF6A:	BEQ.W	#0XCBC3B4F2
(             libc.so[0xCBC2B000])[DF F8 E0 34 ]0x000104F2:	LDR.W	R3, [PC, #0X4E0]	;(PC=0xCBC3B4F2 )
(             libc.so[0xCBC2B000])[7B 44       ]0x000104F6:	ADD	R3, PC	;(R3=0x0003DC86 PC=0xCBC3B4F6 )
(             libc.so[0xCBC2B000])[98 68       ]0x000104F8:	LDR	R0, [R3, #8]	;(R3=0xCBC79180 )
(             libc.so[0xCBC2B000])[84 42       ]0x000104FA:	CMP	R4, R0	;(R4=0x00000018 R0=0x00000000 )
(             libc.so[0xCBC2B000])[19 D8       ]0x000104FC:	BHI	#0XCBC3B532
(             libc.so[0xCBC2B000])[DE 68       ]0x00010532:	LDR	R6, [R3, #0XC]	;(R3=0xCBC79180 )
(             libc.so[0xCBC2B000])[B4 42       ]0x00010534:	CMP	R4, R6	;(R4=0x00000018 R6=0x00000B28 )
(             libc.so[0xCBC2B000])[01 D2       ]0x00010536:	BHS	#0XCBC3B53C
(             libc.so[0xCBC2B000])[00 F0 7B BC ]0x00010538:	B.W	#0XCBC3BE32
(             libc.so[0xCBC2B000])[30 1B       ]0x00010E32:	SUBS	R0, R6, R4	;(R6=0x00000B28 R4=0x00000018 )
(             libc.so[0xCBC2B000])[9E 69       ]0x00010E34:	LDR	R6, [R3, #0X18]	;(R3=0xCBC79180 )
(             libc.so[0xCBC2B000])[D8 60       ]0x00010E36:	STR	R0, [R3, #0XC]	;(R0=0x00000B10 R3=0xCBC79180 )
(             libc.so[0xCBC2B000])[32 19       ]0x00010E38:	ADDS	R2, R6, R4	;(R6=0x300004B0 R4=0x00000018 )
(             libc.so[0xCBC2B000])[9A 61       ]0x00010E3A:	STR	R2, [R3, #0X18]	;(R2=0x300004C8 R3=0xCBC79180 )
(             libc.so[0xCBC2B000])[40 F0 01 03 ]0x00010E3C:	ORR	R3, R0, #1	;(R0=0x00000B10 )
(             libc.so[0xCBC2B000])[53 60       ]0x00010E40:	STR	R3, [R2, #4]	;(R3=0x00000B11 R2=0x300004C8 )
(             libc.so[0xCBC2B000])[44 F0 03 04 ]0x00010E42:	ORR	R4, R4, #3	;(R4=0x00000018 )
(             libc.so[0xCBC2B000])[74 60       ]0x00010E46:	STR	R4, [R6, #4]	;(R4=0x0000001B R6=0x300004B0 )
(             libc.so[0xCBC2B000])[08 36       ]0x00010E48:	ADDS	R6, #8	;(R6=0x300004B0 )
(             libc.so[0xCBC2B000])[04 E0       ]0x00010E4A:	B	#0XCBC3BE56
(             libc.so[0xCBC2B000])[35 49       ]0x00010E56:	LDR	R1, [PC, #0XD4]	;(PC=0xCBC3BE56 )
(             libc.so[0xCBC2B000])[79 44       ]0x00010E58:	ADD	R1, PC	;(R1=0x0003D324 PC=0xCBC3BE58 )
(             libc.so[0xCBC2B000])[D1 F8 BC 21 ]0x00010E5A:	LDR.W	R2, [R1, #0X1BC]	;(R1=0xCBC79180 )
(             libc.so[0xCBC2B000])[93 07       ]0x00010E5E:	LSLS	R3, R2, #0X1E	;(R2=0x00000007 )
(             libc.so[0xCBC2B000])[3F D5       ]0x00010E60:	BPL	#0XCBC3BEE2
(             libc.so[0xCBC2B000])[01 F5 E0 70 ]0x00010E62:	ADD.W	R0, R1, #0X1C0	;(R1=0xCBC79180 )
(             libc.so[0xCBC2B000])[FD F7 3C ED ]0x00010E66:	BLX	#0XCBC398E0	;(PC=0xCBC3BE66 )
(             libc.so[0xCBC2B000])[BE FF FF EA ]0x0000E8E0:	B	#0XCBC397E0 ; pthread_mutex_unlock	;(PC=0xCBC398E0 )
(             libc.so[0xCBC2B000])[70 40 2D E9 ]0x0000E7E0:	PUSH	{R4, R5, R6, LR}	;(SP=0x100FFFB0 R4=0x0000001B R5=0x00000000 R6=0x300004B8 LR=0xCBC3BE6B )
(             libc.so[0xCBC2B000])[00 40 50 E2 ]0x0000E7E4:	SUBS	R4, R0, #0	;(R0=0xCBC79340 )
(             libc.so[0xCBC2B000])[08 D0 4D E2 ]0x0000E7E8:	SUB	SP, SP, #8	;(SP=0x100FFFA0 )
(             libc.so[0xCBC2B000])[2B 00 00 0A ]0x0000E7EC:	BEQ	#0XCBC398A0	;(PC=0xCBC397EC )
(             libc.so[0xCBC2B000])[00 50 94 E5 ]0x0000E7F0:	LDR	R5, [R4]	;(R4=0xCBC79340 )
(             libc.so[0xCBC2B000])[03 69 15 E2 ]0x0000E7F4:	ANDS	R6, R5, #0XC000	;(R5=0x00000001 )
(             libc.so[0xCBC2B000])[02 1A 05 E2 ]0x0000E7F8:	AND	R1, R5, #0X2000	;(R5=0x00000001 )
(             libc.so[0xCBC2B000])[11 00 00 1A ]0x0000E7FC:	BNE	#0XCBC39848	;(PC=0xCBC397FC )
(             libc.so[0xCBC2B000])[5F F0 7F F5 ]0x0000E800:	DMB	SY
(             libc.so[0xCBC2B000])[9F 2F 94 E1 ]0x0000E804:	LDREX	R2, [R4]	;(R4=0xCBC79340 )
(             libc.so[0xCBC2B000])[01 30 42 E2 ]0x0000E808:	SUB	R3, R2, #1	;(R2=0x00000001 )
(             libc.so[0xCBC2B000])[93 5F 84 E1 ]0x0000E80C:	STREX	R5, R3, [R4]	;(R3=0x00000000 R4=0xCBC79340 )
(             libc.so[0xCBC2B000])[00 00 55 E3 ]0x0000E810:	CMP	R5, #0	;(R5=0x00000000 )
(             libc.so[0xCBC2B000])[FA FF FF 1A ]0x0000E814:	BNE	#0XCBC39804	;(PC=0xCBC39814 )
(             libc.so[0xCBC2B000])[01 C0 81 E3 ]0x0000E818:	ORR	IP, R1, #1	;(R1=0x00000000 )
(             libc.so[0xCBC2B000])[0C 00 52 E1 ]0x0000E81C:	CMP	R2, IP	;(R2=0x00000001 IP=0x00000001 )
(             libc.so[0xCBC2B000])[06 00 00 0A ]0x0000E820:	BEQ	#0XCBC39840	;(PC=0xCBC39820 )
(             libc.so[0xCBC2B000])[00 00 A0 E3 ]0x0000E840:	MOV	R0, #0
(             libc.so[0xCBC2B000])[FB FF FF EA ]0x0000E844:	B	#0XCBC39838	;(PC=0xCBC39844 )
(             libc.so[0xCBC2B000])[08 D0 8D E2 ]0x0000E838:	ADD	SP, SP, #8	;(SP=0x100FFF98 )
(             libc.so[0xCBC2B000])[70 80 BD E8 ]0x0000E83C:	POP	{R4, R5, R6, PC}	;(SP=0x100FFFA0 )
(             libc.so[0xCBC2B000])[3A E0       ]0x00010E6A:	B	#0XCBC3BEE2
(             libc.so[0xCBC2B000])[30 46       ]0x00010EE2:	MOV	R0, R6	;(R6=0x300004B8 )
(             libc.so[0xCBC2B000])[BD E8 FE 8F ]0x00010EE4:	POP.W	{R1, R2, R3, R4, R5, R6, R7, R8, SB, SL, FP, PC}	;(SP=0x100FFFB0 )
(             libc.so[0xCBC2B000])[08 BD       ]0x0000DBF8:	POP	{R3, PC}	;(SP=0x100FFFE0 )
(        libstdc++.so[0xCBC8F000])[08 B9       ]0x0000091E:	CBNZ	R0, #0XCBC8F924	;(R0=0x300004B8 )
(        libstdc++.so[0xCBC8F000])[08 BD       ]0x00000924:	POP	{R3, PC}	;(SP=0x100FFFE8 )
(  libmakeurl2.4.9.so[0xCBBCB000])[05 46       ]0x00001994:	MOV	R5, R0	;(R0=0x300004B8 )
(  libmakeurl2.4.9.so[0xCBBCB000])[1B F0 5F F8 ]0x00001996:	BL	#0XCBBE7A58	;(PC=0xCBBCC996 )
(  libmakeurl2.4.9.so[0xCBBCB000])[07 49       ]0x0001CA58:	LDR	R1, [PC, #0X1C]	;(PC=0xCBBE7A58 )
(  libmakeurl2.4.9.so[0xCBBCB000])[02 46       ]0x0001CA5A:	MOV	R2, R0	;(R0=0x300004B8 )
(  libmakeurl2.4.9.so[0xCBBCB000])[79 44       ]0x0001CA5C:	ADD	R1, PC	;(R1=0x000282D8 PC=0xCBBE7A5C )
(  libmakeurl2.4.9.so[0xCBBCB000])[08 31       ]0x0001CA5E:	ADDS	R1, #8	;(R1=0xCBC0FD38 )
(  libmakeurl2.4.9.so[0xCBBCB000])[01 60       ]0x0001CA60:	STR	R1, [R0]	;(R1=0xCBC0FD40 R0=0x300004B8 )
(  libmakeurl2.4.9.so[0xCBBCB000])[00 21       ]0x0001CA62:	MOVS	R1, #0
(  libmakeurl2.4.9.so[0xCBBCB000])[42 F8 08 1F ]0x0001CA64:	STR	R1, [R2, #8]!	;(R1=0x00000000 R2=0x300004B8 )
(  libmakeurl2.4.9.so[0xCBBCB000])[C1 60       ]0x0001CA68:	STR	R1, [R0, #0XC]	;(R1=0x00000000 R0=0x300004B8 )
(  libmakeurl2.4.9.so[0xCBBCB000])[45 F2 78 61 ]0x0001CA6A:	MOVW	R1, #0X5678
(  libmakeurl2.4.9.so[0xCBBCB000])[C1 F2 34 21 ]0x0001CA6E:	MOVT	R1, #0X1234	;(R1=0x00005678 )
(  libmakeurl2.4.9.so[0xCBBCB000])[42 60       ]0x0001CA72:	STR	R2, [R0, #4]	;(R2=0x300004C0 R0=0x300004B8 )
(  libmakeurl2.4.9.so[0xCBBCB000])[01 61       ]0x0001CA74:	STR	R1, [R0, #0X10]	;(R1=0x12345678 R0=0x300004B8 )
(  libmakeurl2.4.9.so[0xCBBCB000])[70 47       ]0x0001CA76:	BX	LR	;(LR=0xCBBCC99B )
(  libmakeurl2.4.9.so[0xCBBCB000])[4F 48       ]0x0000199A:	LDR	R0, [PC, #0X13C]	;(PC=0xCBBCC99A )
(  libmakeurl2.4.9.so[0xCBBCB000])[78 44       ]0x0000199C:	ADD	R0, PC	;(R0=0x000438D0 PC=0xCBBCC99C )
(  libmakeurl2.4.9.so[0xCBBCB000])[05 60       ]0x0000199E:	STR	R5, [R0]	;(R5=0x300004B8 R0=0xCBC10270 )
(  libmakeurl2.4.9.so[0xCBBCB000])[B0 BD       ]0x000019A0:	POP	{R4, R5, R7, PC}	;(SP=0x100FFFF0 )
(  libmakeurl2.4.9.so[0xCBBCB000])[F0 B5       ]0x0000342C:	PUSH	{R4, R5, R6, R7, LR} ; JNI_OnLoad	;(SP=0x10100000 R4=0x00000000 R5=0x00000000 R6=0x00000000 R7=0x00000000 LR=0x010F3825 )
(  libmakeurl2.4.9.so[0xCBBCB000])[03 AF       ]0x0000342E:	ADD	R7, SP, #0XC	;(SP=0x100FFFEC )
(  libmakeurl2.4.9.so[0xCBBCB000])[2D E9 00 0F ]0x00003430:	PUSH.W	{R8, SB, SL, FP}	;(SP=0x100FFFEC R8=0x00000000 SB=0x00000000 SL=0x00000000 FP=0x00000000 )
(  libmakeurl2.4.9.so[0xCBBCB000])[87 B0       ]0x00003434:	SUB	SP, #0X1C	;(SP=0x100FFFDC )
(  libmakeurl2.4.9.so[0xCBBCB000])[8C 49       ]0x00003436:	LDR	R1, [PC, #0X230]	;(PC=0xCBBCE436 )
(  libmakeurl2.4.9.so[0xCBBCB000])[04 24       ]0x00003438:	MOVS	R4, #4
(  libmakeurl2.4.9.so[0xCBBCB000])[C0 F2 01 04 ]0x0000343A:	MOVT	R4, #1	;(R4=0x00000004 )
(  libmakeurl2.4.9.so[0xCBBCB000])[79 44       ]0x0000343E:	ADD	R1, PC	;(R1=0x00041A9A PC=0xCBBCE43E )
(  libmakeurl2.4.9.so[0xCBBCB000])[09 68       ]0x00003440:	LDR	R1, [R1]	;(R1=0xCBC0FEDC )
(  libmakeurl2.4.9.so[0xCBBCB000])[09 68       ]0x00003442:	LDR	R1, [R1]	;(R1=0xCBC79384 )
(  libmakeurl2.4.9.so[0xCBBCB000])[06 91       ]0x00003444:	STR	R1, [SP, #0X18]	;(R1=0x00000000 SP=0x100FFFC0 )
(  libmakeurl2.4.9.so[0xCBBCB000])[04 A9       ]0x00003446:	ADD	R1, SP, #0X10	;(SP=0x100FFFC0 )
(  libmakeurl2.4.9.so[0xCBBCB000])[01 91       ]0x00003448:	STR	R1, [SP, #4]	;(R1=0x100FFFD0 SP=0x100FFFC0 )
(  libmakeurl2.4.9.so[0xCBBCB000])[01 9A       ]0x0000344A:	LDR	R2, [SP, #4]	;(SP=0x100FFFC0 )
(  libmakeurl2.4.9.so[0xCBBCB000])[00 22       ]0x0000344C:	MOVS	R2, #0
(  libmakeurl2.4.9.so[0xCBBCB000])[04 92       ]0x0000344E:	STR	R2, [SP, #0X10]	;(R2=0x00000000 SP=0x100FFFC0 )
(  libmakeurl2.4.9.so[0xCBBCB000])[02 68       ]0x00003450:	LDR	R2, [R0]	;(R0=0x01000056 )
(  libmakeurl2.4.9.so[0xCBBCB000])[93 69       ]0x00003452:	LDR	R3, [R2, #0X18]	;(R2=0x01000036 )
(  libmakeurl2.4.9.so[0xCBBCB000])[22 46       ]0x00003454:	MOV	R2, R4	;(R4=0x00010004 )
(  libmakeurl2.4.9.so[0xCBBCB000])[98 47       ]0x00003456:	BLX	R3	;(PC=0xCBBCE456 R3=0x01000023 )
(             unknown[0x00000000])[10 B5       ]0x01000022:	PUSH	{R4, LR}	;(SP=0x100FFFC0 R4=0x00010004 LR=0xCBBCE459 )
(             unknown[0x00000000])[4F F6 03 74 ]0x01000024:	MOVW	R4, #0XFF03
(             unknown[0x00000000])[E8 BF       ]0x01000028:	IT	AL
(             unknown[0x00000000])[10 BD       ]0x0100002A:	POP	{R4, PC}	;(SP=0x100FFFB8 )
(  libmakeurl2.4.9.so[0xCBBCB000])[85 49       ]0x00003458:	LDR	R1, [PC, #0X214]	;(PC=0xCBBCE458 )
(  libmakeurl2.4.9.so[0xCBBCB000])[48 F6 E8 46 ]0x0000345A:	MOVW	R6, #0X8CE8
(  libmakeurl2.4.9.so[0xCBBCB000])[41 F2 56 5C ]0x0000345E:	MOVW	IP, #0X1556
(  libmakeurl2.4.9.so[0xCBBCB000])[46 F6 53 63 ]0x00003462:	MOVW	R3, #0X6E53
(  libmakeurl2.4.9.so[0xCBBCB000])[4A F2 D9 79 ]0x00003466:	MOVW	SB, #0XA7D9
(  libmakeurl2.4.9.so[0xCBBCB000])[4E F2 8E 5A ]0x0000346A:	MOVW	SL, #0XE58E
(  libmakeurl2.4.9.so[0xCBBCB000])[4D F6 01 28 ]0x0000346E:	MOVW	R8, #0XDA01
(  libmakeurl2.4.9.so[0xCBBCB000])[46 F6 70 22 ]0x00003472:	MOVW	R2, #0X6A70
(  libmakeurl2.4.9.so[0xCBBCB000])[79 44       ]0x00003476:	ADD	R1, PC	;(R1=0x0003DD8E PC=0xCBBCE476 )
(  libmakeurl2.4.9.so[0xCBBCB000])[02 90       ]0x00003478:	STR	R0, [SP, #8]	;(R0=0x00000000 SP=0x100FFFC0 )
(  libmakeurl2.4.9.so[0xCBBCB000])[C0 F6 4B 36 ]0x0000347A:	MOVT	R6, #0XB4B	;(R6=0x00008CE8 )
(  libmakeurl2.4.9.so[0xCBBCB000])[CD F2 CA 4C ]0x0000347E:	MOVT	IP, #0XD4CA	;(IP=0x00001556 )
(  libmakeurl2.4.9.so[0xCBBCB000])[C3 F6 17 03 ]0x00003482:	MOVT	R3, #0X3817	;(R3=0x00006E53 )
(  libmakeurl2.4.9.so[0xCBBCB000])[C5 F2 5D 39 ]0x00003486:	MOVT	SB, #0X535D	;(SB=0x0000A7D9 )
(  libmakeurl2.4.9.so[0xCBBCB000])[C0 F6 84 3A ]0x0000348A:	MOVT	SL, #0XB84	;(SL=0x0000E58E )
(  libmakeurl2.4.9.so[0xCBBCB000])[C5 F2 51 68 ]0x0000348E:	MOVT	R8, #0X5651	;(R8=0x0000DA01 )
(  libmakeurl2.4.9.so[0xCBBCB000])[C5 F6 58 02 ]0x00003492:	MOVT	R2, #0X5858	;(R2=0x00006A70 )
(  libmakeurl2.4.9.so[0xCBBCB000])[05 E0       ]0x00003496:	B	#0XCBBCE4A4
(  libmakeurl2.4.9.so[0xCBBCB000])[83 46       ]0x000034A4:	MOV	FP, R0	;(R0=0x00000000 )
(  libmakeurl2.4.9.so[0xCBBCB000])[46 F6 52 60 ]0x000034A6:	MOVW	R0, #0X6E52
(  libmakeurl2.4.9.so[0xCBBCB000])[35 46       ]0x000034AA:	MOV	R5, R6	;(R6=0x0B4B8CE8 )
(  libmakeurl2.4.9.so[0xCBBCB000])[C3 F6 17 00 ]0x000034AC:	MOVT	R0, #0X3817	;(R0=0x00006E52 )
(  libmakeurl2.4.9.so[0xCBBCB000])[85 42       ]0x000034B0:	CMP	R5, R0	;(R5=0x0B4B8CE8 R0=0x38176E52 )
(  libmakeurl2.4.9.so[0xCBBCB000])[12 DC       ]0x000034B2:	BGT	#0XCBBCE4DA
(  libmakeurl2.4.9.so[0xCBBCB000])[45 F2 13 30 ]0x000034B4:	MOVW	R0, #0X5313
(  libmakeurl2.4.9.so[0xCBBCB000])[CE F2 A2 00 ]0x000034B8:	MOVT	R0, #0XE0A2	;(R0=0x00005313 )
(  libmakeurl2.4.9.so[0xCBBCB000])[85 42       ]0x000034BC:	CMP	R5, R0	;(R5=0x0B4B8CE8 R0=0xE0A25313 )
(  libmakeurl2.4.9.so[0xCBBCB000])[19 DC       ]0x000034BE:	BGT	#0XCBBCE4F4
(  libmakeurl2.4.9.so[0xCBBCB000])[45 F2 14 30 ]0x000034F4:	MOVW	R0, #0X5314
(  libmakeurl2.4.9.so[0xCBBCB000])[CE F2 A2 00 ]0x000034F8:	MOVT	R0, #0XE0A2	;(R0=0x00005314 )
(  libmakeurl2.4.9.so[0xCBBCB000])[85 42       ]0x000034FC:	CMP	R5, R0	;(R5=0x0B4B8CE8 R0=0xE0A25314 )
(  libmakeurl2.4.9.so[0xCBBCB000])[CB D0       ]0x000034FE:	BEQ	#0XCBBCE498
(  libmakeurl2.4.9.so[0xCBBCB000])[48 F6 E8 40 ]0x00003500:	MOVW	R0, #0X8CE8
(  libmakeurl2.4.9.so[0xCBBCB000])[2E 46       ]0x00003504:	MOV	R6, R5	;(R5=0x0B4B8CE8 )
(  libmakeurl2.4.9.so[0xCBBCB000])[C0 F6 4B 30 ]0x00003506:	MOVT	R0, #0XB4B	;(R0=0x00008CE8 )
(  libmakeurl2.4.9.so[0xCBBCB000])[85 42       ]0x0000350A:	CMP	R5, R0	;(R5=0x0B4B8CE8 R0=0x0B4B8CE8 )
(  libmakeurl2.4.9.so[0xCBBCB000])[58 46       ]0x0000350C:	MOV	R0, FP	;(FP=0x00000000 )
(  libmakeurl2.4.9.so[0xCBBCB000])[C9 D1       ]0x0000350E:	BNE	#0XCBBCE4A4
(  libmakeurl2.4.9.so[0xCBBCB000])[02 98       ]0x00003510:	LDR	R0, [SP, #8]	;(SP=0x100FFFC0 )
(  libmakeurl2.4.9.so[0xCBBCB000])[4C F2 EE 36 ]0x00003512:	MOVW	R6, #0XC3EE
(  libmakeurl2.4.9.so[0xCBBCB000])[C7 F6 AB 26 ]0x00003516:	MOVT	R6, #0X7AAB	;(R6=0x0000C3EE )
(  libmakeurl2.4.9.so[0xCBBCB000])[00 28       ]0x0000351A:	CMP	R0, #0	;(R0=0x00000000 )
(  libmakeurl2.4.9.so[0xCBBCB000])[58 46       ]0x0000351C:	MOV	R0, FP	;(FP=0x00000000 )
(  libmakeurl2.4.9.so[0xCBBCB000])[1C BF       ]0x0000351E:	ITT	NE
(  libmakeurl2.4.9.so[0xCBBCB000])[BC E7       ]0x00003528:	B	#0XCBBCE4A4
(  libmakeurl2.4.9.so[0xCBBCB000])[83 46       ]0x000034A4:	MOV	FP, R0	;(R0=0x00000000 )
(  libmakeurl2.4.9.so[0xCBBCB000])[46 F6 52 60 ]0x000034A6:	MOVW	R0, #0X6E52
(  libmakeurl2.4.9.so[0xCBBCB000])[35 46       ]0x000034AA:	MOV	R5, R6	;(R6=0x7AABC3EE )
(  libmakeurl2.4.9.so[0xCBBCB000])[C3 F6 17 00 ]0x000034AC:	MOVT	R0, #0X3817	;(R0=0x00006E52 )
(  libmakeurl2.4.9.so[0xCBBCB000])[85 42       ]0x000034B0:	CMP	R5, R0	;(R5=0x7AABC3EE R0=0x38176E52 )
(  libmakeurl2.4.9.so[0xCBBCB000])[12 DC       ]0x000034B2:	BGT	#0XCBBCE4DA
(  libmakeurl2.4.9.so[0xCBBCB000])[47 F2 26 10 ]0x000034DA:	MOVW	R0, #0X7126
(  libmakeurl2.4.9.so[0xCBBCB000])[C5 F6 84 30 ]0x000034DE:	MOVT	R0, #0X5B84	;(R0=0x00007126 )
(  libmakeurl2.4.9.so[0xCBBCB000])[85 42       ]0x000034E2:	CMP	R5, R0	;(R5=0x7AABC3EE R0=0x5B847126 )
(  libmakeurl2.4.9.so[0xCBBCB000])[21 DC       ]0x000034E4:	BGT	#0XCBBCE52A
(  libmakeurl2.4.9.so[0xCBBCB000])[4C F2 EE 30 ]0x0000352A:	MOVW	R0, #0XC3EE
(  libmakeurl2.4.9.so[0xCBBCB000])[C7 F6 AB 20 ]0x0000352E:	MOVT	R0, #0X7AAB	;(R0=0x0000C3EE )
(  libmakeurl2.4.9.so[0xCBBCB000])[85 42       ]0x00003532:	CMP	R5, R0	;(R5=0x7AABC3EE R0=0x7AABC3EE )
(  libmakeurl2.4.9.so[0xCBBCB000])[13 D0       ]0x00003534:	BEQ	#0XCBBCE55E
(  libmakeurl2.4.9.so[0xCBBCB000])[04 98       ]0x0000355E:	LDR	R0, [SP, #0X10]	;(SP=0x100FFFC0 )
(  libmakeurl2.4.9.so[0xCBBCB000])[1E 46       ]0x00003560:	MOV	R6, R3	;(R3=0x38176E53 )
(  libmakeurl2.4.9.so[0xCBBCB000])[03 90       ]0x00003562:	STR	R0, [SP, #0XC]	;(R0=0x01000CF0 SP=0x100FFFC0 )
(  libmakeurl2.4.9.so[0xCBBCB000])[03 98       ]0x00003564:	LDR	R0, [SP, #0XC]	;(SP=0x100FFFC0 )
(  libmakeurl2.4.9.so[0xCBBCB000])[00 28       ]0x00003566:	CMP	R0, #0	;(R0=0x01000CF0 )
(  libmakeurl2.4.9.so[0xCBBCB000])[58 46       ]0x00003568:	MOV	R0, FP	;(FP=0x00000000 )
(  libmakeurl2.4.9.so[0xCBBCB000])[04 BF       ]0x0000356A:	ITT	EQ
(  libmakeurl2.4.9.so[0xCBBCB000])[96 E7       ]0x00003574:	B	#0XCBBCE4A4
(  libmakeurl2.4.9.so[0xCBBCB000])[83 46       ]0x000034A4:	MOV	FP, R0	;(R0=0x00000000 )
(  libmakeurl2.4.9.so[0xCBBCB000])[46 F6 52 60 ]0x000034A6:	MOVW	R0, #0X6E52
(  libmakeurl2.4.9.so[0xCBBCB000])[35 46       ]0x000034AA:	MOV	R5, R6	;(R6=0x38176E53 )
(  libmakeurl2.4.9.so[0xCBBCB000])[C3 F6 17 00 ]0x000034AC:	MOVT	R0, #0X3817	;(R0=0x00006E52 )
(  libmakeurl2.4.9.so[0xCBBCB000])[85 42       ]0x000034B0:	CMP	R5, R0	;(R5=0x38176E53 R0=0x38176E52 )
(  libmakeurl2.4.9.so[0xCBBCB000])[12 DC       ]0x000034B2:	BGT	#0XCBBCE4DA
(  libmakeurl2.4.9.so[0xCBBCB000])[47 F2 26 10 ]0x000034DA:	MOVW	R0, #0X7126
(  libmakeurl2.4.9.so[0xCBBCB000])[C5 F6 84 30 ]0x000034DE:	MOVT	R0, #0X5B84	;(R0=0x00007126 )
(  libmakeurl2.4.9.so[0xCBBCB000])[85 42       ]0x000034E2:	CMP	R5, R0	;(R5=0x38176E53 R0=0x5B847126 )
(  libmakeurl2.4.9.so[0xCBBCB000])[21 DC       ]0x000034E4:	BGT	#0XCBBCE52A
(  libmakeurl2.4.9.so[0xCBBCB000])[9D 42       ]0x000034E6:	CMP	R5, R3	;(R5=0x38176E53 R3=0x38176E53 )
(  libmakeurl2.4.9.so[0xCBBCB000])[2E D0       ]0x000034E8:	BEQ	#0XCBBCE548
(  libmakeurl2.4.9.so[0xCBBCB000])[03 9C       ]0x00003548:	LDR	R4, [SP, #0XC]	;(SP=0x100FFFC0 )
(  libmakeurl2.4.9.so[0xCBBCB000])[20 68       ]0x0000354A:	LDR	R0, [R4]	;(R4=0x01000CF0 )
(  libmakeurl2.4.9.so[0xCBBCB000])[82 69       ]0x0000354C:	LDR	R2, [R0, #0X18]	;(R0=0x0100094C )
(  libmakeurl2.4.9.so[0xCBBCB000])[20 46       ]0x0000354E:	MOV	R0, R4	;(R4=0x01000CF0 )
(  libmakeurl2.4.9.so[0xCBBCB000])[90 47       ]0x00003550:	BLX	R2	;(PC=0xCBBCE550 R2=0x0100006F )
(             unknown[0x00000000])[10 B5       ]0x0100006E:	PUSH	{R4, LR}	;(SP=0x100FFFC0 R4=0x01000CF0 LR=0xCBBCE553 )
(             unknown[0x00000000])[4F F6 07 74 ]0x01000070:	MOVW	R4, #0XFF07
(             unknown[0x00000000])[E8 BF       ]0x01000074:	IT	AL
(             unknown[0x00000000])[10 BD       ]0x01000076:	POP	{R4, PC}	;(SP=0x100FFFB8 )
(  libmakeurl2.4.9.so[0xCBBCB000])[05 90       ]0x00003552:	STR	R0, [SP, #0X14]	;(R0=0x00000001 SP=0x100FFFC0 )
(  libmakeurl2.4.9.so[0xCBBCB000])[4D F6 01 20 ]0x00003554:	MOVW	R0, #0XDA01
(  libmakeurl2.4.9.so[0xCBBCB000])[C5 F2 51 60 ]0x00003558:	MOVT	R0, #0X5651	;(R0=0x0000DA01 )
(  libmakeurl2.4.9.so[0xCBBCB000])[0F E0       ]0x0000355C:	B	#0XCBBCE57E
(  libmakeurl2.4.9.so[0xCBBCB000])[48 F6 0E 66 ]0x0000357E:	MOVW	R6, #0X8E0E
(  libmakeurl2.4.9.so[0xCBBCB000])[CB F6 F1 46 ]0x00003582:	MOVT	R6, #0XBCF1	;(R6=0x00008E0E )
(  libmakeurl2.4.9.so[0xCBBCB000])[48 45       ]0x00003586:	CMP	R0, SB	;(R0=0x5651DA01 SB=0x535DA7D9 )
(  libmakeurl2.4.9.so[0xCBBCB000])[29 DC       ]0x00003588:	BGT	#0XCBBCE5DE
(  libmakeurl2.4.9.so[0xCBBCB000])[40 45       ]0x000035DE:	CMP	R0, R8	;(R0=0x5651DA01 R8=0x5651DA01 )
(  libmakeurl2.4.9.so[0xCBBCB000])[0A D1       ]0x000035E0:	BNE	#0XCBBCE5F8
(  libmakeurl2.4.9.so[0xCBBCB000])[05 98       ]0x000035E2:	LDR	R0, [SP, #0X14]	;(SP=0x100FFFC0 )
(  libmakeurl2.4.9.so[0xCBBCB000])[00 28       ]0x000035E4:	CMP	R0, #0	;(R0=0x00000001 )
(  libmakeurl2.4.9.so[0xCBBCB000])[50 46       ]0x000035E6:	MOV	R0, SL	;(SL=0x0B84E58E )
(  libmakeurl2.4.9.so[0xCBBCB000])[04 BF       ]0x000035E8:	ITT	EQ
(  libmakeurl2.4.9.so[0xCBBCB000])[48 45       ]0x000035F2:	CMP	R0, SB	;(R0=0x0B84E58E SB=0x535DA7D9 )
(  libmakeurl2.4.9.so[0xCBBCB000])[F3 DC       ]0x000035F4:	BGT	#0XCBBCE5DE
(  libmakeurl2.4.9.so[0xCBBCB000])[E9 E7       ]0x000035F6:	B	#0XCBBCE5CC
(  libmakeurl2.4.9.so[0xCBBCB000])[50 45       ]0x000035CC:	CMP	R0, SL	;(R0=0x0B84E58E SL=0x0B84E58E )
(  libmakeurl2.4.9.so[0xCBBCB000])[DD D0       ]0x000035CE:	BEQ	#0XCBBCE58C
(  libmakeurl2.4.9.so[0xCBBCB000])[20 68       ]0x0000358C:	LDR	R0, [R4]	;(R4=0x01000CF0 )
(  libmakeurl2.4.9.so[0xCBBCB000])[07 23       ]0x0000358E:	MOVS	R3, #7
(  libmakeurl2.4.9.so[0xCBBCB000])[39 4A       ]0x00003590:	LDR	R2, [PC, #0XE4]	;(PC=0xCBBCE590 )
(  libmakeurl2.4.9.so[0xCBBCB000])[D0 F8 5C 53 ]0x00003592:	LDR.W	R5, [R0, #0X35C]	;(R0=0x0100094C )
(  libmakeurl2.4.9.so[0xCBBCB000])[7A 44       ]0x00003596:	ADD	R2, PC	;(R2=0x00041A6A PC=0xCBBCE596 )
(  libmakeurl2.4.9.so[0xCBBCB000])[05 99       ]0x00003598:	LDR	R1, [SP, #0X14]	;(SP=0x100FFFC0 )
(  libmakeurl2.4.9.so[0xCBBCB000])[20 46       ]0x0000359A:	MOV	R0, R4	;(R4=0x01000CF0 )
(  libmakeurl2.4.9.so[0xCBBCB000])[A8 47       ]0x0000359C:	BLX	R5	;(PC=0xCBBCE59C R5=0x01000899 )
(             unknown[0x00000000])[10 B5       ]0x01000898:	PUSH	{R4, LR}	;(SP=0x100FFFC0 R4=0x01000CF0 LR=0xCBBCE59F )
(             unknown[0x00000000])[4F F6 D8 74 ]0x0100089A:	MOVW	R4, #0XFFD8
(             unknown[0x00000000])[E8 BF       ]0x0100089E:	IT	AL
(             unknown[0x00000000])[10 BD       ]0x010008A0:	POP	{R4, PC}	;(SP=0x100FFFB8 )
(  libmakeurl2.4.9.so[0xCBBCB000])[00 28       ]0x0000359E:	CMP	R0, #0	;(R0=0x00000000 )
(  libmakeurl2.4.9.so[0xCBBCB000])[4B F2 31 30 ]0x000035A0:	MOVW	R0, #0XB331
(  libmakeurl2.4.9.so[0xCBBCB000])[CD F2 16 70 ]0x000035A4:	MOVT	R0, #0XD716	;(R0=0x0000B331 )
(  libmakeurl2.4.9.so[0xCBBCB000])[1C BF       ]0x000035A8:	ITT	NE
(  libmakeurl2.4.9.so[0xCBBCB000])[48 45       ]0x000035B2:	CMP	R0, SB	;(R0=0xD716B331 SB=0x535DA7D9 )
(  libmakeurl2.4.9.so[0xCBBCB000])[13 DC       ]0x000035B4:	BGT	#0XCBBCE5DE
(  libmakeurl2.4.9.so[0xCBBCB000])[09 E0       ]0x000035B6:	B	#0XCBBCE5CC
(  libmakeurl2.4.9.so[0xCBBCB000])[50 45       ]0x000035CC:	CMP	R0, SL	;(R0=0xD716B331 SL=0x0B84E58E )
(  libmakeurl2.4.9.so[0xCBBCB000])[DD D0       ]0x000035CE:	BEQ	#0XCBBCE58C
(  libmakeurl2.4.9.so[0xCBBCB000])[40 F6 CE 11 ]0x000035D0:	MOVW	R1, #0X9CE
(  libmakeurl2.4.9.so[0xCBBCB000])[CC F2 32 51 ]0x000035D4:	MOVT	R1, #0XC532	;(R1=0x000009CE )
(  libmakeurl2.4.9.so[0xCBBCB000])[88 42       ]0x000035D8:	CMP	R0, R1	;(R0=0xD716B331 R1=0xC53209CE )
(  libmakeurl2.4.9.so[0xCBBCB000])[14 D1       ]0x000035DA:	BNE	#0XCBBCE606
(  libmakeurl2.4.9.so[0xCBBCB000])[4B F2 31 31 ]0x00003606:	MOVW	R1, #0XB331
(  libmakeurl2.4.9.so[0xCBBCB000])[CD F2 16 71 ]0x0000360A:	MOVT	R1, #0XD716	;(R1=0x0000B331 )
(  libmakeurl2.4.9.so[0xCBBCB000])[88 42       ]0x0000360E:	CMP	R0, R1	;(R0=0xD716B331 R1=0xD716B331 )
(  libmakeurl2.4.9.so[0xCBBCB000])[B1 D0       ]0x00003610:	BEQ	#0XCBBCE576
(  libmakeurl2.4.9.so[0xCBBCB000])[4D F2 E5 70 ]0x00003576:	MOVW	R0, #0XD7E5
(  libmakeurl2.4.9.so[0xCBBCB000])[C5 F2 CB 40 ]0x0000357A:	MOVT	R0, #0X54CB	;(R0=0x0000D7E5 )
(  libmakeurl2.4.9.so[0xCBBCB000])[48 F6 0E 66 ]0x0000357E:	MOVW	R6, #0X8E0E
(  libmakeurl2.4.9.so[0xCBBCB000])[CB F6 F1 46 ]0x00003582:	MOVT	R6, #0XBCF1	;(R6=0x00008E0E )
(  libmakeurl2.4.9.so[0xCBBCB000])[48 45       ]0x00003586:	CMP	R0, SB	;(R0=0x54CBD7E5 SB=0x535DA7D9 )
(  libmakeurl2.4.9.so[0xCBBCB000])[29 DC       ]0x00003588:	BGT	#0XCBBCE5DE
(  libmakeurl2.4.9.so[0xCBBCB000])[40 45       ]0x000035DE:	CMP	R0, R8	;(R0=0x54CBD7E5 R8=0x5651DA01 )
(  libmakeurl2.4.9.so[0xCBBCB000])[0A D1       ]0x000035E0:	BNE	#0XCBBCE5F8
(  libmakeurl2.4.9.so[0xCBBCB000])[4A F2 DA 71 ]0x000035F8:	MOVW	R1, #0XA7DA
(  libmakeurl2.4.9.so[0xCBBCB000])[C5 F2 5D 31 ]0x000035FC:	MOVT	R1, #0X535D	;(R1=0x0000A7DA )
(  libmakeurl2.4.9.so[0xCBBCB000])[88 42       ]0x00003600:	CMP	R0, R1	;(R0=0x54CBD7E5 R1=0x535DA7DA )
(  libmakeurl2.4.9.so[0xCBBCB000])[07 D1       ]0x00003602:	BNE	#0XCBBCE614
(  libmakeurl2.4.9.so[0xCBBCB000])[4D F2 E5 71 ]0x00003614:	MOVW	R1, #0XD7E5
(  libmakeurl2.4.9.so[0xCBBCB000])[C5 F2 CB 41 ]0x00003618:	MOVT	R1, #0X54CB	;(R1=0x0000D7E5 )
(  libmakeurl2.4.9.so[0xCBBCB000])[88 42       ]0x0000361C:	CMP	R0, R1	;(R0=0x54CBD7E5 R1=0x54CBD7E5 )
(  libmakeurl2.4.9.so[0xCBBCB000])[13 D1       ]0x0000361E:	BNE	#0XCBBCE648
(  libmakeurl2.4.9.so[0xCBBCB000])[41 F2 56 52 ]0x00003620:	MOVW	R2, #0X1556
(  libmakeurl2.4.9.so[0xCBBCB000])[13 49       ]0x00003624:	LDR	R1, [PC, #0X4C]	;(PC=0xCBBCE624 )
(  libmakeurl2.4.9.so[0xCBBCB000])[CD F2 CA 42 ]0x00003626:	MOVT	R2, #0XD4CA	;(R2=0x00001556 )
(  libmakeurl2.4.9.so[0xCBBCB000])[04 24       ]0x0000362A:	MOVS	R4, #4
(  libmakeurl2.4.9.so[0xCBBCB000])[46 F6 53 63 ]0x0000362C:	MOVW	R3, #0X6E53
(  libmakeurl2.4.9.so[0xCBBCB000])[94 46       ]0x00003630:	MOV	IP, R2	;(R2=0xD4CA1556 )
(  libmakeurl2.4.9.so[0xCBBCB000])[46 F6 70 22 ]0x00003632:	MOVW	R2, #0X6A70
(  libmakeurl2.4.9.so[0xCBBCB000])[58 46       ]0x00003636:	MOV	R0, FP	;(FP=0x00000000 )
(  libmakeurl2.4.9.so[0xCBBCB000])[C0 F2 01 04 ]0x00003638:	MOVT	R4, #1	;(R4=0x00000004 )
(  libmakeurl2.4.9.so[0xCBBCB000])[C3 F6 17 03 ]0x0000363C:	MOVT	R3, #0X3817	;(R3=0x00006E53 )
(  libmakeurl2.4.9.so[0xCBBCB000])[79 44       ]0x00003640:	ADD	R1, PC	;(R1=0x0003DBC4 PC=0xCBBCE640 )
(  libmakeurl2.4.9.so[0xCBBCB000])[C5 F6 58 02 ]0x00003642:	MOVT	R2, #0X5858	;(R2=0x00006A70 )
(  libmakeurl2.4.9.so[0xCBBCB000])[2D E7       ]0x00003646:	B	#0XCBBCE4A4
(  libmakeurl2.4.9.so[0xCBBCB000])[83 46       ]0x000034A4:	MOV	FP, R0	;(R0=0x00000000 )
(  libmakeurl2.4.9.so[0xCBBCB000])[46 F6 52 60 ]0x000034A6:	MOVW	R0, #0X6E52
(  libmakeurl2.4.9.so[0xCBBCB000])[35 46       ]0x000034AA:	MOV	R5, R6	;(R6=0xBCF18E0E )
(  libmakeurl2.4.9.so[0xCBBCB000])[C3 F6 17 00 ]0x000034AC:	MOVT	R0, #0X3817	;(R0=0x00006E52 )
(  libmakeurl2.4.9.so[0xCBBCB000])[85 42       ]0x000034B0:	CMP	R5, R0	;(R5=0xBCF18E0E R0=0x38176E52 )
(  libmakeurl2.4.9.so[0xCBBCB000])[12 DC       ]0x000034B2:	BGT	#0XCBBCE4DA
(  libmakeurl2.4.9.so[0xCBBCB000])[45 F2 13 30 ]0x000034B4:	MOVW	R0, #0X5313
(  libmakeurl2.4.9.so[0xCBBCB000])[CE F2 A2 00 ]0x000034B8:	MOVT	R0, #0XE0A2	;(R0=0x00005313 )
(  libmakeurl2.4.9.so[0xCBBCB000])[85 42       ]0x000034BC:	CMP	R5, R0	;(R5=0xBCF18E0E R0=0xE0A25313 )
(  libmakeurl2.4.9.so[0xCBBCB000])[19 DC       ]0x000034BE:	BGT	#0XCBBCE4F4
(  libmakeurl2.4.9.so[0xCBBCB000])[48 F6 0E 60 ]0x000034C0:	MOVW	R0, #0X8E0E
(  libmakeurl2.4.9.so[0xCBBCB000])[47 F2 27 16 ]0x000034C4:	MOVW	R6, #0X7127
(  libmakeurl2.4.9.so[0xCBBCB000])[CB F6 F1 40 ]0x000034C8:	MOVT	R0, #0XBCF1	;(R0=0x00008E0E )
(  libmakeurl2.4.9.so[0xCBBCB000])[85 42       ]0x000034CC:	CMP	R5, R0	;(R5=0xBCF18E0E R0=0xBCF18E0E )
(  libmakeurl2.4.9.so[0xCBBCB000])[20 46       ]0x000034CE:	MOV	R0, R4	;(R4=0x00010004 )
(  libmakeurl2.4.9.so[0xCBBCB000])[C5 F6 84 36 ]0x000034D0:	MOVT	R6, #0X5B84	;(R6=0x00007127 )
(  libmakeurl2.4.9.so[0xCBBCB000])[E6 D0       ]0x000034D4:	BEQ	#0XCBBCE4A4
(  libmakeurl2.4.9.so[0xCBBCB000])[83 46       ]0x000034A4:	MOV	FP, R0	;(R0=0x00010004 )
(  libmakeurl2.4.9.so[0xCBBCB000])[46 F6 52 60 ]0x000034A6:	MOVW	R0, #0X6E52
(  libmakeurl2.4.9.so[0xCBBCB000])[35 46       ]0x000034AA:	MOV	R5, R6	;(R6=0x5B847127 )
(  libmakeurl2.4.9.so[0xCBBCB000])[C3 F6 17 00 ]0x000034AC:	MOVT	R0, #0X3817	;(R0=0x00006E52 )
(  libmakeurl2.4.9.so[0xCBBCB000])[85 42       ]0x000034B0:	CMP	R5, R0	;(R5=0x5B847127 R0=0x38176E52 )
(  libmakeurl2.4.9.so[0xCBBCB000])[12 DC       ]0x000034B2:	BGT	#0XCBBCE4DA
(  libmakeurl2.4.9.so[0xCBBCB000])[47 F2 26 10 ]0x000034DA:	MOVW	R0, #0X7126
(  libmakeurl2.4.9.so[0xCBBCB000])[C5 F6 84 30 ]0x000034DE:	MOVT	R0, #0X5B84	;(R0=0x00007126 )
(  libmakeurl2.4.9.so[0xCBBCB000])[85 42       ]0x000034E2:	CMP	R5, R0	;(R5=0x5B847127 R0=0x5B847126 )
(  libmakeurl2.4.9.so[0xCBBCB000])[21 DC       ]0x000034E4:	BGT	#0XCBBCE52A
(  libmakeurl2.4.9.so[0xCBBCB000])[4C F2 EE 30 ]0x0000352A:	MOVW	R0, #0XC3EE
(  libmakeurl2.4.9.so[0xCBBCB000])[C7 F6 AB 20 ]0x0000352E:	MOVT	R0, #0X7AAB	;(R0=0x0000C3EE )
(  libmakeurl2.4.9.so[0xCBBCB000])[85 42       ]0x00003532:	CMP	R5, R0	;(R5=0x5B847127 R0=0x7AABC3EE )
(  libmakeurl2.4.9.so[0xCBBCB000])[13 D0       ]0x00003534:	BEQ	#0XCBBCE55E
(  libmakeurl2.4.9.so[0xCBBCB000])[47 F2 27 10 ]0x00003536:	MOVW	R0, #0X7127
(  libmakeurl2.4.9.so[0xCBBCB000])[2E 46       ]0x0000353A:	MOV	R6, R5	;(R5=0x5B847127 )
(  libmakeurl2.4.9.so[0xCBBCB000])[C5 F6 84 30 ]0x0000353C:	MOVT	R0, #0X5B84	;(R0=0x00007127 )
(  libmakeurl2.4.9.so[0xCBBCB000])[85 42       ]0x00003540:	CMP	R5, R0	;(R5=0x5B847127 R0=0x5B847127 )
(  libmakeurl2.4.9.so[0xCBBCB000])[58 46       ]0x00003542:	MOV	R0, FP	;(FP=0x00010004 )
(  libmakeurl2.4.9.so[0xCBBCB000])[AE D1       ]0x00003544:	BNE	#0XCBBCE4A4
(  libmakeurl2.4.9.so[0xCBBCB000])[80 E0       ]0x00003546:	B	#0XCBBCE64A
(  libmakeurl2.4.9.so[0xCBBCB000])[01 98       ]0x0000364A:	LDR	R0, [SP, #4]	;(SP=0x100FFFC0 )
(  libmakeurl2.4.9.so[0xCBBCB000])[07 48       ]0x0000364C:	LDR	R0, [PC, #0X1C]	;(PC=0xCBBCE64C )
(  libmakeurl2.4.9.so[0xCBBCB000])[06 99       ]0x0000364E:	LDR	R1, [SP, #0X18]	;(SP=0x100FFFC0 )
(  libmakeurl2.4.9.so[0xCBBCB000])[78 44       ]0x00003650:	ADD	R0, PC	;(R0=0x00041888 PC=0xCBBCE650 )
(  libmakeurl2.4.9.so[0xCBBCB000])[00 68       ]0x00003652:	LDR	R0, [R0]	;(R0=0xCBC0FEDC )
(  libmakeurl2.4.9.so[0xCBBCB000])[00 68       ]0x00003654:	LDR	R0, [R0]	;(R0=0xCBC79384 )
(  libmakeurl2.4.9.so[0xCBBCB000])[40 1A       ]0x00003656:	SUBS	R0, R0, R1	;(R0=0x00000000 R1=0x00000000 )
(  libmakeurl2.4.9.so[0xCBBCB000])[01 BF       ]0x00003658:	ITTTT	EQ
(  libmakeurl2.4.9.so[0xCBBCB000])[58 46       ]0x0000365A:	MOV	R0, FP	;(FP=0x00010004 )
(  libmakeurl2.4.9.so[0xCBBCB000])[07 B0       ]0x0000365C:	ADD	SP, #0X1C	;(SP=0x100FFFC0 )
(  libmakeurl2.4.9.so[0xCBBCB000])[BD E8 00 0F ]0x0000365E:	POP.W	{R8, SB, SL, FP}	;(SP=0x100FFFDC )
(  libmakeurl2.4.9.so[0xCBBCB000])[F0 BD       ]0x00003662:	POP	{R4, R5, R6, R7, PC}	;(SP=0x100FFFEC )
